TMS320C2000 Assembler PC v6.2.7 Thu Jul 02 08:31:26 2015

Tools Copyright (c) 1996-2014 Texas Instruments Incorporated
C:\Users\Tester\AppData\Local\Temp\0026810                           PAGE    1

       1              ;***************************************************************
       2              ;* TMS320C2000 C/C++ Codegen                         PC v6.2.7 *
       3              ;* Date/Time created: Thu Jul 02 08:31:26 2015                 *
       4              ;***************************************************************
       5                      .compiler_opts --diag_wrap=off --float_support=fpu32 --hll_source=on --mem_model:code=flat --mem_mode
       6        0002  FP      .set    XAR2
       7              
       8              $C$DW$CU        .dwtag  DW_TAG_compile_unit
       9                      .dwattr $C$DW$CU, DW_AT_name("../ConvertorCntrl/AccelDecelTime.c")
      10                      .dwattr $C$DW$CU, DW_AT_producer("TMS320C2000 C/C++ Codegen PC v6.2.7 Copyright (c) 1996-2014 Texas I
      11                      .dwattr $C$DW$CU, DW_AT_TI_version(0x01)
      12                      .dwattr $C$DW$CU, DW_AT_comp_dir("D:\ActiveProject\EKT5\PKMT_NONBIOS\InvertorCntrl\ISPprg")
      13                      .global _timeAdded
      14 00000000       _timeAdded:     .usect  ".ebss",1,1,0
      15              $C$DW$1 .dwtag  DW_TAG_variable, DW_AT_name("timeAdded")
      16                      .dwattr $C$DW$1, DW_AT_TI_symbol_name("_timeAdded")
      17                      .dwattr $C$DW$1, DW_AT_location[DW_OP_addr _timeAdded]
      18                      .dwattr $C$DW$1, DW_AT_type(*$C$DW$T$10)
      19                      .dwattr $C$DW$1, DW_AT_external
      20                      .global _DecelTime
      21 00000001       _DecelTime:     .usect  ".ebss",1,1,0
      22              $C$DW$2 .dwtag  DW_TAG_variable, DW_AT_name("DecelTime")
      23                      .dwattr $C$DW$2, DW_AT_TI_symbol_name("_DecelTime")
      24                      .dwattr $C$DW$2, DW_AT_location[DW_OP_addr _DecelTime]
      25                      .dwattr $C$DW$2, DW_AT_type(*$C$DW$T$10)
      26                      .dwattr $C$DW$2, DW_AT_external
      27                      .global _kTimeDecel
      28 00000002       _kTimeDecel:    .usect  ".ebss",1,1,0
      29              $C$DW$3 .dwtag  DW_TAG_variable, DW_AT_name("kTimeDecel")
      30                      .dwattr $C$DW$3, DW_AT_TI_symbol_name("_kTimeDecel")
      31                      .dwattr $C$DW$3, DW_AT_location[DW_OP_addr _kTimeDecel]
      32                      .dwattr $C$DW$3, DW_AT_type(*$C$DW$T$10)
      33                      .dwattr $C$DW$3, DW_AT_external
      34                      .global _kTimeDecelMax
      35 00000003       _kTimeDecelMax: .usect  ".ebss",1,1,0
      36              $C$DW$4 .dwtag  DW_TAG_variable, DW_AT_name("kTimeDecelMax")
      37                      .dwattr $C$DW$4, DW_AT_TI_symbol_name("_kTimeDecelMax")
      38                      .dwattr $C$DW$4, DW_AT_location[DW_OP_addr _kTimeDecelMax]
      39                      .dwattr $C$DW$4, DW_AT_type(*$C$DW$T$10)
      40                      .dwattr $C$DW$4, DW_AT_external
      41                      .global _AccelTime
      42 00000004       _AccelTime:     .usect  ".ebss",1,1,0
      43              $C$DW$5 .dwtag  DW_TAG_variable, DW_AT_name("AccelTime")
      44                      .dwattr $C$DW$5, DW_AT_TI_symbol_name("_AccelTime")
      45                      .dwattr $C$DW$5, DW_AT_location[DW_OP_addr _AccelTime]
      46                      .dwattr $C$DW$5, DW_AT_type(*$C$DW$T$10)
      47                      .dwattr $C$DW$5, DW_AT_external
      48              
      49              $C$DW$6 .dwtag  DW_TAG_subprogram, DW_AT_name("testOvercurrent")
      50                      .dwattr $C$DW$6, DW_AT_TI_symbol_name("_testOvercurrent")
      51                      .dwattr $C$DW$6, DW_AT_type(*$C$DW$T$24)
      52                      .dwattr $C$DW$6, DW_AT_declaration
      53                      .dwattr $C$DW$6, DW_AT_external
      54              
      55              $C$DW$7 .dwtag  DW_TAG_subprogram, DW_AT_name("getRegister")
TMS320C2000 Assembler PC v6.2.7 Thu Jul 02 08:31:26 2015

Tools Copyright (c) 1996-2014 Texas Instruments Incorporated
C:\Users\Tester\AppData\Local\Temp\0026810                           PAGE    2

      56                      .dwattr $C$DW$7, DW_AT_TI_symbol_name("_getRegister")
      57                      .dwattr $C$DW$7, DW_AT_type(*$C$DW$T$10)
      58                      .dwattr $C$DW$7, DW_AT_declaration
      59                      .dwattr $C$DW$7, DW_AT_external
      60              $C$DW$8 .dwtag  DW_TAG_formal_parameter
      61                      .dwattr $C$DW$8, DW_AT_type(*$C$DW$T$5)
      62                      .dwendtag $C$DW$7
      63              
      64              
      65              $C$DW$9 .dwtag  DW_TAG_subprogram, DW_AT_name("testOvervoltag")
      66                      .dwattr $C$DW$9, DW_AT_TI_symbol_name("_testOvervoltag")
      67                      .dwattr $C$DW$9, DW_AT_type(*$C$DW$T$24)
      68                      .dwattr $C$DW$9, DW_AT_declaration
      69                      .dwattr $C$DW$9, DW_AT_external
      70                      .global _stepDecel
      71 00000006       _stepDecel:     .usect  ".ebss",2,1,1
      72              $C$DW$10        .dwtag  DW_TAG_variable, DW_AT_name("stepDecel")
      73                      .dwattr $C$DW$10, DW_AT_TI_symbol_name("_stepDecel")
      74                      .dwattr $C$DW$10, DW_AT_location[DW_OP_addr _stepDecel]
      75                      .dwattr $C$DW$10, DW_AT_type(*$C$DW$T$16)
      76                      .dwattr $C$DW$10, DW_AT_external
      77                      .global _limitCurrentTm
      78 00000008       _limitCurrentTm:        .usect  ".ebss",2,1,1
      79              $C$DW$11        .dwtag  DW_TAG_variable, DW_AT_name("limitCurrentTm")
      80                      .dwattr $C$DW$11, DW_AT_TI_symbol_name("_limitCurrentTm")
      81                      .dwattr $C$DW$11, DW_AT_location[DW_OP_addr _limitCurrentTm]
      82                      .dwattr $C$DW$11, DW_AT_type(*$C$DW$T$16)
      83                      .dwattr $C$DW$11, DW_AT_external
      84                      .global _limitCurrentId
      85 0000000a       _limitCurrentId:        .usect  ".ebss",2,1,1
      86              $C$DW$12        .dwtag  DW_TAG_variable, DW_AT_name("limitCurrentId")
      87                      .dwattr $C$DW$12, DW_AT_TI_symbol_name("_limitCurrentId")
      88                      .dwattr $C$DW$12, DW_AT_location[DW_OP_addr _limitCurrentId]
      89                      .dwattr $C$DW$12, DW_AT_type(*$C$DW$T$16)
      90                      .dwattr $C$DW$12, DW_AT_external
      91              
      92              $C$DW$13        .dwtag  DW_TAG_subprogram, DW_AT_name("getOutToDcCurrent")
      93                      .dwattr $C$DW$13, DW_AT_TI_symbol_name("_getOutToDcCurrent")
      94                      .dwattr $C$DW$13, DW_AT_type(*$C$DW$T$16)
      95                      .dwattr $C$DW$13, DW_AT_declaration
      96                      .dwattr $C$DW$13, DW_AT_external
      97              
      98              $C$DW$14        .dwtag  DW_TAG_subprogram, DW_AT_name("getIdVal")
      99                      .dwattr $C$DW$14, DW_AT_TI_symbol_name("_getIdVal")
     100                      .dwattr $C$DW$14, DW_AT_type(*$C$DW$T$16)
     101                      .dwattr $C$DW$14, DW_AT_declaration
     102                      .dwattr $C$DW$14, DW_AT_external
     103                      .global _stepAccel
     104 0000000c       _stepAccel:     .usect  ".ebss",2,1,1
     105              $C$DW$15        .dwtag  DW_TAG_variable, DW_AT_name("stepAccel")
     106                      .dwattr $C$DW$15, DW_AT_TI_symbol_name("_stepAccel")
     107                      .dwattr $C$DW$15, DW_AT_location[DW_OP_addr _stepAccel]
     108                      .dwattr $C$DW$15, DW_AT_type(*$C$DW$T$16)
     109                      .dwattr $C$DW$15, DW_AT_external
     110                      .global _cosFiTime
TMS320C2000 Assembler PC v6.2.7 Thu Jul 02 08:31:26 2015

Tools Copyright (c) 1996-2014 Texas Instruments Incorporated
C:\Users\Tester\AppData\Local\Temp\0026810                           PAGE    3

     111 0000000e       _cosFiTime:     .usect  ".ebss",2,1,1
     112              $C$DW$16        .dwtag  DW_TAG_variable, DW_AT_name("cosFiTime")
     113                      .dwattr $C$DW$16, DW_AT_TI_symbol_name("_cosFiTime")
     114                      .dwattr $C$DW$16, DW_AT_location[DW_OP_addr _cosFiTime]
     115                      .dwattr $C$DW$16, DW_AT_type(*$C$DW$T$16)
     116                      .dwattr $C$DW$16, DW_AT_external
     117              
     118              $C$DW$17        .dwtag  DW_TAG_subprogram, DW_AT_name("getImVal")
     119                      .dwattr $C$DW$17, DW_AT_TI_symbol_name("_getImVal")
     120                      .dwattr $C$DW$17, DW_AT_type(*$C$DW$T$16)
     121                      .dwattr $C$DW$17, DW_AT_declaration
     122                      .dwattr $C$DW$17, DW_AT_external
     123              ;       C:\ti\ccsv6\tools\compiler\c2000_6.2.7\bin\ac2000.exe -@C:\\Users\\Tester\\AppData\\Local\\Temp\\0026
     124 00000000               .sect   ".text"
     125                      .clink
     126                      .global _presetAccelDecel
     127              
     128              $C$DW$18        .dwtag  DW_TAG_subprogram, DW_AT_name("presetAccelDecel")
     129                      .dwattr $C$DW$18, DW_AT_low_pc(_presetAccelDecel)
     130                      .dwattr $C$DW$18, DW_AT_high_pc(0x00)
     131                      .dwattr $C$DW$18, DW_AT_TI_symbol_name("_presetAccelDecel")
     132                      .dwattr $C$DW$18, DW_AT_external
     133                      .dwattr $C$DW$18, DW_AT_TI_begin_file("../ConvertorCntrl/AccelDecelTime.c")
     134                      .dwattr $C$DW$18, DW_AT_TI_begin_line(0x13)
     135                      .dwattr $C$DW$18, DW_AT_TI_begin_column(0x06)
     136                      .dwattr $C$DW$18, DW_AT_TI_max_frame_size(-4)
     137                      .dwpsn  file "../ConvertorCntrl/AccelDecelTime.c",line 19,column 28,is_stmt,address _presetAccelDecel
     138              
     139                      .dwfde $C$DW$CIE, _presetAccelDecel
     140              
     141              ;***************************************************************
     142              ;* FNAME: _presetAccelDecel             FR SIZE:   2           *
     143              ;*                                                             *
     144              ;* FUNCTION ENVIRONMENT                                        *
     145              ;*                                                             *
     146              ;* FUNCTION PROPERTIES                                         *
     147              ;*                            0 Parameter,  2 Auto,  0 SOE     *
     148              ;***************************************************************
     149              
     150 00000000       _presetAccelDecel:
     151                      .dwcfi  cfa_offset, -2
     152                      .dwcfi  save_reg_to_mem, 26, 0
     153                      .dwcfi  save_reg_to_reg, 78, 26
     154 00000000 FE02          ADDB      SP,#2                 ; [CPU_U] 
     155                      .dwcfi  cfa_offset, -4
     156              $C$DW$19        .dwtag  DW_TAG_variable, DW_AT_name("tmp")
     157                      .dwattr $C$DW$19, DW_AT_TI_symbol_name("_tmp")
     158                      .dwattr $C$DW$19, DW_AT_type(*$C$DW$T$16)
     159                      .dwattr $C$DW$19, DW_AT_location[DW_OP_breg20 -2]
     160                      .dwpsn  file "../ConvertorCntrl/AccelDecelTime.c",line 25,column 2,is_stmt
     161 00000001 9A02          MOVB      AL,#2                 ; [CPU_] |25| 
     162              $C$DW$20        .dwtag  DW_TAG_TI_branch
     163                      .dwattr $C$DW$20, DW_AT_low_pc(0x00)
     164                      .dwattr $C$DW$20, DW_AT_name("_getRegister")
     165                      .dwattr $C$DW$20, DW_AT_TI_call
TMS320C2000 Assembler PC v6.2.7 Thu Jul 02 08:31:26 2015

Tools Copyright (c) 1996-2014 Texas Instruments Incorporated
C:\Users\Tester\AppData\Local\Temp\0026810                           PAGE    4

     166 00000002 7640!         LCR       #_getRegister         ; [CPU_] |25| 
         00000003 0000 
     167                      ; call occurs [#_getRegister] ; [] |25| 
     168 00000004 3B01          SETC      SXM                   ; [CPU_] 
     169 00000005 85A9          MOV       ACC,AL                ; [CPU_] |25| 
     170 00000006 BDA9          MOV32     R0H,ACC               ; [CPU_] |25| 
         00000007 0F12 
     171 00000008 7700          NOP       ; [CPU_] 
     172 00000009 7700          NOP       ; [CPU_] 
     173 0000000a 7700          NOP       ; [CPU_] 
     174 0000000b 7700          NOP       ; [CPU_] 
     175 0000000c E689          I32TOF32  R0H,R0H               ; [CPU_] |25| 
         0000000d 0000 
     176 0000000e 7700          NOP       ; [CPU_] 
     177 0000000f E203          MOV32     *-SP[2],R0H           ; [CPU_] |25| 
         00000010 0042 
     178                      .dwpsn  file "../ConvertorCntrl/AccelDecelTime.c",line 26,column 3,is_stmt
     179 00000011 761F-         MOVW      DP,#_stepAccel        ; [CPU_U] 
         00000012 0000 
     180 00000013 E801          MOVIZ     R0H,#15820            ; [CPU_] |26| 
         00000014 EE60 
     181 00000015 E80E          MOVXI     R0H,#52429            ; [CPU_] |26| 
         00000016 6668 
     182 00000017 E203-         MOV32     @_stepAccel,R0H       ; [CPU_] |26| 
         00000018 000C 
     183                      .dwpsn  file "../ConvertorCntrl/AccelDecelTime.c",line 27,column 3,is_stmt
     184 00000019 E2AF          MOV32     R0H,*-SP[2]           ; [CPU_] |27| 
         0000001a 0042 
     185 0000001b E802          MOVIZ     R1H,#16544            ; [CPU_] |27| 
         0000001c 0501 
     186              $C$DW$21        .dwtag  DW_TAG_TI_branch
     187                      .dwattr $C$DW$21, DW_AT_low_pc(0x00)
     188                      .dwattr $C$DW$21, DW_AT_name("FS$$DIV")
     189                      .dwattr $C$DW$21, DW_AT_TI_call
     190 0000001d 7640!         LCR       #FS$$DIV              ; [CPU_] |27| 
         0000001e 0000 
     191                      ; call occurs [#FS$$DIV] ; [] |27| 
     192 0000001f E203          MOV32     *-SP[2],R0H           ; [CPU_] |27| 
         00000020 0042 
     193                      .dwpsn  file "../ConvertorCntrl/AccelDecelTime.c",line 32,column 3,is_stmt
     194 00000021 E68C          F32TOI16  R0H,R0H               ; [CPU_] |32| 
         00000022 0000 
     195 00000023 7700          NOP       ; [CPU_] 
     196 00000024 761F-         MOVW      DP,#_AccelTime        ; [CPU_U] 
         00000025 0000 
     197 00000026 BFA9          MOV32     ACC,R0H               ; [CPU_] |32| 
         00000027 0F12 
     198 00000028 9604-         MOV       @_AccelTime,AL        ; [CPU_] |32| 
     199                      .dwpsn  file "../ConvertorCntrl/AccelDecelTime.c",line 33,column 3,is_stmt
     200 00000029 5202          CMPB      AL,#2                 ; [CPU_] |33| 
     201 0000002a 6303          B         $C$L1,GEQ             ; [CPU_] |33| 
     202                      ; branchcc occurs ; [] |33| 
     203                      .dwpsn  file "../ConvertorCntrl/AccelDecelTime.c",line 34,column 4,is_stmt
     204 0000002b 56BF-         MOVB      @_AccelTime,#2,UNC    ; [CPU_] |34| 
         0000002c 0204 
TMS320C2000 Assembler PC v6.2.7 Thu Jul 02 08:31:26 2015

Tools Copyright (c) 1996-2014 Texas Instruments Incorporated
C:\Users\Tester\AppData\Local\Temp\0026810                           PAGE    5

     205 0000002d       $C$L1:    
     206                      .dwpsn  file "../ConvertorCntrl/AccelDecelTime.c",line 36,column 2,is_stmt
     207 0000002d 9A03          MOVB      AL,#3                 ; [CPU_] |36| 
     208              $C$DW$22        .dwtag  DW_TAG_TI_branch
     209                      .dwattr $C$DW$22, DW_AT_low_pc(0x00)
     210                      .dwattr $C$DW$22, DW_AT_name("_getRegister")
     211                      .dwattr $C$DW$22, DW_AT_TI_call
     212 0000002e 7640!         LCR       #_getRegister         ; [CPU_] |36| 
         0000002f 0000 
     213                      ; call occurs [#_getRegister] ; [] |36| 
     214 00000030 3B01          SETC      SXM                   ; [CPU_] 
     215 00000031 85A9          MOV       ACC,AL                ; [CPU_] |36| 
     216 00000032 BDA9          MOV32     R0H,ACC               ; [CPU_] |36| 
         00000033 0F12 
     217 00000034 7700          NOP       ; [CPU_] 
     218 00000035 7700          NOP       ; [CPU_] 
     219 00000036 7700          NOP       ; [CPU_] 
     220 00000037 7700          NOP       ; [CPU_] 
     221 00000038 E689          I32TOF32  R0H,R0H               ; [CPU_] |36| 
         00000039 0000 
     222 0000003a 7700          NOP       ; [CPU_] 
     223 0000003b E203          MOV32     *-SP[2],R0H           ; [CPU_] |36| 
         0000003c 0042 
     224                      .dwpsn  file "../ConvertorCntrl/AccelDecelTime.c",line 37,column 3,is_stmt
     225 0000003d 761F-         MOVW      DP,#_stepDecel        ; [CPU_U] 
         0000003e 0000 
     226 0000003f E801          MOVIZ     R0H,#15820            ; [CPU_] |37| 
         00000040 EE60 
     227 00000041 E80E          MOVXI     R0H,#52429            ; [CPU_] |37| 
         00000042 6668 
     228 00000043 E203-         MOV32     @_stepDecel,R0H       ; [CPU_] |37| 
         00000044 0006 
     229                      .dwpsn  file "../ConvertorCntrl/AccelDecelTime.c",line 38,column 3,is_stmt
     230 00000045 E2AF          MOV32     R0H,*-SP[2]           ; [CPU_] |38| 
         00000046 0042 
     231 00000047 E802          MOVIZ     R1H,#16544            ; [CPU_] |38| 
         00000048 0501 
     232              $C$DW$23        .dwtag  DW_TAG_TI_branch
     233                      .dwattr $C$DW$23, DW_AT_low_pc(0x00)
     234                      .dwattr $C$DW$23, DW_AT_name("FS$$DIV")
     235                      .dwattr $C$DW$23, DW_AT_TI_call
     236 00000049 7640!         LCR       #FS$$DIV              ; [CPU_] |38| 
         0000004a 0000 
     237                      ; call occurs [#FS$$DIV] ; [] |38| 
     238 0000004b E203          MOV32     *-SP[2],R0H           ; [CPU_] |38| 
         0000004c 0042 
     239                      .dwpsn  file "../ConvertorCntrl/AccelDecelTime.c",line 39,column 3,is_stmt
     240 0000004d E68C          F32TOI16  R0H,R0H               ; [CPU_] |39| 
         0000004e 0000 
     241 0000004f 7700          NOP       ; [CPU_] 
     242 00000050 761F-         MOVW      DP,#_DecelTime        ; [CPU_U] 
         00000051 0000 
     243 00000052 BFA9          MOV32     ACC,R0H               ; [CPU_] |39| 
         00000053 0F12 
     244 00000054 9601-         MOV       @_DecelTime,AL        ; [CPU_] |39| 
TMS320C2000 Assembler PC v6.2.7 Thu Jul 02 08:31:26 2015

Tools Copyright (c) 1996-2014 Texas Instruments Incorporated
C:\Users\Tester\AppData\Local\Temp\0026810                           PAGE    6

     245                      .dwpsn  file "../ConvertorCntrl/AccelDecelTime.c",line 40,column 3,is_stmt
     246 00000055 9A6D          MOVB      AL,#109               ; [CPU_] |40| 
     247              $C$DW$24        .dwtag  DW_TAG_TI_branch
     248                      .dwattr $C$DW$24, DW_AT_low_pc(0x00)
     249                      .dwattr $C$DW$24, DW_AT_name("_getRegister")
     250                      .dwattr $C$DW$24, DW_AT_TI_call
     251 00000056 7640!         LCR       #_getRegister         ; [CPU_] |40| 
         00000057 0000 
     252                      ; call occurs [#_getRegister] ; [] |40| 
     253 00000058 5200          CMPB      AL,#0                 ; [CPU_] |40| 
     254 00000059 ED08          BF        $C$L2,NEQ             ; [CPU_] |40| 
     255                      ; branchcc occurs ; [] |40| 
     256                      .dwpsn  file "../ConvertorCntrl/AccelDecelTime.c",line 41,column 4,is_stmt
     257 0000005a 761F-         MOVW      DP,#_DecelTime        ; [CPU_U] 
         0000005b 0000 
     258 0000005c 9201-         MOV       AL,@_DecelTime        ; [CPU_] |41| 
     259 0000005d 520A          CMPB      AL,#10                ; [CPU_] |41| 
     260 0000005e 6303          B         $C$L2,GEQ             ; [CPU_] |41| 
     261                      ; branchcc occurs ; [] |41| 
     262                      .dwpsn  file "../ConvertorCntrl/AccelDecelTime.c",line 42,column 5,is_stmt
     263 0000005f 56BF-         MOVB      @_DecelTime,#10,UNC   ; [CPU_] |42| 
         00000060 0A01 
     264 00000061       $C$L2:    
     265                      .dwpsn  file "../ConvertorCntrl/AccelDecelTime.c",line 45,column 3,is_stmt
     266 00000061 761F-         MOVW      DP,#_DecelTime        ; [CPU_U] 
         00000062 0000 
     267 00000063 9201-         MOV       AL,@_DecelTime        ; [CPU_] |45| 
     268 00000064 5202          CMPB      AL,#2                 ; [CPU_] |45| 
     269 00000065 6303          B         $C$L3,GEQ             ; [CPU_] |45| 
     270                      ; branchcc occurs ; [] |45| 
     271                      .dwpsn  file "../ConvertorCntrl/AccelDecelTime.c",line 46,column 4,is_stmt
     272 00000066 56BF-         MOVB      @_DecelTime,#2,UNC    ; [CPU_] |46| 
         00000067 0201 
     273 00000068       $C$L3:    
     274                      .dwpsn  file "../ConvertorCntrl/AccelDecelTime.c",line 48,column 2,is_stmt
     275 00000068 9A6C          MOVB      AL,#108               ; [CPU_] |48| 
     276              $C$DW$25        .dwtag  DW_TAG_TI_branch
     277                      .dwattr $C$DW$25, DW_AT_low_pc(0x00)
     278                      .dwattr $C$DW$25, DW_AT_name("_getRegister")
     279                      .dwattr $C$DW$25, DW_AT_TI_call
     280 00000069 7640!         LCR       #_getRegister         ; [CPU_] |48| 
         0000006a 0000 
     281                      ; call occurs [#_getRegister] ; [] |48| 
     282 0000006b 761F-         MOVW      DP,#_kTimeDecel       ; [CPU_U] 
         0000006c 0000 
     283 0000006d 9602-         MOV       @_kTimeDecel,AL       ; [CPU_] |48| 
     284                      .dwpsn  file "../ConvertorCntrl/AccelDecelTime.c",line 49,column 2,is_stmt
     285 0000006e 9B05          MOVB      AH,#5                 ; [CPU_] |49| 
     286              $C$DW$26        .dwtag  DW_TAG_TI_branch
     287                      .dwattr $C$DW$26, DW_AT_low_pc(0x00)
     288                      .dwattr $C$DW$26, DW_AT_name("I$$DIV")
     289                      .dwattr $C$DW$26, DW_AT_TI_call
     290 0000006f 00C0!         FFC       XAR7,#I$$DIV          ; [CPU_] |49| 
         00000070 0000 
     291                      ; call occurs [#I$$DIV] ; [] |49| 
TMS320C2000 Assembler PC v6.2.7 Thu Jul 02 08:31:26 2015

Tools Copyright (c) 1996-2014 Texas Instruments Incorporated
C:\Users\Tester\AppData\Local\Temp\0026810                           PAGE    7

     292 00000071 9602-         MOV       @_kTimeDecel,AL       ; [CPU_] |49| 
     293                      .dwpsn  file "../ConvertorCntrl/AccelDecelTime.c",line 50,column 2,is_stmt
     294 00000072 9A6B          MOVB      AL,#107               ; [CPU_] |50| 
     295              $C$DW$27        .dwtag  DW_TAG_TI_branch
     296                      .dwattr $C$DW$27, DW_AT_low_pc(0x00)
     297                      .dwattr $C$DW$27, DW_AT_name("_getRegister")
     298                      .dwattr $C$DW$27, DW_AT_TI_call
     299 00000073 7640!         LCR       #_getRegister         ; [CPU_] |50| 
         00000074 0000 
     300                      ; call occurs [#_getRegister] ; [] |50| 
     301 00000075 761F-         MOVW      DP,#_kTimeDecelMax    ; [CPU_U] 
         00000076 0000 
     302 00000077 9603-         MOV       @_kTimeDecelMax,AL    ; [CPU_] |50| 
     303                      .dwpsn  file "../ConvertorCntrl/AccelDecelTime.c",line 51,column 2,is_stmt
     304 00000078 9B05          MOVB      AH,#5                 ; [CPU_] |51| 
     305              $C$DW$28        .dwtag  DW_TAG_TI_branch
     306                      .dwattr $C$DW$28, DW_AT_low_pc(0x00)
     307                      .dwattr $C$DW$28, DW_AT_name("I$$DIV")
     308                      .dwattr $C$DW$28, DW_AT_TI_call
     309 00000079 00C0!         FFC       XAR7,#I$$DIV          ; [CPU_] |51| 
         0000007a 0000 
     310                      ; call occurs [#I$$DIV] ; [] |51| 
     311 0000007b 9603-         MOV       @_kTimeDecelMax,AL    ; [CPU_] |51| 
     312                      .dwpsn  file "../ConvertorCntrl/AccelDecelTime.c",line 52,column 2,is_stmt
     313 0000007c 9600-         MOV       @_timeAdded,AL        ; [CPU_] |52| 
     314                      .dwpsn  file "../ConvertorCntrl/AccelDecelTime.c",line 54,column 2,is_stmt
     315 0000007d 9A63          MOVB      AL,#99                ; [CPU_] |54| 
     316              $C$DW$29        .dwtag  DW_TAG_TI_branch
     317                      .dwattr $C$DW$29, DW_AT_low_pc(0x00)
     318                      .dwattr $C$DW$29, DW_AT_name("_getRegister")
     319                      .dwattr $C$DW$29, DW_AT_TI_call
     320 0000007e 7640!         LCR       #_getRegister         ; [CPU_] |54| 
         0000007f 0000 
     321                      ; call occurs [#_getRegister] ; [] |54| 
     322 00000080 3B01          SETC      SXM                   ; [CPU_] 
     323 00000081 85A9          MOV       ACC,AL                ; [CPU_] |54| 
     324 00000082 BDA9          MOV32     R0H,ACC               ; [CPU_] |54| 
         00000083 0F12 
     325 00000084 7700          NOP       ; [CPU_] 
     326 00000085 7700          NOP       ; [CPU_] 
     327 00000086 7700          NOP       ; [CPU_] 
     328 00000087 7700          NOP       ; [CPU_] 
     329 00000088 E689          I32TOF32  R0H,R0H               ; [CPU_] |54| 
         00000089 0000 
     330 0000008a 761F-         MOVW      DP,#_cosFiTime        ; [CPU_U] 
         0000008b 0000 
     331 0000008c E203-         MOV32     @_cosFiTime,R0H       ; [CPU_] |54| 
         0000008d 000E 
     332                      .dwpsn  file "../ConvertorCntrl/AccelDecelTime.c",line 55,column 2,is_stmt
     333 0000008e E802          MOVIZ     R1H,#17096            ; [CPU_] |55| 
         0000008f 1641 
     334              $C$DW$30        .dwtag  DW_TAG_TI_branch
     335                      .dwattr $C$DW$30, DW_AT_low_pc(0x00)
     336                      .dwattr $C$DW$30, DW_AT_name("FS$$DIV")
     337                      .dwattr $C$DW$30, DW_AT_TI_call
TMS320C2000 Assembler PC v6.2.7 Thu Jul 02 08:31:26 2015

Tools Copyright (c) 1996-2014 Texas Instruments Incorporated
C:\Users\Tester\AppData\Local\Temp\0026810                           PAGE    8

     338 00000090 7640!         LCR       #FS$$DIV              ; [CPU_] |55| 
         00000091 0000 
     339                      ; call occurs [#FS$$DIV] ; [] |55| 
     340 00000092 761F-         MOVW      DP,#_cosFiTime        ; [CPU_U] 
         00000093 0000 
     341 00000094 E203-         MOV32     @_cosFiTime,R0H       ; [CPU_] |55| 
         00000095 000E 
     342                      .dwpsn  file "../ConvertorCntrl/AccelDecelTime.c",line 56,column 2,is_stmt
     343 00000096 9A29          MOVB      AL,#41                ; [CPU_] |56| 
     344              $C$DW$31        .dwtag  DW_TAG_TI_branch
     345                      .dwattr $C$DW$31, DW_AT_low_pc(0x00)
     346                      .dwattr $C$DW$31, DW_AT_name("_getRegister")
     347                      .dwattr $C$DW$31, DW_AT_TI_call
     348 00000097 7640!         LCR       #_getRegister         ; [CPU_] |56| 
         00000098 0000 
     349                      ; call occurs [#_getRegister] ; [] |56| 
     350 00000099 3B01          SETC      SXM                   ; [CPU_] 
     351 0000009a 85A9          MOV       ACC,AL                ; [CPU_] |56| 
     352 0000009b BDA9          MOV32     R0H,ACC               ; [CPU_] |56| 
         0000009c 0F12 
     353 0000009d 7700          NOP       ; [CPU_] 
     354 0000009e 7700          NOP       ; [CPU_] 
     355 0000009f 7700          NOP       ; [CPU_] 
     356 000000a0 7700          NOP       ; [CPU_] 
     357 000000a1 E689          I32TOF32  R0H,R0H               ; [CPU_] |56| 
         000000a2 0000 
     358 000000a3 761F-         MOVW      DP,#_limitCurrentTm   ; [CPU_U] 
         000000a4 0000 
     359 000000a5 E203-         MOV32     @_limitCurrentTm,R0H  ; [CPU_] |56| 
         000000a6 0008 
     360                      .dwpsn  file "../ConvertorCntrl/AccelDecelTime.c",line 57,column 2,is_stmt
     361 000000a7 E801          MOVIZ     R0H,#15591            ; [CPU_] |57| 
         000000a8 E738 
     362 000000a9 E2AF-         MOV32     R1H,@_limitCurrentTm  ; [CPU_] |57| 
         000000aa 0108 
     363 000000ab E80D          MOVXI     R0H,#46040            ; [CPU_] |57| 
         000000ac 9EC0 
     364 000000ad E700          MPYF32    R0H,R0H,R1H           ; [CPU_] |57| 
         000000ae 0040 
     365 000000af 7700          NOP       ; [CPU_] 
     366 000000b0 E203-         MOV32     @_limitCurrentTm,R0H  ; [CPU_] |57| 
         000000b1 0008 
     367                      .dwpsn  file "../ConvertorCntrl/AccelDecelTime.c",line 58,column 2,is_stmt
     368 000000b2 E2AF-         MOV32     R1H,@_cosFiTime       ; [CPU_] |58| 
         000000b3 010E 
     369 000000b4 E700          MPYF32    R0H,R1H,R0H           ; [CPU_] |58| 
         000000b5 0008 
     370 000000b6 7700          NOP       ; [CPU_] 
     371 000000b7 E203-         MOV32     @_limitCurrentId,R0H  ; [CPU_] |58| 
         000000b8 000A 
     372                      .dwpsn  file "../ConvertorCntrl/AccelDecelTime.c",line 60,column 1,is_stmt
     373 000000b9 FE82          SUBB      SP,#2                 ; [CPU_U] 
     374                      .dwcfi  cfa_offset, -2
     375              $C$DW$32        .dwtag  DW_TAG_TI_branch
     376                      .dwattr $C$DW$32, DW_AT_low_pc(0x00)
TMS320C2000 Assembler PC v6.2.7 Thu Jul 02 08:31:26 2015

Tools Copyright (c) 1996-2014 Texas Instruments Incorporated
C:\Users\Tester\AppData\Local\Temp\0026810                           PAGE    9

     377                      .dwattr $C$DW$32, DW_AT_TI_return
     378 000000ba 0006          LRETR     ; [CPU_] 
     379                      ; return occurs ; [] 
     380                      .dwattr $C$DW$18, DW_AT_TI_end_file("../ConvertorCntrl/AccelDecelTime.c")
     381                      .dwattr $C$DW$18, DW_AT_TI_end_line(0x3c)
     382                      .dwattr $C$DW$18, DW_AT_TI_end_column(0x01)
     383                      .dwendentry
     384                      .dwendtag $C$DW$18
     385              
     386 000000bb               .sect   ".text"
     387                      .clink
     388                      .global _getAccelTime
     389              
     390              $C$DW$33        .dwtag  DW_TAG_subprogram, DW_AT_name("getAccelTime")
     391                      .dwattr $C$DW$33, DW_AT_low_pc(_getAccelTime)
     392                      .dwattr $C$DW$33, DW_AT_high_pc(0x00)
     393                      .dwattr $C$DW$33, DW_AT_TI_symbol_name("_getAccelTime")
     394                      .dwattr $C$DW$33, DW_AT_external
     395                      .dwattr $C$DW$33, DW_AT_type(*$C$DW$T$10)
     396                      .dwattr $C$DW$33, DW_AT_TI_begin_file("../ConvertorCntrl/AccelDecelTime.c")
     397                      .dwattr $C$DW$33, DW_AT_TI_begin_line(0x3e)
     398                      .dwattr $C$DW$33, DW_AT_TI_begin_column(0x05)
     399                      .dwattr $C$DW$33, DW_AT_TI_max_frame_size(-10)
     400                      .dwpsn  file "../ConvertorCntrl/AccelDecelTime.c",line 63,column 1,is_stmt,address _getAccelTime
     401              
     402                      .dwfde $C$DW$CIE, _getAccelTime
     403              
     404              ;***************************************************************
     405              ;* FNAME: _getAccelTime                 FR SIZE:   8           *
     406              ;*                                                             *
     407              ;* FUNCTION ENVIRONMENT                                        *
     408              ;*                                                             *
     409              ;* FUNCTION PROPERTIES                                         *
     410              ;*                            2 Parameter,  3 Auto,  2 SOE     *
     411              ;***************************************************************
     412              
     413 000000bb       _getAccelTime:
     414                      .dwcfi  cfa_offset, -2
     415                      .dwcfi  save_reg_to_mem, 26, 0
     416                      .dwcfi  save_reg_to_reg, 78, 26
     417 000000bb B2BD          MOVL      *SP++,XAR1            ; [CPU_] 
     418                      .dwcfi  save_reg_to_mem, 7, 2
     419                      .dwcfi  cfa_offset, -4
     420 000000bc FE06          ADDB      SP,#6                 ; [CPU_U] 
     421                      .dwcfi  cfa_offset, -10
     422              $C$DW$34        .dwtag  DW_TAG_variable, DW_AT_name("cosinus")
     423                      .dwattr $C$DW$34, DW_AT_TI_symbol_name("_cosinus")
     424                      .dwattr $C$DW$34, DW_AT_type(*$C$DW$T$16)
     425                      .dwattr $C$DW$34, DW_AT_location[DW_OP_breg20 -4]
     426              $C$DW$35        .dwtag  DW_TAG_variable, DW_AT_name("time")
     427                      .dwattr $C$DW$35, DW_AT_TI_symbol_name("_time")
     428                      .dwattr $C$DW$35, DW_AT_type(*$C$DW$T$10)
     429                      .dwattr $C$DW$35, DW_AT_location[DW_OP_breg20 -5]
     430                      .dwpsn  file "../ConvertorCntrl/AccelDecelTime.c",line 66,column 2,is_stmt
     431 000000bd 761F-         MOVW      DP,#_AccelTime        ; [CPU_U] 
TMS320C2000 Assembler PC v6.2.7 Thu Jul 02 08:31:26 2015

Tools Copyright (c) 1996-2014 Texas Instruments Incorporated
C:\Users\Tester\AppData\Local\Temp\0026810                           PAGE   10

         000000be 0000 
     432 000000bf 9204-         MOV       AL,@_AccelTime        ; [CPU_] |66| 
     433 000000c0 9645          MOV       *-SP[5],AL            ; [CPU_] |66| 
     434                      .dwpsn  file "../ConvertorCntrl/AccelDecelTime.c",line 67,column 2,is_stmt
     435              $C$DW$36        .dwtag  DW_TAG_TI_branch
     436                      .dwattr $C$DW$36, DW_AT_low_pc(0x00)
     437                      .dwattr $C$DW$36, DW_AT_name("_testOvercurrent")
     438                      .dwattr $C$DW$36, DW_AT_TI_call
     439 000000c1 7640!         LCR       #_testOvercurrent     ; [CPU_] |67| 
         000000c2 0000 
     440                      ; call occurs [#_testOvercurrent] ; [] |67| 
     441 000000c3 59A9          MOVZ      AR1,AL                ; [CPU_] |67| 
     442              $C$DW$37        .dwtag  DW_TAG_TI_branch
     443                      .dwattr $C$DW$37, DW_AT_low_pc(0x00)
     444                      .dwattr $C$DW$37, DW_AT_name("_testOvervoltag")
     445                      .dwattr $C$DW$37, DW_AT_TI_call
     446 000000c4 7640!         LCR       #_testOvervoltag      ; [CPU_] |67| 
         000000c5 0000 
     447                      ; call occurs [#_testOvervoltag] ; [] |67| 
     448 000000c6 CAA1          OR        AL,AR1                ; [CPU_] |67| 
     449 000000c7 EC06          BF        $C$L4,EQ              ; [CPU_] |67| 
     450                      ; branchcc occurs ; [] |67| 
     451                      .dwpsn  file "../ConvertorCntrl/AccelDecelTime.c",line 68,column 3,is_stmt
     452 000000c8 761F-         MOVW      DP,#_kTimeDecel       ; [CPU_U] 
         000000c9 0000 
     453 000000ca 9202-         MOV       AL,@_kTimeDecel       ; [CPU_] |68| 
     454 000000cb 9445          ADD       AL,*-SP[5]            ; [CPU_] |68| 
     455 000000cc 6F41          B         $C$L9,UNC             ; [CPU_] |68| 
     456                      ; branch occurs ; [] |68| 
     457 000000cd       $C$L4:    
     458                      .dwpsn  file "../ConvertorCntrl/AccelDecelTime.c",line 71,column 3,is_stmt
     459              $C$DW$38        .dwtag  DW_TAG_TI_branch
     460                      .dwattr $C$DW$38, DW_AT_low_pc(0x00)
     461                      .dwattr $C$DW$38, DW_AT_name("_getImVal")
     462                      .dwattr $C$DW$38, DW_AT_TI_call
     463 000000cd 7640!         LCR       #_getImVal            ; [CPU_] |71| 
         000000ce 0000 
     464                      ; call occurs [#_getImVal] ; [] |71| 
     465 000000cf E203          MOV32     *-SP[4],R0H           ; [CPU_] |71| 
         000000d0 0044 
     466                      .dwpsn  file "../ConvertorCntrl/AccelDecelTime.c",line 72,column 3,is_stmt
     467 000000d1 761F-         MOVW      DP,#_limitCurrentTm   ; [CPU_U] 
         000000d2 0000 
     468 000000d3 E2AF          MOV32     R1H,*-SP[4]           ; [CPU_] |72| 
         000000d4 0144 
     469 000000d5 E2AF-         MOV32     R0H,@_limitCurrentTm  ; [CPU_] |72| 
         000000d6 0008 
     470 000000d7 E694          CMPF32    R1H,R0H               ; [CPU_] |72| 
         000000d8 0001 
     471 000000d9 AD14          MOVST0    ZF, NF                ; [CPU_] |72| 
     472 000000da 6532          B         $C$L8,LEQ             ; [CPU_] |72| 
     473                      ; branchcc occurs ; [] |72| 
     474                      .dwpsn  file "../ConvertorCntrl/AccelDecelTime.c",line 73,column 4,is_stmt
     475              $C$DW$39        .dwtag  DW_TAG_TI_branch
     476                      .dwattr $C$DW$39, DW_AT_low_pc(0x00)
TMS320C2000 Assembler PC v6.2.7 Thu Jul 02 08:31:26 2015

Tools Copyright (c) 1996-2014 Texas Instruments Incorporated
C:\Users\Tester\AppData\Local\Temp\0026810                           PAGE   11

     477                      .dwattr $C$DW$39, DW_AT_name("_getIdVal")
     478                      .dwattr $C$DW$39, DW_AT_TI_call
     479 000000db 7640!         LCR       #_getIdVal            ; [CPU_] |73| 
         000000dc 0000 
     480                      ; call occurs [#_getIdVal] ; [] |73| 
     481 000000dd E2AF          MOV32     R1H,*-SP[4]           ; [CPU_] |73| 
         000000de 0144 
     482              $C$DW$40        .dwtag  DW_TAG_TI_branch
     483                      .dwattr $C$DW$40, DW_AT_low_pc(0x00)
     484                      .dwattr $C$DW$40, DW_AT_name("FS$$DIV")
     485                      .dwattr $C$DW$40, DW_AT_TI_call
     486 000000df 7640!         LCR       #FS$$DIV              ; [CPU_] |73| 
         000000e0 0000 
     487                      ; call occurs [#FS$$DIV] ; [] |73| 
     488 000000e1 E203          MOV32     *-SP[4],R0H           ; [CPU_] |73| 
         000000e2 0044 
     489                      .dwpsn  file "../ConvertorCntrl/AccelDecelTime.c",line 74,column 4,is_stmt
     490 000000e3 761F-         MOVW      DP,#_cosFiTime        ; [CPU_U] 
         000000e4 0000 
     491 000000e5 E2AF          MOV32     R1H,*-SP[4]           ; [CPU_] |74| 
         000000e6 0144 
     492 000000e7 E2AF-         MOV32     R0H,@_cosFiTime       ; [CPU_] |74| 
         000000e8 000E 
     493 000000e9 E694          CMPF32    R1H,R0H               ; [CPU_] |74| 
         000000ea 0001 
     494 000000eb AD14          MOVST0    ZF, NF                ; [CPU_] |74| 
     495 000000ec 6504          B         $C$L5,LEQ             ; [CPU_] |74| 
     496                      ; branchcc occurs ; [] |74| 
     497                      .dwpsn  file "../ConvertorCntrl/AccelDecelTime.c",line 75,column 5,is_stmt
     498 000000ed 9202-         MOV       AL,@_kTimeDecel       ; [CPU_] |75| 
     499 000000ee 9445          ADD       AL,*-SP[5]            ; [CPU_] |75| 
     500 000000ef 6F1E          B         $C$L9,UNC             ; [CPU_] |75| 
     501                      ; branch occurs ; [] |75| 
     502 000000f0       $C$L5:    
     503                      .dwpsn  file "../ConvertorCntrl/AccelDecelTime.c",line 76,column 4,is_stmt
     504              $C$DW$41        .dwtag  DW_TAG_TI_branch
     505                      .dwattr $C$DW$41, DW_AT_low_pc(0x00)
     506                      .dwattr $C$DW$41, DW_AT_name("_getIdVal")
     507                      .dwattr $C$DW$41, DW_AT_TI_call
     508 000000f0 7640!         LCR       #_getIdVal            ; [CPU_] |76| 
         000000f1 0000 
     509                      ; call occurs [#_getIdVal] ; [] |76| 
     510 000000f2 761F-         MOVW      DP,#_limitCurrentId   ; [CPU_U] 
         000000f3 0000 
     511 000000f4 E2AF-         MOV32     R1H,@_limitCurrentId  ; [CPU_] |76| 
         000000f5 010A 
     512 000000f6 E694          CMPF32    R0H,R1H               ; [CPU_] |76| 
         000000f7 0008 
     513 000000f8 AD14          MOVST0    ZF, NF                ; [CPU_] |76| 
     514 000000f9 6504          B         $C$L6,LEQ             ; [CPU_] |76| 
     515                      ; branchcc occurs ; [] |76| 
     516                      .dwpsn  file "../ConvertorCntrl/AccelDecelTime.c",line 77,column 5,is_stmt
     517 000000fa 9202-         MOV       AL,@_kTimeDecel       ; [CPU_] |77| 
     518 000000fb 9445          ADD       AL,*-SP[5]            ; [CPU_] |77| 
     519 000000fc 6F11          B         $C$L9,UNC             ; [CPU_] |77| 
TMS320C2000 Assembler PC v6.2.7 Thu Jul 02 08:31:26 2015

Tools Copyright (c) 1996-2014 Texas Instruments Incorporated
C:\Users\Tester\AppData\Local\Temp\0026810                           PAGE   12

     520                      ; branch occurs ; [] |77| 
     521 000000fd       $C$L6:    
     522                      .dwpsn  file "../ConvertorCntrl/AccelDecelTime.c",line 79,column 4,is_stmt
     523              $C$DW$42        .dwtag  DW_TAG_TI_branch
     524                      .dwattr $C$DW$42, DW_AT_low_pc(0x00)
     525                      .dwattr $C$DW$42, DW_AT_name("_getOutToDcCurrent")
     526                      .dwattr $C$DW$42, DW_AT_TI_call
     527 000000fd 7640!         LCR       #_getOutToDcCurrent   ; [CPU_] |79| 
         000000fe 0000 
     528                      ; call occurs [#_getOutToDcCurrent] ; [] |79| 
     529 000000ff 761F-         MOVW      DP,#_limitCurrentTm   ; [CPU_U] 
         00000100 0000 
     530 00000101 E2AF-         MOV32     R1H,@_limitCurrentTm  ; [CPU_] |79| 
         00000102 0108 
     531 00000103 E694          CMPF32    R0H,R1H               ; [CPU_] |79| 
         00000104 0008 
     532 00000105 AD14          MOVST0    ZF, NF                ; [CPU_] |79| 
     533 00000106 6504          B         $C$L7,LEQ             ; [CPU_] |79| 
     534                      ; branchcc occurs ; [] |79| 
     535                      .dwpsn  file "../ConvertorCntrl/AccelDecelTime.c",line 80,column 5,is_stmt
     536 00000107 9202-         MOV       AL,@_kTimeDecel       ; [CPU_] |80| 
     537 00000108 9445          ADD       AL,*-SP[5]            ; [CPU_] |80| 
     538 00000109 6F04          B         $C$L9,UNC             ; [CPU_] |80| 
     539                      ; branch occurs ; [] |80| 
     540 0000010a       $C$L7:    
     541                      .dwpsn  file "../ConvertorCntrl/AccelDecelTime.c",line 82,column 4,is_stmt
     542 0000010a 9245          MOV       AL,*-SP[5]            ; [CPU_] |82| 
     543 0000010b 6F02          B         $C$L9,UNC             ; [CPU_] |82| 
     544                      ; branch occurs ; [] |82| 
     545 0000010c       $C$L8:    
     546                      .dwpsn  file "../ConvertorCntrl/AccelDecelTime.c",line 85,column 2,is_stmt
     547 0000010c 9245          MOV       AL,*-SP[5]            ; [CPU_] |85| 
     548 0000010d       $C$L9:    
     549                      .dwpsn  file "../ConvertorCntrl/AccelDecelTime.c",line 86,column 1,is_stmt
     550 0000010d FE86          SUBB      SP,#6                 ; [CPU_U] 
     551                      .dwcfi  cfa_offset, -4
     552 0000010e 8BBE          MOVL      XAR1,*--SP            ; [CPU_] 
     553                      .dwcfi  cfa_offset, -2
     554                      .dwcfi  restore_reg, 7
     555              $C$DW$43        .dwtag  DW_TAG_TI_branch
     556                      .dwattr $C$DW$43, DW_AT_low_pc(0x00)
     557                      .dwattr $C$DW$43, DW_AT_TI_return
     558 0000010f 0006          LRETR     ; [CPU_] 
     559                      ; return occurs ; [] 
     560                      .dwattr $C$DW$33, DW_AT_TI_end_file("../ConvertorCntrl/AccelDecelTime.c")
     561                      .dwattr $C$DW$33, DW_AT_TI_end_line(0x56)
     562                      .dwattr $C$DW$33, DW_AT_TI_end_column(0x01)
     563                      .dwendentry
     564                      .dwendtag $C$DW$33
     565              
     566 00000110               .sect   ".text"
     567                      .clink
     568                      .global _getDecelTime
     569              
     570              $C$DW$44        .dwtag  DW_TAG_subprogram, DW_AT_name("getDecelTime")
TMS320C2000 Assembler PC v6.2.7 Thu Jul 02 08:31:26 2015

Tools Copyright (c) 1996-2014 Texas Instruments Incorporated
C:\Users\Tester\AppData\Local\Temp\0026810                           PAGE   13

     571                      .dwattr $C$DW$44, DW_AT_low_pc(_getDecelTime)
     572                      .dwattr $C$DW$44, DW_AT_high_pc(0x00)
     573                      .dwattr $C$DW$44, DW_AT_TI_symbol_name("_getDecelTime")
     574                      .dwattr $C$DW$44, DW_AT_external
     575                      .dwattr $C$DW$44, DW_AT_type(*$C$DW$T$10)
     576                      .dwattr $C$DW$44, DW_AT_TI_begin_file("../ConvertorCntrl/AccelDecelTime.c")
     577                      .dwattr $C$DW$44, DW_AT_TI_begin_line(0x59)
     578                      .dwattr $C$DW$44, DW_AT_TI_begin_column(0x05)
     579                      .dwattr $C$DW$44, DW_AT_TI_max_frame_size(-2)
     580                      .dwpsn  file "../ConvertorCntrl/AccelDecelTime.c",line 90,column 1,is_stmt,address _getDecelTime
     581              
     582                      .dwfde $C$DW$CIE, _getDecelTime
     583              
     584              ;***************************************************************
     585              ;* FNAME: _getDecelTime                 FR SIZE:   0           *
     586              ;*                                                             *
     587              ;* FUNCTION ENVIRONMENT                                        *
     588              ;*                                                             *
     589              ;* FUNCTION PROPERTIES                                         *
     590              ;*                            0 Parameter,  0 Auto,  0 SOE     *
     591              ;***************************************************************
     592              
     593 00000110       _getDecelTime:
     594                      .dwcfi  cfa_offset, -2
     595                      .dwcfi  save_reg_to_mem, 26, 0
     596                      .dwcfi  save_reg_to_reg, 78, 26
     597                      .dwpsn  file "../ConvertorCntrl/AccelDecelTime.c",line 95,column 2,is_stmt
     598              $C$DW$45        .dwtag  DW_TAG_TI_branch
     599                      .dwattr $C$DW$45, DW_AT_low_pc(0x00)
     600                      .dwattr $C$DW$45, DW_AT_name("_testOvervoltag")
     601                      .dwattr $C$DW$45, DW_AT_TI_call
     602 00000110 7640!         LCR       #_testOvervoltag      ; [CPU_] |95| 
         00000111 0000 
     603                      ; call occurs [#_testOvervoltag] ; [] |95| 
     604 00000112 5200          CMPB      AL,#0                 ; [CPU_] |95| 
     605 00000113 EC0A          BF        $C$L11,EQ             ; [CPU_] |95| 
     606                      ; branchcc occurs ; [] |95| 
     607                      .dwpsn  file "../ConvertorCntrl/AccelDecelTime.c",line 96,column 3,is_stmt
     608 00000114 761F-         MOVW      DP,#_timeAdded        ; [CPU_U] 
         00000115 0000 
     609 00000116 9200-         MOV       AL,@_timeAdded        ; [CPU_] |96| 
     610 00000117 EC03          BF        $C$L10,EQ             ; [CPU_] |96| 
     611                      ; branchcc occurs ; [] |96| 
     612                      .dwpsn  file "../ConvertorCntrl/AccelDecelTime.c",line 97,column 4,is_stmt
     613 00000118 0A00-         INC       @_timeAdded           ; [CPU_] |97| 
     614                      .dwpsn  file "../ConvertorCntrl/AccelDecelTime.c",line 98,column 3,is_stmt
     615 00000119 6F09          B         $C$L12,UNC            ; [CPU_] |98| 
     616                      ; branch occurs ; [] |98| 
     617 0000011a       $C$L10:    
     618                      .dwpsn  file "../ConvertorCntrl/AccelDecelTime.c",line 99,column 4,is_stmt
     619 0000011a 9203-         MOV       AL,@_kTimeDecelMax    ; [CPU_] |99| 
     620 0000011b 9600-         MOV       @_timeAdded,AL        ; [CPU_] |99| 
     621                      .dwpsn  file "../ConvertorCntrl/AccelDecelTime.c",line 102,column 2,is_stmt
     622 0000011c 6F06          B         $C$L12,UNC            ; [CPU_] |102| 
     623                      ; branch occurs ; [] |102| 
TMS320C2000 Assembler PC v6.2.7 Thu Jul 02 08:31:26 2015

Tools Copyright (c) 1996-2014 Texas Instruments Incorporated
C:\Users\Tester\AppData\Local\Temp\0026810                           PAGE   14

     624 0000011d       $C$L11:    
     625                      .dwpsn  file "../ConvertorCntrl/AccelDecelTime.c",line 103,column 3,is_stmt
     626 0000011d 761F-         MOVW      DP,#_timeAdded        ; [CPU_U] 
         0000011e 0000 
     627 0000011f 9200-         MOV       AL,@_timeAdded        ; [CPU_] |103| 
     628 00000120 EC02          BF        $C$L12,EQ             ; [CPU_] |103| 
     629                      ; branchcc occurs ; [] |103| 
     630                      .dwpsn  file "../ConvertorCntrl/AccelDecelTime.c",line 104,column 4,is_stmt
     631 00000121 0B00-         DEC       @_timeAdded           ; [CPU_] |104| 
     632 00000122       $C$L12:    
     633                      .dwpsn  file "../ConvertorCntrl/AccelDecelTime.c",line 107,column 2,is_stmt
     634 00000122 9200-         MOV       AL,@_timeAdded        ; [CPU_] |107| 
     635 00000123 9401-         ADD       AL,@_DecelTime        ; [CPU_] |107| 
     636                      .dwpsn  file "../ConvertorCntrl/AccelDecelTime.c",line 108,column 1,is_stmt
     637              $C$DW$46        .dwtag  DW_TAG_TI_branch
     638                      .dwattr $C$DW$46, DW_AT_low_pc(0x00)
     639                      .dwattr $C$DW$46, DW_AT_TI_return
     640 00000124 0006          LRETR     ; [CPU_] 
     641                      ; return occurs ; [] 
     642                      .dwattr $C$DW$44, DW_AT_TI_end_file("../ConvertorCntrl/AccelDecelTime.c")
     643                      .dwattr $C$DW$44, DW_AT_TI_end_line(0x6c)
     644                      .dwattr $C$DW$44, DW_AT_TI_end_column(0x01)
     645                      .dwendentry
     646                      .dwendtag $C$DW$44
     647              
     648 00000125               .sect   ".text"
     649                      .clink
     650                      .global _rstDecelReg
     651              
     652              $C$DW$47        .dwtag  DW_TAG_subprogram, DW_AT_name("rstDecelReg")
     653                      .dwattr $C$DW$47, DW_AT_low_pc(_rstDecelReg)
     654                      .dwattr $C$DW$47, DW_AT_high_pc(0x00)
     655                      .dwattr $C$DW$47, DW_AT_TI_symbol_name("_rstDecelReg")
     656                      .dwattr $C$DW$47, DW_AT_external
     657                      .dwattr $C$DW$47, DW_AT_TI_begin_file("../ConvertorCntrl/AccelDecelTime.c")
     658                      .dwattr $C$DW$47, DW_AT_TI_begin_line(0x6e)
     659                      .dwattr $C$DW$47, DW_AT_TI_begin_column(0x06)
     660                      .dwattr $C$DW$47, DW_AT_TI_max_frame_size(-2)
     661                      .dwpsn  file "../ConvertorCntrl/AccelDecelTime.c",line 110,column 23,is_stmt,address _rstDecelReg
     662              
     663                      .dwfde $C$DW$CIE, _rstDecelReg
     664              
     665              ;***************************************************************
     666              ;* FNAME: _rstDecelReg                  FR SIZE:   0           *
     667              ;*                                                             *
     668              ;* FUNCTION ENVIRONMENT                                        *
     669              ;*                                                             *
     670              ;* FUNCTION PROPERTIES                                         *
     671              ;*                            0 Parameter,  0 Auto,  0 SOE     *
     672              ;***************************************************************
     673              
     674 00000125       _rstDecelReg:
     675                      .dwcfi  cfa_offset, -2
     676                      .dwcfi  save_reg_to_mem, 26, 0
     677                      .dwcfi  save_reg_to_reg, 78, 26
TMS320C2000 Assembler PC v6.2.7 Thu Jul 02 08:31:26 2015

Tools Copyright (c) 1996-2014 Texas Instruments Incorporated
C:\Users\Tester\AppData\Local\Temp\0026810                           PAGE   15

     678                      .dwpsn  file "../ConvertorCntrl/AccelDecelTime.c",line 111,column 2,is_stmt
     679 00000125 761F-         MOVW      DP,#_kTimeDecelMax    ; [CPU_U] 
         00000126 0000 
     680 00000127 9203-         MOV       AL,@_kTimeDecelMax    ; [CPU_] |111| 
     681 00000128 9600-         MOV       @_timeAdded,AL        ; [CPU_] |111| 
     682                      .dwpsn  file "../ConvertorCntrl/AccelDecelTime.c",line 112,column 1,is_stmt
     683              $C$DW$48        .dwtag  DW_TAG_TI_branch
     684                      .dwattr $C$DW$48, DW_AT_low_pc(0x00)
     685                      .dwattr $C$DW$48, DW_AT_TI_return
     686 00000129 0006          LRETR     ; [CPU_] 
     687                      ; return occurs ; [] 
     688                      .dwattr $C$DW$47, DW_AT_TI_end_file("../ConvertorCntrl/AccelDecelTime.c")
     689                      .dwattr $C$DW$47, DW_AT_TI_end_line(0x70)
     690                      .dwattr $C$DW$47, DW_AT_TI_end_column(0x01)
     691                      .dwendentry
     692                      .dwendtag $C$DW$47
     693              
     694 0000012a               .sect   ".text"
     695                      .clink
     696                      .global _getStepDecelCheng
     697              
     698              $C$DW$49        .dwtag  DW_TAG_subprogram, DW_AT_name("getStepDecelCheng")
     699                      .dwattr $C$DW$49, DW_AT_low_pc(_getStepDecelCheng)
     700                      .dwattr $C$DW$49, DW_AT_high_pc(0x00)
     701                      .dwattr $C$DW$49, DW_AT_TI_symbol_name("_getStepDecelCheng")
     702                      .dwattr $C$DW$49, DW_AT_external
     703                      .dwattr $C$DW$49, DW_AT_type(*$C$DW$T$16)
     704                      .dwattr $C$DW$49, DW_AT_TI_begin_file("../ConvertorCntrl/AccelDecelTime.c")
     705                      .dwattr $C$DW$49, DW_AT_TI_begin_line(0x72)
     706                      .dwattr $C$DW$49, DW_AT_TI_begin_column(0x07)
     707                      .dwattr $C$DW$49, DW_AT_TI_max_frame_size(-2)
     708                      .dwpsn  file "../ConvertorCntrl/AccelDecelTime.c",line 114,column 30,is_stmt,address _getStepDecelChe
     709              
     710                      .dwfde $C$DW$CIE, _getStepDecelCheng
     711              
     712              ;***************************************************************
     713              ;* FNAME: _getStepDecelCheng            FR SIZE:   0           *
     714              ;*                                                             *
     715              ;* FUNCTION ENVIRONMENT                                        *
     716              ;*                                                             *
     717              ;* FUNCTION PROPERTIES                                         *
     718              ;*                            0 Parameter,  0 Auto,  0 SOE     *
     719              ;***************************************************************
     720              
     721 0000012a       _getStepDecelCheng:
     722                      .dwcfi  cfa_offset, -2
     723                      .dwcfi  save_reg_to_mem, 26, 0
     724                      .dwcfi  save_reg_to_reg, 78, 26
     725                      .dwpsn  file "../ConvertorCntrl/AccelDecelTime.c",line 115,column 2,is_stmt
     726 0000012a 761F-         MOVW      DP,#_stepDecel        ; [CPU_U] 
         0000012b 0000 
     727 0000012c E2AF-         MOV32     R0H,@_stepDecel       ; [CPU_] |115| 
         0000012d 0006 
     728                      .dwpsn  file "../ConvertorCntrl/AccelDecelTime.c",line 116,column 1,is_stmt
     729              $C$DW$50        .dwtag  DW_TAG_TI_branch
TMS320C2000 Assembler PC v6.2.7 Thu Jul 02 08:31:26 2015

Tools Copyright (c) 1996-2014 Texas Instruments Incorporated
C:\Users\Tester\AppData\Local\Temp\0026810                           PAGE   16

     730                      .dwattr $C$DW$50, DW_AT_low_pc(0x00)
     731                      .dwattr $C$DW$50, DW_AT_TI_return
     732 0000012e 0006          LRETR     ; [CPU_] 
     733                      ; return occurs ; [] 
     734                      .dwattr $C$DW$49, DW_AT_TI_end_file("../ConvertorCntrl/AccelDecelTime.c")
     735                      .dwattr $C$DW$49, DW_AT_TI_end_line(0x74)
     736                      .dwattr $C$DW$49, DW_AT_TI_end_column(0x01)
     737                      .dwendentry
     738                      .dwendtag $C$DW$49
     739              
     740 0000012f               .sect   ".text"
     741                      .clink
     742                      .global _getStepAccelCheng
     743              
     744              $C$DW$51        .dwtag  DW_TAG_subprogram, DW_AT_name("getStepAccelCheng")
     745                      .dwattr $C$DW$51, DW_AT_low_pc(_getStepAccelCheng)
     746                      .dwattr $C$DW$51, DW_AT_high_pc(0x00)
     747                      .dwattr $C$DW$51, DW_AT_TI_symbol_name("_getStepAccelCheng")
     748                      .dwattr $C$DW$51, DW_AT_external
     749                      .dwattr $C$DW$51, DW_AT_type(*$C$DW$T$16)
     750                      .dwattr $C$DW$51, DW_AT_TI_begin_file("../ConvertorCntrl/AccelDecelTime.c")
     751                      .dwattr $C$DW$51, DW_AT_TI_begin_line(0x76)
     752                      .dwattr $C$DW$51, DW_AT_TI_begin_column(0x07)
     753                      .dwattr $C$DW$51, DW_AT_TI_max_frame_size(-2)
     754                      .dwpsn  file "../ConvertorCntrl/AccelDecelTime.c",line 118,column 30,is_stmt,address _getStepAccelChe
     755              
     756                      .dwfde $C$DW$CIE, _getStepAccelCheng
     757              
     758              ;***************************************************************
     759              ;* FNAME: _getStepAccelCheng            FR SIZE:   0           *
     760              ;*                                                             *
     761              ;* FUNCTION ENVIRONMENT                                        *
     762              ;*                                                             *
     763              ;* FUNCTION PROPERTIES                                         *
     764              ;*                            0 Parameter,  0 Auto,  0 SOE     *
     765              ;***************************************************************
     766              
     767 0000012f       _getStepAccelCheng:
     768                      .dwcfi  cfa_offset, -2
     769                      .dwcfi  save_reg_to_mem, 26, 0
     770                      .dwcfi  save_reg_to_reg, 78, 26
     771                      .dwpsn  file "../ConvertorCntrl/AccelDecelTime.c",line 119,column 2,is_stmt
     772 0000012f 761F-         MOVW      DP,#_stepAccel        ; [CPU_U] 
         00000130 0000 
     773 00000131 E2AF-         MOV32     R0H,@_stepAccel       ; [CPU_] |119| 
         00000132 000C 
     774                      .dwpsn  file "../ConvertorCntrl/AccelDecelTime.c",line 120,column 1,is_stmt
     775              $C$DW$52        .dwtag  DW_TAG_TI_branch
     776                      .dwattr $C$DW$52, DW_AT_low_pc(0x00)
     777                      .dwattr $C$DW$52, DW_AT_TI_return
     778 00000133 0006          LRETR     ; [CPU_] 
     779                      ; return occurs ; [] 
     780                      .dwattr $C$DW$51, DW_AT_TI_end_file("../ConvertorCntrl/AccelDecelTime.c")
     781                      .dwattr $C$DW$51, DW_AT_TI_end_line(0x78)
     782                      .dwattr $C$DW$51, DW_AT_TI_end_column(0x01)
TMS320C2000 Assembler PC v6.2.7 Thu Jul 02 08:31:26 2015

Tools Copyright (c) 1996-2014 Texas Instruments Incorporated
C:\Users\Tester\AppData\Local\Temp\0026810                           PAGE   17

     783                      .dwendentry
     784                      .dwendtag $C$DW$51
     785              
     786              ;**************************************************************
     787              ;* UNDEFINED EXTERNAL REFERENCES                              *
     788              ;**************************************************************
     789                      .global _testOvercurrent
     790                      .global _getRegister
     791                      .global _testOvervoltag
     792                      .global _getOutToDcCurrent
     793                      .global _getIdVal
     794                      .global _getImVal
     795                      .global FS$$DIV
     796                      .global I$$DIV
     797              
     798              ;***************************************************************
     799              ;* TYPE INFORMATION                                            *
     800              ;***************************************************************
     801              $C$DW$T$4       .dwtag  DW_TAG_base_type
     802                      .dwattr $C$DW$T$4, DW_AT_encoding(DW_ATE_boolean)
     803                      .dwattr $C$DW$T$4, DW_AT_name("bool")
     804                      .dwattr $C$DW$T$4, DW_AT_byte_size(0x01)
     805              $C$DW$T$5       .dwtag  DW_TAG_base_type
     806                      .dwattr $C$DW$T$5, DW_AT_encoding(DW_ATE_signed_char)
     807                      .dwattr $C$DW$T$5, DW_AT_name("signed char")
     808                      .dwattr $C$DW$T$5, DW_AT_byte_size(0x01)
     809              $C$DW$T$6       .dwtag  DW_TAG_base_type
     810                      .dwattr $C$DW$T$6, DW_AT_encoding(DW_ATE_unsigned_char)
     811                      .dwattr $C$DW$T$6, DW_AT_name("unsigned char")
     812                      .dwattr $C$DW$T$6, DW_AT_byte_size(0x01)
     813              $C$DW$T$7       .dwtag  DW_TAG_base_type
     814                      .dwattr $C$DW$T$7, DW_AT_encoding(DW_ATE_signed_char)
     815                      .dwattr $C$DW$T$7, DW_AT_name("wchar_t")
     816                      .dwattr $C$DW$T$7, DW_AT_byte_size(0x01)
     817              $C$DW$T$8       .dwtag  DW_TAG_base_type
     818                      .dwattr $C$DW$T$8, DW_AT_encoding(DW_ATE_signed)
     819                      .dwattr $C$DW$T$8, DW_AT_name("short")
     820                      .dwattr $C$DW$T$8, DW_AT_byte_size(0x01)
     821              $C$DW$T$9       .dwtag  DW_TAG_base_type
     822                      .dwattr $C$DW$T$9, DW_AT_encoding(DW_ATE_unsigned)
     823                      .dwattr $C$DW$T$9, DW_AT_name("unsigned short")
     824                      .dwattr $C$DW$T$9, DW_AT_byte_size(0x01)
     825              $C$DW$T$10      .dwtag  DW_TAG_base_type
     826                      .dwattr $C$DW$T$10, DW_AT_encoding(DW_ATE_signed)
     827                      .dwattr $C$DW$T$10, DW_AT_name("int")
     828                      .dwattr $C$DW$T$10, DW_AT_byte_size(0x01)
     829              $C$DW$T$11      .dwtag  DW_TAG_base_type
     830                      .dwattr $C$DW$T$11, DW_AT_encoding(DW_ATE_unsigned)
     831                      .dwattr $C$DW$T$11, DW_AT_name("unsigned int")
     832                      .dwattr $C$DW$T$11, DW_AT_byte_size(0x01)
     833              $C$DW$T$24      .dwtag  DW_TAG_typedef, DW_AT_name("UINT8")
     834                      .dwattr $C$DW$T$24, DW_AT_type(*$C$DW$T$11)
     835                      .dwattr $C$DW$T$24, DW_AT_language(DW_LANG_C)
     836              $C$DW$T$12      .dwtag  DW_TAG_base_type
     837                      .dwattr $C$DW$T$12, DW_AT_encoding(DW_ATE_signed)
TMS320C2000 Assembler PC v6.2.7 Thu Jul 02 08:31:26 2015

Tools Copyright (c) 1996-2014 Texas Instruments Incorporated
C:\Users\Tester\AppData\Local\Temp\0026810                           PAGE   18

     838                      .dwattr $C$DW$T$12, DW_AT_name("long")
     839                      .dwattr $C$DW$T$12, DW_AT_byte_size(0x02)
     840              $C$DW$T$13      .dwtag  DW_TAG_base_type
     841                      .dwattr $C$DW$T$13, DW_AT_encoding(DW_ATE_unsigned)
     842                      .dwattr $C$DW$T$13, DW_AT_name("unsigned long")
     843                      .dwattr $C$DW$T$13, DW_AT_byte_size(0x02)
     844              $C$DW$T$14      .dwtag  DW_TAG_base_type
     845                      .dwattr $C$DW$T$14, DW_AT_encoding(DW_ATE_signed)
     846                      .dwattr $C$DW$T$14, DW_AT_name("long long")
     847                      .dwattr $C$DW$T$14, DW_AT_byte_size(0x04)
     848              $C$DW$T$15      .dwtag  DW_TAG_base_type
     849                      .dwattr $C$DW$T$15, DW_AT_encoding(DW_ATE_unsigned)
     850                      .dwattr $C$DW$T$15, DW_AT_name("unsigned long long")
     851                      .dwattr $C$DW$T$15, DW_AT_byte_size(0x04)
     852              $C$DW$T$16      .dwtag  DW_TAG_base_type
     853                      .dwattr $C$DW$T$16, DW_AT_encoding(DW_ATE_float)
     854                      .dwattr $C$DW$T$16, DW_AT_name("float")
     855                      .dwattr $C$DW$T$16, DW_AT_byte_size(0x02)
     856              $C$DW$T$17      .dwtag  DW_TAG_base_type
     857                      .dwattr $C$DW$T$17, DW_AT_encoding(DW_ATE_float)
     858                      .dwattr $C$DW$T$17, DW_AT_name("double")
     859                      .dwattr $C$DW$T$17, DW_AT_byte_size(0x02)
     860              $C$DW$T$18      .dwtag  DW_TAG_base_type
     861                      .dwattr $C$DW$T$18, DW_AT_encoding(DW_ATE_float)
     862                      .dwattr $C$DW$T$18, DW_AT_name("long double")
     863                      .dwattr $C$DW$T$18, DW_AT_byte_size(0x04)
     864                      .dwattr $C$DW$CU, DW_AT_language(DW_LANG_C)
     865              
     866              ;***************************************************************
     867              ;* DWARF CIE ENTRIES                                           *
     868              ;***************************************************************
     869              
     870              $C$DW$CIE       .dwcie 78
     871                      .dwcfi  cfa_register, 20
     872                      .dwcfi  cfa_offset, 0
     873                      .dwcfi  undefined, 0
     874                      .dwcfi  undefined, 1
     875                      .dwcfi  undefined, 2
     876                      .dwcfi  undefined, 3
     877                      .dwcfi  undefined, 20
     878                      .dwcfi  undefined, 21
     879                      .dwcfi  undefined, 22
     880                      .dwcfi  undefined, 23
     881                      .dwcfi  undefined, 24
     882                      .dwcfi  undefined, 25
     883                      .dwcfi  undefined, 26
     884                      .dwcfi  same_value, 28
     885                      .dwcfi  undefined, 29
     886                      .dwcfi  undefined, 30
     887                      .dwcfi  undefined, 31
     888                      .dwcfi  undefined, 32
     889                      .dwcfi  undefined, 33
     890                      .dwcfi  undefined, 34
     891                      .dwcfi  undefined, 35
     892                      .dwcfi  undefined, 36
TMS320C2000 Assembler PC v6.2.7 Thu Jul 02 08:31:26 2015

Tools Copyright (c) 1996-2014 Texas Instruments Incorporated
C:\Users\Tester\AppData\Local\Temp\0026810                           PAGE   19

     893                      .dwcfi  undefined, 37
     894                      .dwcfi  undefined, 38
     895                      .dwcfi  undefined, 75
     896                      .dwcfi  undefined, 76
     897                      .dwcfi  undefined, 77
     898                      .dwcfi  undefined, 4
     899                      .dwcfi  same_value, 6
     900                      .dwcfi  same_value, 8
     901                      .dwcfi  same_value, 10
     902                      .dwcfi  undefined, 12
     903                      .dwcfi  undefined, 14
     904                      .dwcfi  undefined, 16
     905                      .dwcfi  undefined, 17
     906                      .dwcfi  undefined, 18
     907                      .dwcfi  undefined, 19
     908                      .dwcfi  undefined, 5
     909                      .dwcfi  same_value, 7
     910                      .dwcfi  same_value, 9
     911                      .dwcfi  same_value, 11
     912                      .dwcfi  undefined, 13
     913                      .dwcfi  undefined, 15
     914                      .dwcfi  undefined, 43
     915                      .dwcfi  undefined, 44
     916                      .dwcfi  undefined, 47
     917                      .dwcfi  undefined, 48
     918                      .dwcfi  undefined, 51
     919                      .dwcfi  undefined, 52
     920                      .dwcfi  undefined, 55
     921                      .dwcfi  undefined, 56
     922                      .dwcfi  same_value, 59
     923                      .dwcfi  same_value, 60
     924                      .dwcfi  same_value, 63
     925                      .dwcfi  same_value, 64
     926                      .dwcfi  same_value, 67
     927                      .dwcfi  same_value, 68
     928                      .dwcfi  same_value, 71
     929                      .dwcfi  same_value, 72
     930                      .dwcfi  undefined, 73
     931                      .dwcfi  undefined, 74
     932                      .dwcfi  undefined, 39
     933                      .dwcfi  undefined, 40
     934                      .dwcfi  undefined, 27
     935                      .dwcfi  undefined, 78
     936                      .dwendentry
     937              
     938              ;***************************************************************
     939              ;* DWARF REGISTER MAP                                          *
     940              ;***************************************************************
     941              
     942              $C$DW$53        .dwtag  DW_TAG_TI_assign_register, DW_AT_name("AL")
     943                      .dwattr $C$DW$53, DW_AT_location[DW_OP_reg0]
     944              $C$DW$54        .dwtag  DW_TAG_TI_assign_register, DW_AT_name("AH")
     945                      .dwattr $C$DW$54, DW_AT_location[DW_OP_reg1]
     946              $C$DW$55        .dwtag  DW_TAG_TI_assign_register, DW_AT_name("PL")
     947                      .dwattr $C$DW$55, DW_AT_location[DW_OP_reg2]
TMS320C2000 Assembler PC v6.2.7 Thu Jul 02 08:31:26 2015

Tools Copyright (c) 1996-2014 Texas Instruments Incorporated
C:\Users\Tester\AppData\Local\Temp\0026810                           PAGE   20

     948              $C$DW$56        .dwtag  DW_TAG_TI_assign_register, DW_AT_name("PH")
     949                      .dwattr $C$DW$56, DW_AT_location[DW_OP_reg3]
     950              $C$DW$57        .dwtag  DW_TAG_TI_assign_register, DW_AT_name("SP")
     951                      .dwattr $C$DW$57, DW_AT_location[DW_OP_reg20]
     952              $C$DW$58        .dwtag  DW_TAG_TI_assign_register, DW_AT_name("XT")
     953                      .dwattr $C$DW$58, DW_AT_location[DW_OP_reg21]
     954              $C$DW$59        .dwtag  DW_TAG_TI_assign_register, DW_AT_name("T")
     955                      .dwattr $C$DW$59, DW_AT_location[DW_OP_reg22]
     956              $C$DW$60        .dwtag  DW_TAG_TI_assign_register, DW_AT_name("ST0")
     957                      .dwattr $C$DW$60, DW_AT_location[DW_OP_reg23]
     958              $C$DW$61        .dwtag  DW_TAG_TI_assign_register, DW_AT_name("ST1")
     959                      .dwattr $C$DW$61, DW_AT_location[DW_OP_reg24]
     960              $C$DW$62        .dwtag  DW_TAG_TI_assign_register, DW_AT_name("PC")
     961                      .dwattr $C$DW$62, DW_AT_location[DW_OP_reg25]
     962              $C$DW$63        .dwtag  DW_TAG_TI_assign_register, DW_AT_name("RPC")
     963                      .dwattr $C$DW$63, DW_AT_location[DW_OP_reg26]
     964              $C$DW$64        .dwtag  DW_TAG_TI_assign_register, DW_AT_name("FP")
     965                      .dwattr $C$DW$64, DW_AT_location[DW_OP_reg28]
     966              $C$DW$65        .dwtag  DW_TAG_TI_assign_register, DW_AT_name("DP")
     967                      .dwattr $C$DW$65, DW_AT_location[DW_OP_reg29]
     968              $C$DW$66        .dwtag  DW_TAG_TI_assign_register, DW_AT_name("SXM")
     969                      .dwattr $C$DW$66, DW_AT_location[DW_OP_reg30]
     970              $C$DW$67        .dwtag  DW_TAG_TI_assign_register, DW_AT_name("PM")
     971                      .dwattr $C$DW$67, DW_AT_location[DW_OP_reg31]
     972              $C$DW$68        .dwtag  DW_TAG_TI_assign_register, DW_AT_name("OVM")
     973                      .dwattr $C$DW$68, DW_AT_location[DW_OP_regx 0x20]
     974              $C$DW$69        .dwtag  DW_TAG_TI_assign_register, DW_AT_name("PAGE0")
     975                      .dwattr $C$DW$69, DW_AT_location[DW_OP_regx 0x21]
     976              $C$DW$70        .dwtag  DW_TAG_TI_assign_register, DW_AT_name("AMODE")
     977                      .dwattr $C$DW$70, DW_AT_location[DW_OP_regx 0x22]
     978              $C$DW$71        .dwtag  DW_TAG_TI_assign_register, DW_AT_name("INTM")
     979                      .dwattr $C$DW$71, DW_AT_location[DW_OP_regx 0x23]
     980              $C$DW$72        .dwtag  DW_TAG_TI_assign_register, DW_AT_name("IFR")
     981                      .dwattr $C$DW$72, DW_AT_location[DW_OP_regx 0x24]
     982              $C$DW$73        .dwtag  DW_TAG_TI_assign_register, DW_AT_name("IER")
     983                      .dwattr $C$DW$73, DW_AT_location[DW_OP_regx 0x25]
     984              $C$DW$74        .dwtag  DW_TAG_TI_assign_register, DW_AT_name("V")
     985                      .dwattr $C$DW$74, DW_AT_location[DW_OP_regx 0x26]
     986              $C$DW$75        .dwtag  DW_TAG_TI_assign_register, DW_AT_name("PSEUDOH")
     987                      .dwattr $C$DW$75, DW_AT_location[DW_OP_regx 0x4c]
     988              $C$DW$76        .dwtag  DW_TAG_TI_assign_register, DW_AT_name("VOL")
     989                      .dwattr $C$DW$76, DW_AT_location[DW_OP_regx 0x4d]
     990              $C$DW$77        .dwtag  DW_TAG_TI_assign_register, DW_AT_name("AR0")
     991                      .dwattr $C$DW$77, DW_AT_location[DW_OP_reg4]
     992              $C$DW$78        .dwtag  DW_TAG_TI_assign_register, DW_AT_name("AR1")
     993                      .dwattr $C$DW$78, DW_AT_location[DW_OP_reg6]
     994              $C$DW$79        .dwtag  DW_TAG_TI_assign_register, DW_AT_name("AR2")
     995                      .dwattr $C$DW$79, DW_AT_location[DW_OP_reg8]
     996              $C$DW$80        .dwtag  DW_TAG_TI_assign_register, DW_AT_name("AR3")
     997                      .dwattr $C$DW$80, DW_AT_location[DW_OP_reg10]
     998              $C$DW$81        .dwtag  DW_TAG_TI_assign_register, DW_AT_name("AR4")
     999                      .dwattr $C$DW$81, DW_AT_location[DW_OP_reg12]
    1000              $C$DW$82        .dwtag  DW_TAG_TI_assign_register, DW_AT_name("AR5")
    1001                      .dwattr $C$DW$82, DW_AT_location[DW_OP_reg14]
    1002              $C$DW$83        .dwtag  DW_TAG_TI_assign_register, DW_AT_name("AR6")
TMS320C2000 Assembler PC v6.2.7 Thu Jul 02 08:31:26 2015

Tools Copyright (c) 1996-2014 Texas Instruments Incorporated
C:\Users\Tester\AppData\Local\Temp\0026810                           PAGE   21

    1003                      .dwattr $C$DW$83, DW_AT_location[DW_OP_reg16]
    1004              $C$DW$84        .dwtag  DW_TAG_TI_assign_register, DW_AT_name("XAR6")
    1005                      .dwattr $C$DW$84, DW_AT_location[DW_OP_reg17]
    1006              $C$DW$85        .dwtag  DW_TAG_TI_assign_register, DW_AT_name("AR7")
    1007                      .dwattr $C$DW$85, DW_AT_location[DW_OP_reg18]
    1008              $C$DW$86        .dwtag  DW_TAG_TI_assign_register, DW_AT_name("XAR7")
    1009                      .dwattr $C$DW$86, DW_AT_location[DW_OP_reg19]
    1010              $C$DW$87        .dwtag  DW_TAG_TI_assign_register, DW_AT_name("XAR0")
    1011                      .dwattr $C$DW$87, DW_AT_location[DW_OP_reg5]
    1012              $C$DW$88        .dwtag  DW_TAG_TI_assign_register, DW_AT_name("XAR1")
    1013                      .dwattr $C$DW$88, DW_AT_location[DW_OP_reg7]
    1014              $C$DW$89        .dwtag  DW_TAG_TI_assign_register, DW_AT_name("XAR2")
    1015                      .dwattr $C$DW$89, DW_AT_location[DW_OP_reg9]
    1016              $C$DW$90        .dwtag  DW_TAG_TI_assign_register, DW_AT_name("XAR3")
    1017                      .dwattr $C$DW$90, DW_AT_location[DW_OP_reg11]
    1018              $C$DW$91        .dwtag  DW_TAG_TI_assign_register, DW_AT_name("XAR4")
    1019                      .dwattr $C$DW$91, DW_AT_location[DW_OP_reg13]
    1020              $C$DW$92        .dwtag  DW_TAG_TI_assign_register, DW_AT_name("XAR5")
    1021                      .dwattr $C$DW$92, DW_AT_location[DW_OP_reg15]
    1022              $C$DW$93        .dwtag  DW_TAG_TI_assign_register, DW_AT_name("R0HL")
    1023                      .dwattr $C$DW$93, DW_AT_location[DW_OP_regx 0x2b]
    1024              $C$DW$94        .dwtag  DW_TAG_TI_assign_register, DW_AT_name("R0H")
    1025                      .dwattr $C$DW$94, DW_AT_location[DW_OP_regx 0x2c]
    1026              $C$DW$95        .dwtag  DW_TAG_TI_assign_register, DW_AT_name("R1HL")
    1027                      .dwattr $C$DW$95, DW_AT_location[DW_OP_regx 0x2f]
    1028              $C$DW$96        .dwtag  DW_TAG_TI_assign_register, DW_AT_name("R1H")
    1029                      .dwattr $C$DW$96, DW_AT_location[DW_OP_regx 0x30]
    1030              $C$DW$97        .dwtag  DW_TAG_TI_assign_register, DW_AT_name("R2HL")
    1031                      .dwattr $C$DW$97, DW_AT_location[DW_OP_regx 0x33]
    1032              $C$DW$98        .dwtag  DW_TAG_TI_assign_register, DW_AT_name("R2H")
    1033                      .dwattr $C$DW$98, DW_AT_location[DW_OP_regx 0x34]
    1034              $C$DW$99        .dwtag  DW_TAG_TI_assign_register, DW_AT_name("R3HL")
    1035                      .dwattr $C$DW$99, DW_AT_location[DW_OP_regx 0x37]
    1036              $C$DW$100       .dwtag  DW_TAG_TI_assign_register, DW_AT_name("R3H")
    1037                      .dwattr $C$DW$100, DW_AT_location[DW_OP_regx 0x38]
    1038              $C$DW$101       .dwtag  DW_TAG_TI_assign_register, DW_AT_name("R4HL")
    1039                      .dwattr $C$DW$101, DW_AT_location[DW_OP_regx 0x3b]
    1040              $C$DW$102       .dwtag  DW_TAG_TI_assign_register, DW_AT_name("R4H")
    1041                      .dwattr $C$DW$102, DW_AT_location[DW_OP_regx 0x3c]
    1042              $C$DW$103       .dwtag  DW_TAG_TI_assign_register, DW_AT_name("R5HL")
    1043                      .dwattr $C$DW$103, DW_AT_location[DW_OP_regx 0x3f]
    1044              $C$DW$104       .dwtag  DW_TAG_TI_assign_register, DW_AT_name("R5H")
    1045                      .dwattr $C$DW$104, DW_AT_location[DW_OP_regx 0x40]
    1046              $C$DW$105       .dwtag  DW_TAG_TI_assign_register, DW_AT_name("R6HL")
    1047                      .dwattr $C$DW$105, DW_AT_location[DW_OP_regx 0x43]
    1048              $C$DW$106       .dwtag  DW_TAG_TI_assign_register, DW_AT_name("R6H")
    1049                      .dwattr $C$DW$106, DW_AT_location[DW_OP_regx 0x44]
    1050              $C$DW$107       .dwtag  DW_TAG_TI_assign_register, DW_AT_name("R7HL")
    1051                      .dwattr $C$DW$107, DW_AT_location[DW_OP_regx 0x47]
    1052              $C$DW$108       .dwtag  DW_TAG_TI_assign_register, DW_AT_name("R7H")
    1053                      .dwattr $C$DW$108, DW_AT_location[DW_OP_regx 0x48]
    1054              $C$DW$109       .dwtag  DW_TAG_TI_assign_register, DW_AT_name("RBL")
    1055                      .dwattr $C$DW$109, DW_AT_location[DW_OP_regx 0x49]
    1056              $C$DW$110       .dwtag  DW_TAG_TI_assign_register, DW_AT_name("RB")
    1057                      .dwattr $C$DW$110, DW_AT_location[DW_OP_regx 0x4a]
TMS320C2000 Assembler PC v6.2.7 Thu Jul 02 08:31:26 2015

Tools Copyright (c) 1996-2014 Texas Instruments Incorporated
C:\Users\Tester\AppData\Local\Temp\0026810                           PAGE   22

    1058              $C$DW$111       .dwtag  DW_TAG_TI_assign_register, DW_AT_name("STFL")
    1059                      .dwattr $C$DW$111, DW_AT_location[DW_OP_regx 0x27]
    1060              $C$DW$112       .dwtag  DW_TAG_TI_assign_register, DW_AT_name("STF")
    1061                      .dwattr $C$DW$112, DW_AT_location[DW_OP_regx 0x28]
    1062              $C$DW$113       .dwtag  DW_TAG_TI_assign_register, DW_AT_name("FPUHAZ")
    1063                      .dwattr $C$DW$113, DW_AT_location[DW_OP_reg27]
    1064              $C$DW$114       .dwtag  DW_TAG_TI_assign_register, DW_AT_name("CIE_RETA")
    1065                      .dwattr $C$DW$114, DW_AT_location[DW_OP_regx 0x4e]
    1066                      .dwendtag $C$DW$CU
    1067              

No Assembly Errors, No Assembly Warnings
