TMS320C2000 Assembler PC v6.2.7 Thu Jul 02 08:31:26 2015

Tools Copyright (c) 1996-2014 Texas Instruments Incorporated
C:\Users\Tester\AppData\Local\Temp\0416810                           PAGE    1

       1              ;***************************************************************
       2              ;* TMS320C2000 C/C++ Codegen                         PC v6.2.7 *
       3              ;* Date/Time created: Thu Jul 02 08:31:26 2015                 *
       4              ;***************************************************************
       5                      .compiler_opts --diag_wrap=off --float_support=fpu32 --hll_source=on --mem_model:code=flat --mem_mode
       6        0002  FP      .set    XAR2
       7              
       8              $C$DW$CU        .dwtag  DW_TAG_compile_unit
       9                      .dwattr $C$DW$CU, DW_AT_name("../ConvertorCntrl/CargConvertor.c")
      10                      .dwattr $C$DW$CU, DW_AT_producer("TMS320C2000 C/C++ Codegen PC v6.2.7 Copyright (c) 1996-2014 Texas I
      11                      .dwattr $C$DW$CU, DW_AT_TI_version(0x01)
      12                      .dwattr $C$DW$CU, DW_AT_comp_dir("D:\ActiveProject\EKT5\PKMT_NONBIOS\InvertorCntrl\ISPprg")
      13              
      14              $C$DW$1 .dwtag  DW_TAG_subprogram, DW_AT_name("enableCntrlPwm")
      15                      .dwattr $C$DW$1, DW_AT_TI_symbol_name("_enableCntrlPwm")
      16                      .dwattr $C$DW$1, DW_AT_declaration
      17                      .dwattr $C$DW$1, DW_AT_external
      18              
      19              $C$DW$2 .dwtag  DW_TAG_subprogram, DW_AT_name("InitOSC")
      20                      .dwattr $C$DW$2, DW_AT_TI_symbol_name("_InitOSC")
      21                      .dwattr $C$DW$2, DW_AT_declaration
      22                      .dwattr $C$DW$2, DW_AT_external
      23              $C$DW$3 .dwtag  DW_TAG_formal_parameter
      24                      .dwattr $C$DW$3, DW_AT_type(*$C$DW$T$5)
      25                      .dwendtag $C$DW$2
      26              
      27              
      28              $C$DW$4 .dwtag  DW_TAG_subprogram, DW_AT_name("initOvervoltCntrl")
      29                      .dwattr $C$DW$4, DW_AT_TI_symbol_name("_initOvervoltCntrl")
      30                      .dwattr $C$DW$4, DW_AT_declaration
      31                      .dwattr $C$DW$4, DW_AT_external
      32              
      33              $C$DW$5 .dwtag  DW_TAG_subprogram, DW_AT_name("initIbyTLimit")
      34                      .dwattr $C$DW$5, DW_AT_TI_symbol_name("_initIbyTLimit")
      35                      .dwattr $C$DW$5, DW_AT_declaration
      36                      .dwattr $C$DW$5, DW_AT_external
      37              
      38              $C$DW$6 .dwtag  DW_TAG_subprogram, DW_AT_name("initOverloadCntrl")
      39                      .dwattr $C$DW$6, DW_AT_TI_symbol_name("_initOverloadCntrl")
      40                      .dwattr $C$DW$6, DW_AT_declaration
      41                      .dwattr $C$DW$6, DW_AT_external
      42              
      43              $C$DW$7 .dwtag  DW_TAG_subprogram, DW_AT_name("initDcDecelation")
      44                      .dwattr $C$DW$7, DW_AT_TI_symbol_name("_initDcDecelation")
      45                      .dwattr $C$DW$7, DW_AT_declaration
      46                      .dwattr $C$DW$7, DW_AT_external
      47              
      48              $C$DW$8 .dwtag  DW_TAG_subprogram, DW_AT_name("initOsPid")
      49                      .dwattr $C$DW$8, DW_AT_TI_symbol_name("_initOsPid")
      50                      .dwattr $C$DW$8, DW_AT_declaration
      51                      .dwattr $C$DW$8, DW_AT_external
      52              $C$DW$9 .dwtag  DW_TAG_formal_parameter
      53                      .dwattr $C$DW$9, DW_AT_type(*$C$DW$T$5)
      54                      .dwendtag $C$DW$8
      55              
TMS320C2000 Assembler PC v6.2.7 Thu Jul 02 08:31:26 2015

Tools Copyright (c) 1996-2014 Texas Instruments Incorporated
C:\Users\Tester\AppData\Local\Temp\0416810                           PAGE    2

      56              
      57              $C$DW$10        .dwtag  DW_TAG_subprogram, DW_AT_name("initAnalogTaskSignal")
      58                      .dwattr $C$DW$10, DW_AT_TI_symbol_name("_initAnalogTaskSignal")
      59                      .dwattr $C$DW$10, DW_AT_declaration
      60                      .dwattr $C$DW$10, DW_AT_external
      61              
      62              $C$DW$11        .dwtag  DW_TAG_subprogram, DW_AT_name("initIrCompensation")
      63                      .dwattr $C$DW$11, DW_AT_TI_symbol_name("_initIrCompensation")
      64                      .dwattr $C$DW$11, DW_AT_declaration
      65                      .dwattr $C$DW$11, DW_AT_external
      66              
      67              $C$DW$12        .dwtag  DW_TAG_subprogram, DW_AT_name("initAnalogOsSignal")
      68                      .dwattr $C$DW$12, DW_AT_TI_symbol_name("_initAnalogOsSignal")
      69                      .dwattr $C$DW$12, DW_AT_declaration
      70                      .dwattr $C$DW$12, DW_AT_external
      71              
      72              $C$DW$13        .dwtag  DW_TAG_subprogram, DW_AT_name("initAverageMsr")
      73                      .dwattr $C$DW$13, DW_AT_TI_symbol_name("_initAverageMsr")
      74                      .dwattr $C$DW$13, DW_AT_declaration
      75                      .dwattr $C$DW$13, DW_AT_external
      76              
      77              $C$DW$14        .dwtag  DW_TAG_subprogram, DW_AT_name("onChargeRele")
      78                      .dwattr $C$DW$14, DW_AT_TI_symbol_name("_onChargeRele")
      79                      .dwattr $C$DW$14, DW_AT_declaration
      80                      .dwattr $C$DW$14, DW_AT_external
      81              
      82              $C$DW$15        .dwtag  DW_TAG_subprogram, DW_AT_name("SET_DELAY_CONV_DL")
      83                      .dwattr $C$DW$15, DW_AT_TI_symbol_name("_SET_DELAY_CONV_DL")
      84                      .dwattr $C$DW$15, DW_AT_declaration
      85                      .dwattr $C$DW$15, DW_AT_external
      86              $C$DW$16        .dwtag  DW_TAG_formal_parameter
      87                      .dwattr $C$DW$16, DW_AT_type(*$C$DW$T$20)
      88                      .dwendtag $C$DW$15
      89              
      90              
      91              $C$DW$17        .dwtag  DW_TAG_subprogram, DW_AT_name("presetAdc")
      92                      .dwattr $C$DW$17, DW_AT_TI_symbol_name("_presetAdc")
      93                      .dwattr $C$DW$17, DW_AT_declaration
      94                      .dwattr $C$DW$17, DW_AT_external
      95              $C$DW$18        .dwtag  DW_TAG_formal_parameter
      96                      .dwattr $C$DW$18, DW_AT_type(*$C$DW$T$5)
      97                      .dwendtag $C$DW$17
      98              
      99              
     100              $C$DW$19        .dwtag  DW_TAG_subprogram, DW_AT_name("presetAccelDecel")
     101                      .dwattr $C$DW$19, DW_AT_TI_symbol_name("_presetAccelDecel")
     102                      .dwattr $C$DW$19, DW_AT_declaration
     103                      .dwattr $C$DW$19, DW_AT_external
     104              
     105              $C$DW$20        .dwtag  DW_TAG_subprogram, DW_AT_name("presetFreqToVoltag")
     106                      .dwattr $C$DW$20, DW_AT_TI_symbol_name("_presetFreqToVoltag")
     107                      .dwattr $C$DW$20, DW_AT_declaration
     108                      .dwattr $C$DW$20, DW_AT_external
     109              
     110              $C$DW$21        .dwtag  DW_TAG_subprogram, DW_AT_name("offChargeRele")
TMS320C2000 Assembler PC v6.2.7 Thu Jul 02 08:31:26 2015

Tools Copyright (c) 1996-2014 Texas Instruments Incorporated
C:\Users\Tester\AppData\Local\Temp\0416810                           PAGE    3

     111                      .dwattr $C$DW$21, DW_AT_TI_symbol_name("_offChargeRele")
     112                      .dwattr $C$DW$21, DW_AT_declaration
     113                      .dwattr $C$DW$21, DW_AT_external
     114              
     115              $C$DW$22        .dwtag  DW_TAG_subprogram, DW_AT_name("onPwrRele")
     116                      .dwattr $C$DW$22, DW_AT_TI_symbol_name("_onPwrRele")
     117                      .dwattr $C$DW$22, DW_AT_declaration
     118                      .dwattr $C$DW$22, DW_AT_external
     119              
     120              $C$DW$23        .dwtag  DW_TAG_subprogram, DW_AT_name("testStatusConvertor")
     121                      .dwattr $C$DW$23, DW_AT_TI_symbol_name("_testStatusConvertor")
     122                      .dwattr $C$DW$23, DW_AT_type(*$C$DW$T$31)
     123                      .dwattr $C$DW$23, DW_AT_declaration
     124                      .dwattr $C$DW$23, DW_AT_external
     125              $C$DW$24        .dwtag  DW_TAG_formal_parameter
     126                      .dwattr $C$DW$24, DW_AT_type(*$C$DW$T$28)
     127                      .dwendtag $C$DW$23
     128              
     129              
     130              $C$DW$25        .dwtag  DW_TAG_subprogram, DW_AT_name("getMomentaryVoltagDC")
     131                      .dwattr $C$DW$25, DW_AT_TI_symbol_name("_getMomentaryVoltagDC")
     132                      .dwattr $C$DW$25, DW_AT_type(*$C$DW$T$16)
     133                      .dwattr $C$DW$25, DW_AT_declaration
     134                      .dwattr $C$DW$25, DW_AT_external
     135              ;       C:\ti\ccsv6\tools\compiler\c2000_6.2.7\bin\ac2000.exe -@C:\\Users\\Tester\\AppData\\Local\\Temp\\0416
     136 00000000               .sect   ".text"
     137                      .clink
     138                      .global _getCntrlChargConvertor
     139              
     140              $C$DW$26        .dwtag  DW_TAG_subprogram, DW_AT_name("getCntrlChargConvertor")
     141                      .dwattr $C$DW$26, DW_AT_low_pc(_getCntrlChargConvertor)
     142                      .dwattr $C$DW$26, DW_AT_high_pc(0x00)
     143                      .dwattr $C$DW$26, DW_AT_TI_symbol_name("_getCntrlChargConvertor")
     144                      .dwattr $C$DW$26, DW_AT_external
     145                      .dwattr $C$DW$26, DW_AT_type(*$C$DW$T$28)
     146                      .dwattr $C$DW$26, DW_AT_TI_begin_file("../ConvertorCntrl/CargConvertor.c")
     147                      .dwattr $C$DW$26, DW_AT_TI_begin_line(0x16)
     148                      .dwattr $C$DW$26, DW_AT_TI_begin_column(0x08)
     149                      .dwattr $C$DW$26, DW_AT_TI_max_frame_size(-6)
     150                      .dwpsn  file "../ConvertorCntrl/CargConvertor.c",line 22,column 44,is_stmt,address _getCntrlChargConv
     151              
     152                      .dwfde $C$DW$CIE, _getCntrlChargConvertor
     153              $C$DW$27        .dwtag  DW_TAG_formal_parameter, DW_AT_name("mode")
     154                      .dwattr $C$DW$27, DW_AT_TI_symbol_name("_mode")
     155                      .dwattr $C$DW$27, DW_AT_type(*$C$DW$T$29)
     156                      .dwattr $C$DW$27, DW_AT_location[DW_OP_reg12]
     157              
     158              ;***************************************************************
     159              ;* FNAME: _getCntrlChargConvertor       FR SIZE:   4           *
     160              ;*                                                             *
     161              ;* FUNCTION ENVIRONMENT                                        *
     162              ;*                                                             *
     163              ;* FUNCTION PROPERTIES                                         *
     164              ;*                            2 Parameter,  2 Auto,  0 SOE     *
     165              ;***************************************************************
TMS320C2000 Assembler PC v6.2.7 Thu Jul 02 08:31:26 2015

Tools Copyright (c) 1996-2014 Texas Instruments Incorporated
C:\Users\Tester\AppData\Local\Temp\0416810                           PAGE    4

     166              
     167 00000000       _getCntrlChargConvertor:
     168                      .dwcfi  cfa_offset, -2
     169                      .dwcfi  save_reg_to_mem, 26, 0
     170                      .dwcfi  save_reg_to_reg, 78, 26
     171 00000000 FE04          ADDB      SP,#4                 ; [CPU_U] 
     172                      .dwcfi  cfa_offset, -6
     173              $C$DW$28        .dwtag  DW_TAG_variable, DW_AT_name("mode")
     174                      .dwattr $C$DW$28, DW_AT_TI_symbol_name("_mode")
     175                      .dwattr $C$DW$28, DW_AT_type(*$C$DW$T$29)
     176                      .dwattr $C$DW$28, DW_AT_location[DW_OP_breg20 -4]
     177 00000001 A844          MOVL      *-SP[4],XAR4          ; [CPU_] |22| 
     178                      .dwpsn  file "../ConvertorCntrl/CargConvertor.c",line 23,column 2,is_stmt
     179 00000002 28A9          MOV       AL,#33776             ; [CPU_] |23| 
         00000003 83F0 
     180              $C$DW$29        .dwtag  DW_TAG_TI_branch
     181                      .dwattr $C$DW$29, DW_AT_low_pc(0x00)
     182                      .dwattr $C$DW$29, DW_AT_name("_testStatusConvertor")
     183                      .dwattr $C$DW$29, DW_AT_TI_call
     184 00000004 7640!         LCR       #_testStatusConvertor ; [CPU_] |23| 
         00000005 0000 
     185                      ; call occurs [#_testStatusConvertor] ; [] |23| 
     186 00000006 5200          CMPB      AL,#0                 ; [CPU_] |23| 
     187 00000007 EC03          BF        $C$L1,EQ              ; [CPU_] |23| 
     188                      ; branchcc occurs ; [] |23| 
     189                      .dwpsn  file "../ConvertorCntrl/CargConvertor.c",line 24,column 3,is_stmt
     190 00000008 9A10          MOVB      AL,#16                ; [CPU_] |24| 
     191 00000009 6F7B          B         $C$L11,UNC            ; [CPU_] |24| 
     192                      ; branch occurs ; [] |24| 
     193 0000000a       $C$L1:    
     194                      .dwpsn  file "../ConvertorCntrl/CargConvertor.c",line 25,column 2,is_stmt
     195 0000000a 9A0C          MOVB      AL,#12                ; [CPU_] |25| 
     196              $C$DW$30        .dwtag  DW_TAG_TI_branch
     197                      .dwattr $C$DW$30, DW_AT_low_pc(0x00)
     198                      .dwattr $C$DW$30, DW_AT_name("_testStatusConvertor")
     199                      .dwattr $C$DW$30, DW_AT_TI_call
     200 0000000b 7640!         LCR       #_testStatusConvertor ; [CPU_] |25| 
         0000000c 0000 
     201                      ; call occurs [#_testStatusConvertor] ; [] |25| 
     202 0000000d 5200          CMPB      AL,#0                 ; [CPU_] |25| 
     203 0000000e ED6B          BF        $C$L10,NEQ            ; [CPU_] |25| 
     204                      ; branchcc occurs ; [] |25| 
     205                      .dwpsn  file "../ConvertorCntrl/CargConvertor.c",line 26,column 3,is_stmt
     206 0000000f 8A44          MOVL      XAR4,*-SP[4]          ; [CPU_] |26| 
     207 00000010 2BC4          MOV       *+XAR4[0],#0          ; [CPU_] |26| 
     208                      .dwpsn  file "../ConvertorCntrl/CargConvertor.c",line 27,column 3,is_stmt
     209 00000011 9A01          MOVB      AL,#1                 ; [CPU_] |27| 
     210 00000012 6F72          B         $C$L11,UNC            ; [CPU_] |27| 
     211                      ; branch occurs ; [] |27| 
     212 00000013       $C$L2:    
     213                      .dwpsn  file "../ConvertorCntrl/CargConvertor.c",line 33,column 4,is_stmt
     214 00000013 9A02          MOVB      AL,#2                 ; [CPU_] |33| 
     215              $C$DW$31        .dwtag  DW_TAG_TI_branch
     216                      .dwattr $C$DW$31, DW_AT_low_pc(0x00)
     217                      .dwattr $C$DW$31, DW_AT_name("_presetAdc")
TMS320C2000 Assembler PC v6.2.7 Thu Jul 02 08:31:26 2015

Tools Copyright (c) 1996-2014 Texas Instruments Incorporated
C:\Users\Tester\AppData\Local\Temp\0416810                           PAGE    5

     218                      .dwattr $C$DW$31, DW_AT_TI_call
     219 00000014 7640!         LCR       #_presetAdc           ; [CPU_] |33| 
         00000015 0000 
     220                      ; call occurs [#_presetAdc] ; [] |33| 
     221                      .dwpsn  file "../ConvertorCntrl/CargConvertor.c",line 34,column 4,is_stmt
     222              $C$DW$32        .dwtag  DW_TAG_TI_branch
     223                      .dwattr $C$DW$32, DW_AT_low_pc(0x00)
     224                      .dwattr $C$DW$32, DW_AT_name("_onChargeRele")
     225                      .dwattr $C$DW$32, DW_AT_TI_call
     226 00000016 7640!         LCR       #_onChargeRele        ; [CPU_] |34| 
         00000017 0000 
     227                      ; call occurs [#_onChargeRele] ; [] |34| 
     228                      .dwpsn  file "../ConvertorCntrl/CargConvertor.c",line 35,column 4,is_stmt
     229 00000018 8A44          MOVL      XAR4,*-SP[4]          ; [CPU_] |35| 
     230 00000019 56BF          MOVB      *+XAR4[0],#6,UNC      ; [CPU_] |35| 
         0000001a 06C4 
     231                      .dwpsn  file "../ConvertorCntrl/CargConvertor.c",line 36,column 4,is_stmt
     232 0000001b 9A00          MOVB      AL,#0                 ; [CPU_] |36| 
     233              $C$DW$33        .dwtag  DW_TAG_TI_branch
     234                      .dwattr $C$DW$33, DW_AT_low_pc(0x00)
     235                      .dwattr $C$DW$33, DW_AT_name("_initOsPid")
     236                      .dwattr $C$DW$33, DW_AT_TI_call
     237 0000001c 7640!         LCR       #_initOsPid           ; [CPU_] |36| 
         0000001d 0000 
     238                      ; call occurs [#_initOsPid] ; [] |36| 
     239                      .dwpsn  file "../ConvertorCntrl/CargConvertor.c",line 37,column 4,is_stmt
     240 0000001e 020A          MOVB      ACC,#10               ; [CPU_] |37| 
     241              $C$DW$34        .dwtag  DW_TAG_TI_branch
     242                      .dwattr $C$DW$34, DW_AT_low_pc(0x00)
     243                      .dwattr $C$DW$34, DW_AT_name("_SET_DELAY_CONV_DL")
     244                      .dwattr $C$DW$34, DW_AT_TI_call
     245 0000001f 7640!         LCR       #_SET_DELAY_CONV_DL   ; [CPU_] |37| 
         00000020 0000 
     246                      ; call occurs [#_SET_DELAY_CONV_DL] ; [] |37| 
     247                      .dwpsn  file "../ConvertorCntrl/CargConvertor.c",line 38,column 4,is_stmt
     248 00000021 9A02          MOVB      AL,#2                 ; [CPU_] |38| 
     249 00000022 6F62          B         $C$L11,UNC            ; [CPU_] |38| 
     250                      ; branch occurs ; [] |38| 
     251 00000023       $C$L3:    
     252                      .dwpsn  file "../ConvertorCntrl/CargConvertor.c",line 41,column 4,is_stmt
     253 00000023 9A02          MOVB      AL,#2                 ; [CPU_] |41| 
     254              $C$DW$35        .dwtag  DW_TAG_TI_branch
     255                      .dwattr $C$DW$35, DW_AT_low_pc(0x00)
     256                      .dwattr $C$DW$35, DW_AT_name("_presetAdc")
     257                      .dwattr $C$DW$35, DW_AT_TI_call
     258 00000024 7640!         LCR       #_presetAdc           ; [CPU_] |41| 
         00000025 0000 
     259                      ; call occurs [#_presetAdc] ; [] |41| 
     260                      .dwpsn  file "../ConvertorCntrl/CargConvertor.c",line 42,column 4,is_stmt
     261              $C$DW$36        .dwtag  DW_TAG_TI_branch
     262                      .dwattr $C$DW$36, DW_AT_low_pc(0x00)
     263                      .dwattr $C$DW$36, DW_AT_name("_getMomentaryVoltagDC")
     264                      .dwattr $C$DW$36, DW_AT_TI_call
     265 00000026 7640!         LCR       #_getMomentaryVoltagDC ; [CPU_] |42| 
         00000027 0000 
TMS320C2000 Assembler PC v6.2.7 Thu Jul 02 08:31:26 2015

Tools Copyright (c) 1996-2014 Texas Instruments Incorporated
C:\Users\Tester\AppData\Local\Temp\0416810                           PAGE    6

     266                      ; call occurs [#_getMomentaryVoltagDC] ; [] |42| 
     267 00000028 E802          MOVIZ     R1H,#17354            ; [CPU_] |42| 
         00000029 1E51 
     268 0000002a E80C          MOVXI     R1H,#32768            ; [CPU_] |42| 
         0000002b 0001 
     269 0000002c E694          CMPF32    R0H,R1H               ; [CPU_] |42| 
         0000002d 0008 
     270 0000002e AD14          MOVST0    ZF, NF                ; [CPU_] |42| 
     271 0000002f 6508          B         $C$L4,LEQ             ; [CPU_] |42| 
     272                      ; branchcc occurs ; [] |42| 
     273                      .dwpsn  file "../ConvertorCntrl/CargConvertor.c",line 43,column 5,is_stmt
     274 00000030 8A44          MOVL      XAR4,*-SP[4]          ; [CPU_] |43| 
     275 00000031 56BF          MOVB      *+XAR4[0],#8,UNC      ; [CPU_] |43| 
         00000032 08C4 
     276                      .dwpsn  file "../ConvertorCntrl/CargConvertor.c",line 44,column 5,is_stmt
     277 00000033 020A          MOVB      ACC,#10               ; [CPU_] |44| 
     278              $C$DW$37        .dwtag  DW_TAG_TI_branch
     279                      .dwattr $C$DW$37, DW_AT_low_pc(0x00)
     280                      .dwattr $C$DW$37, DW_AT_name("_SET_DELAY_CONV_DL")
     281                      .dwattr $C$DW$37, DW_AT_TI_call
     282 00000034 7640!         LCR       #_SET_DELAY_CONV_DL   ; [CPU_] |44| 
         00000035 0000 
     283                      ; call occurs [#_SET_DELAY_CONV_DL] ; [] |44| 
     284                      .dwpsn  file "../ConvertorCntrl/CargConvertor.c",line 45,column 4,is_stmt
     285 00000036 6F04          B         $C$L5,UNC             ; [CPU_] |45| 
     286                      ; branch occurs ; [] |45| 
     287 00000037       $C$L4:    
     288                      .dwpsn  file "../ConvertorCntrl/CargConvertor.c",line 46,column 5,is_stmt
     289 00000037 0214          MOVB      ACC,#20               ; [CPU_] |46| 
     290              $C$DW$38        .dwtag  DW_TAG_TI_branch
     291                      .dwattr $C$DW$38, DW_AT_low_pc(0x00)
     292                      .dwattr $C$DW$38, DW_AT_name("_SET_DELAY_CONV_DL")
     293                      .dwattr $C$DW$38, DW_AT_TI_call
     294 00000038 7640!         LCR       #_SET_DELAY_CONV_DL   ; [CPU_] |46| 
         00000039 0000 
     295                      ; call occurs [#_SET_DELAY_CONV_DL] ; [] |46| 
     296 0000003a       $C$L5:    
     297                      .dwpsn  file "../ConvertorCntrl/CargConvertor.c",line 48,column 4,is_stmt
     298 0000003a 9A02          MOVB      AL,#2                 ; [CPU_] |48| 
     299 0000003b 6F49          B         $C$L11,UNC            ; [CPU_] |48| 
     300                      ; branch occurs ; [] |48| 
     301 0000003c       $C$L6:    
     302                      .dwpsn  file "../ConvertorCntrl/CargConvertor.c",line 51,column 4,is_stmt
     303 0000003c 9A02          MOVB      AL,#2                 ; [CPU_] |51| 
     304              $C$DW$39        .dwtag  DW_TAG_TI_branch
     305                      .dwattr $C$DW$39, DW_AT_low_pc(0x00)
     306                      .dwattr $C$DW$39, DW_AT_name("_presetAdc")
     307                      .dwattr $C$DW$39, DW_AT_TI_call
     308 0000003d 7640!         LCR       #_presetAdc           ; [CPU_] |51| 
         0000003e 0000 
     309                      ; call occurs [#_presetAdc] ; [] |51| 
     310                      .dwpsn  file "../ConvertorCntrl/CargConvertor.c",line 52,column 4,is_stmt
     311              $C$DW$40        .dwtag  DW_TAG_TI_branch
     312                      .dwattr $C$DW$40, DW_AT_low_pc(0x00)
     313                      .dwattr $C$DW$40, DW_AT_name("_offChargeRele")
TMS320C2000 Assembler PC v6.2.7 Thu Jul 02 08:31:26 2015

Tools Copyright (c) 1996-2014 Texas Instruments Incorporated
C:\Users\Tester\AppData\Local\Temp\0416810                           PAGE    7

     314                      .dwattr $C$DW$40, DW_AT_TI_call
     315 0000003f 7640!         LCR       #_offChargeRele       ; [CPU_] |52| 
         00000040 0000 
     316                      ; call occurs [#_offChargeRele] ; [] |52| 
     317                      .dwpsn  file "../ConvertorCntrl/CargConvertor.c",line 53,column 4,is_stmt
     318              $C$DW$41        .dwtag  DW_TAG_TI_branch
     319                      .dwattr $C$DW$41, DW_AT_low_pc(0x00)
     320                      .dwattr $C$DW$41, DW_AT_name("_onPwrRele")
     321                      .dwattr $C$DW$41, DW_AT_TI_call
     322 00000041 7640!         LCR       #_onPwrRele           ; [CPU_] |53| 
         00000042 0000 
     323                      ; call occurs [#_onPwrRele] ; [] |53| 
     324                      .dwpsn  file "../ConvertorCntrl/CargConvertor.c",line 55,column 4,is_stmt
     325 00000043 0264          MOVB      ACC,#100              ; [CPU_] |55| 
     326              $C$DW$42        .dwtag  DW_TAG_TI_branch
     327                      .dwattr $C$DW$42, DW_AT_low_pc(0x00)
     328                      .dwattr $C$DW$42, DW_AT_name("_SET_DELAY_CONV_DL")
     329                      .dwattr $C$DW$42, DW_AT_TI_call
     330 00000044 7640!         LCR       #_SET_DELAY_CONV_DL   ; [CPU_] |55| 
         00000045 0000 
     331                      ; call occurs [#_SET_DELAY_CONV_DL] ; [] |55| 
     332                      .dwpsn  file "../ConvertorCntrl/CargConvertor.c",line 56,column 4,is_stmt
     333 00000046 8A44          MOVL      XAR4,*-SP[4]          ; [CPU_] |56| 
     334 00000047 56BF          MOVB      *+XAR4[0],#7,UNC      ; [CPU_] |56| 
         00000048 07C4 
     335                      .dwpsn  file "../ConvertorCntrl/CargConvertor.c",line 58,column 4,is_stmt
     336 00000049 9A00          MOVB      AL,#0                 ; [CPU_] |58| 
     337              $C$DW$43        .dwtag  DW_TAG_TI_branch
     338                      .dwattr $C$DW$43, DW_AT_low_pc(0x00)
     339                      .dwattr $C$DW$43, DW_AT_name("_InitOSC")
     340                      .dwattr $C$DW$43, DW_AT_TI_call
     341 0000004a 7640!         LCR       #_InitOSC             ; [CPU_] |58| 
         0000004b 0000 
     342                      ; call occurs [#_InitOSC] ; [] |58| 
     343                      .dwpsn  file "../ConvertorCntrl/CargConvertor.c",line 59,column 4,is_stmt
     344              $C$DW$44        .dwtag  DW_TAG_TI_branch
     345                      .dwattr $C$DW$44, DW_AT_low_pc(0x00)
     346                      .dwattr $C$DW$44, DW_AT_name("_initOvervoltCntrl")
     347                      .dwattr $C$DW$44, DW_AT_TI_call
     348 0000004c 7640!         LCR       #_initOvervoltCntrl   ; [CPU_] |59| 
         0000004d 0000 
     349                      ; call occurs [#_initOvervoltCntrl] ; [] |59| 
     350                      .dwpsn  file "../ConvertorCntrl/CargConvertor.c",line 60,column 4,is_stmt
     351              $C$DW$45        .dwtag  DW_TAG_TI_branch
     352                      .dwattr $C$DW$45, DW_AT_low_pc(0x00)
     353                      .dwattr $C$DW$45, DW_AT_name("_initOverloadCntrl")
     354                      .dwattr $C$DW$45, DW_AT_TI_call
     355 0000004e 7640!         LCR       #_initOverloadCntrl   ; [CPU_] |60| 
         0000004f 0000 
     356                      ; call occurs [#_initOverloadCntrl] ; [] |60| 
     357                      .dwpsn  file "../ConvertorCntrl/CargConvertor.c",line 61,column 4,is_stmt
     358              $C$DW$46        .dwtag  DW_TAG_TI_branch
     359                      .dwattr $C$DW$46, DW_AT_low_pc(0x00)
     360                      .dwattr $C$DW$46, DW_AT_name("_initIbyTLimit")
     361                      .dwattr $C$DW$46, DW_AT_TI_call
TMS320C2000 Assembler PC v6.2.7 Thu Jul 02 08:31:26 2015

Tools Copyright (c) 1996-2014 Texas Instruments Incorporated
C:\Users\Tester\AppData\Local\Temp\0416810                           PAGE    8

     362 00000050 7640!         LCR       #_initIbyTLimit       ; [CPU_] |61| 
         00000051 0000 
     363                      ; call occurs [#_initIbyTLimit] ; [] |61| 
     364                      .dwpsn  file "../ConvertorCntrl/CargConvertor.c",line 62,column 4,is_stmt
     365              $C$DW$47        .dwtag  DW_TAG_TI_branch
     366                      .dwattr $C$DW$47, DW_AT_low_pc(0x00)
     367                      .dwattr $C$DW$47, DW_AT_name("_initAverageMsr")
     368                      .dwattr $C$DW$47, DW_AT_TI_call
     369 00000052 7640!         LCR       #_initAverageMsr      ; [CPU_] |62| 
         00000053 0000 
     370                      ; call occurs [#_initAverageMsr] ; [] |62| 
     371                      .dwpsn  file "../ConvertorCntrl/CargConvertor.c",line 63,column 4,is_stmt
     372              $C$DW$48        .dwtag  DW_TAG_TI_branch
     373                      .dwattr $C$DW$48, DW_AT_low_pc(0x00)
     374                      .dwattr $C$DW$48, DW_AT_name("_presetAccelDecel")
     375                      .dwattr $C$DW$48, DW_AT_TI_call
     376 00000054 7640!         LCR       #_presetAccelDecel    ; [CPU_] |63| 
         00000055 0000 
     377                      ; call occurs [#_presetAccelDecel] ; [] |63| 
     378                      .dwpsn  file "../ConvertorCntrl/CargConvertor.c",line 64,column 4,is_stmt
     379              $C$DW$49        .dwtag  DW_TAG_TI_branch
     380                      .dwattr $C$DW$49, DW_AT_low_pc(0x00)
     381                      .dwattr $C$DW$49, DW_AT_name("_presetFreqToVoltag")
     382                      .dwattr $C$DW$49, DW_AT_TI_call
     383 00000056 7640!         LCR       #_presetFreqToVoltag  ; [CPU_] |64| 
         00000057 0000 
     384                      ; call occurs [#_presetFreqToVoltag] ; [] |64| 
     385                      .dwpsn  file "../ConvertorCntrl/CargConvertor.c",line 65,column 4,is_stmt
     386              $C$DW$50        .dwtag  DW_TAG_TI_branch
     387                      .dwattr $C$DW$50, DW_AT_low_pc(0x00)
     388                      .dwattr $C$DW$50, DW_AT_name("_initAnalogTaskSignal")
     389                      .dwattr $C$DW$50, DW_AT_TI_call
     390 00000058 7640!         LCR       #_initAnalogTaskSignal ; [CPU_] |65| 
         00000059 0000 
     391                      ; call occurs [#_initAnalogTaskSignal] ; [] |65| 
     392                      .dwpsn  file "../ConvertorCntrl/CargConvertor.c",line 66,column 4,is_stmt
     393              $C$DW$51        .dwtag  DW_TAG_TI_branch
     394                      .dwattr $C$DW$51, DW_AT_low_pc(0x00)
     395                      .dwattr $C$DW$51, DW_AT_name("_initAnalogOsSignal")
     396                      .dwattr $C$DW$51, DW_AT_TI_call
     397 0000005a 7640!         LCR       #_initAnalogOsSignal  ; [CPU_] |66| 
         0000005b 0000 
     398                      ; call occurs [#_initAnalogOsSignal] ; [] |66| 
     399                      .dwpsn  file "../ConvertorCntrl/CargConvertor.c",line 67,column 4,is_stmt
     400              $C$DW$52        .dwtag  DW_TAG_TI_branch
     401                      .dwattr $C$DW$52, DW_AT_low_pc(0x00)
     402                      .dwattr $C$DW$52, DW_AT_name("_initOverloadCntrl")
     403                      .dwattr $C$DW$52, DW_AT_TI_call
     404 0000005c 7640!         LCR       #_initOverloadCntrl   ; [CPU_] |67| 
         0000005d 0000 
     405                      ; call occurs [#_initOverloadCntrl] ; [] |67| 
     406                      .dwpsn  file "../ConvertorCntrl/CargConvertor.c",line 68,column 4,is_stmt
     407              $C$DW$53        .dwtag  DW_TAG_TI_branch
     408                      .dwattr $C$DW$53, DW_AT_low_pc(0x00)
     409                      .dwattr $C$DW$53, DW_AT_name("_initIrCompensation")
TMS320C2000 Assembler PC v6.2.7 Thu Jul 02 08:31:26 2015

Tools Copyright (c) 1996-2014 Texas Instruments Incorporated
C:\Users\Tester\AppData\Local\Temp\0416810                           PAGE    9

     410                      .dwattr $C$DW$53, DW_AT_TI_call
     411 0000005e 7640!         LCR       #_initIrCompensation  ; [CPU_] |68| 
         0000005f 0000 
     412                      ; call occurs [#_initIrCompensation] ; [] |68| 
     413                      .dwpsn  file "../ConvertorCntrl/CargConvertor.c",line 69,column 4,is_stmt
     414              $C$DW$54        .dwtag  DW_TAG_TI_branch
     415                      .dwattr $C$DW$54, DW_AT_low_pc(0x00)
     416                      .dwattr $C$DW$54, DW_AT_name("_initDcDecelation")
     417                      .dwattr $C$DW$54, DW_AT_TI_call
     418 00000060 7640!         LCR       #_initDcDecelation    ; [CPU_] |69| 
         00000061 0000 
     419                      ; call occurs [#_initDcDecelation] ; [] |69| 
     420                      .dwpsn  file "../ConvertorCntrl/CargConvertor.c",line 70,column 4,is_stmt
     421 00000062 9A02          MOVB      AL,#2                 ; [CPU_] |70| 
     422 00000063 6F21          B         $C$L11,UNC            ; [CPU_] |70| 
     423                      ; branch occurs ; [] |70| 
     424 00000064       $C$L7:    
     425                      .dwpsn  file "../ConvertorCntrl/CargConvertor.c",line 73,column 4,is_stmt
     426              $C$DW$55        .dwtag  DW_TAG_TI_branch
     427                      .dwattr $C$DW$55, DW_AT_low_pc(0x00)
     428                      .dwattr $C$DW$55, DW_AT_name("_enableCntrlPwm")
     429                      .dwattr $C$DW$55, DW_AT_TI_call
     430 00000064 7640!         LCR       #_enableCntrlPwm      ; [CPU_] |73| 
         00000065 0000 
     431                      ; call occurs [#_enableCntrlPwm] ; [] |73| 
     432                      .dwpsn  file "../ConvertorCntrl/CargConvertor.c",line 74,column 4,is_stmt
     433 00000066 9A01          MOVB      AL,#1                 ; [CPU_] |74| 
     434              $C$DW$56        .dwtag  DW_TAG_TI_branch
     435                      .dwattr $C$DW$56, DW_AT_low_pc(0x00)
     436                      .dwattr $C$DW$56, DW_AT_name("_presetAdc")
     437                      .dwattr $C$DW$56, DW_AT_TI_call
     438 00000067 7640!         LCR       #_presetAdc           ; [CPU_] |74| 
         00000068 0000 
     439                      ; call occurs [#_presetAdc] ; [] |74| 
     440                      .dwpsn  file "../ConvertorCntrl/CargConvertor.c",line 75,column 4,is_stmt
     441 00000069 9A04          MOVB      AL,#4                 ; [CPU_] |75| 
     442              $C$DW$57        .dwtag  DW_TAG_TI_branch
     443                      .dwattr $C$DW$57, DW_AT_low_pc(0x00)
     444                      .dwattr $C$DW$57, DW_AT_name("_testStatusConvertor")
     445                      .dwattr $C$DW$57, DW_AT_TI_call
     446 0000006a 7640!         LCR       #_testStatusConvertor ; [CPU_] |75| 
         0000006b 0000 
     447                      ; call occurs [#_testStatusConvertor] ; [] |75| 
     448 0000006c 5200          CMPB      AL,#0                 ; [CPU_] |75| 
     449 0000006d EC03          BF        $C$L8,EQ              ; [CPU_] |75| 
     450                      ; branchcc occurs ; [] |75| 
     451                      .dwpsn  file "../ConvertorCntrl/CargConvertor.c",line 76,column 5,is_stmt
     452 0000006e 9A04          MOVB      AL,#4                 ; [CPU_] |76| 
     453 0000006f 6F15          B         $C$L11,UNC            ; [CPU_] |76| 
     454                      ; branch occurs ; [] |76| 
     455 00000070       $C$L8:    
     456                      .dwpsn  file "../ConvertorCntrl/CargConvertor.c",line 78,column 4,is_stmt
     457 00000070 9A08          MOVB      AL,#8                 ; [CPU_] |78| 
     458              $C$DW$58        .dwtag  DW_TAG_TI_branch
     459                      .dwattr $C$DW$58, DW_AT_low_pc(0x00)
TMS320C2000 Assembler PC v6.2.7 Thu Jul 02 08:31:26 2015

Tools Copyright (c) 1996-2014 Texas Instruments Incorporated
C:\Users\Tester\AppData\Local\Temp\0416810                           PAGE   10

     460                      .dwattr $C$DW$58, DW_AT_name("_testStatusConvertor")
     461                      .dwattr $C$DW$58, DW_AT_TI_call
     462 00000071 7640!         LCR       #_testStatusConvertor ; [CPU_] |78| 
         00000072 0000 
     463                      ; call occurs [#_testStatusConvertor] ; [] |78| 
     464 00000073 5200          CMPB      AL,#0                 ; [CPU_] |78| 
     465 00000074 EC03          BF        $C$L9,EQ              ; [CPU_] |78| 
     466                      ; branchcc occurs ; [] |78| 
     467                      .dwpsn  file "../ConvertorCntrl/CargConvertor.c",line 79,column 5,is_stmt
     468 00000075 9A08          MOVB      AL,#8                 ; [CPU_] |79| 
     469 00000076 6F0E          B         $C$L11,UNC            ; [CPU_] |79| 
     470                      ; branch occurs ; [] |79| 
     471 00000077       $C$L9:    
     472                      .dwpsn  file "../ConvertorCntrl/CargConvertor.c",line 81,column 4,is_stmt
     473 00000077 9A00          MOVB      AL,#0                 ; [CPU_] |81| 
     474 00000078 6F0C          B         $C$L11,UNC            ; [CPU_] |81| 
     475                      ; branch occurs ; [] |81| 
     476 00000079       $C$L10:    
     477                      .dwpsn  file "../ConvertorCntrl/CargConvertor.c",line 30,column 2,is_stmt
     478 00000079 8A44          MOVL      XAR4,*-SP[4]          ; [CPU_] |30| 
     479 0000007a 92C4          MOV       AL,*+XAR4[0]          ; [CPU_] |30| 
     480 0000007b 5205          CMPB      AL,#5                 ; [CPU_] |30| 
     481 0000007c EC97          BF        $C$L2,EQ              ; [CPU_] |30| 
     482                      ; branchcc occurs ; [] |30| 
     483 0000007d 5206          CMPB      AL,#6                 ; [CPU_] |30| 
     484 0000007e ECA5          BF        $C$L3,EQ              ; [CPU_] |30| 
     485                      ; branchcc occurs ; [] |30| 
     486 0000007f 5207          CMPB      AL,#7                 ; [CPU_] |30| 
     487 00000080 ECE4          BF        $C$L7,EQ              ; [CPU_] |30| 
     488                      ; branchcc occurs ; [] |30| 
     489 00000081 5208          CMPB      AL,#8                 ; [CPU_] |30| 
     490 00000082 ECBA          BF        $C$L6,EQ              ; [CPU_] |30| 
     491                      ; branchcc occurs ; [] |30| 
     492 00000083 6F90          B         $C$L2,UNC             ; [CPU_] |30| 
     493                      ; branch occurs ; [] |30| 
     494 00000084       $C$L11:    
     495                      .dwpsn  file "../ConvertorCntrl/CargConvertor.c",line 84,column 1,is_stmt
     496 00000084 FE84          SUBB      SP,#4                 ; [CPU_U] 
     497                      .dwcfi  cfa_offset, -2
     498              $C$DW$59        .dwtag  DW_TAG_TI_branch
     499                      .dwattr $C$DW$59, DW_AT_low_pc(0x00)
     500                      .dwattr $C$DW$59, DW_AT_TI_return
     501 00000085 0006          LRETR     ; [CPU_] 
     502                      ; return occurs ; [] 
     503                      .dwattr $C$DW$26, DW_AT_TI_end_file("../ConvertorCntrl/CargConvertor.c")
     504                      .dwattr $C$DW$26, DW_AT_TI_end_line(0x54)
     505                      .dwattr $C$DW$26, DW_AT_TI_end_column(0x01)
     506                      .dwendentry
     507                      .dwendtag $C$DW$26
     508              
     509              ;**************************************************************
     510              ;* UNDEFINED EXTERNAL REFERENCES                              *
     511              ;**************************************************************
     512                      .global _enableCntrlPwm
     513                      .global _InitOSC
TMS320C2000 Assembler PC v6.2.7 Thu Jul 02 08:31:26 2015

Tools Copyright (c) 1996-2014 Texas Instruments Incorporated
C:\Users\Tester\AppData\Local\Temp\0416810                           PAGE   11

     514                      .global _initOvervoltCntrl
     515                      .global _initIbyTLimit
     516                      .global _initOverloadCntrl
     517                      .global _initDcDecelation
     518                      .global _initOsPid
     519                      .global _initAnalogTaskSignal
     520                      .global _initIrCompensation
     521                      .global _initAnalogOsSignal
     522                      .global _initAverageMsr
     523                      .global _onChargeRele
     524                      .global _SET_DELAY_CONV_DL
     525                      .global _presetAdc
     526                      .global _presetAccelDecel
     527                      .global _presetFreqToVoltag
     528                      .global _offChargeRele
     529                      .global _onPwrRele
     530                      .global _testStatusConvertor
     531                      .global _getMomentaryVoltagDC
     532              
     533              ;***************************************************************
     534              ;* TYPE INFORMATION                                            *
     535              ;***************************************************************
     536              $C$DW$T$4       .dwtag  DW_TAG_base_type
     537                      .dwattr $C$DW$T$4, DW_AT_encoding(DW_ATE_boolean)
     538                      .dwattr $C$DW$T$4, DW_AT_name("bool")
     539                      .dwattr $C$DW$T$4, DW_AT_byte_size(0x01)
     540              $C$DW$T$5       .dwtag  DW_TAG_base_type
     541                      .dwattr $C$DW$T$5, DW_AT_encoding(DW_ATE_signed_char)
     542                      .dwattr $C$DW$T$5, DW_AT_name("signed char")
     543                      .dwattr $C$DW$T$5, DW_AT_byte_size(0x01)
     544              $C$DW$T$6       .dwtag  DW_TAG_base_type
     545                      .dwattr $C$DW$T$6, DW_AT_encoding(DW_ATE_unsigned_char)
     546                      .dwattr $C$DW$T$6, DW_AT_name("unsigned char")
     547                      .dwattr $C$DW$T$6, DW_AT_byte_size(0x01)
     548              $C$DW$T$7       .dwtag  DW_TAG_base_type
     549                      .dwattr $C$DW$T$7, DW_AT_encoding(DW_ATE_signed_char)
     550                      .dwattr $C$DW$T$7, DW_AT_name("wchar_t")
     551                      .dwattr $C$DW$T$7, DW_AT_byte_size(0x01)
     552              $C$DW$T$8       .dwtag  DW_TAG_base_type
     553                      .dwattr $C$DW$T$8, DW_AT_encoding(DW_ATE_signed)
     554                      .dwattr $C$DW$T$8, DW_AT_name("short")
     555                      .dwattr $C$DW$T$8, DW_AT_byte_size(0x01)
     556              $C$DW$T$9       .dwtag  DW_TAG_base_type
     557                      .dwattr $C$DW$T$9, DW_AT_encoding(DW_ATE_unsigned)
     558                      .dwattr $C$DW$T$9, DW_AT_name("unsigned short")
     559                      .dwattr $C$DW$T$9, DW_AT_byte_size(0x01)
     560              $C$DW$T$10      .dwtag  DW_TAG_base_type
     561                      .dwattr $C$DW$T$10, DW_AT_encoding(DW_ATE_signed)
     562                      .dwattr $C$DW$T$10, DW_AT_name("int")
     563                      .dwattr $C$DW$T$10, DW_AT_byte_size(0x01)
     564              $C$DW$T$11      .dwtag  DW_TAG_base_type
     565                      .dwattr $C$DW$T$11, DW_AT_encoding(DW_ATE_unsigned)
     566                      .dwattr $C$DW$T$11, DW_AT_name("unsigned int")
     567                      .dwattr $C$DW$T$11, DW_AT_byte_size(0x01)
     568              $C$DW$T$28      .dwtag  DW_TAG_typedef, DW_AT_name("UINT16")
TMS320C2000 Assembler PC v6.2.7 Thu Jul 02 08:31:26 2015

Tools Copyright (c) 1996-2014 Texas Instruments Incorporated
C:\Users\Tester\AppData\Local\Temp\0416810                           PAGE   12

     569                      .dwattr $C$DW$T$28, DW_AT_type(*$C$DW$T$11)
     570                      .dwattr $C$DW$T$28, DW_AT_language(DW_LANG_C)
     571              $C$DW$T$29      .dwtag  DW_TAG_pointer_type
     572                      .dwattr $C$DW$T$29, DW_AT_type(*$C$DW$T$28)
     573                      .dwattr $C$DW$T$29, DW_AT_address_class(0x16)
     574              $C$DW$T$31      .dwtag  DW_TAG_typedef, DW_AT_name("UINT8")
     575                      .dwattr $C$DW$T$31, DW_AT_type(*$C$DW$T$11)
     576                      .dwattr $C$DW$T$31, DW_AT_language(DW_LANG_C)
     577              $C$DW$T$12      .dwtag  DW_TAG_base_type
     578                      .dwattr $C$DW$T$12, DW_AT_encoding(DW_ATE_signed)
     579                      .dwattr $C$DW$T$12, DW_AT_name("long")
     580                      .dwattr $C$DW$T$12, DW_AT_byte_size(0x02)
     581              $C$DW$T$13      .dwtag  DW_TAG_base_type
     582                      .dwattr $C$DW$T$13, DW_AT_encoding(DW_ATE_unsigned)
     583                      .dwattr $C$DW$T$13, DW_AT_name("unsigned long")
     584                      .dwattr $C$DW$T$13, DW_AT_byte_size(0x02)
     585              $C$DW$T$19      .dwtag  DW_TAG_typedef, DW_AT_name("UINT32")
     586                      .dwattr $C$DW$T$19, DW_AT_type(*$C$DW$T$13)
     587                      .dwattr $C$DW$T$19, DW_AT_language(DW_LANG_C)
     588              $C$DW$T$20      .dwtag  DW_TAG_typedef, DW_AT_name("typeTIC")
     589                      .dwattr $C$DW$T$20, DW_AT_type(*$C$DW$T$19)
     590                      .dwattr $C$DW$T$20, DW_AT_language(DW_LANG_C)
     591              $C$DW$T$14      .dwtag  DW_TAG_base_type
     592                      .dwattr $C$DW$T$14, DW_AT_encoding(DW_ATE_signed)
     593                      .dwattr $C$DW$T$14, DW_AT_name("long long")
     594                      .dwattr $C$DW$T$14, DW_AT_byte_size(0x04)
     595              $C$DW$T$15      .dwtag  DW_TAG_base_type
     596                      .dwattr $C$DW$T$15, DW_AT_encoding(DW_ATE_unsigned)
     597                      .dwattr $C$DW$T$15, DW_AT_name("unsigned long long")
     598                      .dwattr $C$DW$T$15, DW_AT_byte_size(0x04)
     599              $C$DW$T$16      .dwtag  DW_TAG_base_type
     600                      .dwattr $C$DW$T$16, DW_AT_encoding(DW_ATE_float)
     601                      .dwattr $C$DW$T$16, DW_AT_name("float")
     602                      .dwattr $C$DW$T$16, DW_AT_byte_size(0x02)
     603              $C$DW$T$17      .dwtag  DW_TAG_base_type
     604                      .dwattr $C$DW$T$17, DW_AT_encoding(DW_ATE_float)
     605                      .dwattr $C$DW$T$17, DW_AT_name("double")
     606                      .dwattr $C$DW$T$17, DW_AT_byte_size(0x02)
     607              $C$DW$T$18      .dwtag  DW_TAG_base_type
     608                      .dwattr $C$DW$T$18, DW_AT_encoding(DW_ATE_float)
     609                      .dwattr $C$DW$T$18, DW_AT_name("long double")
     610                      .dwattr $C$DW$T$18, DW_AT_byte_size(0x04)
     611                      .dwattr $C$DW$CU, DW_AT_language(DW_LANG_C)
     612              
     613              ;***************************************************************
     614              ;* DWARF CIE ENTRIES                                           *
     615              ;***************************************************************
     616              
     617              $C$DW$CIE       .dwcie 78
     618                      .dwcfi  cfa_register, 20
     619                      .dwcfi  cfa_offset, 0
     620                      .dwcfi  undefined, 0
     621                      .dwcfi  undefined, 1
     622                      .dwcfi  undefined, 2
     623                      .dwcfi  undefined, 3
TMS320C2000 Assembler PC v6.2.7 Thu Jul 02 08:31:26 2015

Tools Copyright (c) 1996-2014 Texas Instruments Incorporated
C:\Users\Tester\AppData\Local\Temp\0416810                           PAGE   13

     624                      .dwcfi  undefined, 20
     625                      .dwcfi  undefined, 21
     626                      .dwcfi  undefined, 22
     627                      .dwcfi  undefined, 23
     628                      .dwcfi  undefined, 24
     629                      .dwcfi  undefined, 25
     630                      .dwcfi  undefined, 26
     631                      .dwcfi  same_value, 28
     632                      .dwcfi  undefined, 29
     633                      .dwcfi  undefined, 30
     634                      .dwcfi  undefined, 31
     635                      .dwcfi  undefined, 32
     636                      .dwcfi  undefined, 33
     637                      .dwcfi  undefined, 34
     638                      .dwcfi  undefined, 35
     639                      .dwcfi  undefined, 36
     640                      .dwcfi  undefined, 37
     641                      .dwcfi  undefined, 38
     642                      .dwcfi  undefined, 75
     643                      .dwcfi  undefined, 76
     644                      .dwcfi  undefined, 77
     645                      .dwcfi  undefined, 4
     646                      .dwcfi  same_value, 6
     647                      .dwcfi  same_value, 8
     648                      .dwcfi  same_value, 10
     649                      .dwcfi  undefined, 12
     650                      .dwcfi  undefined, 14
     651                      .dwcfi  undefined, 16
     652                      .dwcfi  undefined, 17
     653                      .dwcfi  undefined, 18
     654                      .dwcfi  undefined, 19
     655                      .dwcfi  undefined, 5
     656                      .dwcfi  same_value, 7
     657                      .dwcfi  same_value, 9
     658                      .dwcfi  same_value, 11
     659                      .dwcfi  undefined, 13
     660                      .dwcfi  undefined, 15
     661                      .dwcfi  undefined, 43
     662                      .dwcfi  undefined, 44
     663                      .dwcfi  undefined, 47
     664                      .dwcfi  undefined, 48
     665                      .dwcfi  undefined, 51
     666                      .dwcfi  undefined, 52
     667                      .dwcfi  undefined, 55
     668                      .dwcfi  undefined, 56
     669                      .dwcfi  same_value, 59
     670                      .dwcfi  same_value, 60
     671                      .dwcfi  same_value, 63
     672                      .dwcfi  same_value, 64
     673                      .dwcfi  same_value, 67
     674                      .dwcfi  same_value, 68
     675                      .dwcfi  same_value, 71
     676                      .dwcfi  same_value, 72
     677                      .dwcfi  undefined, 73
     678                      .dwcfi  undefined, 74
TMS320C2000 Assembler PC v6.2.7 Thu Jul 02 08:31:26 2015

Tools Copyright (c) 1996-2014 Texas Instruments Incorporated
C:\Users\Tester\AppData\Local\Temp\0416810                           PAGE   14

     679                      .dwcfi  undefined, 39
     680                      .dwcfi  undefined, 40
     681                      .dwcfi  undefined, 27
     682                      .dwcfi  undefined, 78
     683                      .dwendentry
     684              
     685              ;***************************************************************
     686              ;* DWARF REGISTER MAP                                          *
     687              ;***************************************************************
     688              
     689              $C$DW$60        .dwtag  DW_TAG_TI_assign_register, DW_AT_name("AL")
     690                      .dwattr $C$DW$60, DW_AT_location[DW_OP_reg0]
     691              $C$DW$61        .dwtag  DW_TAG_TI_assign_register, DW_AT_name("AH")
     692                      .dwattr $C$DW$61, DW_AT_location[DW_OP_reg1]
     693              $C$DW$62        .dwtag  DW_TAG_TI_assign_register, DW_AT_name("PL")
     694                      .dwattr $C$DW$62, DW_AT_location[DW_OP_reg2]
     695              $C$DW$63        .dwtag  DW_TAG_TI_assign_register, DW_AT_name("PH")
     696                      .dwattr $C$DW$63, DW_AT_location[DW_OP_reg3]
     697              $C$DW$64        .dwtag  DW_TAG_TI_assign_register, DW_AT_name("SP")
     698                      .dwattr $C$DW$64, DW_AT_location[DW_OP_reg20]
     699              $C$DW$65        .dwtag  DW_TAG_TI_assign_register, DW_AT_name("XT")
     700                      .dwattr $C$DW$65, DW_AT_location[DW_OP_reg21]
     701              $C$DW$66        .dwtag  DW_TAG_TI_assign_register, DW_AT_name("T")
     702                      .dwattr $C$DW$66, DW_AT_location[DW_OP_reg22]
     703              $C$DW$67        .dwtag  DW_TAG_TI_assign_register, DW_AT_name("ST0")
     704                      .dwattr $C$DW$67, DW_AT_location[DW_OP_reg23]
     705              $C$DW$68        .dwtag  DW_TAG_TI_assign_register, DW_AT_name("ST1")
     706                      .dwattr $C$DW$68, DW_AT_location[DW_OP_reg24]
     707              $C$DW$69        .dwtag  DW_TAG_TI_assign_register, DW_AT_name("PC")
     708                      .dwattr $C$DW$69, DW_AT_location[DW_OP_reg25]
     709              $C$DW$70        .dwtag  DW_TAG_TI_assign_register, DW_AT_name("RPC")
     710                      .dwattr $C$DW$70, DW_AT_location[DW_OP_reg26]
     711              $C$DW$71        .dwtag  DW_TAG_TI_assign_register, DW_AT_name("FP")
     712                      .dwattr $C$DW$71, DW_AT_location[DW_OP_reg28]
     713              $C$DW$72        .dwtag  DW_TAG_TI_assign_register, DW_AT_name("DP")
     714                      .dwattr $C$DW$72, DW_AT_location[DW_OP_reg29]
     715              $C$DW$73        .dwtag  DW_TAG_TI_assign_register, DW_AT_name("SXM")
     716                      .dwattr $C$DW$73, DW_AT_location[DW_OP_reg30]
     717              $C$DW$74        .dwtag  DW_TAG_TI_assign_register, DW_AT_name("PM")
     718                      .dwattr $C$DW$74, DW_AT_location[DW_OP_reg31]
     719              $C$DW$75        .dwtag  DW_TAG_TI_assign_register, DW_AT_name("OVM")
     720                      .dwattr $C$DW$75, DW_AT_location[DW_OP_regx 0x20]
     721              $C$DW$76        .dwtag  DW_TAG_TI_assign_register, DW_AT_name("PAGE0")
     722                      .dwattr $C$DW$76, DW_AT_location[DW_OP_regx 0x21]
     723              $C$DW$77        .dwtag  DW_TAG_TI_assign_register, DW_AT_name("AMODE")
     724                      .dwattr $C$DW$77, DW_AT_location[DW_OP_regx 0x22]
     725              $C$DW$78        .dwtag  DW_TAG_TI_assign_register, DW_AT_name("INTM")
     726                      .dwattr $C$DW$78, DW_AT_location[DW_OP_regx 0x23]
     727              $C$DW$79        .dwtag  DW_TAG_TI_assign_register, DW_AT_name("IFR")
     728                      .dwattr $C$DW$79, DW_AT_location[DW_OP_regx 0x24]
     729              $C$DW$80        .dwtag  DW_TAG_TI_assign_register, DW_AT_name("IER")
     730                      .dwattr $C$DW$80, DW_AT_location[DW_OP_regx 0x25]
     731              $C$DW$81        .dwtag  DW_TAG_TI_assign_register, DW_AT_name("V")
     732                      .dwattr $C$DW$81, DW_AT_location[DW_OP_regx 0x26]
     733              $C$DW$82        .dwtag  DW_TAG_TI_assign_register, DW_AT_name("PSEUDOH")
TMS320C2000 Assembler PC v6.2.7 Thu Jul 02 08:31:26 2015

Tools Copyright (c) 1996-2014 Texas Instruments Incorporated
C:\Users\Tester\AppData\Local\Temp\0416810                           PAGE   15

     734                      .dwattr $C$DW$82, DW_AT_location[DW_OP_regx 0x4c]
     735              $C$DW$83        .dwtag  DW_TAG_TI_assign_register, DW_AT_name("VOL")
     736                      .dwattr $C$DW$83, DW_AT_location[DW_OP_regx 0x4d]
     737              $C$DW$84        .dwtag  DW_TAG_TI_assign_register, DW_AT_name("AR0")
     738                      .dwattr $C$DW$84, DW_AT_location[DW_OP_reg4]
     739              $C$DW$85        .dwtag  DW_TAG_TI_assign_register, DW_AT_name("AR1")
     740                      .dwattr $C$DW$85, DW_AT_location[DW_OP_reg6]
     741              $C$DW$86        .dwtag  DW_TAG_TI_assign_register, DW_AT_name("AR2")
     742                      .dwattr $C$DW$86, DW_AT_location[DW_OP_reg8]
     743              $C$DW$87        .dwtag  DW_TAG_TI_assign_register, DW_AT_name("AR3")
     744                      .dwattr $C$DW$87, DW_AT_location[DW_OP_reg10]
     745              $C$DW$88        .dwtag  DW_TAG_TI_assign_register, DW_AT_name("AR4")
     746                      .dwattr $C$DW$88, DW_AT_location[DW_OP_reg12]
     747              $C$DW$89        .dwtag  DW_TAG_TI_assign_register, DW_AT_name("AR5")
     748                      .dwattr $C$DW$89, DW_AT_location[DW_OP_reg14]
     749              $C$DW$90        .dwtag  DW_TAG_TI_assign_register, DW_AT_name("AR6")
     750                      .dwattr $C$DW$90, DW_AT_location[DW_OP_reg16]
     751              $C$DW$91        .dwtag  DW_TAG_TI_assign_register, DW_AT_name("XAR6")
     752                      .dwattr $C$DW$91, DW_AT_location[DW_OP_reg17]
     753              $C$DW$92        .dwtag  DW_TAG_TI_assign_register, DW_AT_name("AR7")
     754                      .dwattr $C$DW$92, DW_AT_location[DW_OP_reg18]
     755              $C$DW$93        .dwtag  DW_TAG_TI_assign_register, DW_AT_name("XAR7")
     756                      .dwattr $C$DW$93, DW_AT_location[DW_OP_reg19]
     757              $C$DW$94        .dwtag  DW_TAG_TI_assign_register, DW_AT_name("XAR0")
     758                      .dwattr $C$DW$94, DW_AT_location[DW_OP_reg5]
     759              $C$DW$95        .dwtag  DW_TAG_TI_assign_register, DW_AT_name("XAR1")
     760                      .dwattr $C$DW$95, DW_AT_location[DW_OP_reg7]
     761              $C$DW$96        .dwtag  DW_TAG_TI_assign_register, DW_AT_name("XAR2")
     762                      .dwattr $C$DW$96, DW_AT_location[DW_OP_reg9]
     763              $C$DW$97        .dwtag  DW_TAG_TI_assign_register, DW_AT_name("XAR3")
     764                      .dwattr $C$DW$97, DW_AT_location[DW_OP_reg11]
     765              $C$DW$98        .dwtag  DW_TAG_TI_assign_register, DW_AT_name("XAR4")
     766                      .dwattr $C$DW$98, DW_AT_location[DW_OP_reg13]
     767              $C$DW$99        .dwtag  DW_TAG_TI_assign_register, DW_AT_name("XAR5")
     768                      .dwattr $C$DW$99, DW_AT_location[DW_OP_reg15]
     769              $C$DW$100       .dwtag  DW_TAG_TI_assign_register, DW_AT_name("R0HL")
     770                      .dwattr $C$DW$100, DW_AT_location[DW_OP_regx 0x2b]
     771              $C$DW$101       .dwtag  DW_TAG_TI_assign_register, DW_AT_name("R0H")
     772                      .dwattr $C$DW$101, DW_AT_location[DW_OP_regx 0x2c]
     773              $C$DW$102       .dwtag  DW_TAG_TI_assign_register, DW_AT_name("R1HL")
     774                      .dwattr $C$DW$102, DW_AT_location[DW_OP_regx 0x2f]
     775              $C$DW$103       .dwtag  DW_TAG_TI_assign_register, DW_AT_name("R1H")
     776                      .dwattr $C$DW$103, DW_AT_location[DW_OP_regx 0x30]
     777              $C$DW$104       .dwtag  DW_TAG_TI_assign_register, DW_AT_name("R2HL")
     778                      .dwattr $C$DW$104, DW_AT_location[DW_OP_regx 0x33]
     779              $C$DW$105       .dwtag  DW_TAG_TI_assign_register, DW_AT_name("R2H")
     780                      .dwattr $C$DW$105, DW_AT_location[DW_OP_regx 0x34]
     781              $C$DW$106       .dwtag  DW_TAG_TI_assign_register, DW_AT_name("R3HL")
     782                      .dwattr $C$DW$106, DW_AT_location[DW_OP_regx 0x37]
     783              $C$DW$107       .dwtag  DW_TAG_TI_assign_register, DW_AT_name("R3H")
     784                      .dwattr $C$DW$107, DW_AT_location[DW_OP_regx 0x38]
     785              $C$DW$108       .dwtag  DW_TAG_TI_assign_register, DW_AT_name("R4HL")
     786                      .dwattr $C$DW$108, DW_AT_location[DW_OP_regx 0x3b]
     787              $C$DW$109       .dwtag  DW_TAG_TI_assign_register, DW_AT_name("R4H")
     788                      .dwattr $C$DW$109, DW_AT_location[DW_OP_regx 0x3c]
TMS320C2000 Assembler PC v6.2.7 Thu Jul 02 08:31:26 2015

Tools Copyright (c) 1996-2014 Texas Instruments Incorporated
C:\Users\Tester\AppData\Local\Temp\0416810                           PAGE   16

     789              $C$DW$110       .dwtag  DW_TAG_TI_assign_register, DW_AT_name("R5HL")
     790                      .dwattr $C$DW$110, DW_AT_location[DW_OP_regx 0x3f]
     791              $C$DW$111       .dwtag  DW_TAG_TI_assign_register, DW_AT_name("R5H")
     792                      .dwattr $C$DW$111, DW_AT_location[DW_OP_regx 0x40]
     793              $C$DW$112       .dwtag  DW_TAG_TI_assign_register, DW_AT_name("R6HL")
     794                      .dwattr $C$DW$112, DW_AT_location[DW_OP_regx 0x43]
     795              $C$DW$113       .dwtag  DW_TAG_TI_assign_register, DW_AT_name("R6H")
     796                      .dwattr $C$DW$113, DW_AT_location[DW_OP_regx 0x44]
     797              $C$DW$114       .dwtag  DW_TAG_TI_assign_register, DW_AT_name("R7HL")
     798                      .dwattr $C$DW$114, DW_AT_location[DW_OP_regx 0x47]
     799              $C$DW$115       .dwtag  DW_TAG_TI_assign_register, DW_AT_name("R7H")
     800                      .dwattr $C$DW$115, DW_AT_location[DW_OP_regx 0x48]
     801              $C$DW$116       .dwtag  DW_TAG_TI_assign_register, DW_AT_name("RBL")
     802                      .dwattr $C$DW$116, DW_AT_location[DW_OP_regx 0x49]
     803              $C$DW$117       .dwtag  DW_TAG_TI_assign_register, DW_AT_name("RB")
     804                      .dwattr $C$DW$117, DW_AT_location[DW_OP_regx 0x4a]
     805              $C$DW$118       .dwtag  DW_TAG_TI_assign_register, DW_AT_name("STFL")
     806                      .dwattr $C$DW$118, DW_AT_location[DW_OP_regx 0x27]
     807              $C$DW$119       .dwtag  DW_TAG_TI_assign_register, DW_AT_name("STF")
     808                      .dwattr $C$DW$119, DW_AT_location[DW_OP_regx 0x28]
     809              $C$DW$120       .dwtag  DW_TAG_TI_assign_register, DW_AT_name("FPUHAZ")
     810                      .dwattr $C$DW$120, DW_AT_location[DW_OP_reg27]
     811              $C$DW$121       .dwtag  DW_TAG_TI_assign_register, DW_AT_name("CIE_RETA")
     812                      .dwattr $C$DW$121, DW_AT_location[DW_OP_regx 0x4e]
     813                      .dwendtag $C$DW$CU
     814              

No Assembly Errors, No Assembly Warnings
