TMS320C2000 Assembler PC v6.2.7 Thu Jul 02 08:31:28 2015

Tools Copyright (c) 1996-2014 Texas Instruments Incorporated
C:\Users\Tester\AppData\Local\Temp\0316010                           PAGE    1

       1              ;***************************************************************
       2              ;* TMS320C2000 C/C++ Codegen                         PC v6.2.7 *
       3              ;* Date/Time created: Thu Jul 02 08:31:28 2015                 *
       4              ;***************************************************************
       5                      .compiler_opts --diag_wrap=off --float_support=fpu32 --hll_source=on --mem_model:code=flat --mem_mode
       6        0002  FP      .set    XAR2
       7              
       8              $C$DW$CU        .dwtag  DW_TAG_compile_unit
       9                      .dwattr $C$DW$CU, DW_AT_name("../ConvertorCntrl/ConvertorRun.c")
      10                      .dwattr $C$DW$CU, DW_AT_producer("TMS320C2000 C/C++ Codegen PC v6.2.7 Copyright (c) 1996-2014 Texas I
      11                      .dwattr $C$DW$CU, DW_AT_TI_version(0x01)
      12                      .dwattr $C$DW$CU, DW_AT_comp_dir("D:\ActiveProject\EKT5\PKMT_NONBIOS\InvertorCntrl\ISPprg")
      13              
      14              $C$DW$1 .dwtag  DW_TAG_subprogram, DW_AT_name("initOverloadCntrl")
      15                      .dwattr $C$DW$1, DW_AT_TI_symbol_name("_initOverloadCntrl")
      16                      .dwattr $C$DW$1, DW_AT_declaration
      17                      .dwattr $C$DW$1, DW_AT_external
      18              
      19              $C$DW$2 .dwtag  DW_TAG_subprogram, DW_AT_name("cntrlOverload")
      20                      .dwattr $C$DW$2, DW_AT_TI_symbol_name("_cntrlOverload")
      21                      .dwattr $C$DW$2, DW_AT_declaration
      22                      .dwattr $C$DW$2, DW_AT_external
      23              
      24              $C$DW$3 .dwtag  DW_TAG_subprogram, DW_AT_name("cntrlOvervoltag")
      25                      .dwattr $C$DW$3, DW_AT_TI_symbol_name("_cntrlOvervoltag")
      26                      .dwattr $C$DW$3, DW_AT_declaration
      27                      .dwattr $C$DW$3, DW_AT_external
      28              
      29              $C$DW$4 .dwtag  DW_TAG_subprogram, DW_AT_name("cntrlIbyT")
      30                      .dwattr $C$DW$4, DW_AT_TI_symbol_name("_cntrlIbyT")
      31                      .dwattr $C$DW$4, DW_AT_declaration
      32                      .dwattr $C$DW$4, DW_AT_external
      33              
      34              $C$DW$5 .dwtag  DW_TAG_subprogram, DW_AT_name("SET_DELAY_CONV_DL")
      35                      .dwattr $C$DW$5, DW_AT_TI_symbol_name("_SET_DELAY_CONV_DL")
      36                      .dwattr $C$DW$5, DW_AT_declaration
      37                      .dwattr $C$DW$5, DW_AT_external
      38              $C$DW$6 .dwtag  DW_TAG_formal_parameter
      39                      .dwattr $C$DW$6, DW_AT_type(*$C$DW$T$22)
      40                      .dwendtag $C$DW$5
      41              
      42              
      43              $C$DW$7 .dwtag  DW_TAG_subprogram, DW_AT_name("rstCntrlPwm")
      44                      .dwattr $C$DW$7, DW_AT_TI_symbol_name("_rstCntrlPwm")
      45                      .dwattr $C$DW$7, DW_AT_declaration
      46                      .dwattr $C$DW$7, DW_AT_external
      47                      .global _FlagPwmSet
      48 00000000       _FlagPwmSet:    .usect  ".ebss",1,1,0
      49              $C$DW$8 .dwtag  DW_TAG_variable, DW_AT_name("FlagPwmSet")
      50                      .dwattr $C$DW$8, DW_AT_TI_symbol_name("_FlagPwmSet")
      51                      .dwattr $C$DW$8, DW_AT_location[DW_OP_addr _FlagPwmSet]
      52                      .dwattr $C$DW$8, DW_AT_type(*$C$DW$T$34)
      53                      .dwattr $C$DW$8, DW_AT_external
      54                      .global _delayCnt
      55 00000001       _delayCnt:      .usect  ".ebss",1,1,0
TMS320C2000 Assembler PC v6.2.7 Thu Jul 02 08:31:28 2015

Tools Copyright (c) 1996-2014 Texas Instruments Incorporated
C:\Users\Tester\AppData\Local\Temp\0316010                           PAGE    2

      56              $C$DW$9 .dwtag  DW_TAG_variable, DW_AT_name("delayCnt")
      57                      .dwattr $C$DW$9, DW_AT_TI_symbol_name("_delayCnt")
      58                      .dwattr $C$DW$9, DW_AT_location[DW_OP_addr _delayCnt]
      59                      .dwattr $C$DW$9, DW_AT_type(*$C$DW$T$28)
      60                      .dwattr $C$DW$9, DW_AT_external
      61              
      62              $C$DW$10        .dwtag  DW_TAG_subprogram, DW_AT_name("controlPwm")
      63                      .dwattr $C$DW$10, DW_AT_TI_symbol_name("_controlPwm")
      64                      .dwattr $C$DW$10, DW_AT_type(*$C$DW$T$28)
      65                      .dwattr $C$DW$10, DW_AT_declaration
      66                      .dwattr $C$DW$10, DW_AT_external
      67              $C$DW$11        .dwtag  DW_TAG_formal_parameter
      68                      .dwattr $C$DW$11, DW_AT_type(*$C$DW$T$29)
      69              $C$DW$12        .dwtag  DW_TAG_formal_parameter
      70                      .dwattr $C$DW$12, DW_AT_type(*$C$DW$T$29)
      71              $C$DW$13        .dwtag  DW_TAG_formal_parameter
      72                      .dwattr $C$DW$13, DW_AT_type(*$C$DW$T$29)
      73              $C$DW$14        .dwtag  DW_TAG_formal_parameter
      74                      .dwattr $C$DW$14, DW_AT_type(*$C$DW$T$29)
      75                      .dwendtag $C$DW$10
      76              
      77              
      78              $C$DW$15        .dwtag  DW_TAG_subprogram, DW_AT_name("testStatusConvertor")
      79                      .dwattr $C$DW$15, DW_AT_TI_symbol_name("_testStatusConvertor")
      80                      .dwattr $C$DW$15, DW_AT_type(*$C$DW$T$34)
      81                      .dwattr $C$DW$15, DW_AT_declaration
      82                      .dwattr $C$DW$15, DW_AT_external
      83              $C$DW$16        .dwtag  DW_TAG_formal_parameter
      84                      .dwattr $C$DW$16, DW_AT_type(*$C$DW$T$28)
      85                      .dwendtag $C$DW$15
      86              
      87              
      88              $C$DW$17        .dwtag  DW_TAG_subprogram, DW_AT_name("getRegister")
      89                      .dwattr $C$DW$17, DW_AT_TI_symbol_name("_getRegister")
      90                      .dwattr $C$DW$17, DW_AT_type(*$C$DW$T$10)
      91                      .dwattr $C$DW$17, DW_AT_declaration
      92                      .dwattr $C$DW$17, DW_AT_external
      93              $C$DW$18        .dwtag  DW_TAG_formal_parameter
      94                      .dwattr $C$DW$18, DW_AT_type(*$C$DW$T$5)
      95                      .dwendtag $C$DW$17
      96              
      97                      .global _taskF
      98 00000002       _taskF: .usect  ".ebss",2,1,1
      99              $C$DW$19        .dwtag  DW_TAG_variable, DW_AT_name("taskF")
     100                      .dwattr $C$DW$19, DW_AT_TI_symbol_name("_taskF")
     101                      .dwattr $C$DW$19, DW_AT_location[DW_OP_addr _taskF]
     102                      .dwattr $C$DW$19, DW_AT_type(*$C$DW$T$16)
     103                      .dwattr $C$DW$19, DW_AT_external
     104                      .global _currentV
     105 00000004       _currentV:      .usect  ".ebss",2,1,1
     106              $C$DW$20        .dwtag  DW_TAG_variable, DW_AT_name("currentV")
     107                      .dwattr $C$DW$20, DW_AT_TI_symbol_name("_currentV")
     108                      .dwattr $C$DW$20, DW_AT_location[DW_OP_addr _currentV]
     109                      .dwattr $C$DW$20, DW_AT_type(*$C$DW$T$16)
     110                      .dwattr $C$DW$20, DW_AT_external
TMS320C2000 Assembler PC v6.2.7 Thu Jul 02 08:31:28 2015

Tools Copyright (c) 1996-2014 Texas Instruments Incorporated
C:\Users\Tester\AppData\Local\Temp\0316010                           PAGE    3

     111                      .global _currentF
     112 00000006       _currentF:      .usect  ".ebss",2,1,1
     113              $C$DW$21        .dwtag  DW_TAG_variable, DW_AT_name("currentF")
     114                      .dwattr $C$DW$21, DW_AT_TI_symbol_name("_currentF")
     115                      .dwattr $C$DW$21, DW_AT_location[DW_OP_addr _currentF]
     116                      .dwattr $C$DW$21, DW_AT_type(*$C$DW$T$16)
     117                      .dwattr $C$DW$21, DW_AT_external
     118              
     119              $C$DW$22        .dwtag  DW_TAG_subprogram, DW_AT_name("GET_TIME_CONV_DL")
     120                      .dwattr $C$DW$22, DW_AT_TI_symbol_name("_GET_TIME_CONV_DL")
     121                      .dwattr $C$DW$22, DW_AT_type(*$C$DW$T$21)
     122                      .dwattr $C$DW$22, DW_AT_declaration
     123                      .dwattr $C$DW$22, DW_AT_external
     124                      .global _taskV
     125 00000008       _taskV: .usect  ".ebss",2,1,1
     126              $C$DW$23        .dwtag  DW_TAG_variable, DW_AT_name("taskV")
     127                      .dwattr $C$DW$23, DW_AT_TI_symbol_name("_taskV")
     128                      .dwattr $C$DW$23, DW_AT_location[DW_OP_addr _taskV]
     129                      .dwattr $C$DW$23, DW_AT_type(*$C$DW$T$16)
     130                      .dwattr $C$DW$23, DW_AT_external
     131              ;       C:\ti\ccsv6\tools\compiler\c2000_6.2.7\bin\ac2000.exe -@C:\\Users\\Tester\\AppData\\Local\\Temp\\0316
     132 00000000               .sect   ".text"
     133                      .clink
     134                      .global _clrConvertorRunData
     135              
     136              $C$DW$24        .dwtag  DW_TAG_subprogram, DW_AT_name("clrConvertorRunData")
     137                      .dwattr $C$DW$24, DW_AT_low_pc(_clrConvertorRunData)
     138                      .dwattr $C$DW$24, DW_AT_high_pc(0x00)
     139                      .dwattr $C$DW$24, DW_AT_TI_symbol_name("_clrConvertorRunData")
     140                      .dwattr $C$DW$24, DW_AT_external
     141                      .dwattr $C$DW$24, DW_AT_TI_begin_file("../ConvertorCntrl/ConvertorRun.c")
     142                      .dwattr $C$DW$24, DW_AT_TI_begin_line(0x11)
     143                      .dwattr $C$DW$24, DW_AT_TI_begin_column(0x06)
     144                      .dwattr $C$DW$24, DW_AT_TI_max_frame_size(-2)
     145                      .dwpsn  file "../ConvertorCntrl/ConvertorRun.c",line 17,column 31,is_stmt,address _clrConvertorRunDat
     146              
     147                      .dwfde $C$DW$CIE, _clrConvertorRunData
     148              
     149              ;***************************************************************
     150              ;* FNAME: _clrConvertorRunData          FR SIZE:   0           *
     151              ;*                                                             *
     152              ;* FUNCTION ENVIRONMENT                                        *
     153              ;*                                                             *
     154              ;* FUNCTION PROPERTIES                                         *
     155              ;*                            0 Parameter,  0 Auto,  0 SOE     *
     156              ;***************************************************************
     157              
     158 00000000       _clrConvertorRunData:
     159                      .dwcfi  cfa_offset, -2
     160                      .dwcfi  save_reg_to_mem, 26, 0
     161                      .dwcfi  save_reg_to_reg, 78, 26
     162                      .dwpsn  file "../ConvertorCntrl/ConvertorRun.c",line 18,column 2,is_stmt
     163 00000000 E590          ZERO      R0H                   ; [CPU_] |18| 
     164 00000001 761F-         MOVW      DP,#_currentF         ; [CPU_U] 
         00000002 0000 
TMS320C2000 Assembler PC v6.2.7 Thu Jul 02 08:31:28 2015

Tools Copyright (c) 1996-2014 Texas Instruments Incorporated
C:\Users\Tester\AppData\Local\Temp\0316010                           PAGE    4

     165 00000003 E203-         MOV32     @_currentF,R0H        ; [CPU_] |18| 
         00000004 0006 
     166                      .dwpsn  file "../ConvertorCntrl/ConvertorRun.c",line 19,column 2,is_stmt
     167 00000005 E203-         MOV32     @_currentV,R0H        ; [CPU_] |19| 
         00000006 0004 
     168                      .dwpsn  file "../ConvertorCntrl/ConvertorRun.c",line 20,column 2,is_stmt
     169 00000007 E203-         MOV32     @_taskF,R0H           ; [CPU_] |20| 
         00000008 0002 
     170                      .dwpsn  file "../ConvertorCntrl/ConvertorRun.c",line 21,column 2,is_stmt
     171 00000009 E203-         MOV32     @_taskV,R0H           ; [CPU_] |21| 
         0000000a 0008 
     172                      .dwpsn  file "../ConvertorCntrl/ConvertorRun.c",line 22,column 2,is_stmt
     173 0000000b 2B00-         MOV       @_FlagPwmSet,#0       ; [CPU_] |22| 
     174                      .dwpsn  file "../ConvertorCntrl/ConvertorRun.c",line 23,column 1,is_stmt
     175              $C$DW$25        .dwtag  DW_TAG_TI_branch
     176                      .dwattr $C$DW$25, DW_AT_low_pc(0x00)
     177                      .dwattr $C$DW$25, DW_AT_TI_return
     178 0000000c 0006          LRETR     ; [CPU_] 
     179                      ; return occurs ; [] 
     180                      .dwattr $C$DW$24, DW_AT_TI_end_file("../ConvertorCntrl/ConvertorRun.c")
     181                      .dwattr $C$DW$24, DW_AT_TI_end_line(0x17)
     182                      .dwattr $C$DW$24, DW_AT_TI_end_column(0x01)
     183                      .dwendentry
     184                      .dwendtag $C$DW$24
     185              
     186 0000000d               .sect   ".text"
     187                      .clink
     188                      .global _setFlagPwmSet
     189              
     190              $C$DW$26        .dwtag  DW_TAG_subprogram, DW_AT_name("setFlagPwmSet")
     191                      .dwattr $C$DW$26, DW_AT_low_pc(_setFlagPwmSet)
     192                      .dwattr $C$DW$26, DW_AT_high_pc(0x00)
     193                      .dwattr $C$DW$26, DW_AT_TI_symbol_name("_setFlagPwmSet")
     194                      .dwattr $C$DW$26, DW_AT_external
     195                      .dwattr $C$DW$26, DW_AT_TI_begin_file("../ConvertorCntrl/ConvertorRun.c")
     196                      .dwattr $C$DW$26, DW_AT_TI_begin_line(0x19)
     197                      .dwattr $C$DW$26, DW_AT_TI_begin_column(0x06)
     198                      .dwattr $C$DW$26, DW_AT_TI_max_frame_size(-2)
     199                      .dwpsn  file "../ConvertorCntrl/ConvertorRun.c",line 25,column 25,is_stmt,address _setFlagPwmSet
     200              
     201                      .dwfde $C$DW$CIE, _setFlagPwmSet
     202              
     203              ;***************************************************************
     204              ;* FNAME: _setFlagPwmSet                FR SIZE:   0           *
     205              ;*                                                             *
     206              ;* FUNCTION ENVIRONMENT                                        *
     207              ;*                                                             *
     208              ;* FUNCTION PROPERTIES                                         *
     209              ;*                            0 Parameter,  0 Auto,  0 SOE     *
     210              ;***************************************************************
     211              
     212 0000000d       _setFlagPwmSet:
     213                      .dwcfi  cfa_offset, -2
     214                      .dwcfi  save_reg_to_mem, 26, 0
     215                      .dwcfi  save_reg_to_reg, 78, 26
TMS320C2000 Assembler PC v6.2.7 Thu Jul 02 08:31:28 2015

Tools Copyright (c) 1996-2014 Texas Instruments Incorporated
C:\Users\Tester\AppData\Local\Temp\0316010                           PAGE    5

     216                      .dwpsn  file "../ConvertorCntrl/ConvertorRun.c",line 26,column 2,is_stmt
     217 0000000d 761F-         MOVW      DP,#_FlagPwmSet       ; [CPU_U] 
         0000000e 0000 
     218 0000000f 56BF-         MOVB      @_FlagPwmSet,#1,UNC   ; [CPU_] |26| 
         00000010 0100 
     219                      .dwpsn  file "../ConvertorCntrl/ConvertorRun.c",line 27,column 1,is_stmt
     220              $C$DW$27        .dwtag  DW_TAG_TI_branch
     221                      .dwattr $C$DW$27, DW_AT_low_pc(0x00)
     222                      .dwattr $C$DW$27, DW_AT_TI_return
     223 00000011 0006          LRETR     ; [CPU_] 
     224                      ; return occurs ; [] 
     225                      .dwattr $C$DW$26, DW_AT_TI_end_file("../ConvertorCntrl/ConvertorRun.c")
     226                      .dwattr $C$DW$26, DW_AT_TI_end_line(0x1b)
     227                      .dwattr $C$DW$26, DW_AT_TI_end_column(0x01)
     228                      .dwendentry
     229                      .dwendtag $C$DW$26
     230              
     231 00000012               .sect   ".text"
     232                      .clink
     233                      .global _getFlagPwmSet
     234              
     235              $C$DW$28        .dwtag  DW_TAG_subprogram, DW_AT_name("getFlagPwmSet")
     236                      .dwattr $C$DW$28, DW_AT_low_pc(_getFlagPwmSet)
     237                      .dwattr $C$DW$28, DW_AT_high_pc(0x00)
     238                      .dwattr $C$DW$28, DW_AT_TI_symbol_name("_getFlagPwmSet")
     239                      .dwattr $C$DW$28, DW_AT_external
     240                      .dwattr $C$DW$28, DW_AT_type(*$C$DW$T$34)
     241                      .dwattr $C$DW$28, DW_AT_TI_begin_file("../ConvertorCntrl/ConvertorRun.c")
     242                      .dwattr $C$DW$28, DW_AT_TI_begin_line(0x1d)
     243                      .dwattr $C$DW$28, DW_AT_TI_begin_column(0x07)
     244                      .dwattr $C$DW$28, DW_AT_TI_max_frame_size(-2)
     245                      .dwpsn  file "../ConvertorCntrl/ConvertorRun.c",line 29,column 26,is_stmt,address _getFlagPwmSet
     246              
     247                      .dwfde $C$DW$CIE, _getFlagPwmSet
     248              
     249              ;***************************************************************
     250              ;* FNAME: _getFlagPwmSet                FR SIZE:   0           *
     251              ;*                                                             *
     252              ;* FUNCTION ENVIRONMENT                                        *
     253              ;*                                                             *
     254              ;* FUNCTION PROPERTIES                                         *
     255              ;*                            0 Parameter,  0 Auto,  0 SOE     *
     256              ;***************************************************************
     257              
     258 00000012       _getFlagPwmSet:
     259                      .dwcfi  cfa_offset, -2
     260                      .dwcfi  save_reg_to_mem, 26, 0
     261                      .dwcfi  save_reg_to_reg, 78, 26
     262                      .dwpsn  file "../ConvertorCntrl/ConvertorRun.c",line 30,column 2,is_stmt
     263 00000012 761F-         MOVW      DP,#_FlagPwmSet       ; [CPU_U] 
         00000013 0000 
     264 00000014 9200-         MOV       AL,@_FlagPwmSet       ; [CPU_] |30| 
     265                      .dwpsn  file "../ConvertorCntrl/ConvertorRun.c",line 31,column 1,is_stmt
     266              $C$DW$29        .dwtag  DW_TAG_TI_branch
     267                      .dwattr $C$DW$29, DW_AT_low_pc(0x00)
TMS320C2000 Assembler PC v6.2.7 Thu Jul 02 08:31:28 2015

Tools Copyright (c) 1996-2014 Texas Instruments Incorporated
C:\Users\Tester\AppData\Local\Temp\0316010                           PAGE    6

     268                      .dwattr $C$DW$29, DW_AT_TI_return
     269 00000015 0006          LRETR     ; [CPU_] 
     270                      ; return occurs ; [] 
     271                      .dwattr $C$DW$28, DW_AT_TI_end_file("../ConvertorCntrl/ConvertorRun.c")
     272                      .dwattr $C$DW$28, DW_AT_TI_end_line(0x1f)
     273                      .dwattr $C$DW$28, DW_AT_TI_end_column(0x01)
     274                      .dwendentry
     275                      .dwendtag $C$DW$28
     276              
     277 00000016               .sect   ".text"
     278                      .clink
     279                      .global _getCurrentFreq
     280              
     281              $C$DW$30        .dwtag  DW_TAG_subprogram, DW_AT_name("getCurrentFreq")
     282                      .dwattr $C$DW$30, DW_AT_low_pc(_getCurrentFreq)
     283                      .dwattr $C$DW$30, DW_AT_high_pc(0x00)
     284                      .dwattr $C$DW$30, DW_AT_TI_symbol_name("_getCurrentFreq")
     285                      .dwattr $C$DW$30, DW_AT_external
     286                      .dwattr $C$DW$30, DW_AT_type(*$C$DW$T$16)
     287                      .dwattr $C$DW$30, DW_AT_TI_begin_file("../ConvertorCntrl/ConvertorRun.c")
     288                      .dwattr $C$DW$30, DW_AT_TI_begin_line(0x23)
     289                      .dwattr $C$DW$30, DW_AT_TI_begin_column(0x07)
     290                      .dwattr $C$DW$30, DW_AT_TI_max_frame_size(-2)
     291                      .dwpsn  file "../ConvertorCntrl/ConvertorRun.c",line 35,column 27,is_stmt,address _getCurrentFreq
     292              
     293                      .dwfde $C$DW$CIE, _getCurrentFreq
     294              
     295              ;***************************************************************
     296              ;* FNAME: _getCurrentFreq               FR SIZE:   0           *
     297              ;*                                                             *
     298              ;* FUNCTION ENVIRONMENT                                        *
     299              ;*                                                             *
     300              ;* FUNCTION PROPERTIES                                         *
     301              ;*                            0 Parameter,  0 Auto,  0 SOE     *
     302              ;***************************************************************
     303              
     304 00000016       _getCurrentFreq:
     305                      .dwcfi  cfa_offset, -2
     306                      .dwcfi  save_reg_to_mem, 26, 0
     307                      .dwcfi  save_reg_to_reg, 78, 26
     308                      .dwpsn  file "../ConvertorCntrl/ConvertorRun.c",line 36,column 2,is_stmt
     309 00000016 761F-         MOVW      DP,#_currentF         ; [CPU_U] 
         00000017 0000 
     310 00000018 E2AF-         MOV32     R0H,@_currentF        ; [CPU_] |36| 
         00000019 0006 
     311                      .dwpsn  file "../ConvertorCntrl/ConvertorRun.c",line 37,column 1,is_stmt
     312              $C$DW$31        .dwtag  DW_TAG_TI_branch
     313                      .dwattr $C$DW$31, DW_AT_low_pc(0x00)
     314                      .dwattr $C$DW$31, DW_AT_TI_return
     315 0000001a 0006          LRETR     ; [CPU_] 
     316                      ; return occurs ; [] 
     317                      .dwattr $C$DW$30, DW_AT_TI_end_file("../ConvertorCntrl/ConvertorRun.c")
     318                      .dwattr $C$DW$30, DW_AT_TI_end_line(0x25)
     319                      .dwattr $C$DW$30, DW_AT_TI_end_column(0x01)
     320                      .dwendentry
TMS320C2000 Assembler PC v6.2.7 Thu Jul 02 08:31:28 2015

Tools Copyright (c) 1996-2014 Texas Instruments Incorporated
C:\Users\Tester\AppData\Local\Temp\0316010                           PAGE    7

     321                      .dwendtag $C$DW$30
     322              
     323 0000001b               .sect   ".text"
     324                      .clink
     325                      .global _getCurrentVinv
     326              
     327              $C$DW$32        .dwtag  DW_TAG_subprogram, DW_AT_name("getCurrentVinv")
     328                      .dwattr $C$DW$32, DW_AT_low_pc(_getCurrentVinv)
     329                      .dwattr $C$DW$32, DW_AT_high_pc(0x00)
     330                      .dwattr $C$DW$32, DW_AT_TI_symbol_name("_getCurrentVinv")
     331                      .dwattr $C$DW$32, DW_AT_external
     332                      .dwattr $C$DW$32, DW_AT_type(*$C$DW$T$16)
     333                      .dwattr $C$DW$32, DW_AT_TI_begin_file("../ConvertorCntrl/ConvertorRun.c")
     334                      .dwattr $C$DW$32, DW_AT_TI_begin_line(0x27)
     335                      .dwattr $C$DW$32, DW_AT_TI_begin_column(0x07)
     336                      .dwattr $C$DW$32, DW_AT_TI_max_frame_size(-2)
     337                      .dwpsn  file "../ConvertorCntrl/ConvertorRun.c",line 39,column 27,is_stmt,address _getCurrentVinv
     338              
     339                      .dwfde $C$DW$CIE, _getCurrentVinv
     340              
     341              ;***************************************************************
     342              ;* FNAME: _getCurrentVinv               FR SIZE:   0           *
     343              ;*                                                             *
     344              ;* FUNCTION ENVIRONMENT                                        *
     345              ;*                                                             *
     346              ;* FUNCTION PROPERTIES                                         *
     347              ;*                            0 Parameter,  0 Auto,  0 SOE     *
     348              ;***************************************************************
     349              
     350 0000001b       _getCurrentVinv:
     351                      .dwcfi  cfa_offset, -2
     352                      .dwcfi  save_reg_to_mem, 26, 0
     353                      .dwcfi  save_reg_to_reg, 78, 26
     354                      .dwpsn  file "../ConvertorCntrl/ConvertorRun.c",line 40,column 2,is_stmt
     355 0000001b 761F-         MOVW      DP,#_currentV         ; [CPU_U] 
         0000001c 0000 
     356 0000001d E2AF-         MOV32     R0H,@_currentV        ; [CPU_] |40| 
         0000001e 0004 
     357                      .dwpsn  file "../ConvertorCntrl/ConvertorRun.c",line 41,column 1,is_stmt
     358              $C$DW$33        .dwtag  DW_TAG_TI_branch
     359                      .dwattr $C$DW$33, DW_AT_low_pc(0x00)
     360                      .dwattr $C$DW$33, DW_AT_TI_return
     361 0000001f 0006          LRETR     ; [CPU_] 
     362                      ; return occurs ; [] 
     363                      .dwattr $C$DW$32, DW_AT_TI_end_file("../ConvertorCntrl/ConvertorRun.c")
     364                      .dwattr $C$DW$32, DW_AT_TI_end_line(0x29)
     365                      .dwattr $C$DW$32, DW_AT_TI_end_column(0x01)
     366                      .dwendentry
     367                      .dwendtag $C$DW$32
     368              
     369 00000020               .sect   ".text"
     370                      .clink
     371                      .global _getInvertorFreq
     372              
     373              $C$DW$34        .dwtag  DW_TAG_subprogram, DW_AT_name("getInvertorFreq")
TMS320C2000 Assembler PC v6.2.7 Thu Jul 02 08:31:28 2015

Tools Copyright (c) 1996-2014 Texas Instruments Incorporated
C:\Users\Tester\AppData\Local\Temp\0316010                           PAGE    8

     374                      .dwattr $C$DW$34, DW_AT_low_pc(_getInvertorFreq)
     375                      .dwattr $C$DW$34, DW_AT_high_pc(0x00)
     376                      .dwattr $C$DW$34, DW_AT_TI_symbol_name("_getInvertorFreq")
     377                      .dwattr $C$DW$34, DW_AT_external
     378                      .dwattr $C$DW$34, DW_AT_type(*$C$DW$T$16)
     379                      .dwattr $C$DW$34, DW_AT_TI_begin_file("../ConvertorCntrl/ConvertorRun.c")
     380                      .dwattr $C$DW$34, DW_AT_TI_begin_line(0x2b)
     381                      .dwattr $C$DW$34, DW_AT_TI_begin_column(0x07)
     382                      .dwattr $C$DW$34, DW_AT_TI_max_frame_size(-2)
     383                      .dwpsn  file "../ConvertorCntrl/ConvertorRun.c",line 43,column 28,is_stmt,address _getInvertorFreq
     384              
     385                      .dwfde $C$DW$CIE, _getInvertorFreq
     386              
     387              ;***************************************************************
     388              ;* FNAME: _getInvertorFreq              FR SIZE:   0           *
     389              ;*                                                             *
     390              ;* FUNCTION ENVIRONMENT                                        *
     391              ;*                                                             *
     392              ;* FUNCTION PROPERTIES                                         *
     393              ;*                            0 Parameter,  0 Auto,  0 SOE     *
     394              ;***************************************************************
     395              
     396 00000020       _getInvertorFreq:
     397                      .dwcfi  cfa_offset, -2
     398                      .dwcfi  save_reg_to_mem, 26, 0
     399                      .dwcfi  save_reg_to_reg, 78, 26
     400                      .dwpsn  file "../ConvertorCntrl/ConvertorRun.c",line 44,column 2,is_stmt
     401 00000020 761F-         MOVW      DP,#_taskF            ; [CPU_U] 
         00000021 0000 
     402 00000022 E2AF-         MOV32     R0H,@_taskF           ; [CPU_] |44| 
         00000023 0002 
     403                      .dwpsn  file "../ConvertorCntrl/ConvertorRun.c",line 45,column 1,is_stmt
     404              $C$DW$35        .dwtag  DW_TAG_TI_branch
     405                      .dwattr $C$DW$35, DW_AT_low_pc(0x00)
     406                      .dwattr $C$DW$35, DW_AT_TI_return
     407 00000024 0006          LRETR     ; [CPU_] 
     408                      ; return occurs ; [] 
     409                      .dwattr $C$DW$34, DW_AT_TI_end_file("../ConvertorCntrl/ConvertorRun.c")
     410                      .dwattr $C$DW$34, DW_AT_TI_end_line(0x2d)
     411                      .dwattr $C$DW$34, DW_AT_TI_end_column(0x01)
     412                      .dwendentry
     413                      .dwendtag $C$DW$34
     414              
     415 00000025               .sect   ".text"
     416                      .clink
     417                      .global _getInvertorVinv
     418              
     419              $C$DW$36        .dwtag  DW_TAG_subprogram, DW_AT_name("getInvertorVinv")
     420                      .dwattr $C$DW$36, DW_AT_low_pc(_getInvertorVinv)
     421                      .dwattr $C$DW$36, DW_AT_high_pc(0x00)
     422                      .dwattr $C$DW$36, DW_AT_TI_symbol_name("_getInvertorVinv")
     423                      .dwattr $C$DW$36, DW_AT_external
     424                      .dwattr $C$DW$36, DW_AT_type(*$C$DW$T$16)
     425                      .dwattr $C$DW$36, DW_AT_TI_begin_file("../ConvertorCntrl/ConvertorRun.c")
     426                      .dwattr $C$DW$36, DW_AT_TI_begin_line(0x2f)
TMS320C2000 Assembler PC v6.2.7 Thu Jul 02 08:31:28 2015

Tools Copyright (c) 1996-2014 Texas Instruments Incorporated
C:\Users\Tester\AppData\Local\Temp\0316010                           PAGE    9

     427                      .dwattr $C$DW$36, DW_AT_TI_begin_column(0x07)
     428                      .dwattr $C$DW$36, DW_AT_TI_max_frame_size(-2)
     429                      .dwpsn  file "../ConvertorCntrl/ConvertorRun.c",line 47,column 28,is_stmt,address _getInvertorVinv
     430              
     431                      .dwfde $C$DW$CIE, _getInvertorVinv
     432              
     433              ;***************************************************************
     434              ;* FNAME: _getInvertorVinv              FR SIZE:   0           *
     435              ;*                                                             *
     436              ;* FUNCTION ENVIRONMENT                                        *
     437              ;*                                                             *
     438              ;* FUNCTION PROPERTIES                                         *
     439              ;*                            0 Parameter,  0 Auto,  0 SOE     *
     440              ;***************************************************************
     441              
     442 00000025       _getInvertorVinv:
     443                      .dwcfi  cfa_offset, -2
     444                      .dwcfi  save_reg_to_mem, 26, 0
     445                      .dwcfi  save_reg_to_reg, 78, 26
     446                      .dwpsn  file "../ConvertorCntrl/ConvertorRun.c",line 48,column 2,is_stmt
     447 00000025 761F-         MOVW      DP,#_taskV            ; [CPU_U] 
         00000026 0000 
     448 00000027 E2AF-         MOV32     R0H,@_taskV           ; [CPU_] |48| 
         00000028 0008 
     449                      .dwpsn  file "../ConvertorCntrl/ConvertorRun.c",line 49,column 1,is_stmt
     450              $C$DW$37        .dwtag  DW_TAG_TI_branch
     451                      .dwattr $C$DW$37, DW_AT_low_pc(0x00)
     452                      .dwattr $C$DW$37, DW_AT_TI_return
     453 00000029 0006          LRETR     ; [CPU_] 
     454                      ; return occurs ; [] 
     455                      .dwattr $C$DW$36, DW_AT_TI_end_file("../ConvertorCntrl/ConvertorRun.c")
     456                      .dwattr $C$DW$36, DW_AT_TI_end_line(0x31)
     457                      .dwattr $C$DW$36, DW_AT_TI_end_column(0x01)
     458                      .dwendentry
     459                      .dwendtag $C$DW$36
     460              
     461 0000002a               .sect   ".text"
     462                      .clink
     463                      .global _getCntrlRunConvertor
     464              
     465              $C$DW$38        .dwtag  DW_TAG_subprogram, DW_AT_name("getCntrlRunConvertor")
     466                      .dwattr $C$DW$38, DW_AT_low_pc(_getCntrlRunConvertor)
     467                      .dwattr $C$DW$38, DW_AT_high_pc(0x00)
     468                      .dwattr $C$DW$38, DW_AT_TI_symbol_name("_getCntrlRunConvertor")
     469                      .dwattr $C$DW$38, DW_AT_external
     470                      .dwattr $C$DW$38, DW_AT_type(*$C$DW$T$28)
     471                      .dwattr $C$DW$38, DW_AT_TI_begin_file("../ConvertorCntrl/ConvertorRun.c")
     472                      .dwattr $C$DW$38, DW_AT_TI_begin_line(0x33)
     473                      .dwattr $C$DW$38, DW_AT_TI_begin_column(0x08)
     474                      .dwattr $C$DW$38, DW_AT_TI_max_frame_size(-8)
     475                      .dwpsn  file "../ConvertorCntrl/ConvertorRun.c",line 51,column 42,is_stmt,address _getCntrlRunConvert
     476              
     477                      .dwfde $C$DW$CIE, _getCntrlRunConvertor
     478              $C$DW$39        .dwtag  DW_TAG_formal_parameter, DW_AT_name("mode")
     479                      .dwattr $C$DW$39, DW_AT_TI_symbol_name("_mode")
TMS320C2000 Assembler PC v6.2.7 Thu Jul 02 08:31:28 2015

Tools Copyright (c) 1996-2014 Texas Instruments Incorporated
C:\Users\Tester\AppData\Local\Temp\0316010                           PAGE   10

     480                      .dwattr $C$DW$39, DW_AT_type(*$C$DW$T$32)
     481                      .dwattr $C$DW$39, DW_AT_location[DW_OP_reg12]
     482              
     483              ;***************************************************************
     484              ;* FNAME: _getCntrlRunConvertor         FR SIZE:   6           *
     485              ;*                                                             *
     486              ;* FUNCTION ENVIRONMENT                                        *
     487              ;*                                                             *
     488              ;* FUNCTION PROPERTIES                                         *
     489              ;*                            4 Parameter,  2 Auto,  0 SOE     *
     490              ;***************************************************************
     491              
     492 0000002a       _getCntrlRunConvertor:
     493                      .dwcfi  cfa_offset, -2
     494                      .dwcfi  save_reg_to_mem, 26, 0
     495                      .dwcfi  save_reg_to_reg, 78, 26
     496 0000002a FE06          ADDB      SP,#6                 ; [CPU_U] 
     497                      .dwcfi  cfa_offset, -8
     498              $C$DW$40        .dwtag  DW_TAG_variable, DW_AT_name("mode")
     499                      .dwattr $C$DW$40, DW_AT_TI_symbol_name("_mode")
     500                      .dwattr $C$DW$40, DW_AT_type(*$C$DW$T$32)
     501                      .dwattr $C$DW$40, DW_AT_location[DW_OP_breg20 -6]
     502 0000002b A846          MOVL      *-SP[6],XAR4          ; [CPU_] |51| 
     503                      .dwpsn  file "../ConvertorCntrl/ConvertorRun.c",line 53,column 2,is_stmt
     504 0000002c 28A9          MOV       AL,#33776             ; [CPU_] |53| 
         0000002d 83F0 
     505              $C$DW$41        .dwtag  DW_TAG_TI_branch
     506                      .dwattr $C$DW$41, DW_AT_low_pc(0x00)
     507                      .dwattr $C$DW$41, DW_AT_name("_testStatusConvertor")
     508                      .dwattr $C$DW$41, DW_AT_TI_call
     509 0000002e 7640!         LCR       #_testStatusConvertor ; [CPU_] |53| 
         0000002f 0000 
     510                      ; call occurs [#_testStatusConvertor] ; [] |53| 
     511 00000030 5200          CMPB      AL,#0                 ; [CPU_] |53| 
     512 00000031 EC73          BF        $C$L9,EQ              ; [CPU_] |53| 
     513                      ; branchcc occurs ; [] |53| 
     514                      .dwpsn  file "../ConvertorCntrl/ConvertorRun.c",line 54,column 3,is_stmt
     515 00000032 9A10          MOVB      AL,#16                ; [CPU_] |54| 
     516 00000033 FFEF          B         $C$L12,UNC            ; [CPU_] |54| 
         00000034 0082 
     517                      ; branch occurs ; [] |54| 
     518 00000035       $C$L1:    
     519                      .dwpsn  file "../ConvertorCntrl/ConvertorRun.c",line 60,column 4,is_stmt
     520 00000035 020A          MOVB      ACC,#10               ; [CPU_] |60| 
     521              $C$DW$42        .dwtag  DW_TAG_TI_branch
     522                      .dwattr $C$DW$42, DW_AT_low_pc(0x00)
     523                      .dwattr $C$DW$42, DW_AT_name("_SET_DELAY_CONV_DL")
     524                      .dwattr $C$DW$42, DW_AT_TI_call
     525 00000036 7640!         LCR       #_SET_DELAY_CONV_DL   ; [CPU_] |60| 
         00000037 0000 
     526                      ; call occurs [#_SET_DELAY_CONV_DL] ; [] |60| 
     527                      .dwpsn  file "../ConvertorCntrl/ConvertorRun.c",line 61,column 4,is_stmt
     528 00000038 761F-         MOVW      DP,#_delayCnt         ; [CPU_U] 
         00000039 0000 
     529 0000003a 2B01-         MOV       @_delayCnt,#0         ; [CPU_] |61| 
TMS320C2000 Assembler PC v6.2.7 Thu Jul 02 08:31:28 2015

Tools Copyright (c) 1996-2014 Texas Instruments Incorporated
C:\Users\Tester\AppData\Local\Temp\0316010                           PAGE   11

     530                      .dwpsn  file "../ConvertorCntrl/ConvertorRun.c",line 62,column 4,is_stmt
     531              $C$DW$43        .dwtag  DW_TAG_TI_branch
     532                      .dwattr $C$DW$43, DW_AT_low_pc(0x00)
     533                      .dwattr $C$DW$43, DW_AT_name("_initOverloadCntrl")
     534                      .dwattr $C$DW$43, DW_AT_TI_call
     535 0000003b 7640!         LCR       #_initOverloadCntrl   ; [CPU_] |62| 
         0000003c 0000 
     536                      ; call occurs [#_initOverloadCntrl] ; [] |62| 
     537                      .dwpsn  file "../ConvertorCntrl/ConvertorRun.c",line 63,column 4,is_stmt
     538              $C$DW$44        .dwtag  DW_TAG_TI_branch
     539                      .dwattr $C$DW$44, DW_AT_low_pc(0x00)
     540                      .dwattr $C$DW$44, DW_AT_name("_rstCntrlPwm")
     541                      .dwattr $C$DW$44, DW_AT_TI_call
     542 0000003d 7640!         LCR       #_rstCntrlPwm         ; [CPU_] |63| 
         0000003e 0000 
     543                      ; call occurs [#_rstCntrlPwm] ; [] |63| 
     544                      .dwpsn  file "../ConvertorCntrl/ConvertorRun.c",line 64,column 4,is_stmt
     545 0000003f 9A50          MOVB      AL,#80                ; [CPU_] |64| 
     546              $C$DW$45        .dwtag  DW_TAG_TI_branch
     547                      .dwattr $C$DW$45, DW_AT_low_pc(0x00)
     548                      .dwattr $C$DW$45, DW_AT_name("_getRegister")
     549                      .dwattr $C$DW$45, DW_AT_TI_call
     550 00000040 7640!         LCR       #_getRegister         ; [CPU_] |64| 
         00000041 0000 
     551                      ; call occurs [#_getRegister] ; [] |64| 
     552 00000042 5200          CMPB      AL,#0                 ; [CPU_] |64| 
     553 00000043 EC05          BF        $C$L2,EQ              ; [CPU_] |64| 
     554                      ; branchcc occurs ; [] |64| 
     555                      .dwpsn  file "../ConvertorCntrl/ConvertorRun.c",line 65,column 5,is_stmt
     556 00000044 8A46          MOVL      XAR4,*-SP[6]          ; [CPU_] |65| 
     557 00000045 56BF          MOVB      *+XAR4[0],#10,UNC     ; [CPU_] |65| 
         00000046 0AC4 
     558                      .dwpsn  file "../ConvertorCntrl/ConvertorRun.c",line 66,column 5,is_stmt
     559 00000047 6F6D          B         $C$L11,UNC            ; [CPU_] |66| 
     560                      ; branch occurs ; [] |66| 
     561 00000048       $C$L2:    
     562                      .dwpsn  file "../ConvertorCntrl/ConvertorRun.c",line 68,column 5,is_stmt
     563 00000048 8A46          MOVL      XAR4,*-SP[6]          ; [CPU_] |68| 
     564 00000049 56BF          MOVB      *+XAR4[0],#11,UNC     ; [CPU_] |68| 
         0000004a 0BC4 
     565 0000004b       $C$L3:    
     566                      .dwpsn  file "../ConvertorCntrl/ConvertorRun.c",line 74,column 4,is_stmt
     567 0000004b E590          ZERO      R0H                   ; [CPU_] |74| 
     568 0000004c 761F-         MOVW      DP,#_currentF         ; [CPU_U] 
         0000004d 0000 
     569 0000004e E203-         MOV32     @_currentF,R0H        ; [CPU_] |74| 
         0000004f 0006 
     570                      .dwpsn  file "../ConvertorCntrl/ConvertorRun.c",line 75,column 4,is_stmt
     571 00000050 E203-         MOV32     @_currentV,R0H        ; [CPU_] |75| 
         00000051 0004 
     572                      .dwpsn  file "../ConvertorCntrl/ConvertorRun.c",line 76,column 4,is_stmt
     573 00000052 E203-         MOV32     @_taskF,R0H           ; [CPU_] |76| 
         00000053 0002 
     574                      .dwpsn  file "../ConvertorCntrl/ConvertorRun.c",line 77,column 4,is_stmt
     575 00000054 E203-         MOV32     @_taskV,R0H           ; [CPU_] |77| 
TMS320C2000 Assembler PC v6.2.7 Thu Jul 02 08:31:28 2015

Tools Copyright (c) 1996-2014 Texas Instruments Incorporated
C:\Users\Tester\AppData\Local\Temp\0316010                           PAGE   12

         00000055 0008 
     576                      .dwpsn  file "../ConvertorCntrl/ConvertorRun.c",line 78,column 4,is_stmt
     577 00000056 8A46          MOVL      XAR4,*-SP[6]          ; [CPU_] |78| 
     578 00000057 56BF          MOVB      *+XAR4[0],#12,UNC     ; [CPU_] |78| 
         00000058 0CC4 
     579                      .dwpsn  file "../ConvertorCntrl/ConvertorRun.c",line 79,column 4,is_stmt
     580 00000059 6F5B          B         $C$L11,UNC            ; [CPU_] |79| 
     581                      ; branch occurs ; [] |79| 
     582 0000005a       $C$L4:    
     583                      .dwpsn  file "../ConvertorCntrl/ConvertorRun.c",line 84,column 4,is_stmt
     584 0000005a E590          ZERO      R0H                   ; [CPU_] |84| 
     585 0000005b 761F-         MOVW      DP,#_taskF            ; [CPU_U] 
         0000005c 0000 
     586 0000005d E203-         MOV32     @_taskF,R0H           ; [CPU_] |84| 
         0000005e 0002 
     587                      .dwpsn  file "../ConvertorCntrl/ConvertorRun.c",line 85,column 4,is_stmt
     588 0000005f E203-         MOV32     @_taskV,R0H           ; [CPU_] |85| 
         00000060 0008 
     589                      .dwpsn  file "../ConvertorCntrl/ConvertorRun.c",line 86,column 4,is_stmt
     590 00000061 E203-         MOV32     @_currentF,R0H        ; [CPU_] |86| 
         00000062 0006 
     591                      .dwpsn  file "../ConvertorCntrl/ConvertorRun.c",line 87,column 4,is_stmt
     592 00000063 E203-         MOV32     @_currentV,R0H        ; [CPU_] |87| 
         00000064 0004 
     593                      .dwpsn  file "../ConvertorCntrl/ConvertorRun.c",line 88,column 4,is_stmt
     594              $C$DW$46        .dwtag  DW_TAG_TI_branch
     595                      .dwattr $C$DW$46, DW_AT_low_pc(0x00)
     596                      .dwattr $C$DW$46, DW_AT_name("_GET_TIME_CONV_DL")
     597                      .dwattr $C$DW$46, DW_AT_TI_call
     598 00000065 7640!         LCR       #_GET_TIME_CONV_DL    ; [CPU_] |88| 
         00000066 0000 
     599                      ; call occurs [#_GET_TIME_CONV_DL] ; [] |88| 
     600 00000067 1EA6          MOVL      XAR6,ACC              ; [CPU_] |88| 
     601 00000068 0200          MOVB      ACC,#0                ; [CPU_] |88| 
     602 00000069 0FA6          CMPL      ACC,XAR6              ; [CPU_] |88| 
     603 0000006a ED08          BF        $C$L5,NEQ             ; [CPU_] |88| 
     604                      ; branchcc occurs ; [] |88| 
     605                      .dwpsn  file "../ConvertorCntrl/ConvertorRun.c",line 89,column 5,is_stmt
     606 0000006b 0201          MOVB      ACC,#1                ; [CPU_] |89| 
     607              $C$DW$47        .dwtag  DW_TAG_TI_branch
     608                      .dwattr $C$DW$47, DW_AT_low_pc(0x00)
     609                      .dwattr $C$DW$47, DW_AT_name("_SET_DELAY_CONV_DL")
     610                      .dwattr $C$DW$47, DW_AT_TI_call
     611 0000006c 7640!         LCR       #_SET_DELAY_CONV_DL   ; [CPU_] |89| 
         0000006d 0000 
     612                      ; call occurs [#_SET_DELAY_CONV_DL] ; [] |89| 
     613                      .dwpsn  file "../ConvertorCntrl/ConvertorRun.c",line 90,column 5,is_stmt
     614 0000006e 8A46          MOVL      XAR4,*-SP[6]          ; [CPU_] |90| 
     615 0000006f 56BF          MOVB      *+XAR4[0],#12,UNC     ; [CPU_] |90| 
         00000070 0CC4 
     616                      .dwpsn  file "../ConvertorCntrl/ConvertorRun.c",line 91,column 4,is_stmt
     617 00000071 6F43          B         $C$L11,UNC            ; [CPU_] |91| 
     618                      ; branch occurs ; [] |91| 
     619 00000072       $C$L5:    
     620                      .dwpsn  file "../ConvertorCntrl/ConvertorRun.c",line 92,column 5,is_stmt
TMS320C2000 Assembler PC v6.2.7 Thu Jul 02 08:31:28 2015

Tools Copyright (c) 1996-2014 Texas Instruments Incorporated
C:\Users\Tester\AppData\Local\Temp\0316010                           PAGE   13

     621 00000072 8A46          MOVL      XAR4,*-SP[6]          ; [CPU_] |92| 
     622 00000073 56BF          MOVB      *+XAR4[0],#11,UNC     ; [CPU_] |92| 
         00000074 0BC4 
     623                      .dwpsn  file "../ConvertorCntrl/ConvertorRun.c",line 94,column 4,is_stmt
     624 00000075 6F3F          B         $C$L11,UNC            ; [CPU_] |94| 
     625                      ; branch occurs ; [] |94| 
     626 00000076       $C$L6:    
     627                      .dwpsn  file "../ConvertorCntrl/ConvertorRun.c",line 98,column 4,is_stmt
     628 00000076 761F-         MOVW      DP,#_FlagPwmSet       ; [CPU_U] 
         00000077 0000 
     629 00000078 9200-         MOV       AL,@_FlagPwmSet       ; [CPU_] |98| 
     630 00000079 EC02          BF        $C$L7,EQ              ; [CPU_] |98| 
     631                      ; branchcc occurs ; [] |98| 
     632                      .dwpsn  file "../ConvertorCntrl/ConvertorRun.c",line 100,column 5,is_stmt
     633 0000007a 2B00-         MOV       @_FlagPwmSet,#0       ; [CPU_] |100| 
     634 0000007b       $C$L7:    
     635                      .dwpsn  file "../ConvertorCntrl/ConvertorRun.c",line 107,column 4,is_stmt
     636              $C$DW$48        .dwtag  DW_TAG_TI_branch
     637                      .dwattr $C$DW$48, DW_AT_low_pc(0x00)
     638                      .dwattr $C$DW$48, DW_AT_name("_GET_TIME_CONV_DL")
     639                      .dwattr $C$DW$48, DW_AT_TI_call
     640 0000007b 7640!         LCR       #_GET_TIME_CONV_DL    ; [CPU_] |107| 
         0000007c 0000 
     641                      ; call occurs [#_GET_TIME_CONV_DL] ; [] |107| 
     642 0000007d 1EA6          MOVL      XAR6,ACC              ; [CPU_] |107| 
     643 0000007e 0200          MOVB      ACC,#0                ; [CPU_] |107| 
     644 0000007f 0FA6          CMPL      ACC,XAR6              ; [CPU_] |107| 
     645 00000080 ED34          BF        $C$L11,NEQ            ; [CPU_] |107| 
     646                      ; branchcc occurs ; [] |107| 
     647                      .dwpsn  file "../ConvertorCntrl/ConvertorRun.c",line 108,column 5,is_stmt
     648 00000081 0201          MOVB      ACC,#1                ; [CPU_] |108| 
     649              $C$DW$49        .dwtag  DW_TAG_TI_branch
     650                      .dwattr $C$DW$49, DW_AT_low_pc(0x00)
     651                      .dwattr $C$DW$49, DW_AT_name("_SET_DELAY_CONV_DL")
     652                      .dwattr $C$DW$49, DW_AT_TI_call
     653 00000082 7640!         LCR       #_SET_DELAY_CONV_DL   ; [CPU_] |108| 
         00000083 0000 
     654                      ; call occurs [#_SET_DELAY_CONV_DL] ; [] |108| 
     655                      .dwpsn  file "../ConvertorCntrl/ConvertorRun.c",line 109,column 5,is_stmt
     656              $C$DW$50        .dwtag  DW_TAG_TI_branch
     657                      .dwattr $C$DW$50, DW_AT_low_pc(0x00)
     658                      .dwattr $C$DW$50, DW_AT_name("_cntrlOvervoltag")
     659                      .dwattr $C$DW$50, DW_AT_TI_call
     660 00000084 7640!         LCR       #_cntrlOvervoltag     ; [CPU_] |109| 
         00000085 0000 
     661                      ; call occurs [#_cntrlOvervoltag] ; [] |109| 
     662                      .dwpsn  file "../ConvertorCntrl/ConvertorRun.c",line 110,column 5,is_stmt
     663              $C$DW$51        .dwtag  DW_TAG_TI_branch
     664                      .dwattr $C$DW$51, DW_AT_low_pc(0x00)
     665                      .dwattr $C$DW$51, DW_AT_name("_cntrlOverload")
     666                      .dwattr $C$DW$51, DW_AT_TI_call
     667 00000086 7640!         LCR       #_cntrlOverload       ; [CPU_] |110| 
         00000087 0000 
     668                      ; call occurs [#_cntrlOverload] ; [] |110| 
     669                      .dwpsn  file "../ConvertorCntrl/ConvertorRun.c",line 111,column 5,is_stmt
TMS320C2000 Assembler PC v6.2.7 Thu Jul 02 08:31:28 2015

Tools Copyright (c) 1996-2014 Texas Instruments Incorporated
C:\Users\Tester\AppData\Local\Temp\0316010                           PAGE   14

     670 00000088 8F40-         MOVL      XAR5,#_currentF       ; [CPU_U] |111| 
         00000089 0006 
     671 0000008a 8F00-         MOVL      XAR4,#_currentV       ; [CPU_U] |111| 
         0000008b 0004 
     672 0000008c A042          MOVL      *-SP[2],XAR5          ; [CPU_] |111| 
     673 0000008d 8F40-         MOVL      XAR5,#_taskV          ; [CPU_U] |111| 
         0000008e 0008 
     674 0000008f A844          MOVL      *-SP[4],XAR4          ; [CPU_] |111| 
     675 00000090 8F00-         MOVL      XAR4,#_taskF          ; [CPU_U] |111| 
         00000091 0002 
     676              $C$DW$52        .dwtag  DW_TAG_TI_branch
     677                      .dwattr $C$DW$52, DW_AT_low_pc(0x00)
     678                      .dwattr $C$DW$52, DW_AT_name("_controlPwm")
     679                      .dwattr $C$DW$52, DW_AT_TI_call
     680 00000092 7640!         LCR       #_controlPwm          ; [CPU_] |111| 
         00000093 0000 
     681                      ; call occurs [#_controlPwm] ; [] |111| 
     682 00000094 8A46          MOVL      XAR4,*-SP[6]          ; [CPU_] |111| 
     683 00000095 96C4          MOV       *+XAR4[0],AL          ; [CPU_] |111| 
     684                      .dwpsn  file "../ConvertorCntrl/ConvertorRun.c",line 112,column 5,is_stmt
     685              $C$DW$53        .dwtag  DW_TAG_TI_branch
     686                      .dwattr $C$DW$53, DW_AT_low_pc(0x00)
     687                      .dwattr $C$DW$53, DW_AT_name("_cntrlIbyT")
     688                      .dwattr $C$DW$53, DW_AT_TI_call
     689 00000096 7640!         LCR       #_cntrlIbyT           ; [CPU_] |112| 
         00000097 0000 
     690                      ; call occurs [#_cntrlIbyT] ; [] |112| 
     691                      .dwpsn  file "../ConvertorCntrl/ConvertorRun.c",line 114,column 4,is_stmt
     692 00000098 6F1C          B         $C$L11,UNC            ; [CPU_] |114| 
     693                      ; branch occurs ; [] |114| 
     694 00000099       $C$L8:    
     695                      .dwpsn  file "../ConvertorCntrl/ConvertorRun.c",line 118,column 4,is_stmt
     696              $C$DW$54        .dwtag  DW_TAG_TI_branch
     697                      .dwattr $C$DW$54, DW_AT_low_pc(0x00)
     698                      .dwattr $C$DW$54, DW_AT_name("_GET_TIME_CONV_DL")
     699                      .dwattr $C$DW$54, DW_AT_TI_call
     700 00000099 7640!         LCR       #_GET_TIME_CONV_DL    ; [CPU_] |118| 
         0000009a 0000 
     701                      ; call occurs [#_GET_TIME_CONV_DL] ; [] |118| 
     702 0000009b 1EA6          MOVL      XAR6,ACC              ; [CPU_] |118| 
     703 0000009c 0200          MOVB      ACC,#0                ; [CPU_] |118| 
     704 0000009d 0FA6          CMPL      ACC,XAR6              ; [CPU_] |118| 
     705 0000009e ED16          BF        $C$L11,NEQ            ; [CPU_] |118| 
     706                      ; branchcc occurs ; [] |118| 
     707                      .dwpsn  file "../ConvertorCntrl/ConvertorRun.c",line 119,column 5,is_stmt
     708 0000009f 0201          MOVB      ACC,#1                ; [CPU_] |119| 
     709              $C$DW$55        .dwtag  DW_TAG_TI_branch
     710                      .dwattr $C$DW$55, DW_AT_low_pc(0x00)
     711                      .dwattr $C$DW$55, DW_AT_name("_SET_DELAY_CONV_DL")
     712                      .dwattr $C$DW$55, DW_AT_TI_call
     713 000000a0 7640!         LCR       #_SET_DELAY_CONV_DL   ; [CPU_] |119| 
         000000a1 0000 
     714                      ; call occurs [#_SET_DELAY_CONV_DL] ; [] |119| 
     715                      .dwpsn  file "../ConvertorCntrl/ConvertorRun.c",line 120,column 5,is_stmt
     716 000000a2 9A01          MOVB      AL,#1                 ; [CPU_] |120| 
TMS320C2000 Assembler PC v6.2.7 Thu Jul 02 08:31:28 2015

Tools Copyright (c) 1996-2014 Texas Instruments Incorporated
C:\Users\Tester\AppData\Local\Temp\0316010                           PAGE   15

     717 000000a3 6F12          B         $C$L12,UNC            ; [CPU_] |120| 
     718                      ; branch occurs ; [] |120| 
     719 000000a4       $C$L9:    
     720                      .dwpsn  file "../ConvertorCntrl/ConvertorRun.c",line 56,column 2,is_stmt
     721 000000a4 8A46          MOVL      XAR4,*-SP[6]          ; [CPU_] |56| 
     722 000000a5 92C4          MOV       AL,*+XAR4[0]          ; [CPU_] |56| 
     723 000000a6 520B          CMPB      AL,#11                ; [CPU_] |56| 
     724 000000a7 6208          B         $C$L10,GT             ; [CPU_] |56| 
     725                      ; branchcc occurs ; [] |56| 
     726 000000a8 520B          CMPB      AL,#11                ; [CPU_] |56| 
     727 000000a9 ECB1          BF        $C$L4,EQ              ; [CPU_] |56| 
     728                      ; branchcc occurs ; [] |56| 
     729 000000aa 5209          CMPB      AL,#9                 ; [CPU_] |56| 
     730 000000ab EC8A          BF        $C$L1,EQ              ; [CPU_] |56| 
     731                      ; branchcc occurs ; [] |56| 
     732 000000ac 520A          CMPB      AL,#10                ; [CPU_] |56| 
     733 000000ad EC9E          BF        $C$L3,EQ              ; [CPU_] |56| 
     734                      ; branchcc occurs ; [] |56| 
     735 000000ae 6F87          B         $C$L1,UNC             ; [CPU_] |56| 
     736                      ; branch occurs ; [] |56| 
     737 000000af       $C$L10:    
     738 000000af 520C          CMPB      AL,#12                ; [CPU_] |56| 
     739 000000b0 ECC6          BF        $C$L6,EQ              ; [CPU_] |56| 
     740                      ; branchcc occurs ; [] |56| 
     741 000000b1 520D          CMPB      AL,#13                ; [CPU_] |56| 
     742 000000b2 ECE7          BF        $C$L8,EQ              ; [CPU_] |56| 
     743                      ; branchcc occurs ; [] |56| 
     744 000000b3 6F82          B         $C$L1,UNC             ; [CPU_] |56| 
     745                      ; branch occurs ; [] |56| 
     746 000000b4       $C$L11:    
     747                      .dwpsn  file "../ConvertorCntrl/ConvertorRun.c",line 125,column 2,is_stmt
     748 000000b4 9A04          MOVB      AL,#4                 ; [CPU_] |125| 
     749 000000b5       $C$L12:    
     750                      .dwpsn  file "../ConvertorCntrl/ConvertorRun.c",line 126,column 1,is_stmt
     751 000000b5 FE86          SUBB      SP,#6                 ; [CPU_U] 
     752                      .dwcfi  cfa_offset, -2
     753              $C$DW$56        .dwtag  DW_TAG_TI_branch
     754                      .dwattr $C$DW$56, DW_AT_low_pc(0x00)
     755                      .dwattr $C$DW$56, DW_AT_TI_return
     756 000000b6 0006          LRETR     ; [CPU_] 
     757                      ; return occurs ; [] 
     758                      .dwattr $C$DW$38, DW_AT_TI_end_file("../ConvertorCntrl/ConvertorRun.c")
     759                      .dwattr $C$DW$38, DW_AT_TI_end_line(0x7e)
     760                      .dwattr $C$DW$38, DW_AT_TI_end_column(0x01)
     761                      .dwendentry
     762                      .dwendtag $C$DW$38
     763              
     764              ;**************************************************************
     765              ;* UNDEFINED EXTERNAL REFERENCES                              *
     766              ;**************************************************************
     767                      .global _initOverloadCntrl
     768                      .global _cntrlOverload
     769                      .global _cntrlOvervoltag
     770                      .global _cntrlIbyT
     771                      .global _SET_DELAY_CONV_DL
TMS320C2000 Assembler PC v6.2.7 Thu Jul 02 08:31:28 2015

Tools Copyright (c) 1996-2014 Texas Instruments Incorporated
C:\Users\Tester\AppData\Local\Temp\0316010                           PAGE   16

     772                      .global _rstCntrlPwm
     773                      .global _controlPwm
     774                      .global _testStatusConvertor
     775                      .global _getRegister
     776                      .global _GET_TIME_CONV_DL
     777              
     778              ;***************************************************************
     779              ;* TYPE INFORMATION                                            *
     780              ;***************************************************************
     781              $C$DW$T$4       .dwtag  DW_TAG_base_type
     782                      .dwattr $C$DW$T$4, DW_AT_encoding(DW_ATE_boolean)
     783                      .dwattr $C$DW$T$4, DW_AT_name("bool")
     784                      .dwattr $C$DW$T$4, DW_AT_byte_size(0x01)
     785              $C$DW$T$5       .dwtag  DW_TAG_base_type
     786                      .dwattr $C$DW$T$5, DW_AT_encoding(DW_ATE_signed_char)
     787                      .dwattr $C$DW$T$5, DW_AT_name("signed char")
     788                      .dwattr $C$DW$T$5, DW_AT_byte_size(0x01)
     789              $C$DW$T$6       .dwtag  DW_TAG_base_type
     790                      .dwattr $C$DW$T$6, DW_AT_encoding(DW_ATE_unsigned_char)
     791                      .dwattr $C$DW$T$6, DW_AT_name("unsigned char")
     792                      .dwattr $C$DW$T$6, DW_AT_byte_size(0x01)
     793              $C$DW$T$7       .dwtag  DW_TAG_base_type
     794                      .dwattr $C$DW$T$7, DW_AT_encoding(DW_ATE_signed_char)
     795                      .dwattr $C$DW$T$7, DW_AT_name("wchar_t")
     796                      .dwattr $C$DW$T$7, DW_AT_byte_size(0x01)
     797              $C$DW$T$8       .dwtag  DW_TAG_base_type
     798                      .dwattr $C$DW$T$8, DW_AT_encoding(DW_ATE_signed)
     799                      .dwattr $C$DW$T$8, DW_AT_name("short")
     800                      .dwattr $C$DW$T$8, DW_AT_byte_size(0x01)
     801              $C$DW$T$9       .dwtag  DW_TAG_base_type
     802                      .dwattr $C$DW$T$9, DW_AT_encoding(DW_ATE_unsigned)
     803                      .dwattr $C$DW$T$9, DW_AT_name("unsigned short")
     804                      .dwattr $C$DW$T$9, DW_AT_byte_size(0x01)
     805              $C$DW$T$10      .dwtag  DW_TAG_base_type
     806                      .dwattr $C$DW$T$10, DW_AT_encoding(DW_ATE_signed)
     807                      .dwattr $C$DW$T$10, DW_AT_name("int")
     808                      .dwattr $C$DW$T$10, DW_AT_byte_size(0x01)
     809              $C$DW$T$11      .dwtag  DW_TAG_base_type
     810                      .dwattr $C$DW$T$11, DW_AT_encoding(DW_ATE_unsigned)
     811                      .dwattr $C$DW$T$11, DW_AT_name("unsigned int")
     812                      .dwattr $C$DW$T$11, DW_AT_byte_size(0x01)
     813              $C$DW$T$28      .dwtag  DW_TAG_typedef, DW_AT_name("UINT16")
     814                      .dwattr $C$DW$T$28, DW_AT_type(*$C$DW$T$11)
     815                      .dwattr $C$DW$T$28, DW_AT_language(DW_LANG_C)
     816              $C$DW$T$32      .dwtag  DW_TAG_pointer_type
     817                      .dwattr $C$DW$T$32, DW_AT_type(*$C$DW$T$28)
     818                      .dwattr $C$DW$T$32, DW_AT_address_class(0x16)
     819              $C$DW$T$34      .dwtag  DW_TAG_typedef, DW_AT_name("UINT8")
     820                      .dwattr $C$DW$T$34, DW_AT_type(*$C$DW$T$11)
     821                      .dwattr $C$DW$T$34, DW_AT_language(DW_LANG_C)
     822              $C$DW$T$12      .dwtag  DW_TAG_base_type
     823                      .dwattr $C$DW$T$12, DW_AT_encoding(DW_ATE_signed)
     824                      .dwattr $C$DW$T$12, DW_AT_name("long")
     825                      .dwattr $C$DW$T$12, DW_AT_byte_size(0x02)
     826              $C$DW$T$13      .dwtag  DW_TAG_base_type
TMS320C2000 Assembler PC v6.2.7 Thu Jul 02 08:31:28 2015

Tools Copyright (c) 1996-2014 Texas Instruments Incorporated
C:\Users\Tester\AppData\Local\Temp\0316010                           PAGE   17

     827                      .dwattr $C$DW$T$13, DW_AT_encoding(DW_ATE_unsigned)
     828                      .dwattr $C$DW$T$13, DW_AT_name("unsigned long")
     829                      .dwattr $C$DW$T$13, DW_AT_byte_size(0x02)
     830              $C$DW$T$21      .dwtag  DW_TAG_typedef, DW_AT_name("UINT32")
     831                      .dwattr $C$DW$T$21, DW_AT_type(*$C$DW$T$13)
     832                      .dwattr $C$DW$T$21, DW_AT_language(DW_LANG_C)
     833              $C$DW$T$22      .dwtag  DW_TAG_typedef, DW_AT_name("typeTIC")
     834                      .dwattr $C$DW$T$22, DW_AT_type(*$C$DW$T$21)
     835                      .dwattr $C$DW$T$22, DW_AT_language(DW_LANG_C)
     836              $C$DW$T$14      .dwtag  DW_TAG_base_type
     837                      .dwattr $C$DW$T$14, DW_AT_encoding(DW_ATE_signed)
     838                      .dwattr $C$DW$T$14, DW_AT_name("long long")
     839                      .dwattr $C$DW$T$14, DW_AT_byte_size(0x04)
     840              $C$DW$T$15      .dwtag  DW_TAG_base_type
     841                      .dwattr $C$DW$T$15, DW_AT_encoding(DW_ATE_unsigned)
     842                      .dwattr $C$DW$T$15, DW_AT_name("unsigned long long")
     843                      .dwattr $C$DW$T$15, DW_AT_byte_size(0x04)
     844              $C$DW$T$16      .dwtag  DW_TAG_base_type
     845                      .dwattr $C$DW$T$16, DW_AT_encoding(DW_ATE_float)
     846                      .dwattr $C$DW$T$16, DW_AT_name("float")
     847                      .dwattr $C$DW$T$16, DW_AT_byte_size(0x02)
     848              $C$DW$T$29      .dwtag  DW_TAG_pointer_type
     849                      .dwattr $C$DW$T$29, DW_AT_type(*$C$DW$T$16)
     850                      .dwattr $C$DW$T$29, DW_AT_address_class(0x16)
     851              $C$DW$T$17      .dwtag  DW_TAG_base_type
     852                      .dwattr $C$DW$T$17, DW_AT_encoding(DW_ATE_float)
     853                      .dwattr $C$DW$T$17, DW_AT_name("double")
     854                      .dwattr $C$DW$T$17, DW_AT_byte_size(0x02)
     855              $C$DW$T$18      .dwtag  DW_TAG_base_type
     856                      .dwattr $C$DW$T$18, DW_AT_encoding(DW_ATE_float)
     857                      .dwattr $C$DW$T$18, DW_AT_name("long double")
     858                      .dwattr $C$DW$T$18, DW_AT_byte_size(0x04)
     859                      .dwattr $C$DW$CU, DW_AT_language(DW_LANG_C)
     860              
     861              ;***************************************************************
     862              ;* DWARF CIE ENTRIES                                           *
     863              ;***************************************************************
     864              
     865              $C$DW$CIE       .dwcie 78
     866                      .dwcfi  cfa_register, 20
     867                      .dwcfi  cfa_offset, 0
     868                      .dwcfi  undefined, 0
     869                      .dwcfi  undefined, 1
     870                      .dwcfi  undefined, 2
     871                      .dwcfi  undefined, 3
     872                      .dwcfi  undefined, 20
     873                      .dwcfi  undefined, 21
     874                      .dwcfi  undefined, 22
     875                      .dwcfi  undefined, 23
     876                      .dwcfi  undefined, 24
     877                      .dwcfi  undefined, 25
     878                      .dwcfi  undefined, 26
     879                      .dwcfi  same_value, 28
     880                      .dwcfi  undefined, 29
     881                      .dwcfi  undefined, 30
TMS320C2000 Assembler PC v6.2.7 Thu Jul 02 08:31:28 2015

Tools Copyright (c) 1996-2014 Texas Instruments Incorporated
C:\Users\Tester\AppData\Local\Temp\0316010                           PAGE   18

     882                      .dwcfi  undefined, 31
     883                      .dwcfi  undefined, 32
     884                      .dwcfi  undefined, 33
     885                      .dwcfi  undefined, 34
     886                      .dwcfi  undefined, 35
     887                      .dwcfi  undefined, 36
     888                      .dwcfi  undefined, 37
     889                      .dwcfi  undefined, 38
     890                      .dwcfi  undefined, 75
     891                      .dwcfi  undefined, 76
     892                      .dwcfi  undefined, 77
     893                      .dwcfi  undefined, 4
     894                      .dwcfi  same_value, 6
     895                      .dwcfi  same_value, 8
     896                      .dwcfi  same_value, 10
     897                      .dwcfi  undefined, 12
     898                      .dwcfi  undefined, 14
     899                      .dwcfi  undefined, 16
     900                      .dwcfi  undefined, 17
     901                      .dwcfi  undefined, 18
     902                      .dwcfi  undefined, 19
     903                      .dwcfi  undefined, 5
     904                      .dwcfi  same_value, 7
     905                      .dwcfi  same_value, 9
     906                      .dwcfi  same_value, 11
     907                      .dwcfi  undefined, 13
     908                      .dwcfi  undefined, 15
     909                      .dwcfi  undefined, 43
     910                      .dwcfi  undefined, 44
     911                      .dwcfi  undefined, 47
     912                      .dwcfi  undefined, 48
     913                      .dwcfi  undefined, 51
     914                      .dwcfi  undefined, 52
     915                      .dwcfi  undefined, 55
     916                      .dwcfi  undefined, 56
     917                      .dwcfi  same_value, 59
     918                      .dwcfi  same_value, 60
     919                      .dwcfi  same_value, 63
     920                      .dwcfi  same_value, 64
     921                      .dwcfi  same_value, 67
     922                      .dwcfi  same_value, 68
     923                      .dwcfi  same_value, 71
     924                      .dwcfi  same_value, 72
     925                      .dwcfi  undefined, 73
     926                      .dwcfi  undefined, 74
     927                      .dwcfi  undefined, 39
     928                      .dwcfi  undefined, 40
     929                      .dwcfi  undefined, 27
     930                      .dwcfi  undefined, 78
     931                      .dwendentry
     932              
     933              ;***************************************************************
     934              ;* DWARF REGISTER MAP                                          *
     935              ;***************************************************************
     936              
TMS320C2000 Assembler PC v6.2.7 Thu Jul 02 08:31:28 2015

Tools Copyright (c) 1996-2014 Texas Instruments Incorporated
C:\Users\Tester\AppData\Local\Temp\0316010                           PAGE   19

     937              $C$DW$57        .dwtag  DW_TAG_TI_assign_register, DW_AT_name("AL")
     938                      .dwattr $C$DW$57, DW_AT_location[DW_OP_reg0]
     939              $C$DW$58        .dwtag  DW_TAG_TI_assign_register, DW_AT_name("AH")
     940                      .dwattr $C$DW$58, DW_AT_location[DW_OP_reg1]
     941              $C$DW$59        .dwtag  DW_TAG_TI_assign_register, DW_AT_name("PL")
     942                      .dwattr $C$DW$59, DW_AT_location[DW_OP_reg2]
     943              $C$DW$60        .dwtag  DW_TAG_TI_assign_register, DW_AT_name("PH")
     944                      .dwattr $C$DW$60, DW_AT_location[DW_OP_reg3]
     945              $C$DW$61        .dwtag  DW_TAG_TI_assign_register, DW_AT_name("SP")
     946                      .dwattr $C$DW$61, DW_AT_location[DW_OP_reg20]
     947              $C$DW$62        .dwtag  DW_TAG_TI_assign_register, DW_AT_name("XT")
     948                      .dwattr $C$DW$62, DW_AT_location[DW_OP_reg21]
     949              $C$DW$63        .dwtag  DW_TAG_TI_assign_register, DW_AT_name("T")
     950                      .dwattr $C$DW$63, DW_AT_location[DW_OP_reg22]
     951              $C$DW$64        .dwtag  DW_TAG_TI_assign_register, DW_AT_name("ST0")
     952                      .dwattr $C$DW$64, DW_AT_location[DW_OP_reg23]
     953              $C$DW$65        .dwtag  DW_TAG_TI_assign_register, DW_AT_name("ST1")
     954                      .dwattr $C$DW$65, DW_AT_location[DW_OP_reg24]
     955              $C$DW$66        .dwtag  DW_TAG_TI_assign_register, DW_AT_name("PC")
     956                      .dwattr $C$DW$66, DW_AT_location[DW_OP_reg25]
     957              $C$DW$67        .dwtag  DW_TAG_TI_assign_register, DW_AT_name("RPC")
     958                      .dwattr $C$DW$67, DW_AT_location[DW_OP_reg26]
     959              $C$DW$68        .dwtag  DW_TAG_TI_assign_register, DW_AT_name("FP")
     960                      .dwattr $C$DW$68, DW_AT_location[DW_OP_reg28]
     961              $C$DW$69        .dwtag  DW_TAG_TI_assign_register, DW_AT_name("DP")
     962                      .dwattr $C$DW$69, DW_AT_location[DW_OP_reg29]
     963              $C$DW$70        .dwtag  DW_TAG_TI_assign_register, DW_AT_name("SXM")
     964                      .dwattr $C$DW$70, DW_AT_location[DW_OP_reg30]
     965              $C$DW$71        .dwtag  DW_TAG_TI_assign_register, DW_AT_name("PM")
     966                      .dwattr $C$DW$71, DW_AT_location[DW_OP_reg31]
     967              $C$DW$72        .dwtag  DW_TAG_TI_assign_register, DW_AT_name("OVM")
     968                      .dwattr $C$DW$72, DW_AT_location[DW_OP_regx 0x20]
     969              $C$DW$73        .dwtag  DW_TAG_TI_assign_register, DW_AT_name("PAGE0")
     970                      .dwattr $C$DW$73, DW_AT_location[DW_OP_regx 0x21]
     971              $C$DW$74        .dwtag  DW_TAG_TI_assign_register, DW_AT_name("AMODE")
     972                      .dwattr $C$DW$74, DW_AT_location[DW_OP_regx 0x22]
     973              $C$DW$75        .dwtag  DW_TAG_TI_assign_register, DW_AT_name("INTM")
     974                      .dwattr $C$DW$75, DW_AT_location[DW_OP_regx 0x23]
     975              $C$DW$76        .dwtag  DW_TAG_TI_assign_register, DW_AT_name("IFR")
     976                      .dwattr $C$DW$76, DW_AT_location[DW_OP_regx 0x24]
     977              $C$DW$77        .dwtag  DW_TAG_TI_assign_register, DW_AT_name("IER")
     978                      .dwattr $C$DW$77, DW_AT_location[DW_OP_regx 0x25]
     979              $C$DW$78        .dwtag  DW_TAG_TI_assign_register, DW_AT_name("V")
     980                      .dwattr $C$DW$78, DW_AT_location[DW_OP_regx 0x26]
     981              $C$DW$79        .dwtag  DW_TAG_TI_assign_register, DW_AT_name("PSEUDOH")
     982                      .dwattr $C$DW$79, DW_AT_location[DW_OP_regx 0x4c]
     983              $C$DW$80        .dwtag  DW_TAG_TI_assign_register, DW_AT_name("VOL")
     984                      .dwattr $C$DW$80, DW_AT_location[DW_OP_regx 0x4d]
     985              $C$DW$81        .dwtag  DW_TAG_TI_assign_register, DW_AT_name("AR0")
     986                      .dwattr $C$DW$81, DW_AT_location[DW_OP_reg4]
     987              $C$DW$82        .dwtag  DW_TAG_TI_assign_register, DW_AT_name("AR1")
     988                      .dwattr $C$DW$82, DW_AT_location[DW_OP_reg6]
     989              $C$DW$83        .dwtag  DW_TAG_TI_assign_register, DW_AT_name("AR2")
     990                      .dwattr $C$DW$83, DW_AT_location[DW_OP_reg8]
     991              $C$DW$84        .dwtag  DW_TAG_TI_assign_register, DW_AT_name("AR3")
TMS320C2000 Assembler PC v6.2.7 Thu Jul 02 08:31:28 2015

Tools Copyright (c) 1996-2014 Texas Instruments Incorporated
C:\Users\Tester\AppData\Local\Temp\0316010                           PAGE   20

     992                      .dwattr $C$DW$84, DW_AT_location[DW_OP_reg10]
     993              $C$DW$85        .dwtag  DW_TAG_TI_assign_register, DW_AT_name("AR4")
     994                      .dwattr $C$DW$85, DW_AT_location[DW_OP_reg12]
     995              $C$DW$86        .dwtag  DW_TAG_TI_assign_register, DW_AT_name("AR5")
     996                      .dwattr $C$DW$86, DW_AT_location[DW_OP_reg14]
     997              $C$DW$87        .dwtag  DW_TAG_TI_assign_register, DW_AT_name("AR6")
     998                      .dwattr $C$DW$87, DW_AT_location[DW_OP_reg16]
     999              $C$DW$88        .dwtag  DW_TAG_TI_assign_register, DW_AT_name("XAR6")
    1000                      .dwattr $C$DW$88, DW_AT_location[DW_OP_reg17]
    1001              $C$DW$89        .dwtag  DW_TAG_TI_assign_register, DW_AT_name("AR7")
    1002                      .dwattr $C$DW$89, DW_AT_location[DW_OP_reg18]
    1003              $C$DW$90        .dwtag  DW_TAG_TI_assign_register, DW_AT_name("XAR7")
    1004                      .dwattr $C$DW$90, DW_AT_location[DW_OP_reg19]
    1005              $C$DW$91        .dwtag  DW_TAG_TI_assign_register, DW_AT_name("XAR0")
    1006                      .dwattr $C$DW$91, DW_AT_location[DW_OP_reg5]
    1007              $C$DW$92        .dwtag  DW_TAG_TI_assign_register, DW_AT_name("XAR1")
    1008                      .dwattr $C$DW$92, DW_AT_location[DW_OP_reg7]
    1009              $C$DW$93        .dwtag  DW_TAG_TI_assign_register, DW_AT_name("XAR2")
    1010                      .dwattr $C$DW$93, DW_AT_location[DW_OP_reg9]
    1011              $C$DW$94        .dwtag  DW_TAG_TI_assign_register, DW_AT_name("XAR3")
    1012                      .dwattr $C$DW$94, DW_AT_location[DW_OP_reg11]
    1013              $C$DW$95        .dwtag  DW_TAG_TI_assign_register, DW_AT_name("XAR4")
    1014                      .dwattr $C$DW$95, DW_AT_location[DW_OP_reg13]
    1015              $C$DW$96        .dwtag  DW_TAG_TI_assign_register, DW_AT_name("XAR5")
    1016                      .dwattr $C$DW$96, DW_AT_location[DW_OP_reg15]
    1017              $C$DW$97        .dwtag  DW_TAG_TI_assign_register, DW_AT_name("R0HL")
    1018                      .dwattr $C$DW$97, DW_AT_location[DW_OP_regx 0x2b]
    1019              $C$DW$98        .dwtag  DW_TAG_TI_assign_register, DW_AT_name("R0H")
    1020                      .dwattr $C$DW$98, DW_AT_location[DW_OP_regx 0x2c]
    1021              $C$DW$99        .dwtag  DW_TAG_TI_assign_register, DW_AT_name("R1HL")
    1022                      .dwattr $C$DW$99, DW_AT_location[DW_OP_regx 0x2f]
    1023              $C$DW$100       .dwtag  DW_TAG_TI_assign_register, DW_AT_name("R1H")
    1024                      .dwattr $C$DW$100, DW_AT_location[DW_OP_regx 0x30]
    1025              $C$DW$101       .dwtag  DW_TAG_TI_assign_register, DW_AT_name("R2HL")
    1026                      .dwattr $C$DW$101, DW_AT_location[DW_OP_regx 0x33]
    1027              $C$DW$102       .dwtag  DW_TAG_TI_assign_register, DW_AT_name("R2H")
    1028                      .dwattr $C$DW$102, DW_AT_location[DW_OP_regx 0x34]
    1029              $C$DW$103       .dwtag  DW_TAG_TI_assign_register, DW_AT_name("R3HL")
    1030                      .dwattr $C$DW$103, DW_AT_location[DW_OP_regx 0x37]
    1031              $C$DW$104       .dwtag  DW_TAG_TI_assign_register, DW_AT_name("R3H")
    1032                      .dwattr $C$DW$104, DW_AT_location[DW_OP_regx 0x38]
    1033              $C$DW$105       .dwtag  DW_TAG_TI_assign_register, DW_AT_name("R4HL")
    1034                      .dwattr $C$DW$105, DW_AT_location[DW_OP_regx 0x3b]
    1035              $C$DW$106       .dwtag  DW_TAG_TI_assign_register, DW_AT_name("R4H")
    1036                      .dwattr $C$DW$106, DW_AT_location[DW_OP_regx 0x3c]
    1037              $C$DW$107       .dwtag  DW_TAG_TI_assign_register, DW_AT_name("R5HL")
    1038                      .dwattr $C$DW$107, DW_AT_location[DW_OP_regx 0x3f]
    1039              $C$DW$108       .dwtag  DW_TAG_TI_assign_register, DW_AT_name("R5H")
    1040                      .dwattr $C$DW$108, DW_AT_location[DW_OP_regx 0x40]
    1041              $C$DW$109       .dwtag  DW_TAG_TI_assign_register, DW_AT_name("R6HL")
    1042                      .dwattr $C$DW$109, DW_AT_location[DW_OP_regx 0x43]
    1043              $C$DW$110       .dwtag  DW_TAG_TI_assign_register, DW_AT_name("R6H")
    1044                      .dwattr $C$DW$110, DW_AT_location[DW_OP_regx 0x44]
    1045              $C$DW$111       .dwtag  DW_TAG_TI_assign_register, DW_AT_name("R7HL")
    1046                      .dwattr $C$DW$111, DW_AT_location[DW_OP_regx 0x47]
TMS320C2000 Assembler PC v6.2.7 Thu Jul 02 08:31:28 2015

Tools Copyright (c) 1996-2014 Texas Instruments Incorporated
C:\Users\Tester\AppData\Local\Temp\0316010                           PAGE   21

    1047              $C$DW$112       .dwtag  DW_TAG_TI_assign_register, DW_AT_name("R7H")
    1048                      .dwattr $C$DW$112, DW_AT_location[DW_OP_regx 0x48]
    1049              $C$DW$113       .dwtag  DW_TAG_TI_assign_register, DW_AT_name("RBL")
    1050                      .dwattr $C$DW$113, DW_AT_location[DW_OP_regx 0x49]
    1051              $C$DW$114       .dwtag  DW_TAG_TI_assign_register, DW_AT_name("RB")
    1052                      .dwattr $C$DW$114, DW_AT_location[DW_OP_regx 0x4a]
    1053              $C$DW$115       .dwtag  DW_TAG_TI_assign_register, DW_AT_name("STFL")
    1054                      .dwattr $C$DW$115, DW_AT_location[DW_OP_regx 0x27]
    1055              $C$DW$116       .dwtag  DW_TAG_TI_assign_register, DW_AT_name("STF")
    1056                      .dwattr $C$DW$116, DW_AT_location[DW_OP_regx 0x28]
    1057              $C$DW$117       .dwtag  DW_TAG_TI_assign_register, DW_AT_name("FPUHAZ")
    1058                      .dwattr $C$DW$117, DW_AT_location[DW_OP_reg27]
    1059              $C$DW$118       .dwtag  DW_TAG_TI_assign_register, DW_AT_name("CIE_RETA")
    1060                      .dwattr $C$DW$118, DW_AT_location[DW_OP_regx 0x4e]
    1061                      .dwendtag $C$DW$CU
    1062              

No Assembly Errors, No Assembly Warnings
