TMS320C2000 Assembler PC v6.2.7 Thu Jul 02 08:31:28 2015

Tools Copyright (c) 1996-2014 Texas Instruments Incorporated
C:\Users\Tester\AppData\Local\Temp\0141210                           PAGE    1

       1              ;***************************************************************
       2              ;* TMS320C2000 C/C++ Codegen                         PC v6.2.7 *
       3              ;* Date/Time created: Thu Jul 02 08:31:28 2015                 *
       4              ;***************************************************************
       5                      .compiler_opts --diag_wrap=off --float_support=fpu32 --hll_source=on --mem_model:code=flat --mem_mode
       6        0002  FP      .set    XAR2
       7              
       8              $C$DW$CU        .dwtag  DW_TAG_compile_unit
       9                      .dwattr $C$DW$CU, DW_AT_name("../ConvertorCntrl/DC_Decelaration.c")
      10                      .dwattr $C$DW$CU, DW_AT_producer("TMS320C2000 C/C++ Codegen PC v6.2.7 Copyright (c) 1996-2014 Texas I
      11                      .dwattr $C$DW$CU, DW_AT_TI_version(0x01)
      12                      .dwattr $C$DW$CU, DW_AT_comp_dir("D:\ActiveProject\EKT5\PKMT_NONBIOS\InvertorCntrl\ISPprg")
      13              
      14              $C$DW$1 .dwtag  DW_TAG_subprogram, DW_AT_name("enableCntrlPwm")
      15                      .dwattr $C$DW$1, DW_AT_TI_symbol_name("_enableCntrlPwm")
      16                      .dwattr $C$DW$1, DW_AT_declaration
      17                      .dwattr $C$DW$1, DW_AT_external
      18              
      19              $C$DW$2 .dwtag  DW_TAG_subprogram, DW_AT_name("setStepConer")
      20                      .dwattr $C$DW$2, DW_AT_TI_symbol_name("_setStepConer")
      21                      .dwattr $C$DW$2, DW_AT_declaration
      22                      .dwattr $C$DW$2, DW_AT_external
      23              $C$DW$3 .dwtag  DW_TAG_formal_parameter
      24                      .dwattr $C$DW$3, DW_AT_type(*$C$DW$T$16)
      25                      .dwendtag $C$DW$2
      26              
      27              
      28              $C$DW$4 .dwtag  DW_TAG_subprogram, DW_AT_name("setStepAmpl")
      29                      .dwattr $C$DW$4, DW_AT_TI_symbol_name("_setStepAmpl")
      30                      .dwattr $C$DW$4, DW_AT_declaration
      31                      .dwattr $C$DW$4, DW_AT_external
      32              $C$DW$5 .dwtag  DW_TAG_formal_parameter
      33                      .dwattr $C$DW$5, DW_AT_type(*$C$DW$T$16)
      34                      .dwendtag $C$DW$4
      35              
      36                      .global _TimeDecelDc
      37 00000000       _TimeDecelDc:   .usect  ".ebss",1,1,0
      38              $C$DW$6 .dwtag  DW_TAG_variable, DW_AT_name("TimeDecelDc")
      39                      .dwattr $C$DW$6, DW_AT_TI_symbol_name("_TimeDecelDc")
      40                      .dwattr $C$DW$6, DW_AT_location[DW_OP_addr _TimeDecelDc]
      41                      .dwattr $C$DW$6, DW_AT_type(*$C$DW$T$23)
      42                      .dwattr $C$DW$6, DW_AT_external
      43                      .global _TimeDecelDcBgn
      44 00000001       _TimeDecelDcBgn:        .usect  ".ebss",1,1,0
      45              $C$DW$7 .dwtag  DW_TAG_variable, DW_AT_name("TimeDecelDcBgn")
      46                      .dwattr $C$DW$7, DW_AT_TI_symbol_name("_TimeDecelDcBgn")
      47                      .dwattr $C$DW$7, DW_AT_location[DW_OP_addr _TimeDecelDcBgn]
      48                      .dwattr $C$DW$7, DW_AT_type(*$C$DW$T$23)
      49                      .dwattr $C$DW$7, DW_AT_external
      50              
      51              $C$DW$8 .dwtag  DW_TAG_subprogram, DW_AT_name("testOvercurrent")
      52                      .dwattr $C$DW$8, DW_AT_TI_symbol_name("_testOvercurrent")
      53                      .dwattr $C$DW$8, DW_AT_type(*$C$DW$T$29)
      54                      .dwattr $C$DW$8, DW_AT_declaration
      55                      .dwattr $C$DW$8, DW_AT_external
TMS320C2000 Assembler PC v6.2.7 Thu Jul 02 08:31:28 2015

Tools Copyright (c) 1996-2014 Texas Instruments Incorporated
C:\Users\Tester\AppData\Local\Temp\0141210                           PAGE    2

      56              
      57              $C$DW$9 .dwtag  DW_TAG_subprogram, DW_AT_name("getRegister")
      58                      .dwattr $C$DW$9, DW_AT_TI_symbol_name("_getRegister")
      59                      .dwattr $C$DW$9, DW_AT_type(*$C$DW$T$10)
      60                      .dwattr $C$DW$9, DW_AT_declaration
      61                      .dwattr $C$DW$9, DW_AT_external
      62              $C$DW$10        .dwtag  DW_TAG_formal_parameter
      63                      .dwattr $C$DW$10, DW_AT_type(*$C$DW$T$5)
      64                      .dwendtag $C$DW$9
      65              
      66                      .global _DcVoltagLevel
      67 00000002       _DcVoltagLevel: .usect  ".ebss",2,1,1
      68              $C$DW$11        .dwtag  DW_TAG_variable, DW_AT_name("DcVoltagLevel")
      69                      .dwattr $C$DW$11, DW_AT_TI_symbol_name("_DcVoltagLevel")
      70                      .dwattr $C$DW$11, DW_AT_location[DW_OP_addr _DcVoltagLevel]
      71                      .dwattr $C$DW$11, DW_AT_type(*$C$DW$T$16)
      72                      .dwattr $C$DW$11, DW_AT_external
      73              
      74              $C$DW$12        .dwtag  DW_TAG_subprogram, DW_AT_name("scaleVoltagPwm")
      75                      .dwattr $C$DW$12, DW_AT_TI_symbol_name("_scaleVoltagPwm")
      76                      .dwattr $C$DW$12, DW_AT_type(*$C$DW$T$16)
      77                      .dwattr $C$DW$12, DW_AT_declaration
      78                      .dwattr $C$DW$12, DW_AT_external
      79              $C$DW$13        .dwtag  DW_TAG_formal_parameter
      80                      .dwattr $C$DW$13, DW_AT_type(*$C$DW$T$16)
      81                      .dwendtag $C$DW$12
      82              
      83                      .global _FreqDcDecel
      84 00000004       _FreqDcDecel:   .usect  ".ebss",2,1,1
      85              $C$DW$14        .dwtag  DW_TAG_variable, DW_AT_name("FreqDcDecel")
      86                      .dwattr $C$DW$14, DW_AT_TI_symbol_name("_FreqDcDecel")
      87                      .dwattr $C$DW$14, DW_AT_location[DW_OP_addr _FreqDcDecel]
      88                      .dwattr $C$DW$14, DW_AT_type(*$C$DW$T$16)
      89                      .dwattr $C$DW$14, DW_AT_external
      90              ;       C:\ti\ccsv6\tools\compiler\c2000_6.2.7\bin\ac2000.exe -@C:\\Users\\Tester\\AppData\\Local\\Temp\\0141
      91 00000000               .sect   ".text"
      92                      .clink
      93                      .global _initDcDecelation
      94              
      95              $C$DW$15        .dwtag  DW_TAG_subprogram, DW_AT_name("initDcDecelation")
      96                      .dwattr $C$DW$15, DW_AT_low_pc(_initDcDecelation)
      97                      .dwattr $C$DW$15, DW_AT_high_pc(0x00)
      98                      .dwattr $C$DW$15, DW_AT_TI_symbol_name("_initDcDecelation")
      99                      .dwattr $C$DW$15, DW_AT_external
     100                      .dwattr $C$DW$15, DW_AT_TI_begin_file("../ConvertorCntrl/DC_Decelaration.c")
     101                      .dwattr $C$DW$15, DW_AT_TI_begin_line(0x12)
     102                      .dwattr $C$DW$15, DW_AT_TI_begin_column(0x06)
     103                      .dwattr $C$DW$15, DW_AT_TI_max_frame_size(-2)
     104                      .dwpsn  file "../ConvertorCntrl/DC_Decelaration.c",line 18,column 28,is_stmt,address _initDcDecelatio
     105              
     106                      .dwfde $C$DW$CIE, _initDcDecelation
     107              
     108              ;***************************************************************
     109              ;* FNAME: _initDcDecelation             FR SIZE:   0           *
     110              ;*                                                             *
TMS320C2000 Assembler PC v6.2.7 Thu Jul 02 08:31:28 2015

Tools Copyright (c) 1996-2014 Texas Instruments Incorporated
C:\Users\Tester\AppData\Local\Temp\0141210                           PAGE    3

     111              ;* FUNCTION ENVIRONMENT                                        *
     112              ;*                                                             *
     113              ;* FUNCTION PROPERTIES                                         *
     114              ;*                            0 Parameter,  0 Auto,  0 SOE     *
     115              ;***************************************************************
     116              
     117 00000000       _initDcDecelation:
     118                      .dwcfi  cfa_offset, -2
     119                      .dwcfi  save_reg_to_mem, 26, 0
     120                      .dwcfi  save_reg_to_reg, 78, 26
     121                      .dwpsn  file "../ConvertorCntrl/DC_Decelaration.c",line 19,column 2,is_stmt
     122 00000000 9A5E          MOVB      AL,#94                ; [CPU_] |19| 
     123              $C$DW$16        .dwtag  DW_TAG_TI_branch
     124                      .dwattr $C$DW$16, DW_AT_low_pc(0x00)
     125                      .dwattr $C$DW$16, DW_AT_name("_getRegister")
     126                      .dwattr $C$DW$16, DW_AT_TI_call
     127 00000001 7640!         LCR       #_getRegister         ; [CPU_] |19| 
         00000002 0000 
     128                      ; call occurs [#_getRegister] ; [] |19| 
     129 00000003 3B01          SETC      SXM                   ; [CPU_] 
     130 00000004 85A9          MOV       ACC,AL                ; [CPU_] |19| 
     131 00000005 BDA9          MOV32     R0H,ACC               ; [CPU_] |19| 
         00000006 0F12 
     132 00000007 7700          NOP       ; [CPU_] 
     133 00000008 7700          NOP       ; [CPU_] 
     134 00000009 7700          NOP       ; [CPU_] 
     135 0000000a 7700          NOP       ; [CPU_] 
     136 0000000b E689          I32TOF32  R0H,R0H               ; [CPU_] |19| 
         0000000c 0000 
     137 0000000d 761F-         MOVW      DP,#_FreqDcDecel      ; [CPU_U] 
         0000000e 0000 
     138 0000000f E203-         MOV32     @_FreqDcDecel,R0H     ; [CPU_] |19| 
         00000010 0004 
     139                      .dwpsn  file "../ConvertorCntrl/DC_Decelaration.c",line 20,column 2,is_stmt
     140 00000011 E802          MOVIZ     R1H,#16672            ; [CPU_] |20| 
         00000012 0901 
     141              $C$DW$17        .dwtag  DW_TAG_TI_branch
     142                      .dwattr $C$DW$17, DW_AT_low_pc(0x00)
     143                      .dwattr $C$DW$17, DW_AT_name("FS$$DIV")
     144                      .dwattr $C$DW$17, DW_AT_TI_call
     145 00000013 7640!         LCR       #FS$$DIV              ; [CPU_] |20| 
         00000014 0000 
     146                      ; call occurs [#FS$$DIV] ; [] |20| 
     147 00000015 761F-         MOVW      DP,#_FreqDcDecel      ; [CPU_U] 
         00000016 0000 
     148 00000017 E203-         MOV32     @_FreqDcDecel,R0H     ; [CPU_] |20| 
         00000018 0004 
     149                      .dwpsn  file "../ConvertorCntrl/DC_Decelaration.c",line 21,column 2,is_stmt
     150 00000019 9A5F          MOVB      AL,#95                ; [CPU_] |21| 
     151              $C$DW$18        .dwtag  DW_TAG_TI_branch
     152                      .dwattr $C$DW$18, DW_AT_low_pc(0x00)
     153                      .dwattr $C$DW$18, DW_AT_name("_getRegister")
     154                      .dwattr $C$DW$18, DW_AT_TI_call
     155 0000001a 7640!         LCR       #_getRegister         ; [CPU_] |21| 
         0000001b 0000 
TMS320C2000 Assembler PC v6.2.7 Thu Jul 02 08:31:28 2015

Tools Copyright (c) 1996-2014 Texas Instruments Incorporated
C:\Users\Tester\AppData\Local\Temp\0141210                           PAGE    4

     156                      ; call occurs [#_getRegister] ; [] |21| 
     157 0000001c 761F-         MOVW      DP,#_TimeDecelDc      ; [CPU_U] 
         0000001d 0000 
     158 0000001e 9600-         MOV       @_TimeDecelDc,AL      ; [CPU_] |21| 
     159                      .dwpsn  file "../ConvertorCntrl/DC_Decelaration.c",line 22,column 2,is_stmt
     160 0000001f 2D00-         MOV       T,@_TimeDecelDc       ; [CPU_] |22| 
     161 00000020 3564          MPYB      ACC,T,#100            ; [CPU_] |22| 
     162 00000021 9600-         MOV       @_TimeDecelDc,AL      ; [CPU_] |22| 
     163                      .dwpsn  file "../ConvertorCntrl/DC_Decelaration.c",line 23,column 2,is_stmt
     164 00000022 9601-         MOV       @_TimeDecelDcBgn,AL   ; [CPU_] |23| 
     165                      .dwpsn  file "../ConvertorCntrl/DC_Decelaration.c",line 24,column 2,is_stmt
     166 00000023 9A5D          MOVB      AL,#93                ; [CPU_] |24| 
     167              $C$DW$19        .dwtag  DW_TAG_TI_branch
     168                      .dwattr $C$DW$19, DW_AT_low_pc(0x00)
     169                      .dwattr $C$DW$19, DW_AT_name("_getRegister")
     170                      .dwattr $C$DW$19, DW_AT_TI_call
     171 00000024 7640!         LCR       #_getRegister         ; [CPU_] |24| 
         00000025 0000 
     172                      ; call occurs [#_getRegister] ; [] |24| 
     173 00000026 3B01          SETC      SXM                   ; [CPU_] 
     174 00000027 85A9          MOV       ACC,AL                ; [CPU_] |24| 
     175 00000028 BDA9          MOV32     R0H,ACC               ; [CPU_] |24| 
         00000029 0F12 
     176 0000002a 7700          NOP       ; [CPU_] 
     177 0000002b 7700          NOP       ; [CPU_] 
     178 0000002c 7700          NOP       ; [CPU_] 
     179 0000002d 7700          NOP       ; [CPU_] 
     180 0000002e E689          I32TOF32  R0H,R0H               ; [CPU_] |24| 
         0000002f 0000 
     181 00000030 761F-         MOVW      DP,#_DcVoltagLevel    ; [CPU_U] 
         00000031 0000 
     182 00000032 E203-         MOV32     @_DcVoltagLevel,R0H   ; [CPU_] |24| 
         00000033 0002 
     183                      .dwpsn  file "../ConvertorCntrl/DC_Decelaration.c",line 25,column 2,is_stmt
     184              $C$DW$20        .dwtag  DW_TAG_TI_branch
     185                      .dwattr $C$DW$20, DW_AT_low_pc(0x00)
     186                      .dwattr $C$DW$20, DW_AT_name("_scaleVoltagPwm")
     187                      .dwattr $C$DW$20, DW_AT_TI_call
     188 00000034 7640!         LCR       #_scaleVoltagPwm      ; [CPU_] |25| 
         00000035 0000 
     189                      ; call occurs [#_scaleVoltagPwm] ; [] |25| 
     190 00000036 761F-         MOVW      DP,#_DcVoltagLevel    ; [CPU_U] 
         00000037 0000 
     191 00000038 E203-         MOV32     @_DcVoltagLevel,R0H   ; [CPU_] |25| 
         00000039 0002 
     192                      .dwpsn  file "../ConvertorCntrl/DC_Decelaration.c",line 26,column 2,is_stmt
     193 0000003a 9200-         MOV       AL,@_TimeDecelDc      ; [CPU_] |26| 
     194 0000003b ED04          BF        $C$L1,NEQ             ; [CPU_] |26| 
     195                      ; branchcc occurs ; [] |26| 
     196                      .dwpsn  file "../ConvertorCntrl/DC_Decelaration.c",line 27,column 3,is_stmt
     197 0000003c E590          ZERO      R0H                   ; [CPU_] |27| 
     198 0000003d E203-         MOV32     @_FreqDcDecel,R0H     ; [CPU_] |27| 
         0000003e 0004 
     199                      .dwpsn  file "../ConvertorCntrl/DC_Decelaration.c",line 28,column 1,is_stmt
     200              $C$L1:    
TMS320C2000 Assembler PC v6.2.7 Thu Jul 02 08:31:28 2015

Tools Copyright (c) 1996-2014 Texas Instruments Incorporated
C:\Users\Tester\AppData\Local\Temp\0141210                           PAGE    5

     201              $C$DW$21        .dwtag  DW_TAG_TI_branch
     202                      .dwattr $C$DW$21, DW_AT_low_pc(0x00)
     203                      .dwattr $C$DW$21, DW_AT_TI_return
     204 0000003f 0006          LRETR     ; [CPU_] 
     205                      ; return occurs ; [] 
     206                      .dwattr $C$DW$15, DW_AT_TI_end_file("../ConvertorCntrl/DC_Decelaration.c")
     207                      .dwattr $C$DW$15, DW_AT_TI_end_line(0x1c)
     208                      .dwattr $C$DW$15, DW_AT_TI_end_column(0x01)
     209                      .dwendentry
     210                      .dwendtag $C$DW$15
     211              
     212 00000040               .sect   ".text"
     213                      .clink
     214                      .global _DcDecelatration
     215              
     216              $C$DW$22        .dwtag  DW_TAG_subprogram, DW_AT_name("DcDecelatration")
     217                      .dwattr $C$DW$22, DW_AT_low_pc(_DcDecelatration)
     218                      .dwattr $C$DW$22, DW_AT_high_pc(0x00)
     219                      .dwattr $C$DW$22, DW_AT_TI_symbol_name("_DcDecelatration")
     220                      .dwattr $C$DW$22, DW_AT_external
     221                      .dwattr $C$DW$22, DW_AT_type(*$C$DW$T$23)
     222                      .dwattr $C$DW$22, DW_AT_TI_begin_file("../ConvertorCntrl/DC_Decelaration.c")
     223                      .dwattr $C$DW$22, DW_AT_TI_begin_line(0x1e)
     224                      .dwattr $C$DW$22, DW_AT_TI_begin_column(0x07)
     225                      .dwattr $C$DW$22, DW_AT_TI_max_frame_size(-10)
     226                      .dwpsn  file "../ConvertorCntrl/DC_Decelaration.c",line 30,column 50,is_stmt,address _DcDecelatration
     227              
     228                      .dwfde $C$DW$CIE, _DcDecelatration
     229              $C$DW$23        .dwtag  DW_TAG_formal_parameter, DW_AT_name("freq")
     230                      .dwattr $C$DW$23, DW_AT_TI_symbol_name("_freq")
     231                      .dwattr $C$DW$23, DW_AT_type(*$C$DW$T$24)
     232                      .dwattr $C$DW$23, DW_AT_location[DW_OP_reg12]
     233              $C$DW$24        .dwtag  DW_TAG_formal_parameter, DW_AT_name("voltag")
     234                      .dwattr $C$DW$24, DW_AT_TI_symbol_name("_voltag")
     235                      .dwattr $C$DW$24, DW_AT_type(*$C$DW$T$24)
     236                      .dwattr $C$DW$24, DW_AT_location[DW_OP_reg14]
     237              
     238              ;***************************************************************
     239              ;* FNAME: _DcDecelatration              FR SIZE:   8           *
     240              ;*                                                             *
     241              ;* FUNCTION ENVIRONMENT                                        *
     242              ;*                                                             *
     243              ;* FUNCTION PROPERTIES                                         *
     244              ;*                            2 Parameter,  6 Auto,  0 SOE     *
     245              ;***************************************************************
     246              
     247 00000040       _DcDecelatration:
     248                      .dwcfi  cfa_offset, -2
     249                      .dwcfi  save_reg_to_mem, 26, 0
     250                      .dwcfi  save_reg_to_reg, 78, 26
     251 00000040 FE08          ADDB      SP,#8                 ; [CPU_U] 
     252                      .dwcfi  cfa_offset, -10
     253              $C$DW$25        .dwtag  DW_TAG_variable, DW_AT_name("freq")
     254                      .dwattr $C$DW$25, DW_AT_TI_symbol_name("_freq")
     255                      .dwattr $C$DW$25, DW_AT_type(*$C$DW$T$24)
TMS320C2000 Assembler PC v6.2.7 Thu Jul 02 08:31:28 2015

Tools Copyright (c) 1996-2014 Texas Instruments Incorporated
C:\Users\Tester\AppData\Local\Temp\0141210                           PAGE    6

     256                      .dwattr $C$DW$25, DW_AT_location[DW_OP_breg20 -4]
     257              $C$DW$26        .dwtag  DW_TAG_variable, DW_AT_name("voltag")
     258                      .dwattr $C$DW$26, DW_AT_TI_symbol_name("_voltag")
     259                      .dwattr $C$DW$26, DW_AT_type(*$C$DW$T$24)
     260                      .dwattr $C$DW$26, DW_AT_location[DW_OP_breg20 -6]
     261              $C$DW$27        .dwtag  DW_TAG_variable, DW_AT_name("tmp")
     262                      .dwattr $C$DW$27, DW_AT_TI_symbol_name("_tmp")
     263                      .dwattr $C$DW$27, DW_AT_type(*$C$DW$T$16)
     264                      .dwattr $C$DW$27, DW_AT_location[DW_OP_breg20 -8]
     265 00000041 A046          MOVL      *-SP[6],XAR5          ; [CPU_] |30| 
     266 00000042 A844          MOVL      *-SP[4],XAR4          ; [CPU_] |30| 
     267                      .dwpsn  file "../ConvertorCntrl/DC_Decelaration.c",line 32,column 2,is_stmt
     268 00000043 761F-         MOVW      DP,#_FreqDcDecel      ; [CPU_U] 
         00000044 0000 
     269 00000045 E2AF-         MOV32     R0H,@_FreqDcDecel     ; [CPU_] |32| 
         00000046 0004 
     270 00000047 E5A0          CMPF32    R0H,#0                ; [CPU_] |32| 
     271 00000048 AD14          MOVST0    ZF, NF                ; [CPU_] |32| 
     272 00000049 6138          B         $C$L6,EQ              ; [CPU_] |32| 
     273                      ; branchcc occurs ; [] |32| 
     274                      .dwpsn  file "../ConvertorCntrl/DC_Decelaration.c",line 33,column 3,is_stmt
     275 0000004a 8A44          MOVL      XAR4,*-SP[4]          ; [CPU_] |33| 
     276 0000004b 06C4          MOVL      ACC,*+XAR4[0]         ; [CPU_] |33| 
     277 0000004c 1E48          MOVL      *-SP[8],ACC           ; [CPU_] |33| 
     278                      .dwpsn  file "../ConvertorCntrl/DC_Decelaration.c",line 34,column 3,is_stmt
     279 0000004d E2AF          MOV32     R0H,*-SP[8]           ; [CPU_] |34| 
         0000004e 0048 
     280 0000004f E5A0          CMPF32    R0H,#0                ; [CPU_] |34| 
     281 00000050 AD14          MOVST0    ZF, NF                ; [CPU_] |34| 
     282 00000051 6305          B         $C$L2,GEQ             ; [CPU_] |34| 
     283                      ; branchcc occurs ; [] |34| 
     284                      .dwpsn  file "../ConvertorCntrl/DC_Decelaration.c",line 34,column 15,is_stmt
     285 00000052 E6AF          NEGF32    R0H,R0H               ; [CPU_] |34| 
         00000053 0000 
     286 00000054 E203          MOV32     *-SP[8],R0H           ; [CPU_] |34| 
         00000055 0048 
     287 00000056       $C$L2:    
     288                      .dwpsn  file "../ConvertorCntrl/DC_Decelaration.c",line 36,column 3,is_stmt
     289 00000056 E2AF-         MOV32     R0H,@_FreqDcDecel     ; [CPU_] |36| 
         00000057 0004 
     290 00000058 E2AF          MOV32     R1H,*-SP[8]           ; [CPU_] |36| 
         00000059 0148 
     291 0000005a E694          CMPF32    R1H,R0H               ; [CPU_] |36| 
         0000005b 0001 
     292 0000005c AD14          MOVST0    ZF, NF                ; [CPU_] |36| 
     293 0000005d 631F          B         $C$L5,GEQ             ; [CPU_] |36| 
     294                      ; branchcc occurs ; [] |36| 
     295                      .dwpsn  file "../ConvertorCntrl/DC_Decelaration.c",line 37,column 4,is_stmt
     296              $C$DW$28        .dwtag  DW_TAG_TI_branch
     297                      .dwattr $C$DW$28, DW_AT_low_pc(0x00)
     298                      .dwattr $C$DW$28, DW_AT_name("_enableCntrlPwm")
     299                      .dwattr $C$DW$28, DW_AT_TI_call
     300 0000005e 7640!         LCR       #_enableCntrlPwm      ; [CPU_] |37| 
         0000005f 0000 
     301                      ; call occurs [#_enableCntrlPwm] ; [] |37| 
TMS320C2000 Assembler PC v6.2.7 Thu Jul 02 08:31:28 2015

Tools Copyright (c) 1996-2014 Texas Instruments Incorporated
C:\Users\Tester\AppData\Local\Temp\0141210                           PAGE    7

     302                      .dwpsn  file "../ConvertorCntrl/DC_Decelaration.c",line 38,column 4,is_stmt
     303              $C$DW$29        .dwtag  DW_TAG_TI_branch
     304                      .dwattr $C$DW$29, DW_AT_low_pc(0x00)
     305                      .dwattr $C$DW$29, DW_AT_name("_testOvercurrent")
     306                      .dwattr $C$DW$29, DW_AT_TI_call
     307 00000060 7640!         LCR       #_testOvercurrent     ; [CPU_] |38| 
         00000061 0000 
     308                      ; call occurs [#_testOvercurrent] ; [] |38| 
     309 00000062 5200          CMPB      AL,#0                 ; [CPU_] |38| 
     310 00000063 ED08          BF        $C$L3,NEQ             ; [CPU_] |38| 
     311                      ; branchcc occurs ; [] |38| 
     312                      .dwpsn  file "../ConvertorCntrl/DC_Decelaration.c",line 39,column 5,is_stmt
     313 00000064 761F-         MOVW      DP,#_DcVoltagLevel    ; [CPU_U] 
         00000065 0000 
     314 00000066 E2AF-         MOV32     R0H,@_DcVoltagLevel   ; [CPU_] |39| 
         00000067 0002 
     315              $C$DW$30        .dwtag  DW_TAG_TI_branch
     316                      .dwattr $C$DW$30, DW_AT_low_pc(0x00)
     317                      .dwattr $C$DW$30, DW_AT_name("_setStepAmpl")
     318                      .dwattr $C$DW$30, DW_AT_TI_call
     319 00000068 7640!         LCR       #_setStepAmpl         ; [CPU_] |39| 
         00000069 0000 
     320                      ; call occurs [#_setStepAmpl] ; [] |39| 
     321                      .dwpsn  file "../ConvertorCntrl/DC_Decelaration.c",line 40,column 4,is_stmt
     322 0000006a 6F04          B         $C$L4,UNC             ; [CPU_] |40| 
     323                      ; branch occurs ; [] |40| 
     324 0000006b       $C$L3:    
     325                      .dwpsn  file "../ConvertorCntrl/DC_Decelaration.c",line 41,column 5,is_stmt
     326 0000006b E590          ZERO      R0H                   ; [CPU_] |41| 
     327              $C$DW$31        .dwtag  DW_TAG_TI_branch
     328                      .dwattr $C$DW$31, DW_AT_low_pc(0x00)
     329                      .dwattr $C$DW$31, DW_AT_name("_setStepAmpl")
     330                      .dwattr $C$DW$31, DW_AT_TI_call
     331 0000006c 7640!         LCR       #_setStepAmpl         ; [CPU_] |41| 
         0000006d 0000 
     332                      ; call occurs [#_setStepAmpl] ; [] |41| 
     333 0000006e       $C$L4:    
     334                      .dwpsn  file "../ConvertorCntrl/DC_Decelaration.c",line 43,column 4,is_stmt
     335 0000006e 761F-         MOVW      DP,#_DcVoltagLevel    ; [CPU_U] 
         0000006f 0000 
     336 00000070 E2AF-         MOV32     R0H,@_DcVoltagLevel   ; [CPU_] |43| 
         00000071 0002 
     337              $C$DW$32        .dwtag  DW_TAG_TI_branch
     338                      .dwattr $C$DW$32, DW_AT_low_pc(0x00)
     339                      .dwattr $C$DW$32, DW_AT_name("_setStepAmpl")
     340                      .dwattr $C$DW$32, DW_AT_TI_call
     341 00000072 7640!         LCR       #_setStepAmpl         ; [CPU_] |43| 
         00000073 0000 
     342                      ; call occurs [#_setStepAmpl] ; [] |43| 
     343                      .dwpsn  file "../ConvertorCntrl/DC_Decelaration.c",line 44,column 4,is_stmt
     344 00000074 E590          ZERO      R0H                   ; [CPU_] |44| 
     345              $C$DW$33        .dwtag  DW_TAG_TI_branch
     346                      .dwattr $C$DW$33, DW_AT_low_pc(0x00)
     347                      .dwattr $C$DW$33, DW_AT_name("_setStepConer")
     348                      .dwattr $C$DW$33, DW_AT_TI_call
TMS320C2000 Assembler PC v6.2.7 Thu Jul 02 08:31:28 2015

Tools Copyright (c) 1996-2014 Texas Instruments Incorporated
C:\Users\Tester\AppData\Local\Temp\0141210                           PAGE    8

     349 00000075 7640!         LCR       #_setStepConer        ; [CPU_] |44| 
         00000076 0000 
     350                      ; call occurs [#_setStepConer] ; [] |44| 
     351                      .dwpsn  file "../ConvertorCntrl/DC_Decelaration.c",line 45,column 4,is_stmt
     352 00000077 761F-         MOVW      DP,#_TimeDecelDc      ; [CPU_U] 
         00000078 0000 
     353 00000079 0B00-         DEC       @_TimeDecelDc         ; [CPU_] |45| 
     354                      .dwpsn  file "../ConvertorCntrl/DC_Decelaration.c",line 46,column 4,is_stmt
     355 0000007a 9200-         MOV       AL,@_TimeDecelDc      ; [CPU_] |46| 
     356 0000007b 6F08          B         $C$L7,UNC             ; [CPU_] |46| 
     357                      ; branch occurs ; [] |46| 
     358 0000007c       $C$L5:    
     359                      .dwpsn  file "../ConvertorCntrl/DC_Decelaration.c",line 48,column 4,is_stmt
     360 0000007c 9201-         MOV       AL,@_TimeDecelDcBgn   ; [CPU_] |48| 
     361 0000007d 9600-         MOV       @_TimeDecelDc,AL      ; [CPU_] |48| 
     362                      .dwpsn  file "../ConvertorCntrl/DC_Decelaration.c",line 49,column 4,is_stmt
     363 0000007e 28A9          MOV       AL,#-1                ; [CPU_] |49| 
         0000007f FFFF 
     364 00000080 6F03          B         $C$L7,UNC             ; [CPU_] |49| 
     365                      ; branch occurs ; [] |49| 
     366 00000081       $C$L6:    
     367                      .dwpsn  file "../ConvertorCntrl/DC_Decelaration.c",line 52,column 3,is_stmt
     368 00000081 28A9          MOV       AL,#-1                ; [CPU_] |52| 
         00000082 FFFF 
     369 00000083       $C$L7:    
     370                      .dwpsn  file "../ConvertorCntrl/DC_Decelaration.c",line 53,column 1,is_stmt
     371 00000083 FE88          SUBB      SP,#8                 ; [CPU_U] 
     372                      .dwcfi  cfa_offset, -2
     373              $C$DW$34        .dwtag  DW_TAG_TI_branch
     374                      .dwattr $C$DW$34, DW_AT_low_pc(0x00)
     375                      .dwattr $C$DW$34, DW_AT_TI_return
     376 00000084 0006          LRETR     ; [CPU_] 
     377                      ; return occurs ; [] 
     378                      .dwattr $C$DW$22, DW_AT_TI_end_file("../ConvertorCntrl/DC_Decelaration.c")
     379                      .dwattr $C$DW$22, DW_AT_TI_end_line(0x35)
     380                      .dwattr $C$DW$22, DW_AT_TI_end_column(0x01)
     381                      .dwendentry
     382                      .dwendtag $C$DW$22
     383              
     384              ;**************************************************************
     385              ;* UNDEFINED EXTERNAL REFERENCES                              *
     386              ;**************************************************************
     387                      .global _enableCntrlPwm
     388                      .global _setStepConer
     389                      .global _setStepAmpl
     390                      .global _testOvercurrent
     391                      .global _getRegister
     392                      .global _scaleVoltagPwm
     393                      .global FS$$DIV
     394              
     395              ;***************************************************************
     396              ;* TYPE INFORMATION                                            *
     397              ;***************************************************************
     398              $C$DW$T$4       .dwtag  DW_TAG_base_type
     399                      .dwattr $C$DW$T$4, DW_AT_encoding(DW_ATE_boolean)
TMS320C2000 Assembler PC v6.2.7 Thu Jul 02 08:31:28 2015

Tools Copyright (c) 1996-2014 Texas Instruments Incorporated
C:\Users\Tester\AppData\Local\Temp\0141210                           PAGE    9

     400                      .dwattr $C$DW$T$4, DW_AT_name("bool")
     401                      .dwattr $C$DW$T$4, DW_AT_byte_size(0x01)
     402              $C$DW$T$5       .dwtag  DW_TAG_base_type
     403                      .dwattr $C$DW$T$5, DW_AT_encoding(DW_ATE_signed_char)
     404                      .dwattr $C$DW$T$5, DW_AT_name("signed char")
     405                      .dwattr $C$DW$T$5, DW_AT_byte_size(0x01)
     406              $C$DW$T$6       .dwtag  DW_TAG_base_type
     407                      .dwattr $C$DW$T$6, DW_AT_encoding(DW_ATE_unsigned_char)
     408                      .dwattr $C$DW$T$6, DW_AT_name("unsigned char")
     409                      .dwattr $C$DW$T$6, DW_AT_byte_size(0x01)
     410              $C$DW$T$7       .dwtag  DW_TAG_base_type
     411                      .dwattr $C$DW$T$7, DW_AT_encoding(DW_ATE_signed_char)
     412                      .dwattr $C$DW$T$7, DW_AT_name("wchar_t")
     413                      .dwattr $C$DW$T$7, DW_AT_byte_size(0x01)
     414              $C$DW$T$8       .dwtag  DW_TAG_base_type
     415                      .dwattr $C$DW$T$8, DW_AT_encoding(DW_ATE_signed)
     416                      .dwattr $C$DW$T$8, DW_AT_name("short")
     417                      .dwattr $C$DW$T$8, DW_AT_byte_size(0x01)
     418              $C$DW$T$9       .dwtag  DW_TAG_base_type
     419                      .dwattr $C$DW$T$9, DW_AT_encoding(DW_ATE_unsigned)
     420                      .dwattr $C$DW$T$9, DW_AT_name("unsigned short")
     421                      .dwattr $C$DW$T$9, DW_AT_byte_size(0x01)
     422              $C$DW$T$10      .dwtag  DW_TAG_base_type
     423                      .dwattr $C$DW$T$10, DW_AT_encoding(DW_ATE_signed)
     424                      .dwattr $C$DW$T$10, DW_AT_name("int")
     425                      .dwattr $C$DW$T$10, DW_AT_byte_size(0x01)
     426              $C$DW$T$23      .dwtag  DW_TAG_typedef, DW_AT_name("INT16")
     427                      .dwattr $C$DW$T$23, DW_AT_type(*$C$DW$T$10)
     428                      .dwattr $C$DW$T$23, DW_AT_language(DW_LANG_C)
     429              $C$DW$T$11      .dwtag  DW_TAG_base_type
     430                      .dwattr $C$DW$T$11, DW_AT_encoding(DW_ATE_unsigned)
     431                      .dwattr $C$DW$T$11, DW_AT_name("unsigned int")
     432                      .dwattr $C$DW$T$11, DW_AT_byte_size(0x01)
     433              $C$DW$T$29      .dwtag  DW_TAG_typedef, DW_AT_name("UINT8")
     434                      .dwattr $C$DW$T$29, DW_AT_type(*$C$DW$T$11)
     435                      .dwattr $C$DW$T$29, DW_AT_language(DW_LANG_C)
     436              $C$DW$T$12      .dwtag  DW_TAG_base_type
     437                      .dwattr $C$DW$T$12, DW_AT_encoding(DW_ATE_signed)
     438                      .dwattr $C$DW$T$12, DW_AT_name("long")
     439                      .dwattr $C$DW$T$12, DW_AT_byte_size(0x02)
     440              $C$DW$T$13      .dwtag  DW_TAG_base_type
     441                      .dwattr $C$DW$T$13, DW_AT_encoding(DW_ATE_unsigned)
     442                      .dwattr $C$DW$T$13, DW_AT_name("unsigned long")
     443                      .dwattr $C$DW$T$13, DW_AT_byte_size(0x02)
     444              $C$DW$T$14      .dwtag  DW_TAG_base_type
     445                      .dwattr $C$DW$T$14, DW_AT_encoding(DW_ATE_signed)
     446                      .dwattr $C$DW$T$14, DW_AT_name("long long")
     447                      .dwattr $C$DW$T$14, DW_AT_byte_size(0x04)
     448              $C$DW$T$15      .dwtag  DW_TAG_base_type
     449                      .dwattr $C$DW$T$15, DW_AT_encoding(DW_ATE_unsigned)
     450                      .dwattr $C$DW$T$15, DW_AT_name("unsigned long long")
     451                      .dwattr $C$DW$T$15, DW_AT_byte_size(0x04)
     452              $C$DW$T$16      .dwtag  DW_TAG_base_type
     453                      .dwattr $C$DW$T$16, DW_AT_encoding(DW_ATE_float)
     454                      .dwattr $C$DW$T$16, DW_AT_name("float")
TMS320C2000 Assembler PC v6.2.7 Thu Jul 02 08:31:28 2015

Tools Copyright (c) 1996-2014 Texas Instruments Incorporated
C:\Users\Tester\AppData\Local\Temp\0141210                           PAGE   10

     455                      .dwattr $C$DW$T$16, DW_AT_byte_size(0x02)
     456              $C$DW$T$24      .dwtag  DW_TAG_pointer_type
     457                      .dwattr $C$DW$T$24, DW_AT_type(*$C$DW$T$16)
     458                      .dwattr $C$DW$T$24, DW_AT_address_class(0x16)
     459              $C$DW$T$17      .dwtag  DW_TAG_base_type
     460                      .dwattr $C$DW$T$17, DW_AT_encoding(DW_ATE_float)
     461                      .dwattr $C$DW$T$17, DW_AT_name("double")
     462                      .dwattr $C$DW$T$17, DW_AT_byte_size(0x02)
     463              $C$DW$T$18      .dwtag  DW_TAG_base_type
     464                      .dwattr $C$DW$T$18, DW_AT_encoding(DW_ATE_float)
     465                      .dwattr $C$DW$T$18, DW_AT_name("long double")
     466                      .dwattr $C$DW$T$18, DW_AT_byte_size(0x04)
     467                      .dwattr $C$DW$CU, DW_AT_language(DW_LANG_C)
     468              
     469              ;***************************************************************
     470              ;* DWARF CIE ENTRIES                                           *
     471              ;***************************************************************
     472              
     473              $C$DW$CIE       .dwcie 78
     474                      .dwcfi  cfa_register, 20
     475                      .dwcfi  cfa_offset, 0
     476                      .dwcfi  undefined, 0
     477                      .dwcfi  undefined, 1
     478                      .dwcfi  undefined, 2
     479                      .dwcfi  undefined, 3
     480                      .dwcfi  undefined, 20
     481                      .dwcfi  undefined, 21
     482                      .dwcfi  undefined, 22
     483                      .dwcfi  undefined, 23
     484                      .dwcfi  undefined, 24
     485                      .dwcfi  undefined, 25
     486                      .dwcfi  undefined, 26
     487                      .dwcfi  same_value, 28
     488                      .dwcfi  undefined, 29
     489                      .dwcfi  undefined, 30
     490                      .dwcfi  undefined, 31
     491                      .dwcfi  undefined, 32
     492                      .dwcfi  undefined, 33
     493                      .dwcfi  undefined, 34
     494                      .dwcfi  undefined, 35
     495                      .dwcfi  undefined, 36
     496                      .dwcfi  undefined, 37
     497                      .dwcfi  undefined, 38
     498                      .dwcfi  undefined, 75
     499                      .dwcfi  undefined, 76
     500                      .dwcfi  undefined, 77
     501                      .dwcfi  undefined, 4
     502                      .dwcfi  same_value, 6
     503                      .dwcfi  same_value, 8
     504                      .dwcfi  same_value, 10
     505                      .dwcfi  undefined, 12
     506                      .dwcfi  undefined, 14
     507                      .dwcfi  undefined, 16
     508                      .dwcfi  undefined, 17
     509                      .dwcfi  undefined, 18
TMS320C2000 Assembler PC v6.2.7 Thu Jul 02 08:31:28 2015

Tools Copyright (c) 1996-2014 Texas Instruments Incorporated
C:\Users\Tester\AppData\Local\Temp\0141210                           PAGE   11

     510                      .dwcfi  undefined, 19
     511                      .dwcfi  undefined, 5
     512                      .dwcfi  same_value, 7
     513                      .dwcfi  same_value, 9
     514                      .dwcfi  same_value, 11
     515                      .dwcfi  undefined, 13
     516                      .dwcfi  undefined, 15
     517                      .dwcfi  undefined, 43
     518                      .dwcfi  undefined, 44
     519                      .dwcfi  undefined, 47
     520                      .dwcfi  undefined, 48
     521                      .dwcfi  undefined, 51
     522                      .dwcfi  undefined, 52
     523                      .dwcfi  undefined, 55
     524                      .dwcfi  undefined, 56
     525                      .dwcfi  same_value, 59
     526                      .dwcfi  same_value, 60
     527                      .dwcfi  same_value, 63
     528                      .dwcfi  same_value, 64
     529                      .dwcfi  same_value, 67
     530                      .dwcfi  same_value, 68
     531                      .dwcfi  same_value, 71
     532                      .dwcfi  same_value, 72
     533                      .dwcfi  undefined, 73
     534                      .dwcfi  undefined, 74
     535                      .dwcfi  undefined, 39
     536                      .dwcfi  undefined, 40
     537                      .dwcfi  undefined, 27
     538                      .dwcfi  undefined, 78
     539                      .dwendentry
     540              
     541              ;***************************************************************
     542              ;* DWARF REGISTER MAP                                          *
     543              ;***************************************************************
     544              
     545              $C$DW$35        .dwtag  DW_TAG_TI_assign_register, DW_AT_name("AL")
     546                      .dwattr $C$DW$35, DW_AT_location[DW_OP_reg0]
     547              $C$DW$36        .dwtag  DW_TAG_TI_assign_register, DW_AT_name("AH")
     548                      .dwattr $C$DW$36, DW_AT_location[DW_OP_reg1]
     549              $C$DW$37        .dwtag  DW_TAG_TI_assign_register, DW_AT_name("PL")
     550                      .dwattr $C$DW$37, DW_AT_location[DW_OP_reg2]
     551              $C$DW$38        .dwtag  DW_TAG_TI_assign_register, DW_AT_name("PH")
     552                      .dwattr $C$DW$38, DW_AT_location[DW_OP_reg3]
     553              $C$DW$39        .dwtag  DW_TAG_TI_assign_register, DW_AT_name("SP")
     554                      .dwattr $C$DW$39, DW_AT_location[DW_OP_reg20]
     555              $C$DW$40        .dwtag  DW_TAG_TI_assign_register, DW_AT_name("XT")
     556                      .dwattr $C$DW$40, DW_AT_location[DW_OP_reg21]
     557              $C$DW$41        .dwtag  DW_TAG_TI_assign_register, DW_AT_name("T")
     558                      .dwattr $C$DW$41, DW_AT_location[DW_OP_reg22]
     559              $C$DW$42        .dwtag  DW_TAG_TI_assign_register, DW_AT_name("ST0")
     560                      .dwattr $C$DW$42, DW_AT_location[DW_OP_reg23]
     561              $C$DW$43        .dwtag  DW_TAG_TI_assign_register, DW_AT_name("ST1")
     562                      .dwattr $C$DW$43, DW_AT_location[DW_OP_reg24]
     563              $C$DW$44        .dwtag  DW_TAG_TI_assign_register, DW_AT_name("PC")
     564                      .dwattr $C$DW$44, DW_AT_location[DW_OP_reg25]
TMS320C2000 Assembler PC v6.2.7 Thu Jul 02 08:31:28 2015

Tools Copyright (c) 1996-2014 Texas Instruments Incorporated
C:\Users\Tester\AppData\Local\Temp\0141210                           PAGE   12

     565              $C$DW$45        .dwtag  DW_TAG_TI_assign_register, DW_AT_name("RPC")
     566                      .dwattr $C$DW$45, DW_AT_location[DW_OP_reg26]
     567              $C$DW$46        .dwtag  DW_TAG_TI_assign_register, DW_AT_name("FP")
     568                      .dwattr $C$DW$46, DW_AT_location[DW_OP_reg28]
     569              $C$DW$47        .dwtag  DW_TAG_TI_assign_register, DW_AT_name("DP")
     570                      .dwattr $C$DW$47, DW_AT_location[DW_OP_reg29]
     571              $C$DW$48        .dwtag  DW_TAG_TI_assign_register, DW_AT_name("SXM")
     572                      .dwattr $C$DW$48, DW_AT_location[DW_OP_reg30]
     573              $C$DW$49        .dwtag  DW_TAG_TI_assign_register, DW_AT_name("PM")
     574                      .dwattr $C$DW$49, DW_AT_location[DW_OP_reg31]
     575              $C$DW$50        .dwtag  DW_TAG_TI_assign_register, DW_AT_name("OVM")
     576                      .dwattr $C$DW$50, DW_AT_location[DW_OP_regx 0x20]
     577              $C$DW$51        .dwtag  DW_TAG_TI_assign_register, DW_AT_name("PAGE0")
     578                      .dwattr $C$DW$51, DW_AT_location[DW_OP_regx 0x21]
     579              $C$DW$52        .dwtag  DW_TAG_TI_assign_register, DW_AT_name("AMODE")
     580                      .dwattr $C$DW$52, DW_AT_location[DW_OP_regx 0x22]
     581              $C$DW$53        .dwtag  DW_TAG_TI_assign_register, DW_AT_name("INTM")
     582                      .dwattr $C$DW$53, DW_AT_location[DW_OP_regx 0x23]
     583              $C$DW$54        .dwtag  DW_TAG_TI_assign_register, DW_AT_name("IFR")
     584                      .dwattr $C$DW$54, DW_AT_location[DW_OP_regx 0x24]
     585              $C$DW$55        .dwtag  DW_TAG_TI_assign_register, DW_AT_name("IER")
     586                      .dwattr $C$DW$55, DW_AT_location[DW_OP_regx 0x25]
     587              $C$DW$56        .dwtag  DW_TAG_TI_assign_register, DW_AT_name("V")
     588                      .dwattr $C$DW$56, DW_AT_location[DW_OP_regx 0x26]
     589              $C$DW$57        .dwtag  DW_TAG_TI_assign_register, DW_AT_name("PSEUDOH")
     590                      .dwattr $C$DW$57, DW_AT_location[DW_OP_regx 0x4c]
     591              $C$DW$58        .dwtag  DW_TAG_TI_assign_register, DW_AT_name("VOL")
     592                      .dwattr $C$DW$58, DW_AT_location[DW_OP_regx 0x4d]
     593              $C$DW$59        .dwtag  DW_TAG_TI_assign_register, DW_AT_name("AR0")
     594                      .dwattr $C$DW$59, DW_AT_location[DW_OP_reg4]
     595              $C$DW$60        .dwtag  DW_TAG_TI_assign_register, DW_AT_name("AR1")
     596                      .dwattr $C$DW$60, DW_AT_location[DW_OP_reg6]
     597              $C$DW$61        .dwtag  DW_TAG_TI_assign_register, DW_AT_name("AR2")
     598                      .dwattr $C$DW$61, DW_AT_location[DW_OP_reg8]
     599              $C$DW$62        .dwtag  DW_TAG_TI_assign_register, DW_AT_name("AR3")
     600                      .dwattr $C$DW$62, DW_AT_location[DW_OP_reg10]
     601              $C$DW$63        .dwtag  DW_TAG_TI_assign_register, DW_AT_name("AR4")
     602                      .dwattr $C$DW$63, DW_AT_location[DW_OP_reg12]
     603              $C$DW$64        .dwtag  DW_TAG_TI_assign_register, DW_AT_name("AR5")
     604                      .dwattr $C$DW$64, DW_AT_location[DW_OP_reg14]
     605              $C$DW$65        .dwtag  DW_TAG_TI_assign_register, DW_AT_name("AR6")
     606                      .dwattr $C$DW$65, DW_AT_location[DW_OP_reg16]
     607              $C$DW$66        .dwtag  DW_TAG_TI_assign_register, DW_AT_name("XAR6")
     608                      .dwattr $C$DW$66, DW_AT_location[DW_OP_reg17]
     609              $C$DW$67        .dwtag  DW_TAG_TI_assign_register, DW_AT_name("AR7")
     610                      .dwattr $C$DW$67, DW_AT_location[DW_OP_reg18]
     611              $C$DW$68        .dwtag  DW_TAG_TI_assign_register, DW_AT_name("XAR7")
     612                      .dwattr $C$DW$68, DW_AT_location[DW_OP_reg19]
     613              $C$DW$69        .dwtag  DW_TAG_TI_assign_register, DW_AT_name("XAR0")
     614                      .dwattr $C$DW$69, DW_AT_location[DW_OP_reg5]
     615              $C$DW$70        .dwtag  DW_TAG_TI_assign_register, DW_AT_name("XAR1")
     616                      .dwattr $C$DW$70, DW_AT_location[DW_OP_reg7]
     617              $C$DW$71        .dwtag  DW_TAG_TI_assign_register, DW_AT_name("XAR2")
     618                      .dwattr $C$DW$71, DW_AT_location[DW_OP_reg9]
     619              $C$DW$72        .dwtag  DW_TAG_TI_assign_register, DW_AT_name("XAR3")
TMS320C2000 Assembler PC v6.2.7 Thu Jul 02 08:31:28 2015

Tools Copyright (c) 1996-2014 Texas Instruments Incorporated
C:\Users\Tester\AppData\Local\Temp\0141210                           PAGE   13

     620                      .dwattr $C$DW$72, DW_AT_location[DW_OP_reg11]
     621              $C$DW$73        .dwtag  DW_TAG_TI_assign_register, DW_AT_name("XAR4")
     622                      .dwattr $C$DW$73, DW_AT_location[DW_OP_reg13]
     623              $C$DW$74        .dwtag  DW_TAG_TI_assign_register, DW_AT_name("XAR5")
     624                      .dwattr $C$DW$74, DW_AT_location[DW_OP_reg15]
     625              $C$DW$75        .dwtag  DW_TAG_TI_assign_register, DW_AT_name("R0HL")
     626                      .dwattr $C$DW$75, DW_AT_location[DW_OP_regx 0x2b]
     627              $C$DW$76        .dwtag  DW_TAG_TI_assign_register, DW_AT_name("R0H")
     628                      .dwattr $C$DW$76, DW_AT_location[DW_OP_regx 0x2c]
     629              $C$DW$77        .dwtag  DW_TAG_TI_assign_register, DW_AT_name("R1HL")
     630                      .dwattr $C$DW$77, DW_AT_location[DW_OP_regx 0x2f]
     631              $C$DW$78        .dwtag  DW_TAG_TI_assign_register, DW_AT_name("R1H")
     632                      .dwattr $C$DW$78, DW_AT_location[DW_OP_regx 0x30]
     633              $C$DW$79        .dwtag  DW_TAG_TI_assign_register, DW_AT_name("R2HL")
     634                      .dwattr $C$DW$79, DW_AT_location[DW_OP_regx 0x33]
     635              $C$DW$80        .dwtag  DW_TAG_TI_assign_register, DW_AT_name("R2H")
     636                      .dwattr $C$DW$80, DW_AT_location[DW_OP_regx 0x34]
     637              $C$DW$81        .dwtag  DW_TAG_TI_assign_register, DW_AT_name("R3HL")
     638                      .dwattr $C$DW$81, DW_AT_location[DW_OP_regx 0x37]
     639              $C$DW$82        .dwtag  DW_TAG_TI_assign_register, DW_AT_name("R3H")
     640                      .dwattr $C$DW$82, DW_AT_location[DW_OP_regx 0x38]
     641              $C$DW$83        .dwtag  DW_TAG_TI_assign_register, DW_AT_name("R4HL")
     642                      .dwattr $C$DW$83, DW_AT_location[DW_OP_regx 0x3b]
     643              $C$DW$84        .dwtag  DW_TAG_TI_assign_register, DW_AT_name("R4H")
     644                      .dwattr $C$DW$84, DW_AT_location[DW_OP_regx 0x3c]
     645              $C$DW$85        .dwtag  DW_TAG_TI_assign_register, DW_AT_name("R5HL")
     646                      .dwattr $C$DW$85, DW_AT_location[DW_OP_regx 0x3f]
     647              $C$DW$86        .dwtag  DW_TAG_TI_assign_register, DW_AT_name("R5H")
     648                      .dwattr $C$DW$86, DW_AT_location[DW_OP_regx 0x40]
     649              $C$DW$87        .dwtag  DW_TAG_TI_assign_register, DW_AT_name("R6HL")
     650                      .dwattr $C$DW$87, DW_AT_location[DW_OP_regx 0x43]
     651              $C$DW$88        .dwtag  DW_TAG_TI_assign_register, DW_AT_name("R6H")
     652                      .dwattr $C$DW$88, DW_AT_location[DW_OP_regx 0x44]
     653              $C$DW$89        .dwtag  DW_TAG_TI_assign_register, DW_AT_name("R7HL")
     654                      .dwattr $C$DW$89, DW_AT_location[DW_OP_regx 0x47]
     655              $C$DW$90        .dwtag  DW_TAG_TI_assign_register, DW_AT_name("R7H")
     656                      .dwattr $C$DW$90, DW_AT_location[DW_OP_regx 0x48]
     657              $C$DW$91        .dwtag  DW_TAG_TI_assign_register, DW_AT_name("RBL")
     658                      .dwattr $C$DW$91, DW_AT_location[DW_OP_regx 0x49]
     659              $C$DW$92        .dwtag  DW_TAG_TI_assign_register, DW_AT_name("RB")
     660                      .dwattr $C$DW$92, DW_AT_location[DW_OP_regx 0x4a]
     661              $C$DW$93        .dwtag  DW_TAG_TI_assign_register, DW_AT_name("STFL")
     662                      .dwattr $C$DW$93, DW_AT_location[DW_OP_regx 0x27]
     663              $C$DW$94        .dwtag  DW_TAG_TI_assign_register, DW_AT_name("STF")
     664                      .dwattr $C$DW$94, DW_AT_location[DW_OP_regx 0x28]
     665              $C$DW$95        .dwtag  DW_TAG_TI_assign_register, DW_AT_name("FPUHAZ")
     666                      .dwattr $C$DW$95, DW_AT_location[DW_OP_reg27]
     667              $C$DW$96        .dwtag  DW_TAG_TI_assign_register, DW_AT_name("CIE_RETA")
     668                      .dwattr $C$DW$96, DW_AT_location[DW_OP_regx 0x4e]
     669                      .dwendtag $C$DW$CU
     670              

No Assembly Errors, No Assembly Warnings
