TMS320C2000 Assembler PC v6.2.7 Thu Jul 02 08:31:29 2015

Tools Copyright (c) 1996-2014 Texas Instruments Incorporated
C:\Users\Tester\AppData\Local\Temp\0548410                           PAGE    1

       1              ;***************************************************************
       2              ;* TMS320C2000 C/C++ Codegen                         PC v6.2.7 *
       3              ;* Date/Time created: Thu Jul 02 08:31:29 2015                 *
       4              ;***************************************************************
       5                      .compiler_opts --diag_wrap=off --float_support=fpu32 --hll_source=on --mem_model:code=flat --mem_mode
       6        0002  FP      .set    XAR2
       7              
       8              $C$DW$CU        .dwtag  DW_TAG_compile_unit
       9                      .dwattr $C$DW$CU, DW_AT_name("../ConvertorCntrl/IRcompensation.c")
      10                      .dwattr $C$DW$CU, DW_AT_producer("TMS320C2000 C/C++ Codegen PC v6.2.7 Copyright (c) 1996-2014 Texas I
      11                      .dwattr $C$DW$CU, DW_AT_TI_version(0x01)
      12                      .dwattr $C$DW$CU, DW_AT_comp_dir("D:\ActiveProject\EKT5\PKMT_NONBIOS\InvertorCntrl\ISPprg")
      13              
      14              $C$DW$1 .dwtag  DW_TAG_subprogram, DW_AT_name("getRegister")
      15                      .dwattr $C$DW$1, DW_AT_TI_symbol_name("_getRegister")
      16                      .dwattr $C$DW$1, DW_AT_type(*$C$DW$T$10)
      17                      .dwattr $C$DW$1, DW_AT_declaration
      18                      .dwattr $C$DW$1, DW_AT_external
      19              $C$DW$2 .dwtag  DW_TAG_formal_parameter
      20                      .dwattr $C$DW$2, DW_AT_type(*$C$DW$T$5)
      21                      .dwendtag $C$DW$1
      22              
      23              
      24              $C$DW$3 .dwtag  DW_TAG_subprogram, DW_AT_name("getAveragId")
      25                      .dwattr $C$DW$3, DW_AT_TI_symbol_name("_getAveragId")
      26                      .dwattr $C$DW$3, DW_AT_type(*$C$DW$T$16)
      27                      .dwattr $C$DW$3, DW_AT_declaration
      28                      .dwattr $C$DW$3, DW_AT_external
      29              
      30              $C$DW$4 .dwtag  DW_TAG_subprogram, DW_AT_name("getInvertorFreq")
      31                      .dwattr $C$DW$4, DW_AT_TI_symbol_name("_getInvertorFreq")
      32                      .dwattr $C$DW$4, DW_AT_type(*$C$DW$T$16)
      33                      .dwattr $C$DW$4, DW_AT_declaration
      34                      .dwattr $C$DW$4, DW_AT_external
      35              
      36              $C$DW$5 .dwtag  DW_TAG_subprogram, DW_AT_name("getAveragIm")
      37                      .dwattr $C$DW$5, DW_AT_TI_symbol_name("_getAveragIm")
      38                      .dwattr $C$DW$5, DW_AT_type(*$C$DW$T$16)
      39                      .dwattr $C$DW$5, DW_AT_declaration
      40                      .dwattr $C$DW$5, DW_AT_external
      41                      .global _Compensation
      42 00000000       _Compensation:  .usect  ".ebss",12,1,1
      43              $C$DW$6 .dwtag  DW_TAG_variable, DW_AT_name("Compensation")
      44                      .dwattr $C$DW$6, DW_AT_TI_symbol_name("_Compensation")
      45                      .dwattr $C$DW$6, DW_AT_location[DW_OP_addr _Compensation]
      46                      .dwattr $C$DW$6, DW_AT_type(*$C$DW$T$20)
      47                      .dwattr $C$DW$6, DW_AT_external
      48              ;       C:\ti\ccsv6\tools\compiler\c2000_6.2.7\bin\ac2000.exe -@C:\\Users\\Tester\\AppData\\Local\\Temp\\0548
      49 00000000               .sect   ".text"
      50                      .clink
      51                      .global _getAddedFrequency
      52              
      53              $C$DW$7 .dwtag  DW_TAG_subprogram, DW_AT_name("getAddedFrequency")
      54                      .dwattr $C$DW$7, DW_AT_low_pc(_getAddedFrequency)
      55                      .dwattr $C$DW$7, DW_AT_high_pc(0x00)
TMS320C2000 Assembler PC v6.2.7 Thu Jul 02 08:31:29 2015

Tools Copyright (c) 1996-2014 Texas Instruments Incorporated
C:\Users\Tester\AppData\Local\Temp\0548410                           PAGE    2

      56                      .dwattr $C$DW$7, DW_AT_TI_symbol_name("_getAddedFrequency")
      57                      .dwattr $C$DW$7, DW_AT_external
      58                      .dwattr $C$DW$7, DW_AT_type(*$C$DW$T$16)
      59                      .dwattr $C$DW$7, DW_AT_TI_begin_file("../ConvertorCntrl/IRcompensation.c")
      60                      .dwattr $C$DW$7, DW_AT_TI_begin_line(0x0f)
      61                      .dwattr $C$DW$7, DW_AT_TI_begin_column(0x07)
      62                      .dwattr $C$DW$7, DW_AT_TI_max_frame_size(-2)
      63                      .dwpsn  file "../ConvertorCntrl/IRcompensation.c",line 15,column 30,is_stmt,address _getAddedFrequenc
      64              
      65                      .dwfde $C$DW$CIE, _getAddedFrequency
      66              
      67              ;***************************************************************
      68              ;* FNAME: _getAddedFrequency            FR SIZE:   0           *
      69              ;*                                                             *
      70              ;* FUNCTION ENVIRONMENT                                        *
      71              ;*                                                             *
      72              ;* FUNCTION PROPERTIES                                         *
      73              ;*                            0 Parameter,  0 Auto,  0 SOE     *
      74              ;***************************************************************
      75              
      76 00000000       _getAddedFrequency:
      77                      .dwcfi  cfa_offset, -2
      78                      .dwcfi  save_reg_to_mem, 26, 0
      79                      .dwcfi  save_reg_to_reg, 78, 26
      80                      .dwpsn  file "../ConvertorCntrl/IRcompensation.c",line 16,column 2,is_stmt
      81 00000000 761F-         MOVW      DP,#_Compensation     ; [CPU_U] 
         00000001 0000 
      82 00000002 E2AF-         MOV32     R0H,@_Compensation    ; [CPU_] |16| 
         00000003 0000 
      83                      .dwpsn  file "../ConvertorCntrl/IRcompensation.c",line 17,column 1,is_stmt
      84              $C$DW$8 .dwtag  DW_TAG_TI_branch
      85                      .dwattr $C$DW$8, DW_AT_low_pc(0x00)
      86                      .dwattr $C$DW$8, DW_AT_TI_return
      87 00000004 0006          LRETR     ; [CPU_] 
      88                      ; return occurs ; [] 
      89                      .dwattr $C$DW$7, DW_AT_TI_end_file("../ConvertorCntrl/IRcompensation.c")
      90                      .dwattr $C$DW$7, DW_AT_TI_end_line(0x11)
      91                      .dwattr $C$DW$7, DW_AT_TI_end_column(0x01)
      92                      .dwendentry
      93                      .dwendtag $C$DW$7
      94              
      95 00000005               .sect   ".text"
      96                      .clink
      97                      .global _getAddedVoltag
      98              
      99              $C$DW$9 .dwtag  DW_TAG_subprogram, DW_AT_name("getAddedVoltag")
     100                      .dwattr $C$DW$9, DW_AT_low_pc(_getAddedVoltag)
     101                      .dwattr $C$DW$9, DW_AT_high_pc(0x00)
     102                      .dwattr $C$DW$9, DW_AT_TI_symbol_name("_getAddedVoltag")
     103                      .dwattr $C$DW$9, DW_AT_external
     104                      .dwattr $C$DW$9, DW_AT_type(*$C$DW$T$16)
     105                      .dwattr $C$DW$9, DW_AT_TI_begin_file("../ConvertorCntrl/IRcompensation.c")
     106                      .dwattr $C$DW$9, DW_AT_TI_begin_line(0x13)
     107                      .dwattr $C$DW$9, DW_AT_TI_begin_column(0x07)
     108                      .dwattr $C$DW$9, DW_AT_TI_max_frame_size(-2)
TMS320C2000 Assembler PC v6.2.7 Thu Jul 02 08:31:29 2015

Tools Copyright (c) 1996-2014 Texas Instruments Incorporated
C:\Users\Tester\AppData\Local\Temp\0548410                           PAGE    3

     109                      .dwpsn  file "../ConvertorCntrl/IRcompensation.c",line 19,column 27,is_stmt,address _getAddedVoltag
     110              
     111                      .dwfde $C$DW$CIE, _getAddedVoltag
     112              
     113              ;***************************************************************
     114              ;* FNAME: _getAddedVoltag               FR SIZE:   0           *
     115              ;*                                                             *
     116              ;* FUNCTION ENVIRONMENT                                        *
     117              ;*                                                             *
     118              ;* FUNCTION PROPERTIES                                         *
     119              ;*                            0 Parameter,  0 Auto,  0 SOE     *
     120              ;***************************************************************
     121              
     122 00000005       _getAddedVoltag:
     123                      .dwcfi  cfa_offset, -2
     124                      .dwcfi  save_reg_to_mem, 26, 0
     125                      .dwcfi  save_reg_to_reg, 78, 26
     126                      .dwpsn  file "../ConvertorCntrl/IRcompensation.c",line 20,column 2,is_stmt
     127 00000005 761F-         MOVW      DP,#_Compensation+2   ; [CPU_U] 
         00000006 0000 
     128 00000007 E2AF-         MOV32     R0H,@_Compensation+2  ; [CPU_] |20| 
         00000008 0002 
     129                      .dwpsn  file "../ConvertorCntrl/IRcompensation.c",line 21,column 1,is_stmt
     130              $C$DW$10        .dwtag  DW_TAG_TI_branch
     131                      .dwattr $C$DW$10, DW_AT_low_pc(0x00)
     132                      .dwattr $C$DW$10, DW_AT_TI_return
     133 00000009 0006          LRETR     ; [CPU_] 
     134                      ; return occurs ; [] 
     135                      .dwattr $C$DW$9, DW_AT_TI_end_file("../ConvertorCntrl/IRcompensation.c")
     136                      .dwattr $C$DW$9, DW_AT_TI_end_line(0x15)
     137                      .dwattr $C$DW$9, DW_AT_TI_end_column(0x01)
     138                      .dwendentry
     139                      .dwendtag $C$DW$9
     140              
     141 0000000a               .sect   ".text"
     142                      .clink
     143                      .global _initIrCompensation
     144              
     145              $C$DW$11        .dwtag  DW_TAG_subprogram, DW_AT_name("initIrCompensation")
     146                      .dwattr $C$DW$11, DW_AT_low_pc(_initIrCompensation)
     147                      .dwattr $C$DW$11, DW_AT_high_pc(0x00)
     148                      .dwattr $C$DW$11, DW_AT_TI_symbol_name("_initIrCompensation")
     149                      .dwattr $C$DW$11, DW_AT_external
     150                      .dwattr $C$DW$11, DW_AT_TI_begin_file("../ConvertorCntrl/IRcompensation.c")
     151                      .dwattr $C$DW$11, DW_AT_TI_begin_line(0x17)
     152                      .dwattr $C$DW$11, DW_AT_TI_begin_column(0x06)
     153                      .dwattr $C$DW$11, DW_AT_TI_max_frame_size(-6)
     154                      .dwpsn  file "../ConvertorCntrl/IRcompensation.c",line 23,column 30,is_stmt,address _initIrCompensati
     155              
     156                      .dwfde $C$DW$CIE, _initIrCompensation
     157              
     158              ;***************************************************************
     159              ;* FNAME: _initIrCompensation           FR SIZE:   4           *
     160              ;*                                                             *
     161              ;* FUNCTION ENVIRONMENT                                        *
TMS320C2000 Assembler PC v6.2.7 Thu Jul 02 08:31:29 2015

Tools Copyright (c) 1996-2014 Texas Instruments Incorporated
C:\Users\Tester\AppData\Local\Temp\0548410                           PAGE    4

     162              ;*                                                             *
     163              ;* FUNCTION PROPERTIES                                         *
     164              ;*                            2 Parameter,  2 Auto,  0 SOE     *
     165              ;***************************************************************
     166              
     167 0000000a       _initIrCompensation:
     168                      .dwcfi  cfa_offset, -2
     169                      .dwcfi  save_reg_to_mem, 26, 0
     170                      .dwcfi  save_reg_to_reg, 78, 26
     171 0000000a FE04          ADDB      SP,#4                 ; [CPU_U] 
     172                      .dwcfi  cfa_offset, -6
     173              $C$DW$12        .dwtag  DW_TAG_variable, DW_AT_name("tmp")
     174                      .dwattr $C$DW$12, DW_AT_TI_symbol_name("_tmp")
     175                      .dwattr $C$DW$12, DW_AT_type(*$C$DW$T$16)
     176                      .dwattr $C$DW$12, DW_AT_location[DW_OP_breg20 -4]
     177                      .dwpsn  file "../ConvertorCntrl/IRcompensation.c",line 25,column 2,is_stmt
     178 0000000b E590          ZERO      R0H                   ; [CPU_] |25| 
     179 0000000c 761F-         MOVW      DP,#_Compensation     ; [CPU_U] 
         0000000d 0000 
     180 0000000e E203-         MOV32     @_Compensation,R0H    ; [CPU_] |25| 
         0000000f 0000 
     181                      .dwpsn  file "../ConvertorCntrl/IRcompensation.c",line 26,column 2,is_stmt
     182 00000010 E203-         MOV32     @_Compensation+2,R0H  ; [CPU_] |26| 
         00000011 0002 
     183                      .dwpsn  file "../ConvertorCntrl/IRcompensation.c",line 27,column 2,is_stmt
     184 00000012 E203-         MOV32     @_Compensation+10,R0H ; [CPU_] |27| 
         00000013 000A 
     185                      .dwpsn  file "../ConvertorCntrl/IRcompensation.c",line 28,column 2,is_stmt
     186 00000014 E203-         MOV32     @_Compensation+8,R0H  ; [CPU_] |28| 
         00000015 0008 
     187                      .dwpsn  file "../ConvertorCntrl/IRcompensation.c",line 29,column 2,is_stmt
     188 00000016 9A0F          MOVB      AL,#15                ; [CPU_] |29| 
     189              $C$DW$13        .dwtag  DW_TAG_TI_branch
     190                      .dwattr $C$DW$13, DW_AT_low_pc(0x00)
     191                      .dwattr $C$DW$13, DW_AT_name("_getRegister")
     192                      .dwattr $C$DW$13, DW_AT_TI_call
     193 00000017 7640!         LCR       #_getRegister         ; [CPU_] |29| 
         00000018 0000 
     194                      ; call occurs [#_getRegister] ; [] |29| 
     195 00000019 3B01          SETC      SXM                   ; [CPU_] 
     196 0000001a 85A9          MOV       ACC,AL                ; [CPU_] |29| 
     197 0000001b BDA9          MOV32     R0H,ACC               ; [CPU_] |29| 
         0000001c 0F12 
     198 0000001d 7700          NOP       ; [CPU_] 
     199 0000001e 7700          NOP       ; [CPU_] 
     200 0000001f 7700          NOP       ; [CPU_] 
     201 00000020 7700          NOP       ; [CPU_] 
     202 00000021 E689          I32TOF32  R0H,R0H               ; [CPU_] |29| 
         00000022 0000 
     203 00000023 761F-         MOVW      DP,#_Compensation+6   ; [CPU_U] 
         00000024 0000 
     204 00000025 E203-         MOV32     @_Compensation+6,R0H  ; [CPU_] |29| 
         00000026 0006 
     205                      .dwpsn  file "../ConvertorCntrl/IRcompensation.c",line 30,column 2,is_stmt
     206 00000027 E802          MOVIZ     R1H,#17096            ; [CPU_] |30| 
TMS320C2000 Assembler PC v6.2.7 Thu Jul 02 08:31:29 2015

Tools Copyright (c) 1996-2014 Texas Instruments Incorporated
C:\Users\Tester\AppData\Local\Temp\0548410                           PAGE    5

         00000028 1641 
     207              $C$DW$14        .dwtag  DW_TAG_TI_branch
     208                      .dwattr $C$DW$14, DW_AT_low_pc(0x00)
     209                      .dwattr $C$DW$14, DW_AT_name("FS$$DIV")
     210                      .dwattr $C$DW$14, DW_AT_TI_call
     211 00000029 7640!         LCR       #FS$$DIV              ; [CPU_] |30| 
         0000002a 0000 
     212                      ; call occurs [#FS$$DIV] ; [] |30| 
     213 0000002b 761F-         MOVW      DP,#_Compensation+6   ; [CPU_U] 
         0000002c 0000 
     214 0000002d E203-         MOV32     @_Compensation+6,R0H  ; [CPU_] |30| 
         0000002e 0006 
     215                      .dwpsn  file "../ConvertorCntrl/IRcompensation.c",line 31,column 2,is_stmt
     216 0000002f 9A63          MOVB      AL,#99                ; [CPU_] |31| 
     217              $C$DW$15        .dwtag  DW_TAG_TI_branch
     218                      .dwattr $C$DW$15, DW_AT_low_pc(0x00)
     219                      .dwattr $C$DW$15, DW_AT_name("_getRegister")
     220                      .dwattr $C$DW$15, DW_AT_TI_call
     221 00000030 7640!         LCR       #_getRegister         ; [CPU_] |31| 
         00000031 0000 
     222                      ; call occurs [#_getRegister] ; [] |31| 
     223 00000032 3B01          SETC      SXM                   ; [CPU_] 
     224 00000033 85A9          MOV       ACC,AL                ; [CPU_] |31| 
     225 00000034 BDA9          MOV32     R0H,ACC               ; [CPU_] |31| 
         00000035 0F12 
     226 00000036 7700          NOP       ; [CPU_] 
     227 00000037 7700          NOP       ; [CPU_] 
     228 00000038 7700          NOP       ; [CPU_] 
     229 00000039 7700          NOP       ; [CPU_] 
     230 0000003a E689          I32TOF32  R0H,R0H               ; [CPU_] |31| 
         0000003b 0000 
     231 0000003c 761F-         MOVW      DP,#_Compensation+4   ; [CPU_U] 
         0000003d 0000 
     232 0000003e E203-         MOV32     @_Compensation+4,R0H  ; [CPU_] |31| 
         0000003f 0004 
     233                      .dwpsn  file "../ConvertorCntrl/IRcompensation.c",line 32,column 2,is_stmt
     234 00000040 E802          MOVIZ     R1H,#17096            ; [CPU_] |32| 
         00000041 1641 
     235              $C$DW$16        .dwtag  DW_TAG_TI_branch
     236                      .dwattr $C$DW$16, DW_AT_low_pc(0x00)
     237                      .dwattr $C$DW$16, DW_AT_name("FS$$DIV")
     238                      .dwattr $C$DW$16, DW_AT_TI_call
     239 00000042 7640!         LCR       #FS$$DIV              ; [CPU_] |32| 
         00000043 0000 
     240                      ; call occurs [#FS$$DIV] ; [] |32| 
     241 00000044 761F-         MOVW      DP,#_Compensation+4   ; [CPU_U] 
         00000045 0000 
     242 00000046 E203-         MOV32     @_Compensation+4,R0H  ; [CPU_] |32| 
         00000047 0004 
     243                      .dwpsn  file "../ConvertorCntrl/IRcompensation.c",line 34,column 2,is_stmt
     244 00000048 E2AF-         MOV32     R0H,@_Compensation+6  ; [CPU_] |34| 
         00000049 0006 
     245 0000004a E5A0          CMPF32    R0H,#0                ; [CPU_] |34| 
     246 0000004b AD14          MOVST0    ZF, NF                ; [CPU_] |34| 
     247 0000004c 6141          B         $C$L1,EQ              ; [CPU_] |34| 
TMS320C2000 Assembler PC v6.2.7 Thu Jul 02 08:31:29 2015

Tools Copyright (c) 1996-2014 Texas Instruments Incorporated
C:\Users\Tester\AppData\Local\Temp\0548410                           PAGE    6

     248                      ; branchcc occurs ; [] |34| 
     249                      .dwpsn  file "../ConvertorCntrl/IRcompensation.c",line 35,column 3,is_stmt
     250 0000004d 9A0E          MOVB      AL,#14                ; [CPU_] |35| 
     251              $C$DW$17        .dwtag  DW_TAG_TI_branch
     252                      .dwattr $C$DW$17, DW_AT_low_pc(0x00)
     253                      .dwattr $C$DW$17, DW_AT_name("_getRegister")
     254                      .dwattr $C$DW$17, DW_AT_TI_call
     255 0000004e 7640!         LCR       #_getRegister         ; [CPU_] |35| 
         0000004f 0000 
     256                      ; call occurs [#_getRegister] ; [] |35| 
     257 00000050 3B01          SETC      SXM                   ; [CPU_] 
     258 00000051 85A9          MOV       ACC,AL                ; [CPU_] |35| 
     259 00000052 BDA9          MOV32     R0H,ACC               ; [CPU_] |35| 
         00000053 0F12 
     260 00000054 7700          NOP       ; [CPU_] 
     261 00000055 7700          NOP       ; [CPU_] 
     262 00000056 7700          NOP       ; [CPU_] 
     263 00000057 7700          NOP       ; [CPU_] 
     264 00000058 E689          I32TOF32  R0H,R0H               ; [CPU_] |35| 
         00000059 0000 
     265 0000005a 7700          NOP       ; [CPU_] 
     266 0000005b E203          MOV32     *-SP[4],R0H           ; [CPU_] |35| 
         0000005c 0044 
     267                      .dwpsn  file "../ConvertorCntrl/IRcompensation.c",line 36,column 3,is_stmt
     268 0000005d E802          MOVIZ     R1H,#16672            ; [CPU_] |36| 
         0000005e 0901 
     269              $C$DW$18        .dwtag  DW_TAG_TI_branch
     270                      .dwattr $C$DW$18, DW_AT_low_pc(0x00)
     271                      .dwattr $C$DW$18, DW_AT_name("FS$$DIV")
     272                      .dwattr $C$DW$18, DW_AT_TI_call
     273 0000005f 7640!         LCR       #FS$$DIV              ; [CPU_] |36| 
         00000060 0000 
     274                      ; call occurs [#FS$$DIV] ; [] |36| 
     275 00000061 E203          MOV32     *-SP[4],R0H           ; [CPU_] |36| 
         00000062 0044 
     276                      .dwpsn  file "../ConvertorCntrl/IRcompensation.c",line 37,column 3,is_stmt
     277 00000063 761F-         MOVW      DP,#_Compensation+6   ; [CPU_U] 
         00000064 0000 
     278 00000065 E2AF-         MOV32     R1H,@_Compensation+6  ; [CPU_] |37| 
         00000066 0106 
     279              $C$DW$19        .dwtag  DW_TAG_TI_branch
     280                      .dwattr $C$DW$19, DW_AT_low_pc(0x00)
     281                      .dwattr $C$DW$19, DW_AT_name("FS$$DIV")
     282                      .dwattr $C$DW$19, DW_AT_TI_call
     283 00000067 7640!         LCR       #FS$$DIV              ; [CPU_] |37| 
         00000068 0000 
     284                      ; call occurs [#FS$$DIV] ; [] |37| 
     285 00000069 761F-         MOVW      DP,#_Compensation+8   ; [CPU_U] 
         0000006a 0000 
     286 0000006b E203-         MOV32     @_Compensation+8,R0H  ; [CPU_] |37| 
         0000006c 0008 
     287                      .dwpsn  file "../ConvertorCntrl/IRcompensation.c",line 38,column 3,is_stmt
     288 0000006d 9A83          MOVB      AL,#131               ; [CPU_] |38| 
     289              $C$DW$20        .dwtag  DW_TAG_TI_branch
     290                      .dwattr $C$DW$20, DW_AT_low_pc(0x00)
TMS320C2000 Assembler PC v6.2.7 Thu Jul 02 08:31:29 2015

Tools Copyright (c) 1996-2014 Texas Instruments Incorporated
C:\Users\Tester\AppData\Local\Temp\0548410                           PAGE    7

     291                      .dwattr $C$DW$20, DW_AT_name("_getRegister")
     292                      .dwattr $C$DW$20, DW_AT_TI_call
     293 0000006e 7640!         LCR       #_getRegister         ; [CPU_] |38| 
         0000006f 0000 
     294                      ; call occurs [#_getRegister] ; [] |38| 
     295 00000070 3B01          SETC      SXM                   ; [CPU_] 
     296 00000071 85A9          MOV       ACC,AL                ; [CPU_] |38| 
     297 00000072 BDA9          MOV32     R0H,ACC               ; [CPU_] |38| 
         00000073 0F12 
     298 00000074 7700          NOP       ; [CPU_] 
     299 00000075 7700          NOP       ; [CPU_] 
     300 00000076 7700          NOP       ; [CPU_] 
     301 00000077 7700          NOP       ; [CPU_] 
     302 00000078 E689          I32TOF32  R0H,R0H               ; [CPU_] |38| 
         00000079 0000 
     303 0000007a 7700          NOP       ; [CPU_] 
     304 0000007b E203          MOV32     *-SP[4],R0H           ; [CPU_] |38| 
         0000007c 0044 
     305                      .dwpsn  file "../ConvertorCntrl/IRcompensation.c",line 39,column 3,is_stmt
     306 0000007d E802          MOVIZ     R1H,#17096            ; [CPU_] |39| 
         0000007e 1641 
     307              $C$DW$21        .dwtag  DW_TAG_TI_branch
     308                      .dwattr $C$DW$21, DW_AT_low_pc(0x00)
     309                      .dwattr $C$DW$21, DW_AT_name("FS$$DIV")
     310                      .dwattr $C$DW$21, DW_AT_TI_call
     311 0000007f 7640!         LCR       #FS$$DIV              ; [CPU_] |39| 
         00000080 0000 
     312                      ; call occurs [#FS$$DIV] ; [] |39| 
     313 00000081 E203          MOV32     *-SP[4],R0H           ; [CPU_] |39| 
         00000082 0044 
     314                      .dwpsn  file "../ConvertorCntrl/IRcompensation.c",line 40,column 3,is_stmt
     315 00000083 761F-         MOVW      DP,#_Compensation+6   ; [CPU_U] 
         00000084 0000 
     316 00000085 E2AF-         MOV32     R1H,@_Compensation+6  ; [CPU_] |40| 
         00000086 0106 
     317              $C$DW$22        .dwtag  DW_TAG_TI_branch
     318                      .dwattr $C$DW$22, DW_AT_low_pc(0x00)
     319                      .dwattr $C$DW$22, DW_AT_name("FS$$DIV")
     320                      .dwattr $C$DW$22, DW_AT_TI_call
     321 00000087 7640!         LCR       #FS$$DIV              ; [CPU_] |40| 
         00000088 0000 
     322                      ; call occurs [#FS$$DIV] ; [] |40| 
     323 00000089 761F-         MOVW      DP,#_Compensation+10  ; [CPU_U] 
         0000008a 0000 
     324 0000008b E203-         MOV32     @_Compensation+10,R0H ; [CPU_] |40| 
         0000008c 000A 
     325                      .dwpsn  file "../ConvertorCntrl/IRcompensation.c",line 42,column 1,is_stmt
     326 0000008d       $C$L1:    
     327 0000008d FE84          SUBB      SP,#4                 ; [CPU_U] 
     328                      .dwcfi  cfa_offset, -2
     329              $C$DW$23        .dwtag  DW_TAG_TI_branch
     330                      .dwattr $C$DW$23, DW_AT_low_pc(0x00)
     331                      .dwattr $C$DW$23, DW_AT_TI_return
     332 0000008e 0006          LRETR     ; [CPU_] 
     333                      ; return occurs ; [] 
TMS320C2000 Assembler PC v6.2.7 Thu Jul 02 08:31:29 2015

Tools Copyright (c) 1996-2014 Texas Instruments Incorporated
C:\Users\Tester\AppData\Local\Temp\0548410                           PAGE    8

     334                      .dwattr $C$DW$11, DW_AT_TI_end_file("../ConvertorCntrl/IRcompensation.c")
     335                      .dwattr $C$DW$11, DW_AT_TI_end_line(0x2a)
     336                      .dwattr $C$DW$11, DW_AT_TI_end_column(0x01)
     337                      .dwendentry
     338                      .dwendtag $C$DW$11
     339              
     340 0000008f               .sect   ".text"
     341                      .clink
     342                      .global _cntrlIrCompensation
     343              
     344              $C$DW$24        .dwtag  DW_TAG_subprogram, DW_AT_name("cntrlIrCompensation")
     345                      .dwattr $C$DW$24, DW_AT_low_pc(_cntrlIrCompensation)
     346                      .dwattr $C$DW$24, DW_AT_high_pc(0x00)
     347                      .dwattr $C$DW$24, DW_AT_TI_symbol_name("_cntrlIrCompensation")
     348                      .dwattr $C$DW$24, DW_AT_external
     349                      .dwattr $C$DW$24, DW_AT_TI_begin_file("../ConvertorCntrl/IRcompensation.c")
     350                      .dwattr $C$DW$24, DW_AT_TI_begin_line(0x2c)
     351                      .dwattr $C$DW$24, DW_AT_TI_begin_column(0x06)
     352                      .dwattr $C$DW$24, DW_AT_TI_max_frame_size(-8)
     353                      .dwpsn  file "../ConvertorCntrl/IRcompensation.c",line 44,column 31,is_stmt,address _cntrlIrCompensat
     354              
     355                      .dwfde $C$DW$CIE, _cntrlIrCompensation
     356              
     357              ;***************************************************************
     358              ;* FNAME: _cntrlIrCompensation          FR SIZE:   6           *
     359              ;*                                                             *
     360              ;* FUNCTION ENVIRONMENT                                        *
     361              ;*                                                             *
     362              ;* FUNCTION PROPERTIES                                         *
     363              ;*                            2 Parameter,  4 Auto,  0 SOE     *
     364              ;***************************************************************
     365              
     366 0000008f       _cntrlIrCompensation:
     367                      .dwcfi  cfa_offset, -2
     368                      .dwcfi  save_reg_to_mem, 26, 0
     369                      .dwcfi  save_reg_to_reg, 78, 26
     370 0000008f FE06          ADDB      SP,#6                 ; [CPU_U] 
     371                      .dwcfi  cfa_offset, -8
     372              $C$DW$25        .dwtag  DW_TAG_variable, DW_AT_name("cosinus")
     373                      .dwattr $C$DW$25, DW_AT_TI_symbol_name("_cosinus")
     374                      .dwattr $C$DW$25, DW_AT_type(*$C$DW$T$16)
     375                      .dwattr $C$DW$25, DW_AT_location[DW_OP_breg20 -4]
     376              $C$DW$26        .dwtag  DW_TAG_variable, DW_AT_name("level")
     377                      .dwattr $C$DW$26, DW_AT_TI_symbol_name("_level")
     378                      .dwattr $C$DW$26, DW_AT_type(*$C$DW$T$16)
     379                      .dwattr $C$DW$26, DW_AT_location[DW_OP_breg20 -6]
     380                      .dwpsn  file "../ConvertorCntrl/IRcompensation.c",line 47,column 2,is_stmt
     381 00000090 761F-         MOVW      DP,#_Compensation+6   ; [CPU_U] 
         00000091 0000 
     382 00000092 E2AF-         MOV32     R0H,@_Compensation+6  ; [CPU_] |47| 
         00000093 0006 
     383 00000094 E5A0          CMPF32    R0H,#0                ; [CPU_] |47| 
     384 00000095 AD14          MOVST0    ZF, NF                ; [CPU_] |47| 
     385 00000096 6163          B         $C$L8,EQ              ; [CPU_] |47| 
     386                      ; branchcc occurs ; [] |47| 
TMS320C2000 Assembler PC v6.2.7 Thu Jul 02 08:31:29 2015

Tools Copyright (c) 1996-2014 Texas Instruments Incorporated
C:\Users\Tester\AppData\Local\Temp\0548410                           PAGE    9

     387                      .dwpsn  file "../ConvertorCntrl/IRcompensation.c",line 48,column 3,is_stmt
     388              $C$DW$27        .dwtag  DW_TAG_TI_branch
     389                      .dwattr $C$DW$27, DW_AT_low_pc(0x00)
     390                      .dwattr $C$DW$27, DW_AT_name("_getInvertorFreq")
     391                      .dwattr $C$DW$27, DW_AT_TI_call
     392 00000097 7640!         LCR       #_getInvertorFreq     ; [CPU_] |48| 
         00000098 0000 
     393                      ; call occurs [#_getInvertorFreq] ; [] |48| 
     394 00000099 E203          MOV32     *-SP[6],R0H           ; [CPU_] |48| 
         0000009a 0046 
     395                      .dwpsn  file "../ConvertorCntrl/IRcompensation.c",line 49,column 3,is_stmt
     396 0000009b E5A0          CMPF32    R0H,#0                ; [CPU_] |49| 
     397 0000009c AD14          MOVST0    ZF, NF                ; [CPU_] |49| 
     398 0000009d 6305          B         $C$L2,GEQ             ; [CPU_] |49| 
     399                      ; branchcc occurs ; [] |49| 
     400                      .dwpsn  file "../ConvertorCntrl/IRcompensation.c",line 49,column 17,is_stmt
     401 0000009e E6AF          NEGF32    R0H,R0H               ; [CPU_] |49| 
         0000009f 0000 
     402 000000a0 E203          MOV32     *-SP[6],R0H           ; [CPU_] |49| 
         000000a1 0046 
     403 000000a2       $C$L2:    
     404                      .dwpsn  file "../ConvertorCntrl/IRcompensation.c",line 50,column 3,is_stmt
     405 000000a2 761F-         MOVW      DP,#_Compensation+6   ; [CPU_U] 
         000000a3 0000 
     406 000000a4 E2AF          MOV32     R1H,*-SP[6]           ; [CPU_] |50| 
         000000a5 0146 
     407 000000a6 E2AF-         MOV32     R0H,@_Compensation+6  ; [CPU_] |50| 
         000000a7 0006 
     408 000000a8 E694          CMPF32    R1H,R0H               ; [CPU_] |50| 
         000000a9 0001 
     409 000000aa AD14          MOVST0    ZF, NF                ; [CPU_] |50| 
     410 000000ab 6349          B         $C$L7,GEQ             ; [CPU_] |50| 
     411                      ; branchcc occurs ; [] |50| 
     412                      .dwpsn  file "../ConvertorCntrl/IRcompensation.c",line 51,column 4,is_stmt
     413              $C$DW$28        .dwtag  DW_TAG_TI_branch
     414                      .dwattr $C$DW$28, DW_AT_low_pc(0x00)
     415                      .dwattr $C$DW$28, DW_AT_name("_getAveragIm")
     416                      .dwattr $C$DW$28, DW_AT_TI_call
     417 000000ac 7640!         LCR       #_getAveragIm         ; [CPU_] |51| 
         000000ad 0000 
     418                      ; call occurs [#_getAveragIm] ; [] |51| 
     419 000000ae E203          MOV32     *-SP[4],R0H           ; [CPU_] |51| 
         000000af 0044 
     420                      .dwpsn  file "../ConvertorCntrl/IRcompensation.c",line 52,column 4,is_stmt
     421 000000b0 E5A0          CMPF32    R0H,#0                ; [CPU_] |52| 
     422 000000b1 AD14          MOVST0    ZF, NF                ; [CPU_] |52| 
     423 000000b2 610A          B         $C$L3,EQ              ; [CPU_] |52| 
     424                      ; branchcc occurs ; [] |52| 
     425                      .dwpsn  file "../ConvertorCntrl/IRcompensation.c",line 53,column 5,is_stmt
     426              $C$DW$29        .dwtag  DW_TAG_TI_branch
     427                      .dwattr $C$DW$29, DW_AT_low_pc(0x00)
     428                      .dwattr $C$DW$29, DW_AT_name("_getAveragId")
     429                      .dwattr $C$DW$29, DW_AT_TI_call
     430 000000b3 7640!         LCR       #_getAveragId         ; [CPU_] |53| 
         000000b4 0000 
TMS320C2000 Assembler PC v6.2.7 Thu Jul 02 08:31:29 2015

Tools Copyright (c) 1996-2014 Texas Instruments Incorporated
C:\Users\Tester\AppData\Local\Temp\0548410                           PAGE   10

     431                      ; call occurs [#_getAveragId] ; [] |53| 
     432 000000b5 E2AF          MOV32     R1H,*-SP[4]           ; [CPU_] |53| 
         000000b6 0144 
     433              $C$DW$30        .dwtag  DW_TAG_TI_branch
     434                      .dwattr $C$DW$30, DW_AT_low_pc(0x00)
     435                      .dwattr $C$DW$30, DW_AT_name("FS$$DIV")
     436                      .dwattr $C$DW$30, DW_AT_TI_call
     437 000000b7 7640!         LCR       #FS$$DIV              ; [CPU_] |53| 
         000000b8 0000 
     438                      ; call occurs [#FS$$DIV] ; [] |53| 
     439 000000b9 E203          MOV32     *-SP[4],R0H           ; [CPU_] |53| 
         000000ba 0044 
     440 000000bb 6F04          B         $C$L4,UNC             ; [CPU_] |53| 
     441                      ; branch occurs ; [] |53| 
     442 000000bc       $C$L3:    
     443                      .dwpsn  file "../ConvertorCntrl/IRcompensation.c",line 55,column 5,is_stmt
     444 000000bc E590          ZERO      R0H                   ; [CPU_] |55| 
     445 000000bd E203          MOV32     *-SP[4],R0H           ; [CPU_] |55| 
         000000be 0044 
     446 000000bf       $C$L4:    
     447                      .dwpsn  file "../ConvertorCntrl/IRcompensation.c",line 56,column 4,is_stmt
     448 000000bf E5A0          CMPF32    R0H,#0                ; [CPU_] |56| 
     449 000000c0 AD14          MOVST0    ZF, NF                ; [CPU_] |56| 
     450 000000c1 6305          B         $C$L5,GEQ             ; [CPU_] |56| 
     451                      ; branchcc occurs ; [] |56| 
     452                      .dwpsn  file "../ConvertorCntrl/IRcompensation.c",line 56,column 20,is_stmt
     453 000000c2 E6AF          NEGF32    R0H,R0H               ; [CPU_] |56| 
         000000c3 0000 
     454 000000c4 E203          MOV32     *-SP[4],R0H           ; [CPU_] |56| 
         000000c5 0044 
     455 000000c6       $C$L5:    
     456                      .dwpsn  file "../ConvertorCntrl/IRcompensation.c",line 57,column 4,is_stmt
     457 000000c6 761F-         MOVW      DP,#_Compensation+6   ; [CPU_U] 
         000000c7 0000 
     458 000000c8 E2AF          MOV32     R0H,*-SP[6]           ; [CPU_] |57| 
         000000c9 0046 
     459 000000ca E2AF-         MOV32     R1H,@_Compensation+6  ; [CPU_] |57| 
         000000cb 0106 
     460 000000cc E720          SUBF32    R0H,R1H,R0H           ; [CPU_] |57| 
         000000cd 0008 
     461 000000ce 7700          NOP       ; [CPU_] 
     462 000000cf E203          MOV32     *-SP[6],R0H           ; [CPU_] |57| 
         000000d0 0046 
     463                      .dwpsn  file "../ConvertorCntrl/IRcompensation.c",line 58,column 4,is_stmt
     464 000000d1 E2AF-         MOV32     R1H,@_Compensation+8  ; [CPU_] |58| 
         000000d2 0108 
     465 000000d3 E700          MPYF32    R0H,R1H,R0H           ; [CPU_] |58| 
         000000d4 0008 
     466 000000d5 7700          NOP       ; [CPU_] 
     467 000000d6 E203-         MOV32     @_Compensation+2,R0H  ; [CPU_] |58| 
         000000d7 0002 
     468                      .dwpsn  file "../ConvertorCntrl/IRcompensation.c",line 59,column 4,is_stmt
     469 000000d8 E2AF          MOV32     R1H,*-SP[4]           ; [CPU_] |59| 
         000000d9 0144 
     470 000000da E2AF-         MOV32     R0H,@_Compensation+4  ; [CPU_] |59| 
TMS320C2000 Assembler PC v6.2.7 Thu Jul 02 08:31:29 2015

Tools Copyright (c) 1996-2014 Texas Instruments Incorporated
C:\Users\Tester\AppData\Local\Temp\0548410                           PAGE   11

         000000db 0004 
     471 000000dc E694          CMPF32    R1H,R0H               ; [CPU_] |59| 
         000000dd 0001 
     472 000000de AD14          MOVST0    ZF, NF                ; [CPU_] |59| 
     473 000000df 6511          B         $C$L6,LEQ             ; [CPU_] |59| 
     474                      ; branchcc occurs ; [] |59| 
     475                      .dwpsn  file "../ConvertorCntrl/IRcompensation.c",line 60,column 5,is_stmt
     476 000000e0 E2AF          MOV32     R0H,*-SP[4]           ; [CPU_] |60| 
         000000e1 0044 
     477 000000e2 E2AF-         MOV32     R1H,@_Compensation+10 ; [CPU_] |60| 
         000000e3 010A 
     478 000000e4 E700          MPYF32    R1H,R1H,R0H           ; [CPU_] |60| 
         000000e5 0009 
     479 000000e6 E2AF          MOV32     R3H,*-SP[6]           ; [CPU_] |60| 
         000000e7 0346 
     480 000000e8 E700          MPYF32    R0H,R1H,R3H           ; [CPU_] |60| 
         000000e9 00C8 
     481 000000ea 7700          NOP       ; [CPU_] 
     482 000000eb E203          MOV32     *-SP[6],R0H           ; [CPU_] |60| 
         000000ec 0046 
     483                      .dwpsn  file "../ConvertorCntrl/IRcompensation.c",line 61,column 5,is_stmt
     484 000000ed 0646          MOVL      ACC,*-SP[6]           ; [CPU_] |61| 
     485 000000ee 1E00-         MOVL      @_Compensation,ACC    ; [CPU_] |61| 
     486                      .dwpsn  file "../ConvertorCntrl/IRcompensation.c",line 62,column 4,is_stmt
     487 000000ef 6F0A          B         $C$L8,UNC             ; [CPU_] |62| 
     488                      ; branch occurs ; [] |62| 
     489 000000f0       $C$L6:    
     490                      .dwpsn  file "../ConvertorCntrl/IRcompensation.c",line 63,column 5,is_stmt
     491 000000f0 E590          ZERO      R0H                   ; [CPU_] |63| 
     492 000000f1 E203-         MOV32     @_Compensation,R0H    ; [CPU_] |63| 
         000000f2 0000 
     493                      .dwpsn  file "../ConvertorCntrl/IRcompensation.c",line 65,column 3,is_stmt
     494 000000f3 6F06          B         $C$L8,UNC             ; [CPU_] |65| 
     495                      ; branch occurs ; [] |65| 
     496 000000f4       $C$L7:    
     497                      .dwpsn  file "../ConvertorCntrl/IRcompensation.c",line 66,column 4,is_stmt
     498 000000f4 E590          ZERO      R0H                   ; [CPU_] |66| 
     499 000000f5 E203-         MOV32     @_Compensation+2,R0H  ; [CPU_] |66| 
         000000f6 0002 
     500                      .dwpsn  file "../ConvertorCntrl/IRcompensation.c",line 67,column 4,is_stmt
     501 000000f7 E203-         MOV32     @_Compensation,R0H    ; [CPU_] |67| 
         000000f8 0000 
     502                      .dwpsn  file "../ConvertorCntrl/IRcompensation.c",line 71,column 1,is_stmt
     503 000000f9       $C$L8:    
     504 000000f9 FE86          SUBB      SP,#6                 ; [CPU_U] 
     505                      .dwcfi  cfa_offset, -2
     506              $C$DW$31        .dwtag  DW_TAG_TI_branch
     507                      .dwattr $C$DW$31, DW_AT_low_pc(0x00)
     508                      .dwattr $C$DW$31, DW_AT_TI_return
     509 000000fa 0006          LRETR     ; [CPU_] 
     510                      ; return occurs ; [] 
     511                      .dwattr $C$DW$24, DW_AT_TI_end_file("../ConvertorCntrl/IRcompensation.c")
     512                      .dwattr $C$DW$24, DW_AT_TI_end_line(0x47)
     513                      .dwattr $C$DW$24, DW_AT_TI_end_column(0x01)
     514                      .dwendentry
TMS320C2000 Assembler PC v6.2.7 Thu Jul 02 08:31:29 2015

Tools Copyright (c) 1996-2014 Texas Instruments Incorporated
C:\Users\Tester\AppData\Local\Temp\0548410                           PAGE   12

     515                      .dwendtag $C$DW$24
     516              
     517              ;**************************************************************
     518              ;* UNDEFINED EXTERNAL REFERENCES                              *
     519              ;**************************************************************
     520                      .global _getRegister
     521                      .global _getAveragId
     522                      .global _getInvertorFreq
     523                      .global _getAveragIm
     524                      .global FS$$DIV
     525              
     526              ;***************************************************************
     527              ;* TYPE INFORMATION                                            *
     528              ;***************************************************************
     529              
     530              $C$DW$T$19      .dwtag  DW_TAG_structure_type
     531                      .dwattr $C$DW$T$19, DW_AT_name("_IR_COMPENSATION")
     532                      .dwattr $C$DW$T$19, DW_AT_byte_size(0x0c)
     533              $C$DW$32        .dwtag  DW_TAG_member
     534                      .dwattr $C$DW$32, DW_AT_type(*$C$DW$T$16)
     535                      .dwattr $C$DW$32, DW_AT_name("addedFreq")
     536                      .dwattr $C$DW$32, DW_AT_TI_symbol_name("_addedFreq")
     537                      .dwattr $C$DW$32, DW_AT_data_member_location[DW_OP_plus_uconst 0x0]
     538                      .dwattr $C$DW$32, DW_AT_accessibility(DW_ACCESS_public)
     539              $C$DW$33        .dwtag  DW_TAG_member
     540                      .dwattr $C$DW$33, DW_AT_type(*$C$DW$T$16)
     541                      .dwattr $C$DW$33, DW_AT_name("addedVoltag")
     542                      .dwattr $C$DW$33, DW_AT_TI_symbol_name("_addedVoltag")
     543                      .dwattr $C$DW$33, DW_AT_data_member_location[DW_OP_plus_uconst 0x2]
     544                      .dwattr $C$DW$33, DW_AT_accessibility(DW_ACCESS_public)
     545              $C$DW$34        .dwtag  DW_TAG_member
     546                      .dwattr $C$DW$34, DW_AT_type(*$C$DW$T$16)
     547                      .dwattr $C$DW$34, DW_AT_name("CosFiNorma")
     548                      .dwattr $C$DW$34, DW_AT_TI_symbol_name("_CosFiNorma")
     549                      .dwattr $C$DW$34, DW_AT_data_member_location[DW_OP_plus_uconst 0x4]
     550                      .dwattr $C$DW$34, DW_AT_accessibility(DW_ACCESS_public)
     551              $C$DW$35        .dwtag  DW_TAG_member
     552                      .dwattr $C$DW$35, DW_AT_type(*$C$DW$T$16)
     553                      .dwattr $C$DW$35, DW_AT_name("FrequencyCompensation")
     554                      .dwattr $C$DW$35, DW_AT_TI_symbol_name("_FrequencyCompensation")
     555                      .dwattr $C$DW$35, DW_AT_data_member_location[DW_OP_plus_uconst 0x6]
     556                      .dwattr $C$DW$35, DW_AT_accessibility(DW_ACCESS_public)
     557              $C$DW$36        .dwtag  DW_TAG_member
     558                      .dwattr $C$DW$36, DW_AT_type(*$C$DW$T$16)
     559                      .dwattr $C$DW$36, DW_AT_name("KoefAddedVoltag")
     560                      .dwattr $C$DW$36, DW_AT_TI_symbol_name("_KoefAddedVoltag")
     561                      .dwattr $C$DW$36, DW_AT_data_member_location[DW_OP_plus_uconst 0x8]
     562                      .dwattr $C$DW$36, DW_AT_accessibility(DW_ACCESS_public)
     563              $C$DW$37        .dwtag  DW_TAG_member
     564                      .dwattr $C$DW$37, DW_AT_type(*$C$DW$T$16)
     565                      .dwattr $C$DW$37, DW_AT_name("KoefAddedFreq")
     566                      .dwattr $C$DW$37, DW_AT_TI_symbol_name("_KoefAddedFreq")
     567                      .dwattr $C$DW$37, DW_AT_data_member_location[DW_OP_plus_uconst 0xa]
     568                      .dwattr $C$DW$37, DW_AT_accessibility(DW_ACCESS_public)
     569                      .dwendtag $C$DW$T$19
TMS320C2000 Assembler PC v6.2.7 Thu Jul 02 08:31:29 2015

Tools Copyright (c) 1996-2014 Texas Instruments Incorporated
C:\Users\Tester\AppData\Local\Temp\0548410                           PAGE   13

     570              
     571              $C$DW$T$20      .dwtag  DW_TAG_typedef, DW_AT_name("stIrCompensation")
     572                      .dwattr $C$DW$T$20, DW_AT_type(*$C$DW$T$19)
     573                      .dwattr $C$DW$T$20, DW_AT_language(DW_LANG_C)
     574              $C$DW$T$4       .dwtag  DW_TAG_base_type
     575                      .dwattr $C$DW$T$4, DW_AT_encoding(DW_ATE_boolean)
     576                      .dwattr $C$DW$T$4, DW_AT_name("bool")
     577                      .dwattr $C$DW$T$4, DW_AT_byte_size(0x01)
     578              $C$DW$T$5       .dwtag  DW_TAG_base_type
     579                      .dwattr $C$DW$T$5, DW_AT_encoding(DW_ATE_signed_char)
     580                      .dwattr $C$DW$T$5, DW_AT_name("signed char")
     581                      .dwattr $C$DW$T$5, DW_AT_byte_size(0x01)
     582              $C$DW$T$6       .dwtag  DW_TAG_base_type
     583                      .dwattr $C$DW$T$6, DW_AT_encoding(DW_ATE_unsigned_char)
     584                      .dwattr $C$DW$T$6, DW_AT_name("unsigned char")
     585                      .dwattr $C$DW$T$6, DW_AT_byte_size(0x01)
     586              $C$DW$T$7       .dwtag  DW_TAG_base_type
     587                      .dwattr $C$DW$T$7, DW_AT_encoding(DW_ATE_signed_char)
     588                      .dwattr $C$DW$T$7, DW_AT_name("wchar_t")
     589                      .dwattr $C$DW$T$7, DW_AT_byte_size(0x01)
     590              $C$DW$T$8       .dwtag  DW_TAG_base_type
     591                      .dwattr $C$DW$T$8, DW_AT_encoding(DW_ATE_signed)
     592                      .dwattr $C$DW$T$8, DW_AT_name("short")
     593                      .dwattr $C$DW$T$8, DW_AT_byte_size(0x01)
     594              $C$DW$T$9       .dwtag  DW_TAG_base_type
     595                      .dwattr $C$DW$T$9, DW_AT_encoding(DW_ATE_unsigned)
     596                      .dwattr $C$DW$T$9, DW_AT_name("unsigned short")
     597                      .dwattr $C$DW$T$9, DW_AT_byte_size(0x01)
     598              $C$DW$T$10      .dwtag  DW_TAG_base_type
     599                      .dwattr $C$DW$T$10, DW_AT_encoding(DW_ATE_signed)
     600                      .dwattr $C$DW$T$10, DW_AT_name("int")
     601                      .dwattr $C$DW$T$10, DW_AT_byte_size(0x01)
     602              $C$DW$T$11      .dwtag  DW_TAG_base_type
     603                      .dwattr $C$DW$T$11, DW_AT_encoding(DW_ATE_unsigned)
     604                      .dwattr $C$DW$T$11, DW_AT_name("unsigned int")
     605                      .dwattr $C$DW$T$11, DW_AT_byte_size(0x01)
     606              $C$DW$T$12      .dwtag  DW_TAG_base_type
     607                      .dwattr $C$DW$T$12, DW_AT_encoding(DW_ATE_signed)
     608                      .dwattr $C$DW$T$12, DW_AT_name("long")
     609                      .dwattr $C$DW$T$12, DW_AT_byte_size(0x02)
     610              $C$DW$T$13      .dwtag  DW_TAG_base_type
     611                      .dwattr $C$DW$T$13, DW_AT_encoding(DW_ATE_unsigned)
     612                      .dwattr $C$DW$T$13, DW_AT_name("unsigned long")
     613                      .dwattr $C$DW$T$13, DW_AT_byte_size(0x02)
     614              $C$DW$T$14      .dwtag  DW_TAG_base_type
     615                      .dwattr $C$DW$T$14, DW_AT_encoding(DW_ATE_signed)
     616                      .dwattr $C$DW$T$14, DW_AT_name("long long")
     617                      .dwattr $C$DW$T$14, DW_AT_byte_size(0x04)
     618              $C$DW$T$15      .dwtag  DW_TAG_base_type
     619                      .dwattr $C$DW$T$15, DW_AT_encoding(DW_ATE_unsigned)
     620                      .dwattr $C$DW$T$15, DW_AT_name("unsigned long long")
     621                      .dwattr $C$DW$T$15, DW_AT_byte_size(0x04)
     622              $C$DW$T$16      .dwtag  DW_TAG_base_type
     623                      .dwattr $C$DW$T$16, DW_AT_encoding(DW_ATE_float)
     624                      .dwattr $C$DW$T$16, DW_AT_name("float")
TMS320C2000 Assembler PC v6.2.7 Thu Jul 02 08:31:29 2015

Tools Copyright (c) 1996-2014 Texas Instruments Incorporated
C:\Users\Tester\AppData\Local\Temp\0548410                           PAGE   14

     625                      .dwattr $C$DW$T$16, DW_AT_byte_size(0x02)
     626              $C$DW$T$17      .dwtag  DW_TAG_base_type
     627                      .dwattr $C$DW$T$17, DW_AT_encoding(DW_ATE_float)
     628                      .dwattr $C$DW$T$17, DW_AT_name("double")
     629                      .dwattr $C$DW$T$17, DW_AT_byte_size(0x02)
     630              $C$DW$T$18      .dwtag  DW_TAG_base_type
     631                      .dwattr $C$DW$T$18, DW_AT_encoding(DW_ATE_float)
     632                      .dwattr $C$DW$T$18, DW_AT_name("long double")
     633                      .dwattr $C$DW$T$18, DW_AT_byte_size(0x04)
     634                      .dwattr $C$DW$CU, DW_AT_language(DW_LANG_C)
     635              
     636              ;***************************************************************
     637              ;* DWARF CIE ENTRIES                                           *
     638              ;***************************************************************
     639              
     640              $C$DW$CIE       .dwcie 78
     641                      .dwcfi  cfa_register, 20
     642                      .dwcfi  cfa_offset, 0
     643                      .dwcfi  undefined, 0
     644                      .dwcfi  undefined, 1
     645                      .dwcfi  undefined, 2
     646                      .dwcfi  undefined, 3
     647                      .dwcfi  undefined, 20
     648                      .dwcfi  undefined, 21
     649                      .dwcfi  undefined, 22
     650                      .dwcfi  undefined, 23
     651                      .dwcfi  undefined, 24
     652                      .dwcfi  undefined, 25
     653                      .dwcfi  undefined, 26
     654                      .dwcfi  same_value, 28
     655                      .dwcfi  undefined, 29
     656                      .dwcfi  undefined, 30
     657                      .dwcfi  undefined, 31
     658                      .dwcfi  undefined, 32
     659                      .dwcfi  undefined, 33
     660                      .dwcfi  undefined, 34
     661                      .dwcfi  undefined, 35
     662                      .dwcfi  undefined, 36
     663                      .dwcfi  undefined, 37
     664                      .dwcfi  undefined, 38
     665                      .dwcfi  undefined, 75
     666                      .dwcfi  undefined, 76
     667                      .dwcfi  undefined, 77
     668                      .dwcfi  undefined, 4
     669                      .dwcfi  same_value, 6
     670                      .dwcfi  same_value, 8
     671                      .dwcfi  same_value, 10
     672                      .dwcfi  undefined, 12
     673                      .dwcfi  undefined, 14
     674                      .dwcfi  undefined, 16
     675                      .dwcfi  undefined, 17
     676                      .dwcfi  undefined, 18
     677                      .dwcfi  undefined, 19
     678                      .dwcfi  undefined, 5
     679                      .dwcfi  same_value, 7
TMS320C2000 Assembler PC v6.2.7 Thu Jul 02 08:31:29 2015

Tools Copyright (c) 1996-2014 Texas Instruments Incorporated
C:\Users\Tester\AppData\Local\Temp\0548410                           PAGE   15

     680                      .dwcfi  same_value, 9
     681                      .dwcfi  same_value, 11
     682                      .dwcfi  undefined, 13
     683                      .dwcfi  undefined, 15
     684                      .dwcfi  undefined, 43
     685                      .dwcfi  undefined, 44
     686                      .dwcfi  undefined, 47
     687                      .dwcfi  undefined, 48
     688                      .dwcfi  undefined, 51
     689                      .dwcfi  undefined, 52
     690                      .dwcfi  undefined, 55
     691                      .dwcfi  undefined, 56
     692                      .dwcfi  same_value, 59
     693                      .dwcfi  same_value, 60
     694                      .dwcfi  same_value, 63
     695                      .dwcfi  same_value, 64
     696                      .dwcfi  same_value, 67
     697                      .dwcfi  same_value, 68
     698                      .dwcfi  same_value, 71
     699                      .dwcfi  same_value, 72
     700                      .dwcfi  undefined, 73
     701                      .dwcfi  undefined, 74
     702                      .dwcfi  undefined, 39
     703                      .dwcfi  undefined, 40
     704                      .dwcfi  undefined, 27
     705                      .dwcfi  undefined, 78
     706                      .dwendentry
     707              
     708              ;***************************************************************
     709              ;* DWARF REGISTER MAP                                          *
     710              ;***************************************************************
     711              
     712              $C$DW$38        .dwtag  DW_TAG_TI_assign_register, DW_AT_name("AL")
     713                      .dwattr $C$DW$38, DW_AT_location[DW_OP_reg0]
     714              $C$DW$39        .dwtag  DW_TAG_TI_assign_register, DW_AT_name("AH")
     715                      .dwattr $C$DW$39, DW_AT_location[DW_OP_reg1]
     716              $C$DW$40        .dwtag  DW_TAG_TI_assign_register, DW_AT_name("PL")
     717                      .dwattr $C$DW$40, DW_AT_location[DW_OP_reg2]
     718              $C$DW$41        .dwtag  DW_TAG_TI_assign_register, DW_AT_name("PH")
     719                      .dwattr $C$DW$41, DW_AT_location[DW_OP_reg3]
     720              $C$DW$42        .dwtag  DW_TAG_TI_assign_register, DW_AT_name("SP")
     721                      .dwattr $C$DW$42, DW_AT_location[DW_OP_reg20]
     722              $C$DW$43        .dwtag  DW_TAG_TI_assign_register, DW_AT_name("XT")
     723                      .dwattr $C$DW$43, DW_AT_location[DW_OP_reg21]
     724              $C$DW$44        .dwtag  DW_TAG_TI_assign_register, DW_AT_name("T")
     725                      .dwattr $C$DW$44, DW_AT_location[DW_OP_reg22]
     726              $C$DW$45        .dwtag  DW_TAG_TI_assign_register, DW_AT_name("ST0")
     727                      .dwattr $C$DW$45, DW_AT_location[DW_OP_reg23]
     728              $C$DW$46        .dwtag  DW_TAG_TI_assign_register, DW_AT_name("ST1")
     729                      .dwattr $C$DW$46, DW_AT_location[DW_OP_reg24]
     730              $C$DW$47        .dwtag  DW_TAG_TI_assign_register, DW_AT_name("PC")
     731                      .dwattr $C$DW$47, DW_AT_location[DW_OP_reg25]
     732              $C$DW$48        .dwtag  DW_TAG_TI_assign_register, DW_AT_name("RPC")
     733                      .dwattr $C$DW$48, DW_AT_location[DW_OP_reg26]
     734              $C$DW$49        .dwtag  DW_TAG_TI_assign_register, DW_AT_name("FP")
TMS320C2000 Assembler PC v6.2.7 Thu Jul 02 08:31:29 2015

Tools Copyright (c) 1996-2014 Texas Instruments Incorporated
C:\Users\Tester\AppData\Local\Temp\0548410                           PAGE   16

     735                      .dwattr $C$DW$49, DW_AT_location[DW_OP_reg28]
     736              $C$DW$50        .dwtag  DW_TAG_TI_assign_register, DW_AT_name("DP")
     737                      .dwattr $C$DW$50, DW_AT_location[DW_OP_reg29]
     738              $C$DW$51        .dwtag  DW_TAG_TI_assign_register, DW_AT_name("SXM")
     739                      .dwattr $C$DW$51, DW_AT_location[DW_OP_reg30]
     740              $C$DW$52        .dwtag  DW_TAG_TI_assign_register, DW_AT_name("PM")
     741                      .dwattr $C$DW$52, DW_AT_location[DW_OP_reg31]
     742              $C$DW$53        .dwtag  DW_TAG_TI_assign_register, DW_AT_name("OVM")
     743                      .dwattr $C$DW$53, DW_AT_location[DW_OP_regx 0x20]
     744              $C$DW$54        .dwtag  DW_TAG_TI_assign_register, DW_AT_name("PAGE0")
     745                      .dwattr $C$DW$54, DW_AT_location[DW_OP_regx 0x21]
     746              $C$DW$55        .dwtag  DW_TAG_TI_assign_register, DW_AT_name("AMODE")
     747                      .dwattr $C$DW$55, DW_AT_location[DW_OP_regx 0x22]
     748              $C$DW$56        .dwtag  DW_TAG_TI_assign_register, DW_AT_name("INTM")
     749                      .dwattr $C$DW$56, DW_AT_location[DW_OP_regx 0x23]
     750              $C$DW$57        .dwtag  DW_TAG_TI_assign_register, DW_AT_name("IFR")
     751                      .dwattr $C$DW$57, DW_AT_location[DW_OP_regx 0x24]
     752              $C$DW$58        .dwtag  DW_TAG_TI_assign_register, DW_AT_name("IER")
     753                      .dwattr $C$DW$58, DW_AT_location[DW_OP_regx 0x25]
     754              $C$DW$59        .dwtag  DW_TAG_TI_assign_register, DW_AT_name("V")
     755                      .dwattr $C$DW$59, DW_AT_location[DW_OP_regx 0x26]
     756              $C$DW$60        .dwtag  DW_TAG_TI_assign_register, DW_AT_name("PSEUDOH")
     757                      .dwattr $C$DW$60, DW_AT_location[DW_OP_regx 0x4c]
     758              $C$DW$61        .dwtag  DW_TAG_TI_assign_register, DW_AT_name("VOL")
     759                      .dwattr $C$DW$61, DW_AT_location[DW_OP_regx 0x4d]
     760              $C$DW$62        .dwtag  DW_TAG_TI_assign_register, DW_AT_name("AR0")
     761                      .dwattr $C$DW$62, DW_AT_location[DW_OP_reg4]
     762              $C$DW$63        .dwtag  DW_TAG_TI_assign_register, DW_AT_name("AR1")
     763                      .dwattr $C$DW$63, DW_AT_location[DW_OP_reg6]
     764              $C$DW$64        .dwtag  DW_TAG_TI_assign_register, DW_AT_name("AR2")
     765                      .dwattr $C$DW$64, DW_AT_location[DW_OP_reg8]
     766              $C$DW$65        .dwtag  DW_TAG_TI_assign_register, DW_AT_name("AR3")
     767                      .dwattr $C$DW$65, DW_AT_location[DW_OP_reg10]
     768              $C$DW$66        .dwtag  DW_TAG_TI_assign_register, DW_AT_name("AR4")
     769                      .dwattr $C$DW$66, DW_AT_location[DW_OP_reg12]
     770              $C$DW$67        .dwtag  DW_TAG_TI_assign_register, DW_AT_name("AR5")
     771                      .dwattr $C$DW$67, DW_AT_location[DW_OP_reg14]
     772              $C$DW$68        .dwtag  DW_TAG_TI_assign_register, DW_AT_name("AR6")
     773                      .dwattr $C$DW$68, DW_AT_location[DW_OP_reg16]
     774              $C$DW$69        .dwtag  DW_TAG_TI_assign_register, DW_AT_name("XAR6")
     775                      .dwattr $C$DW$69, DW_AT_location[DW_OP_reg17]
     776              $C$DW$70        .dwtag  DW_TAG_TI_assign_register, DW_AT_name("AR7")
     777                      .dwattr $C$DW$70, DW_AT_location[DW_OP_reg18]
     778              $C$DW$71        .dwtag  DW_TAG_TI_assign_register, DW_AT_name("XAR7")
     779                      .dwattr $C$DW$71, DW_AT_location[DW_OP_reg19]
     780              $C$DW$72        .dwtag  DW_TAG_TI_assign_register, DW_AT_name("XAR0")
     781                      .dwattr $C$DW$72, DW_AT_location[DW_OP_reg5]
     782              $C$DW$73        .dwtag  DW_TAG_TI_assign_register, DW_AT_name("XAR1")
     783                      .dwattr $C$DW$73, DW_AT_location[DW_OP_reg7]
     784              $C$DW$74        .dwtag  DW_TAG_TI_assign_register, DW_AT_name("XAR2")
     785                      .dwattr $C$DW$74, DW_AT_location[DW_OP_reg9]
     786              $C$DW$75        .dwtag  DW_TAG_TI_assign_register, DW_AT_name("XAR3")
     787                      .dwattr $C$DW$75, DW_AT_location[DW_OP_reg11]
     788              $C$DW$76        .dwtag  DW_TAG_TI_assign_register, DW_AT_name("XAR4")
     789                      .dwattr $C$DW$76, DW_AT_location[DW_OP_reg13]
TMS320C2000 Assembler PC v6.2.7 Thu Jul 02 08:31:29 2015

Tools Copyright (c) 1996-2014 Texas Instruments Incorporated
C:\Users\Tester\AppData\Local\Temp\0548410                           PAGE   17

     790              $C$DW$77        .dwtag  DW_TAG_TI_assign_register, DW_AT_name("XAR5")
     791                      .dwattr $C$DW$77, DW_AT_location[DW_OP_reg15]
     792              $C$DW$78        .dwtag  DW_TAG_TI_assign_register, DW_AT_name("R0HL")
     793                      .dwattr $C$DW$78, DW_AT_location[DW_OP_regx 0x2b]
     794              $C$DW$79        .dwtag  DW_TAG_TI_assign_register, DW_AT_name("R0H")
     795                      .dwattr $C$DW$79, DW_AT_location[DW_OP_regx 0x2c]
     796              $C$DW$80        .dwtag  DW_TAG_TI_assign_register, DW_AT_name("R1HL")
     797                      .dwattr $C$DW$80, DW_AT_location[DW_OP_regx 0x2f]
     798              $C$DW$81        .dwtag  DW_TAG_TI_assign_register, DW_AT_name("R1H")
     799                      .dwattr $C$DW$81, DW_AT_location[DW_OP_regx 0x30]
     800              $C$DW$82        .dwtag  DW_TAG_TI_assign_register, DW_AT_name("R2HL")
     801                      .dwattr $C$DW$82, DW_AT_location[DW_OP_regx 0x33]
     802              $C$DW$83        .dwtag  DW_TAG_TI_assign_register, DW_AT_name("R2H")
     803                      .dwattr $C$DW$83, DW_AT_location[DW_OP_regx 0x34]
     804              $C$DW$84        .dwtag  DW_TAG_TI_assign_register, DW_AT_name("R3HL")
     805                      .dwattr $C$DW$84, DW_AT_location[DW_OP_regx 0x37]
     806              $C$DW$85        .dwtag  DW_TAG_TI_assign_register, DW_AT_name("R3H")
     807                      .dwattr $C$DW$85, DW_AT_location[DW_OP_regx 0x38]
     808              $C$DW$86        .dwtag  DW_TAG_TI_assign_register, DW_AT_name("R4HL")
     809                      .dwattr $C$DW$86, DW_AT_location[DW_OP_regx 0x3b]
     810              $C$DW$87        .dwtag  DW_TAG_TI_assign_register, DW_AT_name("R4H")
     811                      .dwattr $C$DW$87, DW_AT_location[DW_OP_regx 0x3c]
     812              $C$DW$88        .dwtag  DW_TAG_TI_assign_register, DW_AT_name("R5HL")
     813                      .dwattr $C$DW$88, DW_AT_location[DW_OP_regx 0x3f]
     814              $C$DW$89        .dwtag  DW_TAG_TI_assign_register, DW_AT_name("R5H")
     815                      .dwattr $C$DW$89, DW_AT_location[DW_OP_regx 0x40]
     816              $C$DW$90        .dwtag  DW_TAG_TI_assign_register, DW_AT_name("R6HL")
     817                      .dwattr $C$DW$90, DW_AT_location[DW_OP_regx 0x43]
     818              $C$DW$91        .dwtag  DW_TAG_TI_assign_register, DW_AT_name("R6H")
     819                      .dwattr $C$DW$91, DW_AT_location[DW_OP_regx 0x44]
     820              $C$DW$92        .dwtag  DW_TAG_TI_assign_register, DW_AT_name("R7HL")
     821                      .dwattr $C$DW$92, DW_AT_location[DW_OP_regx 0x47]
     822              $C$DW$93        .dwtag  DW_TAG_TI_assign_register, DW_AT_name("R7H")
     823                      .dwattr $C$DW$93, DW_AT_location[DW_OP_regx 0x48]
     824              $C$DW$94        .dwtag  DW_TAG_TI_assign_register, DW_AT_name("RBL")
     825                      .dwattr $C$DW$94, DW_AT_location[DW_OP_regx 0x49]
     826              $C$DW$95        .dwtag  DW_TAG_TI_assign_register, DW_AT_name("RB")
     827                      .dwattr $C$DW$95, DW_AT_location[DW_OP_regx 0x4a]
     828              $C$DW$96        .dwtag  DW_TAG_TI_assign_register, DW_AT_name("STFL")
     829                      .dwattr $C$DW$96, DW_AT_location[DW_OP_regx 0x27]
     830              $C$DW$97        .dwtag  DW_TAG_TI_assign_register, DW_AT_name("STF")
     831                      .dwattr $C$DW$97, DW_AT_location[DW_OP_regx 0x28]
     832              $C$DW$98        .dwtag  DW_TAG_TI_assign_register, DW_AT_name("FPUHAZ")
     833                      .dwattr $C$DW$98, DW_AT_location[DW_OP_reg27]
     834              $C$DW$99        .dwtag  DW_TAG_TI_assign_register, DW_AT_name("CIE_RETA")
     835                      .dwattr $C$DW$99, DW_AT_location[DW_OP_regx 0x4e]
     836                      .dwendtag $C$DW$CU
     837              

No Assembly Errors, No Assembly Warnings
