TMS320C2000 Assembler PC v6.2.7 Thu Jul 02 08:31:33 2015

Tools Copyright (c) 1996-2014 Texas Instruments Incorporated
C:\Users\Tester\AppData\Local\Temp\0364410                           PAGE    1

       1              ;***************************************************************
       2              ;* TMS320C2000 C/C++ Codegen                         PC v6.2.7 *
       3              ;* Date/Time created: Thu Jul 02 08:31:33 2015                 *
       4              ;***************************************************************
       5                      .compiler_opts --diag_wrap=off --float_support=fpu32 --hll_source=on --mem_model:code=flat --mem_mode
       6        0002  FP      .set    XAR2
       7              
       8              $C$DW$CU        .dwtag  DW_TAG_compile_unit
       9                      .dwattr $C$DW$CU, DW_AT_name("../ConvertorCntrl/modbusDataRefr.c")
      10                      .dwattr $C$DW$CU, DW_AT_producer("TMS320C2000 C/C++ Codegen PC v6.2.7 Copyright (c) 1996-2014 Texas I
      11                      .dwattr $C$DW$CU, DW_AT_TI_version(0x01)
      12                      .dwattr $C$DW$CU, DW_AT_comp_dir("D:\ActiveProject\EKT5\PKMT_NONBIOS\InvertorCntrl\ISPprg")
      13              
      14              $C$DW$1 .dwtag  DW_TAG_subprogram, DW_AT_name("getStatusConvertor")
      15                      .dwattr $C$DW$1, DW_AT_TI_symbol_name("_getStatusConvertor")
      16                      .dwattr $C$DW$1, DW_AT_type(*$C$DW$T$27)
      17                      .dwattr $C$DW$1, DW_AT_declaration
      18                      .dwattr $C$DW$1, DW_AT_external
      19              $C$DW$2 .dwtag  DW_TAG_formal_parameter
      20                      .dwattr $C$DW$2, DW_AT_type(*$C$DW$T$27)
      21                      .dwendtag $C$DW$1
      22              
      23              
      24              $C$DW$3 .dwtag  DW_TAG_subprogram, DW_AT_name("testStatusConvertor")
      25                      .dwattr $C$DW$3, DW_AT_TI_symbol_name("_testStatusConvertor")
      26                      .dwattr $C$DW$3, DW_AT_type(*$C$DW$T$30)
      27                      .dwattr $C$DW$3, DW_AT_declaration
      28                      .dwattr $C$DW$3, DW_AT_external
      29              $C$DW$4 .dwtag  DW_TAG_formal_parameter
      30                      .dwattr $C$DW$4, DW_AT_type(*$C$DW$T$27)
      31                      .dwendtag $C$DW$3
      32              
      33              
      34              $C$DW$5 .dwtag  DW_TAG_subprogram, DW_AT_name("testRunState")
      35                      .dwattr $C$DW$5, DW_AT_TI_symbol_name("_testRunState")
      36                      .dwattr $C$DW$5, DW_AT_type(*$C$DW$T$30)
      37                      .dwattr $C$DW$5, DW_AT_declaration
      38                      .dwattr $C$DW$5, DW_AT_external
      39              
      40              $C$DW$6 .dwtag  DW_TAG_subprogram, DW_AT_name("SetInpBit")
      41                      .dwattr $C$DW$6, DW_AT_TI_symbol_name("_SetInpBit")
      42                      .dwattr $C$DW$6, DW_AT_type(*$C$DW$T$20)
      43                      .dwattr $C$DW$6, DW_AT_declaration
      44                      .dwattr $C$DW$6, DW_AT_external
      45              $C$DW$7 .dwtag  DW_TAG_formal_parameter
      46                      .dwattr $C$DW$7, DW_AT_type(*$C$DW$T$5)
      47              $C$DW$8 .dwtag  DW_TAG_formal_parameter
      48                      .dwattr $C$DW$8, DW_AT_type(*$C$DW$T$5)
      49                      .dwendtag $C$DW$6
      50              
      51              
      52              $C$DW$9 .dwtag  DW_TAG_subprogram, DW_AT_name("SetInpReg")
      53                      .dwattr $C$DW$9, DW_AT_TI_symbol_name("_SetInpReg")
      54                      .dwattr $C$DW$9, DW_AT_type(*$C$DW$T$20)
      55                      .dwattr $C$DW$9, DW_AT_declaration
TMS320C2000 Assembler PC v6.2.7 Thu Jul 02 08:31:33 2015

Tools Copyright (c) 1996-2014 Texas Instruments Incorporated
C:\Users\Tester\AppData\Local\Temp\0364410                           PAGE    2

      56                      .dwattr $C$DW$9, DW_AT_external
      57              $C$DW$10        .dwtag  DW_TAG_formal_parameter
      58                      .dwattr $C$DW$10, DW_AT_type(*$C$DW$T$5)
      59              $C$DW$11        .dwtag  DW_TAG_formal_parameter
      60                      .dwattr $C$DW$11, DW_AT_type(*$C$DW$T$10)
      61                      .dwendtag $C$DW$9
      62              
      63              
      64              $C$DW$12        .dwtag  DW_TAG_subprogram, DW_AT_name("getAveragIm")
      65                      .dwattr $C$DW$12, DW_AT_TI_symbol_name("_getAveragIm")
      66                      .dwattr $C$DW$12, DW_AT_type(*$C$DW$T$16)
      67                      .dwattr $C$DW$12, DW_AT_declaration
      68                      .dwattr $C$DW$12, DW_AT_external
      69              
      70              $C$DW$13        .dwtag  DW_TAG_subprogram, DW_AT_name("getAveragId")
      71                      .dwattr $C$DW$13, DW_AT_TI_symbol_name("_getAveragId")
      72                      .dwattr $C$DW$13, DW_AT_type(*$C$DW$T$16)
      73                      .dwattr $C$DW$13, DW_AT_declaration
      74                      .dwattr $C$DW$13, DW_AT_external
      75              
      76              $C$DW$14        .dwtag  DW_TAG_subprogram, DW_AT_name("getAveragIq")
      77                      .dwattr $C$DW$14, DW_AT_TI_symbol_name("_getAveragIq")
      78                      .dwattr $C$DW$14, DW_AT_type(*$C$DW$T$16)
      79                      .dwattr $C$DW$14, DW_AT_declaration
      80                      .dwattr $C$DW$14, DW_AT_external
      81              
      82              $C$DW$15        .dwtag  DW_TAG_subprogram, DW_AT_name("getCurrentFreq")
      83                      .dwattr $C$DW$15, DW_AT_TI_symbol_name("_getCurrentFreq")
      84                      .dwattr $C$DW$15, DW_AT_type(*$C$DW$T$16)
      85                      .dwattr $C$DW$15, DW_AT_declaration
      86                      .dwattr $C$DW$15, DW_AT_external
      87              
      88              $C$DW$16        .dwtag  DW_TAG_subprogram, DW_AT_name("getInvertorVinv")
      89                      .dwattr $C$DW$16, DW_AT_TI_symbol_name("_getInvertorVinv")
      90                      .dwattr $C$DW$16, DW_AT_type(*$C$DW$T$16)
      91                      .dwattr $C$DW$16, DW_AT_declaration
      92                      .dwattr $C$DW$16, DW_AT_external
      93              
      94              $C$DW$17        .dwtag  DW_TAG_subprogram, DW_AT_name("getRmsCurrent")
      95                      .dwattr $C$DW$17, DW_AT_TI_symbol_name("_getRmsCurrent")
      96                      .dwattr $C$DW$17, DW_AT_type(*$C$DW$T$16)
      97                      .dwattr $C$DW$17, DW_AT_declaration
      98                      .dwattr $C$DW$17, DW_AT_external
      99              $C$DW$18        .dwtag  DW_TAG_formal_parameter
     100                      .dwattr $C$DW$18, DW_AT_type(*$C$DW$T$30)
     101                      .dwendtag $C$DW$17
     102              
     103              
     104              $C$DW$19        .dwtag  DW_TAG_subprogram, DW_AT_name("getIntegrVoltagDC")
     105                      .dwattr $C$DW$19, DW_AT_TI_symbol_name("_getIntegrVoltagDC")
     106                      .dwattr $C$DW$19, DW_AT_type(*$C$DW$T$16)
     107                      .dwattr $C$DW$19, DW_AT_declaration
     108                      .dwattr $C$DW$19, DW_AT_external
     109              ;       C:\ti\ccsv6\tools\compiler\c2000_6.2.7\bin\ac2000.exe -@C:\\Users\\Tester\\AppData\\Local\\Temp\\0364
     110 00000000               .sect   ".text"
TMS320C2000 Assembler PC v6.2.7 Thu Jul 02 08:31:33 2015

Tools Copyright (c) 1996-2014 Texas Instruments Incorporated
C:\Users\Tester\AppData\Local\Temp\0364410                           PAGE    3

     111                      .clink
     112                      .global _refreshRegisterMbus
     113              
     114              $C$DW$20        .dwtag  DW_TAG_subprogram, DW_AT_name("refreshRegisterMbus")
     115                      .dwattr $C$DW$20, DW_AT_low_pc(_refreshRegisterMbus)
     116                      .dwattr $C$DW$20, DW_AT_high_pc(0x00)
     117                      .dwattr $C$DW$20, DW_AT_TI_symbol_name("_refreshRegisterMbus")
     118                      .dwattr $C$DW$20, DW_AT_external
     119                      .dwattr $C$DW$20, DW_AT_TI_begin_file("../ConvertorCntrl/modbusDataRefr.c")
     120                      .dwattr $C$DW$20, DW_AT_TI_begin_line(0x0a)
     121                      .dwattr $C$DW$20, DW_AT_TI_begin_column(0x06)
     122                      .dwattr $C$DW$20, DW_AT_TI_max_frame_size(-4)
     123                      .dwpsn  file "../ConvertorCntrl/modbusDataRefr.c",line 10,column 31,is_stmt,address _refreshRegisterM
     124              
     125                      .dwfde $C$DW$CIE, _refreshRegisterMbus
     126              
     127              ;***************************************************************
     128              ;* FNAME: _refreshRegisterMbus          FR SIZE:   2           *
     129              ;*                                                             *
     130              ;* FUNCTION ENVIRONMENT                                        *
     131              ;*                                                             *
     132              ;* FUNCTION PROPERTIES                                         *
     133              ;*                            0 Parameter,  2 Auto,  0 SOE     *
     134              ;***************************************************************
     135              
     136 00000000       _refreshRegisterMbus:
     137                      .dwcfi  cfa_offset, -2
     138                      .dwcfi  save_reg_to_mem, 26, 0
     139                      .dwcfi  save_reg_to_reg, 78, 26
     140 00000000 FE02          ADDB      SP,#2                 ; [CPU_U] 
     141                      .dwcfi  cfa_offset, -4
     142              $C$DW$21        .dwtag  DW_TAG_variable, DW_AT_name("tmp")
     143                      .dwattr $C$DW$21, DW_AT_TI_symbol_name("_tmp")
     144                      .dwattr $C$DW$21, DW_AT_type(*$C$DW$T$16)
     145                      .dwattr $C$DW$21, DW_AT_location[DW_OP_breg20 -2]
     146                      .dwpsn  file "../ConvertorCntrl/modbusDataRefr.c",line 12,column 2,is_stmt
     147              $C$DW$22        .dwtag  DW_TAG_TI_branch
     148                      .dwattr $C$DW$22, DW_AT_low_pc(0x00)
     149                      .dwattr $C$DW$22, DW_AT_name("_getCurrentFreq")
     150                      .dwattr $C$DW$22, DW_AT_TI_call
     151 00000001 7640!         LCR       #_getCurrentFreq      ; [CPU_] |12| 
         00000002 0000 
     152                      ; call occurs [#_getCurrentFreq] ; [] |12| 
     153 00000003 E203          MOV32     *-SP[2],R0H           ; [CPU_] |12| 
         00000004 0042 
     154                      .dwpsn  file "../ConvertorCntrl/modbusDataRefr.c",line 13,column 2,is_stmt
     155 00000005 E850          MPYF32    R0H,R0H,#17096        ; [CPU_] |13| 
         00000006 B200 
     156 00000007 7700          NOP       ; [CPU_] 
     157 00000008 E203          MOV32     *-SP[2],R0H           ; [CPU_] |13| 
         00000009 0042 
     158                      .dwpsn  file "../ConvertorCntrl/modbusDataRefr.c",line 14,column 2,is_stmt
     159 0000000a E68C          F32TOI16  R0H,R0H               ; [CPU_] |14| 
         0000000b 0000 
     160 0000000c 7700          NOP       ; [CPU_] 
TMS320C2000 Assembler PC v6.2.7 Thu Jul 02 08:31:33 2015

Tools Copyright (c) 1996-2014 Texas Instruments Incorporated
C:\Users\Tester\AppData\Local\Temp\0364410                           PAGE    4

     161 0000000d 7700          NOP       ; [CPU_] 
     162 0000000e BFA9          MOV32     ACC,R0H               ; [CPU_] |14| 
         0000000f 0F12 
     163 00000010 93A9          MOV       AH,AL                 ; [CPU_] |14| 
     164 00000011 9A01          MOVB      AL,#1                 ; [CPU_] |14| 
     165              $C$DW$23        .dwtag  DW_TAG_TI_branch
     166                      .dwattr $C$DW$23, DW_AT_low_pc(0x00)
     167                      .dwattr $C$DW$23, DW_AT_name("_SetInpReg")
     168                      .dwattr $C$DW$23, DW_AT_TI_call
     169 00000012 7640!         LCR       #_SetInpReg           ; [CPU_] |14| 
         00000013 0000 
     170                      ; call occurs [#_SetInpReg] ; [] |14| 
     171                      .dwpsn  file "../ConvertorCntrl/modbusDataRefr.c",line 16,column 2,is_stmt
     172              $C$DW$24        .dwtag  DW_TAG_TI_branch
     173                      .dwattr $C$DW$24, DW_AT_low_pc(0x00)
     174                      .dwattr $C$DW$24, DW_AT_name("_getInvertorVinv")
     175                      .dwattr $C$DW$24, DW_AT_TI_call
     176 00000014 7640!         LCR       #_getInvertorVinv     ; [CPU_] |16| 
         00000015 0000 
     177                      ; call occurs [#_getInvertorVinv] ; [] |16| 
     178 00000016 E203          MOV32     *-SP[2],R0H           ; [CPU_] |16| 
         00000017 0042 
     179                      .dwpsn  file "../ConvertorCntrl/modbusDataRefr.c",line 17,column 2,is_stmt
     180 00000018 E850          MPYF32    R0H,R0H,#16672        ; [CPU_] |17| 
         00000019 4800 
     181 0000001a 7700          NOP       ; [CPU_] 
     182 0000001b E203          MOV32     *-SP[2],R0H           ; [CPU_] |17| 
         0000001c 0042 
     183                      .dwpsn  file "../ConvertorCntrl/modbusDataRefr.c",line 18,column 2,is_stmt
     184 0000001d E68C          F32TOI16  R0H,R0H               ; [CPU_] |18| 
         0000001e 0000 
     185 0000001f 7700          NOP       ; [CPU_] 
     186 00000020 7700          NOP       ; [CPU_] 
     187 00000021 BFA9          MOV32     ACC,R0H               ; [CPU_] |18| 
         00000022 0F12 
     188 00000023 93A9          MOV       AH,AL                 ; [CPU_] |18| 
     189 00000024 9A02          MOVB      AL,#2                 ; [CPU_] |18| 
     190              $C$DW$25        .dwtag  DW_TAG_TI_branch
     191                      .dwattr $C$DW$25, DW_AT_low_pc(0x00)
     192                      .dwattr $C$DW$25, DW_AT_name("_SetInpReg")
     193                      .dwattr $C$DW$25, DW_AT_TI_call
     194 00000025 7640!         LCR       #_SetInpReg           ; [CPU_] |18| 
         00000026 0000 
     195                      ; call occurs [#_SetInpReg] ; [] |18| 
     196                      .dwpsn  file "../ConvertorCntrl/modbusDataRefr.c",line 20,column 2,is_stmt
     197 00000027 9A04          MOVB      AL,#4                 ; [CPU_] |20| 
     198              $C$DW$26        .dwtag  DW_TAG_TI_branch
     199                      .dwattr $C$DW$26, DW_AT_low_pc(0x00)
     200                      .dwattr $C$DW$26, DW_AT_name("_testStatusConvertor")
     201                      .dwattr $C$DW$26, DW_AT_TI_call
     202 00000028 7640!         LCR       #_testStatusConvertor ; [CPU_] |20| 
         00000029 0000 
     203                      ; call occurs [#_testStatusConvertor] ; [] |20| 
     204 0000002a 5200          CMPB      AL,#0                 ; [CPU_] |20| 
     205 0000002b EC1C          BF        $C$L2,EQ              ; [CPU_] |20| 
TMS320C2000 Assembler PC v6.2.7 Thu Jul 02 08:31:33 2015

Tools Copyright (c) 1996-2014 Texas Instruments Incorporated
C:\Users\Tester\AppData\Local\Temp\0364410                           PAGE    5

     206                      ; branchcc occurs ; [] |20| 
     207                      .dwpsn  file "../ConvertorCntrl/modbusDataRefr.c",line 21,column 3,is_stmt
     208 0000002c 9A01          MOVB      AL,#1                 ; [CPU_] |21| 
     209 0000002d 9B01          MOVB      AH,#1                 ; [CPU_] |21| 
     210              $C$DW$27        .dwtag  DW_TAG_TI_branch
     211                      .dwattr $C$DW$27, DW_AT_low_pc(0x00)
     212                      .dwattr $C$DW$27, DW_AT_name("_SetInpBit")
     213                      .dwattr $C$DW$27, DW_AT_TI_call
     214 0000002e 7640!         LCR       #_SetInpBit           ; [CPU_] |21| 
         0000002f 0000 
     215                      ; call occurs [#_SetInpBit] ; [] |21| 
     216                      .dwpsn  file "../ConvertorCntrl/modbusDataRefr.c",line 22,column 3,is_stmt
     217 00000030 9A01          MOVB      AL,#1                 ; [CPU_] |22| 
     218              $C$DW$28        .dwtag  DW_TAG_TI_branch
     219                      .dwattr $C$DW$28, DW_AT_low_pc(0x00)
     220                      .dwattr $C$DW$28, DW_AT_name("_testStatusConvertor")
     221                      .dwattr $C$DW$28, DW_AT_TI_call
     222 00000031 7640!         LCR       #_testStatusConvertor ; [CPU_] |22| 
         00000032 0000 
     223                      ; call occurs [#_testStatusConvertor] ; [] |22| 
     224 00000033 5200          CMPB      AL,#0                 ; [CPU_] |22| 
     225 00000034 EC0A          BF        $C$L1,EQ              ; [CPU_] |22| 
     226                      ; branchcc occurs ; [] |22| 
     227                      .dwpsn  file "../ConvertorCntrl/modbusDataRefr.c",line 23,column 4,is_stmt
     228 00000035 9A03          MOVB      AL,#3                 ; [CPU_] |23| 
     229 00000036 9B01          MOVB      AH,#1                 ; [CPU_] |23| 
     230              $C$DW$29        .dwtag  DW_TAG_TI_branch
     231                      .dwattr $C$DW$29, DW_AT_low_pc(0x00)
     232                      .dwattr $C$DW$29, DW_AT_name("_SetInpBit")
     233                      .dwattr $C$DW$29, DW_AT_TI_call
     234 00000037 7640!         LCR       #_SetInpBit           ; [CPU_] |23| 
         00000038 0000 
     235                      ; call occurs [#_SetInpBit] ; [] |23| 
     236                      .dwpsn  file "../ConvertorCntrl/modbusDataRefr.c",line 24,column 4,is_stmt
     237 00000039 9A02          MOVB      AL,#2                 ; [CPU_] |24| 
     238 0000003a 9B00          MOVB      AH,#0                 ; [CPU_] |24| 
     239              $C$DW$30        .dwtag  DW_TAG_TI_branch
     240                      .dwattr $C$DW$30, DW_AT_low_pc(0x00)
     241                      .dwattr $C$DW$30, DW_AT_name("_SetInpBit")
     242                      .dwattr $C$DW$30, DW_AT_TI_call
     243 0000003b 7640!         LCR       #_SetInpBit           ; [CPU_] |24| 
         0000003c 0000 
     244                      ; call occurs [#_SetInpBit] ; [] |24| 
     245                      .dwpsn  file "../ConvertorCntrl/modbusDataRefr.c",line 25,column 3,is_stmt
     246 0000003d 6F16          B         $C$L3,UNC             ; [CPU_] |25| 
     247                      ; branch occurs ; [] |25| 
     248 0000003e       $C$L1:    
     249                      .dwpsn  file "../ConvertorCntrl/modbusDataRefr.c",line 26,column 4,is_stmt
     250 0000003e 9A03          MOVB      AL,#3                 ; [CPU_] |26| 
     251 0000003f 9B00          MOVB      AH,#0                 ; [CPU_] |26| 
     252              $C$DW$31        .dwtag  DW_TAG_TI_branch
     253                      .dwattr $C$DW$31, DW_AT_low_pc(0x00)
     254                      .dwattr $C$DW$31, DW_AT_name("_SetInpBit")
     255                      .dwattr $C$DW$31, DW_AT_TI_call
     256 00000040 7640!         LCR       #_SetInpBit           ; [CPU_] |26| 
TMS320C2000 Assembler PC v6.2.7 Thu Jul 02 08:31:33 2015

Tools Copyright (c) 1996-2014 Texas Instruments Incorporated
C:\Users\Tester\AppData\Local\Temp\0364410                           PAGE    6

         00000041 0000 
     257                      ; call occurs [#_SetInpBit] ; [] |26| 
     258                      .dwpsn  file "../ConvertorCntrl/modbusDataRefr.c",line 27,column 4,is_stmt
     259 00000042 9A02          MOVB      AL,#2                 ; [CPU_] |27| 
     260 00000043 9B01          MOVB      AH,#1                 ; [CPU_] |27| 
     261              $C$DW$32        .dwtag  DW_TAG_TI_branch
     262                      .dwattr $C$DW$32, DW_AT_low_pc(0x00)
     263                      .dwattr $C$DW$32, DW_AT_name("_SetInpBit")
     264                      .dwattr $C$DW$32, DW_AT_TI_call
     265 00000044 7640!         LCR       #_SetInpBit           ; [CPU_] |27| 
         00000045 0000 
     266                      ; call occurs [#_SetInpBit] ; [] |27| 
     267                      .dwpsn  file "../ConvertorCntrl/modbusDataRefr.c",line 29,column 2,is_stmt
     268 00000046 6F0D          B         $C$L3,UNC             ; [CPU_] |29| 
     269                      ; branch occurs ; [] |29| 
     270 00000047       $C$L2:    
     271                      .dwpsn  file "../ConvertorCntrl/modbusDataRefr.c",line 30,column 3,is_stmt
     272 00000047 9A01          MOVB      AL,#1                 ; [CPU_] |30| 
     273 00000048 9B00          MOVB      AH,#0                 ; [CPU_] |30| 
     274              $C$DW$33        .dwtag  DW_TAG_TI_branch
     275                      .dwattr $C$DW$33, DW_AT_low_pc(0x00)
     276                      .dwattr $C$DW$33, DW_AT_name("_SetInpBit")
     277                      .dwattr $C$DW$33, DW_AT_TI_call
     278 00000049 7640!         LCR       #_SetInpBit           ; [CPU_] |30| 
         0000004a 0000 
     279                      ; call occurs [#_SetInpBit] ; [] |30| 
     280                      .dwpsn  file "../ConvertorCntrl/modbusDataRefr.c",line 31,column 3,is_stmt
     281 0000004b 9A03          MOVB      AL,#3                 ; [CPU_] |31| 
     282 0000004c 9B00          MOVB      AH,#0                 ; [CPU_] |31| 
     283              $C$DW$34        .dwtag  DW_TAG_TI_branch
     284                      .dwattr $C$DW$34, DW_AT_low_pc(0x00)
     285                      .dwattr $C$DW$34, DW_AT_name("_SetInpBit")
     286                      .dwattr $C$DW$34, DW_AT_TI_call
     287 0000004d 7640!         LCR       #_SetInpBit           ; [CPU_] |31| 
         0000004e 0000 
     288                      ; call occurs [#_SetInpBit] ; [] |31| 
     289                      .dwpsn  file "../ConvertorCntrl/modbusDataRefr.c",line 32,column 3,is_stmt
     290 0000004f 9A02          MOVB      AL,#2                 ; [CPU_] |32| 
     291 00000050 9B00          MOVB      AH,#0                 ; [CPU_] |32| 
     292              $C$DW$35        .dwtag  DW_TAG_TI_branch
     293                      .dwattr $C$DW$35, DW_AT_low_pc(0x00)
     294                      .dwattr $C$DW$35, DW_AT_name("_SetInpBit")
     295                      .dwattr $C$DW$35, DW_AT_TI_call
     296 00000051 7640!         LCR       #_SetInpBit           ; [CPU_] |32| 
         00000052 0000 
     297                      ; call occurs [#_SetInpBit] ; [] |32| 
     298 00000053       $C$L3:    
     299                      .dwpsn  file "../ConvertorCntrl/modbusDataRefr.c",line 35,column 2,is_stmt
     300 00000053 28A9          MOV       AL,#33776             ; [CPU_] |35| 
         00000054 83F0 
     301              $C$DW$36        .dwtag  DW_TAG_TI_branch
     302                      .dwattr $C$DW$36, DW_AT_low_pc(0x00)
     303                      .dwattr $C$DW$36, DW_AT_name("_testStatusConvertor")
     304                      .dwattr $C$DW$36, DW_AT_TI_call
     305 00000055 7640!         LCR       #_testStatusConvertor ; [CPU_] |35| 
TMS320C2000 Assembler PC v6.2.7 Thu Jul 02 08:31:33 2015

Tools Copyright (c) 1996-2014 Texas Instruments Incorporated
C:\Users\Tester\AppData\Local\Temp\0364410                           PAGE    7

         00000056 0000 
     306                      ; call occurs [#_testStatusConvertor] ; [] |35| 
     307 00000057 5200          CMPB      AL,#0                 ; [CPU_] |35| 
     308 00000058 EC48          BF        $C$L9,EQ              ; [CPU_] |35| 
     309                      ; branchcc occurs ; [] |35| 
     310                      .dwpsn  file "../ConvertorCntrl/modbusDataRefr.c",line 36,column 3,is_stmt
     311 00000059 9AF0          MOVB      AL,#240               ; [CPU_] |36| 
     312              $C$DW$37        .dwtag  DW_TAG_TI_branch
     313                      .dwattr $C$DW$37, DW_AT_low_pc(0x00)
     314                      .dwattr $C$DW$37, DW_AT_name("_getStatusConvertor")
     315                      .dwattr $C$DW$37, DW_AT_TI_call
     316 0000005a 7640!         LCR       #_getStatusConvertor  ; [CPU_] |36| 
         0000005b 0000 
     317                      ; call occurs [#_getStatusConvertor] ; [] |36| 
     318 0000005c 5250          CMPB      AL,#80                ; [CPU_] |36| 
     319 0000005d ED06          BF        $C$L4,NEQ             ; [CPU_] |36| 
     320                      ; branchcc occurs ; [] |36| 
     321                      .dwpsn  file "../ConvertorCntrl/modbusDataRefr.c",line 37,column 4,is_stmt
     322 0000005e 9A07          MOVB      AL,#7                 ; [CPU_] |37| 
     323 0000005f 9B01          MOVB      AH,#1                 ; [CPU_] |37| 
     324              $C$DW$38        .dwtag  DW_TAG_TI_branch
     325                      .dwattr $C$DW$38, DW_AT_low_pc(0x00)
     326                      .dwattr $C$DW$38, DW_AT_name("_SetInpBit")
     327                      .dwattr $C$DW$38, DW_AT_TI_call
     328 00000060 7640!         LCR       #_SetInpBit           ; [CPU_] |37| 
         00000061 0000 
     329                      ; call occurs [#_SetInpBit] ; [] |37| 
     330                      .dwpsn  file "../ConvertorCntrl/modbusDataRefr.c",line 38,column 3,is_stmt
     331 00000062 6F52          B         $C$L10,UNC            ; [CPU_] |38| 
     332                      ; branch occurs ; [] |38| 
     333 00000063       $C$L4:    
     334                      .dwpsn  file "../ConvertorCntrl/modbusDataRefr.c",line 39,column 4,is_stmt
     335 00000063 9A07          MOVB      AL,#7                 ; [CPU_] |39| 
     336 00000064 9B00          MOVB      AH,#0                 ; [CPU_] |39| 
     337              $C$DW$39        .dwtag  DW_TAG_TI_branch
     338                      .dwattr $C$DW$39, DW_AT_low_pc(0x00)
     339                      .dwattr $C$DW$39, DW_AT_name("_SetInpBit")
     340                      .dwattr $C$DW$39, DW_AT_TI_call
     341 00000065 7640!         LCR       #_SetInpBit           ; [CPU_] |39| 
         00000066 0000 
     342                      ; call occurs [#_SetInpBit] ; [] |39| 
     343                      .dwpsn  file "../ConvertorCntrl/modbusDataRefr.c",line 40,column 4,is_stmt
     344 00000067 9AF0          MOVB      AL,#240               ; [CPU_] |40| 
     345              $C$DW$40        .dwtag  DW_TAG_TI_branch
     346                      .dwattr $C$DW$40, DW_AT_low_pc(0x00)
     347                      .dwattr $C$DW$40, DW_AT_name("_getStatusConvertor")
     348                      .dwattr $C$DW$40, DW_AT_TI_call
     349 00000068 7640!         LCR       #_getStatusConvertor  ; [CPU_] |40| 
         00000069 0000 
     350                      ; call occurs [#_getStatusConvertor] ; [] |40| 
     351 0000006a 5260          CMPB      AL,#96                ; [CPU_] |40| 
     352 0000006b ED06          BF        $C$L5,NEQ             ; [CPU_] |40| 
     353                      ; branchcc occurs ; [] |40| 
     354                      .dwpsn  file "../ConvertorCntrl/modbusDataRefr.c",line 41,column 5,is_stmt
     355 0000006c 9A08          MOVB      AL,#8                 ; [CPU_] |41| 
TMS320C2000 Assembler PC v6.2.7 Thu Jul 02 08:31:33 2015

Tools Copyright (c) 1996-2014 Texas Instruments Incorporated
C:\Users\Tester\AppData\Local\Temp\0364410                           PAGE    8

     356 0000006d 9B01          MOVB      AH,#1                 ; [CPU_] |41| 
     357              $C$DW$41        .dwtag  DW_TAG_TI_branch
     358                      .dwattr $C$DW$41, DW_AT_low_pc(0x00)
     359                      .dwattr $C$DW$41, DW_AT_name("_SetInpBit")
     360                      .dwattr $C$DW$41, DW_AT_TI_call
     361 0000006e 7640!         LCR       #_SetInpBit           ; [CPU_] |41| 
         0000006f 0000 
     362                      ; call occurs [#_SetInpBit] ; [] |41| 
     363                      .dwpsn  file "../ConvertorCntrl/modbusDataRefr.c",line 42,column 4,is_stmt
     364 00000070 6F44          B         $C$L10,UNC            ; [CPU_] |42| 
     365                      ; branch occurs ; [] |42| 
     366 00000071       $C$L5:    
     367                      .dwpsn  file "../ConvertorCntrl/modbusDataRefr.c",line 43,column 5,is_stmt
     368 00000071 9A08          MOVB      AL,#8                 ; [CPU_] |43| 
     369 00000072 9B00          MOVB      AH,#0                 ; [CPU_] |43| 
     370              $C$DW$42        .dwtag  DW_TAG_TI_branch
     371                      .dwattr $C$DW$42, DW_AT_low_pc(0x00)
     372                      .dwattr $C$DW$42, DW_AT_name("_SetInpBit")
     373                      .dwattr $C$DW$42, DW_AT_TI_call
     374 00000073 7640!         LCR       #_SetInpBit           ; [CPU_] |43| 
         00000074 0000 
     375                      ; call occurs [#_SetInpBit] ; [] |43| 
     376                      .dwpsn  file "../ConvertorCntrl/modbusDataRefr.c",line 44,column 5,is_stmt
     377 00000075 9AF0          MOVB      AL,#240               ; [CPU_] |44| 
     378              $C$DW$43        .dwtag  DW_TAG_TI_branch
     379                      .dwattr $C$DW$43, DW_AT_low_pc(0x00)
     380                      .dwattr $C$DW$43, DW_AT_name("_getStatusConvertor")
     381                      .dwattr $C$DW$43, DW_AT_TI_call
     382 00000076 7640!         LCR       #_getStatusConvertor  ; [CPU_] |44| 
         00000077 0000 
     383                      ; call occurs [#_getStatusConvertor] ; [] |44| 
     384 00000078 5270          CMPB      AL,#112               ; [CPU_] |44| 
     385 00000079 ED06          BF        $C$L6,NEQ             ; [CPU_] |44| 
     386                      ; branchcc occurs ; [] |44| 
     387                      .dwpsn  file "../ConvertorCntrl/modbusDataRefr.c",line 45,column 6,is_stmt
     388 0000007a 9A09          MOVB      AL,#9                 ; [CPU_] |45| 
     389 0000007b 9B01          MOVB      AH,#1                 ; [CPU_] |45| 
     390              $C$DW$44        .dwtag  DW_TAG_TI_branch
     391                      .dwattr $C$DW$44, DW_AT_low_pc(0x00)
     392                      .dwattr $C$DW$44, DW_AT_name("_SetInpBit")
     393                      .dwattr $C$DW$44, DW_AT_TI_call
     394 0000007c 7640!         LCR       #_SetInpBit           ; [CPU_] |45| 
         0000007d 0000 
     395                      ; call occurs [#_SetInpBit] ; [] |45| 
     396                      .dwpsn  file "../ConvertorCntrl/modbusDataRefr.c",line 46,column 5,is_stmt
     397 0000007e 6F36          B         $C$L10,UNC            ; [CPU_] |46| 
     398                      ; branch occurs ; [] |46| 
     399 0000007f       $C$L6:    
     400                      .dwpsn  file "../ConvertorCntrl/modbusDataRefr.c",line 47,column 6,is_stmt
     401 0000007f 9A09          MOVB      AL,#9                 ; [CPU_] |47| 
     402 00000080 9B00          MOVB      AH,#0                 ; [CPU_] |47| 
     403              $C$DW$45        .dwtag  DW_TAG_TI_branch
     404                      .dwattr $C$DW$45, DW_AT_low_pc(0x00)
     405                      .dwattr $C$DW$45, DW_AT_name("_SetInpBit")
     406                      .dwattr $C$DW$45, DW_AT_TI_call
TMS320C2000 Assembler PC v6.2.7 Thu Jul 02 08:31:33 2015

Tools Copyright (c) 1996-2014 Texas Instruments Incorporated
C:\Users\Tester\AppData\Local\Temp\0364410                           PAGE    9

     407 00000081 7640!         LCR       #_SetInpBit           ; [CPU_] |47| 
         00000082 0000 
     408                      ; call occurs [#_SetInpBit] ; [] |47| 
     409                      .dwpsn  file "../ConvertorCntrl/modbusDataRefr.c",line 48,column 6,is_stmt
     410 00000083 9AF0          MOVB      AL,#240               ; [CPU_] |48| 
     411              $C$DW$46        .dwtag  DW_TAG_TI_branch
     412                      .dwattr $C$DW$46, DW_AT_low_pc(0x00)
     413                      .dwattr $C$DW$46, DW_AT_name("_getStatusConvertor")
     414                      .dwattr $C$DW$46, DW_AT_TI_call
     415 00000084 7640!         LCR       #_getStatusConvertor  ; [CPU_] |48| 
         00000085 0000 
     416                      ; call occurs [#_getStatusConvertor] ; [] |48| 
     417 00000086 5280          CMPB      AL,#128               ; [CPU_] |48| 
     418 00000087 ED06          BF        $C$L7,NEQ             ; [CPU_] |48| 
     419                      ; branchcc occurs ; [] |48| 
     420                      .dwpsn  file "../ConvertorCntrl/modbusDataRefr.c",line 49,column 7,is_stmt
     421 00000088 9A0A          MOVB      AL,#10                ; [CPU_] |49| 
     422 00000089 9B01          MOVB      AH,#1                 ; [CPU_] |49| 
     423              $C$DW$47        .dwtag  DW_TAG_TI_branch
     424                      .dwattr $C$DW$47, DW_AT_low_pc(0x00)
     425                      .dwattr $C$DW$47, DW_AT_name("_SetInpBit")
     426                      .dwattr $C$DW$47, DW_AT_TI_call
     427 0000008a 7640!         LCR       #_SetInpBit           ; [CPU_] |49| 
         0000008b 0000 
     428                      ; call occurs [#_SetInpBit] ; [] |49| 
     429                      .dwpsn  file "../ConvertorCntrl/modbusDataRefr.c",line 50,column 6,is_stmt
     430 0000008c 6F28          B         $C$L10,UNC            ; [CPU_] |50| 
     431                      ; branch occurs ; [] |50| 
     432 0000008d       $C$L7:    
     433                      .dwpsn  file "../ConvertorCntrl/modbusDataRefr.c",line 51,column 7,is_stmt
     434 0000008d 9A0A          MOVB      AL,#10                ; [CPU_] |51| 
     435 0000008e 9B00          MOVB      AH,#0                 ; [CPU_] |51| 
     436              $C$DW$48        .dwtag  DW_TAG_TI_branch
     437                      .dwattr $C$DW$48, DW_AT_low_pc(0x00)
     438                      .dwattr $C$DW$48, DW_AT_name("_SetInpBit")
     439                      .dwattr $C$DW$48, DW_AT_TI_call
     440 0000008f 7640!         LCR       #_SetInpBit           ; [CPU_] |51| 
         00000090 0000 
     441                      ; call occurs [#_SetInpBit] ; [] |51| 
     442                      .dwpsn  file "../ConvertorCntrl/modbusDataRefr.c",line 52,column 7,is_stmt
     443 00000091 9A70          MOVB      AL,#112               ; [CPU_] |52| 
     444              $C$DW$49        .dwtag  DW_TAG_TI_branch
     445                      .dwattr $C$DW$49, DW_AT_low_pc(0x00)
     446                      .dwattr $C$DW$49, DW_AT_name("_testStatusConvertor")
     447                      .dwattr $C$DW$49, DW_AT_TI_call
     448 00000092 7640!         LCR       #_testStatusConvertor ; [CPU_] |52| 
         00000093 0000 
     449                      ; call occurs [#_testStatusConvertor] ; [] |52| 
     450 00000094 5200          CMPB      AL,#0                 ; [CPU_] |52| 
     451 00000095 EC06          BF        $C$L8,EQ              ; [CPU_] |52| 
     452                      ; branchcc occurs ; [] |52| 
     453                      .dwpsn  file "../ConvertorCntrl/modbusDataRefr.c",line 54,column 8,is_stmt
     454 00000096 9A05          MOVB      AL,#5                 ; [CPU_] |54| 
     455 00000097 9B01          MOVB      AH,#1                 ; [CPU_] |54| 
     456              $C$DW$50        .dwtag  DW_TAG_TI_branch
TMS320C2000 Assembler PC v6.2.7 Thu Jul 02 08:31:33 2015

Tools Copyright (c) 1996-2014 Texas Instruments Incorporated
C:\Users\Tester\AppData\Local\Temp\0364410                           PAGE   10

     457                      .dwattr $C$DW$50, DW_AT_low_pc(0x00)
     458                      .dwattr $C$DW$50, DW_AT_name("_SetInpBit")
     459                      .dwattr $C$DW$50, DW_AT_TI_call
     460 00000098 7640!         LCR       #_SetInpBit           ; [CPU_] |54| 
         00000099 0000 
     461                      ; call occurs [#_SetInpBit] ; [] |54| 
     462                      .dwpsn  file "../ConvertorCntrl/modbusDataRefr.c",line 55,column 7,is_stmt
     463 0000009a 6F1A          B         $C$L10,UNC            ; [CPU_] |55| 
     464                      ; branch occurs ; [] |55| 
     465 0000009b       $C$L8:    
     466                      .dwpsn  file "../ConvertorCntrl/modbusDataRefr.c",line 56,column 8,is_stmt
     467 0000009b 9A05          MOVB      AL,#5                 ; [CPU_] |56| 
     468 0000009c 9B00          MOVB      AH,#0                 ; [CPU_] |56| 
     469              $C$DW$51        .dwtag  DW_TAG_TI_branch
     470                      .dwattr $C$DW$51, DW_AT_low_pc(0x00)
     471                      .dwattr $C$DW$51, DW_AT_name("_SetInpBit")
     472                      .dwattr $C$DW$51, DW_AT_TI_call
     473 0000009d 7640!         LCR       #_SetInpBit           ; [CPU_] |56| 
         0000009e 0000 
     474                      ; call occurs [#_SetInpBit] ; [] |56| 
     475                      .dwpsn  file "../ConvertorCntrl/modbusDataRefr.c",line 63,column 2,is_stmt
     476 0000009f 6F15          B         $C$L10,UNC            ; [CPU_] |63| 
     477                      ; branch occurs ; [] |63| 
     478 000000a0       $C$L9:    
     479                      .dwpsn  file "../ConvertorCntrl/modbusDataRefr.c",line 64,column 3,is_stmt
     480 000000a0 9A05          MOVB      AL,#5                 ; [CPU_] |64| 
     481 000000a1 9B00          MOVB      AH,#0                 ; [CPU_] |64| 
     482              $C$DW$52        .dwtag  DW_TAG_TI_branch
     483                      .dwattr $C$DW$52, DW_AT_low_pc(0x00)
     484                      .dwattr $C$DW$52, DW_AT_name("_SetInpBit")
     485                      .dwattr $C$DW$52, DW_AT_TI_call
     486 000000a2 7640!         LCR       #_SetInpBit           ; [CPU_] |64| 
         000000a3 0000 
     487                      ; call occurs [#_SetInpBit] ; [] |64| 
     488                      .dwpsn  file "../ConvertorCntrl/modbusDataRefr.c",line 65,column 3,is_stmt
     489 000000a4 9A08          MOVB      AL,#8                 ; [CPU_] |65| 
     490 000000a5 9B00          MOVB      AH,#0                 ; [CPU_] |65| 
     491              $C$DW$53        .dwtag  DW_TAG_TI_branch
     492                      .dwattr $C$DW$53, DW_AT_low_pc(0x00)
     493                      .dwattr $C$DW$53, DW_AT_name("_SetInpBit")
     494                      .dwattr $C$DW$53, DW_AT_TI_call
     495 000000a6 7640!         LCR       #_SetInpBit           ; [CPU_] |65| 
         000000a7 0000 
     496                      ; call occurs [#_SetInpBit] ; [] |65| 
     497                      .dwpsn  file "../ConvertorCntrl/modbusDataRefr.c",line 66,column 3,is_stmt
     498 000000a8 9A07          MOVB      AL,#7                 ; [CPU_] |66| 
     499 000000a9 9B00          MOVB      AH,#0                 ; [CPU_] |66| 
     500              $C$DW$54        .dwtag  DW_TAG_TI_branch
     501                      .dwattr $C$DW$54, DW_AT_low_pc(0x00)
     502                      .dwattr $C$DW$54, DW_AT_name("_SetInpBit")
     503                      .dwattr $C$DW$54, DW_AT_TI_call
     504 000000aa 7640!         LCR       #_SetInpBit           ; [CPU_] |66| 
         000000ab 0000 
     505                      ; call occurs [#_SetInpBit] ; [] |66| 
     506                      .dwpsn  file "../ConvertorCntrl/modbusDataRefr.c",line 67,column 3,is_stmt
TMS320C2000 Assembler PC v6.2.7 Thu Jul 02 08:31:33 2015

Tools Copyright (c) 1996-2014 Texas Instruments Incorporated
C:\Users\Tester\AppData\Local\Temp\0364410                           PAGE   11

     507 000000ac 9A09          MOVB      AL,#9                 ; [CPU_] |67| 
     508 000000ad 9B00          MOVB      AH,#0                 ; [CPU_] |67| 
     509              $C$DW$55        .dwtag  DW_TAG_TI_branch
     510                      .dwattr $C$DW$55, DW_AT_low_pc(0x00)
     511                      .dwattr $C$DW$55, DW_AT_name("_SetInpBit")
     512                      .dwattr $C$DW$55, DW_AT_TI_call
     513 000000ae 7640!         LCR       #_SetInpBit           ; [CPU_] |67| 
         000000af 0000 
     514                      ; call occurs [#_SetInpBit] ; [] |67| 
     515                      .dwpsn  file "../ConvertorCntrl/modbusDataRefr.c",line 68,column 3,is_stmt
     516 000000b0 9A0A          MOVB      AL,#10                ; [CPU_] |68| 
     517 000000b1 9B00          MOVB      AH,#0                 ; [CPU_] |68| 
     518              $C$DW$56        .dwtag  DW_TAG_TI_branch
     519                      .dwattr $C$DW$56, DW_AT_low_pc(0x00)
     520                      .dwattr $C$DW$56, DW_AT_name("_SetInpBit")
     521                      .dwattr $C$DW$56, DW_AT_TI_call
     522 000000b2 7640!         LCR       #_SetInpBit           ; [CPU_] |68| 
         000000b3 0000 
     523                      ; call occurs [#_SetInpBit] ; [] |68| 
     524 000000b4       $C$L10:    
     525                      .dwpsn  file "../ConvertorCntrl/modbusDataRefr.c",line 71,column 2,is_stmt
     526 000000b4 28A9          MOV       AL,#256               ; [CPU_] |71| 
         000000b5 0100 
     527              $C$DW$57        .dwtag  DW_TAG_TI_branch
     528                      .dwattr $C$DW$57, DW_AT_low_pc(0x00)
     529                      .dwattr $C$DW$57, DW_AT_name("_testStatusConvertor")
     530                      .dwattr $C$DW$57, DW_AT_TI_call
     531 000000b6 7640!         LCR       #_testStatusConvertor ; [CPU_] |71| 
         000000b7 0000 
     532                      ; call occurs [#_testStatusConvertor] ; [] |71| 
     533 000000b8 5200          CMPB      AL,#0                 ; [CPU_] |71| 
     534 000000b9 EC06          BF        $C$L11,EQ             ; [CPU_] |71| 
     535                      ; branchcc occurs ; [] |71| 
     536                      .dwpsn  file "../ConvertorCntrl/modbusDataRefr.c",line 72,column 3,is_stmt
     537 000000ba 9A0B          MOVB      AL,#11                ; [CPU_] |72| 
     538 000000bb 9B01          MOVB      AH,#1                 ; [CPU_] |72| 
     539              $C$DW$58        .dwtag  DW_TAG_TI_branch
     540                      .dwattr $C$DW$58, DW_AT_low_pc(0x00)
     541                      .dwattr $C$DW$58, DW_AT_name("_SetInpBit")
     542                      .dwattr $C$DW$58, DW_AT_TI_call
     543 000000bc 7640!         LCR       #_SetInpBit           ; [CPU_] |72| 
         000000bd 0000 
     544                      ; call occurs [#_SetInpBit] ; [] |72| 
     545                      .dwpsn  file "../ConvertorCntrl/modbusDataRefr.c",line 73,column 2,is_stmt
     546 000000be 6F05          B         $C$L12,UNC            ; [CPU_] |73| 
     547                      ; branch occurs ; [] |73| 
     548 000000bf       $C$L11:    
     549                      .dwpsn  file "../ConvertorCntrl/modbusDataRefr.c",line 74,column 3,is_stmt
     550 000000bf 9A0B          MOVB      AL,#11                ; [CPU_] |74| 
     551 000000c0 9B00          MOVB      AH,#0                 ; [CPU_] |74| 
     552              $C$DW$59        .dwtag  DW_TAG_TI_branch
     553                      .dwattr $C$DW$59, DW_AT_low_pc(0x00)
     554                      .dwattr $C$DW$59, DW_AT_name("_SetInpBit")
     555                      .dwattr $C$DW$59, DW_AT_TI_call
     556 000000c1 7640!         LCR       #_SetInpBit           ; [CPU_] |74| 
TMS320C2000 Assembler PC v6.2.7 Thu Jul 02 08:31:33 2015

Tools Copyright (c) 1996-2014 Texas Instruments Incorporated
C:\Users\Tester\AppData\Local\Temp\0364410                           PAGE   12

         000000c2 0000 
     557                      ; call occurs [#_SetInpBit] ; [] |74| 
     558 000000c3       $C$L12:    
     559                      .dwpsn  file "../ConvertorCntrl/modbusDataRefr.c",line 77,column 2,is_stmt
     560              $C$DW$60        .dwtag  DW_TAG_TI_branch
     561                      .dwattr $C$DW$60, DW_AT_low_pc(0x00)
     562                      .dwattr $C$DW$60, DW_AT_name("_testRunState")
     563                      .dwattr $C$DW$60, DW_AT_TI_call
     564 000000c3 7640!         LCR       #_testRunState        ; [CPU_] |77| 
         000000c4 0000 
     565                      ; call occurs [#_testRunState] ; [] |77| 
     566 000000c5 5200          CMPB      AL,#0                 ; [CPU_] |77| 
     567 000000c6 EC06          BF        $C$L13,EQ             ; [CPU_] |77| 
     568                      ; branchcc occurs ; [] |77| 
     569                      .dwpsn  file "../ConvertorCntrl/modbusDataRefr.c",line 78,column 3,is_stmt
     570              $C$DW$61        .dwtag  DW_TAG_TI_branch
     571                      .dwattr $C$DW$61, DW_AT_low_pc(0x00)
     572                      .dwattr $C$DW$61, DW_AT_name("_getAveragIm")
     573                      .dwattr $C$DW$61, DW_AT_TI_call
     574 000000c7 7640!         LCR       #_getAveragIm         ; [CPU_] |78| 
         000000c8 0000 
     575                      ; call occurs [#_getAveragIm] ; [] |78| 
     576 000000c9 E203          MOV32     *-SP[2],R0H           ; [CPU_] |78| 
         000000ca 0042 
     577 000000cb 6F04          B         $C$L14,UNC            ; [CPU_] |78| 
     578                      ; branch occurs ; [] |78| 
     579 000000cc       $C$L13:    
     580                      .dwpsn  file "../ConvertorCntrl/modbusDataRefr.c",line 80,column 3,is_stmt
     581 000000cc E590          ZERO      R0H                   ; [CPU_] |80| 
     582 000000cd E203          MOV32     *-SP[2],R0H           ; [CPU_] |80| 
         000000ce 0042 
     583 000000cf       $C$L14:    
     584                      .dwpsn  file "../ConvertorCntrl/modbusDataRefr.c",line 81,column 2,is_stmt
     585 000000cf E802          MOVIZ     R0H,#16610            ; [CPU_] |81| 
         000000d0 0710 
     586 000000d1 E2AF          MOV32     R1H,*-SP[2]           ; [CPU_] |81| 
         000000d2 0142 
     587 000000d3 E80A          MOVXI     R0H,#17826            ; [CPU_] |81| 
         000000d4 2D10 
     588 000000d5 E700          MPYF32    R0H,R0H,R1H           ; [CPU_] |81| 
         000000d6 0040 
     589 000000d7 7700          NOP       ; [CPU_] 
     590 000000d8 E203          MOV32     *-SP[2],R0H           ; [CPU_] |81| 
         000000d9 0042 
     591                      .dwpsn  file "../ConvertorCntrl/modbusDataRefr.c",line 82,column 2,is_stmt
     592 000000da E68C          F32TOI16  R0H,R0H               ; [CPU_] |82| 
         000000db 0000 
     593 000000dc 7700          NOP       ; [CPU_] 
     594 000000dd 7700          NOP       ; [CPU_] 
     595 000000de BFA9          MOV32     ACC,R0H               ; [CPU_] |82| 
         000000df 0F12 
     596 000000e0 93A9          MOV       AH,AL                 ; [CPU_] |82| 
     597 000000e1 9A03          MOVB      AL,#3                 ; [CPU_] |82| 
     598              $C$DW$62        .dwtag  DW_TAG_TI_branch
     599                      .dwattr $C$DW$62, DW_AT_low_pc(0x00)
TMS320C2000 Assembler PC v6.2.7 Thu Jul 02 08:31:33 2015

Tools Copyright (c) 1996-2014 Texas Instruments Incorporated
C:\Users\Tester\AppData\Local\Temp\0364410                           PAGE   13

     600                      .dwattr $C$DW$62, DW_AT_name("_SetInpReg")
     601                      .dwattr $C$DW$62, DW_AT_TI_call
     602 000000e2 7640!         LCR       #_SetInpReg           ; [CPU_] |82| 
         000000e3 0000 
     603                      ; call occurs [#_SetInpReg] ; [] |82| 
     604                      .dwpsn  file "../ConvertorCntrl/modbusDataRefr.c",line 84,column 2,is_stmt
     605              $C$DW$63        .dwtag  DW_TAG_TI_branch
     606                      .dwattr $C$DW$63, DW_AT_low_pc(0x00)
     607                      .dwattr $C$DW$63, DW_AT_name("_getIntegrVoltagDC")
     608                      .dwattr $C$DW$63, DW_AT_TI_call
     609 000000e4 7640!         LCR       #_getIntegrVoltagDC   ; [CPU_] |84| 
         000000e5 0000 
     610                      ; call occurs [#_getIntegrVoltagDC] ; [] |84| 
     611 000000e6 E203          MOV32     *-SP[2],R0H           ; [CPU_] |84| 
         000000e7 0042 
     612                      .dwpsn  file "../ConvertorCntrl/modbusDataRefr.c",line 85,column 2,is_stmt
     613 000000e8 E850          MPYF32    R0H,R0H,#16672        ; [CPU_] |85| 
         000000e9 4800 
     614 000000ea 7700          NOP       ; [CPU_] 
     615 000000eb E203          MOV32     *-SP[2],R0H           ; [CPU_] |85| 
         000000ec 0042 
     616                      .dwpsn  file "../ConvertorCntrl/modbusDataRefr.c",line 86,column 2,is_stmt
     617 000000ed E68E          F32TOUI16 R0H,R0H               ; [CPU_] |86| 
         000000ee 0000 
     618 000000ef 7700          NOP       ; [CPU_] 
     619 000000f0 7700          NOP       ; [CPU_] 
     620 000000f1 BFA9          MOV32     ACC,R0H               ; [CPU_] |86| 
         000000f2 0F12 
     621 000000f3 93A9          MOV       AH,AL                 ; [CPU_] |86| 
     622 000000f4 9A07          MOVB      AL,#7                 ; [CPU_] |86| 
     623              $C$DW$64        .dwtag  DW_TAG_TI_branch
     624                      .dwattr $C$DW$64, DW_AT_low_pc(0x00)
     625                      .dwattr $C$DW$64, DW_AT_name("_SetInpReg")
     626                      .dwattr $C$DW$64, DW_AT_TI_call
     627 000000f5 7640!         LCR       #_SetInpReg           ; [CPU_] |86| 
         000000f6 0000 
     628                      ; call occurs [#_SetInpReg] ; [] |86| 
     629                      .dwpsn  file "../ConvertorCntrl/modbusDataRefr.c",line 88,column 2,is_stmt
     630 000000f7 9A01          MOVB      AL,#1                 ; [CPU_] |88| 
     631              $C$DW$65        .dwtag  DW_TAG_TI_branch
     632                      .dwattr $C$DW$65, DW_AT_low_pc(0x00)
     633                      .dwattr $C$DW$65, DW_AT_name("_getRmsCurrent")
     634                      .dwattr $C$DW$65, DW_AT_TI_call
     635 000000f8 7640!         LCR       #_getRmsCurrent       ; [CPU_] |88| 
         000000f9 0000 
     636                      ; call occurs [#_getRmsCurrent] ; [] |88| 
     637 000000fa E203          MOV32     *-SP[2],R0H           ; [CPU_] |88| 
         000000fb 0042 
     638                      .dwpsn  file "../ConvertorCntrl/modbusDataRefr.c",line 89,column 2,is_stmt
     639 000000fc E850          MPYF32    R0H,R0H,#16672        ; [CPU_] |89| 
         000000fd 4800 
     640 000000fe 7700          NOP       ; [CPU_] 
     641 000000ff E203          MOV32     *-SP[2],R0H           ; [CPU_] |89| 
         00000100 0042 
     642                      .dwpsn  file "../ConvertorCntrl/modbusDataRefr.c",line 90,column 2,is_stmt
TMS320C2000 Assembler PC v6.2.7 Thu Jul 02 08:31:33 2015

Tools Copyright (c) 1996-2014 Texas Instruments Incorporated
C:\Users\Tester\AppData\Local\Temp\0364410                           PAGE   14

     643 00000101 E68C          F32TOI16  R0H,R0H               ; [CPU_] |90| 
         00000102 0000 
     644 00000103 7700          NOP       ; [CPU_] 
     645 00000104 7700          NOP       ; [CPU_] 
     646 00000105 BFA9          MOV32     ACC,R0H               ; [CPU_] |90| 
         00000106 0F12 
     647 00000107 93A9          MOV       AH,AL                 ; [CPU_] |90| 
     648 00000108 9A0C          MOVB      AL,#12                ; [CPU_] |90| 
     649              $C$DW$66        .dwtag  DW_TAG_TI_branch
     650                      .dwattr $C$DW$66, DW_AT_low_pc(0x00)
     651                      .dwattr $C$DW$66, DW_AT_name("_SetInpReg")
     652                      .dwattr $C$DW$66, DW_AT_TI_call
     653 00000109 7640!         LCR       #_SetInpReg           ; [CPU_] |90| 
         0000010a 0000 
     654                      ; call occurs [#_SetInpReg] ; [] |90| 
     655                      .dwpsn  file "../ConvertorCntrl/modbusDataRefr.c",line 92,column 2,is_stmt
     656 0000010b 9A00          MOVB      AL,#0                 ; [CPU_] |92| 
     657              $C$DW$67        .dwtag  DW_TAG_TI_branch
     658                      .dwattr $C$DW$67, DW_AT_low_pc(0x00)
     659                      .dwattr $C$DW$67, DW_AT_name("_getRmsCurrent")
     660                      .dwattr $C$DW$67, DW_AT_TI_call
     661 0000010c 7640!         LCR       #_getRmsCurrent       ; [CPU_] |92| 
         0000010d 0000 
     662                      ; call occurs [#_getRmsCurrent] ; [] |92| 
     663 0000010e E203          MOV32     *-SP[2],R0H           ; [CPU_] |92| 
         0000010f 0042 
     664                      .dwpsn  file "../ConvertorCntrl/modbusDataRefr.c",line 93,column 2,is_stmt
     665 00000110 E850          MPYF32    R0H,R0H,#16672        ; [CPU_] |93| 
         00000111 4800 
     666 00000112 7700          NOP       ; [CPU_] 
     667 00000113 E203          MOV32     *-SP[2],R0H           ; [CPU_] |93| 
         00000114 0042 
     668                      .dwpsn  file "../ConvertorCntrl/modbusDataRefr.c",line 94,column 2,is_stmt
     669 00000115 E68C          F32TOI16  R0H,R0H               ; [CPU_] |94| 
         00000116 0000 
     670 00000117 7700          NOP       ; [CPU_] 
     671 00000118 7700          NOP       ; [CPU_] 
     672 00000119 BFA9          MOV32     ACC,R0H               ; [CPU_] |94| 
         0000011a 0F12 
     673 0000011b 93A9          MOV       AH,AL                 ; [CPU_] |94| 
     674 0000011c 9A0D          MOVB      AL,#13                ; [CPU_] |94| 
     675              $C$DW$68        .dwtag  DW_TAG_TI_branch
     676                      .dwattr $C$DW$68, DW_AT_low_pc(0x00)
     677                      .dwattr $C$DW$68, DW_AT_name("_SetInpReg")
     678                      .dwattr $C$DW$68, DW_AT_TI_call
     679 0000011d 7640!         LCR       #_SetInpReg           ; [CPU_] |94| 
         0000011e 0000 
     680                      ; call occurs [#_SetInpReg] ; [] |94| 
     681                      .dwpsn  file "../ConvertorCntrl/modbusDataRefr.c",line 96,column 2,is_stmt
     682              $C$DW$69        .dwtag  DW_TAG_TI_branch
     683                      .dwattr $C$DW$69, DW_AT_low_pc(0x00)
     684                      .dwattr $C$DW$69, DW_AT_name("_getAveragId")
     685                      .dwattr $C$DW$69, DW_AT_TI_call
     686 0000011f 7640!         LCR       #_getAveragId         ; [CPU_] |96| 
         00000120 0000 
TMS320C2000 Assembler PC v6.2.7 Thu Jul 02 08:31:33 2015

Tools Copyright (c) 1996-2014 Texas Instruments Incorporated
C:\Users\Tester\AppData\Local\Temp\0364410                           PAGE   15

     687                      ; call occurs [#_getAveragId] ; [] |96| 
     688 00000121 E203          MOV32     *-SP[2],R0H           ; [CPU_] |96| 
         00000122 0042 
     689                      .dwpsn  file "../ConvertorCntrl/modbusDataRefr.c",line 97,column 2,is_stmt
     690 00000123 E802          MOVIZ     R0H,#16610            ; [CPU_] |97| 
         00000124 0710 
     691 00000125 E2AF          MOV32     R1H,*-SP[2]           ; [CPU_] |97| 
         00000126 0142 
     692 00000127 E80A          MOVXI     R0H,#17826            ; [CPU_] |97| 
         00000128 2D10 
     693 00000129 E700          MPYF32    R0H,R0H,R1H           ; [CPU_] |97| 
         0000012a 0040 
     694 0000012b 7700          NOP       ; [CPU_] 
     695 0000012c E203          MOV32     *-SP[2],R0H           ; [CPU_] |97| 
         0000012d 0042 
     696                      .dwpsn  file "../ConvertorCntrl/modbusDataRefr.c",line 98,column 2,is_stmt
     697 0000012e E68C          F32TOI16  R0H,R0H               ; [CPU_] |98| 
         0000012f 0000 
     698 00000130 7700          NOP       ; [CPU_] 
     699 00000131 7700          NOP       ; [CPU_] 
     700 00000132 BFA9          MOV32     ACC,R0H               ; [CPU_] |98| 
         00000133 0F12 
     701 00000134 93A9          MOV       AH,AL                 ; [CPU_] |98| 
     702 00000135 9A05          MOVB      AL,#5                 ; [CPU_] |98| 
     703              $C$DW$70        .dwtag  DW_TAG_TI_branch
     704                      .dwattr $C$DW$70, DW_AT_low_pc(0x00)
     705                      .dwattr $C$DW$70, DW_AT_name("_SetInpReg")
     706                      .dwattr $C$DW$70, DW_AT_TI_call
     707 00000136 7640!         LCR       #_SetInpReg           ; [CPU_] |98| 
         00000137 0000 
     708                      ; call occurs [#_SetInpReg] ; [] |98| 
     709                      .dwpsn  file "../ConvertorCntrl/modbusDataRefr.c",line 100,column 2,is_stmt
     710              $C$DW$71        .dwtag  DW_TAG_TI_branch
     711                      .dwattr $C$DW$71, DW_AT_low_pc(0x00)
     712                      .dwattr $C$DW$71, DW_AT_name("_getAveragIq")
     713                      .dwattr $C$DW$71, DW_AT_TI_call
     714 00000138 7640!         LCR       #_getAveragIq         ; [CPU_] |100| 
         00000139 0000 
     715                      ; call occurs [#_getAveragIq] ; [] |100| 
     716 0000013a E203          MOV32     *-SP[2],R0H           ; [CPU_] |100| 
         0000013b 0042 
     717                      .dwpsn  file "../ConvertorCntrl/modbusDataRefr.c",line 101,column 2,is_stmt
     718 0000013c E802          MOVIZ     R0H,#16610            ; [CPU_] |101| 
         0000013d 0710 
     719 0000013e E2AF          MOV32     R1H,*-SP[2]           ; [CPU_] |101| 
         0000013f 0142 
     720 00000140 E80A          MOVXI     R0H,#17826            ; [CPU_] |101| 
         00000141 2D10 
     721 00000142 E700          MPYF32    R0H,R0H,R1H           ; [CPU_] |101| 
         00000143 0040 
     722 00000144 7700          NOP       ; [CPU_] 
     723 00000145 E203          MOV32     *-SP[2],R0H           ; [CPU_] |101| 
         00000146 0042 
     724                      .dwpsn  file "../ConvertorCntrl/modbusDataRefr.c",line 102,column 2,is_stmt
     725 00000147 E68C          F32TOI16  R0H,R0H               ; [CPU_] |102| 
TMS320C2000 Assembler PC v6.2.7 Thu Jul 02 08:31:33 2015

Tools Copyright (c) 1996-2014 Texas Instruments Incorporated
C:\Users\Tester\AppData\Local\Temp\0364410                           PAGE   16

         00000148 0000 
     726 00000149 7700          NOP       ; [CPU_] 
     727 0000014a 7700          NOP       ; [CPU_] 
     728 0000014b BFA9          MOV32     ACC,R0H               ; [CPU_] |102| 
         0000014c 0F12 
     729 0000014d 93A9          MOV       AH,AL                 ; [CPU_] |102| 
     730 0000014e 9A04          MOVB      AL,#4                 ; [CPU_] |102| 
     731              $C$DW$72        .dwtag  DW_TAG_TI_branch
     732                      .dwattr $C$DW$72, DW_AT_low_pc(0x00)
     733                      .dwattr $C$DW$72, DW_AT_name("_SetInpReg")
     734                      .dwattr $C$DW$72, DW_AT_TI_call
     735 0000014f 7640!         LCR       #_SetInpReg           ; [CPU_] |102| 
         00000150 0000 
     736                      ; call occurs [#_SetInpReg] ; [] |102| 
     737                      .dwpsn  file "../ConvertorCntrl/modbusDataRefr.c",line 104,column 1,is_stmt
     738 00000151 FE82          SUBB      SP,#2                 ; [CPU_U] 
     739                      .dwcfi  cfa_offset, -2
     740              $C$DW$73        .dwtag  DW_TAG_TI_branch
     741                      .dwattr $C$DW$73, DW_AT_low_pc(0x00)
     742                      .dwattr $C$DW$73, DW_AT_TI_return
     743 00000152 0006          LRETR     ; [CPU_] 
     744                      ; return occurs ; [] 
     745                      .dwattr $C$DW$20, DW_AT_TI_end_file("../ConvertorCntrl/modbusDataRefr.c")
     746                      .dwattr $C$DW$20, DW_AT_TI_end_line(0x68)
     747                      .dwattr $C$DW$20, DW_AT_TI_end_column(0x01)
     748                      .dwendentry
     749                      .dwendtag $C$DW$20
     750              
     751              ;**************************************************************
     752              ;* UNDEFINED EXTERNAL REFERENCES                              *
     753              ;**************************************************************
     754                      .global _getStatusConvertor
     755                      .global _testStatusConvertor
     756                      .global _testRunState
     757                      .global _SetInpBit
     758                      .global _SetInpReg
     759                      .global _getAveragIm
     760                      .global _getAveragId
     761                      .global _getAveragIq
     762                      .global _getCurrentFreq
     763                      .global _getInvertorVinv
     764                      .global _getRmsCurrent
     765                      .global _getIntegrVoltagDC
     766              
     767              ;***************************************************************
     768              ;* TYPE INFORMATION                                            *
     769              ;***************************************************************
     770              $C$DW$T$4       .dwtag  DW_TAG_base_type
     771                      .dwattr $C$DW$T$4, DW_AT_encoding(DW_ATE_boolean)
     772                      .dwattr $C$DW$T$4, DW_AT_name("bool")
     773                      .dwattr $C$DW$T$4, DW_AT_byte_size(0x01)
     774              $C$DW$T$5       .dwtag  DW_TAG_base_type
     775                      .dwattr $C$DW$T$5, DW_AT_encoding(DW_ATE_signed_char)
     776                      .dwattr $C$DW$T$5, DW_AT_name("signed char")
     777                      .dwattr $C$DW$T$5, DW_AT_byte_size(0x01)
TMS320C2000 Assembler PC v6.2.7 Thu Jul 02 08:31:33 2015

Tools Copyright (c) 1996-2014 Texas Instruments Incorporated
C:\Users\Tester\AppData\Local\Temp\0364410                           PAGE   17

     778              $C$DW$T$6       .dwtag  DW_TAG_base_type
     779                      .dwattr $C$DW$T$6, DW_AT_encoding(DW_ATE_unsigned_char)
     780                      .dwattr $C$DW$T$6, DW_AT_name("unsigned char")
     781                      .dwattr $C$DW$T$6, DW_AT_byte_size(0x01)
     782              $C$DW$T$20      .dwtag  DW_TAG_typedef, DW_AT_name("ACK")
     783                      .dwattr $C$DW$T$20, DW_AT_type(*$C$DW$T$6)
     784                      .dwattr $C$DW$T$20, DW_AT_language(DW_LANG_C)
     785              $C$DW$T$7       .dwtag  DW_TAG_base_type
     786                      .dwattr $C$DW$T$7, DW_AT_encoding(DW_ATE_signed_char)
     787                      .dwattr $C$DW$T$7, DW_AT_name("wchar_t")
     788                      .dwattr $C$DW$T$7, DW_AT_byte_size(0x01)
     789              $C$DW$T$8       .dwtag  DW_TAG_base_type
     790                      .dwattr $C$DW$T$8, DW_AT_encoding(DW_ATE_signed)
     791                      .dwattr $C$DW$T$8, DW_AT_name("short")
     792                      .dwattr $C$DW$T$8, DW_AT_byte_size(0x01)
     793              $C$DW$T$9       .dwtag  DW_TAG_base_type
     794                      .dwattr $C$DW$T$9, DW_AT_encoding(DW_ATE_unsigned)
     795                      .dwattr $C$DW$T$9, DW_AT_name("unsigned short")
     796                      .dwattr $C$DW$T$9, DW_AT_byte_size(0x01)
     797              $C$DW$T$10      .dwtag  DW_TAG_base_type
     798                      .dwattr $C$DW$T$10, DW_AT_encoding(DW_ATE_signed)
     799                      .dwattr $C$DW$T$10, DW_AT_name("int")
     800                      .dwattr $C$DW$T$10, DW_AT_byte_size(0x01)
     801              $C$DW$T$26      .dwtag  DW_TAG_typedef, DW_AT_name("INT16")
     802                      .dwattr $C$DW$T$26, DW_AT_type(*$C$DW$T$10)
     803                      .dwattr $C$DW$T$26, DW_AT_language(DW_LANG_C)
     804              $C$DW$T$11      .dwtag  DW_TAG_base_type
     805                      .dwattr $C$DW$T$11, DW_AT_encoding(DW_ATE_unsigned)
     806                      .dwattr $C$DW$T$11, DW_AT_name("unsigned int")
     807                      .dwattr $C$DW$T$11, DW_AT_byte_size(0x01)
     808              $C$DW$T$27      .dwtag  DW_TAG_typedef, DW_AT_name("UINT16")
     809                      .dwattr $C$DW$T$27, DW_AT_type(*$C$DW$T$11)
     810                      .dwattr $C$DW$T$27, DW_AT_language(DW_LANG_C)
     811              $C$DW$T$30      .dwtag  DW_TAG_typedef, DW_AT_name("UINT8")
     812                      .dwattr $C$DW$T$30, DW_AT_type(*$C$DW$T$11)
     813                      .dwattr $C$DW$T$30, DW_AT_language(DW_LANG_C)
     814              $C$DW$T$12      .dwtag  DW_TAG_base_type
     815                      .dwattr $C$DW$T$12, DW_AT_encoding(DW_ATE_signed)
     816                      .dwattr $C$DW$T$12, DW_AT_name("long")
     817                      .dwattr $C$DW$T$12, DW_AT_byte_size(0x02)
     818              $C$DW$T$13      .dwtag  DW_TAG_base_type
     819                      .dwattr $C$DW$T$13, DW_AT_encoding(DW_ATE_unsigned)
     820                      .dwattr $C$DW$T$13, DW_AT_name("unsigned long")
     821                      .dwattr $C$DW$T$13, DW_AT_byte_size(0x02)
     822              $C$DW$T$14      .dwtag  DW_TAG_base_type
     823                      .dwattr $C$DW$T$14, DW_AT_encoding(DW_ATE_signed)
     824                      .dwattr $C$DW$T$14, DW_AT_name("long long")
     825                      .dwattr $C$DW$T$14, DW_AT_byte_size(0x04)
     826              $C$DW$T$15      .dwtag  DW_TAG_base_type
     827                      .dwattr $C$DW$T$15, DW_AT_encoding(DW_ATE_unsigned)
     828                      .dwattr $C$DW$T$15, DW_AT_name("unsigned long long")
     829                      .dwattr $C$DW$T$15, DW_AT_byte_size(0x04)
     830              $C$DW$T$16      .dwtag  DW_TAG_base_type
     831                      .dwattr $C$DW$T$16, DW_AT_encoding(DW_ATE_float)
     832                      .dwattr $C$DW$T$16, DW_AT_name("float")
TMS320C2000 Assembler PC v6.2.7 Thu Jul 02 08:31:33 2015

Tools Copyright (c) 1996-2014 Texas Instruments Incorporated
C:\Users\Tester\AppData\Local\Temp\0364410                           PAGE   18

     833                      .dwattr $C$DW$T$16, DW_AT_byte_size(0x02)
     834              $C$DW$T$17      .dwtag  DW_TAG_base_type
     835                      .dwattr $C$DW$T$17, DW_AT_encoding(DW_ATE_float)
     836                      .dwattr $C$DW$T$17, DW_AT_name("double")
     837                      .dwattr $C$DW$T$17, DW_AT_byte_size(0x02)
     838              $C$DW$T$18      .dwtag  DW_TAG_base_type
     839                      .dwattr $C$DW$T$18, DW_AT_encoding(DW_ATE_float)
     840                      .dwattr $C$DW$T$18, DW_AT_name("long double")
     841                      .dwattr $C$DW$T$18, DW_AT_byte_size(0x04)
     842                      .dwattr $C$DW$CU, DW_AT_language(DW_LANG_C)
     843              
     844              ;***************************************************************
     845              ;* DWARF CIE ENTRIES                                           *
     846              ;***************************************************************
     847              
     848              $C$DW$CIE       .dwcie 78
     849                      .dwcfi  cfa_register, 20
     850                      .dwcfi  cfa_offset, 0
     851                      .dwcfi  undefined, 0
     852                      .dwcfi  undefined, 1
     853                      .dwcfi  undefined, 2
     854                      .dwcfi  undefined, 3
     855                      .dwcfi  undefined, 20
     856                      .dwcfi  undefined, 21
     857                      .dwcfi  undefined, 22
     858                      .dwcfi  undefined, 23
     859                      .dwcfi  undefined, 24
     860                      .dwcfi  undefined, 25
     861                      .dwcfi  undefined, 26
     862                      .dwcfi  same_value, 28
     863                      .dwcfi  undefined, 29
     864                      .dwcfi  undefined, 30
     865                      .dwcfi  undefined, 31
     866                      .dwcfi  undefined, 32
     867                      .dwcfi  undefined, 33
     868                      .dwcfi  undefined, 34
     869                      .dwcfi  undefined, 35
     870                      .dwcfi  undefined, 36
     871                      .dwcfi  undefined, 37
     872                      .dwcfi  undefined, 38
     873                      .dwcfi  undefined, 75
     874                      .dwcfi  undefined, 76
     875                      .dwcfi  undefined, 77
     876                      .dwcfi  undefined, 4
     877                      .dwcfi  same_value, 6
     878                      .dwcfi  same_value, 8
     879                      .dwcfi  same_value, 10
     880                      .dwcfi  undefined, 12
     881                      .dwcfi  undefined, 14
     882                      .dwcfi  undefined, 16
     883                      .dwcfi  undefined, 17
     884                      .dwcfi  undefined, 18
     885                      .dwcfi  undefined, 19
     886                      .dwcfi  undefined, 5
     887                      .dwcfi  same_value, 7
TMS320C2000 Assembler PC v6.2.7 Thu Jul 02 08:31:33 2015

Tools Copyright (c) 1996-2014 Texas Instruments Incorporated
C:\Users\Tester\AppData\Local\Temp\0364410                           PAGE   19

     888                      .dwcfi  same_value, 9
     889                      .dwcfi  same_value, 11
     890                      .dwcfi  undefined, 13
     891                      .dwcfi  undefined, 15
     892                      .dwcfi  undefined, 43
     893                      .dwcfi  undefined, 44
     894                      .dwcfi  undefined, 47
     895                      .dwcfi  undefined, 48
     896                      .dwcfi  undefined, 51
     897                      .dwcfi  undefined, 52
     898                      .dwcfi  undefined, 55
     899                      .dwcfi  undefined, 56
     900                      .dwcfi  same_value, 59
     901                      .dwcfi  same_value, 60
     902                      .dwcfi  same_value, 63
     903                      .dwcfi  same_value, 64
     904                      .dwcfi  same_value, 67
     905                      .dwcfi  same_value, 68
     906                      .dwcfi  same_value, 71
     907                      .dwcfi  same_value, 72
     908                      .dwcfi  undefined, 73
     909                      .dwcfi  undefined, 74
     910                      .dwcfi  undefined, 39
     911                      .dwcfi  undefined, 40
     912                      .dwcfi  undefined, 27
     913                      .dwcfi  undefined, 78
     914                      .dwendentry
     915              
     916              ;***************************************************************
     917              ;* DWARF REGISTER MAP                                          *
     918              ;***************************************************************
     919              
     920              $C$DW$74        .dwtag  DW_TAG_TI_assign_register, DW_AT_name("AL")
     921                      .dwattr $C$DW$74, DW_AT_location[DW_OP_reg0]
     922              $C$DW$75        .dwtag  DW_TAG_TI_assign_register, DW_AT_name("AH")
     923                      .dwattr $C$DW$75, DW_AT_location[DW_OP_reg1]
     924              $C$DW$76        .dwtag  DW_TAG_TI_assign_register, DW_AT_name("PL")
     925                      .dwattr $C$DW$76, DW_AT_location[DW_OP_reg2]
     926              $C$DW$77        .dwtag  DW_TAG_TI_assign_register, DW_AT_name("PH")
     927                      .dwattr $C$DW$77, DW_AT_location[DW_OP_reg3]
     928              $C$DW$78        .dwtag  DW_TAG_TI_assign_register, DW_AT_name("SP")
     929                      .dwattr $C$DW$78, DW_AT_location[DW_OP_reg20]
     930              $C$DW$79        .dwtag  DW_TAG_TI_assign_register, DW_AT_name("XT")
     931                      .dwattr $C$DW$79, DW_AT_location[DW_OP_reg21]
     932              $C$DW$80        .dwtag  DW_TAG_TI_assign_register, DW_AT_name("T")
     933                      .dwattr $C$DW$80, DW_AT_location[DW_OP_reg22]
     934              $C$DW$81        .dwtag  DW_TAG_TI_assign_register, DW_AT_name("ST0")
     935                      .dwattr $C$DW$81, DW_AT_location[DW_OP_reg23]
     936              $C$DW$82        .dwtag  DW_TAG_TI_assign_register, DW_AT_name("ST1")
     937                      .dwattr $C$DW$82, DW_AT_location[DW_OP_reg24]
     938              $C$DW$83        .dwtag  DW_TAG_TI_assign_register, DW_AT_name("PC")
     939                      .dwattr $C$DW$83, DW_AT_location[DW_OP_reg25]
     940              $C$DW$84        .dwtag  DW_TAG_TI_assign_register, DW_AT_name("RPC")
     941                      .dwattr $C$DW$84, DW_AT_location[DW_OP_reg26]
     942              $C$DW$85        .dwtag  DW_TAG_TI_assign_register, DW_AT_name("FP")
TMS320C2000 Assembler PC v6.2.7 Thu Jul 02 08:31:33 2015

Tools Copyright (c) 1996-2014 Texas Instruments Incorporated
C:\Users\Tester\AppData\Local\Temp\0364410                           PAGE   20

     943                      .dwattr $C$DW$85, DW_AT_location[DW_OP_reg28]
     944              $C$DW$86        .dwtag  DW_TAG_TI_assign_register, DW_AT_name("DP")
     945                      .dwattr $C$DW$86, DW_AT_location[DW_OP_reg29]
     946              $C$DW$87        .dwtag  DW_TAG_TI_assign_register, DW_AT_name("SXM")
     947                      .dwattr $C$DW$87, DW_AT_location[DW_OP_reg30]
     948              $C$DW$88        .dwtag  DW_TAG_TI_assign_register, DW_AT_name("PM")
     949                      .dwattr $C$DW$88, DW_AT_location[DW_OP_reg31]
     950              $C$DW$89        .dwtag  DW_TAG_TI_assign_register, DW_AT_name("OVM")
     951                      .dwattr $C$DW$89, DW_AT_location[DW_OP_regx 0x20]
     952              $C$DW$90        .dwtag  DW_TAG_TI_assign_register, DW_AT_name("PAGE0")
     953                      .dwattr $C$DW$90, DW_AT_location[DW_OP_regx 0x21]
     954              $C$DW$91        .dwtag  DW_TAG_TI_assign_register, DW_AT_name("AMODE")
     955                      .dwattr $C$DW$91, DW_AT_location[DW_OP_regx 0x22]
     956              $C$DW$92        .dwtag  DW_TAG_TI_assign_register, DW_AT_name("INTM")
     957                      .dwattr $C$DW$92, DW_AT_location[DW_OP_regx 0x23]
     958              $C$DW$93        .dwtag  DW_TAG_TI_assign_register, DW_AT_name("IFR")
     959                      .dwattr $C$DW$93, DW_AT_location[DW_OP_regx 0x24]
     960              $C$DW$94        .dwtag  DW_TAG_TI_assign_register, DW_AT_name("IER")
     961                      .dwattr $C$DW$94, DW_AT_location[DW_OP_regx 0x25]
     962              $C$DW$95        .dwtag  DW_TAG_TI_assign_register, DW_AT_name("V")
     963                      .dwattr $C$DW$95, DW_AT_location[DW_OP_regx 0x26]
     964              $C$DW$96        .dwtag  DW_TAG_TI_assign_register, DW_AT_name("PSEUDOH")
     965                      .dwattr $C$DW$96, DW_AT_location[DW_OP_regx 0x4c]
     966              $C$DW$97        .dwtag  DW_TAG_TI_assign_register, DW_AT_name("VOL")
     967                      .dwattr $C$DW$97, DW_AT_location[DW_OP_regx 0x4d]
     968              $C$DW$98        .dwtag  DW_TAG_TI_assign_register, DW_AT_name("AR0")
     969                      .dwattr $C$DW$98, DW_AT_location[DW_OP_reg4]
     970              $C$DW$99        .dwtag  DW_TAG_TI_assign_register, DW_AT_name("AR1")
     971                      .dwattr $C$DW$99, DW_AT_location[DW_OP_reg6]
     972              $C$DW$100       .dwtag  DW_TAG_TI_assign_register, DW_AT_name("AR2")
     973                      .dwattr $C$DW$100, DW_AT_location[DW_OP_reg8]
     974              $C$DW$101       .dwtag  DW_TAG_TI_assign_register, DW_AT_name("AR3")
     975                      .dwattr $C$DW$101, DW_AT_location[DW_OP_reg10]
     976              $C$DW$102       .dwtag  DW_TAG_TI_assign_register, DW_AT_name("AR4")
     977                      .dwattr $C$DW$102, DW_AT_location[DW_OP_reg12]
     978              $C$DW$103       .dwtag  DW_TAG_TI_assign_register, DW_AT_name("AR5")
     979                      .dwattr $C$DW$103, DW_AT_location[DW_OP_reg14]
     980              $C$DW$104       .dwtag  DW_TAG_TI_assign_register, DW_AT_name("AR6")
     981                      .dwattr $C$DW$104, DW_AT_location[DW_OP_reg16]
     982              $C$DW$105       .dwtag  DW_TAG_TI_assign_register, DW_AT_name("XAR6")
     983                      .dwattr $C$DW$105, DW_AT_location[DW_OP_reg17]
     984              $C$DW$106       .dwtag  DW_TAG_TI_assign_register, DW_AT_name("AR7")
     985                      .dwattr $C$DW$106, DW_AT_location[DW_OP_reg18]
     986              $C$DW$107       .dwtag  DW_TAG_TI_assign_register, DW_AT_name("XAR7")
     987                      .dwattr $C$DW$107, DW_AT_location[DW_OP_reg19]
     988              $C$DW$108       .dwtag  DW_TAG_TI_assign_register, DW_AT_name("XAR0")
     989                      .dwattr $C$DW$108, DW_AT_location[DW_OP_reg5]
     990              $C$DW$109       .dwtag  DW_TAG_TI_assign_register, DW_AT_name("XAR1")
     991                      .dwattr $C$DW$109, DW_AT_location[DW_OP_reg7]
     992              $C$DW$110       .dwtag  DW_TAG_TI_assign_register, DW_AT_name("XAR2")
     993                      .dwattr $C$DW$110, DW_AT_location[DW_OP_reg9]
     994              $C$DW$111       .dwtag  DW_TAG_TI_assign_register, DW_AT_name("XAR3")
     995                      .dwattr $C$DW$111, DW_AT_location[DW_OP_reg11]
     996              $C$DW$112       .dwtag  DW_TAG_TI_assign_register, DW_AT_name("XAR4")
     997                      .dwattr $C$DW$112, DW_AT_location[DW_OP_reg13]
TMS320C2000 Assembler PC v6.2.7 Thu Jul 02 08:31:33 2015

Tools Copyright (c) 1996-2014 Texas Instruments Incorporated
C:\Users\Tester\AppData\Local\Temp\0364410                           PAGE   21

     998              $C$DW$113       .dwtag  DW_TAG_TI_assign_register, DW_AT_name("XAR5")
     999                      .dwattr $C$DW$113, DW_AT_location[DW_OP_reg15]
    1000              $C$DW$114       .dwtag  DW_TAG_TI_assign_register, DW_AT_name("R0HL")
    1001                      .dwattr $C$DW$114, DW_AT_location[DW_OP_regx 0x2b]
    1002              $C$DW$115       .dwtag  DW_TAG_TI_assign_register, DW_AT_name("R0H")
    1003                      .dwattr $C$DW$115, DW_AT_location[DW_OP_regx 0x2c]
    1004              $C$DW$116       .dwtag  DW_TAG_TI_assign_register, DW_AT_name("R1HL")
    1005                      .dwattr $C$DW$116, DW_AT_location[DW_OP_regx 0x2f]
    1006              $C$DW$117       .dwtag  DW_TAG_TI_assign_register, DW_AT_name("R1H")
    1007                      .dwattr $C$DW$117, DW_AT_location[DW_OP_regx 0x30]
    1008              $C$DW$118       .dwtag  DW_TAG_TI_assign_register, DW_AT_name("R2HL")
    1009                      .dwattr $C$DW$118, DW_AT_location[DW_OP_regx 0x33]
    1010              $C$DW$119       .dwtag  DW_TAG_TI_assign_register, DW_AT_name("R2H")
    1011                      .dwattr $C$DW$119, DW_AT_location[DW_OP_regx 0x34]
    1012              $C$DW$120       .dwtag  DW_TAG_TI_assign_register, DW_AT_name("R3HL")
    1013                      .dwattr $C$DW$120, DW_AT_location[DW_OP_regx 0x37]
    1014              $C$DW$121       .dwtag  DW_TAG_TI_assign_register, DW_AT_name("R3H")
    1015                      .dwattr $C$DW$121, DW_AT_location[DW_OP_regx 0x38]
    1016              $C$DW$122       .dwtag  DW_TAG_TI_assign_register, DW_AT_name("R4HL")
    1017                      .dwattr $C$DW$122, DW_AT_location[DW_OP_regx 0x3b]
    1018              $C$DW$123       .dwtag  DW_TAG_TI_assign_register, DW_AT_name("R4H")
    1019                      .dwattr $C$DW$123, DW_AT_location[DW_OP_regx 0x3c]
    1020              $C$DW$124       .dwtag  DW_TAG_TI_assign_register, DW_AT_name("R5HL")
    1021                      .dwattr $C$DW$124, DW_AT_location[DW_OP_regx 0x3f]
    1022              $C$DW$125       .dwtag  DW_TAG_TI_assign_register, DW_AT_name("R5H")
    1023                      .dwattr $C$DW$125, DW_AT_location[DW_OP_regx 0x40]
    1024              $C$DW$126       .dwtag  DW_TAG_TI_assign_register, DW_AT_name("R6HL")
    1025                      .dwattr $C$DW$126, DW_AT_location[DW_OP_regx 0x43]
    1026              $C$DW$127       .dwtag  DW_TAG_TI_assign_register, DW_AT_name("R6H")
    1027                      .dwattr $C$DW$127, DW_AT_location[DW_OP_regx 0x44]
    1028              $C$DW$128       .dwtag  DW_TAG_TI_assign_register, DW_AT_name("R7HL")
    1029                      .dwattr $C$DW$128, DW_AT_location[DW_OP_regx 0x47]
    1030              $C$DW$129       .dwtag  DW_TAG_TI_assign_register, DW_AT_name("R7H")
    1031                      .dwattr $C$DW$129, DW_AT_location[DW_OP_regx 0x48]
    1032              $C$DW$130       .dwtag  DW_TAG_TI_assign_register, DW_AT_name("RBL")
    1033                      .dwattr $C$DW$130, DW_AT_location[DW_OP_regx 0x49]
    1034              $C$DW$131       .dwtag  DW_TAG_TI_assign_register, DW_AT_name("RB")
    1035                      .dwattr $C$DW$131, DW_AT_location[DW_OP_regx 0x4a]
    1036              $C$DW$132       .dwtag  DW_TAG_TI_assign_register, DW_AT_name("STFL")
    1037                      .dwattr $C$DW$132, DW_AT_location[DW_OP_regx 0x27]
    1038              $C$DW$133       .dwtag  DW_TAG_TI_assign_register, DW_AT_name("STF")
    1039                      .dwattr $C$DW$133, DW_AT_location[DW_OP_regx 0x28]
    1040              $C$DW$134       .dwtag  DW_TAG_TI_assign_register, DW_AT_name("FPUHAZ")
    1041                      .dwattr $C$DW$134, DW_AT_location[DW_OP_reg27]
    1042              $C$DW$135       .dwtag  DW_TAG_TI_assign_register, DW_AT_name("CIE_RETA")
    1043                      .dwattr $C$DW$135, DW_AT_location[DW_OP_regx 0x4e]
    1044                      .dwendtag $C$DW$CU
    1045              

No Assembly Errors, No Assembly Warnings
