TMS320C2000 Assembler PC v6.2.7 Thu Jul 02 08:31:33 2015

Tools Copyright (c) 1996-2014 Texas Instruments Incorporated
C:\Users\Tester\AppData\Local\Temp\0366810                           PAGE    1

       1              ;***************************************************************
       2              ;* TMS320C2000 C/C++ Codegen                         PC v6.2.7 *
       3              ;* Date/Time created: Thu Jul 02 08:31:32 2015                 *
       4              ;***************************************************************
       5                      .compiler_opts --diag_wrap=off --float_support=fpu32 --hll_source=on --mem_model:code=flat --mem_mode
       6        0002  FP      .set    XAR2
       7              
       8              $C$DW$CU        .dwtag  DW_TAG_compile_unit
       9                      .dwattr $C$DW$CU, DW_AT_name("../ConvertorCntrl/StopConvertor.c")
      10                      .dwattr $C$DW$CU, DW_AT_producer("TMS320C2000 C/C++ Codegen PC v6.2.7 Copyright (c) 1996-2014 Texas I
      11                      .dwattr $C$DW$CU, DW_AT_TI_version(0x01)
      12                      .dwattr $C$DW$CU, DW_AT_comp_dir("D:\ActiveProject\EKT5\PKMT_NONBIOS\InvertorCntrl\ISPprg")
      13              
      14              $C$DW$1 .dwtag  DW_TAG_subprogram, DW_AT_name("presetAdc")
      15                      .dwattr $C$DW$1, DW_AT_TI_symbol_name("_presetAdc")
      16                      .dwattr $C$DW$1, DW_AT_declaration
      17                      .dwattr $C$DW$1, DW_AT_external
      18              $C$DW$2 .dwtag  DW_TAG_formal_parameter
      19                      .dwattr $C$DW$2, DW_AT_type(*$C$DW$T$5)
      20                      .dwendtag $C$DW$1
      21              
      22              
      23              $C$DW$3 .dwtag  DW_TAG_subprogram, DW_AT_name("initMessure")
      24                      .dwattr $C$DW$3, DW_AT_TI_symbol_name("_initMessure")
      25                      .dwattr $C$DW$3, DW_AT_declaration
      26                      .dwattr $C$DW$3, DW_AT_external
      27              
      28              $C$DW$4 .dwtag  DW_TAG_subprogram, DW_AT_name("initStatusConvertor")
      29                      .dwattr $C$DW$4, DW_AT_TI_symbol_name("_initStatusConvertor")
      30                      .dwattr $C$DW$4, DW_AT_declaration
      31                      .dwattr $C$DW$4, DW_AT_external
      32              
      33              $C$DW$5 .dwtag  DW_TAG_subprogram, DW_AT_name("SET_DELAY_CONV_DL")
      34                      .dwattr $C$DW$5, DW_AT_TI_symbol_name("_SET_DELAY_CONV_DL")
      35                      .dwattr $C$DW$5, DW_AT_declaration
      36                      .dwattr $C$DW$5, DW_AT_external
      37              $C$DW$6 .dwtag  DW_TAG_formal_parameter
      38                      .dwattr $C$DW$6, DW_AT_type(*$C$DW$T$22)
      39                      .dwendtag $C$DW$5
      40              
      41              
      42              $C$DW$7 .dwtag  DW_TAG_subprogram, DW_AT_name("rstPwmCntrl")
      43                      .dwattr $C$DW$7, DW_AT_TI_symbol_name("_rstPwmCntrl")
      44                      .dwattr $C$DW$7, DW_AT_declaration
      45                      .dwattr $C$DW$7, DW_AT_external
      46              
      47              $C$DW$8 .dwtag  DW_TAG_subprogram, DW_AT_name("rstCntrlPwm")
      48                      .dwattr $C$DW$8, DW_AT_TI_symbol_name("_rstCntrlPwm")
      49                      .dwattr $C$DW$8, DW_AT_declaration
      50                      .dwattr $C$DW$8, DW_AT_external
      51              
      52              $C$DW$9 .dwtag  DW_TAG_subprogram, DW_AT_name("testStatusConvertor")
      53                      .dwattr $C$DW$9, DW_AT_TI_symbol_name("_testStatusConvertor")
      54                      .dwattr $C$DW$9, DW_AT_type(*$C$DW$T$31)
      55                      .dwattr $C$DW$9, DW_AT_declaration
TMS320C2000 Assembler PC v6.2.7 Thu Jul 02 08:31:33 2015

Tools Copyright (c) 1996-2014 Texas Instruments Incorporated
C:\Users\Tester\AppData\Local\Temp\0366810                           PAGE    2

      56                      .dwattr $C$DW$9, DW_AT_external
      57              $C$DW$10        .dwtag  DW_TAG_formal_parameter
      58                      .dwattr $C$DW$10, DW_AT_type(*$C$DW$T$28)
      59                      .dwendtag $C$DW$9
      60              
      61              
      62              $C$DW$11        .dwtag  DW_TAG_subprogram, DW_AT_name("testAllDriverError")
      63                      .dwattr $C$DW$11, DW_AT_TI_symbol_name("_testAllDriverError")
      64                      .dwattr $C$DW$11, DW_AT_type(*$C$DW$T$5)
      65                      .dwattr $C$DW$11, DW_AT_declaration
      66                      .dwattr $C$DW$11, DW_AT_external
      67              
      68              $C$DW$12        .dwtag  DW_TAG_subprogram, DW_AT_name("getMainTask")
      69                      .dwattr $C$DW$12, DW_AT_TI_symbol_name("_getMainTask")
      70                      .dwattr $C$DW$12, DW_AT_type(*$C$DW$T$16)
      71                      .dwattr $C$DW$12, DW_AT_declaration
      72                      .dwattr $C$DW$12, DW_AT_external
      73              $C$DW$13        .dwtag  DW_TAG_formal_parameter
      74                      .dwattr $C$DW$13, DW_AT_type(*$C$DW$T$5)
      75                      .dwendtag $C$DW$12
      76              
      77              ;       C:\ti\ccsv6\tools\compiler\c2000_6.2.7\bin\ac2000.exe -@C:\\Users\\Tester\\AppData\\Local\\Temp\\0366
      78 00000000               .sect   ".text"
      79                      .clink
      80                      .global _getCntrlStopConvertor
      81              
      82              $C$DW$14        .dwtag  DW_TAG_subprogram, DW_AT_name("getCntrlStopConvertor")
      83                      .dwattr $C$DW$14, DW_AT_low_pc(_getCntrlStopConvertor)
      84                      .dwattr $C$DW$14, DW_AT_high_pc(0x00)
      85                      .dwattr $C$DW$14, DW_AT_TI_symbol_name("_getCntrlStopConvertor")
      86                      .dwattr $C$DW$14, DW_AT_external
      87                      .dwattr $C$DW$14, DW_AT_type(*$C$DW$T$28)
      88                      .dwattr $C$DW$14, DW_AT_TI_begin_file("../ConvertorCntrl/StopConvertor.c")
      89                      .dwattr $C$DW$14, DW_AT_TI_begin_line(0x0c)
      90                      .dwattr $C$DW$14, DW_AT_TI_begin_column(0x08)
      91                      .dwattr $C$DW$14, DW_AT_TI_max_frame_size(-4)
      92                      .dwpsn  file "../ConvertorCntrl/StopConvertor.c",line 12,column 43,is_stmt,address _getCntrlStopConve
      93              
      94                      .dwfde $C$DW$CIE, _getCntrlStopConvertor
      95              $C$DW$15        .dwtag  DW_TAG_formal_parameter, DW_AT_name("mode")
      96                      .dwattr $C$DW$15, DW_AT_TI_symbol_name("_mode")
      97                      .dwattr $C$DW$15, DW_AT_type(*$C$DW$T$29)
      98                      .dwattr $C$DW$15, DW_AT_location[DW_OP_reg12]
      99              
     100              ;***************************************************************
     101              ;* FNAME: _getCntrlStopConvertor        FR SIZE:   2           *
     102              ;*                                                             *
     103              ;* FUNCTION ENVIRONMENT                                        *
     104              ;*                                                             *
     105              ;* FUNCTION PROPERTIES                                         *
     106              ;*                            0 Parameter,  2 Auto,  0 SOE     *
     107              ;***************************************************************
     108              
     109 00000000       _getCntrlStopConvertor:
     110                      .dwcfi  cfa_offset, -2
TMS320C2000 Assembler PC v6.2.7 Thu Jul 02 08:31:33 2015

Tools Copyright (c) 1996-2014 Texas Instruments Incorporated
C:\Users\Tester\AppData\Local\Temp\0366810                           PAGE    3

     111                      .dwcfi  save_reg_to_mem, 26, 0
     112                      .dwcfi  save_reg_to_reg, 78, 26
     113 00000000 FE02          ADDB      SP,#2                 ; [CPU_U] 
     114                      .dwcfi  cfa_offset, -4
     115              $C$DW$16        .dwtag  DW_TAG_variable, DW_AT_name("mode")
     116                      .dwattr $C$DW$16, DW_AT_TI_symbol_name("_mode")
     117                      .dwattr $C$DW$16, DW_AT_type(*$C$DW$T$29)
     118                      .dwattr $C$DW$16, DW_AT_location[DW_OP_breg20 -2]
     119 00000001 A842          MOVL      *-SP[2],XAR4          ; [CPU_] |12| 
     120                      .dwpsn  file "../ConvertorCntrl/StopConvertor.c",line 13,column 2,is_stmt
     121 00000002 9A01          MOVB      AL,#1                 ; [CPU_] |13| 
     122              $C$DW$17        .dwtag  DW_TAG_TI_branch
     123                      .dwattr $C$DW$17, DW_AT_low_pc(0x00)
     124                      .dwattr $C$DW$17, DW_AT_name("_getMainTask")
     125                      .dwattr $C$DW$17, DW_AT_TI_call
     126 00000003 7640!         LCR       #_getMainTask         ; [CPU_] |13| 
         00000004 0000 
     127                      ; call occurs [#_getMainTask] ; [] |13| 
     128                      .dwpsn  file "../ConvertorCntrl/StopConvertor.c",line 14,column 2,is_stmt
     129 00000005 6F34          B         $C$L7,UNC             ; [CPU_] |14| 
     130                      ; branch occurs ; [] |14| 
     131 00000006       $C$L1:    
     132                      .dwpsn  file "../ConvertorCntrl/StopConvertor.c",line 17,column 4,is_stmt
     133              $C$DW$18        .dwtag  DW_TAG_TI_branch
     134                      .dwattr $C$DW$18, DW_AT_low_pc(0x00)
     135                      .dwattr $C$DW$18, DW_AT_name("_rstPwmCntrl")
     136                      .dwattr $C$DW$18, DW_AT_TI_call
     137 00000006 7640!         LCR       #_rstPwmCntrl         ; [CPU_] |17| 
         00000007 0000 
     138                      ; call occurs [#_rstPwmCntrl] ; [] |17| 
     139                      .dwpsn  file "../ConvertorCntrl/StopConvertor.c",line 18,column 4,is_stmt
     140              $C$DW$19        .dwtag  DW_TAG_TI_branch
     141                      .dwattr $C$DW$19, DW_AT_low_pc(0x00)
     142                      .dwattr $C$DW$19, DW_AT_name("_rstCntrlPwm")
     143                      .dwattr $C$DW$19, DW_AT_TI_call
     144 00000008 7640!         LCR       #_rstCntrlPwm         ; [CPU_] |18| 
         00000009 0000 
     145                      ; call occurs [#_rstCntrlPwm] ; [] |18| 
     146                      .dwpsn  file "../ConvertorCntrl/StopConvertor.c",line 19,column 4,is_stmt
     147 0000000a 8A42          MOVL      XAR4,*-SP[2]          ; [CPU_] |19| 
     148 0000000b 56BF          MOVB      *+XAR4[0],#3,UNC      ; [CPU_] |19| 
         0000000c 03C4 
     149                      .dwpsn  file "../ConvertorCntrl/StopConvertor.c",line 21,column 4,is_stmt
     150 0000000d 0264          MOVB      ACC,#100              ; [CPU_] |21| 
     151              $C$DW$20        .dwtag  DW_TAG_TI_branch
     152                      .dwattr $C$DW$20, DW_AT_low_pc(0x00)
     153                      .dwattr $C$DW$20, DW_AT_name("_SET_DELAY_CONV_DL")
     154                      .dwattr $C$DW$20, DW_AT_TI_call
     155 0000000e 7640!         LCR       #_SET_DELAY_CONV_DL   ; [CPU_] |21| 
         0000000f 0000 
     156                      ; call occurs [#_SET_DELAY_CONV_DL] ; [] |21| 
     157                      .dwpsn  file "../ConvertorCntrl/StopConvertor.c",line 22,column 4,is_stmt
     158 00000010 9A01          MOVB      AL,#1                 ; [CPU_] |22| 
     159 00000011 6F31          B         $C$L8,UNC             ; [CPU_] |22| 
     160                      ; branch occurs ; [] |22| 
TMS320C2000 Assembler PC v6.2.7 Thu Jul 02 08:31:33 2015

Tools Copyright (c) 1996-2014 Texas Instruments Incorporated
C:\Users\Tester\AppData\Local\Temp\0366810                           PAGE    4

     161 00000012       $C$L2:    
     162                      .dwpsn  file "../ConvertorCntrl/StopConvertor.c",line 25,column 4,is_stmt
     163 00000012 9A0C          MOVB      AL,#12                ; [CPU_] |25| 
     164              $C$DW$21        .dwtag  DW_TAG_TI_branch
     165                      .dwattr $C$DW$21, DW_AT_low_pc(0x00)
     166                      .dwattr $C$DW$21, DW_AT_name("_testStatusConvertor")
     167                      .dwattr $C$DW$21, DW_AT_TI_call
     168 00000013 7640!         LCR       #_testStatusConvertor ; [CPU_] |25| 
         00000014 0000 
     169                      ; call occurs [#_testStatusConvertor] ; [] |25| 
     170 00000015 5200          CMPB      AL,#0                 ; [CPU_] |25| 
     171 00000016 EC0B          BF        $C$L3,EQ              ; [CPU_] |25| 
     172                      ; branchcc occurs ; [] |25| 
     173                      .dwpsn  file "../ConvertorCntrl/StopConvertor.c",line 26,column 5,is_stmt
     174 00000017 8A42          MOVL      XAR4,*-SP[2]          ; [CPU_] |26| 
     175 00000018 56BF          MOVB      *+XAR4[0],#4,UNC      ; [CPU_] |26| 
         00000019 04C4 
     176                      .dwpsn  file "../ConvertorCntrl/StopConvertor.c",line 27,column 5,is_stmt
     177 0000001a 9A00          MOVB      AL,#0                 ; [CPU_] |27| 
     178              $C$DW$22        .dwtag  DW_TAG_TI_branch
     179                      .dwattr $C$DW$22, DW_AT_low_pc(0x00)
     180                      .dwattr $C$DW$22, DW_AT_name("_presetAdc")
     181                      .dwattr $C$DW$22, DW_AT_TI_call
     182 0000001b 7640!         LCR       #_presetAdc           ; [CPU_] |27| 
         0000001c 0000 
     183                      ; call occurs [#_presetAdc] ; [] |27| 
     184                      .dwpsn  file "../ConvertorCntrl/StopConvertor.c",line 28,column 5,is_stmt
     185 0000001d 0214          MOVB      ACC,#20               ; [CPU_] |28| 
     186              $C$DW$23        .dwtag  DW_TAG_TI_branch
     187                      .dwattr $C$DW$23, DW_AT_low_pc(0x00)
     188                      .dwattr $C$DW$23, DW_AT_name("_SET_DELAY_CONV_DL")
     189                      .dwattr $C$DW$23, DW_AT_TI_call
     190 0000001e 7640!         LCR       #_SET_DELAY_CONV_DL   ; [CPU_] |28| 
         0000001f 0000 
     191                      ; call occurs [#_SET_DELAY_CONV_DL] ; [] |28| 
     192                      .dwpsn  file "../ConvertorCntrl/StopConvertor.c",line 29,column 4,is_stmt
     193 00000020 6F07          B         $C$L4,UNC             ; [CPU_] |29| 
     194                      ; branch occurs ; [] |29| 
     195 00000021       $C$L3:    
     196                      .dwpsn  file "../ConvertorCntrl/StopConvertor.c",line 30,column 5,is_stmt
     197 00000021 8A42          MOVL      XAR4,*-SP[2]          ; [CPU_] |30| 
     198 00000022 56BF          MOVB      *+XAR4[0],#3,UNC      ; [CPU_] |30| 
         00000023 03C4 
     199                      .dwpsn  file "../ConvertorCntrl/StopConvertor.c",line 31,column 5,is_stmt
     200 00000024 0264          MOVB      ACC,#100              ; [CPU_] |31| 
     201              $C$DW$24        .dwtag  DW_TAG_TI_branch
     202                      .dwattr $C$DW$24, DW_AT_low_pc(0x00)
     203                      .dwattr $C$DW$24, DW_AT_name("_SET_DELAY_CONV_DL")
     204                      .dwattr $C$DW$24, DW_AT_TI_call
     205 00000025 7640!         LCR       #_SET_DELAY_CONV_DL   ; [CPU_] |31| 
         00000026 0000 
     206                      ; call occurs [#_SET_DELAY_CONV_DL] ; [] |31| 
     207 00000027       $C$L4:    
     208                      .dwpsn  file "../ConvertorCntrl/StopConvertor.c",line 34,column 4,is_stmt
     209              $C$DW$25        .dwtag  DW_TAG_TI_branch
TMS320C2000 Assembler PC v6.2.7 Thu Jul 02 08:31:33 2015

Tools Copyright (c) 1996-2014 Texas Instruments Incorporated
C:\Users\Tester\AppData\Local\Temp\0366810                           PAGE    5

     210                      .dwattr $C$DW$25, DW_AT_low_pc(0x00)
     211                      .dwattr $C$DW$25, DW_AT_name("_testAllDriverError")
     212                      .dwattr $C$DW$25, DW_AT_TI_call
     213 00000027 7640!         LCR       #_testAllDriverError  ; [CPU_] |34| 
         00000028 0000 
     214                      ; call occurs [#_testAllDriverError] ; [] |34| 
     215 00000029 5200          CMPB      AL,#0                 ; [CPU_] |34| 
     216 0000002a EC03          BF        $C$L5,EQ              ; [CPU_] |34| 
     217                      ; branchcc occurs ; [] |34| 
     218                      .dwpsn  file "../ConvertorCntrl/StopConvertor.c",line 36,column 5,is_stmt
     219              $C$DW$26        .dwtag  DW_TAG_TI_branch
     220                      .dwattr $C$DW$26, DW_AT_low_pc(0x00)
     221                      .dwattr $C$DW$26, DW_AT_name("_initStatusConvertor")
     222                      .dwattr $C$DW$26, DW_AT_TI_call
     223 0000002b 7640!         LCR       #_initStatusConvertor ; [CPU_] |36| 
         0000002c 0000 
     224                      ; call occurs [#_initStatusConvertor] ; [] |36| 
     225 0000002d       $C$L5:    
     226                      .dwpsn  file "../ConvertorCntrl/StopConvertor.c",line 39,column 4,is_stmt
     227 0000002d 9A01          MOVB      AL,#1                 ; [CPU_] |39| 
     228 0000002e 6F14          B         $C$L8,UNC             ; [CPU_] |39| 
     229                      ; branch occurs ; [] |39| 
     230 0000002f       $C$L6:    
     231                      .dwpsn  file "../ConvertorCntrl/StopConvertor.c",line 42,column 4,is_stmt
     232              $C$DW$27        .dwtag  DW_TAG_TI_branch
     233                      .dwattr $C$DW$27, DW_AT_low_pc(0x00)
     234                      .dwattr $C$DW$27, DW_AT_name("_initMessure")
     235                      .dwattr $C$DW$27, DW_AT_TI_call
     236 0000002f 7640!         LCR       #_initMessure         ; [CPU_] |42| 
         00000030 0000 
     237                      ; call occurs [#_initMessure] ; [] |42| 
     238                      .dwpsn  file "../ConvertorCntrl/StopConvertor.c",line 43,column 5,is_stmt
     239 00000031 9A02          MOVB      AL,#2                 ; [CPU_] |43| 
     240              $C$DW$28        .dwtag  DW_TAG_TI_branch
     241                      .dwattr $C$DW$28, DW_AT_low_pc(0x00)
     242                      .dwattr $C$DW$28, DW_AT_name("_presetAdc")
     243                      .dwattr $C$DW$28, DW_AT_TI_call
     244 00000032 7640!         LCR       #_presetAdc           ; [CPU_] |43| 
         00000033 0000 
     245                      ; call occurs [#_presetAdc] ; [] |43| 
     246                      .dwpsn  file "../ConvertorCntrl/StopConvertor.c",line 44,column 4,is_stmt
     247 00000034 0214          MOVB      ACC,#20               ; [CPU_] |44| 
     248              $C$DW$29        .dwtag  DW_TAG_TI_branch
     249                      .dwattr $C$DW$29, DW_AT_low_pc(0x00)
     250                      .dwattr $C$DW$29, DW_AT_name("_SET_DELAY_CONV_DL")
     251                      .dwattr $C$DW$29, DW_AT_TI_call
     252 00000035 7640!         LCR       #_SET_DELAY_CONV_DL   ; [CPU_] |44| 
         00000036 0000 
     253                      ; call occurs [#_SET_DELAY_CONV_DL] ; [] |44| 
     254                      .dwpsn  file "../ConvertorCntrl/StopConvertor.c",line 45,column 4,is_stmt
     255 00000037 9A02          MOVB      AL,#2                 ; [CPU_] |45| 
     256 00000038 6F0A          B         $C$L8,UNC             ; [CPU_] |45| 
     257                      ; branch occurs ; [] |45| 
     258 00000039       $C$L7:    
     259                      .dwpsn  file "../ConvertorCntrl/StopConvertor.c",line 14,column 2,is_stmt
TMS320C2000 Assembler PC v6.2.7 Thu Jul 02 08:31:33 2015

Tools Copyright (c) 1996-2014 Texas Instruments Incorporated
C:\Users\Tester\AppData\Local\Temp\0366810                           PAGE    6

     260 00000039 8A42          MOVL      XAR4,*-SP[2]          ; [CPU_] |14| 
     261 0000003a 92C4          MOV       AL,*+XAR4[0]          ; [CPU_] |14| 
     262 0000003b 5202          CMPB      AL,#2                 ; [CPU_] |14| 
     263 0000003c ECCA          BF        $C$L1,EQ              ; [CPU_] |14| 
     264                      ; branchcc occurs ; [] |14| 
     265 0000003d 5203          CMPB      AL,#3                 ; [CPU_] |14| 
     266 0000003e ECD4          BF        $C$L2,EQ              ; [CPU_] |14| 
     267                      ; branchcc occurs ; [] |14| 
     268 0000003f 5204          CMPB      AL,#4                 ; [CPU_] |14| 
     269 00000040 ECEF          BF        $C$L6,EQ              ; [CPU_] |14| 
     270                      ; branchcc occurs ; [] |14| 
     271 00000041 6FC5          B         $C$L1,UNC             ; [CPU_] |14| 
     272                      ; branch occurs ; [] |14| 
     273 00000042       $C$L8:    
     274                      .dwpsn  file "../ConvertorCntrl/StopConvertor.c",line 48,column 1,is_stmt
     275 00000042 FE82          SUBB      SP,#2                 ; [CPU_U] 
     276                      .dwcfi  cfa_offset, -2
     277              $C$DW$30        .dwtag  DW_TAG_TI_branch
     278                      .dwattr $C$DW$30, DW_AT_low_pc(0x00)
     279                      .dwattr $C$DW$30, DW_AT_TI_return
     280 00000043 0006          LRETR     ; [CPU_] 
     281                      ; return occurs ; [] 
     282                      .dwattr $C$DW$14, DW_AT_TI_end_file("../ConvertorCntrl/StopConvertor.c")
     283                      .dwattr $C$DW$14, DW_AT_TI_end_line(0x30)
     284                      .dwattr $C$DW$14, DW_AT_TI_end_column(0x01)
     285                      .dwendentry
     286                      .dwendtag $C$DW$14
     287              
     288              ;**************************************************************
     289              ;* UNDEFINED EXTERNAL REFERENCES                              *
     290              ;**************************************************************
     291                      .global _presetAdc
     292                      .global _initMessure
     293                      .global _initStatusConvertor
     294                      .global _SET_DELAY_CONV_DL
     295                      .global _rstPwmCntrl
     296                      .global _rstCntrlPwm
     297                      .global _testStatusConvertor
     298                      .global _testAllDriverError
     299                      .global _getMainTask
     300              
     301              ;***************************************************************
     302              ;* TYPE INFORMATION                                            *
     303              ;***************************************************************
     304              $C$DW$T$4       .dwtag  DW_TAG_base_type
     305                      .dwattr $C$DW$T$4, DW_AT_encoding(DW_ATE_boolean)
     306                      .dwattr $C$DW$T$4, DW_AT_name("bool")
     307                      .dwattr $C$DW$T$4, DW_AT_byte_size(0x01)
     308              $C$DW$T$5       .dwtag  DW_TAG_base_type
     309                      .dwattr $C$DW$T$5, DW_AT_encoding(DW_ATE_signed_char)
     310                      .dwattr $C$DW$T$5, DW_AT_name("signed char")
     311                      .dwattr $C$DW$T$5, DW_AT_byte_size(0x01)
     312              $C$DW$T$6       .dwtag  DW_TAG_base_type
     313                      .dwattr $C$DW$T$6, DW_AT_encoding(DW_ATE_unsigned_char)
     314                      .dwattr $C$DW$T$6, DW_AT_name("unsigned char")
TMS320C2000 Assembler PC v6.2.7 Thu Jul 02 08:31:33 2015

Tools Copyright (c) 1996-2014 Texas Instruments Incorporated
C:\Users\Tester\AppData\Local\Temp\0366810                           PAGE    7

     315                      .dwattr $C$DW$T$6, DW_AT_byte_size(0x01)
     316              $C$DW$T$7       .dwtag  DW_TAG_base_type
     317                      .dwattr $C$DW$T$7, DW_AT_encoding(DW_ATE_signed_char)
     318                      .dwattr $C$DW$T$7, DW_AT_name("wchar_t")
     319                      .dwattr $C$DW$T$7, DW_AT_byte_size(0x01)
     320              $C$DW$T$8       .dwtag  DW_TAG_base_type
     321                      .dwattr $C$DW$T$8, DW_AT_encoding(DW_ATE_signed)
     322                      .dwattr $C$DW$T$8, DW_AT_name("short")
     323                      .dwattr $C$DW$T$8, DW_AT_byte_size(0x01)
     324              $C$DW$T$9       .dwtag  DW_TAG_base_type
     325                      .dwattr $C$DW$T$9, DW_AT_encoding(DW_ATE_unsigned)
     326                      .dwattr $C$DW$T$9, DW_AT_name("unsigned short")
     327                      .dwattr $C$DW$T$9, DW_AT_byte_size(0x01)
     328              $C$DW$T$10      .dwtag  DW_TAG_base_type
     329                      .dwattr $C$DW$T$10, DW_AT_encoding(DW_ATE_signed)
     330                      .dwattr $C$DW$T$10, DW_AT_name("int")
     331                      .dwattr $C$DW$T$10, DW_AT_byte_size(0x01)
     332              $C$DW$T$11      .dwtag  DW_TAG_base_type
     333                      .dwattr $C$DW$T$11, DW_AT_encoding(DW_ATE_unsigned)
     334                      .dwattr $C$DW$T$11, DW_AT_name("unsigned int")
     335                      .dwattr $C$DW$T$11, DW_AT_byte_size(0x01)
     336              $C$DW$T$28      .dwtag  DW_TAG_typedef, DW_AT_name("UINT16")
     337                      .dwattr $C$DW$T$28, DW_AT_type(*$C$DW$T$11)
     338                      .dwattr $C$DW$T$28, DW_AT_language(DW_LANG_C)
     339              $C$DW$T$29      .dwtag  DW_TAG_pointer_type
     340                      .dwattr $C$DW$T$29, DW_AT_type(*$C$DW$T$28)
     341                      .dwattr $C$DW$T$29, DW_AT_address_class(0x16)
     342              $C$DW$T$31      .dwtag  DW_TAG_typedef, DW_AT_name("UINT8")
     343                      .dwattr $C$DW$T$31, DW_AT_type(*$C$DW$T$11)
     344                      .dwattr $C$DW$T$31, DW_AT_language(DW_LANG_C)
     345              $C$DW$T$12      .dwtag  DW_TAG_base_type
     346                      .dwattr $C$DW$T$12, DW_AT_encoding(DW_ATE_signed)
     347                      .dwattr $C$DW$T$12, DW_AT_name("long")
     348                      .dwattr $C$DW$T$12, DW_AT_byte_size(0x02)
     349              $C$DW$T$13      .dwtag  DW_TAG_base_type
     350                      .dwattr $C$DW$T$13, DW_AT_encoding(DW_ATE_unsigned)
     351                      .dwattr $C$DW$T$13, DW_AT_name("unsigned long")
     352                      .dwattr $C$DW$T$13, DW_AT_byte_size(0x02)
     353              $C$DW$T$21      .dwtag  DW_TAG_typedef, DW_AT_name("UINT32")
     354                      .dwattr $C$DW$T$21, DW_AT_type(*$C$DW$T$13)
     355                      .dwattr $C$DW$T$21, DW_AT_language(DW_LANG_C)
     356              $C$DW$T$22      .dwtag  DW_TAG_typedef, DW_AT_name("typeTIC")
     357                      .dwattr $C$DW$T$22, DW_AT_type(*$C$DW$T$21)
     358                      .dwattr $C$DW$T$22, DW_AT_language(DW_LANG_C)
     359              $C$DW$T$14      .dwtag  DW_TAG_base_type
     360                      .dwattr $C$DW$T$14, DW_AT_encoding(DW_ATE_signed)
     361                      .dwattr $C$DW$T$14, DW_AT_name("long long")
     362                      .dwattr $C$DW$T$14, DW_AT_byte_size(0x04)
     363              $C$DW$T$15      .dwtag  DW_TAG_base_type
     364                      .dwattr $C$DW$T$15, DW_AT_encoding(DW_ATE_unsigned)
     365                      .dwattr $C$DW$T$15, DW_AT_name("unsigned long long")
     366                      .dwattr $C$DW$T$15, DW_AT_byte_size(0x04)
     367              $C$DW$T$16      .dwtag  DW_TAG_base_type
     368                      .dwattr $C$DW$T$16, DW_AT_encoding(DW_ATE_float)
     369                      .dwattr $C$DW$T$16, DW_AT_name("float")
TMS320C2000 Assembler PC v6.2.7 Thu Jul 02 08:31:33 2015

Tools Copyright (c) 1996-2014 Texas Instruments Incorporated
C:\Users\Tester\AppData\Local\Temp\0366810                           PAGE    8

     370                      .dwattr $C$DW$T$16, DW_AT_byte_size(0x02)
     371              $C$DW$T$17      .dwtag  DW_TAG_base_type
     372                      .dwattr $C$DW$T$17, DW_AT_encoding(DW_ATE_float)
     373                      .dwattr $C$DW$T$17, DW_AT_name("double")
     374                      .dwattr $C$DW$T$17, DW_AT_byte_size(0x02)
     375              $C$DW$T$18      .dwtag  DW_TAG_base_type
     376                      .dwattr $C$DW$T$18, DW_AT_encoding(DW_ATE_float)
     377                      .dwattr $C$DW$T$18, DW_AT_name("long double")
     378                      .dwattr $C$DW$T$18, DW_AT_byte_size(0x04)
     379                      .dwattr $C$DW$CU, DW_AT_language(DW_LANG_C)
     380              
     381              ;***************************************************************
     382              ;* DWARF CIE ENTRIES                                           *
     383              ;***************************************************************
     384              
     385              $C$DW$CIE       .dwcie 78
     386                      .dwcfi  cfa_register, 20
     387                      .dwcfi  cfa_offset, 0
     388                      .dwcfi  undefined, 0
     389                      .dwcfi  undefined, 1
     390                      .dwcfi  undefined, 2
     391                      .dwcfi  undefined, 3
     392                      .dwcfi  undefined, 20
     393                      .dwcfi  undefined, 21
     394                      .dwcfi  undefined, 22
     395                      .dwcfi  undefined, 23
     396                      .dwcfi  undefined, 24
     397                      .dwcfi  undefined, 25
     398                      .dwcfi  undefined, 26
     399                      .dwcfi  same_value, 28
     400                      .dwcfi  undefined, 29
     401                      .dwcfi  undefined, 30
     402                      .dwcfi  undefined, 31
     403                      .dwcfi  undefined, 32
     404                      .dwcfi  undefined, 33
     405                      .dwcfi  undefined, 34
     406                      .dwcfi  undefined, 35
     407                      .dwcfi  undefined, 36
     408                      .dwcfi  undefined, 37
     409                      .dwcfi  undefined, 38
     410                      .dwcfi  undefined, 75
     411                      .dwcfi  undefined, 76
     412                      .dwcfi  undefined, 77
     413                      .dwcfi  undefined, 4
     414                      .dwcfi  same_value, 6
     415                      .dwcfi  same_value, 8
     416                      .dwcfi  same_value, 10
     417                      .dwcfi  undefined, 12
     418                      .dwcfi  undefined, 14
     419                      .dwcfi  undefined, 16
     420                      .dwcfi  undefined, 17
     421                      .dwcfi  undefined, 18
     422                      .dwcfi  undefined, 19
     423                      .dwcfi  undefined, 5
     424                      .dwcfi  same_value, 7
TMS320C2000 Assembler PC v6.2.7 Thu Jul 02 08:31:33 2015

Tools Copyright (c) 1996-2014 Texas Instruments Incorporated
C:\Users\Tester\AppData\Local\Temp\0366810                           PAGE    9

     425                      .dwcfi  same_value, 9
     426                      .dwcfi  same_value, 11
     427                      .dwcfi  undefined, 13
     428                      .dwcfi  undefined, 15
     429                      .dwcfi  undefined, 43
     430                      .dwcfi  undefined, 44
     431                      .dwcfi  undefined, 47
     432                      .dwcfi  undefined, 48
     433                      .dwcfi  undefined, 51
     434                      .dwcfi  undefined, 52
     435                      .dwcfi  undefined, 55
     436                      .dwcfi  undefined, 56
     437                      .dwcfi  same_value, 59
     438                      .dwcfi  same_value, 60
     439                      .dwcfi  same_value, 63
     440                      .dwcfi  same_value, 64
     441                      .dwcfi  same_value, 67
     442                      .dwcfi  same_value, 68
     443                      .dwcfi  same_value, 71
     444                      .dwcfi  same_value, 72
     445                      .dwcfi  undefined, 73
     446                      .dwcfi  undefined, 74
     447                      .dwcfi  undefined, 39
     448                      .dwcfi  undefined, 40
     449                      .dwcfi  undefined, 27
     450                      .dwcfi  undefined, 78
     451                      .dwendentry
     452              
     453              ;***************************************************************
     454              ;* DWARF REGISTER MAP                                          *
     455              ;***************************************************************
     456              
     457              $C$DW$31        .dwtag  DW_TAG_TI_assign_register, DW_AT_name("AL")
     458                      .dwattr $C$DW$31, DW_AT_location[DW_OP_reg0]
     459              $C$DW$32        .dwtag  DW_TAG_TI_assign_register, DW_AT_name("AH")
     460                      .dwattr $C$DW$32, DW_AT_location[DW_OP_reg1]
     461              $C$DW$33        .dwtag  DW_TAG_TI_assign_register, DW_AT_name("PL")
     462                      .dwattr $C$DW$33, DW_AT_location[DW_OP_reg2]
     463              $C$DW$34        .dwtag  DW_TAG_TI_assign_register, DW_AT_name("PH")
     464                      .dwattr $C$DW$34, DW_AT_location[DW_OP_reg3]
     465              $C$DW$35        .dwtag  DW_TAG_TI_assign_register, DW_AT_name("SP")
     466                      .dwattr $C$DW$35, DW_AT_location[DW_OP_reg20]
     467              $C$DW$36        .dwtag  DW_TAG_TI_assign_register, DW_AT_name("XT")
     468                      .dwattr $C$DW$36, DW_AT_location[DW_OP_reg21]
     469              $C$DW$37        .dwtag  DW_TAG_TI_assign_register, DW_AT_name("T")
     470                      .dwattr $C$DW$37, DW_AT_location[DW_OP_reg22]
     471              $C$DW$38        .dwtag  DW_TAG_TI_assign_register, DW_AT_name("ST0")
     472                      .dwattr $C$DW$38, DW_AT_location[DW_OP_reg23]
     473              $C$DW$39        .dwtag  DW_TAG_TI_assign_register, DW_AT_name("ST1")
     474                      .dwattr $C$DW$39, DW_AT_location[DW_OP_reg24]
     475              $C$DW$40        .dwtag  DW_TAG_TI_assign_register, DW_AT_name("PC")
     476                      .dwattr $C$DW$40, DW_AT_location[DW_OP_reg25]
     477              $C$DW$41        .dwtag  DW_TAG_TI_assign_register, DW_AT_name("RPC")
     478                      .dwattr $C$DW$41, DW_AT_location[DW_OP_reg26]
     479              $C$DW$42        .dwtag  DW_TAG_TI_assign_register, DW_AT_name("FP")
TMS320C2000 Assembler PC v6.2.7 Thu Jul 02 08:31:33 2015

Tools Copyright (c) 1996-2014 Texas Instruments Incorporated
C:\Users\Tester\AppData\Local\Temp\0366810                           PAGE   10

     480                      .dwattr $C$DW$42, DW_AT_location[DW_OP_reg28]
     481              $C$DW$43        .dwtag  DW_TAG_TI_assign_register, DW_AT_name("DP")
     482                      .dwattr $C$DW$43, DW_AT_location[DW_OP_reg29]
     483              $C$DW$44        .dwtag  DW_TAG_TI_assign_register, DW_AT_name("SXM")
     484                      .dwattr $C$DW$44, DW_AT_location[DW_OP_reg30]
     485              $C$DW$45        .dwtag  DW_TAG_TI_assign_register, DW_AT_name("PM")
     486                      .dwattr $C$DW$45, DW_AT_location[DW_OP_reg31]
     487              $C$DW$46        .dwtag  DW_TAG_TI_assign_register, DW_AT_name("OVM")
     488                      .dwattr $C$DW$46, DW_AT_location[DW_OP_regx 0x20]
     489              $C$DW$47        .dwtag  DW_TAG_TI_assign_register, DW_AT_name("PAGE0")
     490                      .dwattr $C$DW$47, DW_AT_location[DW_OP_regx 0x21]
     491              $C$DW$48        .dwtag  DW_TAG_TI_assign_register, DW_AT_name("AMODE")
     492                      .dwattr $C$DW$48, DW_AT_location[DW_OP_regx 0x22]
     493              $C$DW$49        .dwtag  DW_TAG_TI_assign_register, DW_AT_name("INTM")
     494                      .dwattr $C$DW$49, DW_AT_location[DW_OP_regx 0x23]
     495              $C$DW$50        .dwtag  DW_TAG_TI_assign_register, DW_AT_name("IFR")
     496                      .dwattr $C$DW$50, DW_AT_location[DW_OP_regx 0x24]
     497              $C$DW$51        .dwtag  DW_TAG_TI_assign_register, DW_AT_name("IER")
     498                      .dwattr $C$DW$51, DW_AT_location[DW_OP_regx 0x25]
     499              $C$DW$52        .dwtag  DW_TAG_TI_assign_register, DW_AT_name("V")
     500                      .dwattr $C$DW$52, DW_AT_location[DW_OP_regx 0x26]
     501              $C$DW$53        .dwtag  DW_TAG_TI_assign_register, DW_AT_name("PSEUDOH")
     502                      .dwattr $C$DW$53, DW_AT_location[DW_OP_regx 0x4c]
     503              $C$DW$54        .dwtag  DW_TAG_TI_assign_register, DW_AT_name("VOL")
     504                      .dwattr $C$DW$54, DW_AT_location[DW_OP_regx 0x4d]
     505              $C$DW$55        .dwtag  DW_TAG_TI_assign_register, DW_AT_name("AR0")
     506                      .dwattr $C$DW$55, DW_AT_location[DW_OP_reg4]
     507              $C$DW$56        .dwtag  DW_TAG_TI_assign_register, DW_AT_name("AR1")
     508                      .dwattr $C$DW$56, DW_AT_location[DW_OP_reg6]
     509              $C$DW$57        .dwtag  DW_TAG_TI_assign_register, DW_AT_name("AR2")
     510                      .dwattr $C$DW$57, DW_AT_location[DW_OP_reg8]
     511              $C$DW$58        .dwtag  DW_TAG_TI_assign_register, DW_AT_name("AR3")
     512                      .dwattr $C$DW$58, DW_AT_location[DW_OP_reg10]
     513              $C$DW$59        .dwtag  DW_TAG_TI_assign_register, DW_AT_name("AR4")
     514                      .dwattr $C$DW$59, DW_AT_location[DW_OP_reg12]
     515              $C$DW$60        .dwtag  DW_TAG_TI_assign_register, DW_AT_name("AR5")
     516                      .dwattr $C$DW$60, DW_AT_location[DW_OP_reg14]
     517              $C$DW$61        .dwtag  DW_TAG_TI_assign_register, DW_AT_name("AR6")
     518                      .dwattr $C$DW$61, DW_AT_location[DW_OP_reg16]
     519              $C$DW$62        .dwtag  DW_TAG_TI_assign_register, DW_AT_name("XAR6")
     520                      .dwattr $C$DW$62, DW_AT_location[DW_OP_reg17]
     521              $C$DW$63        .dwtag  DW_TAG_TI_assign_register, DW_AT_name("AR7")
     522                      .dwattr $C$DW$63, DW_AT_location[DW_OP_reg18]
     523              $C$DW$64        .dwtag  DW_TAG_TI_assign_register, DW_AT_name("XAR7")
     524                      .dwattr $C$DW$64, DW_AT_location[DW_OP_reg19]
     525              $C$DW$65        .dwtag  DW_TAG_TI_assign_register, DW_AT_name("XAR0")
     526                      .dwattr $C$DW$65, DW_AT_location[DW_OP_reg5]
     527              $C$DW$66        .dwtag  DW_TAG_TI_assign_register, DW_AT_name("XAR1")
     528                      .dwattr $C$DW$66, DW_AT_location[DW_OP_reg7]
     529              $C$DW$67        .dwtag  DW_TAG_TI_assign_register, DW_AT_name("XAR2")
     530                      .dwattr $C$DW$67, DW_AT_location[DW_OP_reg9]
     531              $C$DW$68        .dwtag  DW_TAG_TI_assign_register, DW_AT_name("XAR3")
     532                      .dwattr $C$DW$68, DW_AT_location[DW_OP_reg11]
     533              $C$DW$69        .dwtag  DW_TAG_TI_assign_register, DW_AT_name("XAR4")
     534                      .dwattr $C$DW$69, DW_AT_location[DW_OP_reg13]
TMS320C2000 Assembler PC v6.2.7 Thu Jul 02 08:31:33 2015

Tools Copyright (c) 1996-2014 Texas Instruments Incorporated
C:\Users\Tester\AppData\Local\Temp\0366810                           PAGE   11

     535              $C$DW$70        .dwtag  DW_TAG_TI_assign_register, DW_AT_name("XAR5")
     536                      .dwattr $C$DW$70, DW_AT_location[DW_OP_reg15]
     537              $C$DW$71        .dwtag  DW_TAG_TI_assign_register, DW_AT_name("R0HL")
     538                      .dwattr $C$DW$71, DW_AT_location[DW_OP_regx 0x2b]
     539              $C$DW$72        .dwtag  DW_TAG_TI_assign_register, DW_AT_name("R0H")
     540                      .dwattr $C$DW$72, DW_AT_location[DW_OP_regx 0x2c]
     541              $C$DW$73        .dwtag  DW_TAG_TI_assign_register, DW_AT_name("R1HL")
     542                      .dwattr $C$DW$73, DW_AT_location[DW_OP_regx 0x2f]
     543              $C$DW$74        .dwtag  DW_TAG_TI_assign_register, DW_AT_name("R1H")
     544                      .dwattr $C$DW$74, DW_AT_location[DW_OP_regx 0x30]
     545              $C$DW$75        .dwtag  DW_TAG_TI_assign_register, DW_AT_name("R2HL")
     546                      .dwattr $C$DW$75, DW_AT_location[DW_OP_regx 0x33]
     547              $C$DW$76        .dwtag  DW_TAG_TI_assign_register, DW_AT_name("R2H")
     548                      .dwattr $C$DW$76, DW_AT_location[DW_OP_regx 0x34]
     549              $C$DW$77        .dwtag  DW_TAG_TI_assign_register, DW_AT_name("R3HL")
     550                      .dwattr $C$DW$77, DW_AT_location[DW_OP_regx 0x37]
     551              $C$DW$78        .dwtag  DW_TAG_TI_assign_register, DW_AT_name("R3H")
     552                      .dwattr $C$DW$78, DW_AT_location[DW_OP_regx 0x38]
     553              $C$DW$79        .dwtag  DW_TAG_TI_assign_register, DW_AT_name("R4HL")
     554                      .dwattr $C$DW$79, DW_AT_location[DW_OP_regx 0x3b]
     555              $C$DW$80        .dwtag  DW_TAG_TI_assign_register, DW_AT_name("R4H")
     556                      .dwattr $C$DW$80, DW_AT_location[DW_OP_regx 0x3c]
     557              $C$DW$81        .dwtag  DW_TAG_TI_assign_register, DW_AT_name("R5HL")
     558                      .dwattr $C$DW$81, DW_AT_location[DW_OP_regx 0x3f]
     559              $C$DW$82        .dwtag  DW_TAG_TI_assign_register, DW_AT_name("R5H")
     560                      .dwattr $C$DW$82, DW_AT_location[DW_OP_regx 0x40]
     561              $C$DW$83        .dwtag  DW_TAG_TI_assign_register, DW_AT_name("R6HL")
     562                      .dwattr $C$DW$83, DW_AT_location[DW_OP_regx 0x43]
     563              $C$DW$84        .dwtag  DW_TAG_TI_assign_register, DW_AT_name("R6H")
     564                      .dwattr $C$DW$84, DW_AT_location[DW_OP_regx 0x44]
     565              $C$DW$85        .dwtag  DW_TAG_TI_assign_register, DW_AT_name("R7HL")
     566                      .dwattr $C$DW$85, DW_AT_location[DW_OP_regx 0x47]
     567              $C$DW$86        .dwtag  DW_TAG_TI_assign_register, DW_AT_name("R7H")
     568                      .dwattr $C$DW$86, DW_AT_location[DW_OP_regx 0x48]
     569              $C$DW$87        .dwtag  DW_TAG_TI_assign_register, DW_AT_name("RBL")
     570                      .dwattr $C$DW$87, DW_AT_location[DW_OP_regx 0x49]
     571              $C$DW$88        .dwtag  DW_TAG_TI_assign_register, DW_AT_name("RB")
     572                      .dwattr $C$DW$88, DW_AT_location[DW_OP_regx 0x4a]
     573              $C$DW$89        .dwtag  DW_TAG_TI_assign_register, DW_AT_name("STFL")
     574                      .dwattr $C$DW$89, DW_AT_location[DW_OP_regx 0x27]
     575              $C$DW$90        .dwtag  DW_TAG_TI_assign_register, DW_AT_name("STF")
     576                      .dwattr $C$DW$90, DW_AT_location[DW_OP_regx 0x28]
     577              $C$DW$91        .dwtag  DW_TAG_TI_assign_register, DW_AT_name("FPUHAZ")
     578                      .dwattr $C$DW$91, DW_AT_location[DW_OP_reg27]
     579              $C$DW$92        .dwtag  DW_TAG_TI_assign_register, DW_AT_name("CIE_RETA")
     580                      .dwattr $C$DW$92, DW_AT_location[DW_OP_regx 0x4e]
     581                      .dwendtag $C$DW$CU
     582              

No Assembly Errors, No Assembly Warnings
