TMS320C2000 Assembler PC v6.2.7 Thu Jul 02 08:31:05 2015

Tools Copyright (c) 1996-2014 Texas Instruments Incorporated
C:\Users\Tester\AppData\Local\Temp\0550410                           PAGE    1

       1              ;***************************************************************
       2              ;* TMS320C2000 C/C++ Codegen                         PC v6.2.7 *
       3              ;* Date/Time created: Thu Jul 02 08:31:05 2015                 *
       4              ;***************************************************************
       5                      .compiler_opts --diag_wrap=off --float_support=fpu32 --hll_source=on --mem_model:code=flat --mem_mode
       6        0002  FP      .set    XAR2
       7              
       8              $C$DW$CU        .dwtag  DW_TAG_compile_unit
       9                      .dwattr $C$DW$CU, DW_AT_name("../cntrlI2C/EEControl.c")
      10                      .dwattr $C$DW$CU, DW_AT_producer("TMS320C2000 C/C++ Codegen PC v6.2.7 Copyright (c) 1996-2014 Texas I
      11                      .dwattr $C$DW$CU, DW_AT_TI_version(0x01)
      12                      .dwattr $C$DW$CU, DW_AT_comp_dir("D:\ActiveProject\EKT5\PKMT_NONBIOS\InvertorCntrl\ISPprg")
      13              
      14              $C$DW$1 .dwtag  DW_TAG_subprogram, DW_AT_name("I2C_Control")
      15                      .dwattr $C$DW$1, DW_AT_TI_symbol_name("_I2C_Control")
      16                      .dwattr $C$DW$1, DW_AT_declaration
      17                      .dwattr $C$DW$1, DW_AT_external
      18              
      19              $C$DW$2 .dwtag  DW_TAG_subprogram, DW_AT_name("PutI2CTask")
      20                      .dwattr $C$DW$2, DW_AT_TI_symbol_name("_PutI2CTask")
      21                      .dwattr $C$DW$2, DW_AT_type(*$C$DW$T$5)
      22                      .dwattr $C$DW$2, DW_AT_declaration
      23                      .dwattr $C$DW$2, DW_AT_external
      24              $C$DW$3 .dwtag  DW_TAG_formal_parameter
      25                      .dwattr $C$DW$3, DW_AT_type(*$C$DW$T$24)
      26                      .dwendtag $C$DW$2
      27              
      28              ;       C:\ti\ccsv6\tools\compiler\c2000_6.2.7\bin\ac2000.exe -@C:\\Users\\Tester\\AppData\\Local\\Temp\\0550
      29 00000000               .sect   ".text"
      30                      .clink
      31                      .global _WriteEE
      32              
      33              $C$DW$4 .dwtag  DW_TAG_subprogram, DW_AT_name("WriteEE")
      34                      .dwattr $C$DW$4, DW_AT_low_pc(_WriteEE)
      35                      .dwattr $C$DW$4, DW_AT_high_pc(0x00)
      36                      .dwattr $C$DW$4, DW_AT_TI_symbol_name("_WriteEE")
      37                      .dwattr $C$DW$4, DW_AT_external
      38                      .dwattr $C$DW$4, DW_AT_type(*$C$DW$T$5)
      39                      .dwattr $C$DW$4, DW_AT_TI_begin_file("../cntrlI2C/EEControl.c")
      40                      .dwattr $C$DW$4, DW_AT_TI_begin_line(0x0e)
      41                      .dwattr $C$DW$4, DW_AT_TI_begin_column(0x06)
      42                      .dwattr $C$DW$4, DW_AT_TI_max_frame_size(-14)
      43                      .dwpsn  file "../cntrlI2C/EEControl.c",line 15,column 1,is_stmt,address _WriteEE
      44              
      45                      .dwfde $C$DW$CIE, _WriteEE
      46              $C$DW$5 .dwtag  DW_TAG_formal_parameter, DW_AT_name("msg")
      47                      .dwattr $C$DW$5, DW_AT_TI_symbol_name("_msg")
      48                      .dwattr $C$DW$5, DW_AT_type(*$C$DW$T$21)
      49                      .dwattr $C$DW$5, DW_AT_location[DW_OP_reg12]
      50              $C$DW$6 .dwtag  DW_TAG_formal_parameter, DW_AT_name("cnt")
      51                      .dwattr $C$DW$6, DW_AT_TI_symbol_name("_cnt")
      52                      .dwattr $C$DW$6, DW_AT_type(*$C$DW$T$5)
      53                      .dwattr $C$DW$6, DW_AT_location[DW_OP_reg0]
      54              
      55              ;***************************************************************
TMS320C2000 Assembler PC v6.2.7 Thu Jul 02 08:31:05 2015

Tools Copyright (c) 1996-2014 Texas Instruments Incorporated
C:\Users\Tester\AppData\Local\Temp\0550410                           PAGE    2

      56              ;* FNAME: _WriteEE                      FR SIZE:  12           *
      57              ;*                                                             *
      58              ;* FUNCTION ENVIRONMENT                                        *
      59              ;*                                                             *
      60              ;* FUNCTION PROPERTIES                                         *
      61              ;*                            0 Parameter, 12 Auto,  0 SOE     *
      62              ;***************************************************************
      63              
      64 00000000       _WriteEE:
      65                      .dwcfi  cfa_offset, -2
      66                      .dwcfi  save_reg_to_mem, 26, 0
      67                      .dwcfi  save_reg_to_reg, 78, 26
      68 00000000 FE0C          ADDB      SP,#12                ; [CPU_U] 
      69                      .dwcfi  cfa_offset, -14
      70              $C$DW$7 .dwtag  DW_TAG_variable, DW_AT_name("msg")
      71                      .dwattr $C$DW$7, DW_AT_TI_symbol_name("_msg")
      72                      .dwattr $C$DW$7, DW_AT_type(*$C$DW$T$21)
      73                      .dwattr $C$DW$7, DW_AT_location[DW_OP_breg20 -2]
      74              $C$DW$8 .dwtag  DW_TAG_variable, DW_AT_name("cnt")
      75                      .dwattr $C$DW$8, DW_AT_TI_symbol_name("_cnt")
      76                      .dwattr $C$DW$8, DW_AT_type(*$C$DW$T$5)
      77                      .dwattr $C$DW$8, DW_AT_location[DW_OP_breg20 -3]
      78              $C$DW$9 .dwtag  DW_TAG_variable, DW_AT_name("EETask")
      79                      .dwattr $C$DW$9, DW_AT_TI_symbol_name("_EETask")
      80                      .dwattr $C$DW$9, DW_AT_type(*$C$DW$T$25)
      81                      .dwattr $C$DW$9, DW_AT_location[DW_OP_breg20 -12]
      82 00000001 9643          MOV       *-SP[3],AL            ; [CPU_] |15| 
      83 00000002 A842          MOVL      *-SP[2],XAR4          ; [CPU_] |15| 
      84                      .dwpsn  file "../cntrlI2C/EEControl.c",line 17,column 5,is_stmt
      85 00000003 56BF          MOVB      *-SP[12],#3,UNC       ; [CPU_] |17| 
         00000004 034C 
      86                      .dwpsn  file "../cntrlI2C/EEControl.c",line 18,column 2,is_stmt
      87 00000005 56BF          MOVB      *-SP[11],#80,UNC      ; [CPU_] |18| 
         00000006 504B 
      88                      .dwpsn  file "../cntrlI2C/EEControl.c",line 19,column 5,is_stmt
      89 00000007 56BF          MOVB      *-SP[12],#2,UNC       ; [CPU_] |19| 
         00000008 024C 
      90                      .dwpsn  file "../cntrlI2C/EEControl.c",line 20,column 5,is_stmt
      91 00000009 9648          MOV       *-SP[8],AL            ; [CPU_] |20| 
      92                      .dwpsn  file "../cntrlI2C/EEControl.c",line 21,column 5,is_stmt
      93 0000000a 0642          MOVL      ACC,*-SP[2]           ; [CPU_] |21| 
      94 0000000b 1E4A          MOVL      *-SP[10],ACC          ; [CPU_] |21| 
      95                      .dwpsn  file "../cntrlI2C/EEControl.c",line 23,column 5,is_stmt
      96 0000000c 5CAD          MOVZ      AR4,SP                ; [CPU_U] |23| 
      97 0000000d DC8C          SUBB      XAR4,#12              ; [CPU_U] |23| 
      98              $C$DW$10        .dwtag  DW_TAG_TI_branch
      99                      .dwattr $C$DW$10, DW_AT_low_pc(0x00)
     100                      .dwattr $C$DW$10, DW_AT_name("_PutI2CTask")
     101                      .dwattr $C$DW$10, DW_AT_TI_call
     102 0000000e 7640!         LCR       #_PutI2CTask          ; [CPU_] |23| 
         0000000f 0000 
     103                      ; call occurs [#_PutI2CTask] ; [] |23| 
     104 00000010 5200          CMPB      AL,#0                 ; [CPU_] |23| 
     105 00000011 ED05          BF        $C$L2,NEQ             ; [CPU_] |23| 
     106                      ; branchcc occurs ; [] |23| 
TMS320C2000 Assembler PC v6.2.7 Thu Jul 02 08:31:05 2015

Tools Copyright (c) 1996-2014 Texas Instruments Incorporated
C:\Users\Tester\AppData\Local\Temp\0550410                           PAGE    3

     107                      .dwpsn  file "../cntrlI2C/EEControl.c",line 24,column 9,is_stmt
     108 00000012 9A00          MOVB      AL,#0                 ; [CPU_] |24| 
     109 00000013 6F0B          B         $C$L4,UNC             ; [CPU_] |24| 
     110                      ; branch occurs ; [] |24| 
     111 00000014       $C$L1:    
     112                      .dwpsn  file "../cntrlI2C/EEControl.c",line 28,column 3,is_stmt
     113              $C$DW$11        .dwtag  DW_TAG_TI_branch
     114                      .dwattr $C$DW$11, DW_AT_low_pc(0x00)
     115                      .dwattr $C$DW$11, DW_AT_name("_I2C_Control")
     116                      .dwattr $C$DW$11, DW_AT_TI_call
     117 00000014 7640!         LCR       #_I2C_Control         ; [CPU_] |28| 
         00000015 0000 
     118                      ; call occurs [#_I2C_Control] ; [] |28| 
     119 00000016       $C$L2:    
     120                      .dwpsn  file "../cntrlI2C/EEControl.c",line 27,column 11,is_stmt
     121 00000016 924C          MOV       AL,*-SP[12]           ; [CPU_] |27| 
     122 00000017 5203          CMPB      AL,#3                 ; [CPU_] |27| 
     123 00000018 EDFC          BF        $C$L1,NEQ             ; [CPU_] |27| 
     124                      ; branchcc occurs ; [] |27| 
     125                      .dwpsn  file "../cntrlI2C/EEControl.c",line 33,column 5,is_stmt
     126 00000019 9248          MOV       AL,*-SP[8]            ; [CPU_] |33| 
     127 0000001a EC03          BF        $C$L3,EQ              ; [CPU_] |33| 
     128                      ; branchcc occurs ; [] |33| 
     129                      .dwpsn  file "../cntrlI2C/EEControl.c",line 34,column 9,is_stmt
     130 0000001b 9A00          MOVB      AL,#0                 ; [CPU_] |34| 
     131 0000001c 6F02          B         $C$L4,UNC             ; [CPU_] |34| 
     132                      ; branch occurs ; [] |34| 
     133 0000001d       $C$L3:    
     134                      .dwpsn  file "../cntrlI2C/EEControl.c",line 36,column 5,is_stmt
     135 0000001d 9A01          MOVB      AL,#1                 ; [CPU_] |36| 
     136 0000001e       $C$L4:    
     137                      .dwpsn  file "../cntrlI2C/EEControl.c",line 37,column 1,is_stmt
     138 0000001e FE8C          SUBB      SP,#12                ; [CPU_U] 
     139                      .dwcfi  cfa_offset, -2
     140              $C$DW$12        .dwtag  DW_TAG_TI_branch
     141                      .dwattr $C$DW$12, DW_AT_low_pc(0x00)
     142                      .dwattr $C$DW$12, DW_AT_TI_return
     143 0000001f 0006          LRETR     ; [CPU_] 
     144                      ; return occurs ; [] 
     145                      .dwattr $C$DW$4, DW_AT_TI_end_file("../cntrlI2C/EEControl.c")
     146                      .dwattr $C$DW$4, DW_AT_TI_end_line(0x25)
     147                      .dwattr $C$DW$4, DW_AT_TI_end_column(0x01)
     148                      .dwendentry
     149                      .dwendtag $C$DW$4
     150              
     151 00000020               .sect   ".text"
     152                      .clink
     153                      .global _ReadEE
     154              
     155              $C$DW$13        .dwtag  DW_TAG_subprogram, DW_AT_name("ReadEE")
     156                      .dwattr $C$DW$13, DW_AT_low_pc(_ReadEE)
     157                      .dwattr $C$DW$13, DW_AT_high_pc(0x00)
     158                      .dwattr $C$DW$13, DW_AT_TI_symbol_name("_ReadEE")
     159                      .dwattr $C$DW$13, DW_AT_external
     160                      .dwattr $C$DW$13, DW_AT_type(*$C$DW$T$5)
TMS320C2000 Assembler PC v6.2.7 Thu Jul 02 08:31:05 2015

Tools Copyright (c) 1996-2014 Texas Instruments Incorporated
C:\Users\Tester\AppData\Local\Temp\0550410                           PAGE    4

     161                      .dwattr $C$DW$13, DW_AT_TI_begin_file("../cntrlI2C/EEControl.c")
     162                      .dwattr $C$DW$13, DW_AT_TI_begin_line(0x27)
     163                      .dwattr $C$DW$13, DW_AT_TI_begin_column(0x06)
     164                      .dwattr $C$DW$13, DW_AT_TI_max_frame_size(-14)
     165                      .dwpsn  file "../cntrlI2C/EEControl.c",line 40,column 1,is_stmt,address _ReadEE
     166              
     167                      .dwfde $C$DW$CIE, _ReadEE
     168              $C$DW$14        .dwtag  DW_TAG_formal_parameter, DW_AT_name("msg")
     169                      .dwattr $C$DW$14, DW_AT_TI_symbol_name("_msg")
     170                      .dwattr $C$DW$14, DW_AT_type(*$C$DW$T$21)
     171                      .dwattr $C$DW$14, DW_AT_location[DW_OP_reg12]
     172              $C$DW$15        .dwtag  DW_TAG_formal_parameter, DW_AT_name("cnt")
     173                      .dwattr $C$DW$15, DW_AT_TI_symbol_name("_cnt")
     174                      .dwattr $C$DW$15, DW_AT_type(*$C$DW$T$5)
     175                      .dwattr $C$DW$15, DW_AT_location[DW_OP_reg0]
     176              
     177              ;***************************************************************
     178              ;* FNAME: _ReadEE                       FR SIZE:  12           *
     179              ;*                                                             *
     180              ;* FUNCTION ENVIRONMENT                                        *
     181              ;*                                                             *
     182              ;* FUNCTION PROPERTIES                                         *
     183              ;*                            0 Parameter, 12 Auto,  0 SOE     *
     184              ;***************************************************************
     185              
     186 00000020       _ReadEE:
     187                      .dwcfi  cfa_offset, -2
     188                      .dwcfi  save_reg_to_mem, 26, 0
     189                      .dwcfi  save_reg_to_reg, 78, 26
     190 00000020 FE0C          ADDB      SP,#12                ; [CPU_U] 
     191                      .dwcfi  cfa_offset, -14
     192              $C$DW$16        .dwtag  DW_TAG_variable, DW_AT_name("msg")
     193                      .dwattr $C$DW$16, DW_AT_TI_symbol_name("_msg")
     194                      .dwattr $C$DW$16, DW_AT_type(*$C$DW$T$21)
     195                      .dwattr $C$DW$16, DW_AT_location[DW_OP_breg20 -2]
     196              $C$DW$17        .dwtag  DW_TAG_variable, DW_AT_name("cnt")
     197                      .dwattr $C$DW$17, DW_AT_TI_symbol_name("_cnt")
     198                      .dwattr $C$DW$17, DW_AT_type(*$C$DW$T$5)
     199                      .dwattr $C$DW$17, DW_AT_location[DW_OP_breg20 -3]
     200              $C$DW$18        .dwtag  DW_TAG_variable, DW_AT_name("EETask")
     201                      .dwattr $C$DW$18, DW_AT_TI_symbol_name("_EETask")
     202                      .dwattr $C$DW$18, DW_AT_type(*$C$DW$T$25)
     203                      .dwattr $C$DW$18, DW_AT_location[DW_OP_breg20 -12]
     204 00000021 9643          MOV       *-SP[3],AL            ; [CPU_] |40| 
     205 00000022 A842          MOVL      *-SP[2],XAR4          ; [CPU_] |40| 
     206                      .dwpsn  file "../cntrlI2C/EEControl.c",line 42,column 5,is_stmt
     207 00000023 56BF          MOVB      *-SP[12],#3,UNC       ; [CPU_] |42| 
         00000024 034C 
     208                      .dwpsn  file "../cntrlI2C/EEControl.c",line 43,column 2,is_stmt
     209 00000025 56BF          MOVB      *-SP[11],#80,UNC      ; [CPU_] |43| 
         00000026 504B 
     210                      .dwpsn  file "../cntrlI2C/EEControl.c",line 44,column 5,is_stmt
     211 00000027 2B4C          MOV       *-SP[12],#0           ; [CPU_] |44| 
     212                      .dwpsn  file "../cntrlI2C/EEControl.c",line 45,column 5,is_stmt
     213 00000028 FF5C          NEG       AL                    ; [CPU_] |45| 
TMS320C2000 Assembler PC v6.2.7 Thu Jul 02 08:31:05 2015

Tools Copyright (c) 1996-2014 Texas Instruments Incorporated
C:\Users\Tester\AppData\Local\Temp\0550410                           PAGE    5

     214 00000029 9648          MOV       *-SP[8],AL            ; [CPU_] |45| 
     215                      .dwpsn  file "../cntrlI2C/EEControl.c",line 46,column 5,is_stmt
     216 0000002a 0642          MOVL      ACC,*-SP[2]           ; [CPU_] |46| 
     217 0000002b 1E4A          MOVL      *-SP[10],ACC          ; [CPU_] |46| 
     218                      .dwpsn  file "../cntrlI2C/EEControl.c",line 48,column 5,is_stmt
     219 0000002c 5CAD          MOVZ      AR4,SP                ; [CPU_U] |48| 
     220 0000002d DC8C          SUBB      XAR4,#12              ; [CPU_U] |48| 
     221              $C$DW$19        .dwtag  DW_TAG_TI_branch
     222                      .dwattr $C$DW$19, DW_AT_low_pc(0x00)
     223                      .dwattr $C$DW$19, DW_AT_name("_PutI2CTask")
     224                      .dwattr $C$DW$19, DW_AT_TI_call
     225 0000002e 7640!         LCR       #_PutI2CTask          ; [CPU_] |48| 
         0000002f 0000 
     226                      ; call occurs [#_PutI2CTask] ; [] |48| 
     227 00000030 5200          CMPB      AL,#0                 ; [CPU_] |48| 
     228 00000031 ED05          BF        $C$L6,NEQ             ; [CPU_] |48| 
     229                      ; branchcc occurs ; [] |48| 
     230                      .dwpsn  file "../cntrlI2C/EEControl.c",line 49,column 9,is_stmt
     231 00000032 9A00          MOVB      AL,#0                 ; [CPU_] |49| 
     232 00000033 6F0B          B         $C$L8,UNC             ; [CPU_] |49| 
     233                      ; branch occurs ; [] |49| 
     234 00000034       $C$L5:    
     235                      .dwpsn  file "../cntrlI2C/EEControl.c",line 53,column 3,is_stmt
     236              $C$DW$20        .dwtag  DW_TAG_TI_branch
     237                      .dwattr $C$DW$20, DW_AT_low_pc(0x00)
     238                      .dwattr $C$DW$20, DW_AT_name("_I2C_Control")
     239                      .dwattr $C$DW$20, DW_AT_TI_call
     240 00000034 7640!         LCR       #_I2C_Control         ; [CPU_] |53| 
         00000035 0000 
     241                      ; call occurs [#_I2C_Control] ; [] |53| 
     242 00000036       $C$L6:    
     243                      .dwpsn  file "../cntrlI2C/EEControl.c",line 52,column 11,is_stmt
     244 00000036 924C          MOV       AL,*-SP[12]           ; [CPU_] |52| 
     245 00000037 5203          CMPB      AL,#3                 ; [CPU_] |52| 
     246 00000038 EDFC          BF        $C$L5,NEQ             ; [CPU_] |52| 
     247                      ; branchcc occurs ; [] |52| 
     248                      .dwpsn  file "../cntrlI2C/EEControl.c",line 58,column 5,is_stmt
     249 00000039 9248          MOV       AL,*-SP[8]            ; [CPU_] |58| 
     250 0000003a EC03          BF        $C$L7,EQ              ; [CPU_] |58| 
     251                      ; branchcc occurs ; [] |58| 
     252                      .dwpsn  file "../cntrlI2C/EEControl.c",line 59,column 9,is_stmt
     253 0000003b 9A00          MOVB      AL,#0                 ; [CPU_] |59| 
     254 0000003c 6F02          B         $C$L8,UNC             ; [CPU_] |59| 
     255                      ; branch occurs ; [] |59| 
     256 0000003d       $C$L7:    
     257                      .dwpsn  file "../cntrlI2C/EEControl.c",line 61,column 5,is_stmt
     258 0000003d 9A01          MOVB      AL,#1                 ; [CPU_] |61| 
     259 0000003e       $C$L8:    
     260                      .dwpsn  file "../cntrlI2C/EEControl.c",line 62,column 1,is_stmt
     261 0000003e FE8C          SUBB      SP,#12                ; [CPU_U] 
     262                      .dwcfi  cfa_offset, -2
     263              $C$DW$21        .dwtag  DW_TAG_TI_branch
     264                      .dwattr $C$DW$21, DW_AT_low_pc(0x00)
     265                      .dwattr $C$DW$21, DW_AT_TI_return
     266 0000003f 0006          LRETR     ; [CPU_] 
TMS320C2000 Assembler PC v6.2.7 Thu Jul 02 08:31:05 2015

Tools Copyright (c) 1996-2014 Texas Instruments Incorporated
C:\Users\Tester\AppData\Local\Temp\0550410                           PAGE    6

     267                      ; return occurs ; [] 
     268                      .dwattr $C$DW$13, DW_AT_TI_end_file("../cntrlI2C/EEControl.c")
     269                      .dwattr $C$DW$13, DW_AT_TI_end_line(0x3e)
     270                      .dwattr $C$DW$13, DW_AT_TI_end_column(0x01)
     271                      .dwendentry
     272                      .dwendtag $C$DW$13
     273              
     274 00000040               .sect   ".text"
     275                      .clink
     276                      .global _ReadEE_LN
     277              
     278              $C$DW$22        .dwtag  DW_TAG_subprogram, DW_AT_name("ReadEE_LN")
     279                      .dwattr $C$DW$22, DW_AT_low_pc(_ReadEE_LN)
     280                      .dwattr $C$DW$22, DW_AT_high_pc(0x00)
     281                      .dwattr $C$DW$22, DW_AT_TI_symbol_name("_ReadEE_LN")
     282                      .dwattr $C$DW$22, DW_AT_external
     283                      .dwattr $C$DW$22, DW_AT_type(*$C$DW$T$5)
     284                      .dwattr $C$DW$22, DW_AT_TI_begin_file("../cntrlI2C/EEControl.c")
     285                      .dwattr $C$DW$22, DW_AT_TI_begin_line(0x40)
     286                      .dwattr $C$DW$22, DW_AT_TI_begin_column(0x06)
     287                      .dwattr $C$DW$22, DW_AT_TI_max_frame_size(-14)
     288                      .dwpsn  file "../cntrlI2C/EEControl.c",line 65,column 1,is_stmt,address _ReadEE_LN
     289              
     290                      .dwfde $C$DW$CIE, _ReadEE_LN
     291              $C$DW$23        .dwtag  DW_TAG_formal_parameter, DW_AT_name("msg")
     292                      .dwattr $C$DW$23, DW_AT_TI_symbol_name("_msg")
     293                      .dwattr $C$DW$23, DW_AT_type(*$C$DW$T$21)
     294                      .dwattr $C$DW$23, DW_AT_location[DW_OP_reg12]
     295              $C$DW$24        .dwtag  DW_TAG_formal_parameter, DW_AT_name("cnt")
     296                      .dwattr $C$DW$24, DW_AT_TI_symbol_name("_cnt")
     297                      .dwattr $C$DW$24, DW_AT_type(*$C$DW$T$5)
     298                      .dwattr $C$DW$24, DW_AT_location[DW_OP_reg0]
     299              
     300              ;***************************************************************
     301              ;* FNAME: _ReadEE_LN                    FR SIZE:  12           *
     302              ;*                                                             *
     303              ;* FUNCTION ENVIRONMENT                                        *
     304              ;*                                                             *
     305              ;* FUNCTION PROPERTIES                                         *
     306              ;*                            0 Parameter, 12 Auto,  0 SOE     *
     307              ;***************************************************************
     308              
     309 00000040       _ReadEE_LN:
     310                      .dwcfi  cfa_offset, -2
     311                      .dwcfi  save_reg_to_mem, 26, 0
     312                      .dwcfi  save_reg_to_reg, 78, 26
     313 00000040 FE0C          ADDB      SP,#12                ; [CPU_U] 
     314                      .dwcfi  cfa_offset, -14
     315              $C$DW$25        .dwtag  DW_TAG_variable, DW_AT_name("msg")
     316                      .dwattr $C$DW$25, DW_AT_TI_symbol_name("_msg")
     317                      .dwattr $C$DW$25, DW_AT_type(*$C$DW$T$21)
     318                      .dwattr $C$DW$25, DW_AT_location[DW_OP_breg20 -2]
     319              $C$DW$26        .dwtag  DW_TAG_variable, DW_AT_name("cnt")
     320                      .dwattr $C$DW$26, DW_AT_TI_symbol_name("_cnt")
     321                      .dwattr $C$DW$26, DW_AT_type(*$C$DW$T$5)
TMS320C2000 Assembler PC v6.2.7 Thu Jul 02 08:31:05 2015

Tools Copyright (c) 1996-2014 Texas Instruments Incorporated
C:\Users\Tester\AppData\Local\Temp\0550410                           PAGE    7

     322                      .dwattr $C$DW$26, DW_AT_location[DW_OP_breg20 -3]
     323              $C$DW$27        .dwtag  DW_TAG_variable, DW_AT_name("EETask")
     324                      .dwattr $C$DW$27, DW_AT_TI_symbol_name("_EETask")
     325                      .dwattr $C$DW$27, DW_AT_type(*$C$DW$T$25)
     326                      .dwattr $C$DW$27, DW_AT_location[DW_OP_breg20 -12]
     327 00000041 9643          MOV       *-SP[3],AL            ; [CPU_] |65| 
     328 00000042 A842          MOVL      *-SP[2],XAR4          ; [CPU_] |65| 
     329                      .dwpsn  file "../cntrlI2C/EEControl.c",line 67,column 5,is_stmt
     330 00000043 56BF          MOVB      *-SP[12],#3,UNC       ; [CPU_] |67| 
         00000044 034C 
     331                      .dwpsn  file "../cntrlI2C/EEControl.c",line 68,column 2,is_stmt
     332 00000045 56BF          MOVB      *-SP[11],#80,UNC      ; [CPU_] |68| 
         00000046 504B 
     333                      .dwpsn  file "../cntrlI2C/EEControl.c",line 69,column 5,is_stmt
     334 00000047 56BF          MOVB      *-SP[12],#1,UNC       ; [CPU_] |69| 
         00000048 014C 
     335                      .dwpsn  file "../cntrlI2C/EEControl.c",line 70,column 5,is_stmt
     336 00000049 9648          MOV       *-SP[8],AL            ; [CPU_] |70| 
     337                      .dwpsn  file "../cntrlI2C/EEControl.c",line 71,column 5,is_stmt
     338 0000004a 0642          MOVL      ACC,*-SP[2]           ; [CPU_] |71| 
     339 0000004b 1E4A          MOVL      *-SP[10],ACC          ; [CPU_] |71| 
     340                      .dwpsn  file "../cntrlI2C/EEControl.c",line 73,column 5,is_stmt
     341 0000004c 5CAD          MOVZ      AR4,SP                ; [CPU_U] |73| 
     342 0000004d DC8C          SUBB      XAR4,#12              ; [CPU_U] |73| 
     343              $C$DW$28        .dwtag  DW_TAG_TI_branch
     344                      .dwattr $C$DW$28, DW_AT_low_pc(0x00)
     345                      .dwattr $C$DW$28, DW_AT_name("_PutI2CTask")
     346                      .dwattr $C$DW$28, DW_AT_TI_call
     347 0000004e 7640!         LCR       #_PutI2CTask          ; [CPU_] |73| 
         0000004f 0000 
     348                      ; call occurs [#_PutI2CTask] ; [] |73| 
     349 00000050 5200          CMPB      AL,#0                 ; [CPU_] |73| 
     350 00000051 ED05          BF        $C$L10,NEQ            ; [CPU_] |73| 
     351                      ; branchcc occurs ; [] |73| 
     352                      .dwpsn  file "../cntrlI2C/EEControl.c",line 74,column 9,is_stmt
     353 00000052 9A00          MOVB      AL,#0                 ; [CPU_] |74| 
     354 00000053 6F0B          B         $C$L12,UNC            ; [CPU_] |74| 
     355                      ; branch occurs ; [] |74| 
     356 00000054       $C$L9:    
     357                      .dwpsn  file "../cntrlI2C/EEControl.c",line 79,column 3,is_stmt
     358              $C$DW$29        .dwtag  DW_TAG_TI_branch
     359                      .dwattr $C$DW$29, DW_AT_low_pc(0x00)
     360                      .dwattr $C$DW$29, DW_AT_name("_I2C_Control")
     361                      .dwattr $C$DW$29, DW_AT_TI_call
     362 00000054 7640!         LCR       #_I2C_Control         ; [CPU_] |79| 
         00000055 0000 
     363                      ; call occurs [#_I2C_Control] ; [] |79| 
     364 00000056       $C$L10:    
     365                      .dwpsn  file "../cntrlI2C/EEControl.c",line 78,column 11,is_stmt
     366 00000056 924C          MOV       AL,*-SP[12]           ; [CPU_] |78| 
     367 00000057 5203          CMPB      AL,#3                 ; [CPU_] |78| 
     368 00000058 EDFC          BF        $C$L9,NEQ             ; [CPU_] |78| 
     369                      ; branchcc occurs ; [] |78| 
     370                      .dwpsn  file "../cntrlI2C/EEControl.c",line 84,column 5,is_stmt
     371 00000059 9248          MOV       AL,*-SP[8]            ; [CPU_] |84| 
TMS320C2000 Assembler PC v6.2.7 Thu Jul 02 08:31:05 2015

Tools Copyright (c) 1996-2014 Texas Instruments Incorporated
C:\Users\Tester\AppData\Local\Temp\0550410                           PAGE    8

     372 0000005a EC03          BF        $C$L11,EQ             ; [CPU_] |84| 
     373                      ; branchcc occurs ; [] |84| 
     374                      .dwpsn  file "../cntrlI2C/EEControl.c",line 85,column 9,is_stmt
     375 0000005b 9A00          MOVB      AL,#0                 ; [CPU_] |85| 
     376 0000005c 6F02          B         $C$L12,UNC            ; [CPU_] |85| 
     377                      ; branch occurs ; [] |85| 
     378 0000005d       $C$L11:    
     379                      .dwpsn  file "../cntrlI2C/EEControl.c",line 87,column 5,is_stmt
     380 0000005d 9A01          MOVB      AL,#1                 ; [CPU_] |87| 
     381 0000005e       $C$L12:    
     382                      .dwpsn  file "../cntrlI2C/EEControl.c",line 88,column 1,is_stmt
     383 0000005e FE8C          SUBB      SP,#12                ; [CPU_U] 
     384                      .dwcfi  cfa_offset, -2
     385              $C$DW$30        .dwtag  DW_TAG_TI_branch
     386                      .dwattr $C$DW$30, DW_AT_low_pc(0x00)
     387                      .dwattr $C$DW$30, DW_AT_TI_return
     388 0000005f 0006          LRETR     ; [CPU_] 
     389                      ; return occurs ; [] 
     390                      .dwattr $C$DW$22, DW_AT_TI_end_file("../cntrlI2C/EEControl.c")
     391                      .dwattr $C$DW$22, DW_AT_TI_end_line(0x58)
     392                      .dwattr $C$DW$22, DW_AT_TI_end_column(0x01)
     393                      .dwendentry
     394                      .dwendtag $C$DW$22
     395              
     396 00000060               .sect   ".text"
     397                      .clink
     398                      .global _ReadRegister
     399              
     400              $C$DW$31        .dwtag  DW_TAG_subprogram, DW_AT_name("ReadRegister")
     401                      .dwattr $C$DW$31, DW_AT_low_pc(_ReadRegister)
     402                      .dwattr $C$DW$31, DW_AT_high_pc(0x00)
     403                      .dwattr $C$DW$31, DW_AT_TI_symbol_name("_ReadRegister")
     404                      .dwattr $C$DW$31, DW_AT_external
     405                      .dwattr $C$DW$31, DW_AT_type(*$C$DW$T$5)
     406                      .dwattr $C$DW$31, DW_AT_TI_begin_file("../cntrlI2C/EEControl.c")
     407                      .dwattr $C$DW$31, DW_AT_TI_begin_line(0x5b)
     408                      .dwattr $C$DW$31, DW_AT_TI_begin_column(0x06)
     409                      .dwattr $C$DW$31, DW_AT_TI_max_frame_size(-6)
     410                      .dwpsn  file "../cntrlI2C/EEControl.c",line 92,column 1,is_stmt,address _ReadRegister
     411              
     412                      .dwfde $C$DW$CIE, _ReadRegister
     413              $C$DW$32        .dwtag  DW_TAG_formal_parameter, DW_AT_name("adr")
     414                      .dwattr $C$DW$32, DW_AT_TI_symbol_name("_adr")
     415                      .dwattr $C$DW$32, DW_AT_type(*$C$DW$T$29)
     416                      .dwattr $C$DW$32, DW_AT_location[DW_OP_reg0]
     417              $C$DW$33        .dwtag  DW_TAG_formal_parameter, DW_AT_name("msg")
     418                      .dwattr $C$DW$33, DW_AT_TI_symbol_name("_msg")
     419                      .dwattr $C$DW$33, DW_AT_type(*$C$DW$T$21)
     420                      .dwattr $C$DW$33, DW_AT_location[DW_OP_reg12]
     421              
     422              ;***************************************************************
     423              ;* FNAME: _ReadRegister                 FR SIZE:   4           *
     424              ;*                                                             *
     425              ;* FUNCTION ENVIRONMENT                                        *
     426              ;*                                                             *
TMS320C2000 Assembler PC v6.2.7 Thu Jul 02 08:31:05 2015

Tools Copyright (c) 1996-2014 Texas Instruments Incorporated
C:\Users\Tester\AppData\Local\Temp\0550410                           PAGE    9

     427              ;* FUNCTION PROPERTIES                                         *
     428              ;*                            0 Parameter,  4 Auto,  0 SOE     *
     429              ;***************************************************************
     430              
     431 00000060       _ReadRegister:
     432                      .dwcfi  cfa_offset, -2
     433                      .dwcfi  save_reg_to_mem, 26, 0
     434                      .dwcfi  save_reg_to_reg, 78, 26
     435 00000060 FE04          ADDB      SP,#4                 ; [CPU_U] 
     436                      .dwcfi  cfa_offset, -6
     437              $C$DW$34        .dwtag  DW_TAG_variable, DW_AT_name("adr")
     438                      .dwattr $C$DW$34, DW_AT_TI_symbol_name("_adr")
     439                      .dwattr $C$DW$34, DW_AT_type(*$C$DW$T$29)
     440                      .dwattr $C$DW$34, DW_AT_location[DW_OP_breg20 -1]
     441              $C$DW$35        .dwtag  DW_TAG_variable, DW_AT_name("msg")
     442                      .dwattr $C$DW$35, DW_AT_TI_symbol_name("_msg")
     443                      .dwattr $C$DW$35, DW_AT_type(*$C$DW$T$21)
     444                      .dwattr $C$DW$35, DW_AT_location[DW_OP_breg20 -4]
     445 00000061 9641          MOV       *-SP[1],AL            ; [CPU_] |92| 
     446 00000062 A844          MOVL      *-SP[4],XAR4          ; [CPU_] |92| 
     447                      .dwpsn  file "../cntrlI2C/EEControl.c",line 93,column 5,is_stmt
     448 00000063 8A44          MOVL      XAR4,*-SP[4]          ; [CPU_] |93| 
     449 00000064 FFC7          LSR       AL,8                  ; [CPU_] |93| 
     450 00000065 96C4          MOV       *+XAR4[0],AL          ; [CPU_] |93| 
     451                      .dwpsn  file "../cntrlI2C/EEControl.c",line 94,column 5,is_stmt
     452 00000066 8A44          MOVL      XAR4,*-SP[4]          ; [CPU_] |94| 
     453 00000067 9241          MOV       AL,*-SP[1]            ; [CPU_] |94| 
     454 00000068 90FF          ANDB      AL,#0xff              ; [CPU_] |94| 
     455 00000069 96CC          MOV       *+XAR4[1],AL          ; [CPU_] |94| 
     456                      .dwpsn  file "../cntrlI2C/EEControl.c",line 95,column 5,is_stmt
     457 0000006a 8A44          MOVL      XAR4,*-SP[4]          ; [CPU_] |95| 
     458 0000006b 9A02          MOVB      AL,#2                 ; [CPU_] |95| 
     459              $C$DW$36        .dwtag  DW_TAG_TI_branch
     460                      .dwattr $C$DW$36, DW_AT_low_pc(0x00)
     461                      .dwattr $C$DW$36, DW_AT_name("_ReadEE_LN")
     462                      .dwattr $C$DW$36, DW_AT_TI_call
     463 0000006c 7640'         LCR       #_ReadEE_LN           ; [CPU_] |95| 
         0000006d 0040 
     464                      ; call occurs [#_ReadEE_LN] ; [] |95| 
     465                      .dwpsn  file "../cntrlI2C/EEControl.c",line 96,column 1,is_stmt
     466 0000006e FE84          SUBB      SP,#4                 ; [CPU_U] 
     467                      .dwcfi  cfa_offset, -2
     468              $C$DW$37        .dwtag  DW_TAG_TI_branch
     469                      .dwattr $C$DW$37, DW_AT_low_pc(0x00)
     470                      .dwattr $C$DW$37, DW_AT_TI_return
     471 0000006f 0006          LRETR     ; [CPU_] 
     472                      ; return occurs ; [] 
     473                      .dwattr $C$DW$31, DW_AT_TI_end_file("../cntrlI2C/EEControl.c")
     474                      .dwattr $C$DW$31, DW_AT_TI_end_line(0x60)
     475                      .dwattr $C$DW$31, DW_AT_TI_end_column(0x01)
     476                      .dwendentry
     477                      .dwendtag $C$DW$31
     478              
     479 00000070               .sect   ".text"
     480                      .clink
TMS320C2000 Assembler PC v6.2.7 Thu Jul 02 08:31:05 2015

Tools Copyright (c) 1996-2014 Texas Instruments Incorporated
C:\Users\Tester\AppData\Local\Temp\0550410                           PAGE   10

     481                      .global _WriteRegister
     482              
     483              $C$DW$38        .dwtag  DW_TAG_subprogram, DW_AT_name("WriteRegister")
     484                      .dwattr $C$DW$38, DW_AT_low_pc(_WriteRegister)
     485                      .dwattr $C$DW$38, DW_AT_high_pc(0x00)
     486                      .dwattr $C$DW$38, DW_AT_TI_symbol_name("_WriteRegister")
     487                      .dwattr $C$DW$38, DW_AT_external
     488                      .dwattr $C$DW$38, DW_AT_type(*$C$DW$T$5)
     489                      .dwattr $C$DW$38, DW_AT_TI_begin_file("../cntrlI2C/EEControl.c")
     490                      .dwattr $C$DW$38, DW_AT_TI_begin_line(0x6c)
     491                      .dwattr $C$DW$38, DW_AT_TI_begin_column(0x06)
     492                      .dwattr $C$DW$38, DW_AT_TI_max_frame_size(-6)
     493                      .dwpsn  file "../cntrlI2C/EEControl.c",line 109,column 1,is_stmt,address _WriteRegister
     494              
     495                      .dwfde $C$DW$CIE, _WriteRegister
     496              $C$DW$39        .dwtag  DW_TAG_formal_parameter, DW_AT_name("adr")
     497                      .dwattr $C$DW$39, DW_AT_TI_symbol_name("_adr")
     498                      .dwattr $C$DW$39, DW_AT_type(*$C$DW$T$29)
     499                      .dwattr $C$DW$39, DW_AT_location[DW_OP_reg0]
     500              $C$DW$40        .dwtag  DW_TAG_formal_parameter, DW_AT_name("buf")
     501                      .dwattr $C$DW$40, DW_AT_TI_symbol_name("_buf")
     502                      .dwattr $C$DW$40, DW_AT_type(*$C$DW$T$21)
     503                      .dwattr $C$DW$40, DW_AT_location[DW_OP_reg12]
     504              
     505              ;***************************************************************
     506              ;* FNAME: _WriteRegister                FR SIZE:   4           *
     507              ;*                                                             *
     508              ;* FUNCTION ENVIRONMENT                                        *
     509              ;*                                                             *
     510              ;* FUNCTION PROPERTIES                                         *
     511              ;*                            0 Parameter,  4 Auto,  0 SOE     *
     512              ;***************************************************************
     513              
     514 00000070       _WriteRegister:
     515                      .dwcfi  cfa_offset, -2
     516                      .dwcfi  save_reg_to_mem, 26, 0
     517                      .dwcfi  save_reg_to_reg, 78, 26
     518 00000070 FE04          ADDB      SP,#4                 ; [CPU_U] 
     519                      .dwcfi  cfa_offset, -6
     520              $C$DW$41        .dwtag  DW_TAG_variable, DW_AT_name("adr")
     521                      .dwattr $C$DW$41, DW_AT_TI_symbol_name("_adr")
     522                      .dwattr $C$DW$41, DW_AT_type(*$C$DW$T$29)
     523                      .dwattr $C$DW$41, DW_AT_location[DW_OP_breg20 -1]
     524              $C$DW$42        .dwtag  DW_TAG_variable, DW_AT_name("buf")
     525                      .dwattr $C$DW$42, DW_AT_TI_symbol_name("_buf")
     526                      .dwattr $C$DW$42, DW_AT_type(*$C$DW$T$21)
     527                      .dwattr $C$DW$42, DW_AT_location[DW_OP_breg20 -4]
     528 00000071 9641          MOV       *-SP[1],AL            ; [CPU_] |109| 
     529 00000072 A844          MOVL      *-SP[4],XAR4          ; [CPU_] |109| 
     530                      .dwpsn  file "../cntrlI2C/EEControl.c",line 110,column 5,is_stmt
     531 00000073 8A44          MOVL      XAR4,*-SP[4]          ; [CPU_] |110| 
     532 00000074 FFC7          LSR       AL,8                  ; [CPU_] |110| 
     533 00000075 96C4          MOV       *+XAR4[0],AL          ; [CPU_] |110| 
     534                      .dwpsn  file "../cntrlI2C/EEControl.c",line 111,column 5,is_stmt
     535 00000076 8A44          MOVL      XAR4,*-SP[4]          ; [CPU_] |111| 
TMS320C2000 Assembler PC v6.2.7 Thu Jul 02 08:31:05 2015

Tools Copyright (c) 1996-2014 Texas Instruments Incorporated
C:\Users\Tester\AppData\Local\Temp\0550410                           PAGE   11

     536 00000077 9241          MOV       AL,*-SP[1]            ; [CPU_] |111| 
     537 00000078 90FF          ANDB      AL,#0xff              ; [CPU_] |111| 
     538 00000079 96CC          MOV       *+XAR4[1],AL          ; [CPU_] |111| 
     539                      .dwpsn  file "../cntrlI2C/EEControl.c",line 112,column 5,is_stmt
     540 0000007a 8A44          MOVL      XAR4,*-SP[4]          ; [CPU_] |112| 
     541 0000007b 9A04          MOVB      AL,#4                 ; [CPU_] |112| 
     542              $C$DW$43        .dwtag  DW_TAG_TI_branch
     543                      .dwattr $C$DW$43, DW_AT_low_pc(0x00)
     544                      .dwattr $C$DW$43, DW_AT_name("_WriteEE")
     545                      .dwattr $C$DW$43, DW_AT_TI_call
     546 0000007c 7640'         LCR       #_WriteEE             ; [CPU_] |112| 
         0000007d 0000 
     547                      ; call occurs [#_WriteEE] ; [] |112| 
     548                      .dwpsn  file "../cntrlI2C/EEControl.c",line 113,column 1,is_stmt
     549 0000007e FE84          SUBB      SP,#4                 ; [CPU_U] 
     550                      .dwcfi  cfa_offset, -2
     551              $C$DW$44        .dwtag  DW_TAG_TI_branch
     552                      .dwattr $C$DW$44, DW_AT_low_pc(0x00)
     553                      .dwattr $C$DW$44, DW_AT_TI_return
     554 0000007f 0006          LRETR     ; [CPU_] 
     555                      ; return occurs ; [] 
     556                      .dwattr $C$DW$38, DW_AT_TI_end_file("../cntrlI2C/EEControl.c")
     557                      .dwattr $C$DW$38, DW_AT_TI_end_line(0x71)
     558                      .dwattr $C$DW$38, DW_AT_TI_end_column(0x01)
     559                      .dwendentry
     560                      .dwendtag $C$DW$38
     561              
     562 00000080               .sect   ".text"
     563                      .clink
     564                      .global _WriteAndWait
     565              
     566              $C$DW$45        .dwtag  DW_TAG_subprogram, DW_AT_name("WriteAndWait")
     567                      .dwattr $C$DW$45, DW_AT_low_pc(_WriteAndWait)
     568                      .dwattr $C$DW$45, DW_AT_high_pc(0x00)
     569                      .dwattr $C$DW$45, DW_AT_TI_symbol_name("_WriteAndWait")
     570                      .dwattr $C$DW$45, DW_AT_external
     571                      .dwattr $C$DW$45, DW_AT_type(*$C$DW$T$5)
     572                      .dwattr $C$DW$45, DW_AT_TI_begin_file("../cntrlI2C/EEControl.c")
     573                      .dwattr $C$DW$45, DW_AT_TI_begin_line(0x7e)
     574                      .dwattr $C$DW$45, DW_AT_TI_begin_column(0x06)
     575                      .dwattr $C$DW$45, DW_AT_TI_max_frame_size(-8)
     576                      .dwpsn  file "../cntrlI2C/EEControl.c",line 127,column 1,is_stmt,address _WriteAndWait
     577              
     578                      .dwfde $C$DW$CIE, _WriteAndWait
     579              $C$DW$46        .dwtag  DW_TAG_formal_parameter, DW_AT_name("adr")
     580                      .dwattr $C$DW$46, DW_AT_TI_symbol_name("_adr")
     581                      .dwattr $C$DW$46, DW_AT_type(*$C$DW$T$29)
     582                      .dwattr $C$DW$46, DW_AT_location[DW_OP_reg0]
     583              $C$DW$47        .dwtag  DW_TAG_formal_parameter, DW_AT_name("data")
     584                      .dwattr $C$DW$47, DW_AT_TI_symbol_name("_data")
     585                      .dwattr $C$DW$47, DW_AT_type(*$C$DW$T$29)
     586                      .dwattr $C$DW$47, DW_AT_location[DW_OP_reg1]
     587              
     588              ;***************************************************************
     589              ;* FNAME: _WriteAndWait                 FR SIZE:   6           *
TMS320C2000 Assembler PC v6.2.7 Thu Jul 02 08:31:05 2015

Tools Copyright (c) 1996-2014 Texas Instruments Incorporated
C:\Users\Tester\AppData\Local\Temp\0550410                           PAGE   12

     590              ;*                                                             *
     591              ;* FUNCTION ENVIRONMENT                                        *
     592              ;*                                                             *
     593              ;* FUNCTION PROPERTIES                                         *
     594              ;*                            0 Parameter,  6 Auto,  0 SOE     *
     595              ;***************************************************************
     596              
     597 00000080       _WriteAndWait:
     598                      .dwcfi  cfa_offset, -2
     599                      .dwcfi  save_reg_to_mem, 26, 0
     600                      .dwcfi  save_reg_to_reg, 78, 26
     601 00000080 FE06          ADDB      SP,#6                 ; [CPU_U] 
     602                      .dwcfi  cfa_offset, -8
     603              $C$DW$48        .dwtag  DW_TAG_variable, DW_AT_name("adr")
     604                      .dwattr $C$DW$48, DW_AT_TI_symbol_name("_adr")
     605                      .dwattr $C$DW$48, DW_AT_type(*$C$DW$T$29)
     606                      .dwattr $C$DW$48, DW_AT_location[DW_OP_breg20 -1]
     607              $C$DW$49        .dwtag  DW_TAG_variable, DW_AT_name("data")
     608                      .dwattr $C$DW$49, DW_AT_TI_symbol_name("_data")
     609                      .dwattr $C$DW$49, DW_AT_type(*$C$DW$T$29)
     610                      .dwattr $C$DW$49, DW_AT_location[DW_OP_breg20 -2]
     611              $C$DW$50        .dwtag  DW_TAG_variable, DW_AT_name("EEbuf")
     612                      .dwattr $C$DW$50, DW_AT_TI_symbol_name("_EEbuf")
     613                      .dwattr $C$DW$50, DW_AT_type(*$C$DW$T$39)
     614                      .dwattr $C$DW$50, DW_AT_location[DW_OP_breg20 -6]
     615 00000081 9742          MOV       *-SP[2],AH            ; [CPU_] |127| 
     616 00000082 9641          MOV       *-SP[1],AL            ; [CPU_] |127| 
     617                      .dwpsn  file "../cntrlI2C/EEControl.c",line 129,column 5,is_stmt
     618 00000083 CC42          AND       AL,*-SP[2],#0xff00    ; [CPU_] |129| 
         00000084 FF00 
     619 00000085 FFC7          LSR       AL,8                  ; [CPU_] |129| 
     620 00000086 9643          MOV       *-SP[3],AL            ; [CPU_] |129| 
     621                      .dwpsn  file "../cntrlI2C/EEControl.c",line 130,column 5,is_stmt
     622 00000087 9242          MOV       AL,*-SP[2]            ; [CPU_] |130| 
     623 00000088 90FF          ANDB      AL,#0xff              ; [CPU_] |130| 
     624 00000089 9644          MOV       *-SP[4],AL            ; [CPU_] |130| 
     625                      .dwpsn  file "../cntrlI2C/EEControl.c",line 132,column 5,is_stmt
     626 0000008a 9241          MOV       AL,*-SP[1]            ; [CPU_] |132| 
     627 0000008b 5CAD          MOVZ      AR4,SP                ; [CPU_U] |132| 
     628 0000008c DC86          SUBB      XAR4,#6               ; [CPU_U] |132| 
     629              $C$DW$51        .dwtag  DW_TAG_TI_branch
     630                      .dwattr $C$DW$51, DW_AT_low_pc(0x00)
     631                      .dwattr $C$DW$51, DW_AT_name("_WriteRegister")
     632                      .dwattr $C$DW$51, DW_AT_TI_call
     633 0000008d 7640'         LCR       #_WriteRegister       ; [CPU_] |132| 
         0000008e 0070 
     634                      ; call occurs [#_WriteRegister] ; [] |132| 
     635 0000008f 5200          CMPB      AL,#0                 ; [CPU_] |132| 
     636 00000090 ED03          BF        $C$L13,NEQ            ; [CPU_] |132| 
     637                      ; branchcc occurs ; [] |132| 
     638                      .dwpsn  file "../cntrlI2C/EEControl.c",line 133,column 9,is_stmt
     639 00000091 9A00          MOVB      AL,#0                 ; [CPU_] |133| 
     640 00000092 6F02          B         $C$L14,UNC            ; [CPU_] |133| 
     641                      ; branch occurs ; [] |133| 
     642 00000093       $C$L13:    
TMS320C2000 Assembler PC v6.2.7 Thu Jul 02 08:31:05 2015

Tools Copyright (c) 1996-2014 Texas Instruments Incorporated
C:\Users\Tester\AppData\Local\Temp\0550410                           PAGE   13

     643                      .dwpsn  file "../cntrlI2C/EEControl.c",line 135,column 5,is_stmt
     644 00000093 9A01          MOVB      AL,#1                 ; [CPU_] |135| 
     645 00000094       $C$L14:    
     646                      .dwpsn  file "../cntrlI2C/EEControl.c",line 136,column 1,is_stmt
     647 00000094 FE86          SUBB      SP,#6                 ; [CPU_U] 
     648                      .dwcfi  cfa_offset, -2
     649              $C$DW$52        .dwtag  DW_TAG_TI_branch
     650                      .dwattr $C$DW$52, DW_AT_low_pc(0x00)
     651                      .dwattr $C$DW$52, DW_AT_TI_return
     652 00000095 0006          LRETR     ; [CPU_] 
     653                      ; return occurs ; [] 
     654                      .dwattr $C$DW$45, DW_AT_TI_end_file("../cntrlI2C/EEControl.c")
     655                      .dwattr $C$DW$45, DW_AT_TI_end_line(0x88)
     656                      .dwattr $C$DW$45, DW_AT_TI_end_column(0x01)
     657                      .dwendentry
     658                      .dwendtag $C$DW$45
     659              
     660 00000096               .sect   ".text"
     661                      .clink
     662                      .global _ReadAndWait
     663              
     664              $C$DW$53        .dwtag  DW_TAG_subprogram, DW_AT_name("ReadAndWait")
     665                      .dwattr $C$DW$53, DW_AT_low_pc(_ReadAndWait)
     666                      .dwattr $C$DW$53, DW_AT_high_pc(0x00)
     667                      .dwattr $C$DW$53, DW_AT_TI_symbol_name("_ReadAndWait")
     668                      .dwattr $C$DW$53, DW_AT_external
     669                      .dwattr $C$DW$53, DW_AT_type(*$C$DW$T$5)
     670                      .dwattr $C$DW$53, DW_AT_TI_begin_file("../cntrlI2C/EEControl.c")
     671                      .dwattr $C$DW$53, DW_AT_TI_begin_line(0x8a)
     672                      .dwattr $C$DW$53, DW_AT_TI_begin_column(0x06)
     673                      .dwattr $C$DW$53, DW_AT_TI_max_frame_size(-12)
     674                      .dwpsn  file "../cntrlI2C/EEControl.c",line 139,column 1,is_stmt,address _ReadAndWait
     675              
     676                      .dwfde $C$DW$CIE, _ReadAndWait
     677              $C$DW$54        .dwtag  DW_TAG_formal_parameter, DW_AT_name("adr")
     678                      .dwattr $C$DW$54, DW_AT_TI_symbol_name("_adr")
     679                      .dwattr $C$DW$54, DW_AT_type(*$C$DW$T$29)
     680                      .dwattr $C$DW$54, DW_AT_location[DW_OP_reg0]
     681              $C$DW$55        .dwtag  DW_TAG_formal_parameter, DW_AT_name("data")
     682                      .dwattr $C$DW$55, DW_AT_TI_symbol_name("_data")
     683                      .dwattr $C$DW$55, DW_AT_type(*$C$DW$T$30)
     684                      .dwattr $C$DW$55, DW_AT_location[DW_OP_reg12]
     685              
     686              ;***************************************************************
     687              ;* FNAME: _ReadAndWait                  FR SIZE:  10           *
     688              ;*                                                             *
     689              ;* FUNCTION ENVIRONMENT                                        *
     690              ;*                                                             *
     691              ;* FUNCTION PROPERTIES                                         *
     692              ;*                            0 Parameter,  9 Auto,  0 SOE     *
     693              ;***************************************************************
     694              
     695 00000096       _ReadAndWait:
     696                      .dwcfi  cfa_offset, -2
     697                      .dwcfi  save_reg_to_mem, 26, 0
TMS320C2000 Assembler PC v6.2.7 Thu Jul 02 08:31:05 2015

Tools Copyright (c) 1996-2014 Texas Instruments Incorporated
C:\Users\Tester\AppData\Local\Temp\0550410                           PAGE   14

     698                      .dwcfi  save_reg_to_reg, 78, 26
     699 00000096 FE0A          ADDB      SP,#10                ; [CPU_U] 
     700                      .dwcfi  cfa_offset, -12
     701              $C$DW$56        .dwtag  DW_TAG_variable, DW_AT_name("adr")
     702                      .dwattr $C$DW$56, DW_AT_TI_symbol_name("_adr")
     703                      .dwattr $C$DW$56, DW_AT_type(*$C$DW$T$29)
     704                      .dwattr $C$DW$56, DW_AT_location[DW_OP_breg20 -1]
     705              $C$DW$57        .dwtag  DW_TAG_variable, DW_AT_name("data")
     706                      .dwattr $C$DW$57, DW_AT_TI_symbol_name("_data")
     707                      .dwattr $C$DW$57, DW_AT_type(*$C$DW$T$30)
     708                      .dwattr $C$DW$57, DW_AT_location[DW_OP_breg20 -4]
     709              $C$DW$58        .dwtag  DW_TAG_variable, DW_AT_name("EEbuf")
     710                      .dwattr $C$DW$58, DW_AT_TI_symbol_name("_EEbuf")
     711                      .dwattr $C$DW$58, DW_AT_type(*$C$DW$T$39)
     712                      .dwattr $C$DW$58, DW_AT_location[DW_OP_breg20 -8]
     713              $C$DW$59        .dwtag  DW_TAG_variable, DW_AT_name("tmp")
     714                      .dwattr $C$DW$59, DW_AT_TI_symbol_name("_tmp")
     715                      .dwattr $C$DW$59, DW_AT_type(*$C$DW$T$29)
     716                      .dwattr $C$DW$59, DW_AT_location[DW_OP_breg20 -9]
     717 00000097 9641          MOV       *-SP[1],AL            ; [CPU_] |139| 
     718 00000098 A844          MOVL      *-SP[4],XAR4          ; [CPU_] |139| 
     719                      .dwpsn  file "../cntrlI2C/EEControl.c",line 145,column 5,is_stmt
     720 00000099 5CAD          MOVZ      AR4,SP                ; [CPU_U] |145| 
     721 0000009a DC88          SUBB      XAR4,#8               ; [CPU_U] |145| 
     722              $C$DW$60        .dwtag  DW_TAG_TI_branch
     723                      .dwattr $C$DW$60, DW_AT_low_pc(0x00)
     724                      .dwattr $C$DW$60, DW_AT_name("_ReadRegister")
     725                      .dwattr $C$DW$60, DW_AT_TI_call
     726 0000009b 7640'         LCR       #_ReadRegister        ; [CPU_] |145| 
         0000009c 0060 
     727                      ; call occurs [#_ReadRegister] ; [] |145| 
     728 0000009d 5200          CMPB      AL,#0                 ; [CPU_] |145| 
     729 0000009e ED03          BF        $C$L15,NEQ            ; [CPU_] |145| 
     730                      ; branchcc occurs ; [] |145| 
     731                      .dwpsn  file "../cntrlI2C/EEControl.c",line 146,column 9,is_stmt
     732 0000009f 9A00          MOVB      AL,#0                 ; [CPU_] |146| 
     733 000000a0 6F0D          B         $C$L16,UNC            ; [CPU_] |146| 
     734                      ; branch occurs ; [] |146| 
     735 000000a1       $C$L15:    
     736                      .dwpsn  file "../cntrlI2C/EEControl.c",line 148,column 5,is_stmt
     737 000000a1 9245          MOV       AL,*-SP[5]            ; [CPU_] |148| 
     738 000000a2 9649          MOV       *-SP[9],AL            ; [CPU_] |148| 
     739                      .dwpsn  file "../cntrlI2C/EEControl.c",line 149,column 5,is_stmt
     740 000000a3 5603          MOV       ACC,*-SP[9] << #8     ; [CPU_] |149| 
         000000a4 0849 
     741 000000a5 9649          MOV       *-SP[9],AL            ; [CPU_] |149| 
     742                      .dwpsn  file "../cntrlI2C/EEControl.c",line 150,column 5,is_stmt
     743 000000a6 9246          MOV       AL,*-SP[6]            ; [CPU_] |150| 
     744 000000a7 90FF          ANDB      AL,#0xff              ; [CPU_] |150| 
     745 000000a8 7249          ADD       *-SP[9],AL            ; [CPU_] |150| 
     746                      .dwpsn  file "../cntrlI2C/EEControl.c",line 151,column 5,is_stmt
     747 000000a9 8A44          MOVL      XAR4,*-SP[4]          ; [CPU_] |151| 
     748 000000aa 9249          MOV       AL,*-SP[9]            ; [CPU_] |151| 
     749 000000ab 96C4          MOV       *+XAR4[0],AL          ; [CPU_] |151| 
     750                      .dwpsn  file "../cntrlI2C/EEControl.c",line 152,column 5,is_stmt
TMS320C2000 Assembler PC v6.2.7 Thu Jul 02 08:31:05 2015

Tools Copyright (c) 1996-2014 Texas Instruments Incorporated
C:\Users\Tester\AppData\Local\Temp\0550410                           PAGE   15

     751 000000ac 9A01          MOVB      AL,#1                 ; [CPU_] |152| 
     752 000000ad       $C$L16:    
     753                      .dwpsn  file "../cntrlI2C/EEControl.c",line 153,column 1,is_stmt
     754 000000ad FE8A          SUBB      SP,#10                ; [CPU_U] 
     755                      .dwcfi  cfa_offset, -2
     756              $C$DW$61        .dwtag  DW_TAG_TI_branch
     757                      .dwattr $C$DW$61, DW_AT_low_pc(0x00)
     758                      .dwattr $C$DW$61, DW_AT_TI_return
     759 000000ae 0006          LRETR     ; [CPU_] 
     760                      ; return occurs ; [] 
     761                      .dwattr $C$DW$53, DW_AT_TI_end_file("../cntrlI2C/EEControl.c")
     762                      .dwattr $C$DW$53, DW_AT_TI_end_line(0x99)
     763                      .dwattr $C$DW$53, DW_AT_TI_end_column(0x01)
     764                      .dwendentry
     765                      .dwendtag $C$DW$53
     766              
     767 000000af               .sect   ".text"
     768                      .clink
     769                      .global _InitEeContr
     770              
     771              $C$DW$62        .dwtag  DW_TAG_subprogram, DW_AT_name("InitEeContr")
     772                      .dwattr $C$DW$62, DW_AT_low_pc(_InitEeContr)
     773                      .dwattr $C$DW$62, DW_AT_high_pc(0x00)
     774                      .dwattr $C$DW$62, DW_AT_TI_symbol_name("_InitEeContr")
     775                      .dwattr $C$DW$62, DW_AT_external
     776                      .dwattr $C$DW$62, DW_AT_TI_begin_file("../cntrlI2C/EEControl.c")
     777                      .dwattr $C$DW$62, DW_AT_TI_begin_line(0xbf)
     778                      .dwattr $C$DW$62, DW_AT_TI_begin_column(0x06)
     779                      .dwattr $C$DW$62, DW_AT_TI_max_frame_size(-2)
     780                      .dwpsn  file "../cntrlI2C/EEControl.c",line 192,column 1,is_stmt,address _InitEeContr
     781              
     782                      .dwfde $C$DW$CIE, _InitEeContr
     783              
     784              ;***************************************************************
     785              ;* FNAME: _InitEeContr                  FR SIZE:   0           *
     786              ;*                                                             *
     787              ;* FUNCTION ENVIRONMENT                                        *
     788              ;*                                                             *
     789              ;* FUNCTION PROPERTIES                                         *
     790              ;*                            0 Parameter,  0 Auto,  0 SOE     *
     791              ;***************************************************************
     792              
     793 000000af       _InitEeContr:
     794                      .dwcfi  cfa_offset, -2
     795                      .dwcfi  save_reg_to_mem, 26, 0
     796                      .dwcfi  save_reg_to_reg, 78, 26
     797                      .dwpsn  file "../cntrlI2C/EEControl.c",line 195,column 1,is_stmt
     798              $C$DW$63        .dwtag  DW_TAG_TI_branch
     799                      .dwattr $C$DW$63, DW_AT_low_pc(0x00)
     800                      .dwattr $C$DW$63, DW_AT_TI_return
     801 000000af 0006          LRETR     ; [CPU_] 
     802                      ; return occurs ; [] 
     803                      .dwattr $C$DW$62, DW_AT_TI_end_file("../cntrlI2C/EEControl.c")
     804                      .dwattr $C$DW$62, DW_AT_TI_end_line(0xc3)
     805                      .dwattr $C$DW$62, DW_AT_TI_end_column(0x01)
TMS320C2000 Assembler PC v6.2.7 Thu Jul 02 08:31:05 2015

Tools Copyright (c) 1996-2014 Texas Instruments Incorporated
C:\Users\Tester\AppData\Local\Temp\0550410                           PAGE   16

     806                      .dwendentry
     807                      .dwendtag $C$DW$62
     808              
     809              ;**************************************************************
     810              ;* UNDEFINED EXTERNAL REFERENCES                              *
     811              ;**************************************************************
     812                      .global _I2C_Control
     813                      .global _PutI2CTask
     814              
     815              ;***************************************************************
     816              ;* TYPE INFORMATION                                            *
     817              ;***************************************************************
     818              
     819              $C$DW$T$19      .dwtag  DW_TAG_enumeration_type
     820                      .dwattr $C$DW$T$19, DW_AT_name("PORT_OPERATION")
     821                      .dwattr $C$DW$T$19, DW_AT_byte_size(0x01)
     822              $C$DW$64        .dwtag  DW_TAG_enumerator, DW_AT_name("READ_I2C"), DW_AT_const_value(0x00)
     823              $C$DW$65        .dwtag  DW_TAG_enumerator, DW_AT_name("READ_LN_I2C"), DW_AT_const_value(0x01)
     824              $C$DW$66        .dwtag  DW_TAG_enumerator, DW_AT_name("WRITE_I2C"), DW_AT_const_value(0x02)
     825              $C$DW$67        .dwtag  DW_TAG_enumerator, DW_AT_name("COMPLITE_OPERATION"), DW_AT_const_value(0x03)
     826                      .dwendtag $C$DW$T$19
     827              
     828              
     829              $C$DW$T$23      .dwtag  DW_TAG_structure_type
     830                      .dwattr $C$DW$T$23, DW_AT_name("__I2C_TASK")
     831                      .dwattr $C$DW$T$23, DW_AT_byte_size(0x08)
     832              $C$DW$68        .dwtag  DW_TAG_member
     833                      .dwattr $C$DW$68, DW_AT_type(*$C$DW$T$19)
     834                      .dwattr $C$DW$68, DW_AT_name("type")
     835                      .dwattr $C$DW$68, DW_AT_TI_symbol_name("_type")
     836                      .dwattr $C$DW$68, DW_AT_data_member_location[DW_OP_plus_uconst 0x0]
     837                      .dwattr $C$DW$68, DW_AT_accessibility(DW_ACCESS_public)
     838              $C$DW$69        .dwtag  DW_TAG_member
     839                      .dwattr $C$DW$69, DW_AT_type(*$C$DW$T$5)
     840                      .dwattr $C$DW$69, DW_AT_name("adress")
     841                      .dwattr $C$DW$69, DW_AT_TI_symbol_name("_adress")
     842                      .dwattr $C$DW$69, DW_AT_data_member_location[DW_OP_plus_uconst 0x1]
     843                      .dwattr $C$DW$69, DW_AT_accessibility(DW_ACCESS_public)
     844              $C$DW$70        .dwtag  DW_TAG_member
     845                      .dwattr $C$DW$70, DW_AT_type(*$C$DW$T$21)
     846                      .dwattr $C$DW$70, DW_AT_name("data")
     847                      .dwattr $C$DW$70, DW_AT_TI_symbol_name("_data")
     848                      .dwattr $C$DW$70, DW_AT_data_member_location[DW_OP_plus_uconst 0x2]
     849                      .dwattr $C$DW$70, DW_AT_accessibility(DW_ACCESS_public)
     850              $C$DW$71        .dwtag  DW_TAG_member
     851                      .dwattr $C$DW$71, DW_AT_type(*$C$DW$T$5)
     852                      .dwattr $C$DW$71, DW_AT_name("count")
     853                      .dwattr $C$DW$71, DW_AT_TI_symbol_name("_count")
     854                      .dwattr $C$DW$71, DW_AT_data_member_location[DW_OP_plus_uconst 0x4]
     855                      .dwattr $C$DW$71, DW_AT_accessibility(DW_ACCESS_public)
     856              $C$DW$72        .dwtag  DW_TAG_member
     857                      .dwattr $C$DW$72, DW_AT_type(*$C$DW$T$22)
     858                      .dwattr $C$DW$72, DW_AT_name("next")
     859                      .dwattr $C$DW$72, DW_AT_TI_symbol_name("_next")
     860                      .dwattr $C$DW$72, DW_AT_data_member_location[DW_OP_plus_uconst 0x6]
TMS320C2000 Assembler PC v6.2.7 Thu Jul 02 08:31:05 2015

Tools Copyright (c) 1996-2014 Texas Instruments Incorporated
C:\Users\Tester\AppData\Local\Temp\0550410                           PAGE   17

     861                      .dwattr $C$DW$72, DW_AT_accessibility(DW_ACCESS_public)
     862                      .dwendtag $C$DW$T$23
     863              
     864              $C$DW$T$22      .dwtag  DW_TAG_pointer_type
     865                      .dwattr $C$DW$T$22, DW_AT_type(*$C$DW$T$23)
     866                      .dwattr $C$DW$T$22, DW_AT_address_class(0x16)
     867              $C$DW$T$24      .dwtag  DW_TAG_typedef, DW_AT_name("pstI2CTask")
     868                      .dwattr $C$DW$T$24, DW_AT_type(*$C$DW$T$22)
     869                      .dwattr $C$DW$T$24, DW_AT_language(DW_LANG_C)
     870              $C$DW$T$25      .dwtag  DW_TAG_typedef, DW_AT_name("stI2CTask")
     871                      .dwattr $C$DW$T$25, DW_AT_type(*$C$DW$T$23)
     872                      .dwattr $C$DW$T$25, DW_AT_language(DW_LANG_C)
     873              $C$DW$T$4       .dwtag  DW_TAG_base_type
     874                      .dwattr $C$DW$T$4, DW_AT_encoding(DW_ATE_boolean)
     875                      .dwattr $C$DW$T$4, DW_AT_name("bool")
     876                      .dwattr $C$DW$T$4, DW_AT_byte_size(0x01)
     877              $C$DW$T$5       .dwtag  DW_TAG_base_type
     878                      .dwattr $C$DW$T$5, DW_AT_encoding(DW_ATE_signed_char)
     879                      .dwattr $C$DW$T$5, DW_AT_name("signed char")
     880                      .dwattr $C$DW$T$5, DW_AT_byte_size(0x01)
     881              $C$DW$T$6       .dwtag  DW_TAG_base_type
     882                      .dwattr $C$DW$T$6, DW_AT_encoding(DW_ATE_unsigned_char)
     883                      .dwattr $C$DW$T$6, DW_AT_name("unsigned char")
     884                      .dwattr $C$DW$T$6, DW_AT_byte_size(0x01)
     885              $C$DW$T$7       .dwtag  DW_TAG_base_type
     886                      .dwattr $C$DW$T$7, DW_AT_encoding(DW_ATE_signed_char)
     887                      .dwattr $C$DW$T$7, DW_AT_name("wchar_t")
     888                      .dwattr $C$DW$T$7, DW_AT_byte_size(0x01)
     889              $C$DW$T$8       .dwtag  DW_TAG_base_type
     890                      .dwattr $C$DW$T$8, DW_AT_encoding(DW_ATE_signed)
     891                      .dwattr $C$DW$T$8, DW_AT_name("short")
     892                      .dwattr $C$DW$T$8, DW_AT_byte_size(0x01)
     893              $C$DW$T$9       .dwtag  DW_TAG_base_type
     894                      .dwattr $C$DW$T$9, DW_AT_encoding(DW_ATE_unsigned)
     895                      .dwattr $C$DW$T$9, DW_AT_name("unsigned short")
     896                      .dwattr $C$DW$T$9, DW_AT_byte_size(0x01)
     897              $C$DW$T$10      .dwtag  DW_TAG_base_type
     898                      .dwattr $C$DW$T$10, DW_AT_encoding(DW_ATE_signed)
     899                      .dwattr $C$DW$T$10, DW_AT_name("int")
     900                      .dwattr $C$DW$T$10, DW_AT_byte_size(0x01)
     901              $C$DW$T$11      .dwtag  DW_TAG_base_type
     902                      .dwattr $C$DW$T$11, DW_AT_encoding(DW_ATE_unsigned)
     903                      .dwattr $C$DW$T$11, DW_AT_name("unsigned int")
     904                      .dwattr $C$DW$T$11, DW_AT_byte_size(0x01)
     905              $C$DW$T$29      .dwtag  DW_TAG_typedef, DW_AT_name("uint")
     906                      .dwattr $C$DW$T$29, DW_AT_type(*$C$DW$T$11)
     907                      .dwattr $C$DW$T$29, DW_AT_language(DW_LANG_C)
     908              $C$DW$T$30      .dwtag  DW_TAG_pointer_type
     909                      .dwattr $C$DW$T$30, DW_AT_type(*$C$DW$T$29)
     910                      .dwattr $C$DW$T$30, DW_AT_address_class(0x16)
     911              $C$DW$T$12      .dwtag  DW_TAG_base_type
     912                      .dwattr $C$DW$T$12, DW_AT_encoding(DW_ATE_signed)
     913                      .dwattr $C$DW$T$12, DW_AT_name("long")
     914                      .dwattr $C$DW$T$12, DW_AT_byte_size(0x02)
     915              $C$DW$T$13      .dwtag  DW_TAG_base_type
TMS320C2000 Assembler PC v6.2.7 Thu Jul 02 08:31:05 2015

Tools Copyright (c) 1996-2014 Texas Instruments Incorporated
C:\Users\Tester\AppData\Local\Temp\0550410                           PAGE   18

     916                      .dwattr $C$DW$T$13, DW_AT_encoding(DW_ATE_unsigned)
     917                      .dwattr $C$DW$T$13, DW_AT_name("unsigned long")
     918                      .dwattr $C$DW$T$13, DW_AT_byte_size(0x02)
     919              $C$DW$T$14      .dwtag  DW_TAG_base_type
     920                      .dwattr $C$DW$T$14, DW_AT_encoding(DW_ATE_signed)
     921                      .dwattr $C$DW$T$14, DW_AT_name("long long")
     922                      .dwattr $C$DW$T$14, DW_AT_byte_size(0x04)
     923              $C$DW$T$15      .dwtag  DW_TAG_base_type
     924                      .dwattr $C$DW$T$15, DW_AT_encoding(DW_ATE_unsigned)
     925                      .dwattr $C$DW$T$15, DW_AT_name("unsigned long long")
     926                      .dwattr $C$DW$T$15, DW_AT_byte_size(0x04)
     927              $C$DW$T$16      .dwtag  DW_TAG_base_type
     928                      .dwattr $C$DW$T$16, DW_AT_encoding(DW_ATE_float)
     929                      .dwattr $C$DW$T$16, DW_AT_name("float")
     930                      .dwattr $C$DW$T$16, DW_AT_byte_size(0x02)
     931              $C$DW$T$17      .dwtag  DW_TAG_base_type
     932                      .dwattr $C$DW$T$17, DW_AT_encoding(DW_ATE_float)
     933                      .dwattr $C$DW$T$17, DW_AT_name("double")
     934                      .dwattr $C$DW$T$17, DW_AT_byte_size(0x02)
     935              $C$DW$T$18      .dwtag  DW_TAG_base_type
     936                      .dwattr $C$DW$T$18, DW_AT_encoding(DW_ATE_float)
     937                      .dwattr $C$DW$T$18, DW_AT_name("long double")
     938                      .dwattr $C$DW$T$18, DW_AT_byte_size(0x04)
     939              $C$DW$T$21      .dwtag  DW_TAG_pointer_type
     940                      .dwattr $C$DW$T$21, DW_AT_type(*$C$DW$T$5)
     941                      .dwattr $C$DW$T$21, DW_AT_address_class(0x16)
     942              
     943              $C$DW$T$39      .dwtag  DW_TAG_array_type
     944                      .dwattr $C$DW$T$39, DW_AT_type(*$C$DW$T$5)
     945                      .dwattr $C$DW$T$39, DW_AT_language(DW_LANG_C)
     946                      .dwattr $C$DW$T$39, DW_AT_byte_size(0x04)
     947              $C$DW$73        .dwtag  DW_TAG_subrange_type
     948                      .dwattr $C$DW$73, DW_AT_upper_bound(0x03)
     949                      .dwendtag $C$DW$T$39
     950              
     951                      .dwattr $C$DW$CU, DW_AT_language(DW_LANG_C)
     952              
     953              ;***************************************************************
     954              ;* DWARF CIE ENTRIES                                           *
     955              ;***************************************************************
     956              
     957              $C$DW$CIE       .dwcie 78
     958                      .dwcfi  cfa_register, 20
     959                      .dwcfi  cfa_offset, 0
     960                      .dwcfi  undefined, 0
     961                      .dwcfi  undefined, 1
     962                      .dwcfi  undefined, 2
     963                      .dwcfi  undefined, 3
     964                      .dwcfi  undefined, 20
     965                      .dwcfi  undefined, 21
     966                      .dwcfi  undefined, 22
     967                      .dwcfi  undefined, 23
     968                      .dwcfi  undefined, 24
     969                      .dwcfi  undefined, 25
     970                      .dwcfi  undefined, 26
TMS320C2000 Assembler PC v6.2.7 Thu Jul 02 08:31:05 2015

Tools Copyright (c) 1996-2014 Texas Instruments Incorporated
C:\Users\Tester\AppData\Local\Temp\0550410                           PAGE   19

     971                      .dwcfi  same_value, 28
     972                      .dwcfi  undefined, 29
     973                      .dwcfi  undefined, 30
     974                      .dwcfi  undefined, 31
     975                      .dwcfi  undefined, 32
     976                      .dwcfi  undefined, 33
     977                      .dwcfi  undefined, 34
     978                      .dwcfi  undefined, 35
     979                      .dwcfi  undefined, 36
     980                      .dwcfi  undefined, 37
     981                      .dwcfi  undefined, 38
     982                      .dwcfi  undefined, 75
     983                      .dwcfi  undefined, 76
     984                      .dwcfi  undefined, 77
     985                      .dwcfi  undefined, 4
     986                      .dwcfi  same_value, 6
     987                      .dwcfi  same_value, 8
     988                      .dwcfi  same_value, 10
     989                      .dwcfi  undefined, 12
     990                      .dwcfi  undefined, 14
     991                      .dwcfi  undefined, 16
     992                      .dwcfi  undefined, 17
     993                      .dwcfi  undefined, 18
     994                      .dwcfi  undefined, 19
     995                      .dwcfi  undefined, 5
     996                      .dwcfi  same_value, 7
     997                      .dwcfi  same_value, 9
     998                      .dwcfi  same_value, 11
     999                      .dwcfi  undefined, 13
    1000                      .dwcfi  undefined, 15
    1001                      .dwcfi  undefined, 43
    1002                      .dwcfi  undefined, 44
    1003                      .dwcfi  undefined, 47
    1004                      .dwcfi  undefined, 48
    1005                      .dwcfi  undefined, 51
    1006                      .dwcfi  undefined, 52
    1007                      .dwcfi  undefined, 55
    1008                      .dwcfi  undefined, 56
    1009                      .dwcfi  same_value, 59
    1010                      .dwcfi  same_value, 60
    1011                      .dwcfi  same_value, 63
    1012                      .dwcfi  same_value, 64
    1013                      .dwcfi  same_value, 67
    1014                      .dwcfi  same_value, 68
    1015                      .dwcfi  same_value, 71
    1016                      .dwcfi  same_value, 72
    1017                      .dwcfi  undefined, 73
    1018                      .dwcfi  undefined, 74
    1019                      .dwcfi  undefined, 39
    1020                      .dwcfi  undefined, 40
    1021                      .dwcfi  undefined, 27
    1022                      .dwcfi  undefined, 78
    1023                      .dwendentry
    1024              
    1025              ;***************************************************************
TMS320C2000 Assembler PC v6.2.7 Thu Jul 02 08:31:05 2015

Tools Copyright (c) 1996-2014 Texas Instruments Incorporated
C:\Users\Tester\AppData\Local\Temp\0550410                           PAGE   20

    1026              ;* DWARF REGISTER MAP                                          *
    1027              ;***************************************************************
    1028              
    1029              $C$DW$74        .dwtag  DW_TAG_TI_assign_register, DW_AT_name("AL")
    1030                      .dwattr $C$DW$74, DW_AT_location[DW_OP_reg0]
    1031              $C$DW$75        .dwtag  DW_TAG_TI_assign_register, DW_AT_name("AH")
    1032                      .dwattr $C$DW$75, DW_AT_location[DW_OP_reg1]
    1033              $C$DW$76        .dwtag  DW_TAG_TI_assign_register, DW_AT_name("PL")
    1034                      .dwattr $C$DW$76, DW_AT_location[DW_OP_reg2]
    1035              $C$DW$77        .dwtag  DW_TAG_TI_assign_register, DW_AT_name("PH")
    1036                      .dwattr $C$DW$77, DW_AT_location[DW_OP_reg3]
    1037              $C$DW$78        .dwtag  DW_TAG_TI_assign_register, DW_AT_name("SP")
    1038                      .dwattr $C$DW$78, DW_AT_location[DW_OP_reg20]
    1039              $C$DW$79        .dwtag  DW_TAG_TI_assign_register, DW_AT_name("XT")
    1040                      .dwattr $C$DW$79, DW_AT_location[DW_OP_reg21]
    1041              $C$DW$80        .dwtag  DW_TAG_TI_assign_register, DW_AT_name("T")
    1042                      .dwattr $C$DW$80, DW_AT_location[DW_OP_reg22]
    1043              $C$DW$81        .dwtag  DW_TAG_TI_assign_register, DW_AT_name("ST0")
    1044                      .dwattr $C$DW$81, DW_AT_location[DW_OP_reg23]
    1045              $C$DW$82        .dwtag  DW_TAG_TI_assign_register, DW_AT_name("ST1")
    1046                      .dwattr $C$DW$82, DW_AT_location[DW_OP_reg24]
    1047              $C$DW$83        .dwtag  DW_TAG_TI_assign_register, DW_AT_name("PC")
    1048                      .dwattr $C$DW$83, DW_AT_location[DW_OP_reg25]
    1049              $C$DW$84        .dwtag  DW_TAG_TI_assign_register, DW_AT_name("RPC")
    1050                      .dwattr $C$DW$84, DW_AT_location[DW_OP_reg26]
    1051              $C$DW$85        .dwtag  DW_TAG_TI_assign_register, DW_AT_name("FP")
    1052                      .dwattr $C$DW$85, DW_AT_location[DW_OP_reg28]
    1053              $C$DW$86        .dwtag  DW_TAG_TI_assign_register, DW_AT_name("DP")
    1054                      .dwattr $C$DW$86, DW_AT_location[DW_OP_reg29]
    1055              $C$DW$87        .dwtag  DW_TAG_TI_assign_register, DW_AT_name("SXM")
    1056                      .dwattr $C$DW$87, DW_AT_location[DW_OP_reg30]
    1057              $C$DW$88        .dwtag  DW_TAG_TI_assign_register, DW_AT_name("PM")
    1058                      .dwattr $C$DW$88, DW_AT_location[DW_OP_reg31]
    1059              $C$DW$89        .dwtag  DW_TAG_TI_assign_register, DW_AT_name("OVM")
    1060                      .dwattr $C$DW$89, DW_AT_location[DW_OP_regx 0x20]
    1061              $C$DW$90        .dwtag  DW_TAG_TI_assign_register, DW_AT_name("PAGE0")
    1062                      .dwattr $C$DW$90, DW_AT_location[DW_OP_regx 0x21]
    1063              $C$DW$91        .dwtag  DW_TAG_TI_assign_register, DW_AT_name("AMODE")
    1064                      .dwattr $C$DW$91, DW_AT_location[DW_OP_regx 0x22]
    1065              $C$DW$92        .dwtag  DW_TAG_TI_assign_register, DW_AT_name("INTM")
    1066                      .dwattr $C$DW$92, DW_AT_location[DW_OP_regx 0x23]
    1067              $C$DW$93        .dwtag  DW_TAG_TI_assign_register, DW_AT_name("IFR")
    1068                      .dwattr $C$DW$93, DW_AT_location[DW_OP_regx 0x24]
    1069              $C$DW$94        .dwtag  DW_TAG_TI_assign_register, DW_AT_name("IER")
    1070                      .dwattr $C$DW$94, DW_AT_location[DW_OP_regx 0x25]
    1071              $C$DW$95        .dwtag  DW_TAG_TI_assign_register, DW_AT_name("V")
    1072                      .dwattr $C$DW$95, DW_AT_location[DW_OP_regx 0x26]
    1073              $C$DW$96        .dwtag  DW_TAG_TI_assign_register, DW_AT_name("PSEUDOH")
    1074                      .dwattr $C$DW$96, DW_AT_location[DW_OP_regx 0x4c]
    1075              $C$DW$97        .dwtag  DW_TAG_TI_assign_register, DW_AT_name("VOL")
    1076                      .dwattr $C$DW$97, DW_AT_location[DW_OP_regx 0x4d]
    1077              $C$DW$98        .dwtag  DW_TAG_TI_assign_register, DW_AT_name("AR0")
    1078                      .dwattr $C$DW$98, DW_AT_location[DW_OP_reg4]
    1079              $C$DW$99        .dwtag  DW_TAG_TI_assign_register, DW_AT_name("AR1")
    1080                      .dwattr $C$DW$99, DW_AT_location[DW_OP_reg6]
TMS320C2000 Assembler PC v6.2.7 Thu Jul 02 08:31:05 2015

Tools Copyright (c) 1996-2014 Texas Instruments Incorporated
C:\Users\Tester\AppData\Local\Temp\0550410                           PAGE   21

    1081              $C$DW$100       .dwtag  DW_TAG_TI_assign_register, DW_AT_name("AR2")
    1082                      .dwattr $C$DW$100, DW_AT_location[DW_OP_reg8]
    1083              $C$DW$101       .dwtag  DW_TAG_TI_assign_register, DW_AT_name("AR3")
    1084                      .dwattr $C$DW$101, DW_AT_location[DW_OP_reg10]
    1085              $C$DW$102       .dwtag  DW_TAG_TI_assign_register, DW_AT_name("AR4")
    1086                      .dwattr $C$DW$102, DW_AT_location[DW_OP_reg12]
    1087              $C$DW$103       .dwtag  DW_TAG_TI_assign_register, DW_AT_name("AR5")
    1088                      .dwattr $C$DW$103, DW_AT_location[DW_OP_reg14]
    1089              $C$DW$104       .dwtag  DW_TAG_TI_assign_register, DW_AT_name("AR6")
    1090                      .dwattr $C$DW$104, DW_AT_location[DW_OP_reg16]
    1091              $C$DW$105       .dwtag  DW_TAG_TI_assign_register, DW_AT_name("XAR6")
    1092                      .dwattr $C$DW$105, DW_AT_location[DW_OP_reg17]
    1093              $C$DW$106       .dwtag  DW_TAG_TI_assign_register, DW_AT_name("AR7")
    1094                      .dwattr $C$DW$106, DW_AT_location[DW_OP_reg18]
    1095              $C$DW$107       .dwtag  DW_TAG_TI_assign_register, DW_AT_name("XAR7")
    1096                      .dwattr $C$DW$107, DW_AT_location[DW_OP_reg19]
    1097              $C$DW$108       .dwtag  DW_TAG_TI_assign_register, DW_AT_name("XAR0")
    1098                      .dwattr $C$DW$108, DW_AT_location[DW_OP_reg5]
    1099              $C$DW$109       .dwtag  DW_TAG_TI_assign_register, DW_AT_name("XAR1")
    1100                      .dwattr $C$DW$109, DW_AT_location[DW_OP_reg7]
    1101              $C$DW$110       .dwtag  DW_TAG_TI_assign_register, DW_AT_name("XAR2")
    1102                      .dwattr $C$DW$110, DW_AT_location[DW_OP_reg9]
    1103              $C$DW$111       .dwtag  DW_TAG_TI_assign_register, DW_AT_name("XAR3")
    1104                      .dwattr $C$DW$111, DW_AT_location[DW_OP_reg11]
    1105              $C$DW$112       .dwtag  DW_TAG_TI_assign_register, DW_AT_name("XAR4")
    1106                      .dwattr $C$DW$112, DW_AT_location[DW_OP_reg13]
    1107              $C$DW$113       .dwtag  DW_TAG_TI_assign_register, DW_AT_name("XAR5")
    1108                      .dwattr $C$DW$113, DW_AT_location[DW_OP_reg15]
    1109              $C$DW$114       .dwtag  DW_TAG_TI_assign_register, DW_AT_name("R0HL")
    1110                      .dwattr $C$DW$114, DW_AT_location[DW_OP_regx 0x2b]
    1111              $C$DW$115       .dwtag  DW_TAG_TI_assign_register, DW_AT_name("R0H")
    1112                      .dwattr $C$DW$115, DW_AT_location[DW_OP_regx 0x2c]
    1113              $C$DW$116       .dwtag  DW_TAG_TI_assign_register, DW_AT_name("R1HL")
    1114                      .dwattr $C$DW$116, DW_AT_location[DW_OP_regx 0x2f]
    1115              $C$DW$117       .dwtag  DW_TAG_TI_assign_register, DW_AT_name("R1H")
    1116                      .dwattr $C$DW$117, DW_AT_location[DW_OP_regx 0x30]
    1117              $C$DW$118       .dwtag  DW_TAG_TI_assign_register, DW_AT_name("R2HL")
    1118                      .dwattr $C$DW$118, DW_AT_location[DW_OP_regx 0x33]
    1119              $C$DW$119       .dwtag  DW_TAG_TI_assign_register, DW_AT_name("R2H")
    1120                      .dwattr $C$DW$119, DW_AT_location[DW_OP_regx 0x34]
    1121              $C$DW$120       .dwtag  DW_TAG_TI_assign_register, DW_AT_name("R3HL")
    1122                      .dwattr $C$DW$120, DW_AT_location[DW_OP_regx 0x37]
    1123              $C$DW$121       .dwtag  DW_TAG_TI_assign_register, DW_AT_name("R3H")
    1124                      .dwattr $C$DW$121, DW_AT_location[DW_OP_regx 0x38]
    1125              $C$DW$122       .dwtag  DW_TAG_TI_assign_register, DW_AT_name("R4HL")
    1126                      .dwattr $C$DW$122, DW_AT_location[DW_OP_regx 0x3b]
    1127              $C$DW$123       .dwtag  DW_TAG_TI_assign_register, DW_AT_name("R4H")
    1128                      .dwattr $C$DW$123, DW_AT_location[DW_OP_regx 0x3c]
    1129              $C$DW$124       .dwtag  DW_TAG_TI_assign_register, DW_AT_name("R5HL")
    1130                      .dwattr $C$DW$124, DW_AT_location[DW_OP_regx 0x3f]
    1131              $C$DW$125       .dwtag  DW_TAG_TI_assign_register, DW_AT_name("R5H")
    1132                      .dwattr $C$DW$125, DW_AT_location[DW_OP_regx 0x40]
    1133              $C$DW$126       .dwtag  DW_TAG_TI_assign_register, DW_AT_name("R6HL")
    1134                      .dwattr $C$DW$126, DW_AT_location[DW_OP_regx 0x43]
    1135              $C$DW$127       .dwtag  DW_TAG_TI_assign_register, DW_AT_name("R6H")
TMS320C2000 Assembler PC v6.2.7 Thu Jul 02 08:31:05 2015

Tools Copyright (c) 1996-2014 Texas Instruments Incorporated
C:\Users\Tester\AppData\Local\Temp\0550410                           PAGE   22

    1136                      .dwattr $C$DW$127, DW_AT_location[DW_OP_regx 0x44]
    1137              $C$DW$128       .dwtag  DW_TAG_TI_assign_register, DW_AT_name("R7HL")
    1138                      .dwattr $C$DW$128, DW_AT_location[DW_OP_regx 0x47]
    1139              $C$DW$129       .dwtag  DW_TAG_TI_assign_register, DW_AT_name("R7H")
    1140                      .dwattr $C$DW$129, DW_AT_location[DW_OP_regx 0x48]
    1141              $C$DW$130       .dwtag  DW_TAG_TI_assign_register, DW_AT_name("RBL")
    1142                      .dwattr $C$DW$130, DW_AT_location[DW_OP_regx 0x49]
    1143              $C$DW$131       .dwtag  DW_TAG_TI_assign_register, DW_AT_name("RB")
    1144                      .dwattr $C$DW$131, DW_AT_location[DW_OP_regx 0x4a]
    1145              $C$DW$132       .dwtag  DW_TAG_TI_assign_register, DW_AT_name("STFL")
    1146                      .dwattr $C$DW$132, DW_AT_location[DW_OP_regx 0x27]
    1147              $C$DW$133       .dwtag  DW_TAG_TI_assign_register, DW_AT_name("STF")
    1148                      .dwattr $C$DW$133, DW_AT_location[DW_OP_regx 0x28]
    1149              $C$DW$134       .dwtag  DW_TAG_TI_assign_register, DW_AT_name("FPUHAZ")
    1150                      .dwattr $C$DW$134, DW_AT_location[DW_OP_reg27]
    1151              $C$DW$135       .dwtag  DW_TAG_TI_assign_register, DW_AT_name("CIE_RETA")
    1152                      .dwattr $C$DW$135, DW_AT_location[DW_OP_regx 0x4e]
    1153                      .dwendtag $C$DW$CU
    1154              

No Assembly Errors, No Assembly Warnings
