TMS320C2000 Assembler PC v6.2.7 Thu Jul 02 08:31:12 2015

Tools Copyright (c) 1996-2014 Texas Instruments Incorporated
C:\Users\Tester\AppData\Local\Temp\0430410                           PAGE    1

       1              ;***************************************************************
       2              ;* TMS320C2000 C/C++ Codegen                         PC v6.2.7 *
       3              ;* Date/Time created: Thu Jul 02 08:31:12 2015                 *
       4              ;***************************************************************
       5                      .compiler_opts --diag_wrap=off --float_support=fpu32 --hll_source=on --mem_model:code=flat --mem_mode
       6        0002  FP      .set    XAR2
       7              
       8              $C$DW$CU        .dwtag  DW_TAG_compile_unit
       9                      .dwattr $C$DW$CU, DW_AT_name("../UART/cntrlTransferUart_485.c")
      10                      .dwattr $C$DW$CU, DW_AT_producer("TMS320C2000 C/C++ Codegen PC v6.2.7 Copyright (c) 1996-2014 Texas I
      11                      .dwattr $C$DW$CU, DW_AT_TI_version(0x01)
      12                      .dwattr $C$DW$CU, DW_AT_comp_dir("D:\ActiveProject\EKT5\PKMT_NONBIOS\InvertorCntrl\ISPprg")
      13              
      14              $C$DW$1 .dwtag  DW_TAG_subprogram, DW_AT_name("disableSciRcInt_485")
      15                      .dwattr $C$DW$1, DW_AT_TI_symbol_name("_disableSciRcInt_485")
      16                      .dwattr $C$DW$1, DW_AT_declaration
      17                      .dwattr $C$DW$1, DW_AT_external
      18              
      19              $C$DW$2 .dwtag  DW_TAG_subprogram, DW_AT_name("disableSciTxInt_485")
      20                      .dwattr $C$DW$2, DW_AT_TI_symbol_name("_disableSciTxInt_485")
      21                      .dwattr $C$DW$2, DW_AT_declaration
      22                      .dwattr $C$DW$2, DW_AT_external
      23              
      24              $C$DW$3 .dwtag  DW_TAG_subprogram, DW_AT_name("enableSciRcInt_485")
      25                      .dwattr $C$DW$3, DW_AT_TI_symbol_name("_enableSciRcInt_485")
      26                      .dwattr $C$DW$3, DW_AT_declaration
      27                      .dwattr $C$DW$3, DW_AT_external
      28              
      29              $C$DW$4 .dwtag  DW_TAG_subprogram, DW_AT_name("enableSciTxInt_485")
      30                      .dwattr $C$DW$4, DW_AT_TI_symbol_name("_enableSciTxInt_485")
      31                      .dwattr $C$DW$4, DW_AT_declaration
      32                      .dwattr $C$DW$4, DW_AT_external
      33                      .global _pntr485RC
      34 00000000       _pntr485RC:     .usect  ".ebss",1,1,0
      35              $C$DW$5 .dwtag  DW_TAG_variable, DW_AT_name("pntr485RC")
      36                      .dwattr $C$DW$5, DW_AT_TI_symbol_name("_pntr485RC")
      37                      .dwattr $C$DW$5, DW_AT_location[DW_OP_addr _pntr485RC]
      38                      .dwattr $C$DW$5, DW_AT_type(*$C$DW$T$10)
      39                      .dwattr $C$DW$5, DW_AT_external
      40                      .global _pntr485TX
      41 00000001       _pntr485TX:     .usect  ".ebss",1,1,0
      42              $C$DW$6 .dwtag  DW_TAG_variable, DW_AT_name("pntr485TX")
      43                      .dwattr $C$DW$6, DW_AT_TI_symbol_name("_pntr485TX")
      44                      .dwattr $C$DW$6, DW_AT_location[DW_OP_addr _pntr485TX]
      45                      .dwattr $C$DW$6, DW_AT_type(*$C$DW$T$10)
      46                      .dwattr $C$DW$6, DW_AT_external
      47                      .global _Bufer485RC
      48 00000040       _Bufer485RC:    .usect  ".ebss",64,1,0
      49              $C$DW$7 .dwtag  DW_TAG_variable, DW_AT_name("Bufer485RC")
      50                      .dwattr $C$DW$7, DW_AT_TI_symbol_name("_Bufer485RC")
      51                      .dwattr $C$DW$7, DW_AT_location[DW_OP_addr _Bufer485RC]
      52                      .dwattr $C$DW$7, DW_AT_type(*$C$DW$T$26)
      53                      .dwattr $C$DW$7, DW_AT_external
      54                      .global _Bufer485TX
      55 00000080       _Bufer485TX:    .usect  ".ebss",64,1,0
TMS320C2000 Assembler PC v6.2.7 Thu Jul 02 08:31:12 2015

Tools Copyright (c) 1996-2014 Texas Instruments Incorporated
C:\Users\Tester\AppData\Local\Temp\0430410                           PAGE    2

      56              $C$DW$8 .dwtag  DW_TAG_variable, DW_AT_name("Bufer485TX")
      57                      .dwattr $C$DW$8, DW_AT_TI_symbol_name("_Bufer485TX")
      58                      .dwattr $C$DW$8, DW_AT_location[DW_OP_addr _Bufer485TX]
      59                      .dwattr $C$DW$8, DW_AT_type(*$C$DW$T$26)
      60                      .dwattr $C$DW$8, DW_AT_external
      61              ;       C:\ti\ccsv6\tools\compiler\c2000_6.2.7\bin\ac2000.exe -@C:\\Users\\Tester\\AppData\\Local\\Temp\\0430
      62 00000000               .sect   ".text"
      63                      .clink
      64                      .global _initUart485Bufer
      65              
      66              $C$DW$9 .dwtag  DW_TAG_subprogram, DW_AT_name("initUart485Bufer")
      67                      .dwattr $C$DW$9, DW_AT_low_pc(_initUart485Bufer)
      68                      .dwattr $C$DW$9, DW_AT_high_pc(0x00)
      69                      .dwattr $C$DW$9, DW_AT_TI_symbol_name("_initUart485Bufer")
      70                      .dwattr $C$DW$9, DW_AT_external
      71                      .dwattr $C$DW$9, DW_AT_TI_begin_file("../UART/cntrlTransferUart_485.c")
      72                      .dwattr $C$DW$9, DW_AT_TI_begin_line(0x1a)
      73                      .dwattr $C$DW$9, DW_AT_TI_begin_column(0x06)
      74                      .dwattr $C$DW$9, DW_AT_TI_max_frame_size(-2)
      75                      .dwpsn  file "../UART/cntrlTransferUart_485.c",line 27,column 1,is_stmt,address _initUart485Bufer
      76              
      77                      .dwfde $C$DW$CIE, _initUart485Bufer
      78              
      79              ;***************************************************************
      80              ;* FNAME: _initUart485Bufer             FR SIZE:   0           *
      81              ;*                                                             *
      82              ;* FUNCTION ENVIRONMENT                                        *
      83              ;*                                                             *
      84              ;* FUNCTION PROPERTIES                                         *
      85              ;*                            0 Parameter,  0 Auto,  0 SOE     *
      86              ;***************************************************************
      87              
      88 00000000       _initUart485Bufer:
      89                      .dwcfi  cfa_offset, -2
      90                      .dwcfi  save_reg_to_mem, 26, 0
      91                      .dwcfi  save_reg_to_reg, 78, 26
      92                      .dwpsn  file "../UART/cntrlTransferUart_485.c",line 28,column 2,is_stmt
      93 00000000 761F-         MOVW      DP,#_pntr485RC        ; [CPU_U] 
         00000001 0000 
      94 00000002 2B00-         MOV       @_pntr485RC,#0        ; [CPU_] |28| 
      95                      .dwpsn  file "../UART/cntrlTransferUart_485.c",line 29,column 2,is_stmt
      96 00000003 2B01-         MOV       @_pntr485TX,#0        ; [CPU_] |29| 
      97                      .dwpsn  file "../UART/cntrlTransferUart_485.c",line 30,column 1,is_stmt
      98              $C$DW$10        .dwtag  DW_TAG_TI_branch
      99                      .dwattr $C$DW$10, DW_AT_low_pc(0x00)
     100                      .dwattr $C$DW$10, DW_AT_TI_return
     101 00000004 0006          LRETR     ; [CPU_] 
     102                      ; return occurs ; [] 
     103                      .dwattr $C$DW$9, DW_AT_TI_end_file("../UART/cntrlTransferUart_485.c")
     104                      .dwattr $C$DW$9, DW_AT_TI_end_line(0x1e)
     105                      .dwattr $C$DW$9, DW_AT_TI_end_column(0x01)
     106                      .dwendentry
     107                      .dwendtag $C$DW$9
     108              
     109 00000005               .sect   ".text"
TMS320C2000 Assembler PC v6.2.7 Thu Jul 02 08:31:12 2015

Tools Copyright (c) 1996-2014 Texas Instruments Incorporated
C:\Users\Tester\AppData\Local\Temp\0430410                           PAGE    3

     110                      .clink
     111                      .global _getCharUart485
     112              
     113              $C$DW$11        .dwtag  DW_TAG_subprogram, DW_AT_name("getCharUart485")
     114                      .dwattr $C$DW$11, DW_AT_low_pc(_getCharUart485)
     115                      .dwattr $C$DW$11, DW_AT_high_pc(0x00)
     116                      .dwattr $C$DW$11, DW_AT_TI_symbol_name("_getCharUart485")
     117                      .dwattr $C$DW$11, DW_AT_external
     118                      .dwattr $C$DW$11, DW_AT_type(*$C$DW$T$5)
     119                      .dwattr $C$DW$11, DW_AT_TI_begin_file("../UART/cntrlTransferUart_485.c")
     120                      .dwattr $C$DW$11, DW_AT_TI_begin_line(0x20)
     121                      .dwattr $C$DW$11, DW_AT_TI_begin_column(0x06)
     122                      .dwattr $C$DW$11, DW_AT_TI_max_frame_size(-6)
     123                      .dwpsn  file "../UART/cntrlTransferUart_485.c",line 33,column 1,is_stmt,address _getCharUart485
     124              
     125                      .dwfde $C$DW$CIE, _getCharUart485
     126              $C$DW$12        .dwtag  DW_TAG_formal_parameter, DW_AT_name("rc")
     127                      .dwattr $C$DW$12, DW_AT_TI_symbol_name("_rc")
     128                      .dwattr $C$DW$12, DW_AT_type(*$C$DW$T$22)
     129                      .dwattr $C$DW$12, DW_AT_location[DW_OP_reg12]
     130              
     131              ;***************************************************************
     132              ;* FNAME: _getCharUart485               FR SIZE:   4           *
     133              ;*                                                             *
     134              ;* FUNCTION ENVIRONMENT                                        *
     135              ;*                                                             *
     136              ;* FUNCTION PROPERTIES                                         *
     137              ;*                            0 Parameter,  3 Auto,  0 SOE     *
     138              ;***************************************************************
     139              
     140 00000005       _getCharUart485:
     141                      .dwcfi  cfa_offset, -2
     142                      .dwcfi  save_reg_to_mem, 26, 0
     143                      .dwcfi  save_reg_to_reg, 78, 26
     144 00000005 FE04          ADDB      SP,#4                 ; [CPU_U] 
     145                      .dwcfi  cfa_offset, -6
     146              $C$DW$13        .dwtag  DW_TAG_variable, DW_AT_name("rc")
     147                      .dwattr $C$DW$13, DW_AT_TI_symbol_name("_rc")
     148                      .dwattr $C$DW$13, DW_AT_type(*$C$DW$T$22)
     149                      .dwattr $C$DW$13, DW_AT_location[DW_OP_breg20 -2]
     150              $C$DW$14        .dwtag  DW_TAG_variable, DW_AT_name("pntr")
     151                      .dwattr $C$DW$14, DW_AT_TI_symbol_name("_pntr")
     152                      .dwattr $C$DW$14, DW_AT_type(*$C$DW$T$10)
     153                      .dwattr $C$DW$14, DW_AT_location[DW_OP_breg20 -3]
     154 00000006 A842          MOVL      *-SP[2],XAR4          ; [CPU_] |33| 
     155                      .dwpsn  file "../UART/cntrlTransferUart_485.c",line 35,column 2,is_stmt
     156 00000007 761F-         MOVW      DP,#_pntr485RC        ; [CPU_U] 
         00000008 0000 
     157 00000009 9200-         MOV       AL,@_pntr485RC        ; [CPU_] |35| 
     158 0000000a EC26          BF        $C$L3,EQ              ; [CPU_] |35| 
     159                      ; branchcc occurs ; [] |35| 
     160                      .dwpsn  file "../UART/cntrlTransferUart_485.c",line 36,column 3,is_stmt
     161              $C$DW$15        .dwtag  DW_TAG_TI_branch
     162                      .dwattr $C$DW$15, DW_AT_low_pc(0x00)
     163                      .dwattr $C$DW$15, DW_AT_name("_disableSciRcInt_485")
TMS320C2000 Assembler PC v6.2.7 Thu Jul 02 08:31:12 2015

Tools Copyright (c) 1996-2014 Texas Instruments Incorporated
C:\Users\Tester\AppData\Local\Temp\0430410                           PAGE    4

     164                      .dwattr $C$DW$15, DW_AT_TI_call
     165 0000000b 7640!         LCR       #_disableSciRcInt_485 ; [CPU_] |36| 
         0000000c 0000 
     166                      ; call occurs [#_disableSciRcInt_485] ; [] |36| 
     167                      .dwpsn  file "../UART/cntrlTransferUart_485.c",line 37,column 3,is_stmt
     168 0000000d 8A42          MOVL      XAR4,*-SP[2]          ; [CPU_] |37| 
     169 0000000e 761F-         MOVW      DP,#_Bufer485RC       ; [CPU_U] 
         0000000f 0001 
     170 00000010 9200-         MOV       AL,@_Bufer485RC       ; [CPU_] |37| 
     171 00000011 96C4          MOV       *+XAR4[0],AL          ; [CPU_] |37| 
     172                      .dwpsn  file "../UART/cntrlTransferUart_485.c",line 39,column 7,is_stmt
     173 00000012 2B43          MOV       *-SP[3],#0            ; [CPU_] |39| 
     174                      .dwpsn  file "../UART/cntrlTransferUart_485.c",line 39,column 17,is_stmt
     175 00000013 761F-         MOVW      DP,#_pntr485RC        ; [CPU_U] 
         00000014 0000 
     176 00000015 9200-         MOV       AL,@_pntr485RC        ; [CPU_] |39| 
     177 00000016 5443          CMP       AL,*-SP[3]            ; [CPU_] |39| 
     178 00000017 6514          B         $C$L2,LEQ             ; [CPU_] |39| 
     179                      ; branchcc occurs ; [] |39| 
     180 00000018       $C$L1:    
     181                      .dwpsn  file "../UART/cntrlTransferUart_485.c",line 40,column 4,is_stmt
     182 00000018 9243          MOV       AL,*-SP[3]            ; [CPU_] |40| 
     183 00000019 3B01          SETC      SXM                   ; [CPU_] 
     184 0000001a 76C0-         MOVL      XAR7,#_Bufer485RC     ; [CPU_U] |40| 
         0000001b 0040 
     185 0000001c 8F00-         MOVL      XAR4,#_Bufer485RC     ; [CPU_U] |40| 
         0000001d 0040 
     186 0000001e 9C01          ADDB      AL,#1                 ; [CPU_] |40| 
     187 0000001f 85A9          MOV       ACC,AL                ; [CPU_] |40| 
     188 00000020 5601          ADDL      XAR7,ACC              ; [CPU_] |40| 
         00000021 00A7 
     189 00000022 8543          MOV       ACC,*-SP[3]           ; [CPU_] |40| 
     190 00000023 5601          ADDL      XAR4,ACC              ; [CPU_] |40| 
         00000024 00A4 
     191 00000025 92C7          MOV       AL,*XAR7              ; [CPU_] |40| 
     192 00000026 96C4          MOV       *+XAR4[0],AL          ; [CPU_] |40| 
     193                      .dwpsn  file "../UART/cntrlTransferUart_485.c",line 39,column 35,is_stmt
     194 00000027 0A43          INC       *-SP[3]               ; [CPU_] |39| 
     195                      .dwpsn  file "../UART/cntrlTransferUart_485.c",line 39,column 17,is_stmt
     196 00000028 9200-         MOV       AL,@_pntr485RC        ; [CPU_] |39| 
     197 00000029 5443          CMP       AL,*-SP[3]            ; [CPU_] |39| 
     198 0000002a 62EE          B         $C$L1,GT              ; [CPU_] |39| 
     199                      ; branchcc occurs ; [] |39| 
     200 0000002b       $C$L2:    
     201                      .dwpsn  file "../UART/cntrlTransferUart_485.c",line 42,column 3,is_stmt
     202 0000002b 0B00-         DEC       @_pntr485RC           ; [CPU_] |42| 
     203                      .dwpsn  file "../UART/cntrlTransferUart_485.c",line 44,column 3,is_stmt
     204              $C$DW$16        .dwtag  DW_TAG_TI_branch
     205                      .dwattr $C$DW$16, DW_AT_low_pc(0x00)
     206                      .dwattr $C$DW$16, DW_AT_name("_enableSciRcInt_485")
     207                      .dwattr $C$DW$16, DW_AT_TI_call
     208 0000002c 7640!         LCR       #_enableSciRcInt_485  ; [CPU_] |44| 
         0000002d 0000 
     209                      ; call occurs [#_enableSciRcInt_485] ; [] |44| 
     210                      .dwpsn  file "../UART/cntrlTransferUart_485.c",line 45,column 3,is_stmt
TMS320C2000 Assembler PC v6.2.7 Thu Jul 02 08:31:12 2015

Tools Copyright (c) 1996-2014 Texas Instruments Incorporated
C:\Users\Tester\AppData\Local\Temp\0430410                           PAGE    5

     211 0000002e 9A01          MOVB      AL,#1                 ; [CPU_] |45| 
     212 0000002f 6F02          B         $C$L4,UNC             ; [CPU_] |45| 
     213                      ; branch occurs ; [] |45| 
     214 00000030       $C$L3:    
     215                      .dwpsn  file "../UART/cntrlTransferUart_485.c",line 47,column 3,is_stmt
     216 00000030 9A00          MOVB      AL,#0                 ; [CPU_] |47| 
     217 00000031       $C$L4:    
     218                      .dwpsn  file "../UART/cntrlTransferUart_485.c",line 48,column 1,is_stmt
     219 00000031 FE84          SUBB      SP,#4                 ; [CPU_U] 
     220                      .dwcfi  cfa_offset, -2
     221              $C$DW$17        .dwtag  DW_TAG_TI_branch
     222                      .dwattr $C$DW$17, DW_AT_low_pc(0x00)
     223                      .dwattr $C$DW$17, DW_AT_TI_return
     224 00000032 0006          LRETR     ; [CPU_] 
     225                      ; return occurs ; [] 
     226                      .dwattr $C$DW$11, DW_AT_TI_end_file("../UART/cntrlTransferUart_485.c")
     227                      .dwattr $C$DW$11, DW_AT_TI_end_line(0x30)
     228                      .dwattr $C$DW$11, DW_AT_TI_end_column(0x01)
     229                      .dwendentry
     230                      .dwendtag $C$DW$11
     231              
     232 00000033               .sect   ".text"
     233                      .clink
     234                      .global _putRcBuf485
     235              
     236              $C$DW$18        .dwtag  DW_TAG_subprogram, DW_AT_name("putRcBuf485")
     237                      .dwattr $C$DW$18, DW_AT_low_pc(_putRcBuf485)
     238                      .dwattr $C$DW$18, DW_AT_high_pc(0x00)
     239                      .dwattr $C$DW$18, DW_AT_TI_symbol_name("_putRcBuf485")
     240                      .dwattr $C$DW$18, DW_AT_external
     241                      .dwattr $C$DW$18, DW_AT_type(*$C$DW$T$5)
     242                      .dwattr $C$DW$18, DW_AT_TI_begin_file("../UART/cntrlTransferUart_485.c")
     243                      .dwattr $C$DW$18, DW_AT_TI_begin_line(0x32)
     244                      .dwattr $C$DW$18, DW_AT_TI_begin_column(0x06)
     245                      .dwattr $C$DW$18, DW_AT_TI_max_frame_size(-4)
     246                      .dwpsn  file "../UART/cntrlTransferUart_485.c",line 51,column 1,is_stmt,address _putRcBuf485
     247              
     248                      .dwfde $C$DW$CIE, _putRcBuf485
     249              $C$DW$19        .dwtag  DW_TAG_formal_parameter, DW_AT_name("rc")
     250                      .dwattr $C$DW$19, DW_AT_TI_symbol_name("_rc")
     251                      .dwattr $C$DW$19, DW_AT_type(*$C$DW$T$5)
     252                      .dwattr $C$DW$19, DW_AT_location[DW_OP_reg0]
     253              
     254              ;***************************************************************
     255              ;* FNAME: _putRcBuf485                  FR SIZE:   2           *
     256              ;*                                                             *
     257              ;* FUNCTION ENVIRONMENT                                        *
     258              ;*                                                             *
     259              ;* FUNCTION PROPERTIES                                         *
     260              ;*                            0 Parameter,  1 Auto,  0 SOE     *
     261              ;***************************************************************
     262              
     263 00000033       _putRcBuf485:
     264                      .dwcfi  cfa_offset, -2
     265                      .dwcfi  save_reg_to_mem, 26, 0
TMS320C2000 Assembler PC v6.2.7 Thu Jul 02 08:31:12 2015

Tools Copyright (c) 1996-2014 Texas Instruments Incorporated
C:\Users\Tester\AppData\Local\Temp\0430410                           PAGE    6

     266                      .dwcfi  save_reg_to_reg, 78, 26
     267 00000033 FE02          ADDB      SP,#2                 ; [CPU_U] 
     268                      .dwcfi  cfa_offset, -4
     269              $C$DW$20        .dwtag  DW_TAG_variable, DW_AT_name("rc")
     270                      .dwattr $C$DW$20, DW_AT_TI_symbol_name("_rc")
     271                      .dwattr $C$DW$20, DW_AT_type(*$C$DW$T$5)
     272                      .dwattr $C$DW$20, DW_AT_location[DW_OP_breg20 -1]
     273 00000034 9641          MOV       *-SP[1],AL            ; [CPU_] |51| 
     274                      .dwpsn  file "../UART/cntrlTransferUart_485.c",line 52,column 2,is_stmt
     275 00000035 761F-         MOVW      DP,#_pntr485RC        ; [CPU_U] 
         00000036 0000 
     276 00000037 9200-         MOV       AL,@_pntr485RC        ; [CPU_] |52| 
     277 00000038 5240          CMPB      AL,#64                ; [CPU_] |52| 
     278 00000039 6312          B         $C$L5,GEQ             ; [CPU_] |52| 
     279                      ; branchcc occurs ; [] |52| 
     280                      .dwpsn  file "../UART/cntrlTransferUart_485.c",line 54,column 4,is_stmt
     281              $C$DW$21        .dwtag  DW_TAG_TI_branch
     282                      .dwattr $C$DW$21, DW_AT_low_pc(0x00)
     283                      .dwattr $C$DW$21, DW_AT_name("_disableSciRcInt_485")
     284                      .dwattr $C$DW$21, DW_AT_TI_call
     285 0000003a 7640!         LCR       #_disableSciRcInt_485 ; [CPU_] |54| 
         0000003b 0000 
     286                      ; call occurs [#_disableSciRcInt_485] ; [] |54| 
     287                      .dwpsn  file "../UART/cntrlTransferUart_485.c",line 55,column 4,is_stmt
     288 0000003c 3B01          SETC      SXM                   ; [CPU_] 
     289 0000003d 761F-         MOVW      DP,#_pntr485RC        ; [CPU_U] 
         0000003e 0000 
     290 0000003f 8841          MOVZ      AR6,*-SP[1]           ; [CPU_] |55| 
     291 00000040 8F00-         MOVL      XAR4,#_Bufer485RC     ; [CPU_U] |55| 
         00000041 0040 
     292 00000042 8500-         MOV       ACC,@_pntr485RC       ; [CPU_] |55| 
     293 00000043 5601          ADDL      XAR4,ACC              ; [CPU_] |55| 
         00000044 00A4 
     294 00000045 7EC4          MOV       *+XAR4[0],AR6         ; [CPU_] |55| 
     295                      .dwpsn  file "../UART/cntrlTransferUart_485.c",line 56,column 4,is_stmt
     296 00000046 0A00-         INC       @_pntr485RC           ; [CPU_] |56| 
     297                      .dwpsn  file "../UART/cntrlTransferUart_485.c",line 57,column 4,is_stmt
     298              $C$DW$22        .dwtag  DW_TAG_TI_branch
     299                      .dwattr $C$DW$22, DW_AT_low_pc(0x00)
     300                      .dwattr $C$DW$22, DW_AT_name("_enableSciRcInt_485")
     301                      .dwattr $C$DW$22, DW_AT_TI_call
     302 00000047 7640!         LCR       #_enableSciRcInt_485  ; [CPU_] |57| 
         00000048 0000 
     303                      ; call occurs [#_enableSciRcInt_485] ; [] |57| 
     304                      .dwpsn  file "../UART/cntrlTransferUart_485.c",line 58,column 4,is_stmt
     305 00000049 9A01          MOVB      AL,#1                 ; [CPU_] |58| 
     306 0000004a 6F02          B         $C$L6,UNC             ; [CPU_] |58| 
     307                      ; branch occurs ; [] |58| 
     308 0000004b       $C$L5:    
     309                      .dwpsn  file "../UART/cntrlTransferUart_485.c",line 61,column 4,is_stmt
     310 0000004b 9A00          MOVB      AL,#0                 ; [CPU_] |61| 
     311 0000004c       $C$L6:    
     312                      .dwpsn  file "../UART/cntrlTransferUart_485.c",line 62,column 1,is_stmt
     313 0000004c FE82          SUBB      SP,#2                 ; [CPU_U] 
     314                      .dwcfi  cfa_offset, -2
TMS320C2000 Assembler PC v6.2.7 Thu Jul 02 08:31:12 2015

Tools Copyright (c) 1996-2014 Texas Instruments Incorporated
C:\Users\Tester\AppData\Local\Temp\0430410                           PAGE    7

     315              $C$DW$23        .dwtag  DW_TAG_TI_branch
     316                      .dwattr $C$DW$23, DW_AT_low_pc(0x00)
     317                      .dwattr $C$DW$23, DW_AT_TI_return
     318 0000004d 0006          LRETR     ; [CPU_] 
     319                      ; return occurs ; [] 
     320                      .dwattr $C$DW$18, DW_AT_TI_end_file("../UART/cntrlTransferUart_485.c")
     321                      .dwattr $C$DW$18, DW_AT_TI_end_line(0x3e)
     322                      .dwattr $C$DW$18, DW_AT_TI_end_column(0x01)
     323                      .dwendentry
     324                      .dwendtag $C$DW$18
     325              
     326 0000004e               .sect   ".text"
     327                      .clink
     328                      .global _putRcBuf485FromInt
     329              
     330              $C$DW$24        .dwtag  DW_TAG_subprogram, DW_AT_name("putRcBuf485FromInt")
     331                      .dwattr $C$DW$24, DW_AT_low_pc(_putRcBuf485FromInt)
     332                      .dwattr $C$DW$24, DW_AT_high_pc(0x00)
     333                      .dwattr $C$DW$24, DW_AT_TI_symbol_name("_putRcBuf485FromInt")
     334                      .dwattr $C$DW$24, DW_AT_external
     335                      .dwattr $C$DW$24, DW_AT_type(*$C$DW$T$5)
     336                      .dwattr $C$DW$24, DW_AT_TI_begin_file("../UART/cntrlTransferUart_485.c")
     337                      .dwattr $C$DW$24, DW_AT_TI_begin_line(0x40)
     338                      .dwattr $C$DW$24, DW_AT_TI_begin_column(0x06)
     339                      .dwattr $C$DW$24, DW_AT_TI_max_frame_size(-4)
     340                      .dwpsn  file "../UART/cntrlTransferUart_485.c",line 65,column 1,is_stmt,address _putRcBuf485FromInt
     341              
     342                      .dwfde $C$DW$CIE, _putRcBuf485FromInt
     343              $C$DW$25        .dwtag  DW_TAG_formal_parameter, DW_AT_name("rc")
     344                      .dwattr $C$DW$25, DW_AT_TI_symbol_name("_rc")
     345                      .dwattr $C$DW$25, DW_AT_type(*$C$DW$T$5)
     346                      .dwattr $C$DW$25, DW_AT_location[DW_OP_reg0]
     347              
     348              ;***************************************************************
     349              ;* FNAME: _putRcBuf485FromInt           FR SIZE:   2           *
     350              ;*                                                             *
     351              ;* FUNCTION ENVIRONMENT                                        *
     352              ;*                                                             *
     353              ;* FUNCTION PROPERTIES                                         *
     354              ;*                            0 Parameter,  1 Auto,  0 SOE     *
     355              ;***************************************************************
     356              
     357 0000004e       _putRcBuf485FromInt:
     358                      .dwcfi  cfa_offset, -2
     359                      .dwcfi  save_reg_to_mem, 26, 0
     360                      .dwcfi  save_reg_to_reg, 78, 26
     361 0000004e FE02          ADDB      SP,#2                 ; [CPU_U] 
     362                      .dwcfi  cfa_offset, -4
     363              $C$DW$26        .dwtag  DW_TAG_variable, DW_AT_name("rc")
     364                      .dwattr $C$DW$26, DW_AT_TI_symbol_name("_rc")
     365                      .dwattr $C$DW$26, DW_AT_type(*$C$DW$T$5)
     366                      .dwattr $C$DW$26, DW_AT_location[DW_OP_breg20 -1]
     367 0000004f 9641          MOV       *-SP[1],AL            ; [CPU_] |65| 
     368                      .dwpsn  file "../UART/cntrlTransferUart_485.c",line 66,column 2,is_stmt
     369 00000050 761F-         MOVW      DP,#_pntr485RC        ; [CPU_U] 
TMS320C2000 Assembler PC v6.2.7 Thu Jul 02 08:31:12 2015

Tools Copyright (c) 1996-2014 Texas Instruments Incorporated
C:\Users\Tester\AppData\Local\Temp\0430410                           PAGE    8

         00000051 0000 
     370 00000052 9200-         MOV       AL,@_pntr485RC        ; [CPU_] |66| 
     371 00000053 5240          CMPB      AL,#64                ; [CPU_] |66| 
     372 00000054 630C          B         $C$L7,GEQ             ; [CPU_] |66| 
     373                      ; branchcc occurs ; [] |66| 
     374                      .dwpsn  file "../UART/cntrlTransferUart_485.c",line 68,column 4,is_stmt
     375 00000055 3B01          SETC      SXM                   ; [CPU_] 
     376 00000056 8841          MOVZ      AR6,*-SP[1]           ; [CPU_] |68| 
     377 00000057 8F00-         MOVL      XAR4,#_Bufer485RC     ; [CPU_U] |68| 
         00000058 0040 
     378 00000059 8500-         MOV       ACC,@_pntr485RC       ; [CPU_] |68| 
     379 0000005a 5601          ADDL      XAR4,ACC              ; [CPU_] |68| 
         0000005b 00A4 
     380 0000005c 7EC4          MOV       *+XAR4[0],AR6         ; [CPU_] |68| 
     381                      .dwpsn  file "../UART/cntrlTransferUart_485.c",line 69,column 4,is_stmt
     382 0000005d 0A00-         INC       @_pntr485RC           ; [CPU_] |69| 
     383                      .dwpsn  file "../UART/cntrlTransferUart_485.c",line 70,column 4,is_stmt
     384 0000005e 9A01          MOVB      AL,#1                 ; [CPU_] |70| 
     385 0000005f 6F02          B         $C$L8,UNC             ; [CPU_] |70| 
     386                      ; branch occurs ; [] |70| 
     387 00000060       $C$L7:    
     388                      .dwpsn  file "../UART/cntrlTransferUart_485.c",line 73,column 4,is_stmt
     389 00000060 9A00          MOVB      AL,#0                 ; [CPU_] |73| 
     390 00000061       $C$L8:    
     391                      .dwpsn  file "../UART/cntrlTransferUart_485.c",line 74,column 1,is_stmt
     392 00000061 FE82          SUBB      SP,#2                 ; [CPU_U] 
     393                      .dwcfi  cfa_offset, -2
     394              $C$DW$27        .dwtag  DW_TAG_TI_branch
     395                      .dwattr $C$DW$27, DW_AT_low_pc(0x00)
     396                      .dwattr $C$DW$27, DW_AT_TI_return
     397 00000062 0006          LRETR     ; [CPU_] 
     398                      ; return occurs ; [] 
     399                      .dwattr $C$DW$24, DW_AT_TI_end_file("../UART/cntrlTransferUart_485.c")
     400                      .dwattr $C$DW$24, DW_AT_TI_end_line(0x4a)
     401                      .dwattr $C$DW$24, DW_AT_TI_end_column(0x01)
     402                      .dwendentry
     403                      .dwendtag $C$DW$24
     404              
     405 00000063               .sect   ".text"
     406                      .clink
     407                      .global _getTxBuf485ForInt
     408              
     409              $C$DW$28        .dwtag  DW_TAG_subprogram, DW_AT_name("getTxBuf485ForInt")
     410                      .dwattr $C$DW$28, DW_AT_low_pc(_getTxBuf485ForInt)
     411                      .dwattr $C$DW$28, DW_AT_high_pc(0x00)
     412                      .dwattr $C$DW$28, DW_AT_TI_symbol_name("_getTxBuf485ForInt")
     413                      .dwattr $C$DW$28, DW_AT_external
     414                      .dwattr $C$DW$28, DW_AT_type(*$C$DW$T$5)
     415                      .dwattr $C$DW$28, DW_AT_TI_begin_file("../UART/cntrlTransferUart_485.c")
     416                      .dwattr $C$DW$28, DW_AT_TI_begin_line(0x4c)
     417                      .dwattr $C$DW$28, DW_AT_TI_begin_column(0x06)
     418                      .dwattr $C$DW$28, DW_AT_TI_max_frame_size(-6)
     419                      .dwpsn  file "../UART/cntrlTransferUart_485.c",line 77,column 1,is_stmt,address _getTxBuf485ForInt
     420              
     421                      .dwfde $C$DW$CIE, _getTxBuf485ForInt
TMS320C2000 Assembler PC v6.2.7 Thu Jul 02 08:31:12 2015

Tools Copyright (c) 1996-2014 Texas Instruments Incorporated
C:\Users\Tester\AppData\Local\Temp\0430410                           PAGE    9

     422              $C$DW$29        .dwtag  DW_TAG_formal_parameter, DW_AT_name("tx")
     423                      .dwattr $C$DW$29, DW_AT_TI_symbol_name("_tx")
     424                      .dwattr $C$DW$29, DW_AT_type(*$C$DW$T$22)
     425                      .dwattr $C$DW$29, DW_AT_location[DW_OP_reg12]
     426              
     427              ;***************************************************************
     428              ;* FNAME: _getTxBuf485ForInt            FR SIZE:   4           *
     429              ;*                                                             *
     430              ;* FUNCTION ENVIRONMENT                                        *
     431              ;*                                                             *
     432              ;* FUNCTION PROPERTIES                                         *
     433              ;*                            0 Parameter,  3 Auto,  0 SOE     *
     434              ;***************************************************************
     435              
     436 00000063       _getTxBuf485ForInt:
     437                      .dwcfi  cfa_offset, -2
     438                      .dwcfi  save_reg_to_mem, 26, 0
     439                      .dwcfi  save_reg_to_reg, 78, 26
     440 00000063 FE04          ADDB      SP,#4                 ; [CPU_U] 
     441                      .dwcfi  cfa_offset, -6
     442              $C$DW$30        .dwtag  DW_TAG_variable, DW_AT_name("tx")
     443                      .dwattr $C$DW$30, DW_AT_TI_symbol_name("_tx")
     444                      .dwattr $C$DW$30, DW_AT_type(*$C$DW$T$22)
     445                      .dwattr $C$DW$30, DW_AT_location[DW_OP_breg20 -2]
     446              $C$DW$31        .dwtag  DW_TAG_variable, DW_AT_name("pntr")
     447                      .dwattr $C$DW$31, DW_AT_TI_symbol_name("_pntr")
     448                      .dwattr $C$DW$31, DW_AT_type(*$C$DW$T$10)
     449                      .dwattr $C$DW$31, DW_AT_location[DW_OP_breg20 -3]
     450 00000064 A842          MOVL      *-SP[2],XAR4          ; [CPU_] |77| 
     451                      .dwpsn  file "../UART/cntrlTransferUart_485.c",line 79,column 2,is_stmt
     452 00000065 761F-         MOVW      DP,#_pntr485TX        ; [CPU_U] 
         00000066 0000 
     453 00000067 9201-         MOV       AL,@_pntr485TX        ; [CPU_] |79| 
     454 00000068 EC22          BF        $C$L11,EQ             ; [CPU_] |79| 
     455                      ; branchcc occurs ; [] |79| 
     456                      .dwpsn  file "../UART/cntrlTransferUart_485.c",line 80,column 3,is_stmt
     457 00000069 8A42          MOVL      XAR4,*-SP[2]          ; [CPU_] |80| 
     458 0000006a 761F-         MOVW      DP,#_Bufer485TX       ; [CPU_U] 
         0000006b 0002 
     459 0000006c 9200-         MOV       AL,@_Bufer485TX       ; [CPU_] |80| 
     460 0000006d 96C4          MOV       *+XAR4[0],AL          ; [CPU_] |80| 
     461                      .dwpsn  file "../UART/cntrlTransferUart_485.c",line 82,column 7,is_stmt
     462 0000006e 2B43          MOV       *-SP[3],#0            ; [CPU_] |82| 
     463                      .dwpsn  file "../UART/cntrlTransferUart_485.c",line 82,column 17,is_stmt
     464 0000006f 761F-         MOVW      DP,#_pntr485TX        ; [CPU_U] 
         00000070 0000 
     465 00000071 9201-         MOV       AL,@_pntr485TX        ; [CPU_] |82| 
     466 00000072 5443          CMP       AL,*-SP[3]            ; [CPU_] |82| 
     467 00000073 6514          B         $C$L10,LEQ            ; [CPU_] |82| 
     468                      ; branchcc occurs ; [] |82| 
     469 00000074       $C$L9:    
     470                      .dwpsn  file "../UART/cntrlTransferUart_485.c",line 83,column 4,is_stmt
     471 00000074 9243          MOV       AL,*-SP[3]            ; [CPU_] |83| 
     472 00000075 3B01          SETC      SXM                   ; [CPU_] 
     473 00000076 76C0-         MOVL      XAR7,#_Bufer485TX     ; [CPU_U] |83| 
TMS320C2000 Assembler PC v6.2.7 Thu Jul 02 08:31:12 2015

Tools Copyright (c) 1996-2014 Texas Instruments Incorporated
C:\Users\Tester\AppData\Local\Temp\0430410                           PAGE   10

         00000077 0080 
     474 00000078 8F00-         MOVL      XAR4,#_Bufer485TX     ; [CPU_U] |83| 
         00000079 0080 
     475 0000007a 9C01          ADDB      AL,#1                 ; [CPU_] |83| 
     476 0000007b 85A9          MOV       ACC,AL                ; [CPU_] |83| 
     477 0000007c 5601          ADDL      XAR7,ACC              ; [CPU_] |83| 
         0000007d 00A7 
     478 0000007e 8543          MOV       ACC,*-SP[3]           ; [CPU_] |83| 
     479 0000007f 5601          ADDL      XAR4,ACC              ; [CPU_] |83| 
         00000080 00A4 
     480 00000081 92C7          MOV       AL,*XAR7              ; [CPU_] |83| 
     481 00000082 96C4          MOV       *+XAR4[0],AL          ; [CPU_] |83| 
     482                      .dwpsn  file "../UART/cntrlTransferUart_485.c",line 82,column 35,is_stmt
     483 00000083 0A43          INC       *-SP[3]               ; [CPU_] |82| 
     484                      .dwpsn  file "../UART/cntrlTransferUart_485.c",line 82,column 17,is_stmt
     485 00000084 9201-         MOV       AL,@_pntr485TX        ; [CPU_] |82| 
     486 00000085 5443          CMP       AL,*-SP[3]            ; [CPU_] |82| 
     487 00000086 62EE          B         $C$L9,GT              ; [CPU_] |82| 
     488                      ; branchcc occurs ; [] |82| 
     489 00000087       $C$L10:    
     490                      .dwpsn  file "../UART/cntrlTransferUart_485.c",line 85,column 3,is_stmt
     491 00000087 0B01-         DEC       @_pntr485TX           ; [CPU_] |85| 
     492                      .dwpsn  file "../UART/cntrlTransferUart_485.c",line 87,column 3,is_stmt
     493 00000088 9A01          MOVB      AL,#1                 ; [CPU_] |87| 
     494 00000089 6F02          B         $C$L12,UNC            ; [CPU_] |87| 
     495                      ; branch occurs ; [] |87| 
     496 0000008a       $C$L11:    
     497                      .dwpsn  file "../UART/cntrlTransferUart_485.c",line 89,column 3,is_stmt
     498 0000008a 9A00          MOVB      AL,#0                 ; [CPU_] |89| 
     499 0000008b       $C$L12:    
     500                      .dwpsn  file "../UART/cntrlTransferUart_485.c",line 90,column 1,is_stmt
     501 0000008b FE84          SUBB      SP,#4                 ; [CPU_U] 
     502                      .dwcfi  cfa_offset, -2
     503              $C$DW$32        .dwtag  DW_TAG_TI_branch
     504                      .dwattr $C$DW$32, DW_AT_low_pc(0x00)
     505                      .dwattr $C$DW$32, DW_AT_TI_return
     506 0000008c 0006          LRETR     ; [CPU_] 
     507                      ; return occurs ; [] 
     508                      .dwattr $C$DW$28, DW_AT_TI_end_file("../UART/cntrlTransferUart_485.c")
     509                      .dwattr $C$DW$28, DW_AT_TI_end_line(0x5a)
     510                      .dwattr $C$DW$28, DW_AT_TI_end_column(0x01)
     511                      .dwendentry
     512                      .dwendtag $C$DW$28
     513              
     514 0000008d               .sect   ".text"
     515                      .clink
     516                      .global _getTxBuf485
     517              
     518              $C$DW$33        .dwtag  DW_TAG_subprogram, DW_AT_name("getTxBuf485")
     519                      .dwattr $C$DW$33, DW_AT_low_pc(_getTxBuf485)
     520                      .dwattr $C$DW$33, DW_AT_high_pc(0x00)
     521                      .dwattr $C$DW$33, DW_AT_TI_symbol_name("_getTxBuf485")
     522                      .dwattr $C$DW$33, DW_AT_external
     523                      .dwattr $C$DW$33, DW_AT_type(*$C$DW$T$5)
     524                      .dwattr $C$DW$33, DW_AT_TI_begin_file("../UART/cntrlTransferUart_485.c")
TMS320C2000 Assembler PC v6.2.7 Thu Jul 02 08:31:12 2015

Tools Copyright (c) 1996-2014 Texas Instruments Incorporated
C:\Users\Tester\AppData\Local\Temp\0430410                           PAGE   11

     525                      .dwattr $C$DW$33, DW_AT_TI_begin_line(0x5c)
     526                      .dwattr $C$DW$33, DW_AT_TI_begin_column(0x06)
     527                      .dwattr $C$DW$33, DW_AT_TI_max_frame_size(-6)
     528                      .dwpsn  file "../UART/cntrlTransferUart_485.c",line 93,column 1,is_stmt,address _getTxBuf485
     529              
     530                      .dwfde $C$DW$CIE, _getTxBuf485
     531              $C$DW$34        .dwtag  DW_TAG_formal_parameter, DW_AT_name("tx")
     532                      .dwattr $C$DW$34, DW_AT_TI_symbol_name("_tx")
     533                      .dwattr $C$DW$34, DW_AT_type(*$C$DW$T$22)
     534                      .dwattr $C$DW$34, DW_AT_location[DW_OP_reg12]
     535              
     536              ;***************************************************************
     537              ;* FNAME: _getTxBuf485                  FR SIZE:   4           *
     538              ;*                                                             *
     539              ;* FUNCTION ENVIRONMENT                                        *
     540              ;*                                                             *
     541              ;* FUNCTION PROPERTIES                                         *
     542              ;*                            0 Parameter,  3 Auto,  0 SOE     *
     543              ;***************************************************************
     544              
     545 0000008d       _getTxBuf485:
     546                      .dwcfi  cfa_offset, -2
     547                      .dwcfi  save_reg_to_mem, 26, 0
     548                      .dwcfi  save_reg_to_reg, 78, 26
     549 0000008d FE04          ADDB      SP,#4                 ; [CPU_U] 
     550                      .dwcfi  cfa_offset, -6
     551              $C$DW$35        .dwtag  DW_TAG_variable, DW_AT_name("tx")
     552                      .dwattr $C$DW$35, DW_AT_TI_symbol_name("_tx")
     553                      .dwattr $C$DW$35, DW_AT_type(*$C$DW$T$22)
     554                      .dwattr $C$DW$35, DW_AT_location[DW_OP_breg20 -2]
     555              $C$DW$36        .dwtag  DW_TAG_variable, DW_AT_name("pntr")
     556                      .dwattr $C$DW$36, DW_AT_TI_symbol_name("_pntr")
     557                      .dwattr $C$DW$36, DW_AT_type(*$C$DW$T$10)
     558                      .dwattr $C$DW$36, DW_AT_location[DW_OP_breg20 -3]
     559 0000008e A842          MOVL      *-SP[2],XAR4          ; [CPU_] |93| 
     560                      .dwpsn  file "../UART/cntrlTransferUart_485.c",line 95,column 2,is_stmt
     561 0000008f 761F-         MOVW      DP,#_pntr485TX        ; [CPU_U] 
         00000090 0000 
     562 00000091 9201-         MOV       AL,@_pntr485TX        ; [CPU_] |95| 
     563 00000092 EC26          BF        $C$L15,EQ             ; [CPU_] |95| 
     564                      ; branchcc occurs ; [] |95| 
     565                      .dwpsn  file "../UART/cntrlTransferUart_485.c",line 96,column 3,is_stmt
     566              $C$DW$37        .dwtag  DW_TAG_TI_branch
     567                      .dwattr $C$DW$37, DW_AT_low_pc(0x00)
     568                      .dwattr $C$DW$37, DW_AT_name("_disableSciTxInt_485")
     569                      .dwattr $C$DW$37, DW_AT_TI_call
     570 00000093 7640!         LCR       #_disableSciTxInt_485 ; [CPU_] |96| 
         00000094 0000 
     571                      ; call occurs [#_disableSciTxInt_485] ; [] |96| 
     572                      .dwpsn  file "../UART/cntrlTransferUart_485.c",line 97,column 3,is_stmt
     573 00000095 8A42          MOVL      XAR4,*-SP[2]          ; [CPU_] |97| 
     574 00000096 761F-         MOVW      DP,#_Bufer485TX       ; [CPU_U] 
         00000097 0002 
     575 00000098 9200-         MOV       AL,@_Bufer485TX       ; [CPU_] |97| 
     576 00000099 96C4          MOV       *+XAR4[0],AL          ; [CPU_] |97| 
TMS320C2000 Assembler PC v6.2.7 Thu Jul 02 08:31:12 2015

Tools Copyright (c) 1996-2014 Texas Instruments Incorporated
C:\Users\Tester\AppData\Local\Temp\0430410                           PAGE   12

     577                      .dwpsn  file "../UART/cntrlTransferUart_485.c",line 99,column 7,is_stmt
     578 0000009a 2B43          MOV       *-SP[3],#0            ; [CPU_] |99| 
     579                      .dwpsn  file "../UART/cntrlTransferUart_485.c",line 99,column 17,is_stmt
     580 0000009b 761F-         MOVW      DP,#_pntr485TX        ; [CPU_U] 
         0000009c 0000 
     581 0000009d 9201-         MOV       AL,@_pntr485TX        ; [CPU_] |99| 
     582 0000009e 5443          CMP       AL,*-SP[3]            ; [CPU_] |99| 
     583 0000009f 6514          B         $C$L14,LEQ            ; [CPU_] |99| 
     584                      ; branchcc occurs ; [] |99| 
     585 000000a0       $C$L13:    
     586                      .dwpsn  file "../UART/cntrlTransferUart_485.c",line 100,column 4,is_stmt
     587 000000a0 9243          MOV       AL,*-SP[3]            ; [CPU_] |100| 
     588 000000a1 3B01          SETC      SXM                   ; [CPU_] 
     589 000000a2 76C0-         MOVL      XAR7,#_Bufer485TX     ; [CPU_U] |100| 
         000000a3 0080 
     590 000000a4 8F00-         MOVL      XAR4,#_Bufer485TX     ; [CPU_U] |100| 
         000000a5 0080 
     591 000000a6 9C01          ADDB      AL,#1                 ; [CPU_] |100| 
     592 000000a7 85A9          MOV       ACC,AL                ; [CPU_] |100| 
     593 000000a8 5601          ADDL      XAR7,ACC              ; [CPU_] |100| 
         000000a9 00A7 
     594 000000aa 8543          MOV       ACC,*-SP[3]           ; [CPU_] |100| 
     595 000000ab 5601          ADDL      XAR4,ACC              ; [CPU_] |100| 
         000000ac 00A4 
     596 000000ad 92C7          MOV       AL,*XAR7              ; [CPU_] |100| 
     597 000000ae 96C4          MOV       *+XAR4[0],AL          ; [CPU_] |100| 
     598                      .dwpsn  file "../UART/cntrlTransferUart_485.c",line 99,column 35,is_stmt
     599 000000af 0A43          INC       *-SP[3]               ; [CPU_] |99| 
     600                      .dwpsn  file "../UART/cntrlTransferUart_485.c",line 99,column 17,is_stmt
     601 000000b0 9201-         MOV       AL,@_pntr485TX        ; [CPU_] |99| 
     602 000000b1 5443          CMP       AL,*-SP[3]            ; [CPU_] |99| 
     603 000000b2 62EE          B         $C$L13,GT             ; [CPU_] |99| 
     604                      ; branchcc occurs ; [] |99| 
     605 000000b3       $C$L14:    
     606                      .dwpsn  file "../UART/cntrlTransferUart_485.c",line 102,column 3,is_stmt
     607 000000b3 0B01-         DEC       @_pntr485TX           ; [CPU_] |102| 
     608                      .dwpsn  file "../UART/cntrlTransferUart_485.c",line 104,column 3,is_stmt
     609              $C$DW$38        .dwtag  DW_TAG_TI_branch
     610                      .dwattr $C$DW$38, DW_AT_low_pc(0x00)
     611                      .dwattr $C$DW$38, DW_AT_name("_enableSciTxInt_485")
     612                      .dwattr $C$DW$38, DW_AT_TI_call
     613 000000b4 7640!         LCR       #_enableSciTxInt_485  ; [CPU_] |104| 
         000000b5 0000 
     614                      ; call occurs [#_enableSciTxInt_485] ; [] |104| 
     615                      .dwpsn  file "../UART/cntrlTransferUart_485.c",line 105,column 3,is_stmt
     616 000000b6 9A01          MOVB      AL,#1                 ; [CPU_] |105| 
     617 000000b7 6F02          B         $C$L16,UNC            ; [CPU_] |105| 
     618                      ; branch occurs ; [] |105| 
     619 000000b8       $C$L15:    
     620                      .dwpsn  file "../UART/cntrlTransferUart_485.c",line 107,column 3,is_stmt
     621 000000b8 9A00          MOVB      AL,#0                 ; [CPU_] |107| 
     622 000000b9       $C$L16:    
     623                      .dwpsn  file "../UART/cntrlTransferUart_485.c",line 108,column 1,is_stmt
     624 000000b9 FE84          SUBB      SP,#4                 ; [CPU_U] 
     625                      .dwcfi  cfa_offset, -2
TMS320C2000 Assembler PC v6.2.7 Thu Jul 02 08:31:12 2015

Tools Copyright (c) 1996-2014 Texas Instruments Incorporated
C:\Users\Tester\AppData\Local\Temp\0430410                           PAGE   13

     626              $C$DW$39        .dwtag  DW_TAG_TI_branch
     627                      .dwattr $C$DW$39, DW_AT_low_pc(0x00)
     628                      .dwattr $C$DW$39, DW_AT_TI_return
     629 000000ba 0006          LRETR     ; [CPU_] 
     630                      ; return occurs ; [] 
     631                      .dwattr $C$DW$33, DW_AT_TI_end_file("../UART/cntrlTransferUart_485.c")
     632                      .dwattr $C$DW$33, DW_AT_TI_end_line(0x6c)
     633                      .dwattr $C$DW$33, DW_AT_TI_end_column(0x01)
     634                      .dwendentry
     635                      .dwendtag $C$DW$33
     636              
     637 000000bb               .sect   ".text"
     638                      .clink
     639                      .global _putCharUart485
     640              
     641              $C$DW$40        .dwtag  DW_TAG_subprogram, DW_AT_name("putCharUart485")
     642                      .dwattr $C$DW$40, DW_AT_low_pc(_putCharUart485)
     643                      .dwattr $C$DW$40, DW_AT_high_pc(0x00)
     644                      .dwattr $C$DW$40, DW_AT_TI_symbol_name("_putCharUart485")
     645                      .dwattr $C$DW$40, DW_AT_external
     646                      .dwattr $C$DW$40, DW_AT_type(*$C$DW$T$5)
     647                      .dwattr $C$DW$40, DW_AT_TI_begin_file("../UART/cntrlTransferUart_485.c")
     648                      .dwattr $C$DW$40, DW_AT_TI_begin_line(0x6e)
     649                      .dwattr $C$DW$40, DW_AT_TI_begin_column(0x06)
     650                      .dwattr $C$DW$40, DW_AT_TI_max_frame_size(-4)
     651                      .dwpsn  file "../UART/cntrlTransferUart_485.c",line 111,column 1,is_stmt,address _putCharUart485
     652              
     653                      .dwfde $C$DW$CIE, _putCharUart485
     654              $C$DW$41        .dwtag  DW_TAG_formal_parameter, DW_AT_name("tx")
     655                      .dwattr $C$DW$41, DW_AT_TI_symbol_name("_tx")
     656                      .dwattr $C$DW$41, DW_AT_type(*$C$DW$T$5)
     657                      .dwattr $C$DW$41, DW_AT_location[DW_OP_reg0]
     658              
     659              ;***************************************************************
     660              ;* FNAME: _putCharUart485               FR SIZE:   2           *
     661              ;*                                                             *
     662              ;* FUNCTION ENVIRONMENT                                        *
     663              ;*                                                             *
     664              ;* FUNCTION PROPERTIES                                         *
     665              ;*                            0 Parameter,  1 Auto,  0 SOE     *
     666              ;***************************************************************
     667              
     668 000000bb       _putCharUart485:
     669                      .dwcfi  cfa_offset, -2
     670                      .dwcfi  save_reg_to_mem, 26, 0
     671                      .dwcfi  save_reg_to_reg, 78, 26
     672 000000bb FE02          ADDB      SP,#2                 ; [CPU_U] 
     673                      .dwcfi  cfa_offset, -4
     674              $C$DW$42        .dwtag  DW_TAG_variable, DW_AT_name("tx")
     675                      .dwattr $C$DW$42, DW_AT_TI_symbol_name("_tx")
     676                      .dwattr $C$DW$42, DW_AT_type(*$C$DW$T$5)
     677                      .dwattr $C$DW$42, DW_AT_location[DW_OP_breg20 -1]
     678 000000bc 9641          MOV       *-SP[1],AL            ; [CPU_] |111| 
     679                      .dwpsn  file "../UART/cntrlTransferUart_485.c",line 112,column 2,is_stmt
     680 000000bd 761F-         MOVW      DP,#_pntr485TX        ; [CPU_U] 
TMS320C2000 Assembler PC v6.2.7 Thu Jul 02 08:31:12 2015

Tools Copyright (c) 1996-2014 Texas Instruments Incorporated
C:\Users\Tester\AppData\Local\Temp\0430410                           PAGE   14

         000000be 0000 
     681 000000bf 9201-         MOV       AL,@_pntr485TX        ; [CPU_] |112| 
     682 000000c0 5240          CMPB      AL,#64                ; [CPU_] |112| 
     683 000000c1 6312          B         $C$L17,GEQ            ; [CPU_] |112| 
     684                      ; branchcc occurs ; [] |112| 
     685                      .dwpsn  file "../UART/cntrlTransferUart_485.c",line 114,column 3,is_stmt
     686              $C$DW$43        .dwtag  DW_TAG_TI_branch
     687                      .dwattr $C$DW$43, DW_AT_low_pc(0x00)
     688                      .dwattr $C$DW$43, DW_AT_name("_disableSciTxInt_485")
     689                      .dwattr $C$DW$43, DW_AT_TI_call
     690 000000c2 7640!         LCR       #_disableSciTxInt_485 ; [CPU_] |114| 
         000000c3 0000 
     691                      ; call occurs [#_disableSciTxInt_485] ; [] |114| 
     692                      .dwpsn  file "../UART/cntrlTransferUart_485.c",line 115,column 3,is_stmt
     693 000000c4 3B01          SETC      SXM                   ; [CPU_] 
     694 000000c5 761F-         MOVW      DP,#_pntr485TX        ; [CPU_U] 
         000000c6 0000 
     695 000000c7 8841          MOVZ      AR6,*-SP[1]           ; [CPU_] |115| 
     696 000000c8 8F00-         MOVL      XAR4,#_Bufer485TX     ; [CPU_U] |115| 
         000000c9 0080 
     697 000000ca 8501-         MOV       ACC,@_pntr485TX       ; [CPU_] |115| 
     698 000000cb 5601          ADDL      XAR4,ACC              ; [CPU_] |115| 
         000000cc 00A4 
     699 000000cd 7EC4          MOV       *+XAR4[0],AR6         ; [CPU_] |115| 
     700                      .dwpsn  file "../UART/cntrlTransferUart_485.c",line 116,column 3,is_stmt
     701 000000ce 0A01-         INC       @_pntr485TX           ; [CPU_] |116| 
     702                      .dwpsn  file "../UART/cntrlTransferUart_485.c",line 117,column 3,is_stmt
     703              $C$DW$44        .dwtag  DW_TAG_TI_branch
     704                      .dwattr $C$DW$44, DW_AT_low_pc(0x00)
     705                      .dwattr $C$DW$44, DW_AT_name("_enableSciTxInt_485")
     706                      .dwattr $C$DW$44, DW_AT_TI_call
     707 000000cf 7640!         LCR       #_enableSciTxInt_485  ; [CPU_] |117| 
         000000d0 0000 
     708                      ; call occurs [#_enableSciTxInt_485] ; [] |117| 
     709                      .dwpsn  file "../UART/cntrlTransferUart_485.c",line 118,column 3,is_stmt
     710 000000d1 9A01          MOVB      AL,#1                 ; [CPU_] |118| 
     711 000000d2 6F02          B         $C$L18,UNC            ; [CPU_] |118| 
     712                      ; branch occurs ; [] |118| 
     713 000000d3       $C$L17:    
     714                      .dwpsn  file "../UART/cntrlTransferUart_485.c",line 121,column 3,is_stmt
     715 000000d3 9A00          MOVB      AL,#0                 ; [CPU_] |121| 
     716 000000d4       $C$L18:    
     717                      .dwpsn  file "../UART/cntrlTransferUart_485.c",line 122,column 1,is_stmt
     718 000000d4 FE82          SUBB      SP,#2                 ; [CPU_U] 
     719                      .dwcfi  cfa_offset, -2
     720              $C$DW$45        .dwtag  DW_TAG_TI_branch
     721                      .dwattr $C$DW$45, DW_AT_low_pc(0x00)
     722                      .dwattr $C$DW$45, DW_AT_TI_return
     723 000000d5 0006          LRETR     ; [CPU_] 
     724                      ; return occurs ; [] 
     725                      .dwattr $C$DW$40, DW_AT_TI_end_file("../UART/cntrlTransferUart_485.c")
     726                      .dwattr $C$DW$40, DW_AT_TI_end_line(0x7a)
     727                      .dwattr $C$DW$40, DW_AT_TI_end_column(0x01)
     728                      .dwendentry
     729                      .dwendtag $C$DW$40
TMS320C2000 Assembler PC v6.2.7 Thu Jul 02 08:31:12 2015

Tools Copyright (c) 1996-2014 Texas Instruments Incorporated
C:\Users\Tester\AppData\Local\Temp\0430410                           PAGE   15

     730              
     731 000000d6               .sect   ".text"
     732                      .clink
     733                      .global _testTxBuf485
     734              
     735              $C$DW$46        .dwtag  DW_TAG_subprogram, DW_AT_name("testTxBuf485")
     736                      .dwattr $C$DW$46, DW_AT_low_pc(_testTxBuf485)
     737                      .dwattr $C$DW$46, DW_AT_high_pc(0x00)
     738                      .dwattr $C$DW$46, DW_AT_TI_symbol_name("_testTxBuf485")
     739                      .dwattr $C$DW$46, DW_AT_external
     740                      .dwattr $C$DW$46, DW_AT_type(*$C$DW$T$5)
     741                      .dwattr $C$DW$46, DW_AT_TI_begin_file("../UART/cntrlTransferUart_485.c")
     742                      .dwattr $C$DW$46, DW_AT_TI_begin_line(0x7c)
     743                      .dwattr $C$DW$46, DW_AT_TI_begin_column(0x06)
     744                      .dwattr $C$DW$46, DW_AT_TI_max_frame_size(-2)
     745                      .dwpsn  file "../UART/cntrlTransferUart_485.c",line 125,column 1,is_stmt,address _testTxBuf485
     746              
     747                      .dwfde $C$DW$CIE, _testTxBuf485
     748              
     749              ;***************************************************************
     750              ;* FNAME: _testTxBuf485                 FR SIZE:   0           *
     751              ;*                                                             *
     752              ;* FUNCTION ENVIRONMENT                                        *
     753              ;*                                                             *
     754              ;* FUNCTION PROPERTIES                                         *
     755              ;*                            0 Parameter,  0 Auto,  0 SOE     *
     756              ;***************************************************************
     757              
     758 000000d6       _testTxBuf485:
     759                      .dwcfi  cfa_offset, -2
     760                      .dwcfi  save_reg_to_mem, 26, 0
     761                      .dwcfi  save_reg_to_reg, 78, 26
     762                      .dwpsn  file "../UART/cntrlTransferUart_485.c",line 125,column 2,is_stmt
     763 000000d6 761F-         MOVW      DP,#_pntr485TX        ; [CPU_U] 
         000000d7 0000 
     764 000000d8 9201-         MOV       AL,@_pntr485TX        ; [CPU_] |125| 
     765                      .dwpsn  file "../UART/cntrlTransferUart_485.c",line 125,column 19,is_stmt
     766              $C$DW$47        .dwtag  DW_TAG_TI_branch
     767                      .dwattr $C$DW$47, DW_AT_low_pc(0x00)
     768                      .dwattr $C$DW$47, DW_AT_TI_return
     769 000000d9 0006          LRETR     ; [CPU_] 
     770                      ; return occurs ; [] 
     771                      .dwattr $C$DW$46, DW_AT_TI_end_file("../UART/cntrlTransferUart_485.c")
     772                      .dwattr $C$DW$46, DW_AT_TI_end_line(0x7d)
     773                      .dwattr $C$DW$46, DW_AT_TI_end_column(0x13)
     774                      .dwendentry
     775                      .dwendtag $C$DW$46
     776              
     777 000000da               .sect   ".text"
     778                      .clink
     779                      .global _testRcBuf485
     780              
     781              $C$DW$48        .dwtag  DW_TAG_subprogram, DW_AT_name("testRcBuf485")
     782                      .dwattr $C$DW$48, DW_AT_low_pc(_testRcBuf485)
     783                      .dwattr $C$DW$48, DW_AT_high_pc(0x00)
TMS320C2000 Assembler PC v6.2.7 Thu Jul 02 08:31:12 2015

Tools Copyright (c) 1996-2014 Texas Instruments Incorporated
C:\Users\Tester\AppData\Local\Temp\0430410                           PAGE   16

     784                      .dwattr $C$DW$48, DW_AT_TI_symbol_name("_testRcBuf485")
     785                      .dwattr $C$DW$48, DW_AT_external
     786                      .dwattr $C$DW$48, DW_AT_type(*$C$DW$T$5)
     787                      .dwattr $C$DW$48, DW_AT_TI_begin_file("../UART/cntrlTransferUart_485.c")
     788                      .dwattr $C$DW$48, DW_AT_TI_begin_line(0x7f)
     789                      .dwattr $C$DW$48, DW_AT_TI_begin_column(0x06)
     790                      .dwattr $C$DW$48, DW_AT_TI_max_frame_size(-2)
     791                      .dwpsn  file "../UART/cntrlTransferUart_485.c",line 128,column 1,is_stmt,address _testRcBuf485
     792              
     793                      .dwfde $C$DW$CIE, _testRcBuf485
     794              
     795              ;***************************************************************
     796              ;* FNAME: _testRcBuf485                 FR SIZE:   0           *
     797              ;*                                                             *
     798              ;* FUNCTION ENVIRONMENT                                        *
     799              ;*                                                             *
     800              ;* FUNCTION PROPERTIES                                         *
     801              ;*                            0 Parameter,  0 Auto,  0 SOE     *
     802              ;***************************************************************
     803              
     804 000000da       _testRcBuf485:
     805                      .dwcfi  cfa_offset, -2
     806                      .dwcfi  save_reg_to_mem, 26, 0
     807                      .dwcfi  save_reg_to_reg, 78, 26
     808                      .dwpsn  file "../UART/cntrlTransferUart_485.c",line 128,column 2,is_stmt
     809 000000da 9A40          MOVB      AL,#64                ; [CPU_] |128| 
     810 000000db 761F-         MOVW      DP,#_pntr485RC        ; [CPU_U] 
         000000dc 0000 
     811 000000dd 9E00-         SUB       AL,@_pntr485RC        ; [CPU_] |128| 
     812                      .dwpsn  file "../UART/cntrlTransferUart_485.c",line 128,column 35,is_stmt
     813              $C$DW$49        .dwtag  DW_TAG_TI_branch
     814                      .dwattr $C$DW$49, DW_AT_low_pc(0x00)
     815                      .dwattr $C$DW$49, DW_AT_TI_return
     816 000000de 0006          LRETR     ; [CPU_] 
     817                      ; return occurs ; [] 
     818                      .dwattr $C$DW$48, DW_AT_TI_end_file("../UART/cntrlTransferUart_485.c")
     819                      .dwattr $C$DW$48, DW_AT_TI_end_line(0x80)
     820                      .dwattr $C$DW$48, DW_AT_TI_end_column(0x23)
     821                      .dwendentry
     822                      .dwendtag $C$DW$48
     823              
     824 000000df               .sect   ".text"
     825                      .clink
     826                      .global _testRcBuf485Cnt
     827              
     828              $C$DW$50        .dwtag  DW_TAG_subprogram, DW_AT_name("testRcBuf485Cnt")
     829                      .dwattr $C$DW$50, DW_AT_low_pc(_testRcBuf485Cnt)
     830                      .dwattr $C$DW$50, DW_AT_high_pc(0x00)
     831                      .dwattr $C$DW$50, DW_AT_TI_symbol_name("_testRcBuf485Cnt")
     832                      .dwattr $C$DW$50, DW_AT_external
     833                      .dwattr $C$DW$50, DW_AT_type(*$C$DW$T$5)
     834                      .dwattr $C$DW$50, DW_AT_TI_begin_file("../UART/cntrlTransferUart_485.c")
     835                      .dwattr $C$DW$50, DW_AT_TI_begin_line(0x82)
     836                      .dwattr $C$DW$50, DW_AT_TI_begin_column(0x06)
     837                      .dwattr $C$DW$50, DW_AT_TI_max_frame_size(-2)
TMS320C2000 Assembler PC v6.2.7 Thu Jul 02 08:31:12 2015

Tools Copyright (c) 1996-2014 Texas Instruments Incorporated
C:\Users\Tester\AppData\Local\Temp\0430410                           PAGE   17

     838                      .dwpsn  file "../UART/cntrlTransferUart_485.c",line 131,column 1,is_stmt,address _testRcBuf485Cnt
     839              
     840                      .dwfde $C$DW$CIE, _testRcBuf485Cnt
     841              
     842              ;***************************************************************
     843              ;* FNAME: _testRcBuf485Cnt              FR SIZE:   0           *
     844              ;*                                                             *
     845              ;* FUNCTION ENVIRONMENT                                        *
     846              ;*                                                             *
     847              ;* FUNCTION PROPERTIES                                         *
     848              ;*                            0 Parameter,  0 Auto,  0 SOE     *
     849              ;***************************************************************
     850              
     851 000000df       _testRcBuf485Cnt:
     852                      .dwcfi  cfa_offset, -2
     853                      .dwcfi  save_reg_to_mem, 26, 0
     854                      .dwcfi  save_reg_to_reg, 78, 26
     855                      .dwpsn  file "../UART/cntrlTransferUart_485.c",line 131,column 2,is_stmt
     856 000000df 761F-         MOVW      DP,#_pntr485RC        ; [CPU_U] 
         000000e0 0000 
     857 000000e1 9200-         MOV       AL,@_pntr485RC        ; [CPU_] |131| 
     858                      .dwpsn  file "../UART/cntrlTransferUart_485.c",line 131,column 21,is_stmt
     859              $C$DW$51        .dwtag  DW_TAG_TI_branch
     860                      .dwattr $C$DW$51, DW_AT_low_pc(0x00)
     861                      .dwattr $C$DW$51, DW_AT_TI_return
     862 000000e2 0006          LRETR     ; [CPU_] 
     863                      ; return occurs ; [] 
     864                      .dwattr $C$DW$50, DW_AT_TI_end_file("../UART/cntrlTransferUart_485.c")
     865                      .dwattr $C$DW$50, DW_AT_TI_end_line(0x83)
     866                      .dwattr $C$DW$50, DW_AT_TI_end_column(0x15)
     867                      .dwendentry
     868                      .dwendtag $C$DW$50
     869              
     870              ;**************************************************************
     871              ;* UNDEFINED EXTERNAL REFERENCES                              *
     872              ;**************************************************************
     873                      .global _disableSciRcInt_485
     874                      .global _disableSciTxInt_485
     875                      .global _enableSciRcInt_485
     876                      .global _enableSciTxInt_485
     877              
     878              ;***************************************************************
     879              ;* TYPE INFORMATION                                            *
     880              ;***************************************************************
     881              $C$DW$T$4       .dwtag  DW_TAG_base_type
     882                      .dwattr $C$DW$T$4, DW_AT_encoding(DW_ATE_boolean)
     883                      .dwattr $C$DW$T$4, DW_AT_name("bool")
     884                      .dwattr $C$DW$T$4, DW_AT_byte_size(0x01)
     885              $C$DW$T$5       .dwtag  DW_TAG_base_type
     886                      .dwattr $C$DW$T$5, DW_AT_encoding(DW_ATE_signed_char)
     887                      .dwattr $C$DW$T$5, DW_AT_name("signed char")
     888                      .dwattr $C$DW$T$5, DW_AT_byte_size(0x01)
     889              $C$DW$T$6       .dwtag  DW_TAG_base_type
     890                      .dwattr $C$DW$T$6, DW_AT_encoding(DW_ATE_unsigned_char)
     891                      .dwattr $C$DW$T$6, DW_AT_name("unsigned char")
TMS320C2000 Assembler PC v6.2.7 Thu Jul 02 08:31:12 2015

Tools Copyright (c) 1996-2014 Texas Instruments Incorporated
C:\Users\Tester\AppData\Local\Temp\0430410                           PAGE   18

     892                      .dwattr $C$DW$T$6, DW_AT_byte_size(0x01)
     893              $C$DW$T$7       .dwtag  DW_TAG_base_type
     894                      .dwattr $C$DW$T$7, DW_AT_encoding(DW_ATE_signed_char)
     895                      .dwattr $C$DW$T$7, DW_AT_name("wchar_t")
     896                      .dwattr $C$DW$T$7, DW_AT_byte_size(0x01)
     897              $C$DW$T$8       .dwtag  DW_TAG_base_type
     898                      .dwattr $C$DW$T$8, DW_AT_encoding(DW_ATE_signed)
     899                      .dwattr $C$DW$T$8, DW_AT_name("short")
     900                      .dwattr $C$DW$T$8, DW_AT_byte_size(0x01)
     901              $C$DW$T$9       .dwtag  DW_TAG_base_type
     902                      .dwattr $C$DW$T$9, DW_AT_encoding(DW_ATE_unsigned)
     903                      .dwattr $C$DW$T$9, DW_AT_name("unsigned short")
     904                      .dwattr $C$DW$T$9, DW_AT_byte_size(0x01)
     905              $C$DW$T$10      .dwtag  DW_TAG_base_type
     906                      .dwattr $C$DW$T$10, DW_AT_encoding(DW_ATE_signed)
     907                      .dwattr $C$DW$T$10, DW_AT_name("int")
     908                      .dwattr $C$DW$T$10, DW_AT_byte_size(0x01)
     909              $C$DW$T$11      .dwtag  DW_TAG_base_type
     910                      .dwattr $C$DW$T$11, DW_AT_encoding(DW_ATE_unsigned)
     911                      .dwattr $C$DW$T$11, DW_AT_name("unsigned int")
     912                      .dwattr $C$DW$T$11, DW_AT_byte_size(0x01)
     913              $C$DW$T$12      .dwtag  DW_TAG_base_type
     914                      .dwattr $C$DW$T$12, DW_AT_encoding(DW_ATE_signed)
     915                      .dwattr $C$DW$T$12, DW_AT_name("long")
     916                      .dwattr $C$DW$T$12, DW_AT_byte_size(0x02)
     917              $C$DW$T$13      .dwtag  DW_TAG_base_type
     918                      .dwattr $C$DW$T$13, DW_AT_encoding(DW_ATE_unsigned)
     919                      .dwattr $C$DW$T$13, DW_AT_name("unsigned long")
     920                      .dwattr $C$DW$T$13, DW_AT_byte_size(0x02)
     921              $C$DW$T$14      .dwtag  DW_TAG_base_type
     922                      .dwattr $C$DW$T$14, DW_AT_encoding(DW_ATE_signed)
     923                      .dwattr $C$DW$T$14, DW_AT_name("long long")
     924                      .dwattr $C$DW$T$14, DW_AT_byte_size(0x04)
     925              $C$DW$T$15      .dwtag  DW_TAG_base_type
     926                      .dwattr $C$DW$T$15, DW_AT_encoding(DW_ATE_unsigned)
     927                      .dwattr $C$DW$T$15, DW_AT_name("unsigned long long")
     928                      .dwattr $C$DW$T$15, DW_AT_byte_size(0x04)
     929              $C$DW$T$16      .dwtag  DW_TAG_base_type
     930                      .dwattr $C$DW$T$16, DW_AT_encoding(DW_ATE_float)
     931                      .dwattr $C$DW$T$16, DW_AT_name("float")
     932                      .dwattr $C$DW$T$16, DW_AT_byte_size(0x02)
     933              $C$DW$T$17      .dwtag  DW_TAG_base_type
     934                      .dwattr $C$DW$T$17, DW_AT_encoding(DW_ATE_float)
     935                      .dwattr $C$DW$T$17, DW_AT_name("double")
     936                      .dwattr $C$DW$T$17, DW_AT_byte_size(0x02)
     937              $C$DW$T$18      .dwtag  DW_TAG_base_type
     938                      .dwattr $C$DW$T$18, DW_AT_encoding(DW_ATE_float)
     939                      .dwattr $C$DW$T$18, DW_AT_name("long double")
     940                      .dwattr $C$DW$T$18, DW_AT_byte_size(0x04)
     941              $C$DW$T$22      .dwtag  DW_TAG_pointer_type
     942                      .dwattr $C$DW$T$22, DW_AT_type(*$C$DW$T$5)
     943                      .dwattr $C$DW$T$22, DW_AT_address_class(0x16)
     944              
     945              $C$DW$T$26      .dwtag  DW_TAG_array_type
     946                      .dwattr $C$DW$T$26, DW_AT_type(*$C$DW$T$5)
TMS320C2000 Assembler PC v6.2.7 Thu Jul 02 08:31:12 2015

Tools Copyright (c) 1996-2014 Texas Instruments Incorporated
C:\Users\Tester\AppData\Local\Temp\0430410                           PAGE   19

     947                      .dwattr $C$DW$T$26, DW_AT_language(DW_LANG_C)
     948                      .dwattr $C$DW$T$26, DW_AT_byte_size(0x40)
     949              $C$DW$52        .dwtag  DW_TAG_subrange_type
     950                      .dwattr $C$DW$52, DW_AT_upper_bound(0x3f)
     951                      .dwendtag $C$DW$T$26
     952              
     953                      .dwattr $C$DW$CU, DW_AT_language(DW_LANG_C)
     954              
     955              ;***************************************************************
     956              ;* DWARF CIE ENTRIES                                           *
     957              ;***************************************************************
     958              
     959              $C$DW$CIE       .dwcie 78
     960                      .dwcfi  cfa_register, 20
     961                      .dwcfi  cfa_offset, 0
     962                      .dwcfi  undefined, 0
     963                      .dwcfi  undefined, 1
     964                      .dwcfi  undefined, 2
     965                      .dwcfi  undefined, 3
     966                      .dwcfi  undefined, 20
     967                      .dwcfi  undefined, 21
     968                      .dwcfi  undefined, 22
     969                      .dwcfi  undefined, 23
     970                      .dwcfi  undefined, 24
     971                      .dwcfi  undefined, 25
     972                      .dwcfi  undefined, 26
     973                      .dwcfi  same_value, 28
     974                      .dwcfi  undefined, 29
     975                      .dwcfi  undefined, 30
     976                      .dwcfi  undefined, 31
     977                      .dwcfi  undefined, 32
     978                      .dwcfi  undefined, 33
     979                      .dwcfi  undefined, 34
     980                      .dwcfi  undefined, 35
     981                      .dwcfi  undefined, 36
     982                      .dwcfi  undefined, 37
     983                      .dwcfi  undefined, 38
     984                      .dwcfi  undefined, 75
     985                      .dwcfi  undefined, 76
     986                      .dwcfi  undefined, 77
     987                      .dwcfi  undefined, 4
     988                      .dwcfi  same_value, 6
     989                      .dwcfi  same_value, 8
     990                      .dwcfi  same_value, 10
     991                      .dwcfi  undefined, 12
     992                      .dwcfi  undefined, 14
     993                      .dwcfi  undefined, 16
     994                      .dwcfi  undefined, 17
     995                      .dwcfi  undefined, 18
     996                      .dwcfi  undefined, 19
     997                      .dwcfi  undefined, 5
     998                      .dwcfi  same_value, 7
     999                      .dwcfi  same_value, 9
    1000                      .dwcfi  same_value, 11
    1001                      .dwcfi  undefined, 13
TMS320C2000 Assembler PC v6.2.7 Thu Jul 02 08:31:12 2015

Tools Copyright (c) 1996-2014 Texas Instruments Incorporated
C:\Users\Tester\AppData\Local\Temp\0430410                           PAGE   20

    1002                      .dwcfi  undefined, 15
    1003                      .dwcfi  undefined, 43
    1004                      .dwcfi  undefined, 44
    1005                      .dwcfi  undefined, 47
    1006                      .dwcfi  undefined, 48
    1007                      .dwcfi  undefined, 51
    1008                      .dwcfi  undefined, 52
    1009                      .dwcfi  undefined, 55
    1010                      .dwcfi  undefined, 56
    1011                      .dwcfi  same_value, 59
    1012                      .dwcfi  same_value, 60
    1013                      .dwcfi  same_value, 63
    1014                      .dwcfi  same_value, 64
    1015                      .dwcfi  same_value, 67
    1016                      .dwcfi  same_value, 68
    1017                      .dwcfi  same_value, 71
    1018                      .dwcfi  same_value, 72
    1019                      .dwcfi  undefined, 73
    1020                      .dwcfi  undefined, 74
    1021                      .dwcfi  undefined, 39
    1022                      .dwcfi  undefined, 40
    1023                      .dwcfi  undefined, 27
    1024                      .dwcfi  undefined, 78
    1025                      .dwendentry
    1026              
    1027              ;***************************************************************
    1028              ;* DWARF REGISTER MAP                                          *
    1029              ;***************************************************************
    1030              
    1031              $C$DW$53        .dwtag  DW_TAG_TI_assign_register, DW_AT_name("AL")
    1032                      .dwattr $C$DW$53, DW_AT_location[DW_OP_reg0]
    1033              $C$DW$54        .dwtag  DW_TAG_TI_assign_register, DW_AT_name("AH")
    1034                      .dwattr $C$DW$54, DW_AT_location[DW_OP_reg1]
    1035              $C$DW$55        .dwtag  DW_TAG_TI_assign_register, DW_AT_name("PL")
    1036                      .dwattr $C$DW$55, DW_AT_location[DW_OP_reg2]
    1037              $C$DW$56        .dwtag  DW_TAG_TI_assign_register, DW_AT_name("PH")
    1038                      .dwattr $C$DW$56, DW_AT_location[DW_OP_reg3]
    1039              $C$DW$57        .dwtag  DW_TAG_TI_assign_register, DW_AT_name("SP")
    1040                      .dwattr $C$DW$57, DW_AT_location[DW_OP_reg20]
    1041              $C$DW$58        .dwtag  DW_TAG_TI_assign_register, DW_AT_name("XT")
    1042                      .dwattr $C$DW$58, DW_AT_location[DW_OP_reg21]
    1043              $C$DW$59        .dwtag  DW_TAG_TI_assign_register, DW_AT_name("T")
    1044                      .dwattr $C$DW$59, DW_AT_location[DW_OP_reg22]
    1045              $C$DW$60        .dwtag  DW_TAG_TI_assign_register, DW_AT_name("ST0")
    1046                      .dwattr $C$DW$60, DW_AT_location[DW_OP_reg23]
    1047              $C$DW$61        .dwtag  DW_TAG_TI_assign_register, DW_AT_name("ST1")
    1048                      .dwattr $C$DW$61, DW_AT_location[DW_OP_reg24]
    1049              $C$DW$62        .dwtag  DW_TAG_TI_assign_register, DW_AT_name("PC")
    1050                      .dwattr $C$DW$62, DW_AT_location[DW_OP_reg25]
    1051              $C$DW$63        .dwtag  DW_TAG_TI_assign_register, DW_AT_name("RPC")
    1052                      .dwattr $C$DW$63, DW_AT_location[DW_OP_reg26]
    1053              $C$DW$64        .dwtag  DW_TAG_TI_assign_register, DW_AT_name("FP")
    1054                      .dwattr $C$DW$64, DW_AT_location[DW_OP_reg28]
    1055              $C$DW$65        .dwtag  DW_TAG_TI_assign_register, DW_AT_name("DP")
    1056                      .dwattr $C$DW$65, DW_AT_location[DW_OP_reg29]
TMS320C2000 Assembler PC v6.2.7 Thu Jul 02 08:31:12 2015

Tools Copyright (c) 1996-2014 Texas Instruments Incorporated
C:\Users\Tester\AppData\Local\Temp\0430410                           PAGE   21

    1057              $C$DW$66        .dwtag  DW_TAG_TI_assign_register, DW_AT_name("SXM")
    1058                      .dwattr $C$DW$66, DW_AT_location[DW_OP_reg30]
    1059              $C$DW$67        .dwtag  DW_TAG_TI_assign_register, DW_AT_name("PM")
    1060                      .dwattr $C$DW$67, DW_AT_location[DW_OP_reg31]
    1061              $C$DW$68        .dwtag  DW_TAG_TI_assign_register, DW_AT_name("OVM")
    1062                      .dwattr $C$DW$68, DW_AT_location[DW_OP_regx 0x20]
    1063              $C$DW$69        .dwtag  DW_TAG_TI_assign_register, DW_AT_name("PAGE0")
    1064                      .dwattr $C$DW$69, DW_AT_location[DW_OP_regx 0x21]
    1065              $C$DW$70        .dwtag  DW_TAG_TI_assign_register, DW_AT_name("AMODE")
    1066                      .dwattr $C$DW$70, DW_AT_location[DW_OP_regx 0x22]
    1067              $C$DW$71        .dwtag  DW_TAG_TI_assign_register, DW_AT_name("INTM")
    1068                      .dwattr $C$DW$71, DW_AT_location[DW_OP_regx 0x23]
    1069              $C$DW$72        .dwtag  DW_TAG_TI_assign_register, DW_AT_name("IFR")
    1070                      .dwattr $C$DW$72, DW_AT_location[DW_OP_regx 0x24]
    1071              $C$DW$73        .dwtag  DW_TAG_TI_assign_register, DW_AT_name("IER")
    1072                      .dwattr $C$DW$73, DW_AT_location[DW_OP_regx 0x25]
    1073              $C$DW$74        .dwtag  DW_TAG_TI_assign_register, DW_AT_name("V")
    1074                      .dwattr $C$DW$74, DW_AT_location[DW_OP_regx 0x26]
    1075              $C$DW$75        .dwtag  DW_TAG_TI_assign_register, DW_AT_name("PSEUDOH")
    1076                      .dwattr $C$DW$75, DW_AT_location[DW_OP_regx 0x4c]
    1077              $C$DW$76        .dwtag  DW_TAG_TI_assign_register, DW_AT_name("VOL")
    1078                      .dwattr $C$DW$76, DW_AT_location[DW_OP_regx 0x4d]
    1079              $C$DW$77        .dwtag  DW_TAG_TI_assign_register, DW_AT_name("AR0")
    1080                      .dwattr $C$DW$77, DW_AT_location[DW_OP_reg4]
    1081              $C$DW$78        .dwtag  DW_TAG_TI_assign_register, DW_AT_name("AR1")
    1082                      .dwattr $C$DW$78, DW_AT_location[DW_OP_reg6]
    1083              $C$DW$79        .dwtag  DW_TAG_TI_assign_register, DW_AT_name("AR2")
    1084                      .dwattr $C$DW$79, DW_AT_location[DW_OP_reg8]
    1085              $C$DW$80        .dwtag  DW_TAG_TI_assign_register, DW_AT_name("AR3")
    1086                      .dwattr $C$DW$80, DW_AT_location[DW_OP_reg10]
    1087              $C$DW$81        .dwtag  DW_TAG_TI_assign_register, DW_AT_name("AR4")
    1088                      .dwattr $C$DW$81, DW_AT_location[DW_OP_reg12]
    1089              $C$DW$82        .dwtag  DW_TAG_TI_assign_register, DW_AT_name("AR5")
    1090                      .dwattr $C$DW$82, DW_AT_location[DW_OP_reg14]
    1091              $C$DW$83        .dwtag  DW_TAG_TI_assign_register, DW_AT_name("AR6")
    1092                      .dwattr $C$DW$83, DW_AT_location[DW_OP_reg16]
    1093              $C$DW$84        .dwtag  DW_TAG_TI_assign_register, DW_AT_name("XAR6")
    1094                      .dwattr $C$DW$84, DW_AT_location[DW_OP_reg17]
    1095              $C$DW$85        .dwtag  DW_TAG_TI_assign_register, DW_AT_name("AR7")
    1096                      .dwattr $C$DW$85, DW_AT_location[DW_OP_reg18]
    1097              $C$DW$86        .dwtag  DW_TAG_TI_assign_register, DW_AT_name("XAR7")
    1098                      .dwattr $C$DW$86, DW_AT_location[DW_OP_reg19]
    1099              $C$DW$87        .dwtag  DW_TAG_TI_assign_register, DW_AT_name("XAR0")
    1100                      .dwattr $C$DW$87, DW_AT_location[DW_OP_reg5]
    1101              $C$DW$88        .dwtag  DW_TAG_TI_assign_register, DW_AT_name("XAR1")
    1102                      .dwattr $C$DW$88, DW_AT_location[DW_OP_reg7]
    1103              $C$DW$89        .dwtag  DW_TAG_TI_assign_register, DW_AT_name("XAR2")
    1104                      .dwattr $C$DW$89, DW_AT_location[DW_OP_reg9]
    1105              $C$DW$90        .dwtag  DW_TAG_TI_assign_register, DW_AT_name("XAR3")
    1106                      .dwattr $C$DW$90, DW_AT_location[DW_OP_reg11]
    1107              $C$DW$91        .dwtag  DW_TAG_TI_assign_register, DW_AT_name("XAR4")
    1108                      .dwattr $C$DW$91, DW_AT_location[DW_OP_reg13]
    1109              $C$DW$92        .dwtag  DW_TAG_TI_assign_register, DW_AT_name("XAR5")
    1110                      .dwattr $C$DW$92, DW_AT_location[DW_OP_reg15]
    1111              $C$DW$93        .dwtag  DW_TAG_TI_assign_register, DW_AT_name("R0HL")
TMS320C2000 Assembler PC v6.2.7 Thu Jul 02 08:31:12 2015

Tools Copyright (c) 1996-2014 Texas Instruments Incorporated
C:\Users\Tester\AppData\Local\Temp\0430410                           PAGE   22

    1112                      .dwattr $C$DW$93, DW_AT_location[DW_OP_regx 0x2b]
    1113              $C$DW$94        .dwtag  DW_TAG_TI_assign_register, DW_AT_name("R0H")
    1114                      .dwattr $C$DW$94, DW_AT_location[DW_OP_regx 0x2c]
    1115              $C$DW$95        .dwtag  DW_TAG_TI_assign_register, DW_AT_name("R1HL")
    1116                      .dwattr $C$DW$95, DW_AT_location[DW_OP_regx 0x2f]
    1117              $C$DW$96        .dwtag  DW_TAG_TI_assign_register, DW_AT_name("R1H")
    1118                      .dwattr $C$DW$96, DW_AT_location[DW_OP_regx 0x30]
    1119              $C$DW$97        .dwtag  DW_TAG_TI_assign_register, DW_AT_name("R2HL")
    1120                      .dwattr $C$DW$97, DW_AT_location[DW_OP_regx 0x33]
    1121              $C$DW$98        .dwtag  DW_TAG_TI_assign_register, DW_AT_name("R2H")
    1122                      .dwattr $C$DW$98, DW_AT_location[DW_OP_regx 0x34]
    1123              $C$DW$99        .dwtag  DW_TAG_TI_assign_register, DW_AT_name("R3HL")
    1124                      .dwattr $C$DW$99, DW_AT_location[DW_OP_regx 0x37]
    1125              $C$DW$100       .dwtag  DW_TAG_TI_assign_register, DW_AT_name("R3H")
    1126                      .dwattr $C$DW$100, DW_AT_location[DW_OP_regx 0x38]
    1127              $C$DW$101       .dwtag  DW_TAG_TI_assign_register, DW_AT_name("R4HL")
    1128                      .dwattr $C$DW$101, DW_AT_location[DW_OP_regx 0x3b]
    1129              $C$DW$102       .dwtag  DW_TAG_TI_assign_register, DW_AT_name("R4H")
    1130                      .dwattr $C$DW$102, DW_AT_location[DW_OP_regx 0x3c]
    1131              $C$DW$103       .dwtag  DW_TAG_TI_assign_register, DW_AT_name("R5HL")
    1132                      .dwattr $C$DW$103, DW_AT_location[DW_OP_regx 0x3f]
    1133              $C$DW$104       .dwtag  DW_TAG_TI_assign_register, DW_AT_name("R5H")
    1134                      .dwattr $C$DW$104, DW_AT_location[DW_OP_regx 0x40]
    1135              $C$DW$105       .dwtag  DW_TAG_TI_assign_register, DW_AT_name("R6HL")
    1136                      .dwattr $C$DW$105, DW_AT_location[DW_OP_regx 0x43]
    1137              $C$DW$106       .dwtag  DW_TAG_TI_assign_register, DW_AT_name("R6H")
    1138                      .dwattr $C$DW$106, DW_AT_location[DW_OP_regx 0x44]
    1139              $C$DW$107       .dwtag  DW_TAG_TI_assign_register, DW_AT_name("R7HL")
    1140                      .dwattr $C$DW$107, DW_AT_location[DW_OP_regx 0x47]
    1141              $C$DW$108       .dwtag  DW_TAG_TI_assign_register, DW_AT_name("R7H")
    1142                      .dwattr $C$DW$108, DW_AT_location[DW_OP_regx 0x48]
    1143              $C$DW$109       .dwtag  DW_TAG_TI_assign_register, DW_AT_name("RBL")
    1144                      .dwattr $C$DW$109, DW_AT_location[DW_OP_regx 0x49]
    1145              $C$DW$110       .dwtag  DW_TAG_TI_assign_register, DW_AT_name("RB")
    1146                      .dwattr $C$DW$110, DW_AT_location[DW_OP_regx 0x4a]
    1147              $C$DW$111       .dwtag  DW_TAG_TI_assign_register, DW_AT_name("STFL")
    1148                      .dwattr $C$DW$111, DW_AT_location[DW_OP_regx 0x27]
    1149              $C$DW$112       .dwtag  DW_TAG_TI_assign_register, DW_AT_name("STF")
    1150                      .dwattr $C$DW$112, DW_AT_location[DW_OP_regx 0x28]
    1151              $C$DW$113       .dwtag  DW_TAG_TI_assign_register, DW_AT_name("FPUHAZ")
    1152                      .dwattr $C$DW$113, DW_AT_location[DW_OP_reg27]
    1153              $C$DW$114       .dwtag  DW_TAG_TI_assign_register, DW_AT_name("CIE_RETA")
    1154                      .dwattr $C$DW$114, DW_AT_location[DW_OP_regx 0x4e]
    1155                      .dwendtag $C$DW$CU
    1156              

No Assembly Errors, No Assembly Warnings
