TMS320C2000 Assembler PC v6.2.7 Thu Jul 02 08:31:36 2015

Tools Copyright (c) 1996-2014 Texas Instruments Incorporated
C:\Users\Tester\AppData\Local\Temp\0506010                           PAGE    1

       1              ;***************************************************************
       2              ;* TMS320C2000 C/C++ Codegen                         PC v6.2.7 *
       3              ;* Date/Time created: Thu Jul 02 08:31:36 2015                 *
       4              ;***************************************************************
       5                      .compiler_opts --diag_wrap=off --float_support=fpu32 --hll_source=on --mem_model:code=flat --mem_mode
       6        0002  FP      .set    XAR2
       7              
       8              $C$DW$CU        .dwtag  DW_TAG_compile_unit
       9                      .dwattr $C$DW$CU, DW_AT_name("../Aqua/AquaState.c")
      10                      .dwattr $C$DW$CU, DW_AT_producer("TMS320C2000 C/C++ Codegen PC v6.2.7 Copyright (c) 1996-2014 Texas I
      11                      .dwattr $C$DW$CU, DW_AT_TI_version(0x01)
      12                      .dwattr $C$DW$CU, DW_AT_comp_dir("D:\ActiveProject\EKT5\PKMT_NONBIOS\InvertorCntrl\ISPprg")
      13              
      14              $C$DW$1 .dwtag  DW_TAG_subprogram, DW_AT_name("setFtaskOs")
      15                      .dwattr $C$DW$1, DW_AT_TI_symbol_name("_setFtaskOs")
      16                      .dwattr $C$DW$1, DW_AT_declaration
      17                      .dwattr $C$DW$1, DW_AT_external
      18              $C$DW$2 .dwtag  DW_TAG_formal_parameter
      19                      .dwattr $C$DW$2, DW_AT_type(*$C$DW$T$16)
      20                      .dwendtag $C$DW$1
      21              
      22                      .global _AccelSlowAqua
      23 00000000       _AccelSlowAqua: .usect  ".ebss",1,1,0
      24              $C$DW$3 .dwtag  DW_TAG_variable, DW_AT_name("AccelSlowAqua")
      25                      .dwattr $C$DW$3, DW_AT_TI_symbol_name("_AccelSlowAqua")
      26                      .dwattr $C$DW$3, DW_AT_location[DW_OP_addr _AccelSlowAqua]
      27                      .dwattr $C$DW$3, DW_AT_type(*$C$DW$T$10)
      28                      .dwattr $C$DW$3, DW_AT_external
      29              
      30              $C$DW$4 .dwtag  DW_TAG_subprogram, DW_AT_name("fixWaterPmin")
      31                      .dwattr $C$DW$4, DW_AT_TI_symbol_name("_fixWaterPmin")
      32                      .dwattr $C$DW$4, DW_AT_type(*$C$DW$T$26)
      33                      .dwattr $C$DW$4, DW_AT_declaration
      34                      .dwattr $C$DW$4, DW_AT_external
      35              $C$DW$5 .dwtag  DW_TAG_formal_parameter
      36                      .dwattr $C$DW$5, DW_AT_type(*$C$DW$T$28)
      37              $C$DW$6 .dwtag  DW_TAG_formal_parameter
      38                      .dwattr $C$DW$6, DW_AT_type(*$C$DW$T$27)
      39                      .dwendtag $C$DW$4
      40              
      41                      .global _stateWater
      42 00000001       _stateWater:    .usect  ".ebss",1,1,0
      43              $C$DW$7 .dwtag  DW_TAG_variable, DW_AT_name("stateWater")
      44                      .dwattr $C$DW$7, DW_AT_TI_symbol_name("_stateWater")
      45                      .dwattr $C$DW$7, DW_AT_location[DW_OP_addr _stateWater]
      46                      .dwattr $C$DW$7, DW_AT_type(*$C$DW$T$26)
      47                      .dwattr $C$DW$7, DW_AT_external
      48              
      49              $C$DW$8 .dwtag  DW_TAG_subprogram, DW_AT_name("startWaterState")
      50                      .dwattr $C$DW$8, DW_AT_TI_symbol_name("_startWaterState")
      51                      .dwattr $C$DW$8, DW_AT_type(*$C$DW$T$26)
      52                      .dwattr $C$DW$8, DW_AT_declaration
      53                      .dwattr $C$DW$8, DW_AT_external
      54              $C$DW$9 .dwtag  DW_TAG_formal_parameter
      55                      .dwattr $C$DW$9, DW_AT_type(*$C$DW$T$28)
TMS320C2000 Assembler PC v6.2.7 Thu Jul 02 08:31:36 2015

Tools Copyright (c) 1996-2014 Texas Instruments Incorporated
C:\Users\Tester\AppData\Local\Temp\0506010                           PAGE    2

      56              $C$DW$10        .dwtag  DW_TAG_formal_parameter
      57                      .dwattr $C$DW$10, DW_AT_type(*$C$DW$T$22)
      58              $C$DW$11        .dwtag  DW_TAG_formal_parameter
      59                      .dwattr $C$DW$11, DW_AT_type(*$C$DW$T$27)
      60                      .dwendtag $C$DW$8
      61              
      62                      .global _subStateWater
      63 00000002       _subStateWater: .usect  ".ebss",1,1,0
      64              $C$DW$12        .dwtag  DW_TAG_variable, DW_AT_name("subStateWater")
      65                      .dwattr $C$DW$12, DW_AT_TI_symbol_name("_subStateWater")
      66                      .dwattr $C$DW$12, DW_AT_location[DW_OP_addr _subStateWater]
      67                      .dwattr $C$DW$12, DW_AT_type(*$C$DW$T$26)
      68                      .dwattr $C$DW$12, DW_AT_external
      69              
      70              $C$DW$13        .dwtag  DW_TAG_subprogram, DW_AT_name("fixErrorWater")
      71                      .dwattr $C$DW$13, DW_AT_TI_symbol_name("_fixErrorWater")
      72                      .dwattr $C$DW$13, DW_AT_type(*$C$DW$T$26)
      73                      .dwattr $C$DW$13, DW_AT_declaration
      74                      .dwattr $C$DW$13, DW_AT_external
      75              
      76              $C$DW$14        .dwtag  DW_TAG_subprogram, DW_AT_name("cntrlSlowStop")
      77                      .dwattr $C$DW$14, DW_AT_TI_symbol_name("_cntrlSlowStop")
      78                      .dwattr $C$DW$14, DW_AT_type(*$C$DW$T$26)
      79                      .dwattr $C$DW$14, DW_AT_declaration
      80                      .dwattr $C$DW$14, DW_AT_external
      81              $C$DW$15        .dwtag  DW_TAG_formal_parameter
      82                      .dwattr $C$DW$15, DW_AT_type(*$C$DW$T$28)
      83              $C$DW$16        .dwtag  DW_TAG_formal_parameter
      84                      .dwattr $C$DW$16, DW_AT_type(*$C$DW$T$22)
      85              $C$DW$17        .dwtag  DW_TAG_formal_parameter
      86                      .dwattr $C$DW$17, DW_AT_type(*$C$DW$T$27)
      87                      .dwendtag $C$DW$14
      88              
      89              
      90              $C$DW$18        .dwtag  DW_TAG_subprogram, DW_AT_name("getRegister")
      91                      .dwattr $C$DW$18, DW_AT_TI_symbol_name("_getRegister")
      92                      .dwattr $C$DW$18, DW_AT_type(*$C$DW$T$10)
      93                      .dwattr $C$DW$18, DW_AT_declaration
      94                      .dwattr $C$DW$18, DW_AT_external
      95              $C$DW$19        .dwtag  DW_TAG_formal_parameter
      96                      .dwattr $C$DW$19, DW_AT_type(*$C$DW$T$5)
      97                      .dwendtag $C$DW$18
      98              
      99              
     100              $C$DW$20        .dwtag  DW_TAG_subprogram, DW_AT_name("testStatusConvertor")
     101                      .dwattr $C$DW$20, DW_AT_TI_symbol_name("_testStatusConvertor")
     102                      .dwattr $C$DW$20, DW_AT_type(*$C$DW$T$37)
     103                      .dwattr $C$DW$20, DW_AT_declaration
     104                      .dwattr $C$DW$20, DW_AT_external
     105              $C$DW$21        .dwtag  DW_TAG_formal_parameter
     106                      .dwattr $C$DW$21, DW_AT_type(*$C$DW$T$26)
     107                      .dwendtag $C$DW$20
     108              
     109              
     110              $C$DW$22        .dwtag  DW_TAG_subprogram, DW_AT_name("runWaterPcntrl")
TMS320C2000 Assembler PC v6.2.7 Thu Jul 02 08:31:36 2015

Tools Copyright (c) 1996-2014 Texas Instruments Incorporated
C:\Users\Tester\AppData\Local\Temp\0506010                           PAGE    3

     111                      .dwattr $C$DW$22, DW_AT_TI_symbol_name("_runWaterPcntrl")
     112                      .dwattr $C$DW$22, DW_AT_type(*$C$DW$T$26)
     113                      .dwattr $C$DW$22, DW_AT_declaration
     114                      .dwattr $C$DW$22, DW_AT_external
     115              $C$DW$23        .dwtag  DW_TAG_formal_parameter
     116                      .dwattr $C$DW$23, DW_AT_type(*$C$DW$T$28)
     117              $C$DW$24        .dwtag  DW_TAG_formal_parameter
     118                      .dwattr $C$DW$24, DW_AT_type(*$C$DW$T$28)
     119              $C$DW$25        .dwtag  DW_TAG_formal_parameter
     120                      .dwattr $C$DW$25, DW_AT_type(*$C$DW$T$27)
     121                      .dwendtag $C$DW$22
     122              
     123                      .global _AquaFmin
     124 00000004       _AquaFmin:      .usect  ".ebss",2,1,1
     125              $C$DW$26        .dwtag  DW_TAG_variable, DW_AT_name("AquaFmin")
     126                      .dwattr $C$DW$26, DW_AT_TI_symbol_name("_AquaFmin")
     127                      .dwattr $C$DW$26, DW_AT_location[DW_OP_addr _AquaFmin]
     128                      .dwattr $C$DW$26, DW_AT_type(*$C$DW$T$16)
     129                      .dwattr $C$DW$26, DW_AT_external
     130                      .global _Pmin
     131 00000006       _Pmin:  .usect  ".ebss",2,1,1
     132              $C$DW$27        .dwtag  DW_TAG_variable, DW_AT_name("Pmin")
     133                      .dwattr $C$DW$27, DW_AT_TI_symbol_name("_Pmin")
     134                      .dwattr $C$DW$27, DW_AT_location[DW_OP_addr _Pmin]
     135                      .dwattr $C$DW$27, DW_AT_type(*$C$DW$T$16)
     136                      .dwattr $C$DW$27, DW_AT_external
     137                      .global _Fwater
     138 00000008       _Fwater:        .usect  ".ebss",2,1,1
     139              $C$DW$28        .dwtag  DW_TAG_variable, DW_AT_name("Fwater")
     140                      .dwattr $C$DW$28, DW_AT_TI_symbol_name("_Fwater")
     141                      .dwattr $C$DW$28, DW_AT_location[DW_OP_addr _Fwater]
     142                      .dwattr $C$DW$28, DW_AT_type(*$C$DW$T$16)
     143                      .dwattr $C$DW$28, DW_AT_external
     144                      .global _AquaFmax
     145 0000000a       _AquaFmax:      .usect  ".ebss",2,1,1
     146              $C$DW$29        .dwtag  DW_TAG_variable, DW_AT_name("AquaFmax")
     147                      .dwattr $C$DW$29, DW_AT_TI_symbol_name("_AquaFmax")
     148                      .dwattr $C$DW$29, DW_AT_location[DW_OP_addr _AquaFmax]
     149                      .dwattr $C$DW$29, DW_AT_type(*$C$DW$T$16)
     150                      .dwattr $C$DW$29, DW_AT_external
     151              ;       C:\ti\ccsv6\tools\compiler\c2000_6.2.7\bin\ac2000.exe -@C:\\Users\\Tester\\AppData\\Local\\Temp\\0506
     152 00000000               .sect   ".text"
     153                      .clink
     154                      .global _cntrlStateWater
     155              
     156              $C$DW$30        .dwtag  DW_TAG_subprogram, DW_AT_name("cntrlStateWater")
     157                      .dwattr $C$DW$30, DW_AT_low_pc(_cntrlStateWater)
     158                      .dwattr $C$DW$30, DW_AT_high_pc(0x00)
     159                      .dwattr $C$DW$30, DW_AT_TI_symbol_name("_cntrlStateWater")
     160                      .dwattr $C$DW$30, DW_AT_external
     161                      .dwattr $C$DW$30, DW_AT_TI_begin_file("../Aqua/AquaState.c")
     162                      .dwattr $C$DW$30, DW_AT_TI_begin_line(0x14)
     163                      .dwattr $C$DW$30, DW_AT_TI_begin_column(0x06)
     164                      .dwattr $C$DW$30, DW_AT_TI_max_frame_size(-6)
     165                      .dwpsn  file "../Aqua/AquaState.c",line 20,column 27,is_stmt,address _cntrlStateWater
TMS320C2000 Assembler PC v6.2.7 Thu Jul 02 08:31:36 2015

Tools Copyright (c) 1996-2014 Texas Instruments Incorporated
C:\Users\Tester\AppData\Local\Temp\0506010                           PAGE    4

     166              
     167                      .dwfde $C$DW$CIE, _cntrlStateWater
     168              
     169              ;***************************************************************
     170              ;* FNAME: _cntrlStateWater              FR SIZE:   4           *
     171              ;*                                                             *
     172              ;* FUNCTION ENVIRONMENT                                        *
     173              ;*                                                             *
     174              ;* FUNCTION PROPERTIES                                         *
     175              ;*                            2 Parameter,  2 Auto,  0 SOE     *
     176              ;***************************************************************
     177              
     178 00000000       _cntrlStateWater:
     179                      .dwcfi  cfa_offset, -2
     180                      .dwcfi  save_reg_to_mem, 26, 0
     181                      .dwcfi  save_reg_to_reg, 78, 26
     182 00000000 FE04          ADDB      SP,#4                 ; [CPU_U] 
     183                      .dwcfi  cfa_offset, -6
     184              $C$DW$31        .dwtag  DW_TAG_variable, DW_AT_name("tmp")
     185                      .dwattr $C$DW$31, DW_AT_TI_symbol_name("_tmp")
     186                      .dwattr $C$DW$31, DW_AT_type(*$C$DW$T$16)
     187                      .dwattr $C$DW$31, DW_AT_location[DW_OP_breg20 -4]
     188                      .dwpsn  file "../Aqua/AquaState.c",line 22,column 2,is_stmt
     189 00000001 FFEF          B         $C$L10,UNC            ; [CPU_] |22| 
         00000002 0098 
     190                      ; branch occurs ; [] |22| 
     191 00000003       $C$L1:    
     192                      .dwpsn  file "../Aqua/AquaState.c",line 25,column 4,is_stmt
     193 00000003 9A04          MOVB      AL,#4                 ; [CPU_] |25| 
     194              $C$DW$32        .dwtag  DW_TAG_TI_branch
     195                      .dwattr $C$DW$32, DW_AT_low_pc(0x00)
     196                      .dwattr $C$DW$32, DW_AT_name("_testStatusConvertor")
     197                      .dwattr $C$DW$32, DW_AT_TI_call
     198 00000004 7640!         LCR       #_testStatusConvertor ; [CPU_] |25| 
         00000005 0000 
     199                      ; call occurs [#_testStatusConvertor] ; [] |25| 
     200 00000006 5200          CMPB      AL,#0                 ; [CPU_] |25| 
     201 00000007 EC07          BF        $C$L2,EQ              ; [CPU_] |25| 
     202                      ; branchcc occurs ; [] |25| 
     203                      .dwpsn  file "../Aqua/AquaState.c",line 26,column 5,is_stmt
     204 00000008 761F-         MOVW      DP,#_stateWater       ; [CPU_U] 
         00000009 0000 
     205 0000000a 56BF-         MOVB      @_stateWater,#2,UNC   ; [CPU_] |26| 
         0000000b 0201 
     206                      .dwpsn  file "../Aqua/AquaState.c",line 27,column 4,is_stmt
     207 0000000c FFEF          B         $C$L12,UNC            ; [CPU_] |27| 
         0000000d 00A6 
     208                      ; branch occurs ; [] |27| 
     209 0000000e       $C$L2:    
     210                      .dwpsn  file "../Aqua/AquaState.c",line 28,column 5,is_stmt
     211 0000000e E590          ZERO      R0H                   ; [CPU_] |28| 
     212              $C$DW$33        .dwtag  DW_TAG_TI_branch
     213                      .dwattr $C$DW$33, DW_AT_low_pc(0x00)
     214                      .dwattr $C$DW$33, DW_AT_name("_setFtaskOs")
     215                      .dwattr $C$DW$33, DW_AT_TI_call
TMS320C2000 Assembler PC v6.2.7 Thu Jul 02 08:31:36 2015

Tools Copyright (c) 1996-2014 Texas Instruments Incorporated
C:\Users\Tester\AppData\Local\Temp\0506010                           PAGE    5

     216 0000000f 7640!         LCR       #_setFtaskOs          ; [CPU_] |28| 
         00000010 0000 
     217                      ; call occurs [#_setFtaskOs] ; [] |28| 
     218                      .dwpsn  file "../Aqua/AquaState.c",line 30,column 4,is_stmt
     219 00000011 FFEF          B         $C$L12,UNC            ; [CPU_] |30| 
         00000012 00A1 
     220                      ; branch occurs ; [] |30| 
     221 00000013       $C$L3:    
     222                      .dwpsn  file "../Aqua/AquaState.c",line 33,column 4,is_stmt
     223 00000013 9A70          MOVB      AL,#112               ; [CPU_] |33| 
     224              $C$DW$34        .dwtag  DW_TAG_TI_branch
     225                      .dwattr $C$DW$34, DW_AT_low_pc(0x00)
     226                      .dwattr $C$DW$34, DW_AT_name("_getRegister")
     227                      .dwattr $C$DW$34, DW_AT_TI_call
     228 00000014 7640!         LCR       #_getRegister         ; [CPU_] |33| 
         00000015 0000 
     229                      ; call occurs [#_getRegister] ; [] |33| 
     230 00000016 3B01          SETC      SXM                   ; [CPU_] 
     231 00000017 85A9          MOV       ACC,AL                ; [CPU_] |33| 
     232 00000018 BDA9          MOV32     R0H,ACC               ; [CPU_] |33| 
         00000019 0F12 
     233 0000001a 7700          NOP       ; [CPU_] 
     234 0000001b 7700          NOP       ; [CPU_] 
     235 0000001c 7700          NOP       ; [CPU_] 
     236 0000001d 7700          NOP       ; [CPU_] 
     237 0000001e E689          I32TOF32  R0H,R0H               ; [CPU_] |33| 
         0000001f 0000 
     238 00000020 7700          NOP       ; [CPU_] 
     239 00000021 E203          MOV32     *-SP[4],R0H           ; [CPU_] |33| 
         00000022 0044 
     240                      .dwpsn  file "../Aqua/AquaState.c",line 34,column 4,is_stmt
     241 00000023 E801          MOVIZ     R0H,#15820            ; [CPU_] |34| 
         00000024 EE60 
     242 00000025 E2AF          MOV32     R1H,*-SP[4]           ; [CPU_] |34| 
         00000026 0144 
     243 00000027 E80E          MOVXI     R0H,#52429            ; [CPU_] |34| 
         00000028 6668 
     244 00000029 E700          MPYF32    R0H,R0H,R1H           ; [CPU_] |34| 
         0000002a 0040 
     245 0000002b 7700          NOP       ; [CPU_] 
     246 0000002c E203          MOV32     *-SP[4],R0H           ; [CPU_] |34| 
         0000002d 0044 
     247                      .dwpsn  file "../Aqua/AquaState.c",line 35,column 4,is_stmt
     248 0000002e 761F-         MOVW      DP,#_AquaFmin         ; [CPU_U] 
         0000002f 0000 
     249 00000030 0644          MOVL      ACC,*-SP[4]           ; [CPU_] |35| 
     250 00000031 1E04-         MOVL      @_AquaFmin,ACC        ; [CPU_] |35| 
     251                      .dwpsn  file "../Aqua/AquaState.c",line 36,column 4,is_stmt
     252 00000032 9A73          MOVB      AL,#115               ; [CPU_] |36| 
     253              $C$DW$35        .dwtag  DW_TAG_TI_branch
     254                      .dwattr $C$DW$35, DW_AT_low_pc(0x00)
     255                      .dwattr $C$DW$35, DW_AT_name("_getRegister")
     256                      .dwattr $C$DW$35, DW_AT_TI_call
     257 00000033 7640!         LCR       #_getRegister         ; [CPU_] |36| 
         00000034 0000 
TMS320C2000 Assembler PC v6.2.7 Thu Jul 02 08:31:36 2015

Tools Copyright (c) 1996-2014 Texas Instruments Incorporated
C:\Users\Tester\AppData\Local\Temp\0506010                           PAGE    6

     258                      ; call occurs [#_getRegister] ; [] |36| 
     259 00000035 3B01          SETC      SXM                   ; [CPU_] 
     260 00000036 85A9          MOV       ACC,AL                ; [CPU_] |36| 
     261 00000037 BDA9          MOV32     R0H,ACC               ; [CPU_] |36| 
         00000038 0F12 
     262 00000039 7700          NOP       ; [CPU_] 
     263 0000003a 7700          NOP       ; [CPU_] 
     264 0000003b 7700          NOP       ; [CPU_] 
     265 0000003c 7700          NOP       ; [CPU_] 
     266 0000003d E689          I32TOF32  R0H,R0H               ; [CPU_] |36| 
         0000003e 0000 
     267 0000003f 7700          NOP       ; [CPU_] 
     268 00000040 E203          MOV32     *-SP[4],R0H           ; [CPU_] |36| 
         00000041 0044 
     269                      .dwpsn  file "../Aqua/AquaState.c",line 37,column 4,is_stmt
     270 00000042 E801          MOVIZ     R0H,#15820            ; [CPU_] |37| 
         00000043 EE60 
     271 00000044 E2AF          MOV32     R1H,*-SP[4]           ; [CPU_] |37| 
         00000045 0144 
     272 00000046 E80E          MOVXI     R0H,#52429            ; [CPU_] |37| 
         00000047 6668 
     273 00000048 E700          MPYF32    R0H,R0H,R1H           ; [CPU_] |37| 
         00000049 0040 
     274 0000004a 7700          NOP       ; [CPU_] 
     275 0000004b E203          MOV32     *-SP[4],R0H           ; [CPU_] |37| 
         0000004c 0044 
     276                      .dwpsn  file "../Aqua/AquaState.c",line 38,column 4,is_stmt
     277 0000004d 761F-         MOVW      DP,#_AquaFmax         ; [CPU_U] 
         0000004e 0000 
     278 0000004f 0644          MOVL      ACC,*-SP[4]           ; [CPU_] |38| 
     279 00000050 1E0A-         MOVL      @_AquaFmax,ACC        ; [CPU_] |38| 
     280                      .dwpsn  file "../Aqua/AquaState.c",line 39,column 4,is_stmt
     281 00000051 56BF-         MOVB      @_stateWater,#3,UNC   ; [CPU_] |39| 
         00000052 0301 
     282                      .dwpsn  file "../Aqua/AquaState.c",line 40,column 4,is_stmt
     283 00000053 6F5F          B         $C$L12,UNC            ; [CPU_] |40| 
     284                      ; branch occurs ; [] |40| 
     285 00000054       $C$L4:    
     286                      .dwpsn  file "../Aqua/AquaState.c",line 43,column 4,is_stmt
     287 00000054 9A04          MOVB      AL,#4                 ; [CPU_] |43| 
     288              $C$DW$36        .dwtag  DW_TAG_TI_branch
     289                      .dwattr $C$DW$36, DW_AT_low_pc(0x00)
     290                      .dwattr $C$DW$36, DW_AT_name("_testStatusConvertor")
     291                      .dwattr $C$DW$36, DW_AT_TI_call
     292 00000055 7640!         LCR       #_testStatusConvertor ; [CPU_] |43| 
         00000056 0000 
     293                      ; call occurs [#_testStatusConvertor] ; [] |43| 
     294 00000057 5200          CMPB      AL,#0                 ; [CPU_] |43| 
     295 00000058 EC12          BF        $C$L5,EQ              ; [CPU_] |43| 
     296                      ; branchcc occurs ; [] |43| 
     297                      .dwpsn  file "../Aqua/AquaState.c",line 44,column 5,is_stmt
     298 00000059 8F00-         MOVL      XAR4,#_subStateWater  ; [CPU_U] |44| 
         0000005a 0002 
     299 0000005b 8F40-         MOVL      XAR5,#_AccelSlowAqua  ; [CPU_U] |44| 
         0000005c 0000 
TMS320C2000 Assembler PC v6.2.7 Thu Jul 02 08:31:36 2015

Tools Copyright (c) 1996-2014 Texas Instruments Incorporated
C:\Users\Tester\AppData\Local\Temp\0506010                           PAGE    7

     300 0000005d A842          MOVL      *-SP[2],XAR4          ; [CPU_] |44| 
     301 0000005e 8F00-         MOVL      XAR4,#_Fwater         ; [CPU_U] |44| 
         0000005f 0008 
     302              $C$DW$37        .dwtag  DW_TAG_TI_branch
     303                      .dwattr $C$DW$37, DW_AT_low_pc(0x00)
     304                      .dwattr $C$DW$37, DW_AT_name("_startWaterState")
     305                      .dwattr $C$DW$37, DW_AT_TI_call
     306 00000060 7640!         LCR       #_startWaterState     ; [CPU_] |44| 
         00000061 0000 
     307                      ; call occurs [#_startWaterState] ; [] |44| 
     308 00000062 761F-         MOVW      DP,#_stateWater       ; [CPU_U] 
         00000063 0000 
     309 00000064 9601-         MOV       @_stateWater,AL       ; [CPU_] |44| 
     310                      .dwpsn  file "../Aqua/AquaState.c",line 45,column 5,is_stmt
     311 00000065 E2AF-         MOV32     R0H,@_Fwater          ; [CPU_] |45| 
         00000066 0008 
     312              $C$DW$38        .dwtag  DW_TAG_TI_branch
     313                      .dwattr $C$DW$38, DW_AT_low_pc(0x00)
     314                      .dwattr $C$DW$38, DW_AT_name("_setFtaskOs")
     315                      .dwattr $C$DW$38, DW_AT_TI_call
     316 00000067 7640!         LCR       #_setFtaskOs          ; [CPU_] |45| 
         00000068 0000 
     317                      ; call occurs [#_setFtaskOs] ; [] |45| 
     318                      .dwpsn  file "../Aqua/AquaState.c",line 46,column 4,is_stmt
     319 00000069 6F49          B         $C$L12,UNC            ; [CPU_] |46| 
     320                      ; branch occurs ; [] |46| 
     321 0000006a       $C$L5:    
     322                      .dwpsn  file "../Aqua/AquaState.c",line 47,column 5,is_stmt
     323 0000006a 761F-         MOVW      DP,#_stateWater       ; [CPU_U] 
         0000006b 0000 
     324 0000006c 56BF-         MOVB      @_stateWater,#6,UNC   ; [CPU_] |47| 
         0000006d 0601 
     325                      .dwpsn  file "../Aqua/AquaState.c",line 49,column 4,is_stmt
     326 0000006e 6F44          B         $C$L12,UNC            ; [CPU_] |49| 
     327                      ; branch occurs ; [] |49| 
     328 0000006f       $C$L6:    
     329                      .dwpsn  file "../Aqua/AquaState.c",line 52,column 4,is_stmt
     330 0000006f 8F00-         MOVL      XAR4,#_Pmin           ; [CPU_U] |52| 
         00000070 0006 
     331 00000071 8F40-         MOVL      XAR5,#_subStateWater  ; [CPU_U] |52| 
         00000072 0002 
     332              $C$DW$39        .dwtag  DW_TAG_TI_branch
     333                      .dwattr $C$DW$39, DW_AT_low_pc(0x00)
     334                      .dwattr $C$DW$39, DW_AT_name("_fixWaterPmin")
     335                      .dwattr $C$DW$39, DW_AT_TI_call
     336 00000073 7640!         LCR       #_fixWaterPmin        ; [CPU_] |52| 
         00000074 0000 
     337                      ; call occurs [#_fixWaterPmin] ; [] |52| 
     338 00000075 761F-         MOVW      DP,#_stateWater       ; [CPU_U] 
         00000076 0000 
     339 00000077 9601-         MOV       @_stateWater,AL       ; [CPU_] |52| 
     340                      .dwpsn  file "../Aqua/AquaState.c",line 53,column 4,is_stmt
     341 00000078 6F3A          B         $C$L12,UNC            ; [CPU_] |53| 
     342                      ; branch occurs ; [] |53| 
     343 00000079       $C$L7:    
TMS320C2000 Assembler PC v6.2.7 Thu Jul 02 08:31:36 2015

Tools Copyright (c) 1996-2014 Texas Instruments Incorporated
C:\Users\Tester\AppData\Local\Temp\0506010                           PAGE    8

     344                      .dwpsn  file "../Aqua/AquaState.c",line 56,column 13,is_stmt
     345 00000079 8F00-         MOVL      XAR4,#_subStateWater  ; [CPU_U] |56| 
         0000007a 0002 
     346 0000007b 8F40-         MOVL      XAR5,#_Pmin           ; [CPU_U] |56| 
         0000007c 0006 
     347 0000007d A842          MOVL      *-SP[2],XAR4          ; [CPU_] |56| 
     348 0000007e 8F00-         MOVL      XAR4,#_Fwater         ; [CPU_U] |56| 
         0000007f 0008 
     349              $C$DW$40        .dwtag  DW_TAG_TI_branch
     350                      .dwattr $C$DW$40, DW_AT_low_pc(0x00)
     351                      .dwattr $C$DW$40, DW_AT_name("_runWaterPcntrl")
     352                      .dwattr $C$DW$40, DW_AT_TI_call
     353 00000080 7640!         LCR       #_runWaterPcntrl      ; [CPU_] |56| 
         00000081 0000 
     354                      ; call occurs [#_runWaterPcntrl] ; [] |56| 
     355 00000082 761F-         MOVW      DP,#_stateWater       ; [CPU_U] 
         00000083 0000 
     356 00000084 9601-         MOV       @_stateWater,AL       ; [CPU_] |56| 
     357                      .dwpsn  file "../Aqua/AquaState.c",line 57,column 4,is_stmt
     358 00000085 6F2D          B         $C$L12,UNC            ; [CPU_] |57| 
     359                      ; branch occurs ; [] |57| 
     360 00000086       $C$L8:    
     361                      .dwpsn  file "../Aqua/AquaState.c",line 60,column 13,is_stmt
     362 00000086 8F00-         MOVL      XAR4,#_subStateWater  ; [CPU_U] |60| 
         00000087 0002 
     363 00000088 8F40-         MOVL      XAR5,#_AccelSlowAqua  ; [CPU_U] |60| 
         00000089 0000 
     364 0000008a A842          MOVL      *-SP[2],XAR4          ; [CPU_] |60| 
     365 0000008b 8F00-         MOVL      XAR4,#_Fwater         ; [CPU_U] |60| 
         0000008c 0008 
     366              $C$DW$41        .dwtag  DW_TAG_TI_branch
     367                      .dwattr $C$DW$41, DW_AT_low_pc(0x00)
     368                      .dwattr $C$DW$41, DW_AT_name("_cntrlSlowStop")
     369                      .dwattr $C$DW$41, DW_AT_TI_call
     370 0000008d 7640!         LCR       #_cntrlSlowStop       ; [CPU_] |60| 
         0000008e 0000 
     371                      ; call occurs [#_cntrlSlowStop] ; [] |60| 
     372 0000008f 761F-         MOVW      DP,#_stateWater       ; [CPU_U] 
         00000090 0000 
     373 00000091 9601-         MOV       @_stateWater,AL       ; [CPU_] |60| 
     374                      .dwpsn  file "../Aqua/AquaState.c",line 62,column 4,is_stmt
     375 00000092 6F20          B         $C$L12,UNC            ; [CPU_] |62| 
     376                      ; branch occurs ; [] |62| 
     377 00000093       $C$L9:    
     378                      .dwpsn  file "../Aqua/AquaState.c",line 65,column 13,is_stmt
     379              $C$DW$42        .dwtag  DW_TAG_TI_branch
     380                      .dwattr $C$DW$42, DW_AT_low_pc(0x00)
     381                      .dwattr $C$DW$42, DW_AT_name("_fixErrorWater")
     382                      .dwattr $C$DW$42, DW_AT_TI_call
     383 00000093 7640!         LCR       #_fixErrorWater       ; [CPU_] |65| 
         00000094 0000 
     384                      ; call occurs [#_fixErrorWater] ; [] |65| 
     385 00000095 761F-         MOVW      DP,#_stateWater       ; [CPU_U] 
         00000096 0000 
     386 00000097 9601-         MOV       @_stateWater,AL       ; [CPU_] |65| 
TMS320C2000 Assembler PC v6.2.7 Thu Jul 02 08:31:36 2015

Tools Copyright (c) 1996-2014 Texas Instruments Incorporated
C:\Users\Tester\AppData\Local\Temp\0506010                           PAGE    9

     387                      .dwpsn  file "../Aqua/AquaState.c",line 66,column 4,is_stmt
     388 00000098 6F1A          B         $C$L12,UNC            ; [CPU_] |66| 
     389                      ; branch occurs ; [] |66| 
     390 00000099       $C$L10:    
     391                      .dwpsn  file "../Aqua/AquaState.c",line 22,column 2,is_stmt
     392 00000099 761F-         MOVW      DP,#_stateWater       ; [CPU_U] 
         0000009a 0000 
     393 0000009b 9201-         MOV       AL,@_stateWater       ; [CPU_] |22| 
     394 0000009c 5204          CMPB      AL,#4                 ; [CPU_] |22| 
     395 0000009d 620D          B         $C$L11,GT             ; [CPU_] |22| 
     396                      ; branchcc occurs ; [] |22| 
     397 0000009e 5204          CMPB      AL,#4                 ; [CPU_] |22| 
     398 0000009f ECD0          BF        $C$L6,EQ              ; [CPU_] |22| 
     399                      ; branchcc occurs ; [] |22| 
     400 000000a0 5201          CMPB      AL,#1                 ; [CPU_] |22| 
     401 000000a1 56C1          BF        $C$L1,EQ              ; [CPU_] |22| 
         000000a2 FF62 
     402                      ; branchcc occurs ; [] |22| 
     403 000000a3 5202          CMPB      AL,#2                 ; [CPU_] |22| 
     404 000000a4 56C1          BF        $C$L3,EQ              ; [CPU_] |22| 
         000000a5 FF6F 
     405                      ; branchcc occurs ; [] |22| 
     406 000000a6 5203          CMPB      AL,#3                 ; [CPU_] |22| 
     407 000000a7 ECAD          BF        $C$L4,EQ              ; [CPU_] |22| 
     408                      ; branchcc occurs ; [] |22| 
     409 000000a8 FFEF          B         $C$L1,UNC             ; [CPU_] |22| 
         000000a9 FF5B 
     410                      ; branch occurs ; [] |22| 
     411 000000aa       $C$L11:    
     412 000000aa 5205          CMPB      AL,#5                 ; [CPU_] |22| 
     413 000000ab ECCE          BF        $C$L7,EQ              ; [CPU_] |22| 
     414                      ; branchcc occurs ; [] |22| 
     415 000000ac 5206          CMPB      AL,#6                 ; [CPU_] |22| 
     416 000000ad ECD9          BF        $C$L8,EQ              ; [CPU_] |22| 
     417                      ; branchcc occurs ; [] |22| 
     418 000000ae 5207          CMPB      AL,#7                 ; [CPU_] |22| 
     419 000000af ECE4          BF        $C$L9,EQ              ; [CPU_] |22| 
     420                      ; branchcc occurs ; [] |22| 
     421 000000b0 FFEF          B         $C$L1,UNC             ; [CPU_] |22| 
         000000b1 FF53 
     422                      ; branch occurs ; [] |22| 
     423 000000b2       $C$L12:    
     424 000000b2 FE84          SUBB      SP,#4                 ; [CPU_U] 
     425                      .dwcfi  cfa_offset, -2
     426              $C$DW$43        .dwtag  DW_TAG_TI_branch
     427                      .dwattr $C$DW$43, DW_AT_low_pc(0x00)
     428                      .dwattr $C$DW$43, DW_AT_TI_return
     429 000000b3 0006          LRETR     ; [CPU_] 
     430                      ; return occurs ; [] 
     431                      .dwattr $C$DW$30, DW_AT_TI_end_file("../Aqua/AquaState.c")
     432                      .dwattr $C$DW$30, DW_AT_TI_end_line(0x45)
     433                      .dwattr $C$DW$30, DW_AT_TI_end_column(0x01)
     434                      .dwendentry
     435                      .dwendtag $C$DW$30
     436              
TMS320C2000 Assembler PC v6.2.7 Thu Jul 02 08:31:36 2015

Tools Copyright (c) 1996-2014 Texas Instruments Incorporated
C:\Users\Tester\AppData\Local\Temp\0506010                           PAGE   10

     437 000000b4               .sect   ".text"
     438                      .clink
     439                      .global _getAquaFmax
     440              
     441              $C$DW$44        .dwtag  DW_TAG_subprogram, DW_AT_name("getAquaFmax")
     442                      .dwattr $C$DW$44, DW_AT_low_pc(_getAquaFmax)
     443                      .dwattr $C$DW$44, DW_AT_high_pc(0x00)
     444                      .dwattr $C$DW$44, DW_AT_TI_symbol_name("_getAquaFmax")
     445                      .dwattr $C$DW$44, DW_AT_external
     446                      .dwattr $C$DW$44, DW_AT_type(*$C$DW$T$16)
     447                      .dwattr $C$DW$44, DW_AT_TI_begin_file("../Aqua/AquaState.c")
     448                      .dwattr $C$DW$44, DW_AT_TI_begin_line(0x47)
     449                      .dwattr $C$DW$44, DW_AT_TI_begin_column(0x07)
     450                      .dwattr $C$DW$44, DW_AT_TI_max_frame_size(-2)
     451                      .dwpsn  file "../Aqua/AquaState.c",line 71,column 24,is_stmt,address _getAquaFmax
     452              
     453                      .dwfde $C$DW$CIE, _getAquaFmax
     454              
     455              ;***************************************************************
     456              ;* FNAME: _getAquaFmax                  FR SIZE:   0           *
     457              ;*                                                             *
     458              ;* FUNCTION ENVIRONMENT                                        *
     459              ;*                                                             *
     460              ;* FUNCTION PROPERTIES                                         *
     461              ;*                            0 Parameter,  0 Auto,  0 SOE     *
     462              ;***************************************************************
     463              
     464 000000b4       _getAquaFmax:
     465                      .dwcfi  cfa_offset, -2
     466                      .dwcfi  save_reg_to_mem, 26, 0
     467                      .dwcfi  save_reg_to_reg, 78, 26
     468                      .dwpsn  file "../Aqua/AquaState.c",line 72,column 2,is_stmt
     469 000000b4 761F-         MOVW      DP,#_AquaFmax         ; [CPU_U] 
         000000b5 0000 
     470 000000b6 E2AF-         MOV32     R0H,@_AquaFmax        ; [CPU_] |72| 
         000000b7 000A 
     471                      .dwpsn  file "../Aqua/AquaState.c",line 73,column 1,is_stmt
     472              $C$DW$45        .dwtag  DW_TAG_TI_branch
     473                      .dwattr $C$DW$45, DW_AT_low_pc(0x00)
     474                      .dwattr $C$DW$45, DW_AT_TI_return
     475 000000b8 0006          LRETR     ; [CPU_] 
     476                      ; return occurs ; [] 
     477                      .dwattr $C$DW$44, DW_AT_TI_end_file("../Aqua/AquaState.c")
     478                      .dwattr $C$DW$44, DW_AT_TI_end_line(0x49)
     479                      .dwattr $C$DW$44, DW_AT_TI_end_column(0x01)
     480                      .dwendentry
     481                      .dwendtag $C$DW$44
     482              
     483 000000b9               .sect   ".text"
     484                      .clink
     485                      .global _getAquaFmin
     486              
     487              $C$DW$46        .dwtag  DW_TAG_subprogram, DW_AT_name("getAquaFmin")
     488                      .dwattr $C$DW$46, DW_AT_low_pc(_getAquaFmin)
     489                      .dwattr $C$DW$46, DW_AT_high_pc(0x00)
TMS320C2000 Assembler PC v6.2.7 Thu Jul 02 08:31:36 2015

Tools Copyright (c) 1996-2014 Texas Instruments Incorporated
C:\Users\Tester\AppData\Local\Temp\0506010                           PAGE   11

     490                      .dwattr $C$DW$46, DW_AT_TI_symbol_name("_getAquaFmin")
     491                      .dwattr $C$DW$46, DW_AT_external
     492                      .dwattr $C$DW$46, DW_AT_type(*$C$DW$T$16)
     493                      .dwattr $C$DW$46, DW_AT_TI_begin_file("../Aqua/AquaState.c")
     494                      .dwattr $C$DW$46, DW_AT_TI_begin_line(0x4b)
     495                      .dwattr $C$DW$46, DW_AT_TI_begin_column(0x07)
     496                      .dwattr $C$DW$46, DW_AT_TI_max_frame_size(-2)
     497                      .dwpsn  file "../Aqua/AquaState.c",line 75,column 24,is_stmt,address _getAquaFmin
     498              
     499                      .dwfde $C$DW$CIE, _getAquaFmin
     500              
     501              ;***************************************************************
     502              ;* FNAME: _getAquaFmin                  FR SIZE:   0           *
     503              ;*                                                             *
     504              ;* FUNCTION ENVIRONMENT                                        *
     505              ;*                                                             *
     506              ;* FUNCTION PROPERTIES                                         *
     507              ;*                            0 Parameter,  0 Auto,  0 SOE     *
     508              ;***************************************************************
     509              
     510 000000b9       _getAquaFmin:
     511                      .dwcfi  cfa_offset, -2
     512                      .dwcfi  save_reg_to_mem, 26, 0
     513                      .dwcfi  save_reg_to_reg, 78, 26
     514                      .dwpsn  file "../Aqua/AquaState.c",line 76,column 2,is_stmt
     515 000000b9 761F-         MOVW      DP,#_AquaFmin         ; [CPU_U] 
         000000ba 0000 
     516 000000bb E2AF-         MOV32     R0H,@_AquaFmin        ; [CPU_] |76| 
         000000bc 0004 
     517                      .dwpsn  file "../Aqua/AquaState.c",line 77,column 1,is_stmt
     518              $C$DW$47        .dwtag  DW_TAG_TI_branch
     519                      .dwattr $C$DW$47, DW_AT_low_pc(0x00)
     520                      .dwattr $C$DW$47, DW_AT_TI_return
     521 000000bd 0006          LRETR     ; [CPU_] 
     522                      ; return occurs ; [] 
     523                      .dwattr $C$DW$46, DW_AT_TI_end_file("../Aqua/AquaState.c")
     524                      .dwattr $C$DW$46, DW_AT_TI_end_line(0x4d)
     525                      .dwattr $C$DW$46, DW_AT_TI_end_column(0x01)
     526                      .dwendentry
     527                      .dwendtag $C$DW$46
     528              
     529 000000be               .sect   ".text"
     530                      .clink
     531                      .global _initAqua
     532              
     533              $C$DW$48        .dwtag  DW_TAG_subprogram, DW_AT_name("initAqua")
     534                      .dwattr $C$DW$48, DW_AT_low_pc(_initAqua)
     535                      .dwattr $C$DW$48, DW_AT_high_pc(0x00)
     536                      .dwattr $C$DW$48, DW_AT_TI_symbol_name("_initAqua")
     537                      .dwattr $C$DW$48, DW_AT_external
     538                      .dwattr $C$DW$48, DW_AT_TI_begin_file("../Aqua/AquaState.c")
     539                      .dwattr $C$DW$48, DW_AT_TI_begin_line(0x4f)
     540                      .dwattr $C$DW$48, DW_AT_TI_begin_column(0x06)
     541                      .dwattr $C$DW$48, DW_AT_TI_max_frame_size(-2)
     542                      .dwpsn  file "../Aqua/AquaState.c",line 79,column 20,is_stmt,address _initAqua
TMS320C2000 Assembler PC v6.2.7 Thu Jul 02 08:31:36 2015

Tools Copyright (c) 1996-2014 Texas Instruments Incorporated
C:\Users\Tester\AppData\Local\Temp\0506010                           PAGE   12

     543              
     544                      .dwfde $C$DW$CIE, _initAqua
     545              
     546              ;***************************************************************
     547              ;* FNAME: _initAqua                     FR SIZE:   0           *
     548              ;*                                                             *
     549              ;* FUNCTION ENVIRONMENT                                        *
     550              ;*                                                             *
     551              ;* FUNCTION PROPERTIES                                         *
     552              ;*                            0 Parameter,  0 Auto,  0 SOE     *
     553              ;***************************************************************
     554              
     555 000000be       _initAqua:
     556                      .dwcfi  cfa_offset, -2
     557                      .dwcfi  save_reg_to_mem, 26, 0
     558                      .dwcfi  save_reg_to_reg, 78, 26
     559                      .dwpsn  file "../Aqua/AquaState.c",line 80,column 2,is_stmt
     560 000000be 761F-         MOVW      DP,#_stateWater       ; [CPU_U] 
         000000bf 0000 
     561 000000c0 2B01-         MOV       @_stateWater,#0       ; [CPU_] |80| 
     562                      .dwpsn  file "../Aqua/AquaState.c",line 81,column 1,is_stmt
     563              $C$DW$49        .dwtag  DW_TAG_TI_branch
     564                      .dwattr $C$DW$49, DW_AT_low_pc(0x00)
     565                      .dwattr $C$DW$49, DW_AT_TI_return
     566 000000c1 0006          LRETR     ; [CPU_] 
     567                      ; return occurs ; [] 
     568                      .dwattr $C$DW$48, DW_AT_TI_end_file("../Aqua/AquaState.c")
     569                      .dwattr $C$DW$48, DW_AT_TI_end_line(0x51)
     570                      .dwattr $C$DW$48, DW_AT_TI_end_column(0x01)
     571                      .dwendentry
     572                      .dwendtag $C$DW$48
     573              
     574              ;**************************************************************
     575              ;* UNDEFINED EXTERNAL REFERENCES                              *
     576              ;**************************************************************
     577                      .global _setFtaskOs
     578                      .global _fixWaterPmin
     579                      .global _startWaterState
     580                      .global _fixErrorWater
     581                      .global _cntrlSlowStop
     582                      .global _getRegister
     583                      .global _testStatusConvertor
     584                      .global _runWaterPcntrl
     585              
     586              ;***************************************************************
     587              ;* TYPE INFORMATION                                            *
     588              ;***************************************************************
     589              $C$DW$T$4       .dwtag  DW_TAG_base_type
     590                      .dwattr $C$DW$T$4, DW_AT_encoding(DW_ATE_boolean)
     591                      .dwattr $C$DW$T$4, DW_AT_name("bool")
     592                      .dwattr $C$DW$T$4, DW_AT_byte_size(0x01)
     593              $C$DW$T$5       .dwtag  DW_TAG_base_type
     594                      .dwattr $C$DW$T$5, DW_AT_encoding(DW_ATE_signed_char)
     595                      .dwattr $C$DW$T$5, DW_AT_name("signed char")
     596                      .dwattr $C$DW$T$5, DW_AT_byte_size(0x01)
TMS320C2000 Assembler PC v6.2.7 Thu Jul 02 08:31:36 2015

Tools Copyright (c) 1996-2014 Texas Instruments Incorporated
C:\Users\Tester\AppData\Local\Temp\0506010                           PAGE   13

     597              $C$DW$T$6       .dwtag  DW_TAG_base_type
     598                      .dwattr $C$DW$T$6, DW_AT_encoding(DW_ATE_unsigned_char)
     599                      .dwattr $C$DW$T$6, DW_AT_name("unsigned char")
     600                      .dwattr $C$DW$T$6, DW_AT_byte_size(0x01)
     601              $C$DW$T$7       .dwtag  DW_TAG_base_type
     602                      .dwattr $C$DW$T$7, DW_AT_encoding(DW_ATE_signed_char)
     603                      .dwattr $C$DW$T$7, DW_AT_name("wchar_t")
     604                      .dwattr $C$DW$T$7, DW_AT_byte_size(0x01)
     605              $C$DW$T$8       .dwtag  DW_TAG_base_type
     606                      .dwattr $C$DW$T$8, DW_AT_encoding(DW_ATE_signed)
     607                      .dwattr $C$DW$T$8, DW_AT_name("short")
     608                      .dwattr $C$DW$T$8, DW_AT_byte_size(0x01)
     609              $C$DW$T$9       .dwtag  DW_TAG_base_type
     610                      .dwattr $C$DW$T$9, DW_AT_encoding(DW_ATE_unsigned)
     611                      .dwattr $C$DW$T$9, DW_AT_name("unsigned short")
     612                      .dwattr $C$DW$T$9, DW_AT_byte_size(0x01)
     613              $C$DW$T$10      .dwtag  DW_TAG_base_type
     614                      .dwattr $C$DW$T$10, DW_AT_encoding(DW_ATE_signed)
     615                      .dwattr $C$DW$T$10, DW_AT_name("int")
     616                      .dwattr $C$DW$T$10, DW_AT_byte_size(0x01)
     617              $C$DW$T$22      .dwtag  DW_TAG_pointer_type
     618                      .dwattr $C$DW$T$22, DW_AT_type(*$C$DW$T$10)
     619                      .dwattr $C$DW$T$22, DW_AT_address_class(0x16)
     620              $C$DW$T$11      .dwtag  DW_TAG_base_type
     621                      .dwattr $C$DW$T$11, DW_AT_encoding(DW_ATE_unsigned)
     622                      .dwattr $C$DW$T$11, DW_AT_name("unsigned int")
     623                      .dwattr $C$DW$T$11, DW_AT_byte_size(0x01)
     624              $C$DW$T$26      .dwtag  DW_TAG_typedef, DW_AT_name("UINT16")
     625                      .dwattr $C$DW$T$26, DW_AT_type(*$C$DW$T$11)
     626                      .dwattr $C$DW$T$26, DW_AT_language(DW_LANG_C)
     627              $C$DW$T$27      .dwtag  DW_TAG_pointer_type
     628                      .dwattr $C$DW$T$27, DW_AT_type(*$C$DW$T$26)
     629                      .dwattr $C$DW$T$27, DW_AT_address_class(0x16)
     630              $C$DW$T$37      .dwtag  DW_TAG_typedef, DW_AT_name("UINT8")
     631                      .dwattr $C$DW$T$37, DW_AT_type(*$C$DW$T$11)
     632                      .dwattr $C$DW$T$37, DW_AT_language(DW_LANG_C)
     633              $C$DW$T$12      .dwtag  DW_TAG_base_type
     634                      .dwattr $C$DW$T$12, DW_AT_encoding(DW_ATE_signed)
     635                      .dwattr $C$DW$T$12, DW_AT_name("long")
     636                      .dwattr $C$DW$T$12, DW_AT_byte_size(0x02)
     637              $C$DW$T$13      .dwtag  DW_TAG_base_type
     638                      .dwattr $C$DW$T$13, DW_AT_encoding(DW_ATE_unsigned)
     639                      .dwattr $C$DW$T$13, DW_AT_name("unsigned long")
     640                      .dwattr $C$DW$T$13, DW_AT_byte_size(0x02)
     641              $C$DW$T$14      .dwtag  DW_TAG_base_type
     642                      .dwattr $C$DW$T$14, DW_AT_encoding(DW_ATE_signed)
     643                      .dwattr $C$DW$T$14, DW_AT_name("long long")
     644                      .dwattr $C$DW$T$14, DW_AT_byte_size(0x04)
     645              $C$DW$T$15      .dwtag  DW_TAG_base_type
     646                      .dwattr $C$DW$T$15, DW_AT_encoding(DW_ATE_unsigned)
     647                      .dwattr $C$DW$T$15, DW_AT_name("unsigned long long")
     648                      .dwattr $C$DW$T$15, DW_AT_byte_size(0x04)
     649              $C$DW$T$16      .dwtag  DW_TAG_base_type
     650                      .dwattr $C$DW$T$16, DW_AT_encoding(DW_ATE_float)
     651                      .dwattr $C$DW$T$16, DW_AT_name("float")
TMS320C2000 Assembler PC v6.2.7 Thu Jul 02 08:31:36 2015

Tools Copyright (c) 1996-2014 Texas Instruments Incorporated
C:\Users\Tester\AppData\Local\Temp\0506010                           PAGE   14

     652                      .dwattr $C$DW$T$16, DW_AT_byte_size(0x02)
     653              $C$DW$T$28      .dwtag  DW_TAG_pointer_type
     654                      .dwattr $C$DW$T$28, DW_AT_type(*$C$DW$T$16)
     655                      .dwattr $C$DW$T$28, DW_AT_address_class(0x16)
     656              $C$DW$T$17      .dwtag  DW_TAG_base_type
     657                      .dwattr $C$DW$T$17, DW_AT_encoding(DW_ATE_float)
     658                      .dwattr $C$DW$T$17, DW_AT_name("double")
     659                      .dwattr $C$DW$T$17, DW_AT_byte_size(0x02)
     660              $C$DW$T$18      .dwtag  DW_TAG_base_type
     661                      .dwattr $C$DW$T$18, DW_AT_encoding(DW_ATE_float)
     662                      .dwattr $C$DW$T$18, DW_AT_name("long double")
     663                      .dwattr $C$DW$T$18, DW_AT_byte_size(0x04)
     664                      .dwattr $C$DW$CU, DW_AT_language(DW_LANG_C)
     665              
     666              ;***************************************************************
     667              ;* DWARF CIE ENTRIES                                           *
     668              ;***************************************************************
     669              
     670              $C$DW$CIE       .dwcie 78
     671                      .dwcfi  cfa_register, 20
     672                      .dwcfi  cfa_offset, 0
     673                      .dwcfi  undefined, 0
     674                      .dwcfi  undefined, 1
     675                      .dwcfi  undefined, 2
     676                      .dwcfi  undefined, 3
     677                      .dwcfi  undefined, 20
     678                      .dwcfi  undefined, 21
     679                      .dwcfi  undefined, 22
     680                      .dwcfi  undefined, 23
     681                      .dwcfi  undefined, 24
     682                      .dwcfi  undefined, 25
     683                      .dwcfi  undefined, 26
     684                      .dwcfi  same_value, 28
     685                      .dwcfi  undefined, 29
     686                      .dwcfi  undefined, 30
     687                      .dwcfi  undefined, 31
     688                      .dwcfi  undefined, 32
     689                      .dwcfi  undefined, 33
     690                      .dwcfi  undefined, 34
     691                      .dwcfi  undefined, 35
     692                      .dwcfi  undefined, 36
     693                      .dwcfi  undefined, 37
     694                      .dwcfi  undefined, 38
     695                      .dwcfi  undefined, 75
     696                      .dwcfi  undefined, 76
     697                      .dwcfi  undefined, 77
     698                      .dwcfi  undefined, 4
     699                      .dwcfi  same_value, 6
     700                      .dwcfi  same_value, 8
     701                      .dwcfi  same_value, 10
     702                      .dwcfi  undefined, 12
     703                      .dwcfi  undefined, 14
     704                      .dwcfi  undefined, 16
     705                      .dwcfi  undefined, 17
     706                      .dwcfi  undefined, 18
TMS320C2000 Assembler PC v6.2.7 Thu Jul 02 08:31:36 2015

Tools Copyright (c) 1996-2014 Texas Instruments Incorporated
C:\Users\Tester\AppData\Local\Temp\0506010                           PAGE   15

     707                      .dwcfi  undefined, 19
     708                      .dwcfi  undefined, 5
     709                      .dwcfi  same_value, 7
     710                      .dwcfi  same_value, 9
     711                      .dwcfi  same_value, 11
     712                      .dwcfi  undefined, 13
     713                      .dwcfi  undefined, 15
     714                      .dwcfi  undefined, 43
     715                      .dwcfi  undefined, 44
     716                      .dwcfi  undefined, 47
     717                      .dwcfi  undefined, 48
     718                      .dwcfi  undefined, 51
     719                      .dwcfi  undefined, 52
     720                      .dwcfi  undefined, 55
     721                      .dwcfi  undefined, 56
     722                      .dwcfi  same_value, 59
     723                      .dwcfi  same_value, 60
     724                      .dwcfi  same_value, 63
     725                      .dwcfi  same_value, 64
     726                      .dwcfi  same_value, 67
     727                      .dwcfi  same_value, 68
     728                      .dwcfi  same_value, 71
     729                      .dwcfi  same_value, 72
     730                      .dwcfi  undefined, 73
     731                      .dwcfi  undefined, 74
     732                      .dwcfi  undefined, 39
     733                      .dwcfi  undefined, 40
     734                      .dwcfi  undefined, 27
     735                      .dwcfi  undefined, 78
     736                      .dwendentry
     737              
     738              ;***************************************************************
     739              ;* DWARF REGISTER MAP                                          *
     740              ;***************************************************************
     741              
     742              $C$DW$50        .dwtag  DW_TAG_TI_assign_register, DW_AT_name("AL")
     743                      .dwattr $C$DW$50, DW_AT_location[DW_OP_reg0]
     744              $C$DW$51        .dwtag  DW_TAG_TI_assign_register, DW_AT_name("AH")
     745                      .dwattr $C$DW$51, DW_AT_location[DW_OP_reg1]
     746              $C$DW$52        .dwtag  DW_TAG_TI_assign_register, DW_AT_name("PL")
     747                      .dwattr $C$DW$52, DW_AT_location[DW_OP_reg2]
     748              $C$DW$53        .dwtag  DW_TAG_TI_assign_register, DW_AT_name("PH")
     749                      .dwattr $C$DW$53, DW_AT_location[DW_OP_reg3]
     750              $C$DW$54        .dwtag  DW_TAG_TI_assign_register, DW_AT_name("SP")
     751                      .dwattr $C$DW$54, DW_AT_location[DW_OP_reg20]
     752              $C$DW$55        .dwtag  DW_TAG_TI_assign_register, DW_AT_name("XT")
     753                      .dwattr $C$DW$55, DW_AT_location[DW_OP_reg21]
     754              $C$DW$56        .dwtag  DW_TAG_TI_assign_register, DW_AT_name("T")
     755                      .dwattr $C$DW$56, DW_AT_location[DW_OP_reg22]
     756              $C$DW$57        .dwtag  DW_TAG_TI_assign_register, DW_AT_name("ST0")
     757                      .dwattr $C$DW$57, DW_AT_location[DW_OP_reg23]
     758              $C$DW$58        .dwtag  DW_TAG_TI_assign_register, DW_AT_name("ST1")
     759                      .dwattr $C$DW$58, DW_AT_location[DW_OP_reg24]
     760              $C$DW$59        .dwtag  DW_TAG_TI_assign_register, DW_AT_name("PC")
     761                      .dwattr $C$DW$59, DW_AT_location[DW_OP_reg25]
TMS320C2000 Assembler PC v6.2.7 Thu Jul 02 08:31:36 2015

Tools Copyright (c) 1996-2014 Texas Instruments Incorporated
C:\Users\Tester\AppData\Local\Temp\0506010                           PAGE   16

     762              $C$DW$60        .dwtag  DW_TAG_TI_assign_register, DW_AT_name("RPC")
     763                      .dwattr $C$DW$60, DW_AT_location[DW_OP_reg26]
     764              $C$DW$61        .dwtag  DW_TAG_TI_assign_register, DW_AT_name("FP")
     765                      .dwattr $C$DW$61, DW_AT_location[DW_OP_reg28]
     766              $C$DW$62        .dwtag  DW_TAG_TI_assign_register, DW_AT_name("DP")
     767                      .dwattr $C$DW$62, DW_AT_location[DW_OP_reg29]
     768              $C$DW$63        .dwtag  DW_TAG_TI_assign_register, DW_AT_name("SXM")
     769                      .dwattr $C$DW$63, DW_AT_location[DW_OP_reg30]
     770              $C$DW$64        .dwtag  DW_TAG_TI_assign_register, DW_AT_name("PM")
     771                      .dwattr $C$DW$64, DW_AT_location[DW_OP_reg31]
     772              $C$DW$65        .dwtag  DW_TAG_TI_assign_register, DW_AT_name("OVM")
     773                      .dwattr $C$DW$65, DW_AT_location[DW_OP_regx 0x20]
     774              $C$DW$66        .dwtag  DW_TAG_TI_assign_register, DW_AT_name("PAGE0")
     775                      .dwattr $C$DW$66, DW_AT_location[DW_OP_regx 0x21]
     776              $C$DW$67        .dwtag  DW_TAG_TI_assign_register, DW_AT_name("AMODE")
     777                      .dwattr $C$DW$67, DW_AT_location[DW_OP_regx 0x22]
     778              $C$DW$68        .dwtag  DW_TAG_TI_assign_register, DW_AT_name("INTM")
     779                      .dwattr $C$DW$68, DW_AT_location[DW_OP_regx 0x23]
     780              $C$DW$69        .dwtag  DW_TAG_TI_assign_register, DW_AT_name("IFR")
     781                      .dwattr $C$DW$69, DW_AT_location[DW_OP_regx 0x24]
     782              $C$DW$70        .dwtag  DW_TAG_TI_assign_register, DW_AT_name("IER")
     783                      .dwattr $C$DW$70, DW_AT_location[DW_OP_regx 0x25]
     784              $C$DW$71        .dwtag  DW_TAG_TI_assign_register, DW_AT_name("V")
     785                      .dwattr $C$DW$71, DW_AT_location[DW_OP_regx 0x26]
     786              $C$DW$72        .dwtag  DW_TAG_TI_assign_register, DW_AT_name("PSEUDOH")
     787                      .dwattr $C$DW$72, DW_AT_location[DW_OP_regx 0x4c]
     788              $C$DW$73        .dwtag  DW_TAG_TI_assign_register, DW_AT_name("VOL")
     789                      .dwattr $C$DW$73, DW_AT_location[DW_OP_regx 0x4d]
     790              $C$DW$74        .dwtag  DW_TAG_TI_assign_register, DW_AT_name("AR0")
     791                      .dwattr $C$DW$74, DW_AT_location[DW_OP_reg4]
     792              $C$DW$75        .dwtag  DW_TAG_TI_assign_register, DW_AT_name("AR1")
     793                      .dwattr $C$DW$75, DW_AT_location[DW_OP_reg6]
     794              $C$DW$76        .dwtag  DW_TAG_TI_assign_register, DW_AT_name("AR2")
     795                      .dwattr $C$DW$76, DW_AT_location[DW_OP_reg8]
     796              $C$DW$77        .dwtag  DW_TAG_TI_assign_register, DW_AT_name("AR3")
     797                      .dwattr $C$DW$77, DW_AT_location[DW_OP_reg10]
     798              $C$DW$78        .dwtag  DW_TAG_TI_assign_register, DW_AT_name("AR4")
     799                      .dwattr $C$DW$78, DW_AT_location[DW_OP_reg12]
     800              $C$DW$79        .dwtag  DW_TAG_TI_assign_register, DW_AT_name("AR5")
     801                      .dwattr $C$DW$79, DW_AT_location[DW_OP_reg14]
     802              $C$DW$80        .dwtag  DW_TAG_TI_assign_register, DW_AT_name("AR6")
     803                      .dwattr $C$DW$80, DW_AT_location[DW_OP_reg16]
     804              $C$DW$81        .dwtag  DW_TAG_TI_assign_register, DW_AT_name("XAR6")
     805                      .dwattr $C$DW$81, DW_AT_location[DW_OP_reg17]
     806              $C$DW$82        .dwtag  DW_TAG_TI_assign_register, DW_AT_name("AR7")
     807                      .dwattr $C$DW$82, DW_AT_location[DW_OP_reg18]
     808              $C$DW$83        .dwtag  DW_TAG_TI_assign_register, DW_AT_name("XAR7")
     809                      .dwattr $C$DW$83, DW_AT_location[DW_OP_reg19]
     810              $C$DW$84        .dwtag  DW_TAG_TI_assign_register, DW_AT_name("XAR0")
     811                      .dwattr $C$DW$84, DW_AT_location[DW_OP_reg5]
     812              $C$DW$85        .dwtag  DW_TAG_TI_assign_register, DW_AT_name("XAR1")
     813                      .dwattr $C$DW$85, DW_AT_location[DW_OP_reg7]
     814              $C$DW$86        .dwtag  DW_TAG_TI_assign_register, DW_AT_name("XAR2")
     815                      .dwattr $C$DW$86, DW_AT_location[DW_OP_reg9]
     816              $C$DW$87        .dwtag  DW_TAG_TI_assign_register, DW_AT_name("XAR3")
TMS320C2000 Assembler PC v6.2.7 Thu Jul 02 08:31:36 2015

Tools Copyright (c) 1996-2014 Texas Instruments Incorporated
C:\Users\Tester\AppData\Local\Temp\0506010                           PAGE   17

     817                      .dwattr $C$DW$87, DW_AT_location[DW_OP_reg11]
     818              $C$DW$88        .dwtag  DW_TAG_TI_assign_register, DW_AT_name("XAR4")
     819                      .dwattr $C$DW$88, DW_AT_location[DW_OP_reg13]
     820              $C$DW$89        .dwtag  DW_TAG_TI_assign_register, DW_AT_name("XAR5")
     821                      .dwattr $C$DW$89, DW_AT_location[DW_OP_reg15]
     822              $C$DW$90        .dwtag  DW_TAG_TI_assign_register, DW_AT_name("R0HL")
     823                      .dwattr $C$DW$90, DW_AT_location[DW_OP_regx 0x2b]
     824              $C$DW$91        .dwtag  DW_TAG_TI_assign_register, DW_AT_name("R0H")
     825                      .dwattr $C$DW$91, DW_AT_location[DW_OP_regx 0x2c]
     826              $C$DW$92        .dwtag  DW_TAG_TI_assign_register, DW_AT_name("R1HL")
     827                      .dwattr $C$DW$92, DW_AT_location[DW_OP_regx 0x2f]
     828              $C$DW$93        .dwtag  DW_TAG_TI_assign_register, DW_AT_name("R1H")
     829                      .dwattr $C$DW$93, DW_AT_location[DW_OP_regx 0x30]
     830              $C$DW$94        .dwtag  DW_TAG_TI_assign_register, DW_AT_name("R2HL")
     831                      .dwattr $C$DW$94, DW_AT_location[DW_OP_regx 0x33]
     832              $C$DW$95        .dwtag  DW_TAG_TI_assign_register, DW_AT_name("R2H")
     833                      .dwattr $C$DW$95, DW_AT_location[DW_OP_regx 0x34]
     834              $C$DW$96        .dwtag  DW_TAG_TI_assign_register, DW_AT_name("R3HL")
     835                      .dwattr $C$DW$96, DW_AT_location[DW_OP_regx 0x37]
     836              $C$DW$97        .dwtag  DW_TAG_TI_assign_register, DW_AT_name("R3H")
     837                      .dwattr $C$DW$97, DW_AT_location[DW_OP_regx 0x38]
     838              $C$DW$98        .dwtag  DW_TAG_TI_assign_register, DW_AT_name("R4HL")
     839                      .dwattr $C$DW$98, DW_AT_location[DW_OP_regx 0x3b]
     840              $C$DW$99        .dwtag  DW_TAG_TI_assign_register, DW_AT_name("R4H")
     841                      .dwattr $C$DW$99, DW_AT_location[DW_OP_regx 0x3c]
     842              $C$DW$100       .dwtag  DW_TAG_TI_assign_register, DW_AT_name("R5HL")
     843                      .dwattr $C$DW$100, DW_AT_location[DW_OP_regx 0x3f]
     844              $C$DW$101       .dwtag  DW_TAG_TI_assign_register, DW_AT_name("R5H")
     845                      .dwattr $C$DW$101, DW_AT_location[DW_OP_regx 0x40]
     846              $C$DW$102       .dwtag  DW_TAG_TI_assign_register, DW_AT_name("R6HL")
     847                      .dwattr $C$DW$102, DW_AT_location[DW_OP_regx 0x43]
     848              $C$DW$103       .dwtag  DW_TAG_TI_assign_register, DW_AT_name("R6H")
     849                      .dwattr $C$DW$103, DW_AT_location[DW_OP_regx 0x44]
     850              $C$DW$104       .dwtag  DW_TAG_TI_assign_register, DW_AT_name("R7HL")
     851                      .dwattr $C$DW$104, DW_AT_location[DW_OP_regx 0x47]
     852              $C$DW$105       .dwtag  DW_TAG_TI_assign_register, DW_AT_name("R7H")
     853                      .dwattr $C$DW$105, DW_AT_location[DW_OP_regx 0x48]
     854              $C$DW$106       .dwtag  DW_TAG_TI_assign_register, DW_AT_name("RBL")
     855                      .dwattr $C$DW$106, DW_AT_location[DW_OP_regx 0x49]
     856              $C$DW$107       .dwtag  DW_TAG_TI_assign_register, DW_AT_name("RB")
     857                      .dwattr $C$DW$107, DW_AT_location[DW_OP_regx 0x4a]
     858              $C$DW$108       .dwtag  DW_TAG_TI_assign_register, DW_AT_name("STFL")
     859                      .dwattr $C$DW$108, DW_AT_location[DW_OP_regx 0x27]
     860              $C$DW$109       .dwtag  DW_TAG_TI_assign_register, DW_AT_name("STF")
     861                      .dwattr $C$DW$109, DW_AT_location[DW_OP_regx 0x28]
     862              $C$DW$110       .dwtag  DW_TAG_TI_assign_register, DW_AT_name("FPUHAZ")
     863                      .dwattr $C$DW$110, DW_AT_location[DW_OP_reg27]
     864              $C$DW$111       .dwtag  DW_TAG_TI_assign_register, DW_AT_name("CIE_RETA")
     865                      .dwattr $C$DW$111, DW_AT_location[DW_OP_regx 0x4e]
     866                      .dwendtag $C$DW$CU
     867              

No Assembly Errors, No Assembly Warnings
