TMS320C2000 Assembler PC v6.2.7 Thu Jul 02 08:31:37 2015

Tools Copyright (c) 1996-2014 Texas Instruments Incorporated
C:\Users\Tester\AppData\Local\Temp\0559210                           PAGE    1

       1              ;***************************************************************
       2              ;* TMS320C2000 C/C++ Codegen                         PC v6.2.7 *
       3              ;* Date/Time created: Thu Jul 02 08:31:37 2015                 *
       4              ;***************************************************************
       5                      .compiler_opts --diag_wrap=off --float_support=fpu32 --hll_source=on --mem_model:code=flat --mem_mode
       6        0002  FP      .set    XAR2
       7              
       8              $C$DW$CU        .dwtag  DW_TAG_compile_unit
       9                      .dwattr $C$DW$CU, DW_AT_name("../Aqua/AquaStop.c")
      10                      .dwattr $C$DW$CU, DW_AT_producer("TMS320C2000 C/C++ Codegen PC v6.2.7 Copyright (c) 1996-2014 Texas I
      11                      .dwattr $C$DW$CU, DW_AT_TI_version(0x01)
      12                      .dwattr $C$DW$CU, DW_AT_comp_dir("D:\ActiveProject\EKT5\PKMT_NONBIOS\InvertorCntrl\ISPprg")
      13              
      14              $C$DW$1 .dwtag  DW_TAG_subprogram, DW_AT_name("getRegister")
      15                      .dwattr $C$DW$1, DW_AT_TI_symbol_name("_getRegister")
      16                      .dwattr $C$DW$1, DW_AT_type(*$C$DW$T$10)
      17                      .dwattr $C$DW$1, DW_AT_declaration
      18                      .dwattr $C$DW$1, DW_AT_external
      19              $C$DW$2 .dwtag  DW_TAG_formal_parameter
      20                      .dwattr $C$DW$2, DW_AT_type(*$C$DW$T$5)
      21                      .dwendtag $C$DW$1
      22              
      23              
      24              $C$DW$3 .dwtag  DW_TAG_subprogram, DW_AT_name("getStatusOs")
      25                      .dwattr $C$DW$3, DW_AT_TI_symbol_name("_getStatusOs")
      26                      .dwattr $C$DW$3, DW_AT_type(*$C$DW$T$23)
      27                      .dwattr $C$DW$3, DW_AT_declaration
      28                      .dwattr $C$DW$3, DW_AT_external
      29              
      30              $C$DW$4 .dwtag  DW_TAG_subprogram, DW_AT_name("getInvertorFreq")
      31                      .dwattr $C$DW$4, DW_AT_TI_symbol_name("_getInvertorFreq")
      32                      .dwattr $C$DW$4, DW_AT_type(*$C$DW$T$16)
      33                      .dwattr $C$DW$4, DW_AT_declaration
      34                      .dwattr $C$DW$4, DW_AT_external
      35              
      36              $C$DW$5 .dwtag  DW_TAG_subprogram, DW_AT_name("getAquaFmin")
      37                      .dwattr $C$DW$5, DW_AT_TI_symbol_name("_getAquaFmin")
      38                      .dwattr $C$DW$5, DW_AT_type(*$C$DW$T$16)
      39                      .dwattr $C$DW$5, DW_AT_declaration
      40                      .dwattr $C$DW$5, DW_AT_external
      41              ;       C:\ti\ccsv6\tools\compiler\c2000_6.2.7\bin\ac2000.exe -@C:\\Users\\Tester\\AppData\\Local\\Temp\\0559
      42 00000000               .sect   ".text"
      43                      .clink
      44                      .global _cntrlSlowStop
      45              
      46              $C$DW$6 .dwtag  DW_TAG_subprogram, DW_AT_name("cntrlSlowStop")
      47                      .dwattr $C$DW$6, DW_AT_low_pc(_cntrlSlowStop)
      48                      .dwattr $C$DW$6, DW_AT_high_pc(0x00)
      49                      .dwattr $C$DW$6, DW_AT_TI_symbol_name("_cntrlSlowStop")
      50                      .dwattr $C$DW$6, DW_AT_external
      51                      .dwattr $C$DW$6, DW_AT_type(*$C$DW$T$23)
      52                      .dwattr $C$DW$6, DW_AT_TI_begin_file("../Aqua/AquaStop.c")
      53                      .dwattr $C$DW$6, DW_AT_TI_begin_line(0x09)
      54                      .dwattr $C$DW$6, DW_AT_TI_begin_column(0x08)
      55                      .dwattr $C$DW$6, DW_AT_TI_max_frame_size(-12)
TMS320C2000 Assembler PC v6.2.7 Thu Jul 02 08:31:37 2015

Tools Copyright (c) 1996-2014 Texas Instruments Incorporated
C:\Users\Tester\AppData\Local\Temp\0559210                           PAGE    2

      56                      .dwpsn  file "../Aqua/AquaStop.c",line 9,column 67,is_stmt,address _cntrlSlowStop
      57              
      58                      .dwfde $C$DW$CIE, _cntrlSlowStop
      59              $C$DW$7 .dwtag  DW_TAG_formal_parameter, DW_AT_name("frequency")
      60                      .dwattr $C$DW$7, DW_AT_TI_symbol_name("_frequency")
      61                      .dwattr $C$DW$7, DW_AT_type(*$C$DW$T$27)
      62                      .dwattr $C$DW$7, DW_AT_location[DW_OP_reg12]
      63              $C$DW$8 .dwtag  DW_TAG_formal_parameter, DW_AT_name("tDecel")
      64                      .dwattr $C$DW$8, DW_AT_TI_symbol_name("_tDecel")
      65                      .dwattr $C$DW$8, DW_AT_type(*$C$DW$T$22)
      66                      .dwattr $C$DW$8, DW_AT_location[DW_OP_reg14]
      67              $C$DW$9 .dwtag  DW_TAG_formal_parameter, DW_AT_name("state")
      68                      .dwattr $C$DW$9, DW_AT_TI_symbol_name("_state")
      69                      .dwattr $C$DW$9, DW_AT_type(*$C$DW$T$26)
      70                      .dwattr $C$DW$9, DW_AT_location[DW_OP_breg20 -14]
      71              
      72              ;***************************************************************
      73              ;* FNAME: _cntrlSlowStop                FR SIZE:  10           *
      74              ;*                                                             *
      75              ;* FUNCTION ENVIRONMENT                                        *
      76              ;*                                                             *
      77              ;* FUNCTION PROPERTIES                                         *
      78              ;*                            2 Parameter,  7 Auto,  0 SOE     *
      79              ;***************************************************************
      80              
      81 00000000       _cntrlSlowStop:
      82                      .dwcfi  cfa_offset, -2
      83                      .dwcfi  save_reg_to_mem, 26, 0
      84                      .dwcfi  save_reg_to_reg, 78, 26
      85 00000000 FE0A          ADDB      SP,#10                ; [CPU_U] 
      86                      .dwcfi  cfa_offset, -12
      87              $C$DW$10        .dwtag  DW_TAG_variable, DW_AT_name("frequency")
      88                      .dwattr $C$DW$10, DW_AT_TI_symbol_name("_frequency")
      89                      .dwattr $C$DW$10, DW_AT_type(*$C$DW$T$27)
      90                      .dwattr $C$DW$10, DW_AT_location[DW_OP_breg20 -4]
      91              $C$DW$11        .dwtag  DW_TAG_variable, DW_AT_name("tDecel")
      92                      .dwattr $C$DW$11, DW_AT_TI_symbol_name("_tDecel")
      93                      .dwattr $C$DW$11, DW_AT_type(*$C$DW$T$22)
      94                      .dwattr $C$DW$11, DW_AT_location[DW_OP_breg20 -6]
      95              $C$DW$12        .dwtag  DW_TAG_variable, DW_AT_name("f")
      96                      .dwattr $C$DW$12, DW_AT_TI_symbol_name("_f")
      97                      .dwattr $C$DW$12, DW_AT_type(*$C$DW$T$16)
      98                      .dwattr $C$DW$12, DW_AT_location[DW_OP_breg20 -8]
      99              $C$DW$13        .dwtag  DW_TAG_variable, DW_AT_name("time")
     100                      .dwattr $C$DW$13, DW_AT_TI_symbol_name("_time")
     101                      .dwattr $C$DW$13, DW_AT_type(*$C$DW$T$10)
     102                      .dwattr $C$DW$13, DW_AT_location[DW_OP_breg20 -9]
     103 00000001 A046          MOVL      *-SP[6],XAR5          ; [CPU_] |9| 
     104 00000002 A844          MOVL      *-SP[4],XAR4          ; [CPU_] |9| 
     105                      .dwpsn  file "../Aqua/AquaStop.c",line 13,column 5,is_stmt
     106 00000003 FFEF          B         $C$L11,UNC            ; [CPU_] |13| 
         00000004 0091 
     107                      ; branch occurs ; [] |13| 
     108 00000005       $C$L1:    
     109                      .dwpsn  file "../Aqua/AquaStop.c",line 16,column 13,is_stmt
TMS320C2000 Assembler PC v6.2.7 Thu Jul 02 08:31:37 2015

Tools Copyright (c) 1996-2014 Texas Instruments Incorporated
C:\Users\Tester\AppData\Local\Temp\0559210                           PAGE    3

     110 00000005 9A76          MOVB      AL,#118               ; [CPU_] |16| 
     111              $C$DW$14        .dwtag  DW_TAG_TI_branch
     112                      .dwattr $C$DW$14, DW_AT_low_pc(0x00)
     113                      .dwattr $C$DW$14, DW_AT_name("_getRegister")
     114                      .dwattr $C$DW$14, DW_AT_TI_call
     115 00000006 7640!         LCR       #_getRegister         ; [CPU_] |16| 
         00000007 0000 
     116                      ; call occurs [#_getRegister] ; [] |16| 
     117 00000008 9649          MOV       *-SP[9],AL            ; [CPU_] |16| 
     118                      .dwpsn  file "../Aqua/AquaStop.c",line 17,column 13,is_stmt
     119 00000009 9B05          MOVB      AH,#5                 ; [CPU_] |17| 
     120              $C$DW$15        .dwtag  DW_TAG_TI_branch
     121                      .dwattr $C$DW$15, DW_AT_low_pc(0x00)
     122                      .dwattr $C$DW$15, DW_AT_name("I$$DIV")
     123                      .dwattr $C$DW$15, DW_AT_TI_call
     124 0000000a 00C0!         FFC       XAR7,#I$$DIV          ; [CPU_] |17| 
         0000000b 0000 
     125                      ; call occurs [#I$$DIV] ; [] |17| 
     126 0000000c 9649          MOV       *-SP[9],AL            ; [CPU_] |17| 
     127                      .dwpsn  file "../Aqua/AquaStop.c",line 18,column 13,is_stmt
     128 0000000d 8A46          MOVL      XAR4,*-SP[6]          ; [CPU_] |18| 
     129 0000000e 96C4          MOV       *+XAR4[0],AL          ; [CPU_] |18| 
     130                      .dwpsn  file "../Aqua/AquaStop.c",line 19,column 13,is_stmt
     131 0000000f 9A77          MOVB      AL,#119               ; [CPU_] |19| 
     132              $C$DW$16        .dwtag  DW_TAG_TI_branch
     133                      .dwattr $C$DW$16, DW_AT_low_pc(0x00)
     134                      .dwattr $C$DW$16, DW_AT_name("_getRegister")
     135                      .dwattr $C$DW$16, DW_AT_TI_call
     136 00000010 7640!         LCR       #_getRegister         ; [CPU_] |19| 
         00000011 0000 
     137                      ; call occurs [#_getRegister] ; [] |19| 
     138 00000012 3B01          SETC      SXM                   ; [CPU_] 
     139 00000013 85A9          MOV       ACC,AL                ; [CPU_] |19| 
     140 00000014 BDA9          MOV32     R0H,ACC               ; [CPU_] |19| 
         00000015 0F12 
     141 00000016 7700          NOP       ; [CPU_] 
     142 00000017 7700          NOP       ; [CPU_] 
     143 00000018 7700          NOP       ; [CPU_] 
     144 00000019 7700          NOP       ; [CPU_] 
     145 0000001a E689          I32TOF32  R0H,R0H               ; [CPU_] |19| 
         0000001b 0000 
     146 0000001c 7700          NOP       ; [CPU_] 
     147 0000001d E203          MOV32     *-SP[8],R0H           ; [CPU_] |19| 
         0000001e 0048 
     148                      .dwpsn  file "../Aqua/AquaStop.c",line 20,column 13,is_stmt
     149 0000001f E801          MOVIZ     R0H,#15820            ; [CPU_] |20| 
         00000020 EE60 
     150 00000021 E2AF          MOV32     R1H,*-SP[8]           ; [CPU_] |20| 
         00000022 0148 
     151 00000023 E80E          MOVXI     R0H,#52429            ; [CPU_] |20| 
         00000024 6668 
     152 00000025 E700          MPYF32    R0H,R0H,R1H           ; [CPU_] |20| 
         00000026 0040 
     153 00000027 7700          NOP       ; [CPU_] 
     154 00000028 E203          MOV32     *-SP[8],R0H           ; [CPU_] |20| 
TMS320C2000 Assembler PC v6.2.7 Thu Jul 02 08:31:37 2015

Tools Copyright (c) 1996-2014 Texas Instruments Incorporated
C:\Users\Tester\AppData\Local\Temp\0559210                           PAGE    4

         00000029 0048 
     155                      .dwpsn  file "../Aqua/AquaStop.c",line 21,column 13,is_stmt
     156              $C$DW$17        .dwtag  DW_TAG_TI_branch
     157                      .dwattr $C$DW$17, DW_AT_low_pc(0x00)
     158                      .dwattr $C$DW$17, DW_AT_name("_getAquaFmin")
     159                      .dwattr $C$DW$17, DW_AT_TI_call
     160 0000002a 7640!         LCR       #_getAquaFmin         ; [CPU_] |21| 
         0000002b 0000 
     161                      ; call occurs [#_getAquaFmin] ; [] |21| 
     162 0000002c E2AF          MOV32     R1H,*-SP[8]           ; [CPU_] |21| 
         0000002d 0148 
     163 0000002e E710          ADDF32    R0H,R0H,R1H           ; [CPU_] |21| 
         0000002f 0040 
     164 00000030 8A44          MOVL      XAR4,*-SP[4]          ; [CPU_] |21| 
     165 00000031 E203          MOV32     *+XAR4[0],R0H         ; [CPU_] |21| 
         00000032 00C4 
     166                      .dwpsn  file "../Aqua/AquaStop.c",line 22,column 13,is_stmt
     167 00000033 8A4E          MOVL      XAR4,*-SP[14]         ; [CPU_] |22| 
     168 00000034 56BF          MOVB      *+XAR4[0],#20,UNC     ; [CPU_] |22| 
         00000035 14C4 
     169                      .dwpsn  file "../Aqua/AquaStop.c",line 23,column 13,is_stmt
     170 00000036 9A06          MOVB      AL,#6                 ; [CPU_] |23| 
     171 00000037 6F72          B         $C$L13,UNC            ; [CPU_] |23| 
     172                      ; branch occurs ; [] |23| 
     173 00000038       $C$L2:    
     174                      .dwpsn  file "../Aqua/AquaStop.c",line 26,column 13,is_stmt
     175              $C$DW$18        .dwtag  DW_TAG_TI_branch
     176                      .dwattr $C$DW$18, DW_AT_low_pc(0x00)
     177                      .dwattr $C$DW$18, DW_AT_name("_getInvertorFreq")
     178                      .dwattr $C$DW$18, DW_AT_TI_call
     179 00000038 7640!         LCR       #_getInvertorFreq     ; [CPU_] |26| 
         00000039 0000 
     180                      ; call occurs [#_getInvertorFreq] ; [] |26| 
     181 0000003a E203          MOV32     *-SP[8],R0H           ; [CPU_] |26| 
         0000003b 0048 
     182                      .dwpsn  file "../Aqua/AquaStop.c",line 27,column 13,is_stmt
     183 0000003c 8A44          MOVL      XAR4,*-SP[4]          ; [CPU_] |27| 
     184 0000003d E2AF          MOV32     R1H,*-SP[8]           ; [CPU_] |27| 
         0000003e 0148 
     185 0000003f E2AF          MOV32     R0H,*+XAR4[0]         ; [CPU_] |27| 
         00000040 00C4 
     186 00000041 E694          CMPF32    R1H,R0H               ; [CPU_] |27| 
         00000042 0001 
     187 00000043 AD14          MOVST0    ZF, NF                ; [CPU_] |27| 
     188 00000044 6204          B         $C$L3,GT              ; [CPU_] |27| 
     189                      ; branchcc occurs ; [] |27| 
     190                      .dwpsn  file "../Aqua/AquaStop.c",line 28,column 17,is_stmt
     191 00000045 8A4E          MOVL      XAR4,*-SP[14]         ; [CPU_] |28| 
     192 00000046 56BF          MOVB      *+XAR4[0],#21,UNC     ; [CPU_] |28| 
         00000047 15C4 
     193 00000048       $C$L3:    
     194                      .dwpsn  file "../Aqua/AquaStop.c",line 30,column 13,is_stmt
     195 00000048 9A06          MOVB      AL,#6                 ; [CPU_] |30| 
     196 00000049 6F60          B         $C$L13,UNC            ; [CPU_] |30| 
     197                      ; branch occurs ; [] |30| 
TMS320C2000 Assembler PC v6.2.7 Thu Jul 02 08:31:37 2015

Tools Copyright (c) 1996-2014 Texas Instruments Incorporated
C:\Users\Tester\AppData\Local\Temp\0559210                           PAGE    5

     198 0000004a       $C$L4:    
     199                      .dwpsn  file "../Aqua/AquaStop.c",line 33,column 13,is_stmt
     200 0000004a 9A74          MOVB      AL,#116               ; [CPU_] |33| 
     201              $C$DW$19        .dwtag  DW_TAG_TI_branch
     202                      .dwattr $C$DW$19, DW_AT_low_pc(0x00)
     203                      .dwattr $C$DW$19, DW_AT_name("_getRegister")
     204                      .dwattr $C$DW$19, DW_AT_TI_call
     205 0000004b 7640!         LCR       #_getRegister         ; [CPU_] |33| 
         0000004c 0000 
     206                      ; call occurs [#_getRegister] ; [] |33| 
     207 0000004d 9649          MOV       *-SP[9],AL            ; [CPU_] |33| 
     208                      .dwpsn  file "../Aqua/AquaStop.c",line 34,column 13,is_stmt
     209 0000004e 9B05          MOVB      AH,#5                 ; [CPU_] |34| 
     210              $C$DW$20        .dwtag  DW_TAG_TI_branch
     211                      .dwattr $C$DW$20, DW_AT_low_pc(0x00)
     212                      .dwattr $C$DW$20, DW_AT_name("I$$DIV")
     213                      .dwattr $C$DW$20, DW_AT_TI_call
     214 0000004f 00C0!         FFC       XAR7,#I$$DIV          ; [CPU_] |34| 
         00000050 0000 
     215                      ; call occurs [#I$$DIV] ; [] |34| 
     216 00000051 9649          MOV       *-SP[9],AL            ; [CPU_] |34| 
     217                      .dwpsn  file "../Aqua/AquaStop.c",line 35,column 13,is_stmt
     218 00000052 8A46          MOVL      XAR4,*-SP[6]          ; [CPU_] |35| 
     219 00000053 96C4          MOV       *+XAR4[0],AL          ; [CPU_] |35| 
     220                      .dwpsn  file "../Aqua/AquaStop.c",line 36,column 13,is_stmt
     221              $C$DW$21        .dwtag  DW_TAG_TI_branch
     222                      .dwattr $C$DW$21, DW_AT_low_pc(0x00)
     223                      .dwattr $C$DW$21, DW_AT_name("_getAquaFmin")
     224                      .dwattr $C$DW$21, DW_AT_TI_call
     225 00000054 7640!         LCR       #_getAquaFmin         ; [CPU_] |36| 
         00000055 0000 
     226                      ; call occurs [#_getAquaFmin] ; [] |36| 
     227 00000056 8A44          MOVL      XAR4,*-SP[4]          ; [CPU_] |36| 
     228 00000057 E203          MOV32     *+XAR4[0],R0H         ; [CPU_] |36| 
         00000058 00C4 
     229                      .dwpsn  file "../Aqua/AquaStop.c",line 37,column 13,is_stmt
     230 00000059 8A4E          MOVL      XAR4,*-SP[14]         ; [CPU_] |37| 
     231 0000005a 56BF          MOVB      *+XAR4[0],#19,UNC     ; [CPU_] |37| 
         0000005b 13C4 
     232                      .dwpsn  file "../Aqua/AquaStop.c",line 38,column 13,is_stmt
     233 0000005c 9A06          MOVB      AL,#6                 ; [CPU_] |38| 
     234 0000005d 6F4C          B         $C$L13,UNC            ; [CPU_] |38| 
     235                      ; branch occurs ; [] |38| 
     236 0000005e       $C$L5:    
     237                      .dwpsn  file "../Aqua/AquaStop.c",line 41,column 13,is_stmt
     238              $C$DW$22        .dwtag  DW_TAG_TI_branch
     239                      .dwattr $C$DW$22, DW_AT_low_pc(0x00)
     240                      .dwattr $C$DW$22, DW_AT_name("_getInvertorFreq")
     241                      .dwattr $C$DW$22, DW_AT_TI_call
     242 0000005e 7640!         LCR       #_getInvertorFreq     ; [CPU_] |41| 
         0000005f 0000 
     243                      ; call occurs [#_getInvertorFreq] ; [] |41| 
     244 00000060 E203          MOV32     *-SP[8],R0H           ; [CPU_] |41| 
         00000061 0048 
     245                      .dwpsn  file "../Aqua/AquaStop.c",line 42,column 13,is_stmt
TMS320C2000 Assembler PC v6.2.7 Thu Jul 02 08:31:37 2015

Tools Copyright (c) 1996-2014 Texas Instruments Incorporated
C:\Users\Tester\AppData\Local\Temp\0559210                           PAGE    6

     246 00000062 8A44          MOVL      XAR4,*-SP[4]          ; [CPU_] |42| 
     247 00000063 E2AF          MOV32     R1H,*-SP[8]           ; [CPU_] |42| 
         00000064 0148 
     248 00000065 E2AF          MOV32     R0H,*+XAR4[0]         ; [CPU_] |42| 
         00000066 00C4 
     249 00000067 E694          CMPF32    R1H,R0H               ; [CPU_] |42| 
         00000068 0001 
     250 00000069 AD14          MOVST0    ZF, NF                ; [CPU_] |42| 
     251 0000006a 6204          B         $C$L6,GT              ; [CPU_] |42| 
     252                      ; branchcc occurs ; [] |42| 
     253                      .dwpsn  file "../Aqua/AquaStop.c",line 43,column 17,is_stmt
     254 0000006b 8A4E          MOVL      XAR4,*-SP[14]         ; [CPU_] |43| 
     255 0000006c 56BF          MOVB      *+XAR4[0],#15,UNC     ; [CPU_] |43| 
         0000006d 0FC4 
     256 0000006e       $C$L6:    
     257                      .dwpsn  file "../Aqua/AquaStop.c",line 45,column 13,is_stmt
     258 0000006e 9A06          MOVB      AL,#6                 ; [CPU_] |45| 
     259 0000006f 6F3A          B         $C$L13,UNC            ; [CPU_] |45| 
     260                      ; branch occurs ; [] |45| 
     261 00000070       $C$L7:    
     262                      .dwpsn  file "../Aqua/AquaStop.c",line 48,column 13,is_stmt
     263 00000070 9A75          MOVB      AL,#117               ; [CPU_] |48| 
     264              $C$DW$23        .dwtag  DW_TAG_TI_branch
     265                      .dwattr $C$DW$23, DW_AT_low_pc(0x00)
     266                      .dwattr $C$DW$23, DW_AT_name("_getRegister")
     267                      .dwattr $C$DW$23, DW_AT_TI_call
     268 00000071 7640!         LCR       #_getRegister         ; [CPU_] |48| 
         00000072 0000 
     269                      ; call occurs [#_getRegister] ; [] |48| 
     270 00000073 9649          MOV       *-SP[9],AL            ; [CPU_] |48| 
     271                      .dwpsn  file "../Aqua/AquaStop.c",line 49,column 13,is_stmt
     272 00000074 9B05          MOVB      AH,#5                 ; [CPU_] |49| 
     273              $C$DW$24        .dwtag  DW_TAG_TI_branch
     274                      .dwattr $C$DW$24, DW_AT_low_pc(0x00)
     275                      .dwattr $C$DW$24, DW_AT_name("I$$DIV")
     276                      .dwattr $C$DW$24, DW_AT_TI_call
     277 00000075 00C0!         FFC       XAR7,#I$$DIV          ; [CPU_] |49| 
         00000076 0000 
     278                      ; call occurs [#I$$DIV] ; [] |49| 
     279 00000077 9649          MOV       *-SP[9],AL            ; [CPU_] |49| 
     280                      .dwpsn  file "../Aqua/AquaStop.c",line 50,column 13,is_stmt
     281 00000078 8A46          MOVL      XAR4,*-SP[6]          ; [CPU_] |50| 
     282 00000079 96C4          MOV       *+XAR4[0],AL          ; [CPU_] |50| 
     283                      .dwpsn  file "../Aqua/AquaStop.c",line 51,column 13,is_stmt
     284 0000007a 8A44          MOVL      XAR4,*-SP[4]          ; [CPU_] |51| 
     285 0000007b E590          ZERO      R0H                   ; [CPU_] |51| 
     286 0000007c E203          MOV32     *+XAR4[0],R0H         ; [CPU_] |51| 
         0000007d 00C4 
     287                      .dwpsn  file "../Aqua/AquaStop.c",line 52,column 13,is_stmt
     288 0000007e 8A4E          MOVL      XAR4,*-SP[14]         ; [CPU_] |52| 
     289 0000007f 56BF          MOVB      *+XAR4[0],#19,UNC     ; [CPU_] |52| 
         00000080 13C4 
     290                      .dwpsn  file "../Aqua/AquaStop.c",line 53,column 13,is_stmt
     291 00000081 9A06          MOVB      AL,#6                 ; [CPU_] |53| 
     292 00000082 6F27          B         $C$L13,UNC            ; [CPU_] |53| 
TMS320C2000 Assembler PC v6.2.7 Thu Jul 02 08:31:37 2015

Tools Copyright (c) 1996-2014 Texas Instruments Incorporated
C:\Users\Tester\AppData\Local\Temp\0559210                           PAGE    7

     293                      ; branch occurs ; [] |53| 
     294 00000083       $C$L8:    
     295                      .dwpsn  file "../Aqua/AquaStop.c",line 56,column 13,is_stmt
     296              $C$DW$25        .dwtag  DW_TAG_TI_branch
     297                      .dwattr $C$DW$25, DW_AT_low_pc(0x00)
     298                      .dwattr $C$DW$25, DW_AT_name("_getInvertorFreq")
     299                      .dwattr $C$DW$25, DW_AT_TI_call
     300 00000083 7640!         LCR       #_getInvertorFreq     ; [CPU_] |56| 
         00000084 0000 
     301                      ; call occurs [#_getInvertorFreq] ; [] |56| 
     302 00000085 E203          MOV32     *-SP[8],R0H           ; [CPU_] |56| 
         00000086 0048 
     303                      .dwpsn  file "../Aqua/AquaStop.c",line 57,column 13,is_stmt
     304 00000087 E5A0          CMPF32    R0H,#0                ; [CPU_] |57| 
     305 00000088 AD14          MOVST0    ZF, NF                ; [CPU_] |57| 
     306 00000089 6209          B         $C$L10,GT             ; [CPU_] |57| 
     307                      ; branchcc occurs ; [] |57| 
     308                      .dwpsn  file "../Aqua/AquaStop.c",line 58,column 17,is_stmt
     309              $C$DW$26        .dwtag  DW_TAG_TI_branch
     310                      .dwattr $C$DW$26, DW_AT_low_pc(0x00)
     311                      .dwattr $C$DW$26, DW_AT_name("_getStatusOs")
     312                      .dwattr $C$DW$26, DW_AT_TI_call
     313 0000008a 7640!         LCR       #_getStatusOs         ; [CPU_] |58| 
         0000008b 0000 
     314                      ; call occurs [#_getStatusOs] ; [] |58| 
     315 0000008c 48A9          TBIT      AL,#8                 ; [CPU_] |58| 
     316 0000008d EF03          BF        $C$L9,NTC             ; [CPU_] |58| 
     317                      ; branchcc occurs ; [] |58| 
     318                      .dwpsn  file "../Aqua/AquaStop.c",line 59,column 21,is_stmt
     319 0000008e 9A07          MOVB      AL,#7                 ; [CPU_] |59| 
     320 0000008f 6F1A          B         $C$L13,UNC            ; [CPU_] |59| 
     321                      ; branch occurs ; [] |59| 
     322 00000090       $C$L9:    
     323                      .dwpsn  file "../Aqua/AquaStop.c",line 61,column 21,is_stmt
     324 00000090 9A02          MOVB      AL,#2                 ; [CPU_] |61| 
     325 00000091 6F18          B         $C$L13,UNC            ; [CPU_] |61| 
     326                      ; branch occurs ; [] |61| 
     327 00000092       $C$L10:    
     328                      .dwpsn  file "../Aqua/AquaStop.c",line 63,column 13,is_stmt
     329 00000092 9A06          MOVB      AL,#6                 ; [CPU_] |63| 
     330 00000093 6F16          B         $C$L13,UNC            ; [CPU_] |63| 
     331                      ; branch occurs ; [] |63| 
     332 00000094       $C$L11:    
     333                      .dwpsn  file "../Aqua/AquaStop.c",line 13,column 5,is_stmt
     334 00000094 8A4E          MOVL      XAR4,*-SP[14]         ; [CPU_] |13| 
     335 00000095 92C4          MOV       AL,*+XAR4[0]          ; [CPU_] |13| 
     336 00000096 5212          CMPB      AL,#18                ; [CPU_] |13| 
     337 00000097 620C          B         $C$L12,GT             ; [CPU_] |13| 
     338                      ; branchcc occurs ; [] |13| 
     339 00000098 5212          CMPB      AL,#18                ; [CPU_] |13| 
     340 00000099 ECEA          BF        $C$L8,EQ              ; [CPU_] |13| 
     341                      ; branchcc occurs ; [] |13| 
     342 0000009a 520F          CMPB      AL,#15                ; [CPU_] |13| 
     343 0000009b ECD5          BF        $C$L7,EQ              ; [CPU_] |13| 
     344                      ; branchcc occurs ; [] |13| 
TMS320C2000 Assembler PC v6.2.7 Thu Jul 02 08:31:37 2015

Tools Copyright (c) 1996-2014 Texas Instruments Incorporated
C:\Users\Tester\AppData\Local\Temp\0559210                           PAGE    8

     345 0000009c 5210          CMPB      AL,#16                ; [CPU_] |13| 
     346 0000009d 56C1          BF        $C$L1,EQ              ; [CPU_] |13| 
         0000009e FF68 
     347                      ; branchcc occurs ; [] |13| 
     348 0000009f 5211          CMPB      AL,#17                ; [CPU_] |13| 
     349 000000a0 ECBE          BF        $C$L5,EQ              ; [CPU_] |13| 
     350                      ; branchcc occurs ; [] |13| 
     351 000000a1 FFEF          B         $C$L1,UNC             ; [CPU_] |13| 
         000000a2 FF64 
     352                      ; branch occurs ; [] |13| 
     353 000000a3       $C$L12:    
     354 000000a3 5214          CMPB      AL,#20                ; [CPU_] |13| 
     355 000000a4 EC94          BF        $C$L2,EQ              ; [CPU_] |13| 
     356                      ; branchcc occurs ; [] |13| 
     357 000000a5 5215          CMPB      AL,#21                ; [CPU_] |13| 
     358 000000a6 ECA4          BF        $C$L4,EQ              ; [CPU_] |13| 
     359                      ; branchcc occurs ; [] |13| 
     360 000000a7 FFEF          B         $C$L1,UNC             ; [CPU_] |13| 
         000000a8 FF5E 
     361                      ; branch occurs ; [] |13| 
     362 000000a9       $C$L13:    
     363                      .dwpsn  file "../Aqua/AquaStop.c",line 66,column 1,is_stmt
     364 000000a9 FE8A          SUBB      SP,#10                ; [CPU_U] 
     365                      .dwcfi  cfa_offset, -2
     366              $C$DW$27        .dwtag  DW_TAG_TI_branch
     367                      .dwattr $C$DW$27, DW_AT_low_pc(0x00)
     368                      .dwattr $C$DW$27, DW_AT_TI_return
     369 000000aa 0006          LRETR     ; [CPU_] 
     370                      ; return occurs ; [] 
     371                      .dwattr $C$DW$6, DW_AT_TI_end_file("../Aqua/AquaStop.c")
     372                      .dwattr $C$DW$6, DW_AT_TI_end_line(0x42)
     373                      .dwattr $C$DW$6, DW_AT_TI_end_column(0x01)
     374                      .dwendentry
     375                      .dwendtag $C$DW$6
     376              
     377              ;**************************************************************
     378              ;* UNDEFINED EXTERNAL REFERENCES                              *
     379              ;**************************************************************
     380                      .global _getRegister
     381                      .global _getStatusOs
     382                      .global _getInvertorFreq
     383                      .global _getAquaFmin
     384                      .global I$$DIV
     385              
     386              ;***************************************************************
     387              ;* TYPE INFORMATION                                            *
     388              ;***************************************************************
     389              $C$DW$T$4       .dwtag  DW_TAG_base_type
     390                      .dwattr $C$DW$T$4, DW_AT_encoding(DW_ATE_boolean)
     391                      .dwattr $C$DW$T$4, DW_AT_name("bool")
     392                      .dwattr $C$DW$T$4, DW_AT_byte_size(0x01)
     393              $C$DW$T$5       .dwtag  DW_TAG_base_type
     394                      .dwattr $C$DW$T$5, DW_AT_encoding(DW_ATE_signed_char)
     395                      .dwattr $C$DW$T$5, DW_AT_name("signed char")
     396                      .dwattr $C$DW$T$5, DW_AT_byte_size(0x01)
TMS320C2000 Assembler PC v6.2.7 Thu Jul 02 08:31:37 2015

Tools Copyright (c) 1996-2014 Texas Instruments Incorporated
C:\Users\Tester\AppData\Local\Temp\0559210                           PAGE    9

     397              $C$DW$T$6       .dwtag  DW_TAG_base_type
     398                      .dwattr $C$DW$T$6, DW_AT_encoding(DW_ATE_unsigned_char)
     399                      .dwattr $C$DW$T$6, DW_AT_name("unsigned char")
     400                      .dwattr $C$DW$T$6, DW_AT_byte_size(0x01)
     401              $C$DW$T$7       .dwtag  DW_TAG_base_type
     402                      .dwattr $C$DW$T$7, DW_AT_encoding(DW_ATE_signed_char)
     403                      .dwattr $C$DW$T$7, DW_AT_name("wchar_t")
     404                      .dwattr $C$DW$T$7, DW_AT_byte_size(0x01)
     405              $C$DW$T$8       .dwtag  DW_TAG_base_type
     406                      .dwattr $C$DW$T$8, DW_AT_encoding(DW_ATE_signed)
     407                      .dwattr $C$DW$T$8, DW_AT_name("short")
     408                      .dwattr $C$DW$T$8, DW_AT_byte_size(0x01)
     409              $C$DW$T$9       .dwtag  DW_TAG_base_type
     410                      .dwattr $C$DW$T$9, DW_AT_encoding(DW_ATE_unsigned)
     411                      .dwattr $C$DW$T$9, DW_AT_name("unsigned short")
     412                      .dwattr $C$DW$T$9, DW_AT_byte_size(0x01)
     413              $C$DW$T$10      .dwtag  DW_TAG_base_type
     414                      .dwattr $C$DW$T$10, DW_AT_encoding(DW_ATE_signed)
     415                      .dwattr $C$DW$T$10, DW_AT_name("int")
     416                      .dwattr $C$DW$T$10, DW_AT_byte_size(0x01)
     417              $C$DW$T$22      .dwtag  DW_TAG_pointer_type
     418                      .dwattr $C$DW$T$22, DW_AT_type(*$C$DW$T$10)
     419                      .dwattr $C$DW$T$22, DW_AT_address_class(0x16)
     420              $C$DW$T$11      .dwtag  DW_TAG_base_type
     421                      .dwattr $C$DW$T$11, DW_AT_encoding(DW_ATE_unsigned)
     422                      .dwattr $C$DW$T$11, DW_AT_name("unsigned int")
     423                      .dwattr $C$DW$T$11, DW_AT_byte_size(0x01)
     424              $C$DW$T$23      .dwtag  DW_TAG_typedef, DW_AT_name("UINT16")
     425                      .dwattr $C$DW$T$23, DW_AT_type(*$C$DW$T$11)
     426                      .dwattr $C$DW$T$23, DW_AT_language(DW_LANG_C)
     427              $C$DW$T$26      .dwtag  DW_TAG_pointer_type
     428                      .dwattr $C$DW$T$26, DW_AT_type(*$C$DW$T$23)
     429                      .dwattr $C$DW$T$26, DW_AT_address_class(0x16)
     430              $C$DW$T$12      .dwtag  DW_TAG_base_type
     431                      .dwattr $C$DW$T$12, DW_AT_encoding(DW_ATE_signed)
     432                      .dwattr $C$DW$T$12, DW_AT_name("long")
     433                      .dwattr $C$DW$T$12, DW_AT_byte_size(0x02)
     434              $C$DW$T$13      .dwtag  DW_TAG_base_type
     435                      .dwattr $C$DW$T$13, DW_AT_encoding(DW_ATE_unsigned)
     436                      .dwattr $C$DW$T$13, DW_AT_name("unsigned long")
     437                      .dwattr $C$DW$T$13, DW_AT_byte_size(0x02)
     438              $C$DW$T$14      .dwtag  DW_TAG_base_type
     439                      .dwattr $C$DW$T$14, DW_AT_encoding(DW_ATE_signed)
     440                      .dwattr $C$DW$T$14, DW_AT_name("long long")
     441                      .dwattr $C$DW$T$14, DW_AT_byte_size(0x04)
     442              $C$DW$T$15      .dwtag  DW_TAG_base_type
     443                      .dwattr $C$DW$T$15, DW_AT_encoding(DW_ATE_unsigned)
     444                      .dwattr $C$DW$T$15, DW_AT_name("unsigned long long")
     445                      .dwattr $C$DW$T$15, DW_AT_byte_size(0x04)
     446              $C$DW$T$16      .dwtag  DW_TAG_base_type
     447                      .dwattr $C$DW$T$16, DW_AT_encoding(DW_ATE_float)
     448                      .dwattr $C$DW$T$16, DW_AT_name("float")
     449                      .dwattr $C$DW$T$16, DW_AT_byte_size(0x02)
     450              $C$DW$T$27      .dwtag  DW_TAG_pointer_type
     451                      .dwattr $C$DW$T$27, DW_AT_type(*$C$DW$T$16)
TMS320C2000 Assembler PC v6.2.7 Thu Jul 02 08:31:37 2015

Tools Copyright (c) 1996-2014 Texas Instruments Incorporated
C:\Users\Tester\AppData\Local\Temp\0559210                           PAGE   10

     452                      .dwattr $C$DW$T$27, DW_AT_address_class(0x16)
     453              $C$DW$T$17      .dwtag  DW_TAG_base_type
     454                      .dwattr $C$DW$T$17, DW_AT_encoding(DW_ATE_float)
     455                      .dwattr $C$DW$T$17, DW_AT_name("double")
     456                      .dwattr $C$DW$T$17, DW_AT_byte_size(0x02)
     457              $C$DW$T$18      .dwtag  DW_TAG_base_type
     458                      .dwattr $C$DW$T$18, DW_AT_encoding(DW_ATE_float)
     459                      .dwattr $C$DW$T$18, DW_AT_name("long double")
     460                      .dwattr $C$DW$T$18, DW_AT_byte_size(0x04)
     461                      .dwattr $C$DW$CU, DW_AT_language(DW_LANG_C)
     462              
     463              ;***************************************************************
     464              ;* DWARF CIE ENTRIES                                           *
     465              ;***************************************************************
     466              
     467              $C$DW$CIE       .dwcie 78
     468                      .dwcfi  cfa_register, 20
     469                      .dwcfi  cfa_offset, 0
     470                      .dwcfi  undefined, 0
     471                      .dwcfi  undefined, 1
     472                      .dwcfi  undefined, 2
     473                      .dwcfi  undefined, 3
     474                      .dwcfi  undefined, 20
     475                      .dwcfi  undefined, 21
     476                      .dwcfi  undefined, 22
     477                      .dwcfi  undefined, 23
     478                      .dwcfi  undefined, 24
     479                      .dwcfi  undefined, 25
     480                      .dwcfi  undefined, 26
     481                      .dwcfi  same_value, 28
     482                      .dwcfi  undefined, 29
     483                      .dwcfi  undefined, 30
     484                      .dwcfi  undefined, 31
     485                      .dwcfi  undefined, 32
     486                      .dwcfi  undefined, 33
     487                      .dwcfi  undefined, 34
     488                      .dwcfi  undefined, 35
     489                      .dwcfi  undefined, 36
     490                      .dwcfi  undefined, 37
     491                      .dwcfi  undefined, 38
     492                      .dwcfi  undefined, 75
     493                      .dwcfi  undefined, 76
     494                      .dwcfi  undefined, 77
     495                      .dwcfi  undefined, 4
     496                      .dwcfi  same_value, 6
     497                      .dwcfi  same_value, 8
     498                      .dwcfi  same_value, 10
     499                      .dwcfi  undefined, 12
     500                      .dwcfi  undefined, 14
     501                      .dwcfi  undefined, 16
     502                      .dwcfi  undefined, 17
     503                      .dwcfi  undefined, 18
     504                      .dwcfi  undefined, 19
     505                      .dwcfi  undefined, 5
     506                      .dwcfi  same_value, 7
TMS320C2000 Assembler PC v6.2.7 Thu Jul 02 08:31:37 2015

Tools Copyright (c) 1996-2014 Texas Instruments Incorporated
C:\Users\Tester\AppData\Local\Temp\0559210                           PAGE   11

     507                      .dwcfi  same_value, 9
     508                      .dwcfi  same_value, 11
     509                      .dwcfi  undefined, 13
     510                      .dwcfi  undefined, 15
     511                      .dwcfi  undefined, 43
     512                      .dwcfi  undefined, 44
     513                      .dwcfi  undefined, 47
     514                      .dwcfi  undefined, 48
     515                      .dwcfi  undefined, 51
     516                      .dwcfi  undefined, 52
     517                      .dwcfi  undefined, 55
     518                      .dwcfi  undefined, 56
     519                      .dwcfi  same_value, 59
     520                      .dwcfi  same_value, 60
     521                      .dwcfi  same_value, 63
     522                      .dwcfi  same_value, 64
     523                      .dwcfi  same_value, 67
     524                      .dwcfi  same_value, 68
     525                      .dwcfi  same_value, 71
     526                      .dwcfi  same_value, 72
     527                      .dwcfi  undefined, 73
     528                      .dwcfi  undefined, 74
     529                      .dwcfi  undefined, 39
     530                      .dwcfi  undefined, 40
     531                      .dwcfi  undefined, 27
     532                      .dwcfi  undefined, 78
     533                      .dwendentry
     534              
     535              ;***************************************************************
     536              ;* DWARF REGISTER MAP                                          *
     537              ;***************************************************************
     538              
     539              $C$DW$28        .dwtag  DW_TAG_TI_assign_register, DW_AT_name("AL")
     540                      .dwattr $C$DW$28, DW_AT_location[DW_OP_reg0]
     541              $C$DW$29        .dwtag  DW_TAG_TI_assign_register, DW_AT_name("AH")
     542                      .dwattr $C$DW$29, DW_AT_location[DW_OP_reg1]
     543              $C$DW$30        .dwtag  DW_TAG_TI_assign_register, DW_AT_name("PL")
     544                      .dwattr $C$DW$30, DW_AT_location[DW_OP_reg2]
     545              $C$DW$31        .dwtag  DW_TAG_TI_assign_register, DW_AT_name("PH")
     546                      .dwattr $C$DW$31, DW_AT_location[DW_OP_reg3]
     547              $C$DW$32        .dwtag  DW_TAG_TI_assign_register, DW_AT_name("SP")
     548                      .dwattr $C$DW$32, DW_AT_location[DW_OP_reg20]
     549              $C$DW$33        .dwtag  DW_TAG_TI_assign_register, DW_AT_name("XT")
     550                      .dwattr $C$DW$33, DW_AT_location[DW_OP_reg21]
     551              $C$DW$34        .dwtag  DW_TAG_TI_assign_register, DW_AT_name("T")
     552                      .dwattr $C$DW$34, DW_AT_location[DW_OP_reg22]
     553              $C$DW$35        .dwtag  DW_TAG_TI_assign_register, DW_AT_name("ST0")
     554                      .dwattr $C$DW$35, DW_AT_location[DW_OP_reg23]
     555              $C$DW$36        .dwtag  DW_TAG_TI_assign_register, DW_AT_name("ST1")
     556                      .dwattr $C$DW$36, DW_AT_location[DW_OP_reg24]
     557              $C$DW$37        .dwtag  DW_TAG_TI_assign_register, DW_AT_name("PC")
     558                      .dwattr $C$DW$37, DW_AT_location[DW_OP_reg25]
     559              $C$DW$38        .dwtag  DW_TAG_TI_assign_register, DW_AT_name("RPC")
     560                      .dwattr $C$DW$38, DW_AT_location[DW_OP_reg26]
     561              $C$DW$39        .dwtag  DW_TAG_TI_assign_register, DW_AT_name("FP")
TMS320C2000 Assembler PC v6.2.7 Thu Jul 02 08:31:37 2015

Tools Copyright (c) 1996-2014 Texas Instruments Incorporated
C:\Users\Tester\AppData\Local\Temp\0559210                           PAGE   12

     562                      .dwattr $C$DW$39, DW_AT_location[DW_OP_reg28]
     563              $C$DW$40        .dwtag  DW_TAG_TI_assign_register, DW_AT_name("DP")
     564                      .dwattr $C$DW$40, DW_AT_location[DW_OP_reg29]
     565              $C$DW$41        .dwtag  DW_TAG_TI_assign_register, DW_AT_name("SXM")
     566                      .dwattr $C$DW$41, DW_AT_location[DW_OP_reg30]
     567              $C$DW$42        .dwtag  DW_TAG_TI_assign_register, DW_AT_name("PM")
     568                      .dwattr $C$DW$42, DW_AT_location[DW_OP_reg31]
     569              $C$DW$43        .dwtag  DW_TAG_TI_assign_register, DW_AT_name("OVM")
     570                      .dwattr $C$DW$43, DW_AT_location[DW_OP_regx 0x20]
     571              $C$DW$44        .dwtag  DW_TAG_TI_assign_register, DW_AT_name("PAGE0")
     572                      .dwattr $C$DW$44, DW_AT_location[DW_OP_regx 0x21]
     573              $C$DW$45        .dwtag  DW_TAG_TI_assign_register, DW_AT_name("AMODE")
     574                      .dwattr $C$DW$45, DW_AT_location[DW_OP_regx 0x22]
     575              $C$DW$46        .dwtag  DW_TAG_TI_assign_register, DW_AT_name("INTM")
     576                      .dwattr $C$DW$46, DW_AT_location[DW_OP_regx 0x23]
     577              $C$DW$47        .dwtag  DW_TAG_TI_assign_register, DW_AT_name("IFR")
     578                      .dwattr $C$DW$47, DW_AT_location[DW_OP_regx 0x24]
     579              $C$DW$48        .dwtag  DW_TAG_TI_assign_register, DW_AT_name("IER")
     580                      .dwattr $C$DW$48, DW_AT_location[DW_OP_regx 0x25]
     581              $C$DW$49        .dwtag  DW_TAG_TI_assign_register, DW_AT_name("V")
     582                      .dwattr $C$DW$49, DW_AT_location[DW_OP_regx 0x26]
     583              $C$DW$50        .dwtag  DW_TAG_TI_assign_register, DW_AT_name("PSEUDOH")
     584                      .dwattr $C$DW$50, DW_AT_location[DW_OP_regx 0x4c]
     585              $C$DW$51        .dwtag  DW_TAG_TI_assign_register, DW_AT_name("VOL")
     586                      .dwattr $C$DW$51, DW_AT_location[DW_OP_regx 0x4d]
     587              $C$DW$52        .dwtag  DW_TAG_TI_assign_register, DW_AT_name("AR0")
     588                      .dwattr $C$DW$52, DW_AT_location[DW_OP_reg4]
     589              $C$DW$53        .dwtag  DW_TAG_TI_assign_register, DW_AT_name("AR1")
     590                      .dwattr $C$DW$53, DW_AT_location[DW_OP_reg6]
     591              $C$DW$54        .dwtag  DW_TAG_TI_assign_register, DW_AT_name("AR2")
     592                      .dwattr $C$DW$54, DW_AT_location[DW_OP_reg8]
     593              $C$DW$55        .dwtag  DW_TAG_TI_assign_register, DW_AT_name("AR3")
     594                      .dwattr $C$DW$55, DW_AT_location[DW_OP_reg10]
     595              $C$DW$56        .dwtag  DW_TAG_TI_assign_register, DW_AT_name("AR4")
     596                      .dwattr $C$DW$56, DW_AT_location[DW_OP_reg12]
     597              $C$DW$57        .dwtag  DW_TAG_TI_assign_register, DW_AT_name("AR5")
     598                      .dwattr $C$DW$57, DW_AT_location[DW_OP_reg14]
     599              $C$DW$58        .dwtag  DW_TAG_TI_assign_register, DW_AT_name("AR6")
     600                      .dwattr $C$DW$58, DW_AT_location[DW_OP_reg16]
     601              $C$DW$59        .dwtag  DW_TAG_TI_assign_register, DW_AT_name("XAR6")
     602                      .dwattr $C$DW$59, DW_AT_location[DW_OP_reg17]
     603              $C$DW$60        .dwtag  DW_TAG_TI_assign_register, DW_AT_name("AR7")
     604                      .dwattr $C$DW$60, DW_AT_location[DW_OP_reg18]
     605              $C$DW$61        .dwtag  DW_TAG_TI_assign_register, DW_AT_name("XAR7")
     606                      .dwattr $C$DW$61, DW_AT_location[DW_OP_reg19]
     607              $C$DW$62        .dwtag  DW_TAG_TI_assign_register, DW_AT_name("XAR0")
     608                      .dwattr $C$DW$62, DW_AT_location[DW_OP_reg5]
     609              $C$DW$63        .dwtag  DW_TAG_TI_assign_register, DW_AT_name("XAR1")
     610                      .dwattr $C$DW$63, DW_AT_location[DW_OP_reg7]
     611              $C$DW$64        .dwtag  DW_TAG_TI_assign_register, DW_AT_name("XAR2")
     612                      .dwattr $C$DW$64, DW_AT_location[DW_OP_reg9]
     613              $C$DW$65        .dwtag  DW_TAG_TI_assign_register, DW_AT_name("XAR3")
     614                      .dwattr $C$DW$65, DW_AT_location[DW_OP_reg11]
     615              $C$DW$66        .dwtag  DW_TAG_TI_assign_register, DW_AT_name("XAR4")
     616                      .dwattr $C$DW$66, DW_AT_location[DW_OP_reg13]
TMS320C2000 Assembler PC v6.2.7 Thu Jul 02 08:31:37 2015

Tools Copyright (c) 1996-2014 Texas Instruments Incorporated
C:\Users\Tester\AppData\Local\Temp\0559210                           PAGE   13

     617              $C$DW$67        .dwtag  DW_TAG_TI_assign_register, DW_AT_name("XAR5")
     618                      .dwattr $C$DW$67, DW_AT_location[DW_OP_reg15]
     619              $C$DW$68        .dwtag  DW_TAG_TI_assign_register, DW_AT_name("R0HL")
     620                      .dwattr $C$DW$68, DW_AT_location[DW_OP_regx 0x2b]
     621              $C$DW$69        .dwtag  DW_TAG_TI_assign_register, DW_AT_name("R0H")
     622                      .dwattr $C$DW$69, DW_AT_location[DW_OP_regx 0x2c]
     623              $C$DW$70        .dwtag  DW_TAG_TI_assign_register, DW_AT_name("R1HL")
     624                      .dwattr $C$DW$70, DW_AT_location[DW_OP_regx 0x2f]
     625              $C$DW$71        .dwtag  DW_TAG_TI_assign_register, DW_AT_name("R1H")
     626                      .dwattr $C$DW$71, DW_AT_location[DW_OP_regx 0x30]
     627              $C$DW$72        .dwtag  DW_TAG_TI_assign_register, DW_AT_name("R2HL")
     628                      .dwattr $C$DW$72, DW_AT_location[DW_OP_regx 0x33]
     629              $C$DW$73        .dwtag  DW_TAG_TI_assign_register, DW_AT_name("R2H")
     630                      .dwattr $C$DW$73, DW_AT_location[DW_OP_regx 0x34]
     631              $C$DW$74        .dwtag  DW_TAG_TI_assign_register, DW_AT_name("R3HL")
     632                      .dwattr $C$DW$74, DW_AT_location[DW_OP_regx 0x37]
     633              $C$DW$75        .dwtag  DW_TAG_TI_assign_register, DW_AT_name("R3H")
     634                      .dwattr $C$DW$75, DW_AT_location[DW_OP_regx 0x38]
     635              $C$DW$76        .dwtag  DW_TAG_TI_assign_register, DW_AT_name("R4HL")
     636                      .dwattr $C$DW$76, DW_AT_location[DW_OP_regx 0x3b]
     637              $C$DW$77        .dwtag  DW_TAG_TI_assign_register, DW_AT_name("R4H")
     638                      .dwattr $C$DW$77, DW_AT_location[DW_OP_regx 0x3c]
     639              $C$DW$78        .dwtag  DW_TAG_TI_assign_register, DW_AT_name("R5HL")
     640                      .dwattr $C$DW$78, DW_AT_location[DW_OP_regx 0x3f]
     641              $C$DW$79        .dwtag  DW_TAG_TI_assign_register, DW_AT_name("R5H")
     642                      .dwattr $C$DW$79, DW_AT_location[DW_OP_regx 0x40]
     643              $C$DW$80        .dwtag  DW_TAG_TI_assign_register, DW_AT_name("R6HL")
     644                      .dwattr $C$DW$80, DW_AT_location[DW_OP_regx 0x43]
     645              $C$DW$81        .dwtag  DW_TAG_TI_assign_register, DW_AT_name("R6H")
     646                      .dwattr $C$DW$81, DW_AT_location[DW_OP_regx 0x44]
     647              $C$DW$82        .dwtag  DW_TAG_TI_assign_register, DW_AT_name("R7HL")
     648                      .dwattr $C$DW$82, DW_AT_location[DW_OP_regx 0x47]
     649              $C$DW$83        .dwtag  DW_TAG_TI_assign_register, DW_AT_name("R7H")
     650                      .dwattr $C$DW$83, DW_AT_location[DW_OP_regx 0x48]
     651              $C$DW$84        .dwtag  DW_TAG_TI_assign_register, DW_AT_name("RBL")
     652                      .dwattr $C$DW$84, DW_AT_location[DW_OP_regx 0x49]
     653              $C$DW$85        .dwtag  DW_TAG_TI_assign_register, DW_AT_name("RB")
     654                      .dwattr $C$DW$85, DW_AT_location[DW_OP_regx 0x4a]
     655              $C$DW$86        .dwtag  DW_TAG_TI_assign_register, DW_AT_name("STFL")
     656                      .dwattr $C$DW$86, DW_AT_location[DW_OP_regx 0x27]
     657              $C$DW$87        .dwtag  DW_TAG_TI_assign_register, DW_AT_name("STF")
     658                      .dwattr $C$DW$87, DW_AT_location[DW_OP_regx 0x28]
     659              $C$DW$88        .dwtag  DW_TAG_TI_assign_register, DW_AT_name("FPUHAZ")
     660                      .dwattr $C$DW$88, DW_AT_location[DW_OP_reg27]
     661              $C$DW$89        .dwtag  DW_TAG_TI_assign_register, DW_AT_name("CIE_RETA")
     662                      .dwattr $C$DW$89, DW_AT_location[DW_OP_regx 0x4e]
     663                      .dwendtag $C$DW$CU
     664              

No Assembly Errors, No Assembly Warnings
