TMS320C2000 Assembler PC v6.2.7 Thu Jul 02 08:31:37 2015

Tools Copyright (c) 1996-2014 Texas Instruments Incorporated
C:\Users\Tester\AppData\Local\Temp\0407610                           PAGE    1

       1              ;***************************************************************
       2              ;* TMS320C2000 C/C++ Codegen                         PC v6.2.7 *
       3              ;* Date/Time created: Thu Jul 02 08:31:37 2015                 *
       4              ;***************************************************************
       5                      .compiler_opts --diag_wrap=off --float_support=fpu32 --hll_source=on --mem_model:code=flat --mem_mode
       6        0002  FP      .set    XAR2
       7              
       8              $C$DW$CU        .dwtag  DW_TAG_compile_unit
       9                      .dwattr $C$DW$CU, DW_AT_name("../Aqua/ErrorWater.c")
      10                      .dwattr $C$DW$CU, DW_AT_producer("TMS320C2000 C/C++ Codegen PC v6.2.7 Copyright (c) 1996-2014 Texas I
      11                      .dwattr $C$DW$CU, DW_AT_TI_version(0x01)
      12                      .dwattr $C$DW$CU, DW_AT_comp_dir("D:\ActiveProject\EKT5\PKMT_NONBIOS\InvertorCntrl\ISPprg")
      13              ;       C:\ti\ccsv6\tools\compiler\c2000_6.2.7\bin\ac2000.exe -@C:\\Users\\Tester\\AppData\\Local\\Temp\\0407
      14 00000000               .sect   ".text"
      15                      .clink
      16                      .global _fixErrorWater
      17              
      18              $C$DW$1 .dwtag  DW_TAG_subprogram, DW_AT_name("fixErrorWater")
      19                      .dwattr $C$DW$1, DW_AT_low_pc(_fixErrorWater)
      20                      .dwattr $C$DW$1, DW_AT_high_pc(0x00)
      21                      .dwattr $C$DW$1, DW_AT_TI_symbol_name("_fixErrorWater")
      22                      .dwattr $C$DW$1, DW_AT_external
      23                      .dwattr $C$DW$1, DW_AT_type(*$C$DW$T$19)
      24                      .dwattr $C$DW$1, DW_AT_TI_begin_file("../Aqua/ErrorWater.c")
      25                      .dwattr $C$DW$1, DW_AT_TI_begin_line(0x08)
      26                      .dwattr $C$DW$1, DW_AT_TI_begin_column(0x08)
      27                      .dwattr $C$DW$1, DW_AT_TI_max_frame_size(-2)
      28                      .dwpsn  file "../Aqua/ErrorWater.c",line 8,column 27,is_stmt,address _fixErrorWater
      29              
      30                      .dwfde $C$DW$CIE, _fixErrorWater
      31              
      32              ;***************************************************************
      33              ;* FNAME: _fixErrorWater                FR SIZE:   0           *
      34              ;*                                                             *
      35              ;* FUNCTION ENVIRONMENT                                        *
      36              ;*                                                             *
      37              ;* FUNCTION PROPERTIES                                         *
      38              ;*                            0 Parameter,  0 Auto,  0 SOE     *
      39              ;***************************************************************
      40              
      41 00000000       _fixErrorWater:
      42                      .dwcfi  cfa_offset, -2
      43                      .dwcfi  save_reg_to_mem, 26, 0
      44                      .dwcfi  save_reg_to_reg, 78, 26
      45                      .dwpsn  file "../Aqua/ErrorWater.c",line 9,column 5,is_stmt
      46 00000000 9A01          MOVB      AL,#1                 ; [CPU_] |9| 
      47                      .dwpsn  file "../Aqua/ErrorWater.c",line 10,column 1,is_stmt
      48              $C$DW$2 .dwtag  DW_TAG_TI_branch
      49                      .dwattr $C$DW$2, DW_AT_low_pc(0x00)
      50                      .dwattr $C$DW$2, DW_AT_TI_return
      51 00000001 0006          LRETR     ; [CPU_] 
      52                      ; return occurs ; [] 
      53                      .dwattr $C$DW$1, DW_AT_TI_end_file("../Aqua/ErrorWater.c")
      54                      .dwattr $C$DW$1, DW_AT_TI_end_line(0x0a)
      55                      .dwattr $C$DW$1, DW_AT_TI_end_column(0x01)
TMS320C2000 Assembler PC v6.2.7 Thu Jul 02 08:31:37 2015

Tools Copyright (c) 1996-2014 Texas Instruments Incorporated
C:\Users\Tester\AppData\Local\Temp\0407610                           PAGE    2

      56                      .dwendentry
      57                      .dwendtag $C$DW$1
      58              
      59              
      60              ;***************************************************************
      61              ;* TYPE INFORMATION                                            *
      62              ;***************************************************************
      63              $C$DW$T$4       .dwtag  DW_TAG_base_type
      64                      .dwattr $C$DW$T$4, DW_AT_encoding(DW_ATE_boolean)
      65                      .dwattr $C$DW$T$4, DW_AT_name("bool")
      66                      .dwattr $C$DW$T$4, DW_AT_byte_size(0x01)
      67              $C$DW$T$5       .dwtag  DW_TAG_base_type
      68                      .dwattr $C$DW$T$5, DW_AT_encoding(DW_ATE_signed_char)
      69                      .dwattr $C$DW$T$5, DW_AT_name("signed char")
      70                      .dwattr $C$DW$T$5, DW_AT_byte_size(0x01)
      71              $C$DW$T$6       .dwtag  DW_TAG_base_type
      72                      .dwattr $C$DW$T$6, DW_AT_encoding(DW_ATE_unsigned_char)
      73                      .dwattr $C$DW$T$6, DW_AT_name("unsigned char")
      74                      .dwattr $C$DW$T$6, DW_AT_byte_size(0x01)
      75              $C$DW$T$7       .dwtag  DW_TAG_base_type
      76                      .dwattr $C$DW$T$7, DW_AT_encoding(DW_ATE_signed_char)
      77                      .dwattr $C$DW$T$7, DW_AT_name("wchar_t")
      78                      .dwattr $C$DW$T$7, DW_AT_byte_size(0x01)
      79              $C$DW$T$8       .dwtag  DW_TAG_base_type
      80                      .dwattr $C$DW$T$8, DW_AT_encoding(DW_ATE_signed)
      81                      .dwattr $C$DW$T$8, DW_AT_name("short")
      82                      .dwattr $C$DW$T$8, DW_AT_byte_size(0x01)
      83              $C$DW$T$9       .dwtag  DW_TAG_base_type
      84                      .dwattr $C$DW$T$9, DW_AT_encoding(DW_ATE_unsigned)
      85                      .dwattr $C$DW$T$9, DW_AT_name("unsigned short")
      86                      .dwattr $C$DW$T$9, DW_AT_byte_size(0x01)
      87              $C$DW$T$10      .dwtag  DW_TAG_base_type
      88                      .dwattr $C$DW$T$10, DW_AT_encoding(DW_ATE_signed)
      89                      .dwattr $C$DW$T$10, DW_AT_name("int")
      90                      .dwattr $C$DW$T$10, DW_AT_byte_size(0x01)
      91              $C$DW$T$11      .dwtag  DW_TAG_base_type
      92                      .dwattr $C$DW$T$11, DW_AT_encoding(DW_ATE_unsigned)
      93                      .dwattr $C$DW$T$11, DW_AT_name("unsigned int")
      94                      .dwattr $C$DW$T$11, DW_AT_byte_size(0x01)
      95              $C$DW$T$19      .dwtag  DW_TAG_typedef, DW_AT_name("UINT16")
      96                      .dwattr $C$DW$T$19, DW_AT_type(*$C$DW$T$11)
      97                      .dwattr $C$DW$T$19, DW_AT_language(DW_LANG_C)
      98              $C$DW$T$12      .dwtag  DW_TAG_base_type
      99                      .dwattr $C$DW$T$12, DW_AT_encoding(DW_ATE_signed)
     100                      .dwattr $C$DW$T$12, DW_AT_name("long")
     101                      .dwattr $C$DW$T$12, DW_AT_byte_size(0x02)
     102              $C$DW$T$13      .dwtag  DW_TAG_base_type
     103                      .dwattr $C$DW$T$13, DW_AT_encoding(DW_ATE_unsigned)
     104                      .dwattr $C$DW$T$13, DW_AT_name("unsigned long")
     105                      .dwattr $C$DW$T$13, DW_AT_byte_size(0x02)
     106              $C$DW$T$14      .dwtag  DW_TAG_base_type
     107                      .dwattr $C$DW$T$14, DW_AT_encoding(DW_ATE_signed)
     108                      .dwattr $C$DW$T$14, DW_AT_name("long long")
     109                      .dwattr $C$DW$T$14, DW_AT_byte_size(0x04)
     110              $C$DW$T$15      .dwtag  DW_TAG_base_type
TMS320C2000 Assembler PC v6.2.7 Thu Jul 02 08:31:37 2015

Tools Copyright (c) 1996-2014 Texas Instruments Incorporated
C:\Users\Tester\AppData\Local\Temp\0407610                           PAGE    3

     111                      .dwattr $C$DW$T$15, DW_AT_encoding(DW_ATE_unsigned)
     112                      .dwattr $C$DW$T$15, DW_AT_name("unsigned long long")
     113                      .dwattr $C$DW$T$15, DW_AT_byte_size(0x04)
     114              $C$DW$T$16      .dwtag  DW_TAG_base_type
     115                      .dwattr $C$DW$T$16, DW_AT_encoding(DW_ATE_float)
     116                      .dwattr $C$DW$T$16, DW_AT_name("float")
     117                      .dwattr $C$DW$T$16, DW_AT_byte_size(0x02)
     118              $C$DW$T$17      .dwtag  DW_TAG_base_type
     119                      .dwattr $C$DW$T$17, DW_AT_encoding(DW_ATE_float)
     120                      .dwattr $C$DW$T$17, DW_AT_name("double")
     121                      .dwattr $C$DW$T$17, DW_AT_byte_size(0x02)
     122              $C$DW$T$18      .dwtag  DW_TAG_base_type
     123                      .dwattr $C$DW$T$18, DW_AT_encoding(DW_ATE_float)
     124                      .dwattr $C$DW$T$18, DW_AT_name("long double")
     125                      .dwattr $C$DW$T$18, DW_AT_byte_size(0x04)
     126                      .dwattr $C$DW$CU, DW_AT_language(DW_LANG_C)
     127              
     128              ;***************************************************************
     129              ;* DWARF CIE ENTRIES                                           *
     130              ;***************************************************************
     131              
     132              $C$DW$CIE       .dwcie 78
     133                      .dwcfi  cfa_register, 20
     134                      .dwcfi  cfa_offset, 0
     135                      .dwcfi  undefined, 0
     136                      .dwcfi  undefined, 1
     137                      .dwcfi  undefined, 2
     138                      .dwcfi  undefined, 3
     139                      .dwcfi  undefined, 20
     140                      .dwcfi  undefined, 21
     141                      .dwcfi  undefined, 22
     142                      .dwcfi  undefined, 23
     143                      .dwcfi  undefined, 24
     144                      .dwcfi  undefined, 25
     145                      .dwcfi  undefined, 26
     146                      .dwcfi  same_value, 28
     147                      .dwcfi  undefined, 29
     148                      .dwcfi  undefined, 30
     149                      .dwcfi  undefined, 31
     150                      .dwcfi  undefined, 32
     151                      .dwcfi  undefined, 33
     152                      .dwcfi  undefined, 34
     153                      .dwcfi  undefined, 35
     154                      .dwcfi  undefined, 36
     155                      .dwcfi  undefined, 37
     156                      .dwcfi  undefined, 38
     157                      .dwcfi  undefined, 75
     158                      .dwcfi  undefined, 76
     159                      .dwcfi  undefined, 77
     160                      .dwcfi  undefined, 4
     161                      .dwcfi  same_value, 6
     162                      .dwcfi  same_value, 8
     163                      .dwcfi  same_value, 10
     164                      .dwcfi  undefined, 12
     165                      .dwcfi  undefined, 14
TMS320C2000 Assembler PC v6.2.7 Thu Jul 02 08:31:37 2015

Tools Copyright (c) 1996-2014 Texas Instruments Incorporated
C:\Users\Tester\AppData\Local\Temp\0407610                           PAGE    4

     166                      .dwcfi  undefined, 16
     167                      .dwcfi  undefined, 17
     168                      .dwcfi  undefined, 18
     169                      .dwcfi  undefined, 19
     170                      .dwcfi  undefined, 5
     171                      .dwcfi  same_value, 7
     172                      .dwcfi  same_value, 9
     173                      .dwcfi  same_value, 11
     174                      .dwcfi  undefined, 13
     175                      .dwcfi  undefined, 15
     176                      .dwcfi  undefined, 43
     177                      .dwcfi  undefined, 44
     178                      .dwcfi  undefined, 47
     179                      .dwcfi  undefined, 48
     180                      .dwcfi  undefined, 51
     181                      .dwcfi  undefined, 52
     182                      .dwcfi  undefined, 55
     183                      .dwcfi  undefined, 56
     184                      .dwcfi  same_value, 59
     185                      .dwcfi  same_value, 60
     186                      .dwcfi  same_value, 63
     187                      .dwcfi  same_value, 64
     188                      .dwcfi  same_value, 67
     189                      .dwcfi  same_value, 68
     190                      .dwcfi  same_value, 71
     191                      .dwcfi  same_value, 72
     192                      .dwcfi  undefined, 73
     193                      .dwcfi  undefined, 74
     194                      .dwcfi  undefined, 39
     195                      .dwcfi  undefined, 40
     196                      .dwcfi  undefined, 27
     197                      .dwcfi  undefined, 78
     198                      .dwendentry
     199              
     200              ;***************************************************************
     201              ;* DWARF REGISTER MAP                                          *
     202              ;***************************************************************
     203              
     204              $C$DW$3 .dwtag  DW_TAG_TI_assign_register, DW_AT_name("AL")
     205                      .dwattr $C$DW$3, DW_AT_location[DW_OP_reg0]
     206              $C$DW$4 .dwtag  DW_TAG_TI_assign_register, DW_AT_name("AH")
     207                      .dwattr $C$DW$4, DW_AT_location[DW_OP_reg1]
     208              $C$DW$5 .dwtag  DW_TAG_TI_assign_register, DW_AT_name("PL")
     209                      .dwattr $C$DW$5, DW_AT_location[DW_OP_reg2]
     210              $C$DW$6 .dwtag  DW_TAG_TI_assign_register, DW_AT_name("PH")
     211                      .dwattr $C$DW$6, DW_AT_location[DW_OP_reg3]
     212              $C$DW$7 .dwtag  DW_TAG_TI_assign_register, DW_AT_name("SP")
     213                      .dwattr $C$DW$7, DW_AT_location[DW_OP_reg20]
     214              $C$DW$8 .dwtag  DW_TAG_TI_assign_register, DW_AT_name("XT")
     215                      .dwattr $C$DW$8, DW_AT_location[DW_OP_reg21]
     216              $C$DW$9 .dwtag  DW_TAG_TI_assign_register, DW_AT_name("T")
     217                      .dwattr $C$DW$9, DW_AT_location[DW_OP_reg22]
     218              $C$DW$10        .dwtag  DW_TAG_TI_assign_register, DW_AT_name("ST0")
     219                      .dwattr $C$DW$10, DW_AT_location[DW_OP_reg23]
     220              $C$DW$11        .dwtag  DW_TAG_TI_assign_register, DW_AT_name("ST1")
TMS320C2000 Assembler PC v6.2.7 Thu Jul 02 08:31:37 2015

Tools Copyright (c) 1996-2014 Texas Instruments Incorporated
C:\Users\Tester\AppData\Local\Temp\0407610                           PAGE    5

     221                      .dwattr $C$DW$11, DW_AT_location[DW_OP_reg24]
     222              $C$DW$12        .dwtag  DW_TAG_TI_assign_register, DW_AT_name("PC")
     223                      .dwattr $C$DW$12, DW_AT_location[DW_OP_reg25]
     224              $C$DW$13        .dwtag  DW_TAG_TI_assign_register, DW_AT_name("RPC")
     225                      .dwattr $C$DW$13, DW_AT_location[DW_OP_reg26]
     226              $C$DW$14        .dwtag  DW_TAG_TI_assign_register, DW_AT_name("FP")
     227                      .dwattr $C$DW$14, DW_AT_location[DW_OP_reg28]
     228              $C$DW$15        .dwtag  DW_TAG_TI_assign_register, DW_AT_name("DP")
     229                      .dwattr $C$DW$15, DW_AT_location[DW_OP_reg29]
     230              $C$DW$16        .dwtag  DW_TAG_TI_assign_register, DW_AT_name("SXM")
     231                      .dwattr $C$DW$16, DW_AT_location[DW_OP_reg30]
     232              $C$DW$17        .dwtag  DW_TAG_TI_assign_register, DW_AT_name("PM")
     233                      .dwattr $C$DW$17, DW_AT_location[DW_OP_reg31]
     234              $C$DW$18        .dwtag  DW_TAG_TI_assign_register, DW_AT_name("OVM")
     235                      .dwattr $C$DW$18, DW_AT_location[DW_OP_regx 0x20]
     236              $C$DW$19        .dwtag  DW_TAG_TI_assign_register, DW_AT_name("PAGE0")
     237                      .dwattr $C$DW$19, DW_AT_location[DW_OP_regx 0x21]
     238              $C$DW$20        .dwtag  DW_TAG_TI_assign_register, DW_AT_name("AMODE")
     239                      .dwattr $C$DW$20, DW_AT_location[DW_OP_regx 0x22]
     240              $C$DW$21        .dwtag  DW_TAG_TI_assign_register, DW_AT_name("INTM")
     241                      .dwattr $C$DW$21, DW_AT_location[DW_OP_regx 0x23]
     242              $C$DW$22        .dwtag  DW_TAG_TI_assign_register, DW_AT_name("IFR")
     243                      .dwattr $C$DW$22, DW_AT_location[DW_OP_regx 0x24]
     244              $C$DW$23        .dwtag  DW_TAG_TI_assign_register, DW_AT_name("IER")
     245                      .dwattr $C$DW$23, DW_AT_location[DW_OP_regx 0x25]
     246              $C$DW$24        .dwtag  DW_TAG_TI_assign_register, DW_AT_name("V")
     247                      .dwattr $C$DW$24, DW_AT_location[DW_OP_regx 0x26]
     248              $C$DW$25        .dwtag  DW_TAG_TI_assign_register, DW_AT_name("PSEUDOH")
     249                      .dwattr $C$DW$25, DW_AT_location[DW_OP_regx 0x4c]
     250              $C$DW$26        .dwtag  DW_TAG_TI_assign_register, DW_AT_name("VOL")
     251                      .dwattr $C$DW$26, DW_AT_location[DW_OP_regx 0x4d]
     252              $C$DW$27        .dwtag  DW_TAG_TI_assign_register, DW_AT_name("AR0")
     253                      .dwattr $C$DW$27, DW_AT_location[DW_OP_reg4]
     254              $C$DW$28        .dwtag  DW_TAG_TI_assign_register, DW_AT_name("AR1")
     255                      .dwattr $C$DW$28, DW_AT_location[DW_OP_reg6]
     256              $C$DW$29        .dwtag  DW_TAG_TI_assign_register, DW_AT_name("AR2")
     257                      .dwattr $C$DW$29, DW_AT_location[DW_OP_reg8]
     258              $C$DW$30        .dwtag  DW_TAG_TI_assign_register, DW_AT_name("AR3")
     259                      .dwattr $C$DW$30, DW_AT_location[DW_OP_reg10]
     260              $C$DW$31        .dwtag  DW_TAG_TI_assign_register, DW_AT_name("AR4")
     261                      .dwattr $C$DW$31, DW_AT_location[DW_OP_reg12]
     262              $C$DW$32        .dwtag  DW_TAG_TI_assign_register, DW_AT_name("AR5")
     263                      .dwattr $C$DW$32, DW_AT_location[DW_OP_reg14]
     264              $C$DW$33        .dwtag  DW_TAG_TI_assign_register, DW_AT_name("AR6")
     265                      .dwattr $C$DW$33, DW_AT_location[DW_OP_reg16]
     266              $C$DW$34        .dwtag  DW_TAG_TI_assign_register, DW_AT_name("XAR6")
     267                      .dwattr $C$DW$34, DW_AT_location[DW_OP_reg17]
     268              $C$DW$35        .dwtag  DW_TAG_TI_assign_register, DW_AT_name("AR7")
     269                      .dwattr $C$DW$35, DW_AT_location[DW_OP_reg18]
     270              $C$DW$36        .dwtag  DW_TAG_TI_assign_register, DW_AT_name("XAR7")
     271                      .dwattr $C$DW$36, DW_AT_location[DW_OP_reg19]
     272              $C$DW$37        .dwtag  DW_TAG_TI_assign_register, DW_AT_name("XAR0")
     273                      .dwattr $C$DW$37, DW_AT_location[DW_OP_reg5]
     274              $C$DW$38        .dwtag  DW_TAG_TI_assign_register, DW_AT_name("XAR1")
     275                      .dwattr $C$DW$38, DW_AT_location[DW_OP_reg7]
TMS320C2000 Assembler PC v6.2.7 Thu Jul 02 08:31:37 2015

Tools Copyright (c) 1996-2014 Texas Instruments Incorporated
C:\Users\Tester\AppData\Local\Temp\0407610                           PAGE    6

     276              $C$DW$39        .dwtag  DW_TAG_TI_assign_register, DW_AT_name("XAR2")
     277                      .dwattr $C$DW$39, DW_AT_location[DW_OP_reg9]
     278              $C$DW$40        .dwtag  DW_TAG_TI_assign_register, DW_AT_name("XAR3")
     279                      .dwattr $C$DW$40, DW_AT_location[DW_OP_reg11]
     280              $C$DW$41        .dwtag  DW_TAG_TI_assign_register, DW_AT_name("XAR4")
     281                      .dwattr $C$DW$41, DW_AT_location[DW_OP_reg13]
     282              $C$DW$42        .dwtag  DW_TAG_TI_assign_register, DW_AT_name("XAR5")
     283                      .dwattr $C$DW$42, DW_AT_location[DW_OP_reg15]
     284              $C$DW$43        .dwtag  DW_TAG_TI_assign_register, DW_AT_name("R0HL")
     285                      .dwattr $C$DW$43, DW_AT_location[DW_OP_regx 0x2b]
     286              $C$DW$44        .dwtag  DW_TAG_TI_assign_register, DW_AT_name("R0H")
     287                      .dwattr $C$DW$44, DW_AT_location[DW_OP_regx 0x2c]
     288              $C$DW$45        .dwtag  DW_TAG_TI_assign_register, DW_AT_name("R1HL")
     289                      .dwattr $C$DW$45, DW_AT_location[DW_OP_regx 0x2f]
     290              $C$DW$46        .dwtag  DW_TAG_TI_assign_register, DW_AT_name("R1H")
     291                      .dwattr $C$DW$46, DW_AT_location[DW_OP_regx 0x30]
     292              $C$DW$47        .dwtag  DW_TAG_TI_assign_register, DW_AT_name("R2HL")
     293                      .dwattr $C$DW$47, DW_AT_location[DW_OP_regx 0x33]
     294              $C$DW$48        .dwtag  DW_TAG_TI_assign_register, DW_AT_name("R2H")
     295                      .dwattr $C$DW$48, DW_AT_location[DW_OP_regx 0x34]
     296              $C$DW$49        .dwtag  DW_TAG_TI_assign_register, DW_AT_name("R3HL")
     297                      .dwattr $C$DW$49, DW_AT_location[DW_OP_regx 0x37]
     298              $C$DW$50        .dwtag  DW_TAG_TI_assign_register, DW_AT_name("R3H")
     299                      .dwattr $C$DW$50, DW_AT_location[DW_OP_regx 0x38]
     300              $C$DW$51        .dwtag  DW_TAG_TI_assign_register, DW_AT_name("R4HL")
     301                      .dwattr $C$DW$51, DW_AT_location[DW_OP_regx 0x3b]
     302              $C$DW$52        .dwtag  DW_TAG_TI_assign_register, DW_AT_name("R4H")
     303                      .dwattr $C$DW$52, DW_AT_location[DW_OP_regx 0x3c]
     304              $C$DW$53        .dwtag  DW_TAG_TI_assign_register, DW_AT_name("R5HL")
     305                      .dwattr $C$DW$53, DW_AT_location[DW_OP_regx 0x3f]
     306              $C$DW$54        .dwtag  DW_TAG_TI_assign_register, DW_AT_name("R5H")
     307                      .dwattr $C$DW$54, DW_AT_location[DW_OP_regx 0x40]
     308              $C$DW$55        .dwtag  DW_TAG_TI_assign_register, DW_AT_name("R6HL")
     309                      .dwattr $C$DW$55, DW_AT_location[DW_OP_regx 0x43]
     310              $C$DW$56        .dwtag  DW_TAG_TI_assign_register, DW_AT_name("R6H")
     311                      .dwattr $C$DW$56, DW_AT_location[DW_OP_regx 0x44]
     312              $C$DW$57        .dwtag  DW_TAG_TI_assign_register, DW_AT_name("R7HL")
     313                      .dwattr $C$DW$57, DW_AT_location[DW_OP_regx 0x47]
     314              $C$DW$58        .dwtag  DW_TAG_TI_assign_register, DW_AT_name("R7H")
     315                      .dwattr $C$DW$58, DW_AT_location[DW_OP_regx 0x48]
     316              $C$DW$59        .dwtag  DW_TAG_TI_assign_register, DW_AT_name("RBL")
     317                      .dwattr $C$DW$59, DW_AT_location[DW_OP_regx 0x49]
     318              $C$DW$60        .dwtag  DW_TAG_TI_assign_register, DW_AT_name("RB")
     319                      .dwattr $C$DW$60, DW_AT_location[DW_OP_regx 0x4a]
     320              $C$DW$61        .dwtag  DW_TAG_TI_assign_register, DW_AT_name("STFL")
     321                      .dwattr $C$DW$61, DW_AT_location[DW_OP_regx 0x27]
     322              $C$DW$62        .dwtag  DW_TAG_TI_assign_register, DW_AT_name("STF")
     323                      .dwattr $C$DW$62, DW_AT_location[DW_OP_regx 0x28]
     324              $C$DW$63        .dwtag  DW_TAG_TI_assign_register, DW_AT_name("FPUHAZ")
     325                      .dwattr $C$DW$63, DW_AT_location[DW_OP_reg27]
     326              $C$DW$64        .dwtag  DW_TAG_TI_assign_register, DW_AT_name("CIE_RETA")
     327                      .dwattr $C$DW$64, DW_AT_location[DW_OP_regx 0x4e]
     328                      .dwendtag $C$DW$CU
     329              

No Assembly Errors, No Assembly Warnings
