TMS320C2000 Assembler PC v6.2.7 Thu Jul 02 08:31:19 2015

Tools Copyright (c) 1996-2014 Texas Instruments Incorporated
C:\Users\Tester\AppData\Local\Temp\0592810                           PAGE    1

       1              ;***************************************************************
       2              ;* TMS320C2000 C/C++ Codegen                         PC v6.2.7 *
       3              ;* Date/Time created: Thu Jul 02 08:31:19 2015                 *
       4              ;***************************************************************
       5                      .compiler_opts --diag_wrap=off --float_support=fpu32 --hll_source=on --mem_model:code=flat --mem_mode
       6        0002  FP      .set    XAR2
       7              
       8              $C$DW$CU        .dwtag  DW_TAG_compile_unit
       9                      .dwattr $C$DW$CU, DW_AT_name("../ModBus/cntrlModBus.c")
      10                      .dwattr $C$DW$CU, DW_AT_producer("TMS320C2000 C/C++ Codegen PC v6.2.7 Copyright (c) 1996-2014 Texas I
      11                      .dwattr $C$DW$CU, DW_AT_TI_version(0x01)
      12                      .dwattr $C$DW$CU, DW_AT_comp_dir("D:\ActiveProject\EKT5\PKMT_NONBIOS\InvertorCntrl\ISPprg")
      13              
      14              $C$DW$1 .dwtag  DW_TAG_subprogram, DW_AT_name("MirrorAdrMbus")
      15                      .dwattr $C$DW$1, DW_AT_TI_symbol_name("_MirrorAdrMbus")
      16                      .dwattr $C$DW$1, DW_AT_declaration
      17                      .dwattr $C$DW$1, DW_AT_external
      18              
      19              $C$DW$2 .dwtag  DW_TAG_subprogram, DW_AT_name("initUartBufer")
      20                      .dwattr $C$DW$2, DW_AT_TI_symbol_name("_initUartBufer")
      21                      .dwattr $C$DW$2, DW_AT_declaration
      22                      .dwattr $C$DW$2, DW_AT_external
      23              
      24              $C$DW$3 .dwtag  DW_TAG_subprogram, DW_AT_name("removeTimeTic")
      25                      .dwattr $C$DW$3, DW_AT_TI_symbol_name("_removeTimeTic")
      26                      .dwattr $C$DW$3, DW_AT_type(*$C$DW$T$5)
      27                      .dwattr $C$DW$3, DW_AT_declaration
      28                      .dwattr $C$DW$3, DW_AT_external
      29              $C$DW$4 .dwtag  DW_TAG_formal_parameter
      30                      .dwattr $C$DW$4, DW_AT_type(*$C$DW$T$24)
      31                      .dwendtag $C$DW$3
      32              
      33                      .global _State_RX
      34 00000000       _State_RX:      .usect  ".ebss",1,1,0
      35              $C$DW$5 .dwtag  DW_TAG_variable, DW_AT_name("State_RX")
      36                      .dwattr $C$DW$5, DW_AT_TI_symbol_name("_State_RX")
      37                      .dwattr $C$DW$5, DW_AT_location[DW_OP_addr _State_RX]
      38                      .dwattr $C$DW$5, DW_AT_type(*$C$DW$T$23)
      39                      .dwattr $C$DW$5, DW_AT_external
      40              
      41              $C$DW$6 .dwtag  DW_TAG_subprogram, DW_AT_name("addedTimeTic")
      42                      .dwattr $C$DW$6, DW_AT_TI_symbol_name("_addedTimeTic")
      43                      .dwattr $C$DW$6, DW_AT_type(*$C$DW$T$5)
      44                      .dwattr $C$DW$6, DW_AT_declaration
      45                      .dwattr $C$DW$6, DW_AT_external
      46              $C$DW$7 .dwtag  DW_TAG_formal_parameter
      47                      .dwattr $C$DW$7, DW_AT_type(*$C$DW$T$24)
      48                      .dwendtag $C$DW$6
      49              
      50                      .global _cnt
      51 00000001       _cnt:   .usect  ".ebss",1,1,0
      52              $C$DW$8 .dwtag  DW_TAG_variable, DW_AT_name("cnt")
      53                      .dwattr $C$DW$8, DW_AT_TI_symbol_name("_cnt")
      54                      .dwattr $C$DW$8, DW_AT_location[DW_OP_addr _cnt]
      55                      .dwattr $C$DW$8, DW_AT_type(*$C$DW$T$5)
TMS320C2000 Assembler PC v6.2.7 Thu Jul 02 08:31:19 2015

Tools Copyright (c) 1996-2014 Texas Instruments Incorporated
C:\Users\Tester\AppData\Local\Temp\0592810                           PAGE    2

      56                      .dwattr $C$DW$8, DW_AT_external
      57              
      58              $C$DW$9 .dwtag  DW_TAG_subprogram, DW_AT_name("testRcBufCnt")
      59                      .dwattr $C$DW$9, DW_AT_TI_symbol_name("_testRcBufCnt")
      60                      .dwattr $C$DW$9, DW_AT_type(*$C$DW$T$5)
      61                      .dwattr $C$DW$9, DW_AT_declaration
      62                      .dwattr $C$DW$9, DW_AT_external
      63              
      64              $C$DW$10        .dwtag  DW_TAG_subprogram, DW_AT_name("DeCompileMessageSlv")
      65                      .dwattr $C$DW$10, DW_AT_TI_symbol_name("_DeCompileMessageSlv")
      66                      .dwattr $C$DW$10, DW_AT_type(*$C$DW$T$31)
      67                      .dwattr $C$DW$10, DW_AT_declaration
      68                      .dwattr $C$DW$10, DW_AT_external
      69              $C$DW$11        .dwtag  DW_TAG_formal_parameter
      70                      .dwattr $C$DW$11, DW_AT_type(*$C$DW$T$33)
      71              $C$DW$12        .dwtag  DW_TAG_formal_parameter
      72                      .dwattr $C$DW$12, DW_AT_type(*$C$DW$T$33)
      73                      .dwendtag $C$DW$10
      74              
      75              
      76              $C$DW$13        .dwtag  DW_TAG_subprogram, DW_AT_name("getCharUart")
      77                      .dwattr $C$DW$13, DW_AT_TI_symbol_name("_getCharUart")
      78                      .dwattr $C$DW$13, DW_AT_type(*$C$DW$T$5)
      79                      .dwattr $C$DW$13, DW_AT_declaration
      80                      .dwattr $C$DW$13, DW_AT_external
      81              $C$DW$14        .dwtag  DW_TAG_formal_parameter
      82                      .dwattr $C$DW$14, DW_AT_type(*$C$DW$T$33)
      83                      .dwendtag $C$DW$13
      84              
      85              
      86              $C$DW$15        .dwtag  DW_TAG_subprogram, DW_AT_name("putCharUart")
      87                      .dwattr $C$DW$15, DW_AT_TI_symbol_name("_putCharUart")
      88                      .dwattr $C$DW$15, DW_AT_type(*$C$DW$T$5)
      89                      .dwattr $C$DW$15, DW_AT_declaration
      90                      .dwattr $C$DW$15, DW_AT_external
      91              $C$DW$16        .dwtag  DW_TAG_formal_parameter
      92                      .dwattr $C$DW$16, DW_AT_type(*$C$DW$T$5)
      93                      .dwendtag $C$DW$15
      94              
      95                      .global _UCH_DELAY_MBUS_DL
      96 00000002       _UCH_DELAY_MBUS_DL:     .usect  ".ebss",4,1,1
      97              $C$DW$17        .dwtag  DW_TAG_variable, DW_AT_name("UCH_DELAY_MBUS_DL")
      98                      .dwattr $C$DW$17, DW_AT_TI_symbol_name("_UCH_DELAY_MBUS_DL")
      99                      .dwattr $C$DW$17, DW_AT_location[DW_OP_addr _UCH_DELAY_MBUS_DL]
     100                      .dwattr $C$DW$17, DW_AT_type(*$C$DW$T$25)
     101                      .dwattr $C$DW$17, DW_AT_external
     102                      .global _RX_MSG
     103 00000040       _RX_MSG:        .usect  ".ebss",256,1,0
     104              $C$DW$18        .dwtag  DW_TAG_variable, DW_AT_name("RX_MSG")
     105                      .dwattr $C$DW$18, DW_AT_TI_symbol_name("_RX_MSG")
     106                      .dwattr $C$DW$18, DW_AT_location[DW_OP_addr _RX_MSG]
     107                      .dwattr $C$DW$18, DW_AT_type(*$C$DW$T$46)
     108                      .dwattr $C$DW$18, DW_AT_external
     109              ;       C:\ti\ccsv6\tools\compiler\c2000_6.2.7\bin\ac2000.exe -@C:\\Users\\Tester\\AppData\\Local\\Temp\\0592
     110 00000000               .sect   ".text"
TMS320C2000 Assembler PC v6.2.7 Thu Jul 02 08:31:19 2015

Tools Copyright (c) 1996-2014 Texas Instruments Incorporated
C:\Users\Tester\AppData\Local\Temp\0592810                           PAGE    3

     111                      .clink
     112                      .global _SET_DELAY_MBUS_DL
     113              
     114              $C$DW$19        .dwtag  DW_TAG_subprogram, DW_AT_name("SET_DELAY_MBUS_DL")
     115                      .dwattr $C$DW$19, DW_AT_low_pc(_SET_DELAY_MBUS_DL)
     116                      .dwattr $C$DW$19, DW_AT_high_pc(0x00)
     117                      .dwattr $C$DW$19, DW_AT_TI_symbol_name("_SET_DELAY_MBUS_DL")
     118                      .dwattr $C$DW$19, DW_AT_external
     119                      .dwattr $C$DW$19, DW_AT_TI_begin_file("../ModBus/cntrlModBus.c")
     120                      .dwattr $C$DW$19, DW_AT_TI_begin_line(0x17)
     121                      .dwattr $C$DW$19, DW_AT_TI_begin_column(0x01)
     122                      .dwattr $C$DW$19, DW_AT_TI_max_frame_size(-4)
     123                      .dwpsn  file "../ModBus/cntrlModBus.c",line 23,column 1,is_stmt,address _SET_DELAY_MBUS_DL
     124              
     125                      .dwfde $C$DW$CIE, _SET_DELAY_MBUS_DL
     126              $C$DW$20        .dwtag  DW_TAG_formal_parameter, DW_AT_name("time")
     127                      .dwattr $C$DW$20, DW_AT_TI_symbol_name("_time")
     128                      .dwattr $C$DW$20, DW_AT_type(*$C$DW$T$20)
     129                      .dwattr $C$DW$20, DW_AT_location[DW_OP_reg0]
     130              
     131              ;***************************************************************
     132              ;* FNAME: _SET_DELAY_MBUS_DL            FR SIZE:   2           *
     133              ;*                                                             *
     134              ;* FUNCTION ENVIRONMENT                                        *
     135              ;*                                                             *
     136              ;* FUNCTION PROPERTIES                                         *
     137              ;*                            0 Parameter,  2 Auto,  0 SOE     *
     138              ;***************************************************************
     139              
     140 00000000       _SET_DELAY_MBUS_DL:
     141                      .dwcfi  cfa_offset, -2
     142                      .dwcfi  save_reg_to_mem, 26, 0
     143                      .dwcfi  save_reg_to_reg, 78, 26
     144 00000000 FE02          ADDB      SP,#2                 ; [CPU_U] 
     145                      .dwcfi  cfa_offset, -4
     146              $C$DW$21        .dwtag  DW_TAG_variable, DW_AT_name("time")
     147                      .dwattr $C$DW$21, DW_AT_TI_symbol_name("_time")
     148                      .dwattr $C$DW$21, DW_AT_type(*$C$DW$T$20)
     149                      .dwattr $C$DW$21, DW_AT_location[DW_OP_breg20 -2]
     150 00000001 761F-         MOVW      DP,#_UCH_DELAY_MBUS_DL ; [CPU_U] 
         00000002 0000 
     151 00000003 1E42          MOVL      *-SP[2],ACC           ; [CPU_] |23| 
     152 00000004 1E02-         MOVL      @_UCH_DELAY_MBUS_DL,ACC ; [CPU_] |23| 
     153 00000005 FE82          SUBB      SP,#2                 ; [CPU_U] 
     154                      .dwcfi  cfa_offset, -2
     155              $C$DW$22        .dwtag  DW_TAG_TI_branch
     156                      .dwattr $C$DW$22, DW_AT_low_pc(0x00)
     157                      .dwattr $C$DW$22, DW_AT_TI_return
     158 00000006 0006          LRETR     ; [CPU_] 
     159                      ; return occurs ; [] 
     160                      .dwattr $C$DW$19, DW_AT_TI_end_file("../ModBus/cntrlModBus.c")
     161                      .dwattr $C$DW$19, DW_AT_TI_end_line(0x17)
     162                      .dwattr $C$DW$19, DW_AT_TI_end_column(0x01)
     163                      .dwendentry
     164                      .dwendtag $C$DW$19
TMS320C2000 Assembler PC v6.2.7 Thu Jul 02 08:31:19 2015

Tools Copyright (c) 1996-2014 Texas Instruments Incorporated
C:\Users\Tester\AppData\Local\Temp\0592810                           PAGE    4

     165              
     166 00000007               .sect   ".text"
     167                      .clink
     168                      .global _REM_DELAY_MBUS_DL
     169              
     170              $C$DW$23        .dwtag  DW_TAG_subprogram, DW_AT_name("REM_DELAY_MBUS_DL")
     171                      .dwattr $C$DW$23, DW_AT_low_pc(_REM_DELAY_MBUS_DL)
     172                      .dwattr $C$DW$23, DW_AT_high_pc(0x00)
     173                      .dwattr $C$DW$23, DW_AT_TI_symbol_name("_REM_DELAY_MBUS_DL")
     174                      .dwattr $C$DW$23, DW_AT_external
     175                      .dwattr $C$DW$23, DW_AT_TI_begin_file("../ModBus/cntrlModBus.c")
     176                      .dwattr $C$DW$23, DW_AT_TI_begin_line(0x17)
     177                      .dwattr $C$DW$23, DW_AT_TI_begin_column(0x01)
     178                      .dwattr $C$DW$23, DW_AT_TI_max_frame_size(-2)
     179                      .dwpsn  file "../ModBus/cntrlModBus.c",line 23,column 1,is_stmt,address _REM_DELAY_MBUS_DL
     180              
     181                      .dwfde $C$DW$CIE, _REM_DELAY_MBUS_DL
     182              
     183              ;***************************************************************
     184              ;* FNAME: _REM_DELAY_MBUS_DL            FR SIZE:   0           *
     185              ;*                                                             *
     186              ;* FUNCTION ENVIRONMENT                                        *
     187              ;*                                                             *
     188              ;* FUNCTION PROPERTIES                                         *
     189              ;*                            0 Parameter,  0 Auto,  0 SOE     *
     190              ;***************************************************************
     191              
     192 00000007       _REM_DELAY_MBUS_DL:
     193                      .dwcfi  cfa_offset, -2
     194                      .dwcfi  save_reg_to_mem, 26, 0
     195                      .dwcfi  save_reg_to_reg, 78, 26
     196 00000007 8F00-         MOVL      XAR4,#_UCH_DELAY_MBUS_DL ; [CPU_U] |23| 
         00000008 0002 
     197              $C$DW$24        .dwtag  DW_TAG_TI_branch
     198                      .dwattr $C$DW$24, DW_AT_low_pc(0x00)
     199                      .dwattr $C$DW$24, DW_AT_name("_removeTimeTic")
     200                      .dwattr $C$DW$24, DW_AT_TI_call
     201 00000009 7640!         LCR       #_removeTimeTic       ; [CPU_] |23| 
         0000000a 0000 
     202                      ; call occurs [#_removeTimeTic] ; [] |23| 
     203              $C$DW$25        .dwtag  DW_TAG_TI_branch
     204                      .dwattr $C$DW$25, DW_AT_low_pc(0x00)
     205                      .dwattr $C$DW$25, DW_AT_TI_return
     206 0000000b 0006          LRETR     ; [CPU_] 
     207                      ; return occurs ; [] 
     208                      .dwattr $C$DW$23, DW_AT_TI_end_file("../ModBus/cntrlModBus.c")
     209                      .dwattr $C$DW$23, DW_AT_TI_end_line(0x17)
     210                      .dwattr $C$DW$23, DW_AT_TI_end_column(0x01)
     211                      .dwendentry
     212                      .dwendtag $C$DW$23
     213              
     214 0000000c               .sect   ".text"
     215                      .clink
     216                      .global _GET_TIME_MBUS_DL
     217              
TMS320C2000 Assembler PC v6.2.7 Thu Jul 02 08:31:19 2015

Tools Copyright (c) 1996-2014 Texas Instruments Incorporated
C:\Users\Tester\AppData\Local\Temp\0592810                           PAGE    5

     218              $C$DW$26        .dwtag  DW_TAG_subprogram, DW_AT_name("GET_TIME_MBUS_DL")
     219                      .dwattr $C$DW$26, DW_AT_low_pc(_GET_TIME_MBUS_DL)
     220                      .dwattr $C$DW$26, DW_AT_high_pc(0x00)
     221                      .dwattr $C$DW$26, DW_AT_TI_symbol_name("_GET_TIME_MBUS_DL")
     222                      .dwattr $C$DW$26, DW_AT_external
     223                      .dwattr $C$DW$26, DW_AT_type(*$C$DW$T$19)
     224                      .dwattr $C$DW$26, DW_AT_TI_begin_file("../ModBus/cntrlModBus.c")
     225                      .dwattr $C$DW$26, DW_AT_TI_begin_line(0x17)
     226                      .dwattr $C$DW$26, DW_AT_TI_begin_column(0x01)
     227                      .dwattr $C$DW$26, DW_AT_TI_max_frame_size(-2)
     228                      .dwpsn  file "../ModBus/cntrlModBus.c",line 23,column 1,is_stmt,address _GET_TIME_MBUS_DL
     229              
     230                      .dwfde $C$DW$CIE, _GET_TIME_MBUS_DL
     231              
     232              ;***************************************************************
     233              ;* FNAME: _GET_TIME_MBUS_DL             FR SIZE:   0           *
     234              ;*                                                             *
     235              ;* FUNCTION ENVIRONMENT                                        *
     236              ;*                                                             *
     237              ;* FUNCTION PROPERTIES                                         *
     238              ;*                            0 Parameter,  0 Auto,  0 SOE     *
     239              ;***************************************************************
     240              
     241 0000000c       _GET_TIME_MBUS_DL:
     242                      .dwcfi  cfa_offset, -2
     243                      .dwcfi  save_reg_to_mem, 26, 0
     244                      .dwcfi  save_reg_to_reg, 78, 26
     245 0000000c 761F-         MOVW      DP,#_UCH_DELAY_MBUS_DL ; [CPU_U] 
         0000000d 0000 
     246 0000000e 0602-         MOVL      ACC,@_UCH_DELAY_MBUS_DL ; [CPU_] |23| 
     247              $C$DW$27        .dwtag  DW_TAG_TI_branch
     248                      .dwattr $C$DW$27, DW_AT_low_pc(0x00)
     249                      .dwattr $C$DW$27, DW_AT_TI_return
     250 0000000f 0006          LRETR     ; [CPU_] 
     251                      ; return occurs ; [] 
     252                      .dwattr $C$DW$26, DW_AT_TI_end_file("../ModBus/cntrlModBus.c")
     253                      .dwattr $C$DW$26, DW_AT_TI_end_line(0x17)
     254                      .dwattr $C$DW$26, DW_AT_TI_end_column(0x01)
     255                      .dwendentry
     256                      .dwendtag $C$DW$26
     257              
     258 00000010               .sect   ".text"
     259                      .clink
     260                      .global _REG_TINE_MBUS_DL
     261              
     262              $C$DW$28        .dwtag  DW_TAG_subprogram, DW_AT_name("REG_TINE_MBUS_DL")
     263                      .dwattr $C$DW$28, DW_AT_low_pc(_REG_TINE_MBUS_DL)
     264                      .dwattr $C$DW$28, DW_AT_high_pc(0x00)
     265                      .dwattr $C$DW$28, DW_AT_TI_symbol_name("_REG_TINE_MBUS_DL")
     266                      .dwattr $C$DW$28, DW_AT_external
     267                      .dwattr $C$DW$28, DW_AT_type(*$C$DW$T$5)
     268                      .dwattr $C$DW$28, DW_AT_TI_begin_file("../ModBus/cntrlModBus.c")
     269                      .dwattr $C$DW$28, DW_AT_TI_begin_line(0x17)
     270                      .dwattr $C$DW$28, DW_AT_TI_begin_column(0x01)
     271                      .dwattr $C$DW$28, DW_AT_TI_max_frame_size(-2)
TMS320C2000 Assembler PC v6.2.7 Thu Jul 02 08:31:19 2015

Tools Copyright (c) 1996-2014 Texas Instruments Incorporated
C:\Users\Tester\AppData\Local\Temp\0592810                           PAGE    6

     272                      .dwpsn  file "../ModBus/cntrlModBus.c",line 23,column 1,is_stmt,address _REG_TINE_MBUS_DL
     273              
     274                      .dwfde $C$DW$CIE, _REG_TINE_MBUS_DL
     275              
     276              ;***************************************************************
     277              ;* FNAME: _REG_TINE_MBUS_DL             FR SIZE:   0           *
     278              ;*                                                             *
     279              ;* FUNCTION ENVIRONMENT                                        *
     280              ;*                                                             *
     281              ;* FUNCTION PROPERTIES                                         *
     282              ;*                            0 Parameter,  0 Auto,  0 SOE     *
     283              ;***************************************************************
     284              
     285 00000010       _REG_TINE_MBUS_DL:
     286                      .dwcfi  cfa_offset, -2
     287                      .dwcfi  save_reg_to_mem, 26, 0
     288                      .dwcfi  save_reg_to_reg, 78, 26
     289 00000010 8F00-         MOVL      XAR4,#_UCH_DELAY_MBUS_DL ; [CPU_U] |23| 
         00000011 0002 
     290              $C$DW$29        .dwtag  DW_TAG_TI_branch
     291                      .dwattr $C$DW$29, DW_AT_low_pc(0x00)
     292                      .dwattr $C$DW$29, DW_AT_name("_addedTimeTic")
     293                      .dwattr $C$DW$29, DW_AT_TI_call
     294 00000012 7640!         LCR       #_addedTimeTic        ; [CPU_] |23| 
         00000013 0000 
     295                      ; call occurs [#_addedTimeTic] ; [] |23| 
     296              $C$DW$30        .dwtag  DW_TAG_TI_branch
     297                      .dwattr $C$DW$30, DW_AT_low_pc(0x00)
     298                      .dwattr $C$DW$30, DW_AT_TI_return
     299 00000014 0006          LRETR     ; [CPU_] 
     300                      ; return occurs ; [] 
     301                      .dwattr $C$DW$28, DW_AT_TI_end_file("../ModBus/cntrlModBus.c")
     302                      .dwattr $C$DW$28, DW_AT_TI_end_line(0x17)
     303                      .dwattr $C$DW$28, DW_AT_TI_end_column(0x01)
     304                      .dwendentry
     305                      .dwendtag $C$DW$28
     306              
     307 00000015               .sect   ".text"
     308                      .clink
     309                      .global _InitFlow
     310              
     311              $C$DW$31        .dwtag  DW_TAG_subprogram, DW_AT_name("InitFlow")
     312                      .dwattr $C$DW$31, DW_AT_low_pc(_InitFlow)
     313                      .dwattr $C$DW$31, DW_AT_high_pc(0x00)
     314                      .dwattr $C$DW$31, DW_AT_TI_symbol_name("_InitFlow")
     315                      .dwattr $C$DW$31, DW_AT_external
     316                      .dwattr $C$DW$31, DW_AT_TI_begin_file("../ModBus/cntrlModBus.c")
     317                      .dwattr $C$DW$31, DW_AT_TI_begin_line(0x19)
     318                      .dwattr $C$DW$31, DW_AT_TI_begin_column(0x06)
     319                      .dwattr $C$DW$31, DW_AT_TI_max_frame_size(-2)
     320                      .dwpsn  file "../ModBus/cntrlModBus.c",line 26,column 1,is_stmt,address _InitFlow
     321              
     322                      .dwfde $C$DW$CIE, _InitFlow
     323              
     324              ;***************************************************************
TMS320C2000 Assembler PC v6.2.7 Thu Jul 02 08:31:19 2015

Tools Copyright (c) 1996-2014 Texas Instruments Incorporated
C:\Users\Tester\AppData\Local\Temp\0592810                           PAGE    7

     325              ;* FNAME: _InitFlow                     FR SIZE:   0           *
     326              ;*                                                             *
     327              ;* FUNCTION ENVIRONMENT                                        *
     328              ;*                                                             *
     329              ;* FUNCTION PROPERTIES                                         *
     330              ;*                            0 Parameter,  0 Auto,  0 SOE     *
     331              ;***************************************************************
     332              
     333 00000015       _InitFlow:
     334                      .dwcfi  cfa_offset, -2
     335                      .dwcfi  save_reg_to_mem, 26, 0
     336                      .dwcfi  save_reg_to_reg, 78, 26
     337                      .dwpsn  file "../ModBus/cntrlModBus.c",line 27,column 5,is_stmt
     338              $C$DW$32        .dwtag  DW_TAG_TI_branch
     339                      .dwattr $C$DW$32, DW_AT_low_pc(0x00)
     340                      .dwattr $C$DW$32, DW_AT_name("_MirrorAdrMbus")
     341                      .dwattr $C$DW$32, DW_AT_TI_call
     342 00000015 7640!         LCR       #_MirrorAdrMbus       ; [CPU_] |27| 
         00000016 0000 
     343                      ; call occurs [#_MirrorAdrMbus] ; [] |27| 
     344                      .dwpsn  file "../ModBus/cntrlModBus.c",line 28,column 5,is_stmt
     345              $C$DW$33        .dwtag  DW_TAG_TI_branch
     346                      .dwattr $C$DW$33, DW_AT_low_pc(0x00)
     347                      .dwattr $C$DW$33, DW_AT_name("_initUartBufer")
     348                      .dwattr $C$DW$33, DW_AT_TI_call
     349 00000017 7640!         LCR       #_initUartBufer       ; [CPU_] |28| 
         00000018 0000 
     350                      ; call occurs [#_initUartBufer] ; [] |28| 
     351                      .dwpsn  file "../ModBus/cntrlModBus.c",line 29,column 5,is_stmt
     352 00000019 761F-         MOVW      DP,#_State_RX         ; [CPU_U] 
         0000001a 0000 
     353 0000001b 2B00-         MOV       @_State_RX,#0         ; [CPU_] |29| 
     354                      .dwpsn  file "../ModBus/cntrlModBus.c",line 30,column 5,is_stmt
     355              $C$DW$34        .dwtag  DW_TAG_TI_branch
     356                      .dwattr $C$DW$34, DW_AT_low_pc(0x00)
     357                      .dwattr $C$DW$34, DW_AT_name("_REG_TINE_MBUS_DL")
     358                      .dwattr $C$DW$34, DW_AT_TI_call
     359 0000001c 7640'         LCR       #_REG_TINE_MBUS_DL    ; [CPU_] |30| 
         0000001d 0010 
     360                      ; call occurs [#_REG_TINE_MBUS_DL] ; [] |30| 
     361 0000001e 0200          MOVB      ACC,#0                ; [CPU_] |30| 
     362              $C$DW$35        .dwtag  DW_TAG_TI_branch
     363                      .dwattr $C$DW$35, DW_AT_low_pc(0x00)
     364                      .dwattr $C$DW$35, DW_AT_name("_SET_DELAY_MBUS_DL")
     365                      .dwattr $C$DW$35, DW_AT_TI_call
     366 0000001f 7640'         LCR       #_SET_DELAY_MBUS_DL   ; [CPU_] |30| 
         00000020 0000 
     367                      ; call occurs [#_SET_DELAY_MBUS_DL] ; [] |30| 
     368                      .dwpsn  file "../ModBus/cntrlModBus.c",line 31,column 5,is_stmt
     369 00000021 9A61          MOVB      AL,#97                ; [CPU_] |31| 
     370              $C$DW$36        .dwtag  DW_TAG_TI_branch
     371                      .dwattr $C$DW$36, DW_AT_low_pc(0x00)
     372                      .dwattr $C$DW$36, DW_AT_name("_putCharUart")
     373                      .dwattr $C$DW$36, DW_AT_TI_call
     374 00000022 7640!         LCR       #_putCharUart         ; [CPU_] |31| 
TMS320C2000 Assembler PC v6.2.7 Thu Jul 02 08:31:19 2015

Tools Copyright (c) 1996-2014 Texas Instruments Incorporated
C:\Users\Tester\AppData\Local\Temp\0592810                           PAGE    8

         00000023 0000 
     375                      ; call occurs [#_putCharUart] ; [] |31| 
     376                      .dwpsn  file "../ModBus/cntrlModBus.c",line 32,column 5,is_stmt
     377 00000024 9A0D          MOVB      AL,#13                ; [CPU_] |32| 
     378              $C$DW$37        .dwtag  DW_TAG_TI_branch
     379                      .dwattr $C$DW$37, DW_AT_low_pc(0x00)
     380                      .dwattr $C$DW$37, DW_AT_name("_putCharUart")
     381                      .dwattr $C$DW$37, DW_AT_TI_call
     382 00000025 7640!         LCR       #_putCharUart         ; [CPU_] |32| 
         00000026 0000 
     383                      ; call occurs [#_putCharUart] ; [] |32| 
     384                      .dwpsn  file "../ModBus/cntrlModBus.c",line 33,column 5,is_stmt
     385 00000027 9A0A          MOVB      AL,#10                ; [CPU_] |33| 
     386              $C$DW$38        .dwtag  DW_TAG_TI_branch
     387                      .dwattr $C$DW$38, DW_AT_low_pc(0x00)
     388                      .dwattr $C$DW$38, DW_AT_name("_putCharUart")
     389                      .dwattr $C$DW$38, DW_AT_TI_call
     390 00000028 7640!         LCR       #_putCharUart         ; [CPU_] |33| 
         00000029 0000 
     391                      ; call occurs [#_putCharUart] ; [] |33| 
     392                      .dwpsn  file "../ModBus/cntrlModBus.c",line 34,column 1,is_stmt
     393              $C$DW$39        .dwtag  DW_TAG_TI_branch
     394                      .dwattr $C$DW$39, DW_AT_low_pc(0x00)
     395                      .dwattr $C$DW$39, DW_AT_TI_return
     396 0000002a 0006          LRETR     ; [CPU_] 
     397                      ; return occurs ; [] 
     398                      .dwattr $C$DW$31, DW_AT_TI_end_file("../ModBus/cntrlModBus.c")
     399                      .dwattr $C$DW$31, DW_AT_TI_end_line(0x22)
     400                      .dwattr $C$DW$31, DW_AT_TI_end_column(0x01)
     401                      .dwendentry
     402                      .dwendtag $C$DW$31
     403              
     404 0000002b               .sect   ".text"
     405                      .clink
     406                      .global _UartFlowControl
     407              
     408              $C$DW$40        .dwtag  DW_TAG_subprogram, DW_AT_name("UartFlowControl")
     409                      .dwattr $C$DW$40, DW_AT_low_pc(_UartFlowControl)
     410                      .dwattr $C$DW$40, DW_AT_high_pc(0x00)
     411                      .dwattr $C$DW$40, DW_AT_TI_symbol_name("_UartFlowControl")
     412                      .dwattr $C$DW$40, DW_AT_external
     413                      .dwattr $C$DW$40, DW_AT_TI_begin_file("../ModBus/cntrlModBus.c")
     414                      .dwattr $C$DW$40, DW_AT_TI_begin_line(0x23)
     415                      .dwattr $C$DW$40, DW_AT_TI_begin_column(0x06)
     416                      .dwattr $C$DW$40, DW_AT_TI_max_frame_size(-6)
     417                      .dwpsn  file "../ModBus/cntrlModBus.c",line 36,column 1,is_stmt,address _UartFlowControl
     418              
     419                      .dwfde $C$DW$CIE, _UartFlowControl
     420              
     421              ;***************************************************************
     422              ;* FNAME: _UartFlowControl              FR SIZE:   4           *
     423              ;*                                                             *
     424              ;* FUNCTION ENVIRONMENT                                        *
     425              ;*                                                             *
     426              ;* FUNCTION PROPERTIES                                         *
TMS320C2000 Assembler PC v6.2.7 Thu Jul 02 08:31:19 2015

Tools Copyright (c) 1996-2014 Texas Instruments Incorporated
C:\Users\Tester\AppData\Local\Temp\0592810                           PAGE    9

     427              ;*                            0 Parameter,  1 Auto,  2 SOE     *
     428              ;***************************************************************
     429              
     430 0000002b       _UartFlowControl:
     431                      .dwcfi  cfa_offset, -2
     432                      .dwcfi  save_reg_to_mem, 26, 0
     433                      .dwcfi  save_reg_to_reg, 78, 26
     434 0000002b B2BD          MOVL      *SP++,XAR1            ; [CPU_] 
     435                      .dwcfi  save_reg_to_mem, 7, 2
     436                      .dwcfi  cfa_offset, -4
     437 0000002c FE02          ADDB      SP,#2                 ; [CPU_U] 
     438                      .dwcfi  cfa_offset, -6
     439              $C$DW$41        .dwtag  DW_TAG_variable, DW_AT_name("tmp")
     440                      .dwattr $C$DW$41, DW_AT_TI_symbol_name("_tmp")
     441                      .dwattr $C$DW$41, DW_AT_type(*$C$DW$T$5)
     442                      .dwattr $C$DW$41, DW_AT_location[DW_OP_breg20 -1]
     443                      .dwpsn  file "../ModBus/cntrlModBus.c",line 38,column 5,is_stmt
     444              $C$DW$42        .dwtag  DW_TAG_TI_branch
     445                      .dwattr $C$DW$42, DW_AT_low_pc(0x00)
     446                      .dwattr $C$DW$42, DW_AT_name("_testRcBufCnt")
     447                      .dwattr $C$DW$42, DW_AT_TI_call
     448 0000002d 7640!         LCR       #_testRcBufCnt        ; [CPU_] |38| 
         0000002e 0000 
     449                      ; call occurs [#_testRcBufCnt] ; [] |38| 
     450 0000002f 5200          CMPB      AL,#0                 ; [CPU_] |38| 
     451 00000030 56C1          BF        $C$L14,EQ             ; [CPU_] |38| 
         00000031 008F 
     452                      ; branchcc occurs ; [] |38| 
     453                      .dwpsn  file "../ModBus/cntrlModBus.c",line 40,column 9,is_stmt
     454 00000032 FFEF          B         $C$L13,UNC            ; [CPU_] |40| 
         00000033 0083 
     455                      ; branch occurs ; [] |40| 
     456 00000034       $C$L1:    
     457                      .dwpsn  file "../ModBus/cntrlModBus.c",line 44,column 17,is_stmt
     458 00000034 5CAD          MOVZ      AR4,SP                ; [CPU_U] |44| 
     459 00000035 DC81          SUBB      XAR4,#1               ; [CPU_U] |44| 
     460              $C$DW$43        .dwtag  DW_TAG_TI_branch
     461                      .dwattr $C$DW$43, DW_AT_low_pc(0x00)
     462                      .dwattr $C$DW$43, DW_AT_name("_getCharUart")
     463                      .dwattr $C$DW$43, DW_AT_TI_call
     464 00000036 7640!         LCR       #_getCharUart         ; [CPU_] |44| 
         00000037 0000 
     465                      ; call occurs [#_getCharUart] ; [] |44| 
     466                      .dwpsn  file "../ModBus/cntrlModBus.c",line 45,column 17,is_stmt
     467 00000038 9241          MOV       AL,*-SP[1]            ; [CPU_] |45| 
     468 00000039 523A          CMPB      AL,#58                ; [CPU_] |45| 
     469 0000003a 56C0          BF        $C$L16,NEQ            ; [CPU_] |45| 
         0000003b 0090 
     470                      ; branchcc occurs ; [] |45| 
     471                      .dwpsn  file "../ModBus/cntrlModBus.c",line 47,column 21,is_stmt
     472 0000003c 761F-         MOVW      DP,#_RX_MSG           ; [CPU_U] 
         0000003d 0001 
     473 0000003e 9600-         MOV       @_RX_MSG,AL           ; [CPU_] |47| 
     474                      .dwpsn  file "../ModBus/cntrlModBus.c",line 48,column 21,is_stmt
     475 0000003f 761F-         MOVW      DP,#_cnt              ; [CPU_U] 
TMS320C2000 Assembler PC v6.2.7 Thu Jul 02 08:31:19 2015

Tools Copyright (c) 1996-2014 Texas Instruments Incorporated
C:\Users\Tester\AppData\Local\Temp\0592810                           PAGE   10

         00000040 0000 
     476 00000041 2B01-         MOV       @_cnt,#0              ; [CPU_] |48| 
     477                      .dwpsn  file "../ModBus/cntrlModBus.c",line 49,column 21,is_stmt
     478 00000042 56BF-         MOVB      @_State_RX,#1,UNC     ; [CPU_] |49| 
         00000043 0100 
     479                      .dwpsn  file "../ModBus/cntrlModBus.c",line 50,column 21,is_stmt
     480 00000044 FF20          MOV       ACC,#1000             ; [CPU_] |50| 
         00000045 03E8 
     481              $C$DW$44        .dwtag  DW_TAG_TI_branch
     482                      .dwattr $C$DW$44, DW_AT_low_pc(0x00)
     483                      .dwattr $C$DW$44, DW_AT_name("_SET_DELAY_MBUS_DL")
     484                      .dwattr $C$DW$44, DW_AT_TI_call
     485 00000046 7640'         LCR       #_SET_DELAY_MBUS_DL   ; [CPU_] |50| 
         00000047 0000 
     486                      ; call occurs [#_SET_DELAY_MBUS_DL] ; [] |50| 
     487                      .dwpsn  file "../ModBus/cntrlModBus.c",line 52,column 17,is_stmt
     488 00000048 FFEF          B         $C$L16,UNC            ; [CPU_] |52| 
         00000049 0082 
     489                      ; branch occurs ; [] |52| 
     490 0000004a       $C$L2:    
     491                      .dwpsn  file "../ModBus/cntrlModBus.c",line 56,column 17,is_stmt
     492 0000004a 5CAD          MOVZ      AR4,SP                ; [CPU_U] |56| 
     493 0000004b DC81          SUBB      XAR4,#1               ; [CPU_U] |56| 
     494              $C$DW$45        .dwtag  DW_TAG_TI_branch
     495                      .dwattr $C$DW$45, DW_AT_low_pc(0x00)
     496                      .dwattr $C$DW$45, DW_AT_name("_getCharUart")
     497                      .dwattr $C$DW$45, DW_AT_TI_call
     498 0000004c 7640!         LCR       #_getCharUart         ; [CPU_] |56| 
         0000004d 0000 
     499                      ; call occurs [#_getCharUart] ; [] |56| 
     500                      .dwpsn  file "../ModBus/cntrlModBus.c",line 58,column 17,is_stmt
     501 0000004e 9241          MOV       AL,*-SP[1]            ; [CPU_] |58| 
     502 0000004f 523A          CMPB      AL,#58                ; [CPU_] |58| 
     503 00000050 ED04          BF        $C$L3,NEQ             ; [CPU_] |58| 
     504                      ; branchcc occurs ; [] |58| 
     505                      .dwpsn  file "../ModBus/cntrlModBus.c",line 59,column 21,is_stmt
     506 00000051 761F-         MOVW      DP,#_State_RX         ; [CPU_U] 
         00000052 0000 
     507 00000053 2B00-         MOV       @_State_RX,#0         ; [CPU_] |59| 
     508 00000054       $C$L3:    
     509                      .dwpsn  file "../ModBus/cntrlModBus.c",line 60,column 17,is_stmt
     510 00000054 520A          CMPB      AL,#10                ; [CPU_] |60| 
     511 00000055 ED04          BF        $C$L4,NEQ             ; [CPU_] |60| 
     512                      ; branchcc occurs ; [] |60| 
     513                      .dwpsn  file "../ModBus/cntrlModBus.c",line 61,column 21,is_stmt
     514 00000056 761F-         MOVW      DP,#_State_RX         ; [CPU_U] 
         00000057 0000 
     515 00000058 2B00-         MOV       @_State_RX,#0         ; [CPU_] |61| 
     516 00000059       $C$L4:    
     517                      .dwpsn  file "../ModBus/cntrlModBus.c",line 63,column 17,is_stmt
     518 00000059 520D          CMPB      AL,#13                ; [CPU_] |63| 
     519 0000005a ED12          BF        $C$L5,NEQ             ; [CPU_] |63| 
     520                      ; branchcc occurs ; [] |63| 
     521                      .dwpsn  file "../ModBus/cntrlModBus.c",line 65,column 21,is_stmt
     522 0000005b 761F-         MOVW      DP,#_cnt              ; [CPU_U] 
TMS320C2000 Assembler PC v6.2.7 Thu Jul 02 08:31:19 2015

Tools Copyright (c) 1996-2014 Texas Instruments Incorporated
C:\Users\Tester\AppData\Local\Temp\0592810                           PAGE   11

         0000005c 0000 
     523 0000005d 1B01-         CMP       @_cnt,#256            ; [CPU_] |65| 
         0000005e 0100 
     524 0000005f 636B          B         $C$L16,GEQ            ; [CPU_] |65| 
     525                      ; branchcc occurs ; [] |65| 
     526                      .dwpsn  file "../ModBus/cntrlModBus.c",line 67,column 25,is_stmt
     527 00000060 0A01-         INC       @_cnt                 ; [CPU_] |67| 
     528                      .dwpsn  file "../ModBus/cntrlModBus.c",line 68,column 25,is_stmt
     529 00000061 3B01          SETC      SXM                   ; [CPU_] 
     530 00000062 8F00-         MOVL      XAR4,#_RX_MSG         ; [CPU_U] |68| 
         00000063 0040 
     531 00000064 8501-         MOV       ACC,@_cnt             ; [CPU_] |68| 
     532 00000065 5601          ADDL      XAR4,ACC              ; [CPU_] |68| 
         00000066 00A4 
     533 00000067 56BF          MOVB      *+XAR4[0],#13,UNC     ; [CPU_] |68| 
         00000068 0DC4 
     534                      .dwpsn  file "../ModBus/cntrlModBus.c",line 69,column 25,is_stmt
     535 00000069 56BF-         MOVB      @_State_RX,#2,UNC     ; [CPU_] |69| 
         0000006a 0200 
     536                      .dwpsn  file "../ModBus/cntrlModBus.c",line 71,column 17,is_stmt
     537 0000006b 6F5F          B         $C$L16,UNC            ; [CPU_] |71| 
     538                      ; branch occurs ; [] |71| 
     539 0000006c       $C$L5:    
     540                      .dwpsn  file "../ModBus/cntrlModBus.c",line 74,column 21,is_stmt
     541 0000006c 761F-         MOVW      DP,#_cnt              ; [CPU_U] 
         0000006d 0000 
     542 0000006e 1B01-         CMP       @_cnt,#256            ; [CPU_] |74| 
         0000006f 0100 
     543 00000070 630B          B         $C$L6,GEQ             ; [CPU_] |74| 
     544                      ; branchcc occurs ; [] |74| 
     545                      .dwpsn  file "../ModBus/cntrlModBus.c",line 76,column 25,is_stmt
     546 00000071 0A01-         INC       @_cnt                 ; [CPU_] |76| 
     547                      .dwpsn  file "../ModBus/cntrlModBus.c",line 77,column 25,is_stmt
     548 00000072 3B01          SETC      SXM                   ; [CPU_] 
     549 00000073 8841          MOVZ      AR6,*-SP[1]           ; [CPU_] |77| 
     550 00000074 8F00-         MOVL      XAR4,#_RX_MSG         ; [CPU_U] |77| 
         00000075 0040 
     551 00000076 8501-         MOV       ACC,@_cnt             ; [CPU_] |77| 
     552 00000077 5601          ADDL      XAR4,ACC              ; [CPU_] |77| 
         00000078 00A4 
     553 00000079 7EC4          MOV       *+XAR4[0],AR6         ; [CPU_] |77| 
     554                      .dwpsn  file "../ModBus/cntrlModBus.c",line 78,column 21,is_stmt
     555 0000007a 6F50          B         $C$L16,UNC            ; [CPU_] |78| 
     556                      ; branch occurs ; [] |78| 
     557 0000007b       $C$L6:    
     558                      .dwpsn  file "../ModBus/cntrlModBus.c",line 80,column 25,is_stmt
     559 0000007b 2B00-         MOV       @_State_RX,#0         ; [CPU_] |80| 
     560                      .dwpsn  file "../ModBus/cntrlModBus.c",line 82,column 17,is_stmt
     561 0000007c 6F4E          B         $C$L16,UNC            ; [CPU_] |82| 
     562                      ; branch occurs ; [] |82| 
     563 0000007d       $C$L7:    
     564                      .dwpsn  file "../ModBus/cntrlModBus.c",line 86,column 17,is_stmt
     565 0000007d 5CAD          MOVZ      AR4,SP                ; [CPU_U] |86| 
     566 0000007e DC81          SUBB      XAR4,#1               ; [CPU_U] |86| 
     567              $C$DW$46        .dwtag  DW_TAG_TI_branch
TMS320C2000 Assembler PC v6.2.7 Thu Jul 02 08:31:19 2015

Tools Copyright (c) 1996-2014 Texas Instruments Incorporated
C:\Users\Tester\AppData\Local\Temp\0592810                           PAGE   12

     568                      .dwattr $C$DW$46, DW_AT_low_pc(0x00)
     569                      .dwattr $C$DW$46, DW_AT_name("_getCharUart")
     570                      .dwattr $C$DW$46, DW_AT_TI_call
     571 0000007f 7640!         LCR       #_getCharUart         ; [CPU_] |86| 
         00000080 0000 
     572                      ; call occurs [#_getCharUart] ; [] |86| 
     573                      .dwpsn  file "../ModBus/cntrlModBus.c",line 87,column 17,is_stmt
     574 00000081 9241          MOV       AL,*-SP[1]            ; [CPU_] |87| 
     575 00000082 520A          CMPB      AL,#10                ; [CPU_] |87| 
     576 00000083 EC05          BF        $C$L8,EQ              ; [CPU_] |87| 
     577                      ; branchcc occurs ; [] |87| 
     578                      .dwpsn  file "../ModBus/cntrlModBus.c",line 89,column 21,is_stmt
     579 00000084 761F-         MOVW      DP,#_State_RX         ; [CPU_U] 
         00000085 0000 
     580 00000086 2B00-         MOV       @_State_RX,#0         ; [CPU_] |89| 
     581                      .dwpsn  file "../ModBus/cntrlModBus.c",line 90,column 21,is_stmt
     582 00000087 6F43          B         $C$L16,UNC            ; [CPU_] |90| 
     583                      ; branch occurs ; [] |90| 
     584 00000088       $C$L8:    
     585                      .dwpsn  file "../ModBus/cntrlModBus.c",line 92,column 17,is_stmt
     586 00000088 761F-         MOVW      DP,#_cnt              ; [CPU_U] 
         00000089 0000 
     587 0000008a 0A01-         INC       @_cnt                 ; [CPU_] |92| 
     588                      .dwpsn  file "../ModBus/cntrlModBus.c",line 93,column 17,is_stmt
     589 0000008b 3B01          SETC      SXM                   ; [CPU_] 
     590 0000008c 8841          MOVZ      AR6,*-SP[1]           ; [CPU_] |93| 
     591 0000008d 8F00-         MOVL      XAR4,#_RX_MSG         ; [CPU_U] |93| 
         0000008e 0040 
     592 0000008f 8501-         MOV       ACC,@_cnt             ; [CPU_] |93| 
     593 00000090 5601          ADDL      XAR4,ACC              ; [CPU_] |93| 
         00000091 00A4 
     594 00000092 7EC4          MOV       *+XAR4[0],AR6         ; [CPU_] |93| 
     595                      .dwpsn  file "../ModBus/cntrlModBus.c",line 95,column 17,is_stmt
     596 00000093 8F40-         MOVL      XAR5,#_cnt            ; [CPU_U] |95| 
         00000094 0001 
     597 00000095 8F00-         MOVL      XAR4,#_RX_MSG         ; [CPU_U] |95| 
         00000096 0040 
     598              $C$DW$47        .dwtag  DW_TAG_TI_branch
     599                      .dwattr $C$DW$47, DW_AT_low_pc(0x00)
     600                      .dwattr $C$DW$47, DW_AT_name("_DeCompileMessageSlv")
     601                      .dwattr $C$DW$47, DW_AT_TI_call
     602 00000097 7640!         LCR       #_DeCompileMessageSlv ; [CPU_] |95| 
         00000098 0000 
     603                      ; call occurs [#_DeCompileMessageSlv] ; [] |95| 
     604 00000099 5200          CMPB      AL,#0                 ; [CPU_] |95| 
     605 0000009a ED15          BF        $C$L11,NEQ            ; [CPU_] |95| 
     606                      ; branchcc occurs ; [] |95| 
     607              
     608              $C$DW$48        .dwtag  DW_TAG_lexical_block, DW_AT_low_pc(0x00), DW_AT_high_pc(0x00)
     609              ;* AR1   assigned to _cntTX
     610              $C$DW$49        .dwtag  DW_TAG_variable, DW_AT_name("cntTX")
     611                      .dwattr $C$DW$49, DW_AT_TI_symbol_name("_cntTX")
     612                      .dwattr $C$DW$49, DW_AT_type(*$C$DW$T$5)
     613                      .dwattr $C$DW$49, DW_AT_location[DW_OP_reg6]
     614                      .dwpsn  file "../ModBus/cntrlModBus.c",line 97,column 40,is_stmt
TMS320C2000 Assembler PC v6.2.7 Thu Jul 02 08:31:19 2015

Tools Copyright (c) 1996-2014 Texas Instruments Incorporated
C:\Users\Tester\AppData\Local\Temp\0592810                           PAGE   13

     615 0000009b D100          MOVB      XAR1,#0               ; [CPU_] |97| 
     616                      .dwpsn  file "../ModBus/cntrlModBus.c",line 98,column 21,is_stmt
     617 0000009c 761F-         MOVW      DP,#_cnt              ; [CPU_U] 
         0000009d 0000 
     618 0000009e 9201-         MOV       AL,@_cnt              ; [CPU_] |98| 
     619 0000009f EC10          BF        $C$L10,EQ             ; [CPU_] |98| 
     620                      ; branchcc occurs ; [] |98| 
     621 000000a0       $C$L9:    
     622                      .dwpsn  file "../ModBus/cntrlModBus.c",line 100,column 25,is_stmt
     623 000000a0 3B01          SETC      SXM                   ; [CPU_] 
     624 000000a1 8F00-         MOVL      XAR4,#_RX_MSG         ; [CPU_U] |100| 
         000000a2 0040 
     625 000000a3 85A1          MOV       ACC,AR1               ; [CPU_] |100| 
     626 000000a4 5601          ADDL      XAR4,ACC              ; [CPU_] |100| 
         000000a5 00A4 
     627 000000a6 92C4          MOV       AL,*+XAR4[0]          ; [CPU_] |100| 
     628              $C$DW$50        .dwtag  DW_TAG_TI_branch
     629                      .dwattr $C$DW$50, DW_AT_low_pc(0x00)
     630                      .dwattr $C$DW$50, DW_AT_name("_putCharUart")
     631                      .dwattr $C$DW$50, DW_AT_TI_call
     632 000000a7 7640!         LCR       #_putCharUart         ; [CPU_] |100| 
         000000a8 0000 
     633                      ; call occurs [#_putCharUart] ; [] |100| 
     634                      .dwpsn  file "../ModBus/cntrlModBus.c",line 101,column 25,is_stmt
     635 000000a9 761F-         MOVW      DP,#_cnt              ; [CPU_U] 
         000000aa 0000 
     636 000000ab 0B01-         DEC       @_cnt                 ; [CPU_] |101| 
     637                      .dwpsn  file "../ModBus/cntrlModBus.c",line 101,column 32,is_stmt
     638 000000ac D901          ADDB      XAR1,#1               ; [CPU_] |101| 
     639                      .dwpsn  file "../ModBus/cntrlModBus.c",line 102,column 21,is_stmt
     640 000000ad 9201-         MOV       AL,@_cnt              ; [CPU_] |102| 
     641 000000ae EDF2          BF        $C$L9,NEQ             ; [CPU_] |102| 
     642                      ; branchcc occurs ; [] |102| 
     643              $C$L10:    
     644                      .dwendtag $C$DW$48
     645              
     646 000000af       $C$L11:    
     647                      .dwpsn  file "../ModBus/cntrlModBus.c",line 109,column 17,is_stmt
     648 000000af 761F-         MOVW      DP,#_State_RX         ; [CPU_U] 
         000000b0 0000 
     649 000000b1 2B00-         MOV       @_State_RX,#0         ; [CPU_] |109| 
     650                      .dwpsn  file "../ModBus/cntrlModBus.c",line 110,column 17,is_stmt
     651 000000b2 6F18          B         $C$L16,UNC            ; [CPU_] |110| 
     652                      ; branch occurs ; [] |110| 
     653 000000b3       $C$L12:    
     654                      .dwpsn  file "../ModBus/cntrlModBus.c",line 113,column 17,is_stmt
     655 000000b3 2B00-         MOV       @_State_RX,#0         ; [CPU_] |113| 
     656                      .dwpsn  file "../ModBus/cntrlModBus.c",line 114,column 9,is_stmt
     657 000000b4 6F16          B         $C$L16,UNC            ; [CPU_] |114| 
     658                      ; branch occurs ; [] |114| 
     659 000000b5       $C$L13:    
     660                      .dwpsn  file "../ModBus/cntrlModBus.c",line 40,column 9,is_stmt
     661 000000b5 761F-         MOVW      DP,#_State_RX         ; [CPU_U] 
         000000b6 0000 
     662 000000b7 9200-         MOV       AL,@_State_RX         ; [CPU_] |40| 
TMS320C2000 Assembler PC v6.2.7 Thu Jul 02 08:31:19 2015

Tools Copyright (c) 1996-2014 Texas Instruments Incorporated
C:\Users\Tester\AppData\Local\Temp\0592810                           PAGE   14

     663 000000b8 56C1          BF        $C$L1,EQ              ; [CPU_] |40| 
         000000b9 FF7C 
     664                      ; branchcc occurs ; [] |40| 
     665 000000ba 5201          CMPB      AL,#1                 ; [CPU_] |40| 
     666 000000bb EC8F          BF        $C$L2,EQ              ; [CPU_] |40| 
     667                      ; branchcc occurs ; [] |40| 
     668 000000bc 5202          CMPB      AL,#2                 ; [CPU_] |40| 
     669 000000bd ECC0          BF        $C$L7,EQ              ; [CPU_] |40| 
     670                      ; branchcc occurs ; [] |40| 
     671 000000be 6FF5          B         $C$L12,UNC            ; [CPU_] |40| 
     672                      ; branch occurs ; [] |40| 
     673 000000bf       $C$L14:    
     674                      .dwpsn  file "../ModBus/cntrlModBus.c",line 117,column 6,is_stmt
     675              $C$DW$51        .dwtag  DW_TAG_TI_branch
     676                      .dwattr $C$DW$51, DW_AT_low_pc(0x00)
     677                      .dwattr $C$DW$51, DW_AT_name("_GET_TIME_MBUS_DL")
     678                      .dwattr $C$DW$51, DW_AT_TI_call
     679 000000bf 7640'         LCR       #_GET_TIME_MBUS_DL    ; [CPU_] |117| 
         000000c0 000C 
     680                      ; call occurs [#_GET_TIME_MBUS_DL] ; [] |117| 
     681 000000c1 1EA6          MOVL      XAR6,ACC              ; [CPU_] |117| 
     682 000000c2 0200          MOVB      ACC,#0                ; [CPU_] |117| 
     683 000000c3 0FA6          CMPL      ACC,XAR6              ; [CPU_] |117| 
     684 000000c4 ED06          BF        $C$L16,NEQ            ; [CPU_] |117| 
     685                      ; branchcc occurs ; [] |117| 
     686                      .dwpsn  file "../ModBus/cntrlModBus.c",line 118,column 7,is_stmt
     687 000000c5 9201-         MOV       AL,@_cnt              ; [CPU_] |118| 
     688 000000c6 EC03          BF        $C$L15,EQ             ; [CPU_] |118| 
     689                      ; branchcc occurs ; [] |118| 
     690                      .dwpsn  file "../ModBus/cntrlModBus.c",line 119,column 8,is_stmt
     691 000000c7 2B01-         MOV       @_cnt,#0              ; [CPU_] |119| 
     692                      .dwpsn  file "../ModBus/cntrlModBus.c",line 120,column 8,is_stmt
     693 000000c8 2B41          MOV       *-SP[1],#0            ; [CPU_] |120| 
     694 000000c9       $C$L15:    
     695                      .dwpsn  file "../ModBus/cntrlModBus.c",line 122,column 7,is_stmt
     696 000000c9 2B00-         MOV       @_State_RX,#0         ; [CPU_] |122| 
     697                      .dwpsn  file "../ModBus/cntrlModBus.c",line 126,column 1,is_stmt
     698 000000ca       $C$L16:    
     699 000000ca FE82          SUBB      SP,#2                 ; [CPU_U] 
     700                      .dwcfi  cfa_offset, -4
     701 000000cb 8BBE          MOVL      XAR1,*--SP            ; [CPU_] 
     702                      .dwcfi  cfa_offset, -2
     703                      .dwcfi  restore_reg, 7
     704              $C$DW$52        .dwtag  DW_TAG_TI_branch
     705                      .dwattr $C$DW$52, DW_AT_low_pc(0x00)
     706                      .dwattr $C$DW$52, DW_AT_TI_return
     707 000000cc 0006          LRETR     ; [CPU_] 
     708                      ; return occurs ; [] 
     709                      .dwattr $C$DW$40, DW_AT_TI_end_file("../ModBus/cntrlModBus.c")
     710                      .dwattr $C$DW$40, DW_AT_TI_end_line(0x7e)
     711                      .dwattr $C$DW$40, DW_AT_TI_end_column(0x01)
     712                      .dwendentry
     713                      .dwendtag $C$DW$40
     714              
     715              ;**************************************************************
TMS320C2000 Assembler PC v6.2.7 Thu Jul 02 08:31:19 2015

Tools Copyright (c) 1996-2014 Texas Instruments Incorporated
C:\Users\Tester\AppData\Local\Temp\0592810                           PAGE   15

     716              ;* UNDEFINED EXTERNAL REFERENCES                              *
     717              ;**************************************************************
     718                      .global _MirrorAdrMbus
     719                      .global _initUartBufer
     720                      .global _removeTimeTic
     721                      .global _addedTimeTic
     722                      .global _testRcBufCnt
     723                      .global _DeCompileMessageSlv
     724                      .global _getCharUart
     725                      .global _putCharUart
     726              
     727              ;***************************************************************
     728              ;* TYPE INFORMATION                                            *
     729              ;***************************************************************
     730              
     731              $C$DW$T$23      .dwtag  DW_TAG_enumeration_type
     732                      .dwattr $C$DW$T$23, DW_AT_name("FLOW_RX_STATE")
     733                      .dwattr $C$DW$T$23, DW_AT_byte_size(0x01)
     734              $C$DW$53        .dwtag  DW_TAG_enumerator, DW_AT_name("START_WAIT"), DW_AT_const_value(0x00)
     735              $C$DW$54        .dwtag  DW_TAG_enumerator, DW_AT_name("END_0D"), DW_AT_const_value(0x01)
     736              $C$DW$55        .dwtag  DW_TAG_enumerator, DW_AT_name("END_0A"), DW_AT_const_value(0x02)
     737                      .dwendtag $C$DW$T$23
     738              
     739              
     740              $C$DW$T$22      .dwtag  DW_TAG_structure_type
     741                      .dwattr $C$DW$T$22, DW_AT_name("_TIME_TIC")
     742                      .dwattr $C$DW$T$22, DW_AT_byte_size(0x04)
     743              $C$DW$56        .dwtag  DW_TAG_member
     744                      .dwattr $C$DW$56, DW_AT_type(*$C$DW$T$20)
     745                      .dwattr $C$DW$56, DW_AT_name("tic")
     746                      .dwattr $C$DW$56, DW_AT_TI_symbol_name("_tic")
     747                      .dwattr $C$DW$56, DW_AT_data_member_location[DW_OP_plus_uconst 0x0]
     748                      .dwattr $C$DW$56, DW_AT_accessibility(DW_ACCESS_public)
     749              $C$DW$57        .dwtag  DW_TAG_member
     750                      .dwattr $C$DW$57, DW_AT_type(*$C$DW$T$21)
     751                      .dwattr $C$DW$57, DW_AT_name("next")
     752                      .dwattr $C$DW$57, DW_AT_TI_symbol_name("_next")
     753                      .dwattr $C$DW$57, DW_AT_data_member_location[DW_OP_plus_uconst 0x2]
     754                      .dwattr $C$DW$57, DW_AT_accessibility(DW_ACCESS_public)
     755                      .dwendtag $C$DW$T$22
     756              
     757              $C$DW$T$21      .dwtag  DW_TAG_pointer_type
     758                      .dwattr $C$DW$T$21, DW_AT_type(*$C$DW$T$22)
     759                      .dwattr $C$DW$T$21, DW_AT_address_class(0x16)
     760              $C$DW$T$24      .dwtag  DW_TAG_typedef, DW_AT_name("pTimeTic")
     761                      .dwattr $C$DW$T$24, DW_AT_type(*$C$DW$T$21)
     762                      .dwattr $C$DW$T$24, DW_AT_language(DW_LANG_C)
     763              $C$DW$T$25      .dwtag  DW_TAG_typedef, DW_AT_name("stTimeTic")
     764                      .dwattr $C$DW$T$25, DW_AT_type(*$C$DW$T$22)
     765                      .dwattr $C$DW$T$25, DW_AT_language(DW_LANG_C)
     766              $C$DW$T$4       .dwtag  DW_TAG_base_type
     767                      .dwattr $C$DW$T$4, DW_AT_encoding(DW_ATE_boolean)
     768                      .dwattr $C$DW$T$4, DW_AT_name("bool")
     769                      .dwattr $C$DW$T$4, DW_AT_byte_size(0x01)
     770              $C$DW$T$5       .dwtag  DW_TAG_base_type
TMS320C2000 Assembler PC v6.2.7 Thu Jul 02 08:31:19 2015

Tools Copyright (c) 1996-2014 Texas Instruments Incorporated
C:\Users\Tester\AppData\Local\Temp\0592810                           PAGE   16

     771                      .dwattr $C$DW$T$5, DW_AT_encoding(DW_ATE_signed_char)
     772                      .dwattr $C$DW$T$5, DW_AT_name("signed char")
     773                      .dwattr $C$DW$T$5, DW_AT_byte_size(0x01)
     774              $C$DW$T$6       .dwtag  DW_TAG_base_type
     775                      .dwattr $C$DW$T$6, DW_AT_encoding(DW_ATE_unsigned_char)
     776                      .dwattr $C$DW$T$6, DW_AT_name("unsigned char")
     777                      .dwattr $C$DW$T$6, DW_AT_byte_size(0x01)
     778              $C$DW$T$31      .dwtag  DW_TAG_typedef, DW_AT_name("ACK")
     779                      .dwattr $C$DW$T$31, DW_AT_type(*$C$DW$T$6)
     780                      .dwattr $C$DW$T$31, DW_AT_language(DW_LANG_C)
     781              $C$DW$T$7       .dwtag  DW_TAG_base_type
     782                      .dwattr $C$DW$T$7, DW_AT_encoding(DW_ATE_signed_char)
     783                      .dwattr $C$DW$T$7, DW_AT_name("wchar_t")
     784                      .dwattr $C$DW$T$7, DW_AT_byte_size(0x01)
     785              $C$DW$T$8       .dwtag  DW_TAG_base_type
     786                      .dwattr $C$DW$T$8, DW_AT_encoding(DW_ATE_signed)
     787                      .dwattr $C$DW$T$8, DW_AT_name("short")
     788                      .dwattr $C$DW$T$8, DW_AT_byte_size(0x01)
     789              $C$DW$T$9       .dwtag  DW_TAG_base_type
     790                      .dwattr $C$DW$T$9, DW_AT_encoding(DW_ATE_unsigned)
     791                      .dwattr $C$DW$T$9, DW_AT_name("unsigned short")
     792                      .dwattr $C$DW$T$9, DW_AT_byte_size(0x01)
     793              $C$DW$T$10      .dwtag  DW_TAG_base_type
     794                      .dwattr $C$DW$T$10, DW_AT_encoding(DW_ATE_signed)
     795                      .dwattr $C$DW$T$10, DW_AT_name("int")
     796                      .dwattr $C$DW$T$10, DW_AT_byte_size(0x01)
     797              $C$DW$T$11      .dwtag  DW_TAG_base_type
     798                      .dwattr $C$DW$T$11, DW_AT_encoding(DW_ATE_unsigned)
     799                      .dwattr $C$DW$T$11, DW_AT_name("unsigned int")
     800                      .dwattr $C$DW$T$11, DW_AT_byte_size(0x01)
     801              $C$DW$T$12      .dwtag  DW_TAG_base_type
     802                      .dwattr $C$DW$T$12, DW_AT_encoding(DW_ATE_signed)
     803                      .dwattr $C$DW$T$12, DW_AT_name("long")
     804                      .dwattr $C$DW$T$12, DW_AT_byte_size(0x02)
     805              $C$DW$T$13      .dwtag  DW_TAG_base_type
     806                      .dwattr $C$DW$T$13, DW_AT_encoding(DW_ATE_unsigned)
     807                      .dwattr $C$DW$T$13, DW_AT_name("unsigned long")
     808                      .dwattr $C$DW$T$13, DW_AT_byte_size(0x02)
     809              $C$DW$T$19      .dwtag  DW_TAG_typedef, DW_AT_name("UINT32")
     810                      .dwattr $C$DW$T$19, DW_AT_type(*$C$DW$T$13)
     811                      .dwattr $C$DW$T$19, DW_AT_language(DW_LANG_C)
     812              $C$DW$T$20      .dwtag  DW_TAG_typedef, DW_AT_name("typeTIC")
     813                      .dwattr $C$DW$T$20, DW_AT_type(*$C$DW$T$19)
     814                      .dwattr $C$DW$T$20, DW_AT_language(DW_LANG_C)
     815              $C$DW$T$14      .dwtag  DW_TAG_base_type
     816                      .dwattr $C$DW$T$14, DW_AT_encoding(DW_ATE_signed)
     817                      .dwattr $C$DW$T$14, DW_AT_name("long long")
     818                      .dwattr $C$DW$T$14, DW_AT_byte_size(0x04)
     819              $C$DW$T$15      .dwtag  DW_TAG_base_type
     820                      .dwattr $C$DW$T$15, DW_AT_encoding(DW_ATE_unsigned)
     821                      .dwattr $C$DW$T$15, DW_AT_name("unsigned long long")
     822                      .dwattr $C$DW$T$15, DW_AT_byte_size(0x04)
     823              $C$DW$T$16      .dwtag  DW_TAG_base_type
     824                      .dwattr $C$DW$T$16, DW_AT_encoding(DW_ATE_float)
     825                      .dwattr $C$DW$T$16, DW_AT_name("float")
TMS320C2000 Assembler PC v6.2.7 Thu Jul 02 08:31:19 2015

Tools Copyright (c) 1996-2014 Texas Instruments Incorporated
C:\Users\Tester\AppData\Local\Temp\0592810                           PAGE   17

     826                      .dwattr $C$DW$T$16, DW_AT_byte_size(0x02)
     827              $C$DW$T$17      .dwtag  DW_TAG_base_type
     828                      .dwattr $C$DW$T$17, DW_AT_encoding(DW_ATE_float)
     829                      .dwattr $C$DW$T$17, DW_AT_name("double")
     830                      .dwattr $C$DW$T$17, DW_AT_byte_size(0x02)
     831              $C$DW$T$18      .dwtag  DW_TAG_base_type
     832                      .dwattr $C$DW$T$18, DW_AT_encoding(DW_ATE_float)
     833                      .dwattr $C$DW$T$18, DW_AT_name("long double")
     834                      .dwattr $C$DW$T$18, DW_AT_byte_size(0x04)
     835              $C$DW$T$33      .dwtag  DW_TAG_pointer_type
     836                      .dwattr $C$DW$T$33, DW_AT_type(*$C$DW$T$5)
     837                      .dwattr $C$DW$T$33, DW_AT_address_class(0x16)
     838              
     839              $C$DW$T$46      .dwtag  DW_TAG_array_type
     840                      .dwattr $C$DW$T$46, DW_AT_type(*$C$DW$T$5)
     841                      .dwattr $C$DW$T$46, DW_AT_language(DW_LANG_C)
     842                      .dwattr $C$DW$T$46, DW_AT_byte_size(0x100)
     843              $C$DW$58        .dwtag  DW_TAG_subrange_type
     844                      .dwattr $C$DW$58, DW_AT_upper_bound(0xff)
     845                      .dwendtag $C$DW$T$46
     846              
     847                      .dwattr $C$DW$CU, DW_AT_language(DW_LANG_C)
     848              
     849              ;***************************************************************
     850              ;* DWARF CIE ENTRIES                                           *
     851              ;***************************************************************
     852              
     853              $C$DW$CIE       .dwcie 78
     854                      .dwcfi  cfa_register, 20
     855                      .dwcfi  cfa_offset, 0
     856                      .dwcfi  undefined, 0
     857                      .dwcfi  undefined, 1
     858                      .dwcfi  undefined, 2
     859                      .dwcfi  undefined, 3
     860                      .dwcfi  undefined, 20
     861                      .dwcfi  undefined, 21
     862                      .dwcfi  undefined, 22
     863                      .dwcfi  undefined, 23
     864                      .dwcfi  undefined, 24
     865                      .dwcfi  undefined, 25
     866                      .dwcfi  undefined, 26
     867                      .dwcfi  same_value, 28
     868                      .dwcfi  undefined, 29
     869                      .dwcfi  undefined, 30
     870                      .dwcfi  undefined, 31
     871                      .dwcfi  undefined, 32
     872                      .dwcfi  undefined, 33
     873                      .dwcfi  undefined, 34
     874                      .dwcfi  undefined, 35
     875                      .dwcfi  undefined, 36
     876                      .dwcfi  undefined, 37
     877                      .dwcfi  undefined, 38
     878                      .dwcfi  undefined, 75
     879                      .dwcfi  undefined, 76
     880                      .dwcfi  undefined, 77
TMS320C2000 Assembler PC v6.2.7 Thu Jul 02 08:31:19 2015

Tools Copyright (c) 1996-2014 Texas Instruments Incorporated
C:\Users\Tester\AppData\Local\Temp\0592810                           PAGE   18

     881                      .dwcfi  undefined, 4
     882                      .dwcfi  same_value, 6
     883                      .dwcfi  same_value, 8
     884                      .dwcfi  same_value, 10
     885                      .dwcfi  undefined, 12
     886                      .dwcfi  undefined, 14
     887                      .dwcfi  undefined, 16
     888                      .dwcfi  undefined, 17
     889                      .dwcfi  undefined, 18
     890                      .dwcfi  undefined, 19
     891                      .dwcfi  undefined, 5
     892                      .dwcfi  same_value, 7
     893                      .dwcfi  same_value, 9
     894                      .dwcfi  same_value, 11
     895                      .dwcfi  undefined, 13
     896                      .dwcfi  undefined, 15
     897                      .dwcfi  undefined, 43
     898                      .dwcfi  undefined, 44
     899                      .dwcfi  undefined, 47
     900                      .dwcfi  undefined, 48
     901                      .dwcfi  undefined, 51
     902                      .dwcfi  undefined, 52
     903                      .dwcfi  undefined, 55
     904                      .dwcfi  undefined, 56
     905                      .dwcfi  same_value, 59
     906                      .dwcfi  same_value, 60
     907                      .dwcfi  same_value, 63
     908                      .dwcfi  same_value, 64
     909                      .dwcfi  same_value, 67
     910                      .dwcfi  same_value, 68
     911                      .dwcfi  same_value, 71
     912                      .dwcfi  same_value, 72
     913                      .dwcfi  undefined, 73
     914                      .dwcfi  undefined, 74
     915                      .dwcfi  undefined, 39
     916                      .dwcfi  undefined, 40
     917                      .dwcfi  undefined, 27
     918                      .dwcfi  undefined, 78
     919                      .dwendentry
     920              
     921              ;***************************************************************
     922              ;* DWARF REGISTER MAP                                          *
     923              ;***************************************************************
     924              
     925              $C$DW$59        .dwtag  DW_TAG_TI_assign_register, DW_AT_name("AL")
     926                      .dwattr $C$DW$59, DW_AT_location[DW_OP_reg0]
     927              $C$DW$60        .dwtag  DW_TAG_TI_assign_register, DW_AT_name("AH")
     928                      .dwattr $C$DW$60, DW_AT_location[DW_OP_reg1]
     929              $C$DW$61        .dwtag  DW_TAG_TI_assign_register, DW_AT_name("PL")
     930                      .dwattr $C$DW$61, DW_AT_location[DW_OP_reg2]
     931              $C$DW$62        .dwtag  DW_TAG_TI_assign_register, DW_AT_name("PH")
     932                      .dwattr $C$DW$62, DW_AT_location[DW_OP_reg3]
     933              $C$DW$63        .dwtag  DW_TAG_TI_assign_register, DW_AT_name("SP")
     934                      .dwattr $C$DW$63, DW_AT_location[DW_OP_reg20]
     935              $C$DW$64        .dwtag  DW_TAG_TI_assign_register, DW_AT_name("XT")
TMS320C2000 Assembler PC v6.2.7 Thu Jul 02 08:31:19 2015

Tools Copyright (c) 1996-2014 Texas Instruments Incorporated
C:\Users\Tester\AppData\Local\Temp\0592810                           PAGE   19

     936                      .dwattr $C$DW$64, DW_AT_location[DW_OP_reg21]
     937              $C$DW$65        .dwtag  DW_TAG_TI_assign_register, DW_AT_name("T")
     938                      .dwattr $C$DW$65, DW_AT_location[DW_OP_reg22]
     939              $C$DW$66        .dwtag  DW_TAG_TI_assign_register, DW_AT_name("ST0")
     940                      .dwattr $C$DW$66, DW_AT_location[DW_OP_reg23]
     941              $C$DW$67        .dwtag  DW_TAG_TI_assign_register, DW_AT_name("ST1")
     942                      .dwattr $C$DW$67, DW_AT_location[DW_OP_reg24]
     943              $C$DW$68        .dwtag  DW_TAG_TI_assign_register, DW_AT_name("PC")
     944                      .dwattr $C$DW$68, DW_AT_location[DW_OP_reg25]
     945              $C$DW$69        .dwtag  DW_TAG_TI_assign_register, DW_AT_name("RPC")
     946                      .dwattr $C$DW$69, DW_AT_location[DW_OP_reg26]
     947              $C$DW$70        .dwtag  DW_TAG_TI_assign_register, DW_AT_name("FP")
     948                      .dwattr $C$DW$70, DW_AT_location[DW_OP_reg28]
     949              $C$DW$71        .dwtag  DW_TAG_TI_assign_register, DW_AT_name("DP")
     950                      .dwattr $C$DW$71, DW_AT_location[DW_OP_reg29]
     951              $C$DW$72        .dwtag  DW_TAG_TI_assign_register, DW_AT_name("SXM")
     952                      .dwattr $C$DW$72, DW_AT_location[DW_OP_reg30]
     953              $C$DW$73        .dwtag  DW_TAG_TI_assign_register, DW_AT_name("PM")
     954                      .dwattr $C$DW$73, DW_AT_location[DW_OP_reg31]
     955              $C$DW$74        .dwtag  DW_TAG_TI_assign_register, DW_AT_name("OVM")
     956                      .dwattr $C$DW$74, DW_AT_location[DW_OP_regx 0x20]
     957              $C$DW$75        .dwtag  DW_TAG_TI_assign_register, DW_AT_name("PAGE0")
     958                      .dwattr $C$DW$75, DW_AT_location[DW_OP_regx 0x21]
     959              $C$DW$76        .dwtag  DW_TAG_TI_assign_register, DW_AT_name("AMODE")
     960                      .dwattr $C$DW$76, DW_AT_location[DW_OP_regx 0x22]
     961              $C$DW$77        .dwtag  DW_TAG_TI_assign_register, DW_AT_name("INTM")
     962                      .dwattr $C$DW$77, DW_AT_location[DW_OP_regx 0x23]
     963              $C$DW$78        .dwtag  DW_TAG_TI_assign_register, DW_AT_name("IFR")
     964                      .dwattr $C$DW$78, DW_AT_location[DW_OP_regx 0x24]
     965              $C$DW$79        .dwtag  DW_TAG_TI_assign_register, DW_AT_name("IER")
     966                      .dwattr $C$DW$79, DW_AT_location[DW_OP_regx 0x25]
     967              $C$DW$80        .dwtag  DW_TAG_TI_assign_register, DW_AT_name("V")
     968                      .dwattr $C$DW$80, DW_AT_location[DW_OP_regx 0x26]
     969              $C$DW$81        .dwtag  DW_TAG_TI_assign_register, DW_AT_name("PSEUDOH")
     970                      .dwattr $C$DW$81, DW_AT_location[DW_OP_regx 0x4c]
     971              $C$DW$82        .dwtag  DW_TAG_TI_assign_register, DW_AT_name("VOL")
     972                      .dwattr $C$DW$82, DW_AT_location[DW_OP_regx 0x4d]
     973              $C$DW$83        .dwtag  DW_TAG_TI_assign_register, DW_AT_name("AR0")
     974                      .dwattr $C$DW$83, DW_AT_location[DW_OP_reg4]
     975              $C$DW$84        .dwtag  DW_TAG_TI_assign_register, DW_AT_name("AR1")
     976                      .dwattr $C$DW$84, DW_AT_location[DW_OP_reg6]
     977              $C$DW$85        .dwtag  DW_TAG_TI_assign_register, DW_AT_name("AR2")
     978                      .dwattr $C$DW$85, DW_AT_location[DW_OP_reg8]
     979              $C$DW$86        .dwtag  DW_TAG_TI_assign_register, DW_AT_name("AR3")
     980                      .dwattr $C$DW$86, DW_AT_location[DW_OP_reg10]
     981              $C$DW$87        .dwtag  DW_TAG_TI_assign_register, DW_AT_name("AR4")
     982                      .dwattr $C$DW$87, DW_AT_location[DW_OP_reg12]
     983              $C$DW$88        .dwtag  DW_TAG_TI_assign_register, DW_AT_name("AR5")
     984                      .dwattr $C$DW$88, DW_AT_location[DW_OP_reg14]
     985              $C$DW$89        .dwtag  DW_TAG_TI_assign_register, DW_AT_name("AR6")
     986                      .dwattr $C$DW$89, DW_AT_location[DW_OP_reg16]
     987              $C$DW$90        .dwtag  DW_TAG_TI_assign_register, DW_AT_name("XAR6")
     988                      .dwattr $C$DW$90, DW_AT_location[DW_OP_reg17]
     989              $C$DW$91        .dwtag  DW_TAG_TI_assign_register, DW_AT_name("AR7")
     990                      .dwattr $C$DW$91, DW_AT_location[DW_OP_reg18]
TMS320C2000 Assembler PC v6.2.7 Thu Jul 02 08:31:19 2015

Tools Copyright (c) 1996-2014 Texas Instruments Incorporated
C:\Users\Tester\AppData\Local\Temp\0592810                           PAGE   20

     991              $C$DW$92        .dwtag  DW_TAG_TI_assign_register, DW_AT_name("XAR7")
     992                      .dwattr $C$DW$92, DW_AT_location[DW_OP_reg19]
     993              $C$DW$93        .dwtag  DW_TAG_TI_assign_register, DW_AT_name("XAR0")
     994                      .dwattr $C$DW$93, DW_AT_location[DW_OP_reg5]
     995              $C$DW$94        .dwtag  DW_TAG_TI_assign_register, DW_AT_name("XAR1")
     996                      .dwattr $C$DW$94, DW_AT_location[DW_OP_reg7]
     997              $C$DW$95        .dwtag  DW_TAG_TI_assign_register, DW_AT_name("XAR2")
     998                      .dwattr $C$DW$95, DW_AT_location[DW_OP_reg9]
     999              $C$DW$96        .dwtag  DW_TAG_TI_assign_register, DW_AT_name("XAR3")
    1000                      .dwattr $C$DW$96, DW_AT_location[DW_OP_reg11]
    1001              $C$DW$97        .dwtag  DW_TAG_TI_assign_register, DW_AT_name("XAR4")
    1002                      .dwattr $C$DW$97, DW_AT_location[DW_OP_reg13]
    1003              $C$DW$98        .dwtag  DW_TAG_TI_assign_register, DW_AT_name("XAR5")
    1004                      .dwattr $C$DW$98, DW_AT_location[DW_OP_reg15]
    1005              $C$DW$99        .dwtag  DW_TAG_TI_assign_register, DW_AT_name("R0HL")
    1006                      .dwattr $C$DW$99, DW_AT_location[DW_OP_regx 0x2b]
    1007              $C$DW$100       .dwtag  DW_TAG_TI_assign_register, DW_AT_name("R0H")
    1008                      .dwattr $C$DW$100, DW_AT_location[DW_OP_regx 0x2c]
    1009              $C$DW$101       .dwtag  DW_TAG_TI_assign_register, DW_AT_name("R1HL")
    1010                      .dwattr $C$DW$101, DW_AT_location[DW_OP_regx 0x2f]
    1011              $C$DW$102       .dwtag  DW_TAG_TI_assign_register, DW_AT_name("R1H")
    1012                      .dwattr $C$DW$102, DW_AT_location[DW_OP_regx 0x30]
    1013              $C$DW$103       .dwtag  DW_TAG_TI_assign_register, DW_AT_name("R2HL")
    1014                      .dwattr $C$DW$103, DW_AT_location[DW_OP_regx 0x33]
    1015              $C$DW$104       .dwtag  DW_TAG_TI_assign_register, DW_AT_name("R2H")
    1016                      .dwattr $C$DW$104, DW_AT_location[DW_OP_regx 0x34]
    1017              $C$DW$105       .dwtag  DW_TAG_TI_assign_register, DW_AT_name("R3HL")
    1018                      .dwattr $C$DW$105, DW_AT_location[DW_OP_regx 0x37]
    1019              $C$DW$106       .dwtag  DW_TAG_TI_assign_register, DW_AT_name("R3H")
    1020                      .dwattr $C$DW$106, DW_AT_location[DW_OP_regx 0x38]
    1021              $C$DW$107       .dwtag  DW_TAG_TI_assign_register, DW_AT_name("R4HL")
    1022                      .dwattr $C$DW$107, DW_AT_location[DW_OP_regx 0x3b]
    1023              $C$DW$108       .dwtag  DW_TAG_TI_assign_register, DW_AT_name("R4H")
    1024                      .dwattr $C$DW$108, DW_AT_location[DW_OP_regx 0x3c]
    1025              $C$DW$109       .dwtag  DW_TAG_TI_assign_register, DW_AT_name("R5HL")
    1026                      .dwattr $C$DW$109, DW_AT_location[DW_OP_regx 0x3f]
    1027              $C$DW$110       .dwtag  DW_TAG_TI_assign_register, DW_AT_name("R5H")
    1028                      .dwattr $C$DW$110, DW_AT_location[DW_OP_regx 0x40]
    1029              $C$DW$111       .dwtag  DW_TAG_TI_assign_register, DW_AT_name("R6HL")
    1030                      .dwattr $C$DW$111, DW_AT_location[DW_OP_regx 0x43]
    1031              $C$DW$112       .dwtag  DW_TAG_TI_assign_register, DW_AT_name("R6H")
    1032                      .dwattr $C$DW$112, DW_AT_location[DW_OP_regx 0x44]
    1033              $C$DW$113       .dwtag  DW_TAG_TI_assign_register, DW_AT_name("R7HL")
    1034                      .dwattr $C$DW$113, DW_AT_location[DW_OP_regx 0x47]
    1035              $C$DW$114       .dwtag  DW_TAG_TI_assign_register, DW_AT_name("R7H")
    1036                      .dwattr $C$DW$114, DW_AT_location[DW_OP_regx 0x48]
    1037              $C$DW$115       .dwtag  DW_TAG_TI_assign_register, DW_AT_name("RBL")
    1038                      .dwattr $C$DW$115, DW_AT_location[DW_OP_regx 0x49]
    1039              $C$DW$116       .dwtag  DW_TAG_TI_assign_register, DW_AT_name("RB")
    1040                      .dwattr $C$DW$116, DW_AT_location[DW_OP_regx 0x4a]
    1041              $C$DW$117       .dwtag  DW_TAG_TI_assign_register, DW_AT_name("STFL")
    1042                      .dwattr $C$DW$117, DW_AT_location[DW_OP_regx 0x27]
    1043              $C$DW$118       .dwtag  DW_TAG_TI_assign_register, DW_AT_name("STF")
    1044                      .dwattr $C$DW$118, DW_AT_location[DW_OP_regx 0x28]
    1045              $C$DW$119       .dwtag  DW_TAG_TI_assign_register, DW_AT_name("FPUHAZ")
TMS320C2000 Assembler PC v6.2.7 Thu Jul 02 08:31:19 2015

Tools Copyright (c) 1996-2014 Texas Instruments Incorporated
C:\Users\Tester\AppData\Local\Temp\0592810                           PAGE   21

    1046                      .dwattr $C$DW$119, DW_AT_location[DW_OP_reg27]
    1047              $C$DW$120       .dwtag  DW_TAG_TI_assign_register, DW_AT_name("CIE_RETA")
    1048                      .dwattr $C$DW$120, DW_AT_location[DW_OP_regx 0x4e]
    1049                      .dwendtag $C$DW$CU
    1050              

No Assembly Errors, No Assembly Warnings
