TMS320C2000 Assembler PC v6.2.7 Thu Jul 02 08:31:18 2015

Tools Copyright (c) 1996-2014 Texas Instruments Incorporated
C:\Users\Tester\AppData\Local\Temp\0216410                           PAGE    1

       1              ;***************************************************************
       2              ;* TMS320C2000 C/C++ Codegen                         PC v6.2.7 *
       3              ;* Date/Time created: Thu Jul 02 08:31:18 2015                 *
       4              ;***************************************************************
       5                      .compiler_opts --diag_wrap=off --float_support=fpu32 --hll_source=on --mem_model:code=flat --mem_mode
       6        0002  FP      .set    XAR2
       7              
       8              $C$DW$CU        .dwtag  DW_TAG_compile_unit
       9                      .dwattr $C$DW$CU, DW_AT_name("../ModBus/MessageASCII.c")
      10                      .dwattr $C$DW$CU, DW_AT_producer("TMS320C2000 C/C++ Codegen PC v6.2.7 Copyright (c) 1996-2014 Texas I
      11                      .dwattr $C$DW$CU, DW_AT_TI_version(0x01)
      12                      .dwattr $C$DW$CU, DW_AT_comp_dir("D:\ActiveProject\EKT5\PKMT_NONBIOS\InvertorCntrl\ISPprg")
      13                      .global _ascii_cod
      14 00000000               .sect   ".econst:.string:_ascii_cod"
      15                      .clink
      16                      .align  1
      17 00000000       _ascii_cod:
      18 00000000 0030          .bits   48,16                   ; _ascii_cod[0] @ 0
      19 00000001 0031          .bits   49,16                   ; _ascii_cod[1] @ 16
      20 00000002 0032          .bits   50,16                   ; _ascii_cod[2] @ 32
      21 00000003 0033          .bits   51,16                   ; _ascii_cod[3] @ 48
      22 00000004 0034          .bits   52,16                   ; _ascii_cod[4] @ 64
      23 00000005 0035          .bits   53,16                   ; _ascii_cod[5] @ 80
      24 00000006 0036          .bits   54,16                   ; _ascii_cod[6] @ 96
      25 00000007 0037          .bits   55,16                   ; _ascii_cod[7] @ 112
      26 00000008 0038          .bits   56,16                   ; _ascii_cod[8] @ 128
      27 00000009 0039          .bits   57,16                   ; _ascii_cod[9] @ 144
      28 0000000a 0041          .bits   65,16                   ; _ascii_cod[10] @ 160
      29 0000000b 0042          .bits   66,16                   ; _ascii_cod[11] @ 176
      30 0000000c 0043          .bits   67,16                   ; _ascii_cod[12] @ 192
      31 0000000d 0044          .bits   68,16                   ; _ascii_cod[13] @ 208
      32 0000000e 0045          .bits   69,16                   ; _ascii_cod[14] @ 224
      33 0000000f 0046          .bits   70,16                   ; _ascii_cod[15] @ 240
      34 00000010 0000          .bits   0,16                    ; _ascii_cod[16] @ 256
      35              
      36              $C$DW$1 .dwtag  DW_TAG_variable, DW_AT_name("ascii_cod")
      37                      .dwattr $C$DW$1, DW_AT_TI_symbol_name("_ascii_cod")
      38                      .dwattr $C$DW$1, DW_AT_location[DW_OP_addr _ascii_cod]
      39                      .dwattr $C$DW$1, DW_AT_type(*$C$DW$T$27)
      40                      .dwattr $C$DW$1, DW_AT_external
      41              ;       C:\ti\ccsv6\tools\compiler\c2000_6.2.7\bin\ac2000.exe -@C:\\Users\\Tester\\AppData\\Local\\Temp\\0216
      42 00000000               .sect   ".text"
      43                      .clink
      44                      .global _Bin
      45              
      46              $C$DW$2 .dwtag  DW_TAG_subprogram, DW_AT_name("Bin")
      47                      .dwattr $C$DW$2, DW_AT_low_pc(_Bin)
      48                      .dwattr $C$DW$2, DW_AT_high_pc(0x00)
      49                      .dwattr $C$DW$2, DW_AT_TI_symbol_name("_Bin")
      50                      .dwattr $C$DW$2, DW_AT_external
      51                      .dwattr $C$DW$2, DW_AT_type(*$C$DW$T$5)
      52                      .dwattr $C$DW$2, DW_AT_TI_begin_file("../ModBus/MessageASCII.c")
      53                      .dwattr $C$DW$2, DW_AT_TI_begin_line(0x0a)
      54                      .dwattr $C$DW$2, DW_AT_TI_begin_column(0x06)
      55                      .dwattr $C$DW$2, DW_AT_TI_max_frame_size(-4)
TMS320C2000 Assembler PC v6.2.7 Thu Jul 02 08:31:18 2015

Tools Copyright (c) 1996-2014 Texas Instruments Incorporated
C:\Users\Tester\AppData\Local\Temp\0216410                           PAGE    2

      56                      .dwpsn  file "../ModBus/MessageASCII.c",line 11,column 1,is_stmt,address _Bin
      57              
      58                      .dwfde $C$DW$CIE, _Bin
      59              $C$DW$3 .dwtag  DW_TAG_formal_parameter, DW_AT_name("data")
      60                      .dwattr $C$DW$3, DW_AT_TI_symbol_name("_data")
      61                      .dwattr $C$DW$3, DW_AT_type(*$C$DW$T$5)
      62                      .dwattr $C$DW$3, DW_AT_location[DW_OP_reg0]
      63              
      64              ;***************************************************************
      65              ;* FNAME: _Bin                          FR SIZE:   2           *
      66              ;*                                                             *
      67              ;* FUNCTION ENVIRONMENT                                        *
      68              ;*                                                             *
      69              ;* FUNCTION PROPERTIES                                         *
      70              ;*                            0 Parameter,  1 Auto,  0 SOE     *
      71              ;***************************************************************
      72              
      73 00000000       _Bin:
      74                      .dwcfi  cfa_offset, -2
      75                      .dwcfi  save_reg_to_mem, 26, 0
      76                      .dwcfi  save_reg_to_reg, 78, 26
      77 00000000 FE02          ADDB      SP,#2                 ; [CPU_U] 
      78                      .dwcfi  cfa_offset, -4
      79              $C$DW$4 .dwtag  DW_TAG_variable, DW_AT_name("data")
      80                      .dwattr $C$DW$4, DW_AT_TI_symbol_name("_data")
      81                      .dwattr $C$DW$4, DW_AT_type(*$C$DW$T$5)
      82                      .dwattr $C$DW$4, DW_AT_location[DW_OP_breg20 -1]
      83 00000001 9641          MOV       *-SP[1],AL            ; [CPU_] |11| 
      84                      .dwpsn  file "../ModBus/MessageASCII.c",line 12,column 5,is_stmt
      85 00000002 6F2D          B         $C$L23,UNC            ; [CPU_] |12| 
      86                      ; branch occurs ; [] |12| 
      87 00000003       $C$L1:    
      88                      .dwpsn  file "../ModBus/MessageASCII.c",line 14,column 20,is_stmt
      89 00000003 9A00          MOVB      AL,#0                 ; [CPU_] |14| 
      90 00000004 6F6A          B         $C$L31,UNC            ; [CPU_] |14| 
      91                      ; branch occurs ; [] |14| 
      92 00000005       $C$L2:    
      93                      .dwpsn  file "../ModBus/MessageASCII.c",line 15,column 20,is_stmt
      94 00000005 9A01          MOVB      AL,#1                 ; [CPU_] |15| 
      95 00000006 6F68          B         $C$L31,UNC            ; [CPU_] |15| 
      96                      ; branch occurs ; [] |15| 
      97 00000007       $C$L3:    
      98                      .dwpsn  file "../ModBus/MessageASCII.c",line 16,column 20,is_stmt
      99 00000007 9A02          MOVB      AL,#2                 ; [CPU_] |16| 
     100 00000008 6F66          B         $C$L31,UNC            ; [CPU_] |16| 
     101                      ; branch occurs ; [] |16| 
     102 00000009       $C$L4:    
     103                      .dwpsn  file "../ModBus/MessageASCII.c",line 17,column 20,is_stmt
     104 00000009 9A03          MOVB      AL,#3                 ; [CPU_] |17| 
     105 0000000a 6F64          B         $C$L31,UNC            ; [CPU_] |17| 
     106                      ; branch occurs ; [] |17| 
     107 0000000b       $C$L5:    
     108                      .dwpsn  file "../ModBus/MessageASCII.c",line 18,column 20,is_stmt
     109 0000000b 9A04          MOVB      AL,#4                 ; [CPU_] |18| 
     110 0000000c 6F62          B         $C$L31,UNC            ; [CPU_] |18| 
TMS320C2000 Assembler PC v6.2.7 Thu Jul 02 08:31:18 2015

Tools Copyright (c) 1996-2014 Texas Instruments Incorporated
C:\Users\Tester\AppData\Local\Temp\0216410                           PAGE    3

     111                      ; branch occurs ; [] |18| 
     112 0000000d       $C$L6:    
     113                      .dwpsn  file "../ModBus/MessageASCII.c",line 19,column 20,is_stmt
     114 0000000d 9A05          MOVB      AL,#5                 ; [CPU_] |19| 
     115 0000000e 6F60          B         $C$L31,UNC            ; [CPU_] |19| 
     116                      ; branch occurs ; [] |19| 
     117 0000000f       $C$L7:    
     118                      .dwpsn  file "../ModBus/MessageASCII.c",line 20,column 20,is_stmt
     119 0000000f 9A06          MOVB      AL,#6                 ; [CPU_] |20| 
     120 00000010 6F5E          B         $C$L31,UNC            ; [CPU_] |20| 
     121                      ; branch occurs ; [] |20| 
     122 00000011       $C$L8:    
     123                      .dwpsn  file "../ModBus/MessageASCII.c",line 21,column 20,is_stmt
     124 00000011 9A07          MOVB      AL,#7                 ; [CPU_] |21| 
     125 00000012 6F5C          B         $C$L31,UNC            ; [CPU_] |21| 
     126                      ; branch occurs ; [] |21| 
     127 00000013       $C$L9:    
     128                      .dwpsn  file "../ModBus/MessageASCII.c",line 22,column 20,is_stmt
     129 00000013 9A08          MOVB      AL,#8                 ; [CPU_] |22| 
     130 00000014 6F5A          B         $C$L31,UNC            ; [CPU_] |22| 
     131                      ; branch occurs ; [] |22| 
     132 00000015       $C$L10:    
     133                      .dwpsn  file "../ModBus/MessageASCII.c",line 23,column 20,is_stmt
     134 00000015 9A09          MOVB      AL,#9                 ; [CPU_] |23| 
     135 00000016 6F58          B         $C$L31,UNC            ; [CPU_] |23| 
     136                      ; branch occurs ; [] |23| 
     137 00000017       $C$L11:    
     138                      .dwpsn  file "../ModBus/MessageASCII.c",line 24,column 20,is_stmt
     139 00000017 9A0A          MOVB      AL,#10                ; [CPU_] |24| 
     140 00000018 6F56          B         $C$L31,UNC            ; [CPU_] |24| 
     141                      ; branch occurs ; [] |24| 
     142 00000019       $C$L12:    
     143                      .dwpsn  file "../ModBus/MessageASCII.c",line 25,column 20,is_stmt
     144 00000019 9A0B          MOVB      AL,#11                ; [CPU_] |25| 
     145 0000001a 6F54          B         $C$L31,UNC            ; [CPU_] |25| 
     146                      ; branch occurs ; [] |25| 
     147 0000001b       $C$L13:    
     148                      .dwpsn  file "../ModBus/MessageASCII.c",line 26,column 20,is_stmt
     149 0000001b 9A0C          MOVB      AL,#12                ; [CPU_] |26| 
     150 0000001c 6F52          B         $C$L31,UNC            ; [CPU_] |26| 
     151                      ; branch occurs ; [] |26| 
     152 0000001d       $C$L14:    
     153                      .dwpsn  file "../ModBus/MessageASCII.c",line 27,column 20,is_stmt
     154 0000001d 9A0D          MOVB      AL,#13                ; [CPU_] |27| 
     155 0000001e 6F50          B         $C$L31,UNC            ; [CPU_] |27| 
     156                      ; branch occurs ; [] |27| 
     157 0000001f       $C$L15:    
     158                      .dwpsn  file "../ModBus/MessageASCII.c",line 28,column 20,is_stmt
     159 0000001f 9A0E          MOVB      AL,#14                ; [CPU_] |28| 
     160 00000020 6F4E          B         $C$L31,UNC            ; [CPU_] |28| 
     161                      ; branch occurs ; [] |28| 
     162 00000021       $C$L16:    
     163                      .dwpsn  file "../ModBus/MessageASCII.c",line 29,column 20,is_stmt
     164 00000021 9A0F          MOVB      AL,#15                ; [CPU_] |29| 
     165 00000022 6F4C          B         $C$L31,UNC            ; [CPU_] |29| 
TMS320C2000 Assembler PC v6.2.7 Thu Jul 02 08:31:18 2015

Tools Copyright (c) 1996-2014 Texas Instruments Incorporated
C:\Users\Tester\AppData\Local\Temp\0216410                           PAGE    4

     166                      ; branch occurs ; [] |29| 
     167 00000023       $C$L17:    
     168                      .dwpsn  file "../ModBus/MessageASCII.c",line 30,column 20,is_stmt
     169 00000023 9A0A          MOVB      AL,#10                ; [CPU_] |30| 
     170 00000024 6F4A          B         $C$L31,UNC            ; [CPU_] |30| 
     171                      ; branch occurs ; [] |30| 
     172 00000025       $C$L18:    
     173                      .dwpsn  file "../ModBus/MessageASCII.c",line 31,column 20,is_stmt
     174 00000025 9A0B          MOVB      AL,#11                ; [CPU_] |31| 
     175 00000026 6F48          B         $C$L31,UNC            ; [CPU_] |31| 
     176                      ; branch occurs ; [] |31| 
     177 00000027       $C$L19:    
     178                      .dwpsn  file "../ModBus/MessageASCII.c",line 32,column 20,is_stmt
     179 00000027 9A0C          MOVB      AL,#12                ; [CPU_] |32| 
     180 00000028 6F46          B         $C$L31,UNC            ; [CPU_] |32| 
     181                      ; branch occurs ; [] |32| 
     182 00000029       $C$L20:    
     183                      .dwpsn  file "../ModBus/MessageASCII.c",line 33,column 20,is_stmt
     184 00000029 9A0D          MOVB      AL,#13                ; [CPU_] |33| 
     185 0000002a 6F44          B         $C$L31,UNC            ; [CPU_] |33| 
     186                      ; branch occurs ; [] |33| 
     187 0000002b       $C$L21:    
     188                      .dwpsn  file "../ModBus/MessageASCII.c",line 34,column 20,is_stmt
     189 0000002b 9A0E          MOVB      AL,#14                ; [CPU_] |34| 
     190 0000002c 6F42          B         $C$L31,UNC            ; [CPU_] |34| 
     191                      ; branch occurs ; [] |34| 
     192 0000002d       $C$L22:    
     193                      .dwpsn  file "../ModBus/MessageASCII.c",line 35,column 20,is_stmt
     194 0000002d 9A0F          MOVB      AL,#15                ; [CPU_] |35| 
     195 0000002e 6F40          B         $C$L31,UNC            ; [CPU_] |35| 
     196                      ; branch occurs ; [] |35| 
     197 0000002f       $C$L23:    
     198                      .dwpsn  file "../ModBus/MessageASCII.c",line 12,column 5,is_stmt
     199 0000002f 5242          CMPB      AL,#66                ; [CPU_] |12| 
     200 00000030 6223          B         $C$L27,GT             ; [CPU_] |12| 
     201                      ; branchcc occurs ; [] |12| 
     202 00000031 5242          CMPB      AL,#66                ; [CPU_] |12| 
     203 00000032 ECE7          BF        $C$L12,EQ             ; [CPU_] |12| 
     204                      ; branchcc occurs ; [] |12| 
     205 00000033 5235          CMPB      AL,#53                ; [CPU_] |12| 
     206 00000034 6211          B         $C$L25,GT             ; [CPU_] |12| 
     207                      ; branchcc occurs ; [] |12| 
     208 00000035 5235          CMPB      AL,#53                ; [CPU_] |12| 
     209 00000036 ECD7          BF        $C$L6,EQ              ; [CPU_] |12| 
     210                      ; branchcc occurs ; [] |12| 
     211 00000037 5232          CMPB      AL,#50                ; [CPU_] |12| 
     212 00000038 6208          B         $C$L24,GT             ; [CPU_] |12| 
     213                      ; branchcc occurs ; [] |12| 
     214 00000039 5232          CMPB      AL,#50                ; [CPU_] |12| 
     215 0000003a ECCD          BF        $C$L3,EQ              ; [CPU_] |12| 
     216                      ; branchcc occurs ; [] |12| 
     217 0000003b 5230          CMPB      AL,#48                ; [CPU_] |12| 
     218 0000003c ECC7          BF        $C$L1,EQ              ; [CPU_] |12| 
     219                      ; branchcc occurs ; [] |12| 
     220 0000003d 5231          CMPB      AL,#49                ; [CPU_] |12| 
TMS320C2000 Assembler PC v6.2.7 Thu Jul 02 08:31:18 2015

Tools Copyright (c) 1996-2014 Texas Instruments Incorporated
C:\Users\Tester\AppData\Local\Temp\0216410                           PAGE    5

     221 0000003e ECC7          BF        $C$L2,EQ              ; [CPU_] |12| 
     222                      ; branchcc occurs ; [] |12| 
     223 0000003f 6F2E          B         $C$L30,UNC            ; [CPU_] |12| 
     224                      ; branch occurs ; [] |12| 
     225 00000040       $C$L24:    
     226 00000040 5233          CMPB      AL,#51                ; [CPU_] |12| 
     227 00000041 ECC8          BF        $C$L4,EQ              ; [CPU_] |12| 
     228                      ; branchcc occurs ; [] |12| 
     229 00000042 5234          CMPB      AL,#52                ; [CPU_] |12| 
     230 00000043 ECC8          BF        $C$L5,EQ              ; [CPU_] |12| 
     231                      ; branchcc occurs ; [] |12| 
     232 00000044 6F29          B         $C$L30,UNC            ; [CPU_] |12| 
     233                      ; branch occurs ; [] |12| 
     234 00000045       $C$L25:    
     235 00000045 5238          CMPB      AL,#56                ; [CPU_] |12| 
     236 00000046 6208          B         $C$L26,GT             ; [CPU_] |12| 
     237                      ; branchcc occurs ; [] |12| 
     238 00000047 5238          CMPB      AL,#56                ; [CPU_] |12| 
     239 00000048 ECCB          BF        $C$L9,EQ              ; [CPU_] |12| 
     240                      ; branchcc occurs ; [] |12| 
     241 00000049 5236          CMPB      AL,#54                ; [CPU_] |12| 
     242 0000004a ECC5          BF        $C$L7,EQ              ; [CPU_] |12| 
     243                      ; branchcc occurs ; [] |12| 
     244 0000004b 5237          CMPB      AL,#55                ; [CPU_] |12| 
     245 0000004c ECC5          BF        $C$L8,EQ              ; [CPU_] |12| 
     246                      ; branchcc occurs ; [] |12| 
     247 0000004d 6F20          B         $C$L30,UNC            ; [CPU_] |12| 
     248                      ; branch occurs ; [] |12| 
     249 0000004e       $C$L26:    
     250 0000004e 5239          CMPB      AL,#57                ; [CPU_] |12| 
     251 0000004f ECC6          BF        $C$L10,EQ             ; [CPU_] |12| 
     252                      ; branchcc occurs ; [] |12| 
     253 00000050 5241          CMPB      AL,#65                ; [CPU_] |12| 
     254 00000051 ECC6          BF        $C$L11,EQ             ; [CPU_] |12| 
     255                      ; branchcc occurs ; [] |12| 
     256 00000052 6F1B          B         $C$L30,UNC            ; [CPU_] |12| 
     257                      ; branch occurs ; [] |12| 
     258 00000053       $C$L27:    
     259 00000053 5262          CMPB      AL,#98                ; [CPU_] |12| 
     260 00000054 6211          B         $C$L29,GT             ; [CPU_] |12| 
     261                      ; branchcc occurs ; [] |12| 
     262 00000055 5262          CMPB      AL,#98                ; [CPU_] |12| 
     263 00000056 ECCF          BF        $C$L18,EQ             ; [CPU_] |12| 
     264                      ; branchcc occurs ; [] |12| 
     265 00000057 5245          CMPB      AL,#69                ; [CPU_] |12| 
     266 00000058 6208          B         $C$L28,GT             ; [CPU_] |12| 
     267                      ; branchcc occurs ; [] |12| 
     268 00000059 5245          CMPB      AL,#69                ; [CPU_] |12| 
     269 0000005a ECC5          BF        $C$L15,EQ             ; [CPU_] |12| 
     270                      ; branchcc occurs ; [] |12| 
     271 0000005b 5243          CMPB      AL,#67                ; [CPU_] |12| 
     272 0000005c ECBF          BF        $C$L13,EQ             ; [CPU_] |12| 
     273                      ; branchcc occurs ; [] |12| 
     274 0000005d 5244          CMPB      AL,#68                ; [CPU_] |12| 
     275 0000005e ECBF          BF        $C$L14,EQ             ; [CPU_] |12| 
TMS320C2000 Assembler PC v6.2.7 Thu Jul 02 08:31:18 2015

Tools Copyright (c) 1996-2014 Texas Instruments Incorporated
C:\Users\Tester\AppData\Local\Temp\0216410                           PAGE    6

     276                      ; branchcc occurs ; [] |12| 
     277 0000005f 6F0E          B         $C$L30,UNC            ; [CPU_] |12| 
     278                      ; branch occurs ; [] |12| 
     279 00000060       $C$L28:    
     280 00000060 5246          CMPB      AL,#70                ; [CPU_] |12| 
     281 00000061 ECC0          BF        $C$L16,EQ             ; [CPU_] |12| 
     282                      ; branchcc occurs ; [] |12| 
     283 00000062 5261          CMPB      AL,#97                ; [CPU_] |12| 
     284 00000063 ECC0          BF        $C$L17,EQ             ; [CPU_] |12| 
     285                      ; branchcc occurs ; [] |12| 
     286 00000064 6F09          B         $C$L30,UNC            ; [CPU_] |12| 
     287                      ; branch occurs ; [] |12| 
     288 00000065       $C$L29:    
     289 00000065 5263          CMPB      AL,#99                ; [CPU_] |12| 
     290 00000066 ECC1          BF        $C$L19,EQ             ; [CPU_] |12| 
     291                      ; branchcc occurs ; [] |12| 
     292 00000067 5264          CMPB      AL,#100               ; [CPU_] |12| 
     293 00000068 ECC1          BF        $C$L20,EQ             ; [CPU_] |12| 
     294                      ; branchcc occurs ; [] |12| 
     295 00000069 5265          CMPB      AL,#101               ; [CPU_] |12| 
     296 0000006a ECC1          BF        $C$L21,EQ             ; [CPU_] |12| 
     297                      ; branchcc occurs ; [] |12| 
     298 0000006b 5266          CMPB      AL,#102               ; [CPU_] |12| 
     299 0000006c ECC1          BF        $C$L22,EQ             ; [CPU_] |12| 
     300                      ; branchcc occurs ; [] |12| 
     301 0000006d       $C$L30:    
     302                      .dwpsn  file "../ModBus/MessageASCII.c",line 37,column 5,is_stmt
     303 0000006d 9A00          MOVB      AL,#0                 ; [CPU_] |37| 
     304 0000006e       $C$L31:    
     305                      .dwpsn  file "../ModBus/MessageASCII.c",line 38,column 1,is_stmt
     306 0000006e FE82          SUBB      SP,#2                 ; [CPU_U] 
     307                      .dwcfi  cfa_offset, -2
     308              $C$DW$5 .dwtag  DW_TAG_TI_branch
     309                      .dwattr $C$DW$5, DW_AT_low_pc(0x00)
     310                      .dwattr $C$DW$5, DW_AT_TI_return
     311 0000006f 0006          LRETR     ; [CPU_] 
     312                      ; return occurs ; [] 
     313                      .dwattr $C$DW$2, DW_AT_TI_end_file("../ModBus/MessageASCII.c")
     314                      .dwattr $C$DW$2, DW_AT_TI_end_line(0x26)
     315                      .dwattr $C$DW$2, DW_AT_TI_end_column(0x01)
     316                      .dwendentry
     317                      .dwendtag $C$DW$2
     318              
     319 00000070               .sect   ".text"
     320                      .clink
     321                      .global _ASCII
     322              
     323              $C$DW$6 .dwtag  DW_TAG_subprogram, DW_AT_name("ASCII")
     324                      .dwattr $C$DW$6, DW_AT_low_pc(_ASCII)
     325                      .dwattr $C$DW$6, DW_AT_high_pc(0x00)
     326                      .dwattr $C$DW$6, DW_AT_TI_symbol_name("_ASCII")
     327                      .dwattr $C$DW$6, DW_AT_external
     328                      .dwattr $C$DW$6, DW_AT_type(*$C$DW$T$5)
     329                      .dwattr $C$DW$6, DW_AT_TI_begin_file("../ModBus/MessageASCII.c")
     330                      .dwattr $C$DW$6, DW_AT_TI_begin_line(0x2b)
TMS320C2000 Assembler PC v6.2.7 Thu Jul 02 08:31:18 2015

Tools Copyright (c) 1996-2014 Texas Instruments Incorporated
C:\Users\Tester\AppData\Local\Temp\0216410                           PAGE    7

     331                      .dwattr $C$DW$6, DW_AT_TI_begin_column(0x06)
     332                      .dwattr $C$DW$6, DW_AT_TI_max_frame_size(-4)
     333                      .dwpsn  file "../ModBus/MessageASCII.c",line 44,column 1,is_stmt,address _ASCII
     334              
     335                      .dwfde $C$DW$CIE, _ASCII
     336              $C$DW$7 .dwtag  DW_TAG_formal_parameter, DW_AT_name("data")
     337                      .dwattr $C$DW$7, DW_AT_TI_symbol_name("_data")
     338                      .dwattr $C$DW$7, DW_AT_type(*$C$DW$T$5)
     339                      .dwattr $C$DW$7, DW_AT_location[DW_OP_reg0]
     340              
     341              ;***************************************************************
     342              ;* FNAME: _ASCII                        FR SIZE:   2           *
     343              ;*                                                             *
     344              ;* FUNCTION ENVIRONMENT                                        *
     345              ;*                                                             *
     346              ;* FUNCTION PROPERTIES                                         *
     347              ;*                            0 Parameter,  1 Auto,  0 SOE     *
     348              ;***************************************************************
     349              
     350 00000070       _ASCII:
     351                      .dwcfi  cfa_offset, -2
     352                      .dwcfi  save_reg_to_mem, 26, 0
     353                      .dwcfi  save_reg_to_reg, 78, 26
     354 00000070 FE02          ADDB      SP,#2                 ; [CPU_U] 
     355                      .dwcfi  cfa_offset, -4
     356              $C$DW$8 .dwtag  DW_TAG_variable, DW_AT_name("data")
     357                      .dwattr $C$DW$8, DW_AT_TI_symbol_name("_data")
     358                      .dwattr $C$DW$8, DW_AT_type(*$C$DW$T$5)
     359                      .dwattr $C$DW$8, DW_AT_location[DW_OP_breg20 -1]
     360 00000071 9641          MOV       *-SP[1],AL            ; [CPU_] |44| 
     361                      .dwpsn  file "../ModBus/MessageASCII.c",line 45,column 5,is_stmt
     362 00000072 3B01          SETC      SXM                   ; [CPU_] 
     363 00000073 900F          ANDB      AL,#0x0f              ; [CPU_] |45| 
     364 00000074 8F00+         MOVL      XAR4,#_ascii_cod      ; [CPU_U] |45| 
         00000075 0000 
     365 00000076 85A9          MOV       ACC,AL                ; [CPU_] |45| 
     366 00000077 5601          ADDL      XAR4,ACC              ; [CPU_] |45| 
         00000078 00A4 
     367 00000079 92C4          MOV       AL,*+XAR4[0]          ; [CPU_] |45| 
     368                      .dwpsn  file "../ModBus/MessageASCII.c",line 46,column 1,is_stmt
     369 0000007a FE82          SUBB      SP,#2                 ; [CPU_U] 
     370                      .dwcfi  cfa_offset, -2
     371              $C$DW$9 .dwtag  DW_TAG_TI_branch
     372                      .dwattr $C$DW$9, DW_AT_low_pc(0x00)
     373                      .dwattr $C$DW$9, DW_AT_TI_return
     374 0000007b 0006          LRETR     ; [CPU_] 
     375                      ; return occurs ; [] 
     376                      .dwattr $C$DW$6, DW_AT_TI_end_file("../ModBus/MessageASCII.c")
     377                      .dwattr $C$DW$6, DW_AT_TI_end_line(0x2e)
     378                      .dwattr $C$DW$6, DW_AT_TI_end_column(0x01)
     379                      .dwendentry
     380                      .dwendtag $C$DW$6
     381              
     382 0000007c               .sect   ".text"
     383                      .clink
TMS320C2000 Assembler PC v6.2.7 Thu Jul 02 08:31:18 2015

Tools Copyright (c) 1996-2014 Texas Instruments Incorporated
C:\Users\Tester\AppData\Local\Temp\0216410                           PAGE    8

     384                      .global _ConvertString
     385              
     386              $C$DW$10        .dwtag  DW_TAG_subprogram, DW_AT_name("ConvertString")
     387                      .dwattr $C$DW$10, DW_AT_low_pc(_ConvertString)
     388                      .dwattr $C$DW$10, DW_AT_high_pc(0x00)
     389                      .dwattr $C$DW$10, DW_AT_TI_symbol_name("_ConvertString")
     390                      .dwattr $C$DW$10, DW_AT_external
     391                      .dwattr $C$DW$10, DW_AT_type(*$C$DW$T$5)
     392                      .dwattr $C$DW$10, DW_AT_TI_begin_file("../ModBus/MessageASCII.c")
     393                      .dwattr $C$DW$10, DW_AT_TI_begin_line(0x37)
     394                      .dwattr $C$DW$10, DW_AT_TI_begin_column(0x06)
     395                      .dwattr $C$DW$10, DW_AT_TI_max_frame_size(-12)
     396                      .dwpsn  file "../ModBus/MessageASCII.c",line 56,column 1,is_stmt,address _ConvertString
     397              
     398                      .dwfde $C$DW$CIE, _ConvertString
     399              $C$DW$11        .dwtag  DW_TAG_formal_parameter, DW_AT_name("in")
     400                      .dwattr $C$DW$11, DW_AT_TI_symbol_name("_in")
     401                      .dwattr $C$DW$11, DW_AT_type(*$C$DW$T$22)
     402                      .dwattr $C$DW$11, DW_AT_location[DW_OP_reg12]
     403              $C$DW$12        .dwtag  DW_TAG_formal_parameter, DW_AT_name("cntByte")
     404                      .dwattr $C$DW$12, DW_AT_TI_symbol_name("_cntByte")
     405                      .dwattr $C$DW$12, DW_AT_type(*$C$DW$T$5)
     406                      .dwattr $C$DW$12, DW_AT_location[DW_OP_reg0]
     407              $C$DW$13        .dwtag  DW_TAG_formal_parameter, DW_AT_name("out")
     408                      .dwattr $C$DW$13, DW_AT_TI_symbol_name("_out")
     409                      .dwattr $C$DW$13, DW_AT_type(*$C$DW$T$22)
     410                      .dwattr $C$DW$13, DW_AT_location[DW_OP_reg14]
     411              
     412              ;***************************************************************
     413              ;* FNAME: _ConvertString                FR SIZE:  10           *
     414              ;*                                                             *
     415              ;* FUNCTION ENVIRONMENT                                        *
     416              ;*                                                             *
     417              ;* FUNCTION PROPERTIES                                         *
     418              ;*                            0 Parameter,  9 Auto,  0 SOE     *
     419              ;***************************************************************
     420              
     421 0000007c       _ConvertString:
     422                      .dwcfi  cfa_offset, -2
     423                      .dwcfi  save_reg_to_mem, 26, 0
     424                      .dwcfi  save_reg_to_reg, 78, 26
     425 0000007c FE0A          ADDB      SP,#10                ; [CPU_U] 
     426                      .dwcfi  cfa_offset, -12
     427              $C$DW$14        .dwtag  DW_TAG_variable, DW_AT_name("in")
     428                      .dwattr $C$DW$14, DW_AT_TI_symbol_name("_in")
     429                      .dwattr $C$DW$14, DW_AT_type(*$C$DW$T$22)
     430                      .dwattr $C$DW$14, DW_AT_location[DW_OP_breg20 -2]
     431              $C$DW$15        .dwtag  DW_TAG_variable, DW_AT_name("cntByte")
     432                      .dwattr $C$DW$15, DW_AT_TI_symbol_name("_cntByte")
     433                      .dwattr $C$DW$15, DW_AT_type(*$C$DW$T$5)
     434                      .dwattr $C$DW$15, DW_AT_location[DW_OP_breg20 -3]
     435              $C$DW$16        .dwtag  DW_TAG_variable, DW_AT_name("out")
     436                      .dwattr $C$DW$16, DW_AT_TI_symbol_name("_out")
     437                      .dwattr $C$DW$16, DW_AT_type(*$C$DW$T$22)
     438                      .dwattr $C$DW$16, DW_AT_location[DW_OP_breg20 -6]
TMS320C2000 Assembler PC v6.2.7 Thu Jul 02 08:31:18 2015

Tools Copyright (c) 1996-2014 Texas Instruments Incorporated
C:\Users\Tester\AppData\Local\Temp\0216410                           PAGE    9

     439              $C$DW$17        .dwtag  DW_TAG_variable, DW_AT_name("lenth")
     440                      .dwattr $C$DW$17, DW_AT_TI_symbol_name("_lenth")
     441                      .dwattr $C$DW$17, DW_AT_type(*$C$DW$T$5)
     442                      .dwattr $C$DW$17, DW_AT_location[DW_OP_breg20 -7]
     443              $C$DW$18        .dwtag  DW_TAG_variable, DW_AT_name("cnt")
     444                      .dwattr $C$DW$18, DW_AT_TI_symbol_name("_cnt")
     445                      .dwattr $C$DW$18, DW_AT_type(*$C$DW$T$5)
     446                      .dwattr $C$DW$18, DW_AT_location[DW_OP_breg20 -8]
     447              $C$DW$19        .dwtag  DW_TAG_variable, DW_AT_name("tmp")
     448                      .dwattr $C$DW$19, DW_AT_TI_symbol_name("_tmp")
     449                      .dwattr $C$DW$19, DW_AT_type(*$C$DW$T$5)
     450                      .dwattr $C$DW$19, DW_AT_location[DW_OP_breg20 -9]
     451 0000007d 9643          MOV       *-SP[3],AL            ; [CPU_] |56| 
     452 0000007e A046          MOVL      *-SP[6],XAR5          ; [CPU_] |56| 
     453 0000007f A842          MOVL      *-SP[2],XAR4          ; [CPU_] |56| 
     454                      .dwpsn  file "../ModBus/MessageASCII.c",line 57,column 16,is_stmt
     455 00000080 2B47          MOV       *-SP[7],#0            ; [CPU_] |57| 
     456                      .dwpsn  file "../ModBus/MessageASCII.c",line 58,column 14,is_stmt
     457 00000081 2B48          MOV       *-SP[8],#0            ; [CPU_] |58| 
     458                      .dwpsn  file "../ModBus/MessageASCII.c",line 60,column 5,is_stmt
     459 00000082 8A42          MOVL      XAR4,*-SP[2]          ; [CPU_] |60| 
     460 00000083 92C4          MOV       AL,*+XAR4[0]          ; [CPU_] |60| 
     461 00000084 523A          CMPB      AL,#58                ; [CPU_] |60| 
     462 00000085 EC03          BF        $C$L32,EQ             ; [CPU_] |60| 
     463                      ; branchcc occurs ; [] |60| 
     464                      .dwpsn  file "../ModBus/MessageASCII.c",line 61,column 9,is_stmt
     465 00000086 9A00          MOVB      AL,#0                 ; [CPU_] |61| 
     466 00000087 6F3F          B         $C$L38,UNC            ; [CPU_] |61| 
     467                      ; branch occurs ; [] |61| 
     468 00000088       $C$L32:    
     469                      .dwpsn  file "../ModBus/MessageASCII.c",line 62,column 5,is_stmt
     470 00000088 0201          MOVB      ACC,#1                ; [CPU_] |62| 
     471 00000089 5601          ADDL      *-SP[2],ACC           ; [CPU_] |62| 
         0000008a 0042 
     472 0000008b       $C$L33:    
     473                      .dwpsn  file "../ModBus/MessageASCII.c",line 64,column 9,is_stmt
     474 0000008b 8A42          MOVL      XAR4,*-SP[2]          ; [CPU_] |64| 
     475 0000008c 92C4          MOV       AL,*+XAR4[0]          ; [CPU_] |64| 
     476 0000008d 520D          CMPB      AL,#13                ; [CPU_] |64| 
     477 0000008e ED0B          BF        $C$L35,NEQ            ; [CPU_] |64| 
     478                      ; branchcc occurs ; [] |64| 
     479                      .dwpsn  file "../ModBus/MessageASCII.c",line 66,column 13,is_stmt
     480 0000008f 8A42          MOVL      XAR4,*-SP[2]          ; [CPU_] |66| 
     481 00000090 DC01          ADDB      XAR4,#1               ; [CPU_] |66| 
     482 00000091 A842          MOVL      *-SP[2],XAR4          ; [CPU_] |66| 
     483 00000092 92C4          MOV       AL,*+XAR4[0]          ; [CPU_] |66| 
     484 00000093 520A          CMPB      AL,#10                ; [CPU_] |66| 
     485 00000094 ED03          BF        $C$L34,NEQ            ; [CPU_] |66| 
     486                      ; branchcc occurs ; [] |66| 
     487                      .dwpsn  file "../ModBus/MessageASCII.c",line 67,column 17,is_stmt
     488 00000095 9247          MOV       AL,*-SP[7]            ; [CPU_] |67| 
     489 00000096 6F30          B         $C$L38,UNC            ; [CPU_] |67| 
     490                      ; branch occurs ; [] |67| 
     491 00000097       $C$L34:    
     492                      .dwpsn  file "../ModBus/MessageASCII.c",line 68,column 18,is_stmt
TMS320C2000 Assembler PC v6.2.7 Thu Jul 02 08:31:18 2015

Tools Copyright (c) 1996-2014 Texas Instruments Incorporated
C:\Users\Tester\AppData\Local\Temp\0216410                           PAGE   10

     493 00000097 9A00          MOVB      AL,#0                 ; [CPU_] |68| 
     494 00000098 6F2E          B         $C$L38,UNC            ; [CPU_] |68| 
     495                      ; branch occurs ; [] |68| 
     496 00000099       $C$L35:    
     497                      .dwpsn  file "../ModBus/MessageASCII.c",line 70,column 9,is_stmt
     498 00000099 8A42          MOVL      XAR4,*-SP[2]          ; [CPU_] |70| 
     499 0000009a 92C4          MOV       AL,*+XAR4[0]          ; [CPU_] |70| 
     500              $C$DW$20        .dwtag  DW_TAG_TI_branch
     501                      .dwattr $C$DW$20, DW_AT_low_pc(0x00)
     502                      .dwattr $C$DW$20, DW_AT_name("_Bin")
     503                      .dwattr $C$DW$20, DW_AT_TI_call
     504 0000009b 7640'         LCR       #_Bin                 ; [CPU_] |70| 
         0000009c 0000 
     505                      ; call occurs [#_Bin] ; [] |70| 
     506 0000009d 5603          MOV       ACC,AL << #4          ; [CPU_] |70| 
         0000009e 04A9 
     507 0000009f 9649          MOV       *-SP[9],AL            ; [CPU_] |70| 
     508                      .dwpsn  file "../ModBus/MessageASCII.c",line 71,column 9,is_stmt
     509 000000a0 0201          MOVB      ACC,#1                ; [CPU_] |71| 
     510 000000a1 5601          ADDL      *-SP[2],ACC           ; [CPU_] |71| 
         000000a2 0042 
     511                      .dwpsn  file "../ModBus/MessageASCII.c",line 71,column 15,is_stmt
     512 000000a3 0A48          INC       *-SP[8]               ; [CPU_] |71| 
     513                      .dwpsn  file "../ModBus/MessageASCII.c",line 72,column 9,is_stmt
     514 000000a4 8A42          MOVL      XAR4,*-SP[2]          ; [CPU_] |72| 
     515 000000a5 92C4          MOV       AL,*+XAR4[0]          ; [CPU_] |72| 
     516 000000a6 520D          CMPB      AL,#13                ; [CPU_] |72| 
     517 000000a7 EC05          BF        $C$L36,EQ             ; [CPU_] |72| 
     518                      ; branchcc occurs ; [] |72| 
     519 000000a8 8A42          MOVL      XAR4,*-SP[2]          ; [CPU_] |72| 
     520 000000a9 92C4          MOV       AL,*+XAR4[0]          ; [CPU_] |72| 
     521 000000aa 520A          CMPB      AL,#10                ; [CPU_] |72| 
     522 000000ab ED03          BF        $C$L37,NEQ            ; [CPU_] |72| 
     523                      ; branchcc occurs ; [] |72| 
     524 000000ac       $C$L36:    
     525                      .dwpsn  file "../ModBus/MessageASCII.c",line 73,column 13,is_stmt
     526 000000ac 9A00          MOVB      AL,#0                 ; [CPU_] |73| 
     527 000000ad 6F19          B         $C$L38,UNC            ; [CPU_] |73| 
     528                      ; branch occurs ; [] |73| 
     529 000000ae       $C$L37:    
     530                      .dwpsn  file "../ModBus/MessageASCII.c",line 74,column 9,is_stmt
     531 000000ae 8A42          MOVL      XAR4,*-SP[2]          ; [CPU_] |74| 
     532 000000af 92C4          MOV       AL,*+XAR4[0]          ; [CPU_] |74| 
     533              $C$DW$21        .dwtag  DW_TAG_TI_branch
     534                      .dwattr $C$DW$21, DW_AT_low_pc(0x00)
     535                      .dwattr $C$DW$21, DW_AT_name("_Bin")
     536                      .dwattr $C$DW$21, DW_AT_TI_call
     537 000000b0 7640'         LCR       #_Bin                 ; [CPU_] |74| 
         000000b1 0000 
     538                      ; call occurs [#_Bin] ; [] |74| 
     539 000000b2 7249          ADD       *-SP[9],AL            ; [CPU_] |74| 
     540                      .dwpsn  file "../ModBus/MessageASCII.c",line 75,column 9,is_stmt
     541 000000b3 0201          MOVB      ACC,#1                ; [CPU_] |75| 
     542 000000b4 5601          ADDL      *-SP[2],ACC           ; [CPU_] |75| 
         000000b5 0042 
TMS320C2000 Assembler PC v6.2.7 Thu Jul 02 08:31:18 2015

Tools Copyright (c) 1996-2014 Texas Instruments Incorporated
C:\Users\Tester\AppData\Local\Temp\0216410                           PAGE   11

     543                      .dwpsn  file "../ModBus/MessageASCII.c",line 75,column 15,is_stmt
     544 000000b6 0A48          INC       *-SP[8]               ; [CPU_] |75| 
     545                      .dwpsn  file "../ModBus/MessageASCII.c",line 76,column 9,is_stmt
     546 000000b7 0A47          INC       *-SP[7]               ; [CPU_] |76| 
     547                      .dwpsn  file "../ModBus/MessageASCII.c",line 77,column 9,is_stmt
     548 000000b8 8A46          MOVL      XAR4,*-SP[6]          ; [CPU_] |77| 
     549 000000b9 C4A4          MOVL      XAR6,XAR4             ; [CPU_] |77| 
     550 000000ba 9249          MOV       AL,*-SP[9]            ; [CPU_] |77| 
     551 000000bb DE01          ADDB      XAR6,#1               ; [CPU_] |77| 
     552 000000bc C246          MOVL      *-SP[6],XAR6          ; [CPU_] |77| 
     553 000000bd 96C4          MOV       *+XAR4[0],AL          ; [CPU_] |77| 
     554                      .dwpsn  file "../ModBus/MessageASCII.c",line 78,column 15,is_stmt
     555 000000be 9243          MOV       AL,*-SP[3]            ; [CPU_] |78| 
     556 000000bf 5448          CMP       AL,*-SP[8]            ; [CPU_] |78| 
     557 000000c0 62CB          B         $C$L33,GT             ; [CPU_] |78| 
     558                      ; branchcc occurs ; [] |78| 
     559 000000c1 8A42          MOVL      XAR4,*-SP[2]          ; [CPU_] |78| 
     560 000000c2 92C4          MOV       AL,*+XAR4[0]          ; [CPU_] |78| 
     561 000000c3 520D          CMPB      AL,#13                ; [CPU_] |78| 
     562 000000c4 EDC7          BF        $C$L33,NEQ            ; [CPU_] |78| 
     563                      ; branchcc occurs ; [] |78| 
     564                      .dwpsn  file "../ModBus/MessageASCII.c",line 79,column 5,is_stmt
     565 000000c5 9A00          MOVB      AL,#0                 ; [CPU_] |79| 
     566 000000c6       $C$L38:    
     567                      .dwpsn  file "../ModBus/MessageASCII.c",line 80,column 1,is_stmt
     568 000000c6 FE8A          SUBB      SP,#10                ; [CPU_U] 
     569                      .dwcfi  cfa_offset, -2
     570              $C$DW$22        .dwtag  DW_TAG_TI_branch
     571                      .dwattr $C$DW$22, DW_AT_low_pc(0x00)
     572                      .dwattr $C$DW$22, DW_AT_TI_return
     573 000000c7 0006          LRETR     ; [CPU_] 
     574                      ; return occurs ; [] 
     575                      .dwattr $C$DW$10, DW_AT_TI_end_file("../ModBus/MessageASCII.c")
     576                      .dwattr $C$DW$10, DW_AT_TI_end_line(0x50)
     577                      .dwattr $C$DW$10, DW_AT_TI_end_column(0x01)
     578                      .dwendentry
     579                      .dwendtag $C$DW$10
     580              
     581 000000c8               .sect   ".text"
     582                      .clink
     583                      .global _ConvertMessag
     584              
     585              $C$DW$23        .dwtag  DW_TAG_subprogram, DW_AT_name("ConvertMessag")
     586                      .dwattr $C$DW$23, DW_AT_low_pc(_ConvertMessag)
     587                      .dwattr $C$DW$23, DW_AT_high_pc(0x00)
     588                      .dwattr $C$DW$23, DW_AT_TI_symbol_name("_ConvertMessag")
     589                      .dwattr $C$DW$23, DW_AT_external
     590                      .dwattr $C$DW$23, DW_AT_type(*$C$DW$T$5)
     591                      .dwattr $C$DW$23, DW_AT_TI_begin_file("../ModBus/MessageASCII.c")
     592                      .dwattr $C$DW$23, DW_AT_TI_begin_line(0x57)
     593                      .dwattr $C$DW$23, DW_AT_TI_begin_column(0x06)
     594                      .dwattr $C$DW$23, DW_AT_TI_max_frame_size(-8)
     595                      .dwpsn  file "../ModBus/MessageASCII.c",line 88,column 1,is_stmt,address _ConvertMessag
     596              
     597                      .dwfde $C$DW$CIE, _ConvertMessag
TMS320C2000 Assembler PC v6.2.7 Thu Jul 02 08:31:18 2015

Tools Copyright (c) 1996-2014 Texas Instruments Incorporated
C:\Users\Tester\AppData\Local\Temp\0216410                           PAGE   12

     598              $C$DW$24        .dwtag  DW_TAG_formal_parameter, DW_AT_name("in")
     599                      .dwattr $C$DW$24, DW_AT_TI_symbol_name("_in")
     600                      .dwattr $C$DW$24, DW_AT_type(*$C$DW$T$22)
     601                      .dwattr $C$DW$24, DW_AT_location[DW_OP_reg12]
     602              $C$DW$25        .dwtag  DW_TAG_formal_parameter, DW_AT_name("out")
     603                      .dwattr $C$DW$25, DW_AT_TI_symbol_name("_out")
     604                      .dwattr $C$DW$25, DW_AT_type(*$C$DW$T$22)
     605                      .dwattr $C$DW$25, DW_AT_location[DW_OP_reg14]
     606              $C$DW$26        .dwtag  DW_TAG_formal_parameter, DW_AT_name("lenth")
     607                      .dwattr $C$DW$26, DW_AT_TI_symbol_name("_lenth")
     608                      .dwattr $C$DW$26, DW_AT_type(*$C$DW$T$5)
     609                      .dwattr $C$DW$26, DW_AT_location[DW_OP_reg0]
     610              
     611              ;***************************************************************
     612              ;* FNAME: _ConvertMessag                FR SIZE:   6           *
     613              ;*                                                             *
     614              ;* FUNCTION ENVIRONMENT                                        *
     615              ;*                                                             *
     616              ;* FUNCTION PROPERTIES                                         *
     617              ;*                            0 Parameter,  6 Auto,  0 SOE     *
     618              ;***************************************************************
     619              
     620 000000c8       _ConvertMessag:
     621                      .dwcfi  cfa_offset, -2
     622                      .dwcfi  save_reg_to_mem, 26, 0
     623                      .dwcfi  save_reg_to_reg, 78, 26
     624 000000c8 FE06          ADDB      SP,#6                 ; [CPU_U] 
     625                      .dwcfi  cfa_offset, -8
     626              $C$DW$27        .dwtag  DW_TAG_variable, DW_AT_name("in")
     627                      .dwattr $C$DW$27, DW_AT_TI_symbol_name("_in")
     628                      .dwattr $C$DW$27, DW_AT_type(*$C$DW$T$22)
     629                      .dwattr $C$DW$27, DW_AT_location[DW_OP_breg20 -2]
     630              $C$DW$28        .dwtag  DW_TAG_variable, DW_AT_name("out")
     631                      .dwattr $C$DW$28, DW_AT_TI_symbol_name("_out")
     632                      .dwattr $C$DW$28, DW_AT_type(*$C$DW$T$22)
     633                      .dwattr $C$DW$28, DW_AT_location[DW_OP_breg20 -4]
     634              $C$DW$29        .dwtag  DW_TAG_variable, DW_AT_name("lenth")
     635                      .dwattr $C$DW$29, DW_AT_TI_symbol_name("_lenth")
     636                      .dwattr $C$DW$29, DW_AT_type(*$C$DW$T$5)
     637                      .dwattr $C$DW$29, DW_AT_location[DW_OP_breg20 -5]
     638              $C$DW$30        .dwtag  DW_TAG_variable, DW_AT_name("cnt")
     639                      .dwattr $C$DW$30, DW_AT_TI_symbol_name("_cnt")
     640                      .dwattr $C$DW$30, DW_AT_type(*$C$DW$T$5)
     641                      .dwattr $C$DW$30, DW_AT_location[DW_OP_breg20 -6]
     642 000000c9 9645          MOV       *-SP[5],AL            ; [CPU_] |88| 
     643 000000ca A044          MOVL      *-SP[4],XAR5          ; [CPU_] |88| 
     644 000000cb A842          MOVL      *-SP[2],XAR4          ; [CPU_] |88| 
     645                      .dwpsn  file "../ModBus/MessageASCII.c",line 89,column 13,is_stmt
     646 000000cc 2B46          MOV       *-SP[6],#0            ; [CPU_] |89| 
     647                      .dwpsn  file "../ModBus/MessageASCII.c",line 90,column 5,is_stmt
     648 000000cd 8A44          MOVL      XAR4,*-SP[4]          ; [CPU_] |90| 
     649 000000ce 56BF          MOVB      *+XAR4[0],#58,UNC     ; [CPU_] |90| 
         000000cf 3AC4 
     650                      .dwpsn  file "../ModBus/MessageASCII.c",line 91,column 5,is_stmt
     651 000000d0 0A46          INC       *-SP[6]               ; [CPU_] |91| 
TMS320C2000 Assembler PC v6.2.7 Thu Jul 02 08:31:18 2015

Tools Copyright (c) 1996-2014 Texas Instruments Incorporated
C:\Users\Tester\AppData\Local\Temp\0216410                           PAGE   13

     652 000000d1       $C$L39:    
     653                      .dwpsn  file "../ModBus/MessageASCII.c",line 93,column 5,is_stmt
     654 000000d1 0201          MOVB      ACC,#1                ; [CPU_] |93| 
     655 000000d2 5601          ADDL      *-SP[4],ACC           ; [CPU_] |93| 
         000000d3 0044 
     656                      .dwpsn  file "../ModBus/MessageASCII.c",line 93,column 12,is_stmt
     657 000000d4 0A46          INC       *-SP[6]               ; [CPU_] |93| 
     658                      .dwpsn  file "../ModBus/MessageASCII.c",line 94,column 5,is_stmt
     659 000000d5 8A42          MOVL      XAR4,*-SP[2]          ; [CPU_] |94| 
     660 000000d6 92C4          MOV       AL,*+XAR4[0]          ; [CPU_] |94| 
     661 000000d7 FFA3          ASR       AL,4                  ; [CPU_] |94| 
     662              $C$DW$31        .dwtag  DW_TAG_TI_branch
     663                      .dwattr $C$DW$31, DW_AT_low_pc(0x00)
     664                      .dwattr $C$DW$31, DW_AT_name("_ASCII")
     665                      .dwattr $C$DW$31, DW_AT_TI_call
     666 000000d8 7640'         LCR       #_ASCII               ; [CPU_] |94| 
         000000d9 0070 
     667                      ; call occurs [#_ASCII] ; [] |94| 
     668 000000da 8A44          MOVL      XAR4,*-SP[4]          ; [CPU_] |94| 
     669 000000db 96C4          MOV       *+XAR4[0],AL          ; [CPU_] |94| 
     670                      .dwpsn  file "../ModBus/MessageASCII.c",line 95,column 5,is_stmt
     671 000000dc 0201          MOVB      ACC,#1                ; [CPU_] |95| 
     672 000000dd 5601          ADDL      *-SP[4],ACC           ; [CPU_] |95| 
         000000de 0044 
     673                      .dwpsn  file "../ModBus/MessageASCII.c",line 95,column 12,is_stmt
     674 000000df 0A46          INC       *-SP[6]               ; [CPU_] |95| 
     675                      .dwpsn  file "../ModBus/MessageASCII.c",line 96,column 5,is_stmt
     676 000000e0 8A42          MOVL      XAR4,*-SP[2]          ; [CPU_] |96| 
     677 000000e1 CCC4          AND       AL,*+XAR4[0],#0x000f  ; [CPU_] |96| 
         000000e2 000F 
     678              $C$DW$32        .dwtag  DW_TAG_TI_branch
     679                      .dwattr $C$DW$32, DW_AT_low_pc(0x00)
     680                      .dwattr $C$DW$32, DW_AT_name("_ASCII")
     681                      .dwattr $C$DW$32, DW_AT_TI_call
     682 000000e3 7640'         LCR       #_ASCII               ; [CPU_] |96| 
         000000e4 0070 
     683                      ; call occurs [#_ASCII] ; [] |96| 
     684 000000e5 8A44          MOVL      XAR4,*-SP[4]          ; [CPU_] |96| 
     685 000000e6 96C4          MOV       *+XAR4[0],AL          ; [CPU_] |96| 
     686                      .dwpsn  file "../ModBus/MessageASCII.c",line 96,column 35,is_stmt
     687 000000e7 0201          MOVB      ACC,#1                ; [CPU_] |96| 
     688 000000e8 5601          ADDL      *-SP[2],ACC           ; [CPU_] |96| 
         000000e9 0042 
     689                      .dwpsn  file "../ModBus/MessageASCII.c",line 97,column 5,is_stmt
     690 000000ea 0B45          DEC       *-SP[5]               ; [CPU_] |97| 
     691                      .dwpsn  file "../ModBus/MessageASCII.c",line 98,column 15,is_stmt
     692 000000eb 9245          MOV       AL,*-SP[5]            ; [CPU_] |98| 
     693 000000ec 62E5          B         $C$L39,GT             ; [CPU_] |98| 
     694                      ; branchcc occurs ; [] |98| 
     695                      .dwpsn  file "../ModBus/MessageASCII.c",line 99,column 5,is_stmt
     696 000000ed 0201          MOVB      ACC,#1                ; [CPU_] |99| 
     697 000000ee 5601          ADDL      *-SP[4],ACC           ; [CPU_] |99| 
         000000ef 0044 
     698                      .dwpsn  file "../ModBus/MessageASCII.c",line 99,column 12,is_stmt
     699 000000f0 0A46          INC       *-SP[6]               ; [CPU_] |99| 
TMS320C2000 Assembler PC v6.2.7 Thu Jul 02 08:31:18 2015

Tools Copyright (c) 1996-2014 Texas Instruments Incorporated
C:\Users\Tester\AppData\Local\Temp\0216410                           PAGE   14

     700                      .dwpsn  file "../ModBus/MessageASCII.c",line 100,column 5,is_stmt
     701 000000f1 8A44          MOVL      XAR4,*-SP[4]          ; [CPU_] |100| 
     702 000000f2 56BF          MOVB      *+XAR4[0],#13,UNC     ; [CPU_] |100| 
         000000f3 0DC4 
     703                      .dwpsn  file "../ModBus/MessageASCII.c",line 101,column 5,is_stmt
     704 000000f4 5601          ADDL      *-SP[4],ACC           ; [CPU_] |101| 
         000000f5 0044 
     705                      .dwpsn  file "../ModBus/MessageASCII.c",line 101,column 12,is_stmt
     706 000000f6 0A46          INC       *-SP[6]               ; [CPU_] |101| 
     707                      .dwpsn  file "../ModBus/MessageASCII.c",line 102,column 5,is_stmt
     708 000000f7 8A44          MOVL      XAR4,*-SP[4]          ; [CPU_] |102| 
     709 000000f8 56BF          MOVB      *+XAR4[0],#10,UNC     ; [CPU_] |102| 
         000000f9 0AC4 
     710                      .dwpsn  file "../ModBus/MessageASCII.c",line 103,column 5,is_stmt
     711 000000fa 9246          MOV       AL,*-SP[6]            ; [CPU_] |103| 
     712                      .dwpsn  file "../ModBus/MessageASCII.c",line 104,column 1,is_stmt
     713 000000fb FE86          SUBB      SP,#6                 ; [CPU_U] 
     714                      .dwcfi  cfa_offset, -2
     715              $C$DW$33        .dwtag  DW_TAG_TI_branch
     716                      .dwattr $C$DW$33, DW_AT_low_pc(0x00)
     717                      .dwattr $C$DW$33, DW_AT_TI_return
     718 000000fc 0006          LRETR     ; [CPU_] 
     719                      ; return occurs ; [] 
     720                      .dwattr $C$DW$23, DW_AT_TI_end_file("../ModBus/MessageASCII.c")
     721                      .dwattr $C$DW$23, DW_AT_TI_end_line(0x68)
     722                      .dwattr $C$DW$23, DW_AT_TI_end_column(0x01)
     723                      .dwendentry
     724                      .dwendtag $C$DW$23
     725              
     726 000000fd               .sect   ".text"
     727                      .clink
     728                      .global _LRC
     729              
     730              $C$DW$34        .dwtag  DW_TAG_subprogram, DW_AT_name("LRC")
     731                      .dwattr $C$DW$34, DW_AT_low_pc(_LRC)
     732                      .dwattr $C$DW$34, DW_AT_high_pc(0x00)
     733                      .dwattr $C$DW$34, DW_AT_TI_symbol_name("_LRC")
     734                      .dwattr $C$DW$34, DW_AT_external
     735                      .dwattr $C$DW$34, DW_AT_type(*$C$DW$T$5)
     736                      .dwattr $C$DW$34, DW_AT_TI_begin_file("../ModBus/MessageASCII.c")
     737                      .dwattr $C$DW$34, DW_AT_TI_begin_line(0x71)
     738                      .dwattr $C$DW$34, DW_AT_TI_begin_column(0x06)
     739                      .dwattr $C$DW$34, DW_AT_TI_max_frame_size(-6)
     740                      .dwpsn  file "../ModBus/MessageASCII.c",line 114,column 1,is_stmt,address _LRC
     741              
     742                      .dwfde $C$DW$CIE, _LRC
     743              $C$DW$35        .dwtag  DW_TAG_formal_parameter, DW_AT_name("str")
     744                      .dwattr $C$DW$35, DW_AT_TI_symbol_name("_str")
     745                      .dwattr $C$DW$35, DW_AT_type(*$C$DW$T$22)
     746                      .dwattr $C$DW$35, DW_AT_location[DW_OP_reg12]
     747              $C$DW$36        .dwtag  DW_TAG_formal_parameter, DW_AT_name("lenth")
     748                      .dwattr $C$DW$36, DW_AT_TI_symbol_name("_lenth")
     749                      .dwattr $C$DW$36, DW_AT_type(*$C$DW$T$5)
     750                      .dwattr $C$DW$36, DW_AT_location[DW_OP_reg0]
     751              
TMS320C2000 Assembler PC v6.2.7 Thu Jul 02 08:31:18 2015

Tools Copyright (c) 1996-2014 Texas Instruments Incorporated
C:\Users\Tester\AppData\Local\Temp\0216410                           PAGE   15

     752              ;***************************************************************
     753              ;* FNAME: _LRC                          FR SIZE:   4           *
     754              ;*                                                             *
     755              ;* FUNCTION ENVIRONMENT                                        *
     756              ;*                                                             *
     757              ;* FUNCTION PROPERTIES                                         *
     758              ;*                            0 Parameter,  4 Auto,  0 SOE     *
     759              ;***************************************************************
     760              
     761 000000fd       _LRC:
     762                      .dwcfi  cfa_offset, -2
     763                      .dwcfi  save_reg_to_mem, 26, 0
     764                      .dwcfi  save_reg_to_reg, 78, 26
     765 000000fd FE04          ADDB      SP,#4                 ; [CPU_U] 
     766                      .dwcfi  cfa_offset, -6
     767              $C$DW$37        .dwtag  DW_TAG_variable, DW_AT_name("str")
     768                      .dwattr $C$DW$37, DW_AT_TI_symbol_name("_str")
     769                      .dwattr $C$DW$37, DW_AT_type(*$C$DW$T$22)
     770                      .dwattr $C$DW$37, DW_AT_location[DW_OP_breg20 -2]
     771              $C$DW$38        .dwtag  DW_TAG_variable, DW_AT_name("lenth")
     772                      .dwattr $C$DW$38, DW_AT_TI_symbol_name("_lenth")
     773                      .dwattr $C$DW$38, DW_AT_type(*$C$DW$T$5)
     774                      .dwattr $C$DW$38, DW_AT_location[DW_OP_breg20 -3]
     775              $C$DW$39        .dwtag  DW_TAG_variable, DW_AT_name("lrc")
     776                      .dwattr $C$DW$39, DW_AT_TI_symbol_name("_lrc")
     777                      .dwattr $C$DW$39, DW_AT_type(*$C$DW$T$6)
     778                      .dwattr $C$DW$39, DW_AT_location[DW_OP_breg20 -4]
     779 000000fe 9643          MOV       *-SP[3],AL            ; [CPU_] |114| 
     780 000000ff A842          MOVL      *-SP[2],XAR4          ; [CPU_] |114| 
     781                      .dwpsn  file "../ModBus/MessageASCII.c",line 115,column 23,is_stmt
     782 00000100 2B44          MOV       *-SP[4],#0            ; [CPU_] |115| 
     783                      .dwpsn  file "../ModBus/MessageASCII.c",line 116,column 13,is_stmt
     784 00000101 5200          CMPB      AL,#0                 ; [CPU_] |116| 
     785 00000102 650A          B         $C$L41,LEQ            ; [CPU_] |116| 
     786                      ; branchcc occurs ; [] |116| 
     787 00000103       $C$L40:    
     788                      .dwpsn  file "../ModBus/MessageASCII.c",line 118,column 9,is_stmt
     789 00000103 8A42          MOVL      XAR4,*-SP[2]          ; [CPU_] |118| 
     790 00000104 92C4          MOV       AL,*+XAR4[0]          ; [CPU_] |118| 
     791 00000105 7244          ADD       *-SP[4],AL            ; [CPU_] |118| 
     792                      .dwpsn  file "../ModBus/MessageASCII.c",line 119,column 9,is_stmt
     793 00000106 0201          MOVB      ACC,#1                ; [CPU_] |119| 
     794 00000107 5601          ADDL      *-SP[2],ACC           ; [CPU_] |119| 
         00000108 0042 
     795                      .dwpsn  file "../ModBus/MessageASCII.c",line 120,column 9,is_stmt
     796 00000109 0B43          DEC       *-SP[3]               ; [CPU_] |120| 
     797                      .dwpsn  file "../ModBus/MessageASCII.c",line 116,column 13,is_stmt
     798 0000010a 9243          MOV       AL,*-SP[3]            ; [CPU_] |116| 
     799 0000010b 62F8          B         $C$L40,GT             ; [CPU_] |116| 
     800                      ; branchcc occurs ; [] |116| 
     801 0000010c       $C$L41:    
     802                      .dwpsn  file "../ModBus/MessageASCII.c",line 122,column 5,is_stmt
     803 0000010c 1844          AND       *-SP[4],#0x00ff       ; [CPU_] |122| 
         0000010d 00FF 
     804                      .dwpsn  file "../ModBus/MessageASCII.c",line 123,column 5,is_stmt
TMS320C2000 Assembler PC v6.2.7 Thu Jul 02 08:31:18 2015

Tools Copyright (c) 1996-2014 Texas Instruments Incorporated
C:\Users\Tester\AppData\Local\Temp\0216410                           PAGE   16

     805 0000010e 9244          MOV       AL,*-SP[4]            ; [CPU_] |123| 
     806 0000010f FF5C          NEG       AL                    ; [CPU_] |123| 
     807                      .dwpsn  file "../ModBus/MessageASCII.c",line 124,column 1,is_stmt
     808 00000110 FE84          SUBB      SP,#4                 ; [CPU_U] 
     809                      .dwcfi  cfa_offset, -2
     810              $C$DW$40        .dwtag  DW_TAG_TI_branch
     811                      .dwattr $C$DW$40, DW_AT_low_pc(0x00)
     812                      .dwattr $C$DW$40, DW_AT_TI_return
     813 00000111 0006          LRETR     ; [CPU_] 
     814                      ; return occurs ; [] 
     815                      .dwattr $C$DW$34, DW_AT_TI_end_file("../ModBus/MessageASCII.c")
     816                      .dwattr $C$DW$34, DW_AT_TI_end_line(0x7c)
     817                      .dwattr $C$DW$34, DW_AT_TI_end_column(0x01)
     818                      .dwendentry
     819                      .dwendtag $C$DW$34
     820              
     821              
     822              ;***************************************************************
     823              ;* TYPE INFORMATION                                            *
     824              ;***************************************************************
     825              $C$DW$T$4       .dwtag  DW_TAG_base_type
     826                      .dwattr $C$DW$T$4, DW_AT_encoding(DW_ATE_boolean)
     827                      .dwattr $C$DW$T$4, DW_AT_name("bool")
     828                      .dwattr $C$DW$T$4, DW_AT_byte_size(0x01)
     829              $C$DW$T$5       .dwtag  DW_TAG_base_type
     830                      .dwattr $C$DW$T$5, DW_AT_encoding(DW_ATE_signed_char)
     831                      .dwattr $C$DW$T$5, DW_AT_name("signed char")
     832                      .dwattr $C$DW$T$5, DW_AT_byte_size(0x01)
     833              $C$DW$T$6       .dwtag  DW_TAG_base_type
     834                      .dwattr $C$DW$T$6, DW_AT_encoding(DW_ATE_unsigned_char)
     835                      .dwattr $C$DW$T$6, DW_AT_name("unsigned char")
     836                      .dwattr $C$DW$T$6, DW_AT_byte_size(0x01)
     837              $C$DW$T$7       .dwtag  DW_TAG_base_type
     838                      .dwattr $C$DW$T$7, DW_AT_encoding(DW_ATE_signed_char)
     839                      .dwattr $C$DW$T$7, DW_AT_name("wchar_t")
     840                      .dwattr $C$DW$T$7, DW_AT_byte_size(0x01)
     841              $C$DW$T$8       .dwtag  DW_TAG_base_type
     842                      .dwattr $C$DW$T$8, DW_AT_encoding(DW_ATE_signed)
     843                      .dwattr $C$DW$T$8, DW_AT_name("short")
     844                      .dwattr $C$DW$T$8, DW_AT_byte_size(0x01)
     845              $C$DW$T$9       .dwtag  DW_TAG_base_type
     846                      .dwattr $C$DW$T$9, DW_AT_encoding(DW_ATE_unsigned)
     847                      .dwattr $C$DW$T$9, DW_AT_name("unsigned short")
     848                      .dwattr $C$DW$T$9, DW_AT_byte_size(0x01)
     849              $C$DW$T$10      .dwtag  DW_TAG_base_type
     850                      .dwattr $C$DW$T$10, DW_AT_encoding(DW_ATE_signed)
     851                      .dwattr $C$DW$T$10, DW_AT_name("int")
     852                      .dwattr $C$DW$T$10, DW_AT_byte_size(0x01)
     853              $C$DW$T$11      .dwtag  DW_TAG_base_type
     854                      .dwattr $C$DW$T$11, DW_AT_encoding(DW_ATE_unsigned)
     855                      .dwattr $C$DW$T$11, DW_AT_name("unsigned int")
     856                      .dwattr $C$DW$T$11, DW_AT_byte_size(0x01)
     857              $C$DW$T$12      .dwtag  DW_TAG_base_type
     858                      .dwattr $C$DW$T$12, DW_AT_encoding(DW_ATE_signed)
     859                      .dwattr $C$DW$T$12, DW_AT_name("long")
TMS320C2000 Assembler PC v6.2.7 Thu Jul 02 08:31:18 2015

Tools Copyright (c) 1996-2014 Texas Instruments Incorporated
C:\Users\Tester\AppData\Local\Temp\0216410                           PAGE   17

     860                      .dwattr $C$DW$T$12, DW_AT_byte_size(0x02)
     861              $C$DW$T$13      .dwtag  DW_TAG_base_type
     862                      .dwattr $C$DW$T$13, DW_AT_encoding(DW_ATE_unsigned)
     863                      .dwattr $C$DW$T$13, DW_AT_name("unsigned long")
     864                      .dwattr $C$DW$T$13, DW_AT_byte_size(0x02)
     865              $C$DW$T$14      .dwtag  DW_TAG_base_type
     866                      .dwattr $C$DW$T$14, DW_AT_encoding(DW_ATE_signed)
     867                      .dwattr $C$DW$T$14, DW_AT_name("long long")
     868                      .dwattr $C$DW$T$14, DW_AT_byte_size(0x04)
     869              $C$DW$T$15      .dwtag  DW_TAG_base_type
     870                      .dwattr $C$DW$T$15, DW_AT_encoding(DW_ATE_unsigned)
     871                      .dwattr $C$DW$T$15, DW_AT_name("unsigned long long")
     872                      .dwattr $C$DW$T$15, DW_AT_byte_size(0x04)
     873              $C$DW$T$16      .dwtag  DW_TAG_base_type
     874                      .dwattr $C$DW$T$16, DW_AT_encoding(DW_ATE_float)
     875                      .dwattr $C$DW$T$16, DW_AT_name("float")
     876                      .dwattr $C$DW$T$16, DW_AT_byte_size(0x02)
     877              $C$DW$T$17      .dwtag  DW_TAG_base_type
     878                      .dwattr $C$DW$T$17, DW_AT_encoding(DW_ATE_float)
     879                      .dwattr $C$DW$T$17, DW_AT_name("double")
     880                      .dwattr $C$DW$T$17, DW_AT_byte_size(0x02)
     881              $C$DW$T$18      .dwtag  DW_TAG_base_type
     882                      .dwattr $C$DW$T$18, DW_AT_encoding(DW_ATE_float)
     883                      .dwattr $C$DW$T$18, DW_AT_name("long double")
     884                      .dwattr $C$DW$T$18, DW_AT_byte_size(0x04)
     885              $C$DW$T$22      .dwtag  DW_TAG_pointer_type
     886                      .dwattr $C$DW$T$22, DW_AT_type(*$C$DW$T$5)
     887                      .dwattr $C$DW$T$22, DW_AT_address_class(0x16)
     888              $C$DW$41        .dwtag  DW_TAG_TI_far_type
     889                      .dwattr $C$DW$41, DW_AT_type(*$C$DW$T$5)
     890              $C$DW$T$26      .dwtag  DW_TAG_const_type
     891                      .dwattr $C$DW$T$26, DW_AT_type(*$C$DW$41)
     892              
     893              $C$DW$T$27      .dwtag  DW_TAG_array_type
     894                      .dwattr $C$DW$T$27, DW_AT_type(*$C$DW$T$26)
     895                      .dwattr $C$DW$T$27, DW_AT_language(DW_LANG_C)
     896                      .dwattr $C$DW$T$27, DW_AT_byte_size(0x11)
     897              $C$DW$42        .dwtag  DW_TAG_subrange_type
     898                      .dwattr $C$DW$42, DW_AT_upper_bound(0x10)
     899                      .dwendtag $C$DW$T$27
     900              
     901                      .dwattr $C$DW$CU, DW_AT_language(DW_LANG_C)
     902              
     903              ;***************************************************************
     904              ;* DWARF CIE ENTRIES                                           *
     905              ;***************************************************************
     906              
     907              $C$DW$CIE       .dwcie 78
     908                      .dwcfi  cfa_register, 20
     909                      .dwcfi  cfa_offset, 0
     910                      .dwcfi  undefined, 0
     911                      .dwcfi  undefined, 1
     912                      .dwcfi  undefined, 2
     913                      .dwcfi  undefined, 3
     914                      .dwcfi  undefined, 20
TMS320C2000 Assembler PC v6.2.7 Thu Jul 02 08:31:18 2015

Tools Copyright (c) 1996-2014 Texas Instruments Incorporated
C:\Users\Tester\AppData\Local\Temp\0216410                           PAGE   18

     915                      .dwcfi  undefined, 21
     916                      .dwcfi  undefined, 22
     917                      .dwcfi  undefined, 23
     918                      .dwcfi  undefined, 24
     919                      .dwcfi  undefined, 25
     920                      .dwcfi  undefined, 26
     921                      .dwcfi  same_value, 28
     922                      .dwcfi  undefined, 29
     923                      .dwcfi  undefined, 30
     924                      .dwcfi  undefined, 31
     925                      .dwcfi  undefined, 32
     926                      .dwcfi  undefined, 33
     927                      .dwcfi  undefined, 34
     928                      .dwcfi  undefined, 35
     929                      .dwcfi  undefined, 36
     930                      .dwcfi  undefined, 37
     931                      .dwcfi  undefined, 38
     932                      .dwcfi  undefined, 75
     933                      .dwcfi  undefined, 76
     934                      .dwcfi  undefined, 77
     935                      .dwcfi  undefined, 4
     936                      .dwcfi  same_value, 6
     937                      .dwcfi  same_value, 8
     938                      .dwcfi  same_value, 10
     939                      .dwcfi  undefined, 12
     940                      .dwcfi  undefined, 14
     941                      .dwcfi  undefined, 16
     942                      .dwcfi  undefined, 17
     943                      .dwcfi  undefined, 18
     944                      .dwcfi  undefined, 19
     945                      .dwcfi  undefined, 5
     946                      .dwcfi  same_value, 7
     947                      .dwcfi  same_value, 9
     948                      .dwcfi  same_value, 11
     949                      .dwcfi  undefined, 13
     950                      .dwcfi  undefined, 15
     951                      .dwcfi  undefined, 43
     952                      .dwcfi  undefined, 44
     953                      .dwcfi  undefined, 47
     954                      .dwcfi  undefined, 48
     955                      .dwcfi  undefined, 51
     956                      .dwcfi  undefined, 52
     957                      .dwcfi  undefined, 55
     958                      .dwcfi  undefined, 56
     959                      .dwcfi  same_value, 59
     960                      .dwcfi  same_value, 60
     961                      .dwcfi  same_value, 63
     962                      .dwcfi  same_value, 64
     963                      .dwcfi  same_value, 67
     964                      .dwcfi  same_value, 68
     965                      .dwcfi  same_value, 71
     966                      .dwcfi  same_value, 72
     967                      .dwcfi  undefined, 73
     968                      .dwcfi  undefined, 74
     969                      .dwcfi  undefined, 39
TMS320C2000 Assembler PC v6.2.7 Thu Jul 02 08:31:18 2015

Tools Copyright (c) 1996-2014 Texas Instruments Incorporated
C:\Users\Tester\AppData\Local\Temp\0216410                           PAGE   19

     970                      .dwcfi  undefined, 40
     971                      .dwcfi  undefined, 27
     972                      .dwcfi  undefined, 78
     973                      .dwendentry
     974              
     975              ;***************************************************************
     976              ;* DWARF REGISTER MAP                                          *
     977              ;***************************************************************
     978              
     979              $C$DW$43        .dwtag  DW_TAG_TI_assign_register, DW_AT_name("AL")
     980                      .dwattr $C$DW$43, DW_AT_location[DW_OP_reg0]
     981              $C$DW$44        .dwtag  DW_TAG_TI_assign_register, DW_AT_name("AH")
     982                      .dwattr $C$DW$44, DW_AT_location[DW_OP_reg1]
     983              $C$DW$45        .dwtag  DW_TAG_TI_assign_register, DW_AT_name("PL")
     984                      .dwattr $C$DW$45, DW_AT_location[DW_OP_reg2]
     985              $C$DW$46        .dwtag  DW_TAG_TI_assign_register, DW_AT_name("PH")
     986                      .dwattr $C$DW$46, DW_AT_location[DW_OP_reg3]
     987              $C$DW$47        .dwtag  DW_TAG_TI_assign_register, DW_AT_name("SP")
     988                      .dwattr $C$DW$47, DW_AT_location[DW_OP_reg20]
     989              $C$DW$48        .dwtag  DW_TAG_TI_assign_register, DW_AT_name("XT")
     990                      .dwattr $C$DW$48, DW_AT_location[DW_OP_reg21]
     991              $C$DW$49        .dwtag  DW_TAG_TI_assign_register, DW_AT_name("T")
     992                      .dwattr $C$DW$49, DW_AT_location[DW_OP_reg22]
     993              $C$DW$50        .dwtag  DW_TAG_TI_assign_register, DW_AT_name("ST0")
     994                      .dwattr $C$DW$50, DW_AT_location[DW_OP_reg23]
     995              $C$DW$51        .dwtag  DW_TAG_TI_assign_register, DW_AT_name("ST1")
     996                      .dwattr $C$DW$51, DW_AT_location[DW_OP_reg24]
     997              $C$DW$52        .dwtag  DW_TAG_TI_assign_register, DW_AT_name("PC")
     998                      .dwattr $C$DW$52, DW_AT_location[DW_OP_reg25]
     999              $C$DW$53        .dwtag  DW_TAG_TI_assign_register, DW_AT_name("RPC")
    1000                      .dwattr $C$DW$53, DW_AT_location[DW_OP_reg26]
    1001              $C$DW$54        .dwtag  DW_TAG_TI_assign_register, DW_AT_name("FP")
    1002                      .dwattr $C$DW$54, DW_AT_location[DW_OP_reg28]
    1003              $C$DW$55        .dwtag  DW_TAG_TI_assign_register, DW_AT_name("DP")
    1004                      .dwattr $C$DW$55, DW_AT_location[DW_OP_reg29]
    1005              $C$DW$56        .dwtag  DW_TAG_TI_assign_register, DW_AT_name("SXM")
    1006                      .dwattr $C$DW$56, DW_AT_location[DW_OP_reg30]
    1007              $C$DW$57        .dwtag  DW_TAG_TI_assign_register, DW_AT_name("PM")
    1008                      .dwattr $C$DW$57, DW_AT_location[DW_OP_reg31]
    1009              $C$DW$58        .dwtag  DW_TAG_TI_assign_register, DW_AT_name("OVM")
    1010                      .dwattr $C$DW$58, DW_AT_location[DW_OP_regx 0x20]
    1011              $C$DW$59        .dwtag  DW_TAG_TI_assign_register, DW_AT_name("PAGE0")
    1012                      .dwattr $C$DW$59, DW_AT_location[DW_OP_regx 0x21]
    1013              $C$DW$60        .dwtag  DW_TAG_TI_assign_register, DW_AT_name("AMODE")
    1014                      .dwattr $C$DW$60, DW_AT_location[DW_OP_regx 0x22]
    1015              $C$DW$61        .dwtag  DW_TAG_TI_assign_register, DW_AT_name("INTM")
    1016                      .dwattr $C$DW$61, DW_AT_location[DW_OP_regx 0x23]
    1017              $C$DW$62        .dwtag  DW_TAG_TI_assign_register, DW_AT_name("IFR")
    1018                      .dwattr $C$DW$62, DW_AT_location[DW_OP_regx 0x24]
    1019              $C$DW$63        .dwtag  DW_TAG_TI_assign_register, DW_AT_name("IER")
    1020                      .dwattr $C$DW$63, DW_AT_location[DW_OP_regx 0x25]
    1021              $C$DW$64        .dwtag  DW_TAG_TI_assign_register, DW_AT_name("V")
    1022                      .dwattr $C$DW$64, DW_AT_location[DW_OP_regx 0x26]
    1023              $C$DW$65        .dwtag  DW_TAG_TI_assign_register, DW_AT_name("PSEUDOH")
    1024                      .dwattr $C$DW$65, DW_AT_location[DW_OP_regx 0x4c]
TMS320C2000 Assembler PC v6.2.7 Thu Jul 02 08:31:18 2015

Tools Copyright (c) 1996-2014 Texas Instruments Incorporated
C:\Users\Tester\AppData\Local\Temp\0216410                           PAGE   20

    1025              $C$DW$66        .dwtag  DW_TAG_TI_assign_register, DW_AT_name("VOL")
    1026                      .dwattr $C$DW$66, DW_AT_location[DW_OP_regx 0x4d]
    1027              $C$DW$67        .dwtag  DW_TAG_TI_assign_register, DW_AT_name("AR0")
    1028                      .dwattr $C$DW$67, DW_AT_location[DW_OP_reg4]
    1029              $C$DW$68        .dwtag  DW_TAG_TI_assign_register, DW_AT_name("AR1")
    1030                      .dwattr $C$DW$68, DW_AT_location[DW_OP_reg6]
    1031              $C$DW$69        .dwtag  DW_TAG_TI_assign_register, DW_AT_name("AR2")
    1032                      .dwattr $C$DW$69, DW_AT_location[DW_OP_reg8]
    1033              $C$DW$70        .dwtag  DW_TAG_TI_assign_register, DW_AT_name("AR3")
    1034                      .dwattr $C$DW$70, DW_AT_location[DW_OP_reg10]
    1035              $C$DW$71        .dwtag  DW_TAG_TI_assign_register, DW_AT_name("AR4")
    1036                      .dwattr $C$DW$71, DW_AT_location[DW_OP_reg12]
    1037              $C$DW$72        .dwtag  DW_TAG_TI_assign_register, DW_AT_name("AR5")
    1038                      .dwattr $C$DW$72, DW_AT_location[DW_OP_reg14]
    1039              $C$DW$73        .dwtag  DW_TAG_TI_assign_register, DW_AT_name("AR6")
    1040                      .dwattr $C$DW$73, DW_AT_location[DW_OP_reg16]
    1041              $C$DW$74        .dwtag  DW_TAG_TI_assign_register, DW_AT_name("XAR6")
    1042                      .dwattr $C$DW$74, DW_AT_location[DW_OP_reg17]
    1043              $C$DW$75        .dwtag  DW_TAG_TI_assign_register, DW_AT_name("AR7")
    1044                      .dwattr $C$DW$75, DW_AT_location[DW_OP_reg18]
    1045              $C$DW$76        .dwtag  DW_TAG_TI_assign_register, DW_AT_name("XAR7")
    1046                      .dwattr $C$DW$76, DW_AT_location[DW_OP_reg19]
    1047              $C$DW$77        .dwtag  DW_TAG_TI_assign_register, DW_AT_name("XAR0")
    1048                      .dwattr $C$DW$77, DW_AT_location[DW_OP_reg5]
    1049              $C$DW$78        .dwtag  DW_TAG_TI_assign_register, DW_AT_name("XAR1")
    1050                      .dwattr $C$DW$78, DW_AT_location[DW_OP_reg7]
    1051              $C$DW$79        .dwtag  DW_TAG_TI_assign_register, DW_AT_name("XAR2")
    1052                      .dwattr $C$DW$79, DW_AT_location[DW_OP_reg9]
    1053              $C$DW$80        .dwtag  DW_TAG_TI_assign_register, DW_AT_name("XAR3")
    1054                      .dwattr $C$DW$80, DW_AT_location[DW_OP_reg11]
    1055              $C$DW$81        .dwtag  DW_TAG_TI_assign_register, DW_AT_name("XAR4")
    1056                      .dwattr $C$DW$81, DW_AT_location[DW_OP_reg13]
    1057              $C$DW$82        .dwtag  DW_TAG_TI_assign_register, DW_AT_name("XAR5")
    1058                      .dwattr $C$DW$82, DW_AT_location[DW_OP_reg15]
    1059              $C$DW$83        .dwtag  DW_TAG_TI_assign_register, DW_AT_name("R0HL")
    1060                      .dwattr $C$DW$83, DW_AT_location[DW_OP_regx 0x2b]
    1061              $C$DW$84        .dwtag  DW_TAG_TI_assign_register, DW_AT_name("R0H")
    1062                      .dwattr $C$DW$84, DW_AT_location[DW_OP_regx 0x2c]
    1063              $C$DW$85        .dwtag  DW_TAG_TI_assign_register, DW_AT_name("R1HL")
    1064                      .dwattr $C$DW$85, DW_AT_location[DW_OP_regx 0x2f]
    1065              $C$DW$86        .dwtag  DW_TAG_TI_assign_register, DW_AT_name("R1H")
    1066                      .dwattr $C$DW$86, DW_AT_location[DW_OP_regx 0x30]
    1067              $C$DW$87        .dwtag  DW_TAG_TI_assign_register, DW_AT_name("R2HL")
    1068                      .dwattr $C$DW$87, DW_AT_location[DW_OP_regx 0x33]
    1069              $C$DW$88        .dwtag  DW_TAG_TI_assign_register, DW_AT_name("R2H")
    1070                      .dwattr $C$DW$88, DW_AT_location[DW_OP_regx 0x34]
    1071              $C$DW$89        .dwtag  DW_TAG_TI_assign_register, DW_AT_name("R3HL")
    1072                      .dwattr $C$DW$89, DW_AT_location[DW_OP_regx 0x37]
    1073              $C$DW$90        .dwtag  DW_TAG_TI_assign_register, DW_AT_name("R3H")
    1074                      .dwattr $C$DW$90, DW_AT_location[DW_OP_regx 0x38]
    1075              $C$DW$91        .dwtag  DW_TAG_TI_assign_register, DW_AT_name("R4HL")
    1076                      .dwattr $C$DW$91, DW_AT_location[DW_OP_regx 0x3b]
    1077              $C$DW$92        .dwtag  DW_TAG_TI_assign_register, DW_AT_name("R4H")
    1078                      .dwattr $C$DW$92, DW_AT_location[DW_OP_regx 0x3c]
    1079              $C$DW$93        .dwtag  DW_TAG_TI_assign_register, DW_AT_name("R5HL")
TMS320C2000 Assembler PC v6.2.7 Thu Jul 02 08:31:18 2015

Tools Copyright (c) 1996-2014 Texas Instruments Incorporated
C:\Users\Tester\AppData\Local\Temp\0216410                           PAGE   21

    1080                      .dwattr $C$DW$93, DW_AT_location[DW_OP_regx 0x3f]
    1081              $C$DW$94        .dwtag  DW_TAG_TI_assign_register, DW_AT_name("R5H")
    1082                      .dwattr $C$DW$94, DW_AT_location[DW_OP_regx 0x40]
    1083              $C$DW$95        .dwtag  DW_TAG_TI_assign_register, DW_AT_name("R6HL")
    1084                      .dwattr $C$DW$95, DW_AT_location[DW_OP_regx 0x43]
    1085              $C$DW$96        .dwtag  DW_TAG_TI_assign_register, DW_AT_name("R6H")
    1086                      .dwattr $C$DW$96, DW_AT_location[DW_OP_regx 0x44]
    1087              $C$DW$97        .dwtag  DW_TAG_TI_assign_register, DW_AT_name("R7HL")
    1088                      .dwattr $C$DW$97, DW_AT_location[DW_OP_regx 0x47]
    1089              $C$DW$98        .dwtag  DW_TAG_TI_assign_register, DW_AT_name("R7H")
    1090                      .dwattr $C$DW$98, DW_AT_location[DW_OP_regx 0x48]
    1091              $C$DW$99        .dwtag  DW_TAG_TI_assign_register, DW_AT_name("RBL")
    1092                      .dwattr $C$DW$99, DW_AT_location[DW_OP_regx 0x49]
    1093              $C$DW$100       .dwtag  DW_TAG_TI_assign_register, DW_AT_name("RB")
    1094                      .dwattr $C$DW$100, DW_AT_location[DW_OP_regx 0x4a]
    1095              $C$DW$101       .dwtag  DW_TAG_TI_assign_register, DW_AT_name("STFL")
    1096                      .dwattr $C$DW$101, DW_AT_location[DW_OP_regx 0x27]
    1097              $C$DW$102       .dwtag  DW_TAG_TI_assign_register, DW_AT_name("STF")
    1098                      .dwattr $C$DW$102, DW_AT_location[DW_OP_regx 0x28]
    1099              $C$DW$103       .dwtag  DW_TAG_TI_assign_register, DW_AT_name("FPUHAZ")
    1100                      .dwattr $C$DW$103, DW_AT_location[DW_OP_reg27]
    1101              $C$DW$104       .dwtag  DW_TAG_TI_assign_register, DW_AT_name("CIE_RETA")
    1102                      .dwattr $C$DW$104, DW_AT_location[DW_OP_regx 0x4e]
    1103                      .dwendtag $C$DW$CU
    1104              

No Assembly Errors, No Assembly Warnings
