TMS320C2000 Assembler PC v6.2.7 Thu Jul 02 08:31:19 2015

Tools Copyright (c) 1996-2014 Texas Instruments Incorporated
C:\Users\Tester\AppData\Local\Temp\0335610                           PAGE    1

       1              ;***************************************************************
       2              ;* TMS320C2000 C/C++ Codegen                         PC v6.2.7 *
       3              ;* Date/Time created: Thu Jul 02 08:31:19 2015                 *
       4              ;***************************************************************
       5                      .compiler_opts --diag_wrap=off --float_support=fpu32 --hll_source=on --mem_model:code=flat --mem_mode
       6        0002  FP      .set    XAR2
       7              
       8              $C$DW$CU        .dwtag  DW_TAG_compile_unit
       9                      .dwattr $C$DW$CU, DW_AT_name("../ModBus/Rs485MbusASCII.c")
      10                      .dwattr $C$DW$CU, DW_AT_producer("TMS320C2000 C/C++ Codegen PC v6.2.7 Copyright (c) 1996-2014 Texas I
      11                      .dwattr $C$DW$CU, DW_AT_TI_version(0x01)
      12                      .dwattr $C$DW$CU, DW_AT_comp_dir("D:\ActiveProject\EKT5\PKMT_NONBIOS\InvertorCntrl\ISPprg")
      13              
      14              $C$DW$1 .dwtag  DW_TAG_subprogram, DW_AT_name("CmdGetInputBits")
      15                      .dwattr $C$DW$1, DW_AT_TI_symbol_name("_CmdGetInputBits")
      16                      .dwattr $C$DW$1, DW_AT_type(*$C$DW$T$5)
      17                      .dwattr $C$DW$1, DW_AT_declaration
      18                      .dwattr $C$DW$1, DW_AT_external
      19              $C$DW$2 .dwtag  DW_TAG_formal_parameter
      20                      .dwattr $C$DW$2, DW_AT_type(*$C$DW$T$25)
      21              $C$DW$3 .dwtag  DW_TAG_formal_parameter
      22                      .dwattr $C$DW$3, DW_AT_type(*$C$DW$T$5)
      23                      .dwendtag $C$DW$1
      24              
      25              
      26              $C$DW$4 .dwtag  DW_TAG_subprogram, DW_AT_name("CmdRegsNeedSet")
      27                      .dwattr $C$DW$4, DW_AT_TI_symbol_name("_CmdRegsNeedSet")
      28                      .dwattr $C$DW$4, DW_AT_type(*$C$DW$T$5)
      29                      .dwattr $C$DW$4, DW_AT_declaration
      30                      .dwattr $C$DW$4, DW_AT_external
      31              $C$DW$5 .dwtag  DW_TAG_formal_parameter
      32                      .dwattr $C$DW$5, DW_AT_type(*$C$DW$T$25)
      33              $C$DW$6 .dwtag  DW_TAG_formal_parameter
      34                      .dwattr $C$DW$6, DW_AT_type(*$C$DW$T$5)
      35                      .dwendtag $C$DW$4
      36              
      37              
      38              $C$DW$7 .dwtag  DW_TAG_subprogram, DW_AT_name("CmdCoilCheng")
      39                      .dwattr $C$DW$7, DW_AT_TI_symbol_name("_CmdCoilCheng")
      40                      .dwattr $C$DW$7, DW_AT_type(*$C$DW$T$5)
      41                      .dwattr $C$DW$7, DW_AT_declaration
      42                      .dwattr $C$DW$7, DW_AT_external
      43              $C$DW$8 .dwtag  DW_TAG_formal_parameter
      44                      .dwattr $C$DW$8, DW_AT_type(*$C$DW$T$25)
      45              $C$DW$9 .dwtag  DW_TAG_formal_parameter
      46                      .dwattr $C$DW$9, DW_AT_type(*$C$DW$T$5)
      47                      .dwendtag $C$DW$7
      48              
      49              
      50              $C$DW$10        .dwtag  DW_TAG_subprogram, DW_AT_name("CmdGetCoils")
      51                      .dwattr $C$DW$10, DW_AT_TI_symbol_name("_CmdGetCoils")
      52                      .dwattr $C$DW$10, DW_AT_type(*$C$DW$T$5)
      53                      .dwattr $C$DW$10, DW_AT_declaration
      54                      .dwattr $C$DW$10, DW_AT_external
      55              $C$DW$11        .dwtag  DW_TAG_formal_parameter
TMS320C2000 Assembler PC v6.2.7 Thu Jul 02 08:31:19 2015

Tools Copyright (c) 1996-2014 Texas Instruments Incorporated
C:\Users\Tester\AppData\Local\Temp\0335610                           PAGE    2

      56                      .dwattr $C$DW$11, DW_AT_type(*$C$DW$T$25)
      57              $C$DW$12        .dwtag  DW_TAG_formal_parameter
      58                      .dwattr $C$DW$12, DW_AT_type(*$C$DW$T$5)
      59                      .dwendtag $C$DW$10
      60              
      61              
      62              $C$DW$13        .dwtag  DW_TAG_subprogram, DW_AT_name("getCmdCode")
      63                      .dwattr $C$DW$13, DW_AT_TI_symbol_name("_getCmdCode")
      64                      .dwattr $C$DW$13, DW_AT_type(*$C$DW$T$5)
      65                      .dwattr $C$DW$13, DW_AT_declaration
      66                      .dwattr $C$DW$13, DW_AT_external
      67              $C$DW$14        .dwtag  DW_TAG_formal_parameter
      68                      .dwattr $C$DW$14, DW_AT_type(*$C$DW$T$25)
      69                      .dwendtag $C$DW$13
      70              
      71              
      72              $C$DW$15        .dwtag  DW_TAG_subprogram, DW_AT_name("ConvertString")
      73                      .dwattr $C$DW$15, DW_AT_TI_symbol_name("_ConvertString")
      74                      .dwattr $C$DW$15, DW_AT_type(*$C$DW$T$5)
      75                      .dwattr $C$DW$15, DW_AT_declaration
      76                      .dwattr $C$DW$15, DW_AT_external
      77              $C$DW$16        .dwtag  DW_TAG_formal_parameter
      78                      .dwattr $C$DW$16, DW_AT_type(*$C$DW$T$25)
      79              $C$DW$17        .dwtag  DW_TAG_formal_parameter
      80                      .dwattr $C$DW$17, DW_AT_type(*$C$DW$T$5)
      81              $C$DW$18        .dwtag  DW_TAG_formal_parameter
      82                      .dwattr $C$DW$18, DW_AT_type(*$C$DW$T$25)
      83                      .dwendtag $C$DW$15
      84              
      85              
      86              $C$DW$19        .dwtag  DW_TAG_subprogram, DW_AT_name("CmdGetReadingReg")
      87                      .dwattr $C$DW$19, DW_AT_TI_symbol_name("_CmdGetReadingReg")
      88                      .dwattr $C$DW$19, DW_AT_type(*$C$DW$T$5)
      89                      .dwattr $C$DW$19, DW_AT_declaration
      90                      .dwattr $C$DW$19, DW_AT_external
      91              $C$DW$20        .dwtag  DW_TAG_formal_parameter
      92                      .dwattr $C$DW$20, DW_AT_type(*$C$DW$T$25)
      93              $C$DW$21        .dwtag  DW_TAG_formal_parameter
      94                      .dwattr $C$DW$21, DW_AT_type(*$C$DW$T$5)
      95                      .dwendtag $C$DW$19
      96              
      97              
      98              $C$DW$22        .dwtag  DW_TAG_subprogram, DW_AT_name("ConvertMessag")
      99                      .dwattr $C$DW$22, DW_AT_TI_symbol_name("_ConvertMessag")
     100                      .dwattr $C$DW$22, DW_AT_type(*$C$DW$T$5)
     101                      .dwattr $C$DW$22, DW_AT_declaration
     102                      .dwattr $C$DW$22, DW_AT_external
     103              $C$DW$23        .dwtag  DW_TAG_formal_parameter
     104                      .dwattr $C$DW$23, DW_AT_type(*$C$DW$T$25)
     105              $C$DW$24        .dwtag  DW_TAG_formal_parameter
     106                      .dwattr $C$DW$24, DW_AT_type(*$C$DW$T$25)
     107              $C$DW$25        .dwtag  DW_TAG_formal_parameter
     108                      .dwattr $C$DW$25, DW_AT_type(*$C$DW$T$5)
     109                      .dwendtag $C$DW$22
     110              
TMS320C2000 Assembler PC v6.2.7 Thu Jul 02 08:31:19 2015

Tools Copyright (c) 1996-2014 Texas Instruments Incorporated
C:\Users\Tester\AppData\Local\Temp\0335610                           PAGE    3

     111              
     112              $C$DW$26        .dwtag  DW_TAG_subprogram, DW_AT_name("CmdRegSet")
     113                      .dwattr $C$DW$26, DW_AT_TI_symbol_name("_CmdRegSet")
     114                      .dwattr $C$DW$26, DW_AT_type(*$C$DW$T$5)
     115                      .dwattr $C$DW$26, DW_AT_declaration
     116                      .dwattr $C$DW$26, DW_AT_external
     117              $C$DW$27        .dwtag  DW_TAG_formal_parameter
     118                      .dwattr $C$DW$27, DW_AT_type(*$C$DW$T$25)
     119              $C$DW$28        .dwtag  DW_TAG_formal_parameter
     120                      .dwattr $C$DW$28, DW_AT_type(*$C$DW$T$5)
     121                      .dwendtag $C$DW$26
     122              
     123              
     124              $C$DW$29        .dwtag  DW_TAG_subprogram, DW_AT_name("testAdress485")
     125                      .dwattr $C$DW$29, DW_AT_TI_symbol_name("_testAdress485")
     126                      .dwattr $C$DW$29, DW_AT_type(*$C$DW$T$5)
     127                      .dwattr $C$DW$29, DW_AT_declaration
     128                      .dwattr $C$DW$29, DW_AT_external
     129              $C$DW$30        .dwtag  DW_TAG_formal_parameter
     130                      .dwattr $C$DW$30, DW_AT_type(*$C$DW$T$25)
     131                      .dwendtag $C$DW$29
     132              
     133              
     134              $C$DW$31        .dwtag  DW_TAG_subprogram, DW_AT_name("LRC")
     135                      .dwattr $C$DW$31, DW_AT_TI_symbol_name("_LRC")
     136                      .dwattr $C$DW$31, DW_AT_type(*$C$DW$T$5)
     137                      .dwattr $C$DW$31, DW_AT_declaration
     138                      .dwattr $C$DW$31, DW_AT_external
     139              $C$DW$32        .dwtag  DW_TAG_formal_parameter
     140                      .dwattr $C$DW$32, DW_AT_type(*$C$DW$T$25)
     141              $C$DW$33        .dwtag  DW_TAG_formal_parameter
     142                      .dwattr $C$DW$33, DW_AT_type(*$C$DW$T$5)
     143                      .dwendtag $C$DW$31
     144              
     145              
     146              $C$DW$34        .dwtag  DW_TAG_subprogram, DW_AT_name("CmdGetInputReg")
     147                      .dwattr $C$DW$34, DW_AT_TI_symbol_name("_CmdGetInputReg")
     148                      .dwattr $C$DW$34, DW_AT_type(*$C$DW$T$5)
     149                      .dwattr $C$DW$34, DW_AT_declaration
     150                      .dwattr $C$DW$34, DW_AT_external
     151              $C$DW$35        .dwtag  DW_TAG_formal_parameter
     152                      .dwattr $C$DW$35, DW_AT_type(*$C$DW$T$25)
     153              $C$DW$36        .dwtag  DW_TAG_formal_parameter
     154                      .dwattr $C$DW$36, DW_AT_type(*$C$DW$T$5)
     155                      .dwendtag $C$DW$34
     156              
     157                      .global _timeRecive
     158 00000000       _timeRecive:    .usect  ".ebss",2,1,1
     159              $C$DW$37        .dwtag  DW_TAG_variable, DW_AT_name("timeRecive")
     160                      .dwattr $C$DW$37, DW_AT_TI_symbol_name("_timeRecive")
     161                      .dwattr $C$DW$37, DW_AT_location[DW_OP_addr _timeRecive]
     162                      .dwattr $C$DW$37, DW_AT_type(*$C$DW$T$21)
     163                      .dwattr $C$DW$37, DW_AT_external
     164              
     165              $C$DW$38        .dwtag  DW_TAG_subprogram, DW_AT_name("getCountTimer")
TMS320C2000 Assembler PC v6.2.7 Thu Jul 02 08:31:19 2015

Tools Copyright (c) 1996-2014 Texas Instruments Incorporated
C:\Users\Tester\AppData\Local\Temp\0335610                           PAGE    4

     166                      .dwattr $C$DW$38, DW_AT_TI_symbol_name("_getCountTimer")
     167                      .dwattr $C$DW$38, DW_AT_type(*$C$DW$T$21)
     168                      .dwattr $C$DW$38, DW_AT_declaration
     169                      .dwattr $C$DW$38, DW_AT_external
     170              ;       C:\ti\ccsv6\tools\compiler\c2000_6.2.7\bin\ac2000.exe -@C:\\Users\\Tester\\AppData\\Local\\Temp\\0335
     171 00000000               .sect   ".text"
     172                      .clink
     173                      .global _testASCIImsg
     174              
     175              $C$DW$39        .dwtag  DW_TAG_subprogram, DW_AT_name("testASCIImsg")
     176                      .dwattr $C$DW$39, DW_AT_low_pc(_testASCIImsg)
     177                      .dwattr $C$DW$39, DW_AT_high_pc(0x00)
     178                      .dwattr $C$DW$39, DW_AT_TI_symbol_name("_testASCIImsg")
     179                      .dwattr $C$DW$39, DW_AT_external
     180                      .dwattr $C$DW$39, DW_AT_type(*$C$DW$T$5)
     181                      .dwattr $C$DW$39, DW_AT_TI_begin_file("../ModBus/Rs485MbusASCII.c")
     182                      .dwattr $C$DW$39, DW_AT_TI_begin_line(0x19)
     183                      .dwattr $C$DW$39, DW_AT_TI_begin_column(0x06)
     184                      .dwattr $C$DW$39, DW_AT_TI_max_frame_size(-6)
     185                      .dwpsn  file "../ModBus/Rs485MbusASCII.c",line 25,column 44,is_stmt,address _testASCIImsg
     186              
     187                      .dwfde $C$DW$CIE, _testASCIImsg
     188              $C$DW$40        .dwtag  DW_TAG_formal_parameter, DW_AT_name("msg")
     189                      .dwattr $C$DW$40, DW_AT_TI_symbol_name("_msg")
     190                      .dwattr $C$DW$40, DW_AT_type(*$C$DW$T$25)
     191                      .dwattr $C$DW$40, DW_AT_location[DW_OP_reg12]
     192              $C$DW$41        .dwtag  DW_TAG_formal_parameter, DW_AT_name("number")
     193                      .dwattr $C$DW$41, DW_AT_TI_symbol_name("_number")
     194                      .dwattr $C$DW$41, DW_AT_type(*$C$DW$T$19)
     195                      .dwattr $C$DW$41, DW_AT_location[DW_OP_reg0]
     196              
     197              ;***************************************************************
     198              ;* FNAME: _testASCIImsg                 FR SIZE:   4           *
     199              ;*                                                             *
     200              ;* FUNCTION ENVIRONMENT                                        *
     201              ;*                                                             *
     202              ;* FUNCTION PROPERTIES                                         *
     203              ;*                            0 Parameter,  4 Auto,  0 SOE     *
     204              ;***************************************************************
     205              
     206 00000000       _testASCIImsg:
     207                      .dwcfi  cfa_offset, -2
     208                      .dwcfi  save_reg_to_mem, 26, 0
     209                      .dwcfi  save_reg_to_reg, 78, 26
     210 00000000 FE04          ADDB      SP,#4                 ; [CPU_U] 
     211                      .dwcfi  cfa_offset, -6
     212              $C$DW$42        .dwtag  DW_TAG_variable, DW_AT_name("msg")
     213                      .dwattr $C$DW$42, DW_AT_TI_symbol_name("_msg")
     214                      .dwattr $C$DW$42, DW_AT_type(*$C$DW$T$25)
     215                      .dwattr $C$DW$42, DW_AT_location[DW_OP_breg20 -2]
     216              $C$DW$43        .dwtag  DW_TAG_variable, DW_AT_name("number")
     217                      .dwattr $C$DW$43, DW_AT_TI_symbol_name("_number")
     218                      .dwattr $C$DW$43, DW_AT_type(*$C$DW$T$19)
     219                      .dwattr $C$DW$43, DW_AT_location[DW_OP_breg20 -3]
     220              $C$DW$44        .dwtag  DW_TAG_variable, DW_AT_name("cnt")
TMS320C2000 Assembler PC v6.2.7 Thu Jul 02 08:31:19 2015

Tools Copyright (c) 1996-2014 Texas Instruments Incorporated
C:\Users\Tester\AppData\Local\Temp\0335610                           PAGE    5

     221                      .dwattr $C$DW$44, DW_AT_TI_symbol_name("_cnt")
     222                      .dwattr $C$DW$44, DW_AT_type(*$C$DW$T$19)
     223                      .dwattr $C$DW$44, DW_AT_location[DW_OP_breg20 -4]
     224 00000001 9643          MOV       *-SP[3],AL            ; [CPU_] |25| 
     225 00000002 A842          MOVL      *-SP[2],XAR4          ; [CPU_] |25| 
     226                      .dwpsn  file "../ModBus/Rs485MbusASCII.c",line 28,column 2,is_stmt
     227 00000003 5201          CMPB      AL,#1                 ; [CPU_] |28| 
     228 00000004 ED0F          BF        $C$L2,NEQ             ; [CPU_] |28| 
     229                      ; branchcc occurs ; [] |28| 
     230                      .dwpsn  file "../ModBus/Rs485MbusASCII.c",line 29,column 3,is_stmt
     231 00000005 8A42          MOVL      XAR4,*-SP[2]          ; [CPU_] |29| 
     232 00000006 92C4          MOV       AL,*+XAR4[0]          ; [CPU_] |29| 
     233 00000007 523A          CMPB      AL,#58                ; [CPU_] |29| 
     234 00000008 ED08          BF        $C$L1,NEQ             ; [CPU_] |29| 
     235                      ; branchcc occurs ; [] |29| 
     236                      .dwpsn  file "../ModBus/Rs485MbusASCII.c",line 30,column 4,is_stmt
     237              $C$DW$45        .dwtag  DW_TAG_TI_branch
     238                      .dwattr $C$DW$45, DW_AT_low_pc(0x00)
     239                      .dwattr $C$DW$45, DW_AT_name("_getCountTimer")
     240                      .dwattr $C$DW$45, DW_AT_TI_call
     241 00000009 7640!         LCR       #_getCountTimer       ; [CPU_] |30| 
         0000000a 0000 
     242                      ; call occurs [#_getCountTimer] ; [] |30| 
     243 0000000b 761F-         MOVW      DP,#_timeRecive       ; [CPU_U] 
         0000000c 0000 
     244 0000000d 1E00-         MOVL      @_timeRecive,ACC      ; [CPU_] |30| 
     245                      .dwpsn  file "../ModBus/Rs485MbusASCII.c",line 31,column 4,is_stmt
     246 0000000e 9A00          MOVB      AL,#0                 ; [CPU_] |31| 
     247 0000000f 6F2D          B         $C$L8,UNC             ; [CPU_] |31| 
     248                      ; branch occurs ; [] |31| 
     249 00000010       $C$L1:    
     250                      .dwpsn  file "../ModBus/Rs485MbusASCII.c",line 33,column 3,is_stmt
     251 00000010 28A9          MOV       AL,#-1                ; [CPU_] |33| 
         00000011 FFFF 
     252 00000012 6F2A          B         $C$L8,UNC             ; [CPU_] |33| 
     253                      ; branch occurs ; [] |33| 
     254 00000013       $C$L2:    
     255                      .dwpsn  file "../ModBus/Rs485MbusASCII.c",line 38,column 2,is_stmt
     256              $C$DW$46        .dwtag  DW_TAG_TI_branch
     257                      .dwattr $C$DW$46, DW_AT_low_pc(0x00)
     258                      .dwattr $C$DW$46, DW_AT_name("_getCountTimer")
     259                      .dwattr $C$DW$46, DW_AT_TI_call
     260 00000013 7640!         LCR       #_getCountTimer       ; [CPU_] |38| 
         00000014 0000 
     261                      ; call occurs [#_getCountTimer] ; [] |38| 
     262 00000015 761F-         MOVW      DP,#_timeRecive       ; [CPU_U] 
         00000016 0000 
     263 00000017 8F0F          MOVL      XAR4,#1000000         ; [CPU_U] |38| 
         00000018 4240 
     264 00000019 A300-         MOVL      P,@_timeRecive        ; [CPU_] |38| 
     265 0000001a 5641          SUBL      P,ACC                 ; [CPU_] |38| 
         0000001b 00AB 
     266 0000001c A8A9          MOVL      ACC,XAR4              ; [CPU_] |38| 
     267 0000001d 0FAB          CMPL      ACC,P                 ; [CPU_] |38| 
     268 0000001e 6704          B         $C$L3,HIS             ; [CPU_] |38| 
TMS320C2000 Assembler PC v6.2.7 Thu Jul 02 08:31:19 2015

Tools Copyright (c) 1996-2014 Texas Instruments Incorporated
C:\Users\Tester\AppData\Local\Temp\0335610                           PAGE    6

     269                      ; branchcc occurs ; [] |38| 
     270                      .dwpsn  file "../ModBus/Rs485MbusASCII.c",line 39,column 3,is_stmt
     271 0000001f 28A9          MOV       AL,#-1                ; [CPU_] |39| 
         00000020 FFFF 
     272 00000021 6F1B          B         $C$L8,UNC             ; [CPU_] |39| 
     273                      ; branch occurs ; [] |39| 
     274 00000022       $C$L3:    
     275                      .dwpsn  file "../ModBus/Rs485MbusASCII.c",line 41,column 2,is_stmt
     276 00000022 9243          MOV       AL,*-SP[3]            ; [CPU_] |41| 
     277 00000023 5211          CMPB      AL,#17                ; [CPU_] |41| 
     278 00000024 6703          B         $C$L4,HIS             ; [CPU_] |41| 
     279                      ; branchcc occurs ; [] |41| 
     280                      .dwpsn  file "../ModBus/Rs485MbusASCII.c",line 42,column 3,is_stmt
     281 00000025 9A00          MOVB      AL,#0                 ; [CPU_] |42| 
     282 00000026 6F16          B         $C$L8,UNC             ; [CPU_] |42| 
     283                      ; branch occurs ; [] |42| 
     284 00000027       $C$L4:    
     285                      .dwpsn  file "../ModBus/Rs485MbusASCII.c",line 43,column 2,is_stmt
     286 00000027 56BF          MOVB      *-SP[4],#1,UNC        ; [CPU_] |43| 
         00000028 0144 
     287                      .dwpsn  file "../ModBus/Rs485MbusASCII.c",line 44,column 8,is_stmt
     288 00000029 5444          CMP       AL,*-SP[4]            ; [CPU_] |44| 
     289 0000002a 6911          B         $C$L7,LOS             ; [CPU_] |44| 
     290                      ; branchcc occurs ; [] |44| 
     291 0000002b       $C$L5:    
     292                      .dwpsn  file "../ModBus/Rs485MbusASCII.c",line 45,column 3,is_stmt
     293 0000002b 8A42          MOVL      XAR4,*-SP[2]          ; [CPU_] |45| 
     294 0000002c 5844          MOVZ      AR0,*-SP[4]           ; [CPU_] |45| 
     295 0000002d 9294          MOV       AL,*+XAR4[AR0]        ; [CPU_] |45| 
     296 0000002e 520A          CMPB      AL,#10                ; [CPU_] |45| 
     297 0000002f ED08          BF        $C$L6,NEQ             ; [CPU_] |45| 
     298                      ; branchcc occurs ; [] |45| 
     299                      .dwpsn  file "../ModBus/Rs485MbusASCII.c",line 46,column 4,is_stmt
     300 00000030 8A42          MOVL      XAR4,*-SP[2]          ; [CPU_] |46| 
     301 00000031 D881          SUBB      XAR0,#1               ; [CPU_U] |46| 
     302 00000032 9294          MOV       AL,*+XAR4[AR0]        ; [CPU_] |46| 
     303 00000033 520D          CMPB      AL,#13                ; [CPU_] |46| 
     304 00000034 ED03          BF        $C$L6,NEQ             ; [CPU_] |46| 
     305                      ; branchcc occurs ; [] |46| 
     306                      .dwpsn  file "../ModBus/Rs485MbusASCII.c",line 47,column 5,is_stmt
     307 00000035 9A01          MOVB      AL,#1                 ; [CPU_] |47| 
     308 00000036 6F06          B         $C$L8,UNC             ; [CPU_] |47| 
     309                      ; branch occurs ; [] |47| 
     310 00000037       $C$L6:    
     311                      .dwpsn  file "../ModBus/Rs485MbusASCII.c",line 49,column 3,is_stmt
     312 00000037 0A44          INC       *-SP[4]               ; [CPU_] |49| 
     313                      .dwpsn  file "../ModBus/Rs485MbusASCII.c",line 44,column 8,is_stmt
     314 00000038 9243          MOV       AL,*-SP[3]            ; [CPU_] |44| 
     315 00000039 5444          CMP       AL,*-SP[4]            ; [CPU_] |44| 
     316 0000003a 66F1          B         $C$L5,HI              ; [CPU_] |44| 
     317                      ; branchcc occurs ; [] |44| 
     318 0000003b       $C$L7:    
     319                      .dwpsn  file "../ModBus/Rs485MbusASCII.c",line 51,column 2,is_stmt
     320 0000003b 9A00          MOVB      AL,#0                 ; [CPU_] |51| 
     321 0000003c       $C$L8:    
TMS320C2000 Assembler PC v6.2.7 Thu Jul 02 08:31:19 2015

Tools Copyright (c) 1996-2014 Texas Instruments Incorporated
C:\Users\Tester\AppData\Local\Temp\0335610                           PAGE    7

     322                      .dwpsn  file "../ModBus/Rs485MbusASCII.c",line 52,column 1,is_stmt
     323 0000003c FE84          SUBB      SP,#4                 ; [CPU_U] 
     324                      .dwcfi  cfa_offset, -2
     325              $C$DW$47        .dwtag  DW_TAG_TI_branch
     326                      .dwattr $C$DW$47, DW_AT_low_pc(0x00)
     327                      .dwattr $C$DW$47, DW_AT_TI_return
     328 0000003d 0006          LRETR     ; [CPU_] 
     329                      ; return occurs ; [] 
     330                      .dwattr $C$DW$39, DW_AT_TI_end_file("../ModBus/Rs485MbusASCII.c")
     331                      .dwattr $C$DW$39, DW_AT_TI_end_line(0x34)
     332                      .dwattr $C$DW$39, DW_AT_TI_end_column(0x01)
     333                      .dwendentry
     334                      .dwendtag $C$DW$39
     335              
     336 0000003e               .sect   ".text"
     337                      .clink
     338                      .global _cntrlRs485ASCII
     339              
     340              $C$DW$48        .dwtag  DW_TAG_subprogram, DW_AT_name("cntrlRs485ASCII")
     341                      .dwattr $C$DW$48, DW_AT_low_pc(_cntrlRs485ASCII)
     342                      .dwattr $C$DW$48, DW_AT_high_pc(0x00)
     343                      .dwattr $C$DW$48, DW_AT_TI_symbol_name("_cntrlRs485ASCII")
     344                      .dwattr $C$DW$48, DW_AT_external
     345                      .dwattr $C$DW$48, DW_AT_type(*$C$DW$T$5)
     346                      .dwattr $C$DW$48, DW_AT_TI_begin_file("../ModBus/Rs485MbusASCII.c")
     347                      .dwattr $C$DW$48, DW_AT_TI_begin_line(0x36)
     348                      .dwattr $C$DW$48, DW_AT_TI_begin_column(0x06)
     349                      .dwattr $C$DW$48, DW_AT_TI_max_frame_size(-138)
     350                      .dwpsn  file "../ModBus/Rs485MbusASCII.c",line 54,column 60,is_stmt,address _cntrlRs485ASCII
     351              
     352                      .dwfde $C$DW$CIE, _cntrlRs485ASCII
     353              $C$DW$49        .dwtag  DW_TAG_formal_parameter, DW_AT_name("msg")
     354                      .dwattr $C$DW$49, DW_AT_TI_symbol_name("_msg")
     355                      .dwattr $C$DW$49, DW_AT_type(*$C$DW$T$25)
     356                      .dwattr $C$DW$49, DW_AT_location[DW_OP_reg12]
     357              $C$DW$50        .dwtag  DW_TAG_formal_parameter, DW_AT_name("num")
     358                      .dwattr $C$DW$50, DW_AT_TI_symbol_name("_num")
     359                      .dwattr $C$DW$50, DW_AT_type(*$C$DW$T$20)
     360                      .dwattr $C$DW$50, DW_AT_location[DW_OP_reg14]
     361              $C$DW$51        .dwtag  DW_TAG_formal_parameter, DW_AT_name("maxNum")
     362                      .dwattr $C$DW$51, DW_AT_TI_symbol_name("_maxNum")
     363                      .dwattr $C$DW$51, DW_AT_type(*$C$DW$T$19)
     364                      .dwattr $C$DW$51, DW_AT_location[DW_OP_reg0]
     365              
     366              ;***************************************************************
     367              ;* FNAME: _cntrlRs485ASCII              FR SIZE: 136           *
     368              ;*                                                             *
     369              ;* FUNCTION ENVIRONMENT                                        *
     370              ;*                                                             *
     371              ;* FUNCTION PROPERTIES                                         *
     372              ;*                            0 Parameter, 135 Auto,  0 SOE     *
     373              ;***************************************************************
     374              
     375 0000003e       _cntrlRs485ASCII:
     376                      .dwcfi  cfa_offset, -2
TMS320C2000 Assembler PC v6.2.7 Thu Jul 02 08:31:19 2015

Tools Copyright (c) 1996-2014 Texas Instruments Incorporated
C:\Users\Tester\AppData\Local\Temp\0335610                           PAGE    8

     377                      .dwcfi  save_reg_to_mem, 26, 0
     378                      .dwcfi  save_reg_to_reg, 78, 26
     379 0000003e 08AD          ADD       SP,#136               ; [CPU_] 
         0000003f 0088 
     380                      .dwcfi  cfa_offset, -138
     381              $C$DW$52        .dwtag  DW_TAG_variable, DW_AT_name("msg")
     382                      .dwattr $C$DW$52, DW_AT_TI_symbol_name("_msg")
     383                      .dwattr $C$DW$52, DW_AT_type(*$C$DW$T$25)
     384                      .dwattr $C$DW$52, DW_AT_location[DW_OP_breg20 -2]
     385              $C$DW$53        .dwtag  DW_TAG_variable, DW_AT_name("num")
     386                      .dwattr $C$DW$53, DW_AT_TI_symbol_name("_num")
     387                      .dwattr $C$DW$53, DW_AT_type(*$C$DW$T$20)
     388                      .dwattr $C$DW$53, DW_AT_location[DW_OP_breg20 -4]
     389              $C$DW$54        .dwtag  DW_TAG_variable, DW_AT_name("maxNum")
     390                      .dwattr $C$DW$54, DW_AT_TI_symbol_name("_maxNum")
     391                      .dwattr $C$DW$54, DW_AT_type(*$C$DW$T$19)
     392                      .dwattr $C$DW$54, DW_AT_location[DW_OP_breg20 -5]
     393              $C$DW$55        .dwtag  DW_TAG_variable, DW_AT_name("number")
     394                      .dwattr $C$DW$55, DW_AT_TI_symbol_name("_number")
     395                      .dwattr $C$DW$55, DW_AT_type(*$C$DW$T$19)
     396                      .dwattr $C$DW$55, DW_AT_location[DW_OP_breg20 -6]
     397              $C$DW$56        .dwtag  DW_TAG_variable, DW_AT_name("cnt")
     398                      .dwattr $C$DW$56, DW_AT_TI_symbol_name("_cnt")
     399                      .dwattr $C$DW$56, DW_AT_type(*$C$DW$T$19)
     400                      .dwattr $C$DW$56, DW_AT_location[DW_OP_breg20 -7]
     401              $C$DW$57        .dwtag  DW_TAG_variable, DW_AT_name("buf")
     402                      .dwattr $C$DW$57, DW_AT_TI_symbol_name("_buf")
     403                      .dwattr $C$DW$57, DW_AT_type(*$C$DW$T$36)
     404                      .dwattr $C$DW$57, DW_AT_location[DW_OP_breg20 -135]
     405 00000040 9645          MOV       *-SP[5],AL            ; [CPU_] |54| 
     406 00000041 A044          MOVL      *-SP[4],XAR5          ; [CPU_] |54| 
     407 00000042 A842          MOVL      *-SP[2],XAR4          ; [CPU_] |54| 
     408                      .dwpsn  file "../ModBus/Rs485MbusASCII.c",line 58,column 2,is_stmt
     409 00000043 2B47          MOV       *-SP[7],#0            ; [CPU_] |58| 
     410                      .dwpsn  file "../ModBus/Rs485MbusASCII.c",line 59,column 2,is_stmt
     411 00000044 C544          MOVL      XAR7,*-SP[4]          ; [CPU_] |59| 
     412 00000045 92C7          MOV       AL,*XAR7              ; [CPU_] |59| 
     413 00000046 9646          MOV       *-SP[6],AL            ; [CPU_] |59| 
     414                      .dwpsn  file "../ModBus/Rs485MbusASCII.c",line 61,column 2,is_stmt
     415 00000047 8A42          MOVL      XAR4,*-SP[2]          ; [CPU_] |61| 
     416 00000048 9246          MOV       AL,*-SP[6]            ; [CPU_] |61| 
     417 00000049 5DAD          MOVZ      AR5,SP                ; [CPU_U] |61| 
     418 0000004a 08A5          ADD       AR5,#-135             ; [CPU_] |61| 
         0000004b FF79 
     419              $C$DW$58        .dwtag  DW_TAG_TI_branch
     420                      .dwattr $C$DW$58, DW_AT_low_pc(0x00)
     421                      .dwattr $C$DW$58, DW_AT_name("_ConvertString")
     422                      .dwattr $C$DW$58, DW_AT_TI_call
     423 0000004c 7640!         LCR       #_ConvertString       ; [CPU_] |61| 
         0000004d 0000 
     424                      ; call occurs [#_ConvertString] ; [] |61| 
     425 0000004e 9647          MOV       *-SP[7],AL            ; [CPU_] |61| 
     426                      .dwpsn  file "../ModBus/Rs485MbusASCII.c",line 62,column 2,is_stmt
     427 0000004f 5200          CMPB      AL,#0                 ; [CPU_] |62| 
     428 00000050 EC65          BF        $C$L21,EQ             ; [CPU_] |62| 
TMS320C2000 Assembler PC v6.2.7 Thu Jul 02 08:31:19 2015

Tools Copyright (c) 1996-2014 Texas Instruments Incorporated
C:\Users\Tester\AppData\Local\Temp\0335610                           PAGE    9

     429                      ; branchcc occurs ; [] |62| 
     430                      .dwpsn  file "../ModBus/Rs485MbusASCII.c",line 63,column 3,is_stmt
     431 00000051 9247          MOV       AL,*-SP[7]            ; [CPU_] |63| 
     432 00000052 5CAD          MOVZ      AR4,SP                ; [CPU_U] |63| 
     433 00000053 08A4          ADD       AR4,#-135             ; [CPU_] |63| 
         00000054 FF79 
     434              $C$DW$59        .dwtag  DW_TAG_TI_branch
     435                      .dwattr $C$DW$59, DW_AT_low_pc(0x00)
     436                      .dwattr $C$DW$59, DW_AT_name("_LRC")
     437                      .dwattr $C$DW$59, DW_AT_TI_call
     438 00000055 7640!         LCR       #_LRC                 ; [CPU_] |63| 
         00000056 0000 
     439                      ; call occurs [#_LRC] ; [] |63| 
     440 00000057 5200          CMPB      AL,#0                 ; [CPU_] |63| 
     441 00000058 ED5C          BF        $C$L20,NEQ            ; [CPU_] |63| 
     442                      ; branchcc occurs ; [] |63| 
     443                      .dwpsn  file "../ModBus/Rs485MbusASCII.c",line 64,column 4,is_stmt
     444 00000059 5CAD          MOVZ      AR4,SP                ; [CPU_U] |64| 
     445 0000005a 08A4          ADD       AR4,#-135             ; [CPU_] |64| 
         0000005b FF79 
     446              $C$DW$60        .dwtag  DW_TAG_TI_branch
     447                      .dwattr $C$DW$60, DW_AT_low_pc(0x00)
     448                      .dwattr $C$DW$60, DW_AT_name("_testAdress485")
     449                      .dwattr $C$DW$60, DW_AT_TI_call
     450 0000005c 7640!         LCR       #_testAdress485       ; [CPU_] |64| 
         0000005d 0000 
     451                      ; call occurs [#_testAdress485] ; [] |64| 
     452 0000005e 5200          CMPB      AL,#0                 ; [CPU_] |64| 
     453 0000005f EC53          BF        $C$L19,EQ             ; [CPU_] |64| 
     454                      ; branchcc occurs ; [] |64| 
     455                      .dwpsn  file "../ModBus/Rs485MbusASCII.c",line 65,column 5,is_stmt
     456 00000060 6F3B          B         $C$L17,UNC            ; [CPU_] |65| 
     457                      ; branch occurs ; [] |65| 
     458 00000061       $C$L9:    
     459                      .dwpsn  file "../ModBus/Rs485MbusASCII.c",line 68,column 7,is_stmt
     460 00000061 9247          MOV       AL,*-SP[7]            ; [CPU_] |68| 
     461 00000062 5CAD          MOVZ      AR4,SP                ; [CPU_U] |68| 
     462 00000063 08A4          ADD       AR4,#-135             ; [CPU_] |68| 
         00000064 FF79 
     463              $C$DW$61        .dwtag  DW_TAG_TI_branch
     464                      .dwattr $C$DW$61, DW_AT_low_pc(0x00)
     465                      .dwattr $C$DW$61, DW_AT_name("_CmdGetCoils")
     466                      .dwattr $C$DW$61, DW_AT_TI_call
     467 00000065 7640!         LCR       #_CmdGetCoils         ; [CPU_] |68| 
         00000066 0000 
     468                      ; call occurs [#_CmdGetCoils] ; [] |68| 
     469 00000067 9647          MOV       *-SP[7],AL            ; [CPU_] |68| 
     470                      .dwpsn  file "../ModBus/Rs485MbusASCII.c",line 69,column 7,is_stmt
     471 00000068 6F4D          B         $C$L21,UNC            ; [CPU_] |69| 
     472                      ; branch occurs ; [] |69| 
     473 00000069       $C$L10:    
     474                      .dwpsn  file "../ModBus/Rs485MbusASCII.c",line 73,column 7,is_stmt
     475 00000069 9247          MOV       AL,*-SP[7]            ; [CPU_] |73| 
     476 0000006a 5CAD          MOVZ      AR4,SP                ; [CPU_U] |73| 
     477 0000006b 08A4          ADD       AR4,#-135             ; [CPU_] |73| 
TMS320C2000 Assembler PC v6.2.7 Thu Jul 02 08:31:19 2015

Tools Copyright (c) 1996-2014 Texas Instruments Incorporated
C:\Users\Tester\AppData\Local\Temp\0335610                           PAGE   10

         0000006c FF79 
     478              $C$DW$62        .dwtag  DW_TAG_TI_branch
     479                      .dwattr $C$DW$62, DW_AT_low_pc(0x00)
     480                      .dwattr $C$DW$62, DW_AT_name("_CmdGetInputBits")
     481                      .dwattr $C$DW$62, DW_AT_TI_call
     482 0000006d 7640!         LCR       #_CmdGetInputBits     ; [CPU_] |73| 
         0000006e 0000 
     483                      ; call occurs [#_CmdGetInputBits] ; [] |73| 
     484 0000006f 9647          MOV       *-SP[7],AL            ; [CPU_] |73| 
     485                      .dwpsn  file "../ModBus/Rs485MbusASCII.c",line 74,column 7,is_stmt
     486 00000070 6F45          B         $C$L21,UNC            ; [CPU_] |74| 
     487                      ; branch occurs ; [] |74| 
     488 00000071       $C$L11:    
     489                      .dwpsn  file "../ModBus/Rs485MbusASCII.c",line 78,column 7,is_stmt
     490 00000071 9247          MOV       AL,*-SP[7]            ; [CPU_] |78| 
     491 00000072 5CAD          MOVZ      AR4,SP                ; [CPU_U] |78| 
     492 00000073 08A4          ADD       AR4,#-135             ; [CPU_] |78| 
         00000074 FF79 
     493              $C$DW$63        .dwtag  DW_TAG_TI_branch
     494                      .dwattr $C$DW$63, DW_AT_low_pc(0x00)
     495                      .dwattr $C$DW$63, DW_AT_name("_CmdGetReadingReg")
     496                      .dwattr $C$DW$63, DW_AT_TI_call
     497 00000075 7640!         LCR       #_CmdGetReadingReg    ; [CPU_] |78| 
         00000076 0000 
     498                      ; call occurs [#_CmdGetReadingReg] ; [] |78| 
     499 00000077 9647          MOV       *-SP[7],AL            ; [CPU_] |78| 
     500                      .dwpsn  file "../ModBus/Rs485MbusASCII.c",line 79,column 7,is_stmt
     501 00000078 6F3D          B         $C$L21,UNC            ; [CPU_] |79| 
     502                      ; branch occurs ; [] |79| 
     503 00000079       $C$L12:    
     504                      .dwpsn  file "../ModBus/Rs485MbusASCII.c",line 83,column 7,is_stmt
     505 00000079 9247          MOV       AL,*-SP[7]            ; [CPU_] |83| 
     506 0000007a 5CAD          MOVZ      AR4,SP                ; [CPU_U] |83| 
     507 0000007b 08A4          ADD       AR4,#-135             ; [CPU_] |83| 
         0000007c FF79 
     508              $C$DW$64        .dwtag  DW_TAG_TI_branch
     509                      .dwattr $C$DW$64, DW_AT_low_pc(0x00)
     510                      .dwattr $C$DW$64, DW_AT_name("_CmdGetInputReg")
     511                      .dwattr $C$DW$64, DW_AT_TI_call
     512 0000007d 7640!         LCR       #_CmdGetInputReg      ; [CPU_] |83| 
         0000007e 0000 
     513                      ; call occurs [#_CmdGetInputReg] ; [] |83| 
     514 0000007f 9647          MOV       *-SP[7],AL            ; [CPU_] |83| 
     515                      .dwpsn  file "../ModBus/Rs485MbusASCII.c",line 84,column 7,is_stmt
     516 00000080 6F35          B         $C$L21,UNC            ; [CPU_] |84| 
     517                      ; branch occurs ; [] |84| 
     518 00000081       $C$L13:    
     519                      .dwpsn  file "../ModBus/Rs485MbusASCII.c",line 88,column 7,is_stmt
     520 00000081 9247          MOV       AL,*-SP[7]            ; [CPU_] |88| 
     521 00000082 5CAD          MOVZ      AR4,SP                ; [CPU_U] |88| 
     522 00000083 08A4          ADD       AR4,#-135             ; [CPU_] |88| 
         00000084 FF79 
     523              $C$DW$65        .dwtag  DW_TAG_TI_branch
     524                      .dwattr $C$DW$65, DW_AT_low_pc(0x00)
     525                      .dwattr $C$DW$65, DW_AT_name("_CmdCoilCheng")
TMS320C2000 Assembler PC v6.2.7 Thu Jul 02 08:31:19 2015

Tools Copyright (c) 1996-2014 Texas Instruments Incorporated
C:\Users\Tester\AppData\Local\Temp\0335610                           PAGE   11

     526                      .dwattr $C$DW$65, DW_AT_TI_call
     527 00000085 7640!         LCR       #_CmdCoilCheng        ; [CPU_] |88| 
         00000086 0000 
     528                      ; call occurs [#_CmdCoilCheng] ; [] |88| 
     529 00000087 9647          MOV       *-SP[7],AL            ; [CPU_] |88| 
     530                      .dwpsn  file "../ModBus/Rs485MbusASCII.c",line 89,column 7,is_stmt
     531 00000088 6F2D          B         $C$L21,UNC            ; [CPU_] |89| 
     532                      ; branch occurs ; [] |89| 
     533 00000089       $C$L14:    
     534                      .dwpsn  file "../ModBus/Rs485MbusASCII.c",line 93,column 7,is_stmt
     535 00000089 9247          MOV       AL,*-SP[7]            ; [CPU_] |93| 
     536 0000008a 5CAD          MOVZ      AR4,SP                ; [CPU_U] |93| 
     537 0000008b 08A4          ADD       AR4,#-135             ; [CPU_] |93| 
         0000008c FF79 
     538              $C$DW$66        .dwtag  DW_TAG_TI_branch
     539                      .dwattr $C$DW$66, DW_AT_low_pc(0x00)
     540                      .dwattr $C$DW$66, DW_AT_name("_CmdRegSet")
     541                      .dwattr $C$DW$66, DW_AT_TI_call
     542 0000008d 7640!         LCR       #_CmdRegSet           ; [CPU_] |93| 
         0000008e 0000 
     543                      ; call occurs [#_CmdRegSet] ; [] |93| 
     544 0000008f 9647          MOV       *-SP[7],AL            ; [CPU_] |93| 
     545                      .dwpsn  file "../ModBus/Rs485MbusASCII.c",line 95,column 7,is_stmt
     546 00000090 6F25          B         $C$L21,UNC            ; [CPU_] |95| 
     547                      ; branch occurs ; [] |95| 
     548 00000091       $C$L15:    
     549                      .dwpsn  file "../ModBus/Rs485MbusASCII.c",line 99,column 7,is_stmt
     550 00000091 9247          MOV       AL,*-SP[7]            ; [CPU_] |99| 
     551 00000092 5CAD          MOVZ      AR4,SP                ; [CPU_U] |99| 
     552 00000093 08A4          ADD       AR4,#-135             ; [CPU_] |99| 
         00000094 FF79 
     553              $C$DW$67        .dwtag  DW_TAG_TI_branch
     554                      .dwattr $C$DW$67, DW_AT_low_pc(0x00)
     555                      .dwattr $C$DW$67, DW_AT_name("_CmdRegsNeedSet")
     556                      .dwattr $C$DW$67, DW_AT_TI_call
     557 00000095 7640!         LCR       #_CmdRegsNeedSet      ; [CPU_] |99| 
         00000096 0000 
     558                      ; call occurs [#_CmdRegsNeedSet] ; [] |99| 
     559 00000097 9647          MOV       *-SP[7],AL            ; [CPU_] |99| 
     560                      .dwpsn  file "../ModBus/Rs485MbusASCII.c",line 100,column 7,is_stmt
     561 00000098 6F1D          B         $C$L21,UNC            ; [CPU_] |100| 
     562                      ; branch occurs ; [] |100| 
     563 00000099       $C$L16:    
     564                      .dwpsn  file "../ModBus/Rs485MbusASCII.c",line 102,column 16,is_stmt
     565 00000099 9A02          MOVB      AL,#2                 ; [CPU_] |102| 
     566 0000009a 6F27          B         $C$L23,UNC            ; [CPU_] |102| 
     567                      ; branch occurs ; [] |102| 
     568 0000009b       $C$L17:    
     569                      .dwpsn  file "../ModBus/Rs485MbusASCII.c",line 65,column 5,is_stmt
     570 0000009b 5CAD          MOVZ      AR4,SP                ; [CPU_U] |65| 
     571 0000009c 08A4          ADD       AR4,#-135             ; [CPU_] |65| 
         0000009d FF79 
     572              $C$DW$68        .dwtag  DW_TAG_TI_branch
     573                      .dwattr $C$DW$68, DW_AT_low_pc(0x00)
     574                      .dwattr $C$DW$68, DW_AT_name("_getCmdCode")
TMS320C2000 Assembler PC v6.2.7 Thu Jul 02 08:31:19 2015

Tools Copyright (c) 1996-2014 Texas Instruments Incorporated
C:\Users\Tester\AppData\Local\Temp\0335610                           PAGE   12

     575                      .dwattr $C$DW$68, DW_AT_TI_call
     576 0000009e 7640!         LCR       #_getCmdCode          ; [CPU_] |65| 
         0000009f 0000 
     577                      ; call occurs [#_getCmdCode] ; [] |65| 
     578 000000a0 5204          CMPB      AL,#4                 ; [CPU_] |65| 
     579 000000a1 620A          B         $C$L18,GT             ; [CPU_] |65| 
     580                      ; branchcc occurs ; [] |65| 
     581 000000a2 5204          CMPB      AL,#4                 ; [CPU_] |65| 
     582 000000a3 ECD6          BF        $C$L12,EQ             ; [CPU_] |65| 
     583                      ; branchcc occurs ; [] |65| 
     584 000000a4 5201          CMPB      AL,#1                 ; [CPU_] |65| 
     585 000000a5 ECBC          BF        $C$L9,EQ              ; [CPU_] |65| 
     586                      ; branchcc occurs ; [] |65| 
     587 000000a6 5202          CMPB      AL,#2                 ; [CPU_] |65| 
     588 000000a7 ECC2          BF        $C$L10,EQ             ; [CPU_] |65| 
     589                      ; branchcc occurs ; [] |65| 
     590 000000a8 5203          CMPB      AL,#3                 ; [CPU_] |65| 
     591 000000a9 ECC8          BF        $C$L11,EQ             ; [CPU_] |65| 
     592                      ; branchcc occurs ; [] |65| 
     593 000000aa 6FEF          B         $C$L16,UNC            ; [CPU_] |65| 
     594                      ; branch occurs ; [] |65| 
     595 000000ab       $C$L18:    
     596 000000ab 5205          CMPB      AL,#5                 ; [CPU_] |65| 
     597 000000ac ECD5          BF        $C$L13,EQ             ; [CPU_] |65| 
     598                      ; branchcc occurs ; [] |65| 
     599 000000ad 5206          CMPB      AL,#6                 ; [CPU_] |65| 
     600 000000ae ECDB          BF        $C$L14,EQ             ; [CPU_] |65| 
     601                      ; branchcc occurs ; [] |65| 
     602 000000af 5210          CMPB      AL,#16                ; [CPU_] |65| 
     603 000000b0 ECE1          BF        $C$L15,EQ             ; [CPU_] |65| 
     604                      ; branchcc occurs ; [] |65| 
     605 000000b1 6FE8          B         $C$L16,UNC            ; [CPU_] |65| 
     606                      ; branch occurs ; [] |65| 
     607 000000b2       $C$L19:    
     608                      .dwpsn  file "../ModBus/Rs485MbusASCII.c",line 106,column 5,is_stmt
     609 000000b2 2B47          MOV       *-SP[7],#0            ; [CPU_] |106| 
     610                      .dwpsn  file "../ModBus/Rs485MbusASCII.c",line 108,column 3,is_stmt
     611 000000b3 6F02          B         $C$L21,UNC            ; [CPU_] |108| 
     612                      ; branch occurs ; [] |108| 
     613 000000b4       $C$L20:    
     614                      .dwpsn  file "../ModBus/Rs485MbusASCII.c",line 109,column 4,is_stmt
     615 000000b4 2B47          MOV       *-SP[7],#0            ; [CPU_] |109| 
     616 000000b5       $C$L21:    
     617                      .dwpsn  file "../ModBus/Rs485MbusASCII.c",line 113,column 2,is_stmt
     618 000000b5 9247          MOV       AL,*-SP[7]            ; [CPU_] |113| 
     619 000000b6 EC0A          BF        $C$L22,EQ             ; [CPU_] |113| 
     620                      ; branchcc occurs ; [] |113| 
     621                      .dwpsn  file "../ModBus/Rs485MbusASCII.c",line 114,column 3,is_stmt
     622 000000b7 9247          MOV       AL,*-SP[7]            ; [CPU_] |114| 
     623 000000b8 8342          MOVL      XAR5,*-SP[2]          ; [CPU_] |114| 
     624 000000b9 5CAD          MOVZ      AR4,SP                ; [CPU_U] |114| 
     625 000000ba 08A4          ADD       AR4,#-135             ; [CPU_] |114| 
         000000bb FF79 
     626              $C$DW$69        .dwtag  DW_TAG_TI_branch
     627                      .dwattr $C$DW$69, DW_AT_low_pc(0x00)
TMS320C2000 Assembler PC v6.2.7 Thu Jul 02 08:31:19 2015

Tools Copyright (c) 1996-2014 Texas Instruments Incorporated
C:\Users\Tester\AppData\Local\Temp\0335610                           PAGE   13

     628                      .dwattr $C$DW$69, DW_AT_name("_ConvertMessag")
     629                      .dwattr $C$DW$69, DW_AT_TI_call
     630 000000bc 7640!         LCR       #_ConvertMessag       ; [CPU_] |114| 
         000000bd 0000 
     631                      ; call occurs [#_ConvertMessag] ; [] |114| 
     632 000000be 8A44          MOVL      XAR4,*-SP[4]          ; [CPU_] |114| 
     633 000000bf 96C4          MOV       *+XAR4[0],AL          ; [CPU_] |114| 
     634 000000c0       $C$L22:    
     635                      .dwpsn  file "../ModBus/Rs485MbusASCII.c",line 117,column 2,is_stmt
     636 000000c0 9247          MOV       AL,*-SP[7]            ; [CPU_] |117| 
     637 000000c1       $C$L23:    
     638                      .dwpsn  file "../ModBus/Rs485MbusASCII.c",line 118,column 1,is_stmt
     639 000000c1 08AD          ADD       SP,#-136              ; [CPU_] 
         000000c2 FF78 
     640                      .dwcfi  cfa_offset, -2
     641              $C$DW$70        .dwtag  DW_TAG_TI_branch
     642                      .dwattr $C$DW$70, DW_AT_low_pc(0x00)
     643                      .dwattr $C$DW$70, DW_AT_TI_return
     644 000000c3 0006          LRETR     ; [CPU_] 
     645                      ; return occurs ; [] 
     646                      .dwattr $C$DW$48, DW_AT_TI_end_file("../ModBus/Rs485MbusASCII.c")
     647                      .dwattr $C$DW$48, DW_AT_TI_end_line(0x76)
     648                      .dwattr $C$DW$48, DW_AT_TI_end_column(0x01)
     649                      .dwendentry
     650                      .dwendtag $C$DW$48
     651              
     652              ;**************************************************************
     653              ;* UNDEFINED EXTERNAL REFERENCES                              *
     654              ;**************************************************************
     655                      .global _CmdGetInputBits
     656                      .global _CmdRegsNeedSet
     657                      .global _CmdCoilCheng
     658                      .global _CmdGetCoils
     659                      .global _getCmdCode
     660                      .global _ConvertString
     661                      .global _CmdGetReadingReg
     662                      .global _ConvertMessag
     663                      .global _CmdRegSet
     664                      .global _testAdress485
     665                      .global _LRC
     666                      .global _CmdGetInputReg
     667                      .global _getCountTimer
     668              
     669              ;***************************************************************
     670              ;* TYPE INFORMATION                                            *
     671              ;***************************************************************
     672              $C$DW$T$4       .dwtag  DW_TAG_base_type
     673                      .dwattr $C$DW$T$4, DW_AT_encoding(DW_ATE_boolean)
     674                      .dwattr $C$DW$T$4, DW_AT_name("bool")
     675                      .dwattr $C$DW$T$4, DW_AT_byte_size(0x01)
     676              $C$DW$T$5       .dwtag  DW_TAG_base_type
     677                      .dwattr $C$DW$T$5, DW_AT_encoding(DW_ATE_signed_char)
     678                      .dwattr $C$DW$T$5, DW_AT_name("signed char")
     679                      .dwattr $C$DW$T$5, DW_AT_byte_size(0x01)
     680              $C$DW$T$6       .dwtag  DW_TAG_base_type
TMS320C2000 Assembler PC v6.2.7 Thu Jul 02 08:31:19 2015

Tools Copyright (c) 1996-2014 Texas Instruments Incorporated
C:\Users\Tester\AppData\Local\Temp\0335610                           PAGE   14

     681                      .dwattr $C$DW$T$6, DW_AT_encoding(DW_ATE_unsigned_char)
     682                      .dwattr $C$DW$T$6, DW_AT_name("unsigned char")
     683                      .dwattr $C$DW$T$6, DW_AT_byte_size(0x01)
     684              $C$DW$T$7       .dwtag  DW_TAG_base_type
     685                      .dwattr $C$DW$T$7, DW_AT_encoding(DW_ATE_signed_char)
     686                      .dwattr $C$DW$T$7, DW_AT_name("wchar_t")
     687                      .dwattr $C$DW$T$7, DW_AT_byte_size(0x01)
     688              $C$DW$T$8       .dwtag  DW_TAG_base_type
     689                      .dwattr $C$DW$T$8, DW_AT_encoding(DW_ATE_signed)
     690                      .dwattr $C$DW$T$8, DW_AT_name("short")
     691                      .dwattr $C$DW$T$8, DW_AT_byte_size(0x01)
     692              $C$DW$T$9       .dwtag  DW_TAG_base_type
     693                      .dwattr $C$DW$T$9, DW_AT_encoding(DW_ATE_unsigned)
     694                      .dwattr $C$DW$T$9, DW_AT_name("unsigned short")
     695                      .dwattr $C$DW$T$9, DW_AT_byte_size(0x01)
     696              $C$DW$T$10      .dwtag  DW_TAG_base_type
     697                      .dwattr $C$DW$T$10, DW_AT_encoding(DW_ATE_signed)
     698                      .dwattr $C$DW$T$10, DW_AT_name("int")
     699                      .dwattr $C$DW$T$10, DW_AT_byte_size(0x01)
     700              $C$DW$T$11      .dwtag  DW_TAG_base_type
     701                      .dwattr $C$DW$T$11, DW_AT_encoding(DW_ATE_unsigned)
     702                      .dwattr $C$DW$T$11, DW_AT_name("unsigned int")
     703                      .dwattr $C$DW$T$11, DW_AT_byte_size(0x01)
     704              $C$DW$T$19      .dwtag  DW_TAG_typedef, DW_AT_name("UINT16")
     705                      .dwattr $C$DW$T$19, DW_AT_type(*$C$DW$T$11)
     706                      .dwattr $C$DW$T$19, DW_AT_language(DW_LANG_C)
     707              $C$DW$T$20      .dwtag  DW_TAG_pointer_type
     708                      .dwattr $C$DW$T$20, DW_AT_type(*$C$DW$T$19)
     709                      .dwattr $C$DW$T$20, DW_AT_address_class(0x16)
     710              $C$DW$T$12      .dwtag  DW_TAG_base_type
     711                      .dwattr $C$DW$T$12, DW_AT_encoding(DW_ATE_signed)
     712                      .dwattr $C$DW$T$12, DW_AT_name("long")
     713                      .dwattr $C$DW$T$12, DW_AT_byte_size(0x02)
     714              $C$DW$T$13      .dwtag  DW_TAG_base_type
     715                      .dwattr $C$DW$T$13, DW_AT_encoding(DW_ATE_unsigned)
     716                      .dwattr $C$DW$T$13, DW_AT_name("unsigned long")
     717                      .dwattr $C$DW$T$13, DW_AT_byte_size(0x02)
     718              $C$DW$T$21      .dwtag  DW_TAG_typedef, DW_AT_name("UINT32")
     719                      .dwattr $C$DW$T$21, DW_AT_type(*$C$DW$T$13)
     720                      .dwattr $C$DW$T$21, DW_AT_language(DW_LANG_C)
     721              $C$DW$T$14      .dwtag  DW_TAG_base_type
     722                      .dwattr $C$DW$T$14, DW_AT_encoding(DW_ATE_signed)
     723                      .dwattr $C$DW$T$14, DW_AT_name("long long")
     724                      .dwattr $C$DW$T$14, DW_AT_byte_size(0x04)
     725              $C$DW$T$15      .dwtag  DW_TAG_base_type
     726                      .dwattr $C$DW$T$15, DW_AT_encoding(DW_ATE_unsigned)
     727                      .dwattr $C$DW$T$15, DW_AT_name("unsigned long long")
     728                      .dwattr $C$DW$T$15, DW_AT_byte_size(0x04)
     729              $C$DW$T$16      .dwtag  DW_TAG_base_type
     730                      .dwattr $C$DW$T$16, DW_AT_encoding(DW_ATE_float)
     731                      .dwattr $C$DW$T$16, DW_AT_name("float")
     732                      .dwattr $C$DW$T$16, DW_AT_byte_size(0x02)
     733              $C$DW$T$17      .dwtag  DW_TAG_base_type
     734                      .dwattr $C$DW$T$17, DW_AT_encoding(DW_ATE_float)
     735                      .dwattr $C$DW$T$17, DW_AT_name("double")
TMS320C2000 Assembler PC v6.2.7 Thu Jul 02 08:31:19 2015

Tools Copyright (c) 1996-2014 Texas Instruments Incorporated
C:\Users\Tester\AppData\Local\Temp\0335610                           PAGE   15

     736                      .dwattr $C$DW$T$17, DW_AT_byte_size(0x02)
     737              $C$DW$T$18      .dwtag  DW_TAG_base_type
     738                      .dwattr $C$DW$T$18, DW_AT_encoding(DW_ATE_float)
     739                      .dwattr $C$DW$T$18, DW_AT_name("long double")
     740                      .dwattr $C$DW$T$18, DW_AT_byte_size(0x04)
     741              $C$DW$T$25      .dwtag  DW_TAG_pointer_type
     742                      .dwattr $C$DW$T$25, DW_AT_type(*$C$DW$T$5)
     743                      .dwattr $C$DW$T$25, DW_AT_address_class(0x16)
     744              
     745              $C$DW$T$36      .dwtag  DW_TAG_array_type
     746                      .dwattr $C$DW$T$36, DW_AT_type(*$C$DW$T$5)
     747                      .dwattr $C$DW$T$36, DW_AT_language(DW_LANG_C)
     748                      .dwattr $C$DW$T$36, DW_AT_byte_size(0x80)
     749              $C$DW$71        .dwtag  DW_TAG_subrange_type
     750                      .dwattr $C$DW$71, DW_AT_upper_bound(0x7f)
     751                      .dwendtag $C$DW$T$36
     752              
     753                      .dwattr $C$DW$CU, DW_AT_language(DW_LANG_C)
     754              
     755              ;***************************************************************
     756              ;* DWARF CIE ENTRIES                                           *
     757              ;***************************************************************
     758              
     759              $C$DW$CIE       .dwcie 78
     760                      .dwcfi  cfa_register, 20
     761                      .dwcfi  cfa_offset, 0
     762                      .dwcfi  undefined, 0
     763                      .dwcfi  undefined, 1
     764                      .dwcfi  undefined, 2
     765                      .dwcfi  undefined, 3
     766                      .dwcfi  undefined, 20
     767                      .dwcfi  undefined, 21
     768                      .dwcfi  undefined, 22
     769                      .dwcfi  undefined, 23
     770                      .dwcfi  undefined, 24
     771                      .dwcfi  undefined, 25
     772                      .dwcfi  undefined, 26
     773                      .dwcfi  same_value, 28
     774                      .dwcfi  undefined, 29
     775                      .dwcfi  undefined, 30
     776                      .dwcfi  undefined, 31
     777                      .dwcfi  undefined, 32
     778                      .dwcfi  undefined, 33
     779                      .dwcfi  undefined, 34
     780                      .dwcfi  undefined, 35
     781                      .dwcfi  undefined, 36
     782                      .dwcfi  undefined, 37
     783                      .dwcfi  undefined, 38
     784                      .dwcfi  undefined, 75
     785                      .dwcfi  undefined, 76
     786                      .dwcfi  undefined, 77
     787                      .dwcfi  undefined, 4
     788                      .dwcfi  same_value, 6
     789                      .dwcfi  same_value, 8
     790                      .dwcfi  same_value, 10
TMS320C2000 Assembler PC v6.2.7 Thu Jul 02 08:31:19 2015

Tools Copyright (c) 1996-2014 Texas Instruments Incorporated
C:\Users\Tester\AppData\Local\Temp\0335610                           PAGE   16

     791                      .dwcfi  undefined, 12
     792                      .dwcfi  undefined, 14
     793                      .dwcfi  undefined, 16
     794                      .dwcfi  undefined, 17
     795                      .dwcfi  undefined, 18
     796                      .dwcfi  undefined, 19
     797                      .dwcfi  undefined, 5
     798                      .dwcfi  same_value, 7
     799                      .dwcfi  same_value, 9
     800                      .dwcfi  same_value, 11
     801                      .dwcfi  undefined, 13
     802                      .dwcfi  undefined, 15
     803                      .dwcfi  undefined, 43
     804                      .dwcfi  undefined, 44
     805                      .dwcfi  undefined, 47
     806                      .dwcfi  undefined, 48
     807                      .dwcfi  undefined, 51
     808                      .dwcfi  undefined, 52
     809                      .dwcfi  undefined, 55
     810                      .dwcfi  undefined, 56
     811                      .dwcfi  same_value, 59
     812                      .dwcfi  same_value, 60
     813                      .dwcfi  same_value, 63
     814                      .dwcfi  same_value, 64
     815                      .dwcfi  same_value, 67
     816                      .dwcfi  same_value, 68
     817                      .dwcfi  same_value, 71
     818                      .dwcfi  same_value, 72
     819                      .dwcfi  undefined, 73
     820                      .dwcfi  undefined, 74
     821                      .dwcfi  undefined, 39
     822                      .dwcfi  undefined, 40
     823                      .dwcfi  undefined, 27
     824                      .dwcfi  undefined, 78
     825                      .dwendentry
     826              
     827              ;***************************************************************
     828              ;* DWARF REGISTER MAP                                          *
     829              ;***************************************************************
     830              
     831              $C$DW$72        .dwtag  DW_TAG_TI_assign_register, DW_AT_name("AL")
     832                      .dwattr $C$DW$72, DW_AT_location[DW_OP_reg0]
     833              $C$DW$73        .dwtag  DW_TAG_TI_assign_register, DW_AT_name("AH")
     834                      .dwattr $C$DW$73, DW_AT_location[DW_OP_reg1]
     835              $C$DW$74        .dwtag  DW_TAG_TI_assign_register, DW_AT_name("PL")
     836                      .dwattr $C$DW$74, DW_AT_location[DW_OP_reg2]
     837              $C$DW$75        .dwtag  DW_TAG_TI_assign_register, DW_AT_name("PH")
     838                      .dwattr $C$DW$75, DW_AT_location[DW_OP_reg3]
     839              $C$DW$76        .dwtag  DW_TAG_TI_assign_register, DW_AT_name("SP")
     840                      .dwattr $C$DW$76, DW_AT_location[DW_OP_reg20]
     841              $C$DW$77        .dwtag  DW_TAG_TI_assign_register, DW_AT_name("XT")
     842                      .dwattr $C$DW$77, DW_AT_location[DW_OP_reg21]
     843              $C$DW$78        .dwtag  DW_TAG_TI_assign_register, DW_AT_name("T")
     844                      .dwattr $C$DW$78, DW_AT_location[DW_OP_reg22]
     845              $C$DW$79        .dwtag  DW_TAG_TI_assign_register, DW_AT_name("ST0")
TMS320C2000 Assembler PC v6.2.7 Thu Jul 02 08:31:19 2015

Tools Copyright (c) 1996-2014 Texas Instruments Incorporated
C:\Users\Tester\AppData\Local\Temp\0335610                           PAGE   17

     846                      .dwattr $C$DW$79, DW_AT_location[DW_OP_reg23]
     847              $C$DW$80        .dwtag  DW_TAG_TI_assign_register, DW_AT_name("ST1")
     848                      .dwattr $C$DW$80, DW_AT_location[DW_OP_reg24]
     849              $C$DW$81        .dwtag  DW_TAG_TI_assign_register, DW_AT_name("PC")
     850                      .dwattr $C$DW$81, DW_AT_location[DW_OP_reg25]
     851              $C$DW$82        .dwtag  DW_TAG_TI_assign_register, DW_AT_name("RPC")
     852                      .dwattr $C$DW$82, DW_AT_location[DW_OP_reg26]
     853              $C$DW$83        .dwtag  DW_TAG_TI_assign_register, DW_AT_name("FP")
     854                      .dwattr $C$DW$83, DW_AT_location[DW_OP_reg28]
     855              $C$DW$84        .dwtag  DW_TAG_TI_assign_register, DW_AT_name("DP")
     856                      .dwattr $C$DW$84, DW_AT_location[DW_OP_reg29]
     857              $C$DW$85        .dwtag  DW_TAG_TI_assign_register, DW_AT_name("SXM")
     858                      .dwattr $C$DW$85, DW_AT_location[DW_OP_reg30]
     859              $C$DW$86        .dwtag  DW_TAG_TI_assign_register, DW_AT_name("PM")
     860                      .dwattr $C$DW$86, DW_AT_location[DW_OP_reg31]
     861              $C$DW$87        .dwtag  DW_TAG_TI_assign_register, DW_AT_name("OVM")
     862                      .dwattr $C$DW$87, DW_AT_location[DW_OP_regx 0x20]
     863              $C$DW$88        .dwtag  DW_TAG_TI_assign_register, DW_AT_name("PAGE0")
     864                      .dwattr $C$DW$88, DW_AT_location[DW_OP_regx 0x21]
     865              $C$DW$89        .dwtag  DW_TAG_TI_assign_register, DW_AT_name("AMODE")
     866                      .dwattr $C$DW$89, DW_AT_location[DW_OP_regx 0x22]
     867              $C$DW$90        .dwtag  DW_TAG_TI_assign_register, DW_AT_name("INTM")
     868                      .dwattr $C$DW$90, DW_AT_location[DW_OP_regx 0x23]
     869              $C$DW$91        .dwtag  DW_TAG_TI_assign_register, DW_AT_name("IFR")
     870                      .dwattr $C$DW$91, DW_AT_location[DW_OP_regx 0x24]
     871              $C$DW$92        .dwtag  DW_TAG_TI_assign_register, DW_AT_name("IER")
     872                      .dwattr $C$DW$92, DW_AT_location[DW_OP_regx 0x25]
     873              $C$DW$93        .dwtag  DW_TAG_TI_assign_register, DW_AT_name("V")
     874                      .dwattr $C$DW$93, DW_AT_location[DW_OP_regx 0x26]
     875              $C$DW$94        .dwtag  DW_TAG_TI_assign_register, DW_AT_name("PSEUDOH")
     876                      .dwattr $C$DW$94, DW_AT_location[DW_OP_regx 0x4c]
     877              $C$DW$95        .dwtag  DW_TAG_TI_assign_register, DW_AT_name("VOL")
     878                      .dwattr $C$DW$95, DW_AT_location[DW_OP_regx 0x4d]
     879              $C$DW$96        .dwtag  DW_TAG_TI_assign_register, DW_AT_name("AR0")
     880                      .dwattr $C$DW$96, DW_AT_location[DW_OP_reg4]
     881              $C$DW$97        .dwtag  DW_TAG_TI_assign_register, DW_AT_name("AR1")
     882                      .dwattr $C$DW$97, DW_AT_location[DW_OP_reg6]
     883              $C$DW$98        .dwtag  DW_TAG_TI_assign_register, DW_AT_name("AR2")
     884                      .dwattr $C$DW$98, DW_AT_location[DW_OP_reg8]
     885              $C$DW$99        .dwtag  DW_TAG_TI_assign_register, DW_AT_name("AR3")
     886                      .dwattr $C$DW$99, DW_AT_location[DW_OP_reg10]
     887              $C$DW$100       .dwtag  DW_TAG_TI_assign_register, DW_AT_name("AR4")
     888                      .dwattr $C$DW$100, DW_AT_location[DW_OP_reg12]
     889              $C$DW$101       .dwtag  DW_TAG_TI_assign_register, DW_AT_name("AR5")
     890                      .dwattr $C$DW$101, DW_AT_location[DW_OP_reg14]
     891              $C$DW$102       .dwtag  DW_TAG_TI_assign_register, DW_AT_name("AR6")
     892                      .dwattr $C$DW$102, DW_AT_location[DW_OP_reg16]
     893              $C$DW$103       .dwtag  DW_TAG_TI_assign_register, DW_AT_name("XAR6")
     894                      .dwattr $C$DW$103, DW_AT_location[DW_OP_reg17]
     895              $C$DW$104       .dwtag  DW_TAG_TI_assign_register, DW_AT_name("AR7")
     896                      .dwattr $C$DW$104, DW_AT_location[DW_OP_reg18]
     897              $C$DW$105       .dwtag  DW_TAG_TI_assign_register, DW_AT_name("XAR7")
     898                      .dwattr $C$DW$105, DW_AT_location[DW_OP_reg19]
     899              $C$DW$106       .dwtag  DW_TAG_TI_assign_register, DW_AT_name("XAR0")
     900                      .dwattr $C$DW$106, DW_AT_location[DW_OP_reg5]
TMS320C2000 Assembler PC v6.2.7 Thu Jul 02 08:31:19 2015

Tools Copyright (c) 1996-2014 Texas Instruments Incorporated
C:\Users\Tester\AppData\Local\Temp\0335610                           PAGE   18

     901              $C$DW$107       .dwtag  DW_TAG_TI_assign_register, DW_AT_name("XAR1")
     902                      .dwattr $C$DW$107, DW_AT_location[DW_OP_reg7]
     903              $C$DW$108       .dwtag  DW_TAG_TI_assign_register, DW_AT_name("XAR2")
     904                      .dwattr $C$DW$108, DW_AT_location[DW_OP_reg9]
     905              $C$DW$109       .dwtag  DW_TAG_TI_assign_register, DW_AT_name("XAR3")
     906                      .dwattr $C$DW$109, DW_AT_location[DW_OP_reg11]
     907              $C$DW$110       .dwtag  DW_TAG_TI_assign_register, DW_AT_name("XAR4")
     908                      .dwattr $C$DW$110, DW_AT_location[DW_OP_reg13]
     909              $C$DW$111       .dwtag  DW_TAG_TI_assign_register, DW_AT_name("XAR5")
     910                      .dwattr $C$DW$111, DW_AT_location[DW_OP_reg15]
     911              $C$DW$112       .dwtag  DW_TAG_TI_assign_register, DW_AT_name("R0HL")
     912                      .dwattr $C$DW$112, DW_AT_location[DW_OP_regx 0x2b]
     913              $C$DW$113       .dwtag  DW_TAG_TI_assign_register, DW_AT_name("R0H")
     914                      .dwattr $C$DW$113, DW_AT_location[DW_OP_regx 0x2c]
     915              $C$DW$114       .dwtag  DW_TAG_TI_assign_register, DW_AT_name("R1HL")
     916                      .dwattr $C$DW$114, DW_AT_location[DW_OP_regx 0x2f]
     917              $C$DW$115       .dwtag  DW_TAG_TI_assign_register, DW_AT_name("R1H")
     918                      .dwattr $C$DW$115, DW_AT_location[DW_OP_regx 0x30]
     919              $C$DW$116       .dwtag  DW_TAG_TI_assign_register, DW_AT_name("R2HL")
     920                      .dwattr $C$DW$116, DW_AT_location[DW_OP_regx 0x33]
     921              $C$DW$117       .dwtag  DW_TAG_TI_assign_register, DW_AT_name("R2H")
     922                      .dwattr $C$DW$117, DW_AT_location[DW_OP_regx 0x34]
     923              $C$DW$118       .dwtag  DW_TAG_TI_assign_register, DW_AT_name("R3HL")
     924                      .dwattr $C$DW$118, DW_AT_location[DW_OP_regx 0x37]
     925              $C$DW$119       .dwtag  DW_TAG_TI_assign_register, DW_AT_name("R3H")
     926                      .dwattr $C$DW$119, DW_AT_location[DW_OP_regx 0x38]
     927              $C$DW$120       .dwtag  DW_TAG_TI_assign_register, DW_AT_name("R4HL")
     928                      .dwattr $C$DW$120, DW_AT_location[DW_OP_regx 0x3b]
     929              $C$DW$121       .dwtag  DW_TAG_TI_assign_register, DW_AT_name("R4H")
     930                      .dwattr $C$DW$121, DW_AT_location[DW_OP_regx 0x3c]
     931              $C$DW$122       .dwtag  DW_TAG_TI_assign_register, DW_AT_name("R5HL")
     932                      .dwattr $C$DW$122, DW_AT_location[DW_OP_regx 0x3f]
     933              $C$DW$123       .dwtag  DW_TAG_TI_assign_register, DW_AT_name("R5H")
     934                      .dwattr $C$DW$123, DW_AT_location[DW_OP_regx 0x40]
     935              $C$DW$124       .dwtag  DW_TAG_TI_assign_register, DW_AT_name("R6HL")
     936                      .dwattr $C$DW$124, DW_AT_location[DW_OP_regx 0x43]
     937              $C$DW$125       .dwtag  DW_TAG_TI_assign_register, DW_AT_name("R6H")
     938                      .dwattr $C$DW$125, DW_AT_location[DW_OP_regx 0x44]
     939              $C$DW$126       .dwtag  DW_TAG_TI_assign_register, DW_AT_name("R7HL")
     940                      .dwattr $C$DW$126, DW_AT_location[DW_OP_regx 0x47]
     941              $C$DW$127       .dwtag  DW_TAG_TI_assign_register, DW_AT_name("R7H")
     942                      .dwattr $C$DW$127, DW_AT_location[DW_OP_regx 0x48]
     943              $C$DW$128       .dwtag  DW_TAG_TI_assign_register, DW_AT_name("RBL")
     944                      .dwattr $C$DW$128, DW_AT_location[DW_OP_regx 0x49]
     945              $C$DW$129       .dwtag  DW_TAG_TI_assign_register, DW_AT_name("RB")
     946                      .dwattr $C$DW$129, DW_AT_location[DW_OP_regx 0x4a]
     947              $C$DW$130       .dwtag  DW_TAG_TI_assign_register, DW_AT_name("STFL")
     948                      .dwattr $C$DW$130, DW_AT_location[DW_OP_regx 0x27]
     949              $C$DW$131       .dwtag  DW_TAG_TI_assign_register, DW_AT_name("STF")
     950                      .dwattr $C$DW$131, DW_AT_location[DW_OP_regx 0x28]
     951              $C$DW$132       .dwtag  DW_TAG_TI_assign_register, DW_AT_name("FPUHAZ")
     952                      .dwattr $C$DW$132, DW_AT_location[DW_OP_reg27]
     953              $C$DW$133       .dwtag  DW_TAG_TI_assign_register, DW_AT_name("CIE_RETA")
     954                      .dwattr $C$DW$133, DW_AT_location[DW_OP_regx 0x4e]
     955                      .dwendtag $C$DW$CU
TMS320C2000 Assembler PC v6.2.7 Thu Jul 02 08:31:19 2015

Tools Copyright (c) 1996-2014 Texas Instruments Incorporated
C:\Users\Tester\AppData\Local\Temp\0335610                           PAGE   19

     956              

No Assembly Errors, No Assembly Warnings
