TMS320C2000 Assembler PC v6.2.7 Thu Jul 02 08:31:20 2015

Tools Copyright (c) 1996-2014 Texas Instruments Incorporated
C:\Users\Tester\AppData\Local\Temp\0528410                           PAGE    1

       1              ;***************************************************************
       2              ;* TMS320C2000 C/C++ Codegen                         PC v6.2.7 *
       3              ;* Date/Time created: Thu Jul 02 08:31:20 2015                 *
       4              ;***************************************************************
       5                      .compiler_opts --diag_wrap=off --float_support=fpu32 --hll_source=on --mem_model:code=flat --mem_mode
       6        0002  FP      .set    XAR2
       7              
       8              $C$DW$CU        .dwtag  DW_TAG_compile_unit
       9                      .dwattr $C$DW$CU, DW_AT_name("../ModBus/rs485Mbus.c")
      10                      .dwattr $C$DW$CU, DW_AT_producer("TMS320C2000 C/C++ Codegen PC v6.2.7 Copyright (c) 1996-2014 Texas I
      11                      .dwattr $C$DW$CU, DW_AT_TI_version(0x01)
      12                      .dwattr $C$DW$CU, DW_AT_comp_dir("D:\ActiveProject\EKT5\PKMT_NONBIOS\InvertorCntrl\ISPprg")
      13              
      14              $C$DW$1 .dwtag  DW_TAG_subprogram, DW_AT_name("chengFlow485cntrl")
      15                      .dwattr $C$DW$1, DW_AT_TI_symbol_name("_chengFlow485cntrl")
      16                      .dwattr $C$DW$1, DW_AT_declaration
      17                      .dwattr $C$DW$1, DW_AT_external
      18              $C$DW$2 .dwtag  DW_TAG_formal_parameter
      19                      .dwattr $C$DW$2, DW_AT_type(*$C$DW$T$20)
      20                      .dwendtag $C$DW$1
      21              
      22              
      23              $C$DW$3 .dwtag  DW_TAG_subprogram, DW_AT_name("initModbusAndShell")
      24                      .dwattr $C$DW$3, DW_AT_TI_symbol_name("_initModbusAndShell")
      25                      .dwattr $C$DW$3, DW_AT_declaration
      26                      .dwattr $C$DW$3, DW_AT_external
      27                      .global _mbusMsgPntr
      28 00000000       _mbusMsgPntr:   .usect  ".ebss",1,1,0
      29              $C$DW$4 .dwtag  DW_TAG_variable, DW_AT_name("mbusMsgPntr")
      30                      .dwattr $C$DW$4, DW_AT_TI_symbol_name("_mbusMsgPntr")
      31                      .dwattr $C$DW$4, DW_AT_location[DW_OP_addr _mbusMsgPntr]
      32                      .dwattr $C$DW$4, DW_AT_type(*$C$DW$T$28)
      33                      .dwattr $C$DW$4, DW_AT_external
      34              
      35              $C$DW$5 .dwtag  DW_TAG_subprogram, DW_AT_name("getRegister")
      36                      .dwattr $C$DW$5, DW_AT_TI_symbol_name("_getRegister")
      37                      .dwattr $C$DW$5, DW_AT_type(*$C$DW$T$10)
      38                      .dwattr $C$DW$5, DW_AT_declaration
      39                      .dwattr $C$DW$5, DW_AT_external
      40              $C$DW$6 .dwtag  DW_TAG_formal_parameter
      41                      .dwattr $C$DW$6, DW_AT_type(*$C$DW$T$5)
      42                      .dwendtag $C$DW$5
      43              
      44                      .global _adress485Mbus
      45 00000001       _adress485Mbus: .usect  ".ebss",1,1,0
      46              $C$DW$7 .dwtag  DW_TAG_variable, DW_AT_name("adress485Mbus")
      47                      .dwattr $C$DW$7, DW_AT_TI_symbol_name("_adress485Mbus")
      48                      .dwattr $C$DW$7, DW_AT_location[DW_OP_addr _adress485Mbus]
      49                      .dwattr $C$DW$7, DW_AT_type(*$C$DW$T$23)
      50                      .dwattr $C$DW$7, DW_AT_external
      51              
      52              $C$DW$8 .dwtag  DW_TAG_subprogram, DW_AT_name("testASCIImsg")
      53                      .dwattr $C$DW$8, DW_AT_TI_symbol_name("_testASCIImsg")
      54                      .dwattr $C$DW$8, DW_AT_type(*$C$DW$T$5)
      55                      .dwattr $C$DW$8, DW_AT_declaration
TMS320C2000 Assembler PC v6.2.7 Thu Jul 02 08:31:20 2015

Tools Copyright (c) 1996-2014 Texas Instruments Incorporated
C:\Users\Tester\AppData\Local\Temp\0528410                           PAGE    2

      56                      .dwattr $C$DW$8, DW_AT_external
      57              $C$DW$9 .dwtag  DW_TAG_formal_parameter
      58                      .dwattr $C$DW$9, DW_AT_type(*$C$DW$T$34)
      59              $C$DW$10        .dwtag  DW_TAG_formal_parameter
      60                      .dwattr $C$DW$10, DW_AT_type(*$C$DW$T$28)
      61                      .dwendtag $C$DW$8
      62              
      63              
      64              $C$DW$11        .dwtag  DW_TAG_subprogram, DW_AT_name("cntrlRs485ASCII")
      65                      .dwattr $C$DW$11, DW_AT_TI_symbol_name("_cntrlRs485ASCII")
      66                      .dwattr $C$DW$11, DW_AT_type(*$C$DW$T$5)
      67                      .dwattr $C$DW$11, DW_AT_declaration
      68                      .dwattr $C$DW$11, DW_AT_external
      69              $C$DW$12        .dwtag  DW_TAG_formal_parameter
      70                      .dwattr $C$DW$12, DW_AT_type(*$C$DW$T$34)
      71              $C$DW$13        .dwtag  DW_TAG_formal_parameter
      72                      .dwattr $C$DW$13, DW_AT_type(*$C$DW$T$29)
      73              $C$DW$14        .dwtag  DW_TAG_formal_parameter
      74                      .dwattr $C$DW$14, DW_AT_type(*$C$DW$T$28)
      75                      .dwendtag $C$DW$11
      76              
      77              
      78              $C$DW$15        .dwtag  DW_TAG_subprogram, DW_AT_name("putCharUart485")
      79                      .dwattr $C$DW$15, DW_AT_TI_symbol_name("_putCharUart485")
      80                      .dwattr $C$DW$15, DW_AT_type(*$C$DW$T$5)
      81                      .dwattr $C$DW$15, DW_AT_declaration
      82                      .dwattr $C$DW$15, DW_AT_external
      83              $C$DW$16        .dwtag  DW_TAG_formal_parameter
      84                      .dwattr $C$DW$16, DW_AT_type(*$C$DW$T$5)
      85                      .dwendtag $C$DW$15
      86              
      87                      .global _testMbusMsg
      88 00000002       _testMbusMsg:   .usect  ".ebss",2,1,1
      89              $C$DW$17        .dwtag  DW_TAG_variable, DW_AT_name("testMbusMsg")
      90                      .dwattr $C$DW$17, DW_AT_TI_symbol_name("_testMbusMsg")
      91                      .dwattr $C$DW$17, DW_AT_location[DW_OP_addr _testMbusMsg]
      92                      .dwattr $C$DW$17, DW_AT_type(*$C$DW$T$36)
      93                      .dwattr $C$DW$17, DW_AT_external
      94                      .global _trstPntrMbus
      95 00000004       _trstPntrMbus:  .usect  ".ebss",2,1,1
      96              $C$DW$18        .dwtag  DW_TAG_variable, DW_AT_name("trstPntrMbus")
      97                      .dwattr $C$DW$18, DW_AT_TI_symbol_name("_trstPntrMbus")
      98                      .dwattr $C$DW$18, DW_AT_location[DW_OP_addr _trstPntrMbus]
      99                      .dwattr $C$DW$18, DW_AT_type(*$C$DW$T$29)
     100                      .dwattr $C$DW$18, DW_AT_external
     101                      .global _answMbusMsg
     102 00000006       _answMbusMsg:   .usect  ".ebss",2,1,1
     103              $C$DW$19        .dwtag  DW_TAG_variable, DW_AT_name("answMbusMsg")
     104                      .dwattr $C$DW$19, DW_AT_TI_symbol_name("_answMbusMsg")
     105                      .dwattr $C$DW$19, DW_AT_location[DW_OP_addr _answMbusMsg]
     106                      .dwattr $C$DW$19, DW_AT_type(*$C$DW$T$38)
     107                      .dwattr $C$DW$19, DW_AT_external
     108                      .global _mbusMsg
     109 00000040       _mbusMsg:       .usect  ".ebss",128,1,0
     110              $C$DW$20        .dwtag  DW_TAG_variable, DW_AT_name("mbusMsg")
TMS320C2000 Assembler PC v6.2.7 Thu Jul 02 08:31:20 2015

Tools Copyright (c) 1996-2014 Texas Instruments Incorporated
C:\Users\Tester\AppData\Local\Temp\0528410                           PAGE    3

     111                      .dwattr $C$DW$20, DW_AT_TI_symbol_name("_mbusMsg")
     112                      .dwattr $C$DW$20, DW_AT_location[DW_OP_addr _mbusMsg]
     113                      .dwattr $C$DW$20, DW_AT_type(*$C$DW$T$30)
     114                      .dwattr $C$DW$20, DW_AT_external
     115              ;       C:\ti\ccsv6\tools\compiler\c2000_6.2.7\bin\ac2000.exe -@C:\\Users\\Tester\\AppData\\Local\\Temp\\0528
     116 00000000               .sect   ".text"
     117                      .clink
     118                      .global _testAdress485
     119              
     120              $C$DW$21        .dwtag  DW_TAG_subprogram, DW_AT_name("testAdress485")
     121                      .dwattr $C$DW$21, DW_AT_low_pc(_testAdress485)
     122                      .dwattr $C$DW$21, DW_AT_high_pc(0x00)
     123                      .dwattr $C$DW$21, DW_AT_TI_symbol_name("_testAdress485")
     124                      .dwattr $C$DW$21, DW_AT_external
     125                      .dwattr $C$DW$21, DW_AT_type(*$C$DW$T$5)
     126                      .dwattr $C$DW$21, DW_AT_TI_begin_file("../ModBus/rs485Mbus.c")
     127                      .dwattr $C$DW$21, DW_AT_TI_begin_line(0x18)
     128                      .dwattr $C$DW$21, DW_AT_TI_begin_column(0x06)
     129                      .dwattr $C$DW$21, DW_AT_TI_max_frame_size(-4)
     130                      .dwpsn  file "../ModBus/rs485Mbus.c",line 24,column 30,is_stmt,address _testAdress485
     131              
     132                      .dwfde $C$DW$CIE, _testAdress485
     133              $C$DW$22        .dwtag  DW_TAG_formal_parameter, DW_AT_name("buf")
     134                      .dwattr $C$DW$22, DW_AT_TI_symbol_name("_buf")
     135                      .dwattr $C$DW$22, DW_AT_type(*$C$DW$T$34)
     136                      .dwattr $C$DW$22, DW_AT_location[DW_OP_reg12]
     137              
     138              ;***************************************************************
     139              ;* FNAME: _testAdress485                FR SIZE:   2           *
     140              ;*                                                             *
     141              ;* FUNCTION ENVIRONMENT                                        *
     142              ;*                                                             *
     143              ;* FUNCTION PROPERTIES                                         *
     144              ;*                            0 Parameter,  2 Auto,  0 SOE     *
     145              ;***************************************************************
     146              
     147 00000000       _testAdress485:
     148                      .dwcfi  cfa_offset, -2
     149                      .dwcfi  save_reg_to_mem, 26, 0
     150                      .dwcfi  save_reg_to_reg, 78, 26
     151 00000000 FE02          ADDB      SP,#2                 ; [CPU_U] 
     152                      .dwcfi  cfa_offset, -4
     153              $C$DW$23        .dwtag  DW_TAG_variable, DW_AT_name("buf")
     154                      .dwattr $C$DW$23, DW_AT_TI_symbol_name("_buf")
     155                      .dwattr $C$DW$23, DW_AT_type(*$C$DW$T$34)
     156                      .dwattr $C$DW$23, DW_AT_location[DW_OP_breg20 -2]
     157 00000001 A842          MOVL      *-SP[2],XAR4          ; [CPU_] |24| 
     158                      .dwpsn  file "../ModBus/rs485Mbus.c",line 25,column 2,is_stmt
     159 00000002 8A42          MOVL      XAR4,*-SP[2]          ; [CPU_] |25| 
     160 00000003 88C4          MOVZ      AR6,*+XAR4[0]         ; [CPU_] |25| 
     161 00000004 761F-         MOVW      DP,#_adress485Mbus    ; [CPU_U] 
         00000005 0000 
     162 00000006 0E01-         MOVU      ACC,@_adress485Mbus   ; [CPU_] |25| 
     163 00000007 0FA6          CMPL      ACC,XAR6              ; [CPU_] |25| 
     164 00000008 ED03          BF        $C$L1,NEQ             ; [CPU_] |25| 
TMS320C2000 Assembler PC v6.2.7 Thu Jul 02 08:31:20 2015

Tools Copyright (c) 1996-2014 Texas Instruments Incorporated
C:\Users\Tester\AppData\Local\Temp\0528410                           PAGE    4

     165                      ; branchcc occurs ; [] |25| 
     166                      .dwpsn  file "../ModBus/rs485Mbus.c",line 26,column 3,is_stmt
     167 00000009 9A01          MOVB      AL,#1                 ; [CPU_] |26| 
     168 0000000a 6F02          B         $C$L2,UNC             ; [CPU_] |26| 
     169                      ; branch occurs ; [] |26| 
     170 0000000b       $C$L1:    
     171                      .dwpsn  file "../ModBus/rs485Mbus.c",line 28,column 3,is_stmt
     172 0000000b 9A00          MOVB      AL,#0                 ; [CPU_] |28| 
     173 0000000c       $C$L2:    
     174                      .dwpsn  file "../ModBus/rs485Mbus.c",line 29,column 1,is_stmt
     175 0000000c FE82          SUBB      SP,#2                 ; [CPU_U] 
     176                      .dwcfi  cfa_offset, -2
     177              $C$DW$24        .dwtag  DW_TAG_TI_branch
     178                      .dwattr $C$DW$24, DW_AT_low_pc(0x00)
     179                      .dwattr $C$DW$24, DW_AT_TI_return
     180 0000000d 0006          LRETR     ; [CPU_] 
     181                      ; return occurs ; [] 
     182                      .dwattr $C$DW$21, DW_AT_TI_end_file("../ModBus/rs485Mbus.c")
     183                      .dwattr $C$DW$21, DW_AT_TI_end_line(0x1d)
     184                      .dwattr $C$DW$21, DW_AT_TI_end_column(0x01)
     185                      .dwendentry
     186                      .dwendtag $C$DW$21
     187              
     188 0000000e               .sect   ".text"
     189                      .clink
     190                      .global _initModbusType
     191              
     192              $C$DW$25        .dwtag  DW_TAG_subprogram, DW_AT_name("initModbusType")
     193                      .dwattr $C$DW$25, DW_AT_low_pc(_initModbusType)
     194                      .dwattr $C$DW$25, DW_AT_high_pc(0x00)
     195                      .dwattr $C$DW$25, DW_AT_TI_symbol_name("_initModbusType")
     196                      .dwattr $C$DW$25, DW_AT_external
     197                      .dwattr $C$DW$25, DW_AT_TI_begin_file("../ModBus/rs485Mbus.c")
     198                      .dwattr $C$DW$25, DW_AT_TI_begin_line(0x1f)
     199                      .dwattr $C$DW$25, DW_AT_TI_begin_column(0x06)
     200                      .dwattr $C$DW$25, DW_AT_TI_max_frame_size(-2)
     201                      .dwpsn  file "../ModBus/rs485Mbus.c",line 31,column 26,is_stmt,address _initModbusType
     202              
     203                      .dwfde $C$DW$CIE, _initModbusType
     204              
     205              ;***************************************************************
     206              ;* FNAME: _initModbusType               FR SIZE:   0           *
     207              ;*                                                             *
     208              ;* FUNCTION ENVIRONMENT                                        *
     209              ;*                                                             *
     210              ;* FUNCTION PROPERTIES                                         *
     211              ;*                            0 Parameter,  0 Auto,  0 SOE     *
     212              ;***************************************************************
     213              
     214 0000000e       _initModbusType:
     215                      .dwcfi  cfa_offset, -2
     216                      .dwcfi  save_reg_to_mem, 26, 0
     217                      .dwcfi  save_reg_to_reg, 78, 26
     218                      .dwpsn  file "../ModBus/rs485Mbus.c",line 32,column 2,is_stmt
     219 0000000e 8F00!         MOVL      XAR4,#_testASCIImsg   ; [CPU_U] |32| 
TMS320C2000 Assembler PC v6.2.7 Thu Jul 02 08:31:20 2015

Tools Copyright (c) 1996-2014 Texas Instruments Incorporated
C:\Users\Tester\AppData\Local\Temp\0528410                           PAGE    5

         0000000f 0000 
     220 00000010 761F-         MOVW      DP,#_testMbusMsg      ; [CPU_U] 
         00000011 0000 
     221 00000012 A802-         MOVL      @_testMbusMsg,XAR4    ; [CPU_] |32| 
     222                      .dwpsn  file "../ModBus/rs485Mbus.c",line 33,column 2,is_stmt
     223 00000013 8F00!         MOVL      XAR4,#_cntrlRs485ASCII ; [CPU_U] |33| 
         00000014 0000 
     224 00000015 A806-         MOVL      @_answMbusMsg,XAR4    ; [CPU_] |33| 
     225                      .dwpsn  file "../ModBus/rs485Mbus.c",line 34,column 1,is_stmt
     226              $C$DW$26        .dwtag  DW_TAG_TI_branch
     227                      .dwattr $C$DW$26, DW_AT_low_pc(0x00)
     228                      .dwattr $C$DW$26, DW_AT_TI_return
     229 00000016 0006          LRETR     ; [CPU_] 
     230                      ; return occurs ; [] 
     231                      .dwattr $C$DW$25, DW_AT_TI_end_file("../ModBus/rs485Mbus.c")
     232                      .dwattr $C$DW$25, DW_AT_TI_end_line(0x22)
     233                      .dwattr $C$DW$25, DW_AT_TI_end_column(0x01)
     234                      .dwendentry
     235                      .dwendtag $C$DW$25
     236              
     237 00000017               .sect   ".text"
     238                      .clink
     239                      .global _initMbusMsg
     240              
     241              $C$DW$27        .dwtag  DW_TAG_subprogram, DW_AT_name("initMbusMsg")
     242                      .dwattr $C$DW$27, DW_AT_low_pc(_initMbusMsg)
     243                      .dwattr $C$DW$27, DW_AT_high_pc(0x00)
     244                      .dwattr $C$DW$27, DW_AT_TI_symbol_name("_initMbusMsg")
     245                      .dwattr $C$DW$27, DW_AT_external
     246                      .dwattr $C$DW$27, DW_AT_TI_begin_file("../ModBus/rs485Mbus.c")
     247                      .dwattr $C$DW$27, DW_AT_TI_begin_line(0x26)
     248                      .dwattr $C$DW$27, DW_AT_TI_begin_column(0x06)
     249                      .dwattr $C$DW$27, DW_AT_TI_max_frame_size(-4)
     250                      .dwpsn  file "../ModBus/rs485Mbus.c",line 38,column 23,is_stmt,address _initMbusMsg
     251              
     252                      .dwfde $C$DW$CIE, _initMbusMsg
     253              
     254              ;***************************************************************
     255              ;* FNAME: _initMbusMsg                  FR SIZE:   2           *
     256              ;*                                                             *
     257              ;* FUNCTION ENVIRONMENT                                        *
     258              ;*                                                             *
     259              ;* FUNCTION PROPERTIES                                         *
     260              ;*                            0 Parameter,  1 Auto,  0 SOE     *
     261              ;***************************************************************
     262              
     263 00000017       _initMbusMsg:
     264                      .dwcfi  cfa_offset, -2
     265                      .dwcfi  save_reg_to_mem, 26, 0
     266                      .dwcfi  save_reg_to_reg, 78, 26
     267 00000017 FE02          ADDB      SP,#2                 ; [CPU_U] 
     268                      .dwcfi  cfa_offset, -4
     269              $C$DW$28        .dwtag  DW_TAG_variable, DW_AT_name("i")
     270                      .dwattr $C$DW$28, DW_AT_TI_symbol_name("_i")
     271                      .dwattr $C$DW$28, DW_AT_type(*$C$DW$T$28)
TMS320C2000 Assembler PC v6.2.7 Thu Jul 02 08:31:20 2015

Tools Copyright (c) 1996-2014 Texas Instruments Incorporated
C:\Users\Tester\AppData\Local\Temp\0528410                           PAGE    6

     272                      .dwattr $C$DW$28, DW_AT_location[DW_OP_breg20 -1]
     273                      .dwpsn  file "../ModBus/rs485Mbus.c",line 40,column 6,is_stmt
     274 00000018 2B41          MOV       *-SP[1],#0            ; [CPU_] |40| 
     275                      .dwpsn  file "../ModBus/rs485Mbus.c",line 40,column 11,is_stmt
     276 00000019 9241          MOV       AL,*-SP[1]            ; [CPU_] |40| 
     277 0000001a 5280          CMPB      AL,#128               ; [CPU_] |40| 
     278 0000001b 6709          B         $C$L4,HIS             ; [CPU_] |40| 
     279                      ; branchcc occurs ; [] |40| 
     280 0000001c       $C$L3:    
     281                      .dwpsn  file "../ModBus/rs485Mbus.c",line 41,column 3,is_stmt
     282 0000001c 5841          MOVZ      AR0,*-SP[1]           ; [CPU_] |41| 
     283 0000001d 8F00-         MOVL      XAR4,#_mbusMsg        ; [CPU_U] |41| 
         0000001e 0040 
     284 0000001f 2B94          MOV       *+XAR4[AR0],#0        ; [CPU_] |41| 
     285                      .dwpsn  file "../ModBus/rs485Mbus.c",line 40,column 25,is_stmt
     286 00000020 0A41          INC       *-SP[1]               ; [CPU_] |40| 
     287                      .dwpsn  file "../ModBus/rs485Mbus.c",line 40,column 11,is_stmt
     288 00000021 9241          MOV       AL,*-SP[1]            ; [CPU_] |40| 
     289 00000022 5280          CMPB      AL,#128               ; [CPU_] |40| 
     290 00000023 68F9          B         $C$L3,LO              ; [CPU_] |40| 
     291                      ; branchcc occurs ; [] |40| 
     292 00000024       $C$L4:    
     293                      .dwpsn  file "../ModBus/rs485Mbus.c",line 42,column 2,is_stmt
     294 00000024 761F-         MOVW      DP,#_mbusMsgPntr      ; [CPU_U] 
         00000025 0000 
     295 00000026 2B00-         MOV       @_mbusMsgPntr,#0      ; [CPU_] |42| 
     296                      .dwpsn  file "../ModBus/rs485Mbus.c",line 44,column 2,is_stmt
     297 00000027 9A1C          MOVB      AL,#28                ; [CPU_] |44| 
     298              $C$DW$29        .dwtag  DW_TAG_TI_branch
     299                      .dwattr $C$DW$29, DW_AT_low_pc(0x00)
     300                      .dwattr $C$DW$29, DW_AT_name("_getRegister")
     301                      .dwattr $C$DW$29, DW_AT_TI_call
     302 00000028 7640!         LCR       #_getRegister         ; [CPU_] |44| 
         00000029 0000 
     303                      ; call occurs [#_getRegister] ; [] |44| 
     304 0000002a 761F-         MOVW      DP,#_adress485Mbus    ; [CPU_U] 
         0000002b 0000 
     305 0000002c 9601-         MOV       @_adress485Mbus,AL    ; [CPU_] |44| 
     306                      .dwpsn  file "../ModBus/rs485Mbus.c",line 45,column 1,is_stmt
     307 0000002d FE82          SUBB      SP,#2                 ; [CPU_U] 
     308                      .dwcfi  cfa_offset, -2
     309              $C$DW$30        .dwtag  DW_TAG_TI_branch
     310                      .dwattr $C$DW$30, DW_AT_low_pc(0x00)
     311                      .dwattr $C$DW$30, DW_AT_TI_return
     312 0000002e 0006          LRETR     ; [CPU_] 
     313                      ; return occurs ; [] 
     314                      .dwattr $C$DW$27, DW_AT_TI_end_file("../ModBus/rs485Mbus.c")
     315                      .dwattr $C$DW$27, DW_AT_TI_end_line(0x2d)
     316                      .dwattr $C$DW$27, DW_AT_TI_end_column(0x01)
     317                      .dwendentry
     318                      .dwendtag $C$DW$27
     319              
     320 0000002f               .sect   ".text"
     321                      .clink
     322                      .global _trstMsgMbus
TMS320C2000 Assembler PC v6.2.7 Thu Jul 02 08:31:20 2015

Tools Copyright (c) 1996-2014 Texas Instruments Incorporated
C:\Users\Tester\AppData\Local\Temp\0528410                           PAGE    7

     323              
     324              $C$DW$31        .dwtag  DW_TAG_subprogram, DW_AT_name("trstMsgMbus")
     325                      .dwattr $C$DW$31, DW_AT_low_pc(_trstMsgMbus)
     326                      .dwattr $C$DW$31, DW_AT_high_pc(0x00)
     327                      .dwattr $C$DW$31, DW_AT_TI_symbol_name("_trstMsgMbus")
     328                      .dwattr $C$DW$31, DW_AT_external
     329                      .dwattr $C$DW$31, DW_AT_TI_begin_file("../ModBus/rs485Mbus.c")
     330                      .dwattr $C$DW$31, DW_AT_TI_begin_line(0x2f)
     331                      .dwattr $C$DW$31, DW_AT_TI_begin_column(0x06)
     332                      .dwattr $C$DW$31, DW_AT_TI_max_frame_size(-2)
     333                      .dwpsn  file "../ModBus/rs485Mbus.c",line 47,column 23,is_stmt,address _trstMsgMbus
     334              
     335                      .dwfde $C$DW$CIE, _trstMsgMbus
     336              
     337              ;***************************************************************
     338              ;* FNAME: _trstMsgMbus                  FR SIZE:   0           *
     339              ;*                                                             *
     340              ;* FUNCTION ENVIRONMENT                                        *
     341              ;*                                                             *
     342              ;* FUNCTION PROPERTIES                                         *
     343              ;*                            0 Parameter,  0 Auto,  0 SOE     *
     344              ;***************************************************************
     345              
     346 0000002f       _trstMsgMbus:
     347                      .dwcfi  cfa_offset, -2
     348                      .dwcfi  save_reg_to_mem, 26, 0
     349                      .dwcfi  save_reg_to_reg, 78, 26
     350                      .dwpsn  file "../ModBus/rs485Mbus.c",line 48,column 2,is_stmt
     351 0000002f 761F-         MOVW      DP,#_mbusMsgPntr      ; [CPU_U] 
         00000030 0000 
     352 00000031 9200-         MOV       AL,@_mbusMsgPntr      ; [CPU_] |48| 
     353 00000032 EC0E          BF        $C$L5,EQ              ; [CPU_] |48| 
     354                      ; branchcc occurs ; [] |48| 
     355                      .dwpsn  file "../ModBus/rs485Mbus.c",line 49,column 3,is_stmt
     356 00000033 8A04-         MOVL      XAR4,@_trstPntrMbus   ; [CPU_] |49| 
     357 00000034 92C4          MOV       AL,*+XAR4[0]          ; [CPU_] |49| 
     358              $C$DW$32        .dwtag  DW_TAG_TI_branch
     359                      .dwattr $C$DW$32, DW_AT_low_pc(0x00)
     360                      .dwattr $C$DW$32, DW_AT_name("_putCharUart485")
     361                      .dwattr $C$DW$32, DW_AT_TI_call
     362 00000035 7640!         LCR       #_putCharUart485      ; [CPU_] |49| 
         00000036 0000 
     363                      ; call occurs [#_putCharUart485] ; [] |49| 
     364 00000037 5200          CMPB      AL,#0                 ; [CPU_] |49| 
     365 00000038 EC0A          BF        $C$L6,EQ              ; [CPU_] |49| 
     366                      ; branchcc occurs ; [] |49| 
     367                      .dwpsn  file "../ModBus/rs485Mbus.c",line 50,column 4,is_stmt
     368 00000039 0201          MOVB      ACC,#1                ; [CPU_] |50| 
     369 0000003a 761F-         MOVW      DP,#_trstPntrMbus     ; [CPU_U] 
         0000003b 0000 
     370 0000003c 5601-         ADDL      @_trstPntrMbus,ACC    ; [CPU_] |50| 
         0000003d 0004 
     371                      .dwpsn  file "../ModBus/rs485Mbus.c",line 51,column 4,is_stmt
     372 0000003e 0B00-         DEC       @_mbusMsgPntr         ; [CPU_] |51| 
     373                      .dwpsn  file "../ModBus/rs485Mbus.c",line 53,column 2,is_stmt
TMS320C2000 Assembler PC v6.2.7 Thu Jul 02 08:31:20 2015

Tools Copyright (c) 1996-2014 Texas Instruments Incorporated
C:\Users\Tester\AppData\Local\Temp\0528410                           PAGE    8

     374 0000003f 6F03          B         $C$L6,UNC             ; [CPU_] |53| 
     375                      ; branch occurs ; [] |53| 
     376 00000040       $C$L5:    
     377                      .dwpsn  file "../ModBus/rs485Mbus.c",line 54,column 3,is_stmt
     378              $C$DW$33        .dwtag  DW_TAG_TI_branch
     379                      .dwattr $C$DW$33, DW_AT_low_pc(0x00)
     380                      .dwattr $C$DW$33, DW_AT_name("_initModbusAndShell")
     381                      .dwattr $C$DW$33, DW_AT_TI_call
     382 00000040 7640!         LCR       #_initModbusAndShell  ; [CPU_] |54| 
         00000041 0000 
     383                      ; call occurs [#_initModbusAndShell] ; [] |54| 
     384                      .dwpsn  file "../ModBus/rs485Mbus.c",line 56,column 1,is_stmt
     385              $C$L6:    
     386              $C$DW$34        .dwtag  DW_TAG_TI_branch
     387                      .dwattr $C$DW$34, DW_AT_low_pc(0x00)
     388                      .dwattr $C$DW$34, DW_AT_TI_return
     389 00000042 0006          LRETR     ; [CPU_] 
     390                      ; return occurs ; [] 
     391                      .dwattr $C$DW$31, DW_AT_TI_end_file("../ModBus/rs485Mbus.c")
     392                      .dwattr $C$DW$31, DW_AT_TI_end_line(0x38)
     393                      .dwattr $C$DW$31, DW_AT_TI_end_column(0x01)
     394                      .dwendentry
     395                      .dwendtag $C$DW$31
     396              
     397 00000043               .sect   ".text"
     398                      .clink
     399                      .global _cntrlMbusMsg
     400              
     401              $C$DW$35        .dwtag  DW_TAG_subprogram, DW_AT_name("cntrlMbusMsg")
     402                      .dwattr $C$DW$35, DW_AT_low_pc(_cntrlMbusMsg)
     403                      .dwattr $C$DW$35, DW_AT_high_pc(0x00)
     404                      .dwattr $C$DW$35, DW_AT_TI_symbol_name("_cntrlMbusMsg")
     405                      .dwattr $C$DW$35, DW_AT_external
     406                      .dwattr $C$DW$35, DW_AT_TI_begin_file("../ModBus/rs485Mbus.c")
     407                      .dwattr $C$DW$35, DW_AT_TI_begin_line(0x3a)
     408                      .dwattr $C$DW$35, DW_AT_TI_begin_column(0x06)
     409                      .dwattr $C$DW$35, DW_AT_TI_max_frame_size(-4)
     410                      .dwpsn  file "../ModBus/rs485Mbus.c",line 58,column 33,is_stmt,address _cntrlMbusMsg
     411              
     412                      .dwfde $C$DW$CIE, _cntrlMbusMsg
     413              $C$DW$36        .dwtag  DW_TAG_formal_parameter, DW_AT_name("msgByte")
     414                      .dwattr $C$DW$36, DW_AT_TI_symbol_name("_msgByte")
     415                      .dwattr $C$DW$36, DW_AT_type(*$C$DW$T$23)
     416                      .dwattr $C$DW$36, DW_AT_location[DW_OP_reg0]
     417              
     418              ;***************************************************************
     419              ;* FNAME: _cntrlMbusMsg                 FR SIZE:   2           *
     420              ;*                                                             *
     421              ;* FUNCTION ENVIRONMENT                                        *
     422              ;*                                                             *
     423              ;* FUNCTION PROPERTIES                                         *
     424              ;*                            0 Parameter,  2 Auto,  0 SOE     *
     425              ;***************************************************************
     426              
     427 00000043       _cntrlMbusMsg:
TMS320C2000 Assembler PC v6.2.7 Thu Jul 02 08:31:20 2015

Tools Copyright (c) 1996-2014 Texas Instruments Incorporated
C:\Users\Tester\AppData\Local\Temp\0528410                           PAGE    9

     428                      .dwcfi  cfa_offset, -2
     429                      .dwcfi  save_reg_to_mem, 26, 0
     430                      .dwcfi  save_reg_to_reg, 78, 26
     431 00000043 FE02          ADDB      SP,#2                 ; [CPU_U] 
     432                      .dwcfi  cfa_offset, -4
     433              $C$DW$37        .dwtag  DW_TAG_variable, DW_AT_name("msgByte")
     434                      .dwattr $C$DW$37, DW_AT_TI_symbol_name("_msgByte")
     435                      .dwattr $C$DW$37, DW_AT_type(*$C$DW$T$23)
     436                      .dwattr $C$DW$37, DW_AT_location[DW_OP_breg20 -1]
     437              $C$DW$38        .dwtag  DW_TAG_variable, DW_AT_name("tmp")
     438                      .dwattr $C$DW$38, DW_AT_TI_symbol_name("_tmp")
     439                      .dwattr $C$DW$38, DW_AT_type(*$C$DW$T$5)
     440                      .dwattr $C$DW$38, DW_AT_location[DW_OP_breg20 -2]
     441 00000044 9641          MOV       *-SP[1],AL            ; [CPU_] |58| 
     442                      .dwpsn  file "../ModBus/rs485Mbus.c",line 60,column 2,is_stmt
     443 00000045 761F-         MOVW      DP,#_mbusMsgPntr      ; [CPU_U] 
         00000046 0000 
     444 00000047 9200-         MOV       AL,@_mbusMsgPntr      ; [CPU_] |60| 
     445 00000048 5280          CMPB      AL,#128               ; [CPU_] |60| 
     446 00000049 6707          B         $C$L7,HIS             ; [CPU_] |60| 
     447                      ; branchcc occurs ; [] |60| 
     448                      .dwpsn  file "../ModBus/rs485Mbus.c",line 61,column 3,is_stmt
     449 0000004a 5800-         MOVZ      AR0,@_mbusMsgPntr     ; [CPU_] |61| 
     450 0000004b 9241          MOV       AL,*-SP[1]            ; [CPU_] |61| 
     451 0000004c 8F00-         MOVL      XAR4,#_mbusMsg        ; [CPU_U] |61| 
         0000004d 0040 
     452 0000004e 9694          MOV       *+XAR4[AR0],AL        ; [CPU_] |61| 
     453                      .dwpsn  file "../ModBus/rs485Mbus.c",line 62,column 3,is_stmt
     454 0000004f 0A00-         INC       @_mbusMsgPntr         ; [CPU_] |62| 
     455 00000050       $C$L7:    
     456                      .dwpsn  file "../ModBus/rs485Mbus.c",line 65,column 2,is_stmt
     457 00000050 C502-         MOVL      XAR7,@_testMbusMsg    ; [CPU_] |65| 
     458 00000051 8F00-         MOVL      XAR4,#_mbusMsg        ; [CPU_U] |65| 
         00000052 0040 
     459 00000053 9200-         MOV       AL,@_mbusMsgPntr      ; [CPU_] |65| 
     460              $C$DW$39        .dwtag  DW_TAG_TI_branch
     461                      .dwattr $C$DW$39, DW_AT_low_pc(0x00)
     462                      .dwattr $C$DW$39, DW_AT_TI_call
     463                      .dwattr $C$DW$39, DW_AT_TI_indirect
     464 00000054 3E67          LCR       *XAR7                 ; [CPU_] |65| 
     465                      ; call occurs [XAR7] ; [] |65| 
     466 00000055 9642          MOV       *-SP[2],AL            ; [CPU_] |65| 
     467                      .dwpsn  file "../ModBus/rs485Mbus.c",line 66,column 2,is_stmt
     468 00000056 5200          CMPB      AL,#0                 ; [CPU_] |66| 
     469 00000057 651A          B         $C$L9,LEQ             ; [CPU_] |66| 
     470                      ; branchcc occurs ; [] |66| 
     471                      .dwpsn  file "../ModBus/rs485Mbus.c",line 67,column 3,is_stmt
     472 00000058 761F-         MOVW      DP,#_answMbusMsg      ; [CPU_U] 
         00000059 0000 
     473 0000005a 8F00-         MOVL      XAR4,#_mbusMsg        ; [CPU_U] |67| 
         0000005b 0040 
     474 0000005c 8F40-         MOVL      XAR5,#_mbusMsgPntr    ; [CPU_U] |67| 
         0000005d 0000 
     475 0000005e 9A80          MOVB      AL,#128               ; [CPU_] |67| 
     476 0000005f C506-         MOVL      XAR7,@_answMbusMsg    ; [CPU_] |67| 
TMS320C2000 Assembler PC v6.2.7 Thu Jul 02 08:31:20 2015

Tools Copyright (c) 1996-2014 Texas Instruments Incorporated
C:\Users\Tester\AppData\Local\Temp\0528410                           PAGE   10

     477              $C$DW$40        .dwtag  DW_TAG_TI_branch
     478                      .dwattr $C$DW$40, DW_AT_low_pc(0x00)
     479                      .dwattr $C$DW$40, DW_AT_TI_call
     480                      .dwattr $C$DW$40, DW_AT_TI_indirect
     481 00000060 3E67          LCR       *XAR7                 ; [CPU_] |67| 
     482                      ; call occurs [XAR7] ; [] |67| 
     483 00000061 9642          MOV       *-SP[2],AL            ; [CPU_] |67| 
     484                      .dwpsn  file "../ModBus/rs485Mbus.c",line 68,column 3,is_stmt
     485 00000062 5200          CMPB      AL,#0                 ; [CPU_] |68| 
     486 00000063 EC0B          BF        $C$L8,EQ              ; [CPU_] |68| 
     487                      ; branchcc occurs ; [] |68| 
     488                      .dwpsn  file "../ModBus/rs485Mbus.c",line 69,column 4,is_stmt
     489 00000064 8F00-         MOVL      XAR4,#_mbusMsg        ; [CPU_U] |69| 
         00000065 0040 
     490 00000066 761F-         MOVW      DP,#_trstPntrMbus     ; [CPU_U] 
         00000067 0000 
     491 00000068 A804-         MOVL      @_trstPntrMbus,XAR4   ; [CPU_] |69| 
     492                      .dwpsn  file "../ModBus/rs485Mbus.c",line 70,column 4,is_stmt
     493 00000069 8F00'         MOVL      XAR4,#_trstMsgMbus    ; [CPU_U] |70| 
         0000006a 002F 
     494              $C$DW$41        .dwtag  DW_TAG_TI_branch
     495                      .dwattr $C$DW$41, DW_AT_low_pc(0x00)
     496                      .dwattr $C$DW$41, DW_AT_name("_chengFlow485cntrl")
     497                      .dwattr $C$DW$41, DW_AT_TI_call
     498 0000006b 7640!         LCR       #_chengFlow485cntrl   ; [CPU_] |70| 
         0000006c 0000 
     499                      ; call occurs [#_chengFlow485cntrl] ; [] |70| 
     500                      .dwpsn  file "../ModBus/rs485Mbus.c",line 71,column 3,is_stmt
     501 0000006d 6F09          B         $C$L10,UNC            ; [CPU_] |71| 
     502                      ; branch occurs ; [] |71| 
     503 0000006e       $C$L8:    
     504                      .dwpsn  file "../ModBus/rs485Mbus.c",line 73,column 4,is_stmt
     505              $C$DW$42        .dwtag  DW_TAG_TI_branch
     506                      .dwattr $C$DW$42, DW_AT_low_pc(0x00)
     507                      .dwattr $C$DW$42, DW_AT_name("_initMbusMsg")
     508                      .dwattr $C$DW$42, DW_AT_TI_call
     509 0000006e 7640'         LCR       #_initMbusMsg         ; [CPU_] |73| 
         0000006f 0017 
     510                      ; call occurs [#_initMbusMsg] ; [] |73| 
     511                      .dwpsn  file "../ModBus/rs485Mbus.c",line 75,column 2,is_stmt
     512 00000070 6F06          B         $C$L10,UNC            ; [CPU_] |75| 
     513                      ; branch occurs ; [] |75| 
     514 00000071       $C$L9:    
     515                      .dwpsn  file "../ModBus/rs485Mbus.c",line 76,column 3,is_stmt
     516 00000071 5200          CMPB      AL,#0                 ; [CPU_] |76| 
     517 00000072 6304          B         $C$L10,GEQ            ; [CPU_] |76| 
     518                      ; branchcc occurs ; [] |76| 
     519                      .dwpsn  file "../ModBus/rs485Mbus.c",line 77,column 4,is_stmt
     520 00000073 761F-         MOVW      DP,#_mbusMsgPntr      ; [CPU_U] 
         00000074 0000 
     521 00000075 2B00-         MOV       @_mbusMsgPntr,#0      ; [CPU_] |77| 
     522                      .dwpsn  file "../ModBus/rs485Mbus.c",line 79,column 1,is_stmt
     523 00000076       $C$L10:    
     524 00000076 FE82          SUBB      SP,#2                 ; [CPU_U] 
     525                      .dwcfi  cfa_offset, -2
TMS320C2000 Assembler PC v6.2.7 Thu Jul 02 08:31:20 2015

Tools Copyright (c) 1996-2014 Texas Instruments Incorporated
C:\Users\Tester\AppData\Local\Temp\0528410                           PAGE   11

     526              $C$DW$43        .dwtag  DW_TAG_TI_branch
     527                      .dwattr $C$DW$43, DW_AT_low_pc(0x00)
     528                      .dwattr $C$DW$43, DW_AT_TI_return
     529 00000077 0006          LRETR     ; [CPU_] 
     530                      ; return occurs ; [] 
     531                      .dwattr $C$DW$35, DW_AT_TI_end_file("../ModBus/rs485Mbus.c")
     532                      .dwattr $C$DW$35, DW_AT_TI_end_line(0x4f)
     533                      .dwattr $C$DW$35, DW_AT_TI_end_column(0x01)
     534                      .dwendentry
     535                      .dwendtag $C$DW$35
     536              
     537              ;**************************************************************
     538              ;* UNDEFINED EXTERNAL REFERENCES                              *
     539              ;**************************************************************
     540                      .global _chengFlow485cntrl
     541                      .global _initModbusAndShell
     542                      .global _getRegister
     543                      .global _testASCIImsg
     544                      .global _cntrlRs485ASCII
     545                      .global _putCharUart485
     546              
     547              ;***************************************************************
     548              ;* TYPE INFORMATION                                            *
     549              ;***************************************************************
     550              
     551              $C$DW$T$19      .dwtag  DW_TAG_subroutine_type
     552                      .dwattr $C$DW$T$19, DW_AT_language(DW_LANG_C)
     553              $C$DW$T$20      .dwtag  DW_TAG_pointer_type
     554                      .dwattr $C$DW$T$20, DW_AT_type(*$C$DW$T$19)
     555                      .dwattr $C$DW$T$20, DW_AT_address_class(0x16)
     556              $C$DW$T$4       .dwtag  DW_TAG_base_type
     557                      .dwattr $C$DW$T$4, DW_AT_encoding(DW_ATE_boolean)
     558                      .dwattr $C$DW$T$4, DW_AT_name("bool")
     559                      .dwattr $C$DW$T$4, DW_AT_byte_size(0x01)
     560              $C$DW$T$5       .dwtag  DW_TAG_base_type
     561                      .dwattr $C$DW$T$5, DW_AT_encoding(DW_ATE_signed_char)
     562                      .dwattr $C$DW$T$5, DW_AT_name("signed char")
     563                      .dwattr $C$DW$T$5, DW_AT_byte_size(0x01)
     564              $C$DW$T$6       .dwtag  DW_TAG_base_type
     565                      .dwattr $C$DW$T$6, DW_AT_encoding(DW_ATE_unsigned_char)
     566                      .dwattr $C$DW$T$6, DW_AT_name("unsigned char")
     567                      .dwattr $C$DW$T$6, DW_AT_byte_size(0x01)
     568              $C$DW$T$7       .dwtag  DW_TAG_base_type
     569                      .dwattr $C$DW$T$7, DW_AT_encoding(DW_ATE_signed_char)
     570                      .dwattr $C$DW$T$7, DW_AT_name("wchar_t")
     571                      .dwattr $C$DW$T$7, DW_AT_byte_size(0x01)
     572              $C$DW$T$8       .dwtag  DW_TAG_base_type
     573                      .dwattr $C$DW$T$8, DW_AT_encoding(DW_ATE_signed)
     574                      .dwattr $C$DW$T$8, DW_AT_name("short")
     575                      .dwattr $C$DW$T$8, DW_AT_byte_size(0x01)
     576              $C$DW$T$9       .dwtag  DW_TAG_base_type
     577                      .dwattr $C$DW$T$9, DW_AT_encoding(DW_ATE_unsigned)
     578                      .dwattr $C$DW$T$9, DW_AT_name("unsigned short")
     579                      .dwattr $C$DW$T$9, DW_AT_byte_size(0x01)
     580              $C$DW$T$10      .dwtag  DW_TAG_base_type
TMS320C2000 Assembler PC v6.2.7 Thu Jul 02 08:31:20 2015

Tools Copyright (c) 1996-2014 Texas Instruments Incorporated
C:\Users\Tester\AppData\Local\Temp\0528410                           PAGE   12

     581                      .dwattr $C$DW$T$10, DW_AT_encoding(DW_ATE_signed)
     582                      .dwattr $C$DW$T$10, DW_AT_name("int")
     583                      .dwattr $C$DW$T$10, DW_AT_byte_size(0x01)
     584              $C$DW$T$11      .dwtag  DW_TAG_base_type
     585                      .dwattr $C$DW$T$11, DW_AT_encoding(DW_ATE_unsigned)
     586                      .dwattr $C$DW$T$11, DW_AT_name("unsigned int")
     587                      .dwattr $C$DW$T$11, DW_AT_byte_size(0x01)
     588              $C$DW$T$28      .dwtag  DW_TAG_typedef, DW_AT_name("UINT16")
     589                      .dwattr $C$DW$T$28, DW_AT_type(*$C$DW$T$11)
     590                      .dwattr $C$DW$T$28, DW_AT_language(DW_LANG_C)
     591              $C$DW$T$29      .dwtag  DW_TAG_pointer_type
     592                      .dwattr $C$DW$T$29, DW_AT_type(*$C$DW$T$28)
     593                      .dwattr $C$DW$T$29, DW_AT_address_class(0x16)
     594              $C$DW$T$23      .dwtag  DW_TAG_typedef, DW_AT_name("UINT8")
     595                      .dwattr $C$DW$T$23, DW_AT_type(*$C$DW$T$11)
     596                      .dwattr $C$DW$T$23, DW_AT_language(DW_LANG_C)
     597              
     598              $C$DW$T$30      .dwtag  DW_TAG_array_type
     599                      .dwattr $C$DW$T$30, DW_AT_type(*$C$DW$T$23)
     600                      .dwattr $C$DW$T$30, DW_AT_language(DW_LANG_C)
     601                      .dwattr $C$DW$T$30, DW_AT_byte_size(0x80)
     602              $C$DW$44        .dwtag  DW_TAG_subrange_type
     603                      .dwattr $C$DW$44, DW_AT_upper_bound(0x7f)
     604                      .dwendtag $C$DW$T$30
     605              
     606              $C$DW$T$12      .dwtag  DW_TAG_base_type
     607                      .dwattr $C$DW$T$12, DW_AT_encoding(DW_ATE_signed)
     608                      .dwattr $C$DW$T$12, DW_AT_name("long")
     609                      .dwattr $C$DW$T$12, DW_AT_byte_size(0x02)
     610              $C$DW$T$13      .dwtag  DW_TAG_base_type
     611                      .dwattr $C$DW$T$13, DW_AT_encoding(DW_ATE_unsigned)
     612                      .dwattr $C$DW$T$13, DW_AT_name("unsigned long")
     613                      .dwattr $C$DW$T$13, DW_AT_byte_size(0x02)
     614              $C$DW$T$14      .dwtag  DW_TAG_base_type
     615                      .dwattr $C$DW$T$14, DW_AT_encoding(DW_ATE_signed)
     616                      .dwattr $C$DW$T$14, DW_AT_name("long long")
     617                      .dwattr $C$DW$T$14, DW_AT_byte_size(0x04)
     618              $C$DW$T$15      .dwtag  DW_TAG_base_type
     619                      .dwattr $C$DW$T$15, DW_AT_encoding(DW_ATE_unsigned)
     620                      .dwattr $C$DW$T$15, DW_AT_name("unsigned long long")
     621                      .dwattr $C$DW$T$15, DW_AT_byte_size(0x04)
     622              $C$DW$T$16      .dwtag  DW_TAG_base_type
     623                      .dwattr $C$DW$T$16, DW_AT_encoding(DW_ATE_float)
     624                      .dwattr $C$DW$T$16, DW_AT_name("float")
     625                      .dwattr $C$DW$T$16, DW_AT_byte_size(0x02)
     626              $C$DW$T$17      .dwtag  DW_TAG_base_type
     627                      .dwattr $C$DW$T$17, DW_AT_encoding(DW_ATE_float)
     628                      .dwattr $C$DW$T$17, DW_AT_name("double")
     629                      .dwattr $C$DW$T$17, DW_AT_byte_size(0x02)
     630              $C$DW$T$18      .dwtag  DW_TAG_base_type
     631                      .dwattr $C$DW$T$18, DW_AT_encoding(DW_ATE_float)
     632                      .dwattr $C$DW$T$18, DW_AT_name("long double")
     633                      .dwattr $C$DW$T$18, DW_AT_byte_size(0x04)
     634              $C$DW$T$34      .dwtag  DW_TAG_pointer_type
     635                      .dwattr $C$DW$T$34, DW_AT_type(*$C$DW$T$5)
TMS320C2000 Assembler PC v6.2.7 Thu Jul 02 08:31:20 2015

Tools Copyright (c) 1996-2014 Texas Instruments Incorporated
C:\Users\Tester\AppData\Local\Temp\0528410                           PAGE   13

     636                      .dwattr $C$DW$T$34, DW_AT_address_class(0x16)
     637              
     638              $C$DW$T$35      .dwtag  DW_TAG_subroutine_type
     639                      .dwattr $C$DW$T$35, DW_AT_type(*$C$DW$T$5)
     640                      .dwattr $C$DW$T$35, DW_AT_language(DW_LANG_C)
     641              $C$DW$45        .dwtag  DW_TAG_formal_parameter
     642                      .dwattr $C$DW$45, DW_AT_type(*$C$DW$T$34)
     643              $C$DW$46        .dwtag  DW_TAG_formal_parameter
     644                      .dwattr $C$DW$46, DW_AT_type(*$C$DW$T$28)
     645                      .dwendtag $C$DW$T$35
     646              
     647              $C$DW$T$36      .dwtag  DW_TAG_pointer_type
     648                      .dwattr $C$DW$T$36, DW_AT_type(*$C$DW$T$35)
     649                      .dwattr $C$DW$T$36, DW_AT_address_class(0x16)
     650              
     651              $C$DW$T$37      .dwtag  DW_TAG_subroutine_type
     652                      .dwattr $C$DW$T$37, DW_AT_type(*$C$DW$T$5)
     653                      .dwattr $C$DW$T$37, DW_AT_language(DW_LANG_C)
     654              $C$DW$47        .dwtag  DW_TAG_formal_parameter
     655                      .dwattr $C$DW$47, DW_AT_type(*$C$DW$T$34)
     656              $C$DW$48        .dwtag  DW_TAG_formal_parameter
     657                      .dwattr $C$DW$48, DW_AT_type(*$C$DW$T$29)
     658              $C$DW$49        .dwtag  DW_TAG_formal_parameter
     659                      .dwattr $C$DW$49, DW_AT_type(*$C$DW$T$28)
     660                      .dwendtag $C$DW$T$37
     661              
     662              $C$DW$T$38      .dwtag  DW_TAG_pointer_type
     663                      .dwattr $C$DW$T$38, DW_AT_type(*$C$DW$T$37)
     664                      .dwattr $C$DW$T$38, DW_AT_address_class(0x16)
     665                      .dwattr $C$DW$CU, DW_AT_language(DW_LANG_C)
     666              
     667              ;***************************************************************
     668              ;* DWARF CIE ENTRIES                                           *
     669              ;***************************************************************
     670              
     671              $C$DW$CIE       .dwcie 78
     672                      .dwcfi  cfa_register, 20
     673                      .dwcfi  cfa_offset, 0
     674                      .dwcfi  undefined, 0
     675                      .dwcfi  undefined, 1
     676                      .dwcfi  undefined, 2
     677                      .dwcfi  undefined, 3
     678                      .dwcfi  undefined, 20
     679                      .dwcfi  undefined, 21
     680                      .dwcfi  undefined, 22
     681                      .dwcfi  undefined, 23
     682                      .dwcfi  undefined, 24
     683                      .dwcfi  undefined, 25
     684                      .dwcfi  undefined, 26
     685                      .dwcfi  same_value, 28
     686                      .dwcfi  undefined, 29
     687                      .dwcfi  undefined, 30
     688                      .dwcfi  undefined, 31
     689                      .dwcfi  undefined, 32
     690                      .dwcfi  undefined, 33
TMS320C2000 Assembler PC v6.2.7 Thu Jul 02 08:31:20 2015

Tools Copyright (c) 1996-2014 Texas Instruments Incorporated
C:\Users\Tester\AppData\Local\Temp\0528410                           PAGE   14

     691                      .dwcfi  undefined, 34
     692                      .dwcfi  undefined, 35
     693                      .dwcfi  undefined, 36
     694                      .dwcfi  undefined, 37
     695                      .dwcfi  undefined, 38
     696                      .dwcfi  undefined, 75
     697                      .dwcfi  undefined, 76
     698                      .dwcfi  undefined, 77
     699                      .dwcfi  undefined, 4
     700                      .dwcfi  same_value, 6
     701                      .dwcfi  same_value, 8
     702                      .dwcfi  same_value, 10
     703                      .dwcfi  undefined, 12
     704                      .dwcfi  undefined, 14
     705                      .dwcfi  undefined, 16
     706                      .dwcfi  undefined, 17
     707                      .dwcfi  undefined, 18
     708                      .dwcfi  undefined, 19
     709                      .dwcfi  undefined, 5
     710                      .dwcfi  same_value, 7
     711                      .dwcfi  same_value, 9
     712                      .dwcfi  same_value, 11
     713                      .dwcfi  undefined, 13
     714                      .dwcfi  undefined, 15
     715                      .dwcfi  undefined, 43
     716                      .dwcfi  undefined, 44
     717                      .dwcfi  undefined, 47
     718                      .dwcfi  undefined, 48
     719                      .dwcfi  undefined, 51
     720                      .dwcfi  undefined, 52
     721                      .dwcfi  undefined, 55
     722                      .dwcfi  undefined, 56
     723                      .dwcfi  same_value, 59
     724                      .dwcfi  same_value, 60
     725                      .dwcfi  same_value, 63
     726                      .dwcfi  same_value, 64
     727                      .dwcfi  same_value, 67
     728                      .dwcfi  same_value, 68
     729                      .dwcfi  same_value, 71
     730                      .dwcfi  same_value, 72
     731                      .dwcfi  undefined, 73
     732                      .dwcfi  undefined, 74
     733                      .dwcfi  undefined, 39
     734                      .dwcfi  undefined, 40
     735                      .dwcfi  undefined, 27
     736                      .dwcfi  undefined, 78
     737                      .dwendentry
     738              
     739              ;***************************************************************
     740              ;* DWARF REGISTER MAP                                          *
     741              ;***************************************************************
     742              
     743              $C$DW$50        .dwtag  DW_TAG_TI_assign_register, DW_AT_name("AL")
     744                      .dwattr $C$DW$50, DW_AT_location[DW_OP_reg0]
     745              $C$DW$51        .dwtag  DW_TAG_TI_assign_register, DW_AT_name("AH")
TMS320C2000 Assembler PC v6.2.7 Thu Jul 02 08:31:20 2015

Tools Copyright (c) 1996-2014 Texas Instruments Incorporated
C:\Users\Tester\AppData\Local\Temp\0528410                           PAGE   15

     746                      .dwattr $C$DW$51, DW_AT_location[DW_OP_reg1]
     747              $C$DW$52        .dwtag  DW_TAG_TI_assign_register, DW_AT_name("PL")
     748                      .dwattr $C$DW$52, DW_AT_location[DW_OP_reg2]
     749              $C$DW$53        .dwtag  DW_TAG_TI_assign_register, DW_AT_name("PH")
     750                      .dwattr $C$DW$53, DW_AT_location[DW_OP_reg3]
     751              $C$DW$54        .dwtag  DW_TAG_TI_assign_register, DW_AT_name("SP")
     752                      .dwattr $C$DW$54, DW_AT_location[DW_OP_reg20]
     753              $C$DW$55        .dwtag  DW_TAG_TI_assign_register, DW_AT_name("XT")
     754                      .dwattr $C$DW$55, DW_AT_location[DW_OP_reg21]
     755              $C$DW$56        .dwtag  DW_TAG_TI_assign_register, DW_AT_name("T")
     756                      .dwattr $C$DW$56, DW_AT_location[DW_OP_reg22]
     757              $C$DW$57        .dwtag  DW_TAG_TI_assign_register, DW_AT_name("ST0")
     758                      .dwattr $C$DW$57, DW_AT_location[DW_OP_reg23]
     759              $C$DW$58        .dwtag  DW_TAG_TI_assign_register, DW_AT_name("ST1")
     760                      .dwattr $C$DW$58, DW_AT_location[DW_OP_reg24]
     761              $C$DW$59        .dwtag  DW_TAG_TI_assign_register, DW_AT_name("PC")
     762                      .dwattr $C$DW$59, DW_AT_location[DW_OP_reg25]
     763              $C$DW$60        .dwtag  DW_TAG_TI_assign_register, DW_AT_name("RPC")
     764                      .dwattr $C$DW$60, DW_AT_location[DW_OP_reg26]
     765              $C$DW$61        .dwtag  DW_TAG_TI_assign_register, DW_AT_name("FP")
     766                      .dwattr $C$DW$61, DW_AT_location[DW_OP_reg28]
     767              $C$DW$62        .dwtag  DW_TAG_TI_assign_register, DW_AT_name("DP")
     768                      .dwattr $C$DW$62, DW_AT_location[DW_OP_reg29]
     769              $C$DW$63        .dwtag  DW_TAG_TI_assign_register, DW_AT_name("SXM")
     770                      .dwattr $C$DW$63, DW_AT_location[DW_OP_reg30]
     771              $C$DW$64        .dwtag  DW_TAG_TI_assign_register, DW_AT_name("PM")
     772                      .dwattr $C$DW$64, DW_AT_location[DW_OP_reg31]
     773              $C$DW$65        .dwtag  DW_TAG_TI_assign_register, DW_AT_name("OVM")
     774                      .dwattr $C$DW$65, DW_AT_location[DW_OP_regx 0x20]
     775              $C$DW$66        .dwtag  DW_TAG_TI_assign_register, DW_AT_name("PAGE0")
     776                      .dwattr $C$DW$66, DW_AT_location[DW_OP_regx 0x21]
     777              $C$DW$67        .dwtag  DW_TAG_TI_assign_register, DW_AT_name("AMODE")
     778                      .dwattr $C$DW$67, DW_AT_location[DW_OP_regx 0x22]
     779              $C$DW$68        .dwtag  DW_TAG_TI_assign_register, DW_AT_name("INTM")
     780                      .dwattr $C$DW$68, DW_AT_location[DW_OP_regx 0x23]
     781              $C$DW$69        .dwtag  DW_TAG_TI_assign_register, DW_AT_name("IFR")
     782                      .dwattr $C$DW$69, DW_AT_location[DW_OP_regx 0x24]
     783              $C$DW$70        .dwtag  DW_TAG_TI_assign_register, DW_AT_name("IER")
     784                      .dwattr $C$DW$70, DW_AT_location[DW_OP_regx 0x25]
     785              $C$DW$71        .dwtag  DW_TAG_TI_assign_register, DW_AT_name("V")
     786                      .dwattr $C$DW$71, DW_AT_location[DW_OP_regx 0x26]
     787              $C$DW$72        .dwtag  DW_TAG_TI_assign_register, DW_AT_name("PSEUDOH")
     788                      .dwattr $C$DW$72, DW_AT_location[DW_OP_regx 0x4c]
     789              $C$DW$73        .dwtag  DW_TAG_TI_assign_register, DW_AT_name("VOL")
     790                      .dwattr $C$DW$73, DW_AT_location[DW_OP_regx 0x4d]
     791              $C$DW$74        .dwtag  DW_TAG_TI_assign_register, DW_AT_name("AR0")
     792                      .dwattr $C$DW$74, DW_AT_location[DW_OP_reg4]
     793              $C$DW$75        .dwtag  DW_TAG_TI_assign_register, DW_AT_name("AR1")
     794                      .dwattr $C$DW$75, DW_AT_location[DW_OP_reg6]
     795              $C$DW$76        .dwtag  DW_TAG_TI_assign_register, DW_AT_name("AR2")
     796                      .dwattr $C$DW$76, DW_AT_location[DW_OP_reg8]
     797              $C$DW$77        .dwtag  DW_TAG_TI_assign_register, DW_AT_name("AR3")
     798                      .dwattr $C$DW$77, DW_AT_location[DW_OP_reg10]
     799              $C$DW$78        .dwtag  DW_TAG_TI_assign_register, DW_AT_name("AR4")
     800                      .dwattr $C$DW$78, DW_AT_location[DW_OP_reg12]
TMS320C2000 Assembler PC v6.2.7 Thu Jul 02 08:31:20 2015

Tools Copyright (c) 1996-2014 Texas Instruments Incorporated
C:\Users\Tester\AppData\Local\Temp\0528410                           PAGE   16

     801              $C$DW$79        .dwtag  DW_TAG_TI_assign_register, DW_AT_name("AR5")
     802                      .dwattr $C$DW$79, DW_AT_location[DW_OP_reg14]
     803              $C$DW$80        .dwtag  DW_TAG_TI_assign_register, DW_AT_name("AR6")
     804                      .dwattr $C$DW$80, DW_AT_location[DW_OP_reg16]
     805              $C$DW$81        .dwtag  DW_TAG_TI_assign_register, DW_AT_name("XAR6")
     806                      .dwattr $C$DW$81, DW_AT_location[DW_OP_reg17]
     807              $C$DW$82        .dwtag  DW_TAG_TI_assign_register, DW_AT_name("AR7")
     808                      .dwattr $C$DW$82, DW_AT_location[DW_OP_reg18]
     809              $C$DW$83        .dwtag  DW_TAG_TI_assign_register, DW_AT_name("XAR7")
     810                      .dwattr $C$DW$83, DW_AT_location[DW_OP_reg19]
     811              $C$DW$84        .dwtag  DW_TAG_TI_assign_register, DW_AT_name("XAR0")
     812                      .dwattr $C$DW$84, DW_AT_location[DW_OP_reg5]
     813              $C$DW$85        .dwtag  DW_TAG_TI_assign_register, DW_AT_name("XAR1")
     814                      .dwattr $C$DW$85, DW_AT_location[DW_OP_reg7]
     815              $C$DW$86        .dwtag  DW_TAG_TI_assign_register, DW_AT_name("XAR2")
     816                      .dwattr $C$DW$86, DW_AT_location[DW_OP_reg9]
     817              $C$DW$87        .dwtag  DW_TAG_TI_assign_register, DW_AT_name("XAR3")
     818                      .dwattr $C$DW$87, DW_AT_location[DW_OP_reg11]
     819              $C$DW$88        .dwtag  DW_TAG_TI_assign_register, DW_AT_name("XAR4")
     820                      .dwattr $C$DW$88, DW_AT_location[DW_OP_reg13]
     821              $C$DW$89        .dwtag  DW_TAG_TI_assign_register, DW_AT_name("XAR5")
     822                      .dwattr $C$DW$89, DW_AT_location[DW_OP_reg15]
     823              $C$DW$90        .dwtag  DW_TAG_TI_assign_register, DW_AT_name("R0HL")
     824                      .dwattr $C$DW$90, DW_AT_location[DW_OP_regx 0x2b]
     825              $C$DW$91        .dwtag  DW_TAG_TI_assign_register, DW_AT_name("R0H")
     826                      .dwattr $C$DW$91, DW_AT_location[DW_OP_regx 0x2c]
     827              $C$DW$92        .dwtag  DW_TAG_TI_assign_register, DW_AT_name("R1HL")
     828                      .dwattr $C$DW$92, DW_AT_location[DW_OP_regx 0x2f]
     829              $C$DW$93        .dwtag  DW_TAG_TI_assign_register, DW_AT_name("R1H")
     830                      .dwattr $C$DW$93, DW_AT_location[DW_OP_regx 0x30]
     831              $C$DW$94        .dwtag  DW_TAG_TI_assign_register, DW_AT_name("R2HL")
     832                      .dwattr $C$DW$94, DW_AT_location[DW_OP_regx 0x33]
     833              $C$DW$95        .dwtag  DW_TAG_TI_assign_register, DW_AT_name("R2H")
     834                      .dwattr $C$DW$95, DW_AT_location[DW_OP_regx 0x34]
     835              $C$DW$96        .dwtag  DW_TAG_TI_assign_register, DW_AT_name("R3HL")
     836                      .dwattr $C$DW$96, DW_AT_location[DW_OP_regx 0x37]
     837              $C$DW$97        .dwtag  DW_TAG_TI_assign_register, DW_AT_name("R3H")
     838                      .dwattr $C$DW$97, DW_AT_location[DW_OP_regx 0x38]
     839              $C$DW$98        .dwtag  DW_TAG_TI_assign_register, DW_AT_name("R4HL")
     840                      .dwattr $C$DW$98, DW_AT_location[DW_OP_regx 0x3b]
     841              $C$DW$99        .dwtag  DW_TAG_TI_assign_register, DW_AT_name("R4H")
     842                      .dwattr $C$DW$99, DW_AT_location[DW_OP_regx 0x3c]
     843              $C$DW$100       .dwtag  DW_TAG_TI_assign_register, DW_AT_name("R5HL")
     844                      .dwattr $C$DW$100, DW_AT_location[DW_OP_regx 0x3f]
     845              $C$DW$101       .dwtag  DW_TAG_TI_assign_register, DW_AT_name("R5H")
     846                      .dwattr $C$DW$101, DW_AT_location[DW_OP_regx 0x40]
     847              $C$DW$102       .dwtag  DW_TAG_TI_assign_register, DW_AT_name("R6HL")
     848                      .dwattr $C$DW$102, DW_AT_location[DW_OP_regx 0x43]
     849              $C$DW$103       .dwtag  DW_TAG_TI_assign_register, DW_AT_name("R6H")
     850                      .dwattr $C$DW$103, DW_AT_location[DW_OP_regx 0x44]
     851              $C$DW$104       .dwtag  DW_TAG_TI_assign_register, DW_AT_name("R7HL")
     852                      .dwattr $C$DW$104, DW_AT_location[DW_OP_regx 0x47]
     853              $C$DW$105       .dwtag  DW_TAG_TI_assign_register, DW_AT_name("R7H")
     854                      .dwattr $C$DW$105, DW_AT_location[DW_OP_regx 0x48]
     855              $C$DW$106       .dwtag  DW_TAG_TI_assign_register, DW_AT_name("RBL")
TMS320C2000 Assembler PC v6.2.7 Thu Jul 02 08:31:20 2015

Tools Copyright (c) 1996-2014 Texas Instruments Incorporated
C:\Users\Tester\AppData\Local\Temp\0528410                           PAGE   17

     856                      .dwattr $C$DW$106, DW_AT_location[DW_OP_regx 0x49]
     857              $C$DW$107       .dwtag  DW_TAG_TI_assign_register, DW_AT_name("RB")
     858                      .dwattr $C$DW$107, DW_AT_location[DW_OP_regx 0x4a]
     859              $C$DW$108       .dwtag  DW_TAG_TI_assign_register, DW_AT_name("STFL")
     860                      .dwattr $C$DW$108, DW_AT_location[DW_OP_regx 0x27]
     861              $C$DW$109       .dwtag  DW_TAG_TI_assign_register, DW_AT_name("STF")
     862                      .dwattr $C$DW$109, DW_AT_location[DW_OP_regx 0x28]
     863              $C$DW$110       .dwtag  DW_TAG_TI_assign_register, DW_AT_name("FPUHAZ")
     864                      .dwattr $C$DW$110, DW_AT_location[DW_OP_reg27]
     865              $C$DW$111       .dwtag  DW_TAG_TI_assign_register, DW_AT_name("CIE_RETA")
     866                      .dwattr $C$DW$111, DW_AT_location[DW_OP_regx 0x4e]
     867                      .dwendtag $C$DW$CU
     868              

No Assembly Errors, No Assembly Warnings
