TMS320C2000 Assembler PC v6.2.7 Thu Jul 02 08:31:41 2015

Tools Copyright (c) 1996-2014 Texas Instruments Incorporated
C:\Users\Tester\AppData\Local\Temp\0282010                           PAGE    1

       1              ;***************************************************************
       2              ;* TMS320C2000 C/C++ Codegen                         PC v6.2.7 *
       3              ;* Date/Time created: Thu Jul 02 08:31:40 2015                 *
       4              ;***************************************************************
       5                      .compiler_opts --diag_wrap=off --float_support=fpu32 --hll_source=on --mem_model:code=flat --mem_mode
       6        0002  FP      .set    XAR2
       7              
       8              $C$DW$CU        .dwtag  DW_TAG_compile_unit
       9                      .dwattr $C$DW$CU, DW_AT_name("../AdcCntrl/OutCurrentCalc.c")
      10                      .dwattr $C$DW$CU, DW_AT_producer("TMS320C2000 C/C++ Codegen PC v6.2.7 Copyright (c) 1996-2014 Texas I
      11                      .dwattr $C$DW$CU, DW_AT_TI_version(0x01)
      12                      .dwattr $C$DW$CU, DW_AT_comp_dir("D:\ActiveProject\EKT5\PKMT_NONBIOS\InvertorCntrl\ISPprg")
      13              
      14              $C$DW$1 .dwtag  DW_TAG_subprogram, DW_AT_name("disablePwmInt")
      15                      .dwattr $C$DW$1, DW_AT_TI_symbol_name("_disablePwmInt")
      16                      .dwattr $C$DW$1, DW_AT_declaration
      17                      .dwattr $C$DW$1, DW_AT_external
      18              
      19              $C$DW$2 .dwtag  DW_TAG_subprogram, DW_AT_name("enablePwmInt")
      20                      .dwattr $C$DW$2, DW_AT_TI_symbol_name("_enablePwmInt")
      21                      .dwattr $C$DW$2, DW_AT_declaration
      22                      .dwattr $C$DW$2, DW_AT_external
      23              
      24              $C$DW$3 .dwtag  DW_TAG_subprogram, DW_AT_name("getCurrentConer")
      25                      .dwattr $C$DW$3, DW_AT_TI_symbol_name("_getCurrentConer")
      26                      .dwattr $C$DW$3, DW_AT_type(*$C$DW$T$33)
      27                      .dwattr $C$DW$3, DW_AT_declaration
      28                      .dwattr $C$DW$3, DW_AT_external
      29              
      30              $C$DW$4 .dwtag  DW_TAG_subprogram, DW_AT_name("testStepDirection")
      31                      .dwattr $C$DW$4, DW_AT_TI_symbol_name("_testStepDirection")
      32                      .dwattr $C$DW$4, DW_AT_type(*$C$DW$T$26)
      33                      .dwattr $C$DW$4, DW_AT_declaration
      34                      .dwattr $C$DW$4, DW_AT_external
      35              
      36              $C$DW$5 .dwtag  DW_TAG_subprogram, DW_AT_name("testRunState")
      37                      .dwattr $C$DW$5, DW_AT_TI_symbol_name("_testRunState")
      38                      .dwattr $C$DW$5, DW_AT_type(*$C$DW$T$36)
      39                      .dwattr $C$DW$5, DW_AT_declaration
      40                      .dwattr $C$DW$5, DW_AT_external
      41                      .global _statusOutCurrent
      42 00000000       _statusOutCurrent:      .usect  ".ebss",1,1,0
      43              $C$DW$6 .dwtag  DW_TAG_variable, DW_AT_name("statusOutCurrent")
      44                      .dwattr $C$DW$6, DW_AT_TI_symbol_name("_statusOutCurrent")
      45                      .dwattr $C$DW$6, DW_AT_location[DW_OP_addr _statusOutCurrent]
      46                      .dwattr $C$DW$6, DW_AT_type(*$C$DW$T$29)
      47                      .dwattr $C$DW$6, DW_AT_external
      48              
      49              $C$DW$7 .dwtag  DW_TAG_subprogram, DW_AT_name("getSin")
      50                      .dwattr $C$DW$7, DW_AT_TI_symbol_name("_getSin")
      51                      .dwattr $C$DW$7, DW_AT_type(*$C$DW$T$16)
      52                      .dwattr $C$DW$7, DW_AT_declaration
      53                      .dwattr $C$DW$7, DW_AT_external
      54              $C$DW$8 .dwtag  DW_TAG_formal_parameter
      55                      .dwattr $C$DW$8, DW_AT_type(*$C$DW$T$33)
TMS320C2000 Assembler PC v6.2.7 Thu Jul 02 08:31:41 2015

Tools Copyright (c) 1996-2014 Texas Instruments Incorporated
C:\Users\Tester\AppData\Local\Temp\0282010                           PAGE    2

      56                      .dwendtag $C$DW$7
      57              
      58              
      59              $C$DW$9 .dwtag  DW_TAG_subprogram, DW_AT_name("atan")
      60                      .dwattr $C$DW$9, DW_AT_TI_symbol_name("_atan")
      61                      .dwattr $C$DW$9, DW_AT_type(*$C$DW$T$17)
      62                      .dwattr $C$DW$9, DW_AT_declaration
      63                      .dwattr $C$DW$9, DW_AT_external
      64              $C$DW$10        .dwtag  DW_TAG_formal_parameter
      65                      .dwattr $C$DW$10, DW_AT_type(*$C$DW$T$17)
      66                      .dwendtag $C$DW$9
      67              
      68              
      69              $C$DW$11        .dwtag  DW_TAG_subprogram, DW_AT_name("sqrt")
      70                      .dwattr $C$DW$11, DW_AT_TI_symbol_name("_sqrt")
      71                      .dwattr $C$DW$11, DW_AT_type(*$C$DW$T$17)
      72                      .dwattr $C$DW$11, DW_AT_declaration
      73                      .dwattr $C$DW$11, DW_AT_external
      74              $C$DW$12        .dwtag  DW_TAG_formal_parameter
      75                      .dwattr $C$DW$12, DW_AT_type(*$C$DW$T$17)
      76                      .dwendtag $C$DW$11
      77              
      78              
      79              $C$DW$13        .dwtag  DW_TAG_subprogram, DW_AT_name("getMomentaryCurrentA")
      80                      .dwattr $C$DW$13, DW_AT_TI_symbol_name("_getMomentaryCurrentA")
      81                      .dwattr $C$DW$13, DW_AT_type(*$C$DW$T$16)
      82                      .dwattr $C$DW$13, DW_AT_declaration
      83                      .dwattr $C$DW$13, DW_AT_external
      84              
      85              $C$DW$14        .dwtag  DW_TAG_subprogram, DW_AT_name("getMomentaryCurrentB")
      86                      .dwattr $C$DW$14, DW_AT_TI_symbol_name("_getMomentaryCurrentB")
      87                      .dwattr $C$DW$14, DW_AT_type(*$C$DW$T$16)
      88                      .dwattr $C$DW$14, DW_AT_declaration
      89                      .dwattr $C$DW$14, DW_AT_external
      90              
      91              $C$DW$15        .dwtag  DW_TAG_subprogram, DW_AT_name("getCos")
      92                      .dwattr $C$DW$15, DW_AT_TI_symbol_name("_getCos")
      93                      .dwattr $C$DW$15, DW_AT_type(*$C$DW$T$16)
      94                      .dwattr $C$DW$15, DW_AT_declaration
      95                      .dwattr $C$DW$15, DW_AT_external
      96              $C$DW$16        .dwtag  DW_TAG_formal_parameter
      97                      .dwattr $C$DW$16, DW_AT_type(*$C$DW$T$33)
      98                      .dwendtag $C$DW$15
      99              
     100                      .global _OutCurrentVal
     101 00000002       _OutCurrentVal: .usect  ".ebss",8,1,1
     102              $C$DW$17        .dwtag  DW_TAG_variable, DW_AT_name("OutCurrentVal")
     103                      .dwattr $C$DW$17, DW_AT_TI_symbol_name("_OutCurrentVal")
     104                      .dwattr $C$DW$17, DW_AT_location[DW_OP_addr _OutCurrentVal]
     105                      .dwattr $C$DW$17, DW_AT_type(*$C$DW$T$22)
     106                      .dwattr $C$DW$17, DW_AT_external
     107              ;       C:\ti\ccsv6\tools\compiler\c2000_6.2.7\bin\ac2000.exe -@C:\\Users\\Tester\\AppData\\Local\\Temp\\0282
     108 00000000               .sect   ".text"
     109                      .clink
     110                      .global _refrOutCurrent
TMS320C2000 Assembler PC v6.2.7 Thu Jul 02 08:31:41 2015

Tools Copyright (c) 1996-2014 Texas Instruments Incorporated
C:\Users\Tester\AppData\Local\Temp\0282010                           PAGE    3

     111              
     112              $C$DW$18        .dwtag  DW_TAG_subprogram, DW_AT_name("refrOutCurrent")
     113                      .dwattr $C$DW$18, DW_AT_low_pc(_refrOutCurrent)
     114                      .dwattr $C$DW$18, DW_AT_high_pc(0x00)
     115                      .dwattr $C$DW$18, DW_AT_TI_symbol_name("_refrOutCurrent")
     116                      .dwattr $C$DW$18, DW_AT_external
     117                      .dwattr $C$DW$18, DW_AT_TI_begin_file("../AdcCntrl/OutCurrentCalc.c")
     118                      .dwattr $C$DW$18, DW_AT_TI_begin_line(0x16)
     119                      .dwattr $C$DW$18, DW_AT_TI_begin_column(0x06)
     120                      .dwattr $C$DW$18, DW_AT_TI_max_frame_size(-2)
     121                      .dwpsn  file "../AdcCntrl/OutCurrentCalc.c",line 22,column 26,is_stmt,address _refrOutCurrent
     122              
     123                      .dwfde $C$DW$CIE, _refrOutCurrent
     124              
     125              ;***************************************************************
     126              ;* FNAME: _refrOutCurrent               FR SIZE:   0           *
     127              ;*                                                             *
     128              ;* FUNCTION ENVIRONMENT                                        *
     129              ;*                                                             *
     130              ;* FUNCTION PROPERTIES                                         *
     131              ;*                            0 Parameter,  0 Auto,  0 SOE     *
     132              ;***************************************************************
     133              
     134 00000000       _refrOutCurrent:
     135                      .dwcfi  cfa_offset, -2
     136                      .dwcfi  save_reg_to_mem, 26, 0
     137                      .dwcfi  save_reg_to_reg, 78, 26
     138                      .dwpsn  file "../AdcCntrl/OutCurrentCalc.c",line 23,column 2,is_stmt
     139 00000000 8F00-         MOVL      XAR4,#_OutCurrentVal  ; [CPU_U] |23| 
         00000001 0002 
     140              $C$DW$19        .dwtag  DW_TAG_TI_branch
     141                      .dwattr $C$DW$19, DW_AT_low_pc(0x00)
     142                      .dwattr $C$DW$19, DW_AT_name("_getOutCurrent")
     143                      .dwattr $C$DW$19, DW_AT_TI_call
     144 00000002 7640'         LCR       #_getOutCurrent       ; [CPU_] |23| 
         00000003 0040 
     145                      ; call occurs [#_getOutCurrent] ; [] |23| 
     146 00000004 761F-         MOVW      DP,#_statusOutCurrent ; [CPU_U] 
         00000005 0000 
     147 00000006 9600-         MOV       @_statusOutCurrent,AL ; [CPU_] |23| 
     148                      .dwpsn  file "../AdcCntrl/OutCurrentCalc.c",line 24,column 1,is_stmt
     149              $C$DW$20        .dwtag  DW_TAG_TI_branch
     150                      .dwattr $C$DW$20, DW_AT_low_pc(0x00)
     151                      .dwattr $C$DW$20, DW_AT_TI_return
     152 00000007 0006          LRETR     ; [CPU_] 
     153                      ; return occurs ; [] 
     154                      .dwattr $C$DW$18, DW_AT_TI_end_file("../AdcCntrl/OutCurrentCalc.c")
     155                      .dwattr $C$DW$18, DW_AT_TI_end_line(0x18)
     156                      .dwattr $C$DW$18, DW_AT_TI_end_column(0x01)
     157                      .dwendentry
     158                      .dwendtag $C$DW$18
     159              
     160 00000008               .sect   ".text"
     161                      .clink
     162                      .global _getIdVal
TMS320C2000 Assembler PC v6.2.7 Thu Jul 02 08:31:41 2015

Tools Copyright (c) 1996-2014 Texas Instruments Incorporated
C:\Users\Tester\AppData\Local\Temp\0282010                           PAGE    4

     163              
     164              $C$DW$21        .dwtag  DW_TAG_subprogram, DW_AT_name("getIdVal")
     165                      .dwattr $C$DW$21, DW_AT_low_pc(_getIdVal)
     166                      .dwattr $C$DW$21, DW_AT_high_pc(0x00)
     167                      .dwattr $C$DW$21, DW_AT_TI_symbol_name("_getIdVal")
     168                      .dwattr $C$DW$21, DW_AT_external
     169                      .dwattr $C$DW$21, DW_AT_type(*$C$DW$T$16)
     170                      .dwattr $C$DW$21, DW_AT_TI_begin_file("../AdcCntrl/OutCurrentCalc.c")
     171                      .dwattr $C$DW$21, DW_AT_TI_begin_line(0x1a)
     172                      .dwattr $C$DW$21, DW_AT_TI_begin_column(0x07)
     173                      .dwattr $C$DW$21, DW_AT_TI_max_frame_size(-4)
     174                      .dwpsn  file "../AdcCntrl/OutCurrentCalc.c",line 26,column 21,is_stmt,address _getIdVal
     175              
     176                      .dwfde $C$DW$CIE, _getIdVal
     177              
     178              ;***************************************************************
     179              ;* FNAME: _getIdVal                     FR SIZE:   2           *
     180              ;*                                                             *
     181              ;* FUNCTION ENVIRONMENT                                        *
     182              ;*                                                             *
     183              ;* FUNCTION PROPERTIES                                         *
     184              ;*                            0 Parameter,  2 Auto,  0 SOE     *
     185              ;***************************************************************
     186              
     187 00000008       _getIdVal:
     188                      .dwcfi  cfa_offset, -2
     189                      .dwcfi  save_reg_to_mem, 26, 0
     190                      .dwcfi  save_reg_to_reg, 78, 26
     191 00000008 FE02          ADDB      SP,#2                 ; [CPU_U] 
     192                      .dwcfi  cfa_offset, -4
     193              $C$DW$22        .dwtag  DW_TAG_variable, DW_AT_name("tmp")
     194                      .dwattr $C$DW$22, DW_AT_TI_symbol_name("_tmp")
     195                      .dwattr $C$DW$22, DW_AT_type(*$C$DW$T$16)
     196                      .dwattr $C$DW$22, DW_AT_location[DW_OP_breg20 -2]
     197                      .dwpsn  file "../AdcCntrl/OutCurrentCalc.c",line 28,column 2,is_stmt
     198              $C$DW$23        .dwtag  DW_TAG_TI_branch
     199                      .dwattr $C$DW$23, DW_AT_low_pc(0x00)
     200                      .dwattr $C$DW$23, DW_AT_name("_disablePwmInt")
     201                      .dwattr $C$DW$23, DW_AT_TI_call
     202 00000009 7640!         LCR       #_disablePwmInt       ; [CPU_] |28| 
         0000000a 0000 
     203                      ; call occurs [#_disablePwmInt] ; [] |28| 
     204                      .dwpsn  file "../AdcCntrl/OutCurrentCalc.c",line 29,column 2,is_stmt
     205 0000000b 761F-         MOVW      DP,#_OutCurrentVal+4  ; [CPU_U] 
         0000000c 0000 
     206 0000000d 0606-         MOVL      ACC,@_OutCurrentVal+4 ; [CPU_] |29| 
     207 0000000e 1E42          MOVL      *-SP[2],ACC           ; [CPU_] |29| 
     208                      .dwpsn  file "../AdcCntrl/OutCurrentCalc.c",line 30,column 2,is_stmt
     209              $C$DW$24        .dwtag  DW_TAG_TI_branch
     210                      .dwattr $C$DW$24, DW_AT_low_pc(0x00)
     211                      .dwattr $C$DW$24, DW_AT_name("_enablePwmInt")
     212                      .dwattr $C$DW$24, DW_AT_TI_call
     213 0000000f 7640!         LCR       #_enablePwmInt        ; [CPU_] |30| 
         00000010 0000 
     214                      ; call occurs [#_enablePwmInt] ; [] |30| 
TMS320C2000 Assembler PC v6.2.7 Thu Jul 02 08:31:41 2015

Tools Copyright (c) 1996-2014 Texas Instruments Incorporated
C:\Users\Tester\AppData\Local\Temp\0282010                           PAGE    5

     215                      .dwpsn  file "../AdcCntrl/OutCurrentCalc.c",line 31,column 2,is_stmt
     216 00000011 E2AF          MOV32     R0H,*-SP[2]           ; [CPU_] |31| 
         00000012 0042 
     217                      .dwpsn  file "../AdcCntrl/OutCurrentCalc.c",line 32,column 1,is_stmt
     218 00000013 FE82          SUBB      SP,#2                 ; [CPU_U] 
     219                      .dwcfi  cfa_offset, -2
     220              $C$DW$25        .dwtag  DW_TAG_TI_branch
     221                      .dwattr $C$DW$25, DW_AT_low_pc(0x00)
     222                      .dwattr $C$DW$25, DW_AT_TI_return
     223 00000014 0006          LRETR     ; [CPU_] 
     224                      ; return occurs ; [] 
     225                      .dwattr $C$DW$21, DW_AT_TI_end_file("../AdcCntrl/OutCurrentCalc.c")
     226                      .dwattr $C$DW$21, DW_AT_TI_end_line(0x20)
     227                      .dwattr $C$DW$21, DW_AT_TI_end_column(0x01)
     228                      .dwendentry
     229                      .dwendtag $C$DW$21
     230              
     231 00000015               .sect   ".text"
     232                      .clink
     233                      .global _getIqVal
     234              
     235              $C$DW$26        .dwtag  DW_TAG_subprogram, DW_AT_name("getIqVal")
     236                      .dwattr $C$DW$26, DW_AT_low_pc(_getIqVal)
     237                      .dwattr $C$DW$26, DW_AT_high_pc(0x00)
     238                      .dwattr $C$DW$26, DW_AT_TI_symbol_name("_getIqVal")
     239                      .dwattr $C$DW$26, DW_AT_external
     240                      .dwattr $C$DW$26, DW_AT_type(*$C$DW$T$16)
     241                      .dwattr $C$DW$26, DW_AT_TI_begin_file("../AdcCntrl/OutCurrentCalc.c")
     242                      .dwattr $C$DW$26, DW_AT_TI_begin_line(0x22)
     243                      .dwattr $C$DW$26, DW_AT_TI_begin_column(0x07)
     244                      .dwattr $C$DW$26, DW_AT_TI_max_frame_size(-4)
     245                      .dwpsn  file "../AdcCntrl/OutCurrentCalc.c",line 34,column 21,is_stmt,address _getIqVal
     246              
     247                      .dwfde $C$DW$CIE, _getIqVal
     248              
     249              ;***************************************************************
     250              ;* FNAME: _getIqVal                     FR SIZE:   2           *
     251              ;*                                                             *
     252              ;* FUNCTION ENVIRONMENT                                        *
     253              ;*                                                             *
     254              ;* FUNCTION PROPERTIES                                         *
     255              ;*                            0 Parameter,  2 Auto,  0 SOE     *
     256              ;***************************************************************
     257              
     258 00000015       _getIqVal:
     259                      .dwcfi  cfa_offset, -2
     260                      .dwcfi  save_reg_to_mem, 26, 0
     261                      .dwcfi  save_reg_to_reg, 78, 26
     262 00000015 FE02          ADDB      SP,#2                 ; [CPU_U] 
     263                      .dwcfi  cfa_offset, -4
     264              $C$DW$27        .dwtag  DW_TAG_variable, DW_AT_name("tmp")
     265                      .dwattr $C$DW$27, DW_AT_TI_symbol_name("_tmp")
     266                      .dwattr $C$DW$27, DW_AT_type(*$C$DW$T$16)
     267                      .dwattr $C$DW$27, DW_AT_location[DW_OP_breg20 -2]
     268                      .dwpsn  file "../AdcCntrl/OutCurrentCalc.c",line 36,column 2,is_stmt
TMS320C2000 Assembler PC v6.2.7 Thu Jul 02 08:31:41 2015

Tools Copyright (c) 1996-2014 Texas Instruments Incorporated
C:\Users\Tester\AppData\Local\Temp\0282010                           PAGE    6

     269              $C$DW$28        .dwtag  DW_TAG_TI_branch
     270                      .dwattr $C$DW$28, DW_AT_low_pc(0x00)
     271                      .dwattr $C$DW$28, DW_AT_name("_disablePwmInt")
     272                      .dwattr $C$DW$28, DW_AT_TI_call
     273 00000016 7640!         LCR       #_disablePwmInt       ; [CPU_] |36| 
         00000017 0000 
     274                      ; call occurs [#_disablePwmInt] ; [] |36| 
     275                      .dwpsn  file "../AdcCntrl/OutCurrentCalc.c",line 37,column 2,is_stmt
     276 00000018 761F-         MOVW      DP,#_OutCurrentVal+6  ; [CPU_U] 
         00000019 0000 
     277 0000001a 0608-         MOVL      ACC,@_OutCurrentVal+6 ; [CPU_] |37| 
     278 0000001b 1E42          MOVL      *-SP[2],ACC           ; [CPU_] |37| 
     279                      .dwpsn  file "../AdcCntrl/OutCurrentCalc.c",line 38,column 2,is_stmt
     280              $C$DW$29        .dwtag  DW_TAG_TI_branch
     281                      .dwattr $C$DW$29, DW_AT_low_pc(0x00)
     282                      .dwattr $C$DW$29, DW_AT_name("_enablePwmInt")
     283                      .dwattr $C$DW$29, DW_AT_TI_call
     284 0000001c 7640!         LCR       #_enablePwmInt        ; [CPU_] |38| 
         0000001d 0000 
     285                      ; call occurs [#_enablePwmInt] ; [] |38| 
     286                      .dwpsn  file "../AdcCntrl/OutCurrentCalc.c",line 39,column 2,is_stmt
     287 0000001e E2AF          MOV32     R0H,*-SP[2]           ; [CPU_] |39| 
         0000001f 0042 
     288                      .dwpsn  file "../AdcCntrl/OutCurrentCalc.c",line 40,column 1,is_stmt
     289 00000020 FE82          SUBB      SP,#2                 ; [CPU_U] 
     290                      .dwcfi  cfa_offset, -2
     291              $C$DW$30        .dwtag  DW_TAG_TI_branch
     292                      .dwattr $C$DW$30, DW_AT_low_pc(0x00)
     293                      .dwattr $C$DW$30, DW_AT_TI_return
     294 00000021 0006          LRETR     ; [CPU_] 
     295                      ; return occurs ; [] 
     296                      .dwattr $C$DW$26, DW_AT_TI_end_file("../AdcCntrl/OutCurrentCalc.c")
     297                      .dwattr $C$DW$26, DW_AT_TI_end_line(0x28)
     298                      .dwattr $C$DW$26, DW_AT_TI_end_column(0x01)
     299                      .dwendentry
     300                      .dwendtag $C$DW$26
     301              
     302 00000022               .sect   ".text"
     303                      .clink
     304                      .global _getImVal
     305              
     306              $C$DW$31        .dwtag  DW_TAG_subprogram, DW_AT_name("getImVal")
     307                      .dwattr $C$DW$31, DW_AT_low_pc(_getImVal)
     308                      .dwattr $C$DW$31, DW_AT_high_pc(0x00)
     309                      .dwattr $C$DW$31, DW_AT_TI_symbol_name("_getImVal")
     310                      .dwattr $C$DW$31, DW_AT_external
     311                      .dwattr $C$DW$31, DW_AT_type(*$C$DW$T$16)
     312                      .dwattr $C$DW$31, DW_AT_TI_begin_file("../AdcCntrl/OutCurrentCalc.c")
     313                      .dwattr $C$DW$31, DW_AT_TI_begin_line(0x2a)
     314                      .dwattr $C$DW$31, DW_AT_TI_begin_column(0x07)
     315                      .dwattr $C$DW$31, DW_AT_TI_max_frame_size(-4)
     316                      .dwpsn  file "../AdcCntrl/OutCurrentCalc.c",line 42,column 21,is_stmt,address _getImVal
     317              
     318                      .dwfde $C$DW$CIE, _getImVal
     319              
TMS320C2000 Assembler PC v6.2.7 Thu Jul 02 08:31:41 2015

Tools Copyright (c) 1996-2014 Texas Instruments Incorporated
C:\Users\Tester\AppData\Local\Temp\0282010                           PAGE    7

     320              ;***************************************************************
     321              ;* FNAME: _getImVal                     FR SIZE:   2           *
     322              ;*                                                             *
     323              ;* FUNCTION ENVIRONMENT                                        *
     324              ;*                                                             *
     325              ;* FUNCTION PROPERTIES                                         *
     326              ;*                            0 Parameter,  2 Auto,  0 SOE     *
     327              ;***************************************************************
     328              
     329 00000022       _getImVal:
     330                      .dwcfi  cfa_offset, -2
     331                      .dwcfi  save_reg_to_mem, 26, 0
     332                      .dwcfi  save_reg_to_reg, 78, 26
     333 00000022 FE02          ADDB      SP,#2                 ; [CPU_U] 
     334                      .dwcfi  cfa_offset, -4
     335              $C$DW$32        .dwtag  DW_TAG_variable, DW_AT_name("tmp")
     336                      .dwattr $C$DW$32, DW_AT_TI_symbol_name("_tmp")
     337                      .dwattr $C$DW$32, DW_AT_type(*$C$DW$T$16)
     338                      .dwattr $C$DW$32, DW_AT_location[DW_OP_breg20 -2]
     339                      .dwpsn  file "../AdcCntrl/OutCurrentCalc.c",line 44,column 2,is_stmt
     340              $C$DW$33        .dwtag  DW_TAG_TI_branch
     341                      .dwattr $C$DW$33, DW_AT_low_pc(0x00)
     342                      .dwattr $C$DW$33, DW_AT_name("_disablePwmInt")
     343                      .dwattr $C$DW$33, DW_AT_TI_call
     344 00000023 7640!         LCR       #_disablePwmInt       ; [CPU_] |44| 
         00000024 0000 
     345                      ; call occurs [#_disablePwmInt] ; [] |44| 
     346                      .dwpsn  file "../AdcCntrl/OutCurrentCalc.c",line 45,column 2,is_stmt
     347 00000025 761F-         MOVW      DP,#_OutCurrentVal    ; [CPU_U] 
         00000026 0000 
     348 00000027 0602-         MOVL      ACC,@_OutCurrentVal   ; [CPU_] |45| 
     349 00000028 1E42          MOVL      *-SP[2],ACC           ; [CPU_] |45| 
     350                      .dwpsn  file "../AdcCntrl/OutCurrentCalc.c",line 46,column 2,is_stmt
     351              $C$DW$34        .dwtag  DW_TAG_TI_branch
     352                      .dwattr $C$DW$34, DW_AT_low_pc(0x00)
     353                      .dwattr $C$DW$34, DW_AT_name("_enablePwmInt")
     354                      .dwattr $C$DW$34, DW_AT_TI_call
     355 00000029 7640!         LCR       #_enablePwmInt        ; [CPU_] |46| 
         0000002a 0000 
     356                      ; call occurs [#_enablePwmInt] ; [] |46| 
     357                      .dwpsn  file "../AdcCntrl/OutCurrentCalc.c",line 47,column 2,is_stmt
     358 0000002b E2AF          MOV32     R0H,*-SP[2]           ; [CPU_] |47| 
         0000002c 0042 
     359                      .dwpsn  file "../AdcCntrl/OutCurrentCalc.c",line 48,column 1,is_stmt
     360 0000002d FE82          SUBB      SP,#2                 ; [CPU_U] 
     361                      .dwcfi  cfa_offset, -2
     362              $C$DW$35        .dwtag  DW_TAG_TI_branch
     363                      .dwattr $C$DW$35, DW_AT_low_pc(0x00)
     364                      .dwattr $C$DW$35, DW_AT_TI_return
     365 0000002e 0006          LRETR     ; [CPU_] 
     366                      ; return occurs ; [] 
     367                      .dwattr $C$DW$31, DW_AT_TI_end_file("../AdcCntrl/OutCurrentCalc.c")
     368                      .dwattr $C$DW$31, DW_AT_TI_end_line(0x30)
     369                      .dwattr $C$DW$31, DW_AT_TI_end_column(0x01)
     370                      .dwendentry
TMS320C2000 Assembler PC v6.2.7 Thu Jul 02 08:31:41 2015

Tools Copyright (c) 1996-2014 Texas Instruments Incorporated
C:\Users\Tester\AppData\Local\Temp\0282010                           PAGE    8

     371                      .dwendtag $C$DW$31
     372              
     373 0000002f               .sect   ".text"
     374                      .clink
     375                      .global _getAlfaVal
     376              
     377              $C$DW$36        .dwtag  DW_TAG_subprogram, DW_AT_name("getAlfaVal")
     378                      .dwattr $C$DW$36, DW_AT_low_pc(_getAlfaVal)
     379                      .dwattr $C$DW$36, DW_AT_high_pc(0x00)
     380                      .dwattr $C$DW$36, DW_AT_TI_symbol_name("_getAlfaVal")
     381                      .dwattr $C$DW$36, DW_AT_external
     382                      .dwattr $C$DW$36, DW_AT_type(*$C$DW$T$16)
     383                      .dwattr $C$DW$36, DW_AT_TI_begin_file("../AdcCntrl/OutCurrentCalc.c")
     384                      .dwattr $C$DW$36, DW_AT_TI_begin_line(0x32)
     385                      .dwattr $C$DW$36, DW_AT_TI_begin_column(0x07)
     386                      .dwattr $C$DW$36, DW_AT_TI_max_frame_size(-4)
     387                      .dwpsn  file "../AdcCntrl/OutCurrentCalc.c",line 50,column 23,is_stmt,address _getAlfaVal
     388              
     389                      .dwfde $C$DW$CIE, _getAlfaVal
     390              
     391              ;***************************************************************
     392              ;* FNAME: _getAlfaVal                   FR SIZE:   2           *
     393              ;*                                                             *
     394              ;* FUNCTION ENVIRONMENT                                        *
     395              ;*                                                             *
     396              ;* FUNCTION PROPERTIES                                         *
     397              ;*                            0 Parameter,  2 Auto,  0 SOE     *
     398              ;***************************************************************
     399              
     400 0000002f       _getAlfaVal:
     401                      .dwcfi  cfa_offset, -2
     402                      .dwcfi  save_reg_to_mem, 26, 0
     403                      .dwcfi  save_reg_to_reg, 78, 26
     404 0000002f FE02          ADDB      SP,#2                 ; [CPU_U] 
     405                      .dwcfi  cfa_offset, -4
     406              $C$DW$37        .dwtag  DW_TAG_variable, DW_AT_name("tmp")
     407                      .dwattr $C$DW$37, DW_AT_TI_symbol_name("_tmp")
     408                      .dwattr $C$DW$37, DW_AT_type(*$C$DW$T$16)
     409                      .dwattr $C$DW$37, DW_AT_location[DW_OP_breg20 -2]
     410                      .dwpsn  file "../AdcCntrl/OutCurrentCalc.c",line 52,column 2,is_stmt
     411              $C$DW$38        .dwtag  DW_TAG_TI_branch
     412                      .dwattr $C$DW$38, DW_AT_low_pc(0x00)
     413                      .dwattr $C$DW$38, DW_AT_name("_disablePwmInt")
     414                      .dwattr $C$DW$38, DW_AT_TI_call
     415 00000030 7640!         LCR       #_disablePwmInt       ; [CPU_] |52| 
         00000031 0000 
     416                      ; call occurs [#_disablePwmInt] ; [] |52| 
     417                      .dwpsn  file "../AdcCntrl/OutCurrentCalc.c",line 53,column 2,is_stmt
     418 00000032 761F-         MOVW      DP,#_OutCurrentVal+2  ; [CPU_U] 
         00000033 0000 
     419 00000034 0604-         MOVL      ACC,@_OutCurrentVal+2 ; [CPU_] |53| 
     420 00000035 1E42          MOVL      *-SP[2],ACC           ; [CPU_] |53| 
     421                      .dwpsn  file "../AdcCntrl/OutCurrentCalc.c",line 54,column 2,is_stmt
     422              $C$DW$39        .dwtag  DW_TAG_TI_branch
     423                      .dwattr $C$DW$39, DW_AT_low_pc(0x00)
TMS320C2000 Assembler PC v6.2.7 Thu Jul 02 08:31:41 2015

Tools Copyright (c) 1996-2014 Texas Instruments Incorporated
C:\Users\Tester\AppData\Local\Temp\0282010                           PAGE    9

     424                      .dwattr $C$DW$39, DW_AT_name("_enablePwmInt")
     425                      .dwattr $C$DW$39, DW_AT_TI_call
     426 00000036 7640!         LCR       #_enablePwmInt        ; [CPU_] |54| 
         00000037 0000 
     427                      ; call occurs [#_enablePwmInt] ; [] |54| 
     428                      .dwpsn  file "../AdcCntrl/OutCurrentCalc.c",line 55,column 2,is_stmt
     429 00000038 E2AF          MOV32     R0H,*-SP[2]           ; [CPU_] |55| 
         00000039 0042 
     430                      .dwpsn  file "../AdcCntrl/OutCurrentCalc.c",line 56,column 1,is_stmt
     431 0000003a FE82          SUBB      SP,#2                 ; [CPU_U] 
     432                      .dwcfi  cfa_offset, -2
     433              $C$DW$40        .dwtag  DW_TAG_TI_branch
     434                      .dwattr $C$DW$40, DW_AT_low_pc(0x00)
     435                      .dwattr $C$DW$40, DW_AT_TI_return
     436 0000003b 0006          LRETR     ; [CPU_] 
     437                      ; return occurs ; [] 
     438                      .dwattr $C$DW$36, DW_AT_TI_end_file("../AdcCntrl/OutCurrentCalc.c")
     439                      .dwattr $C$DW$36, DW_AT_TI_end_line(0x38)
     440                      .dwattr $C$DW$36, DW_AT_TI_end_column(0x01)
     441                      .dwendentry
     442                      .dwendtag $C$DW$36
     443              
     444 0000003c               .sect   ".text"
     445                      .clink
     446                      .global _getStatusVal
     447              
     448              $C$DW$41        .dwtag  DW_TAG_subprogram, DW_AT_name("getStatusVal")
     449                      .dwattr $C$DW$41, DW_AT_low_pc(_getStatusVal)
     450                      .dwattr $C$DW$41, DW_AT_high_pc(0x00)
     451                      .dwattr $C$DW$41, DW_AT_TI_symbol_name("_getStatusVal")
     452                      .dwattr $C$DW$41, DW_AT_external
     453                      .dwattr $C$DW$41, DW_AT_type(*$C$DW$T$29)
     454                      .dwattr $C$DW$41, DW_AT_TI_begin_file("../AdcCntrl/OutCurrentCalc.c")
     455                      .dwattr $C$DW$41, DW_AT_TI_begin_line(0x3a)
     456                      .dwattr $C$DW$41, DW_AT_TI_begin_column(0x06)
     457                      .dwattr $C$DW$41, DW_AT_TI_max_frame_size(-2)
     458                      .dwpsn  file "../AdcCntrl/OutCurrentCalc.c",line 58,column 24,is_stmt,address _getStatusVal
     459              
     460                      .dwfde $C$DW$CIE, _getStatusVal
     461              
     462              ;***************************************************************
     463              ;* FNAME: _getStatusVal                 FR SIZE:   0           *
     464              ;*                                                             *
     465              ;* FUNCTION ENVIRONMENT                                        *
     466              ;*                                                             *
     467              ;* FUNCTION PROPERTIES                                         *
     468              ;*                            0 Parameter,  0 Auto,  0 SOE     *
     469              ;***************************************************************
     470              
     471 0000003c       _getStatusVal:
     472                      .dwcfi  cfa_offset, -2
     473                      .dwcfi  save_reg_to_mem, 26, 0
     474                      .dwcfi  save_reg_to_reg, 78, 26
     475                      .dwpsn  file "../AdcCntrl/OutCurrentCalc.c",line 59,column 2,is_stmt
     476 0000003c 761F-         MOVW      DP,#_statusOutCurrent ; [CPU_U] 
TMS320C2000 Assembler PC v6.2.7 Thu Jul 02 08:31:41 2015

Tools Copyright (c) 1996-2014 Texas Instruments Incorporated
C:\Users\Tester\AppData\Local\Temp\0282010                           PAGE   10

         0000003d 0000 
     477 0000003e 9200-         MOV       AL,@_statusOutCurrent ; [CPU_] |59| 
     478                      .dwpsn  file "../AdcCntrl/OutCurrentCalc.c",line 60,column 1,is_stmt
     479              $C$DW$42        .dwtag  DW_TAG_TI_branch
     480                      .dwattr $C$DW$42, DW_AT_low_pc(0x00)
     481                      .dwattr $C$DW$42, DW_AT_TI_return
     482 0000003f 0006          LRETR     ; [CPU_] 
     483                      ; return occurs ; [] 
     484                      .dwattr $C$DW$41, DW_AT_TI_end_file("../AdcCntrl/OutCurrentCalc.c")
     485                      .dwattr $C$DW$41, DW_AT_TI_end_line(0x3c)
     486                      .dwattr $C$DW$41, DW_AT_TI_end_column(0x01)
     487                      .dwendentry
     488                      .dwendtag $C$DW$41
     489              
     490 00000040               .sect   ".text"
     491                      .clink
     492                      .global _getOutCurrent
     493              
     494              $C$DW$43        .dwtag  DW_TAG_subprogram, DW_AT_name("getOutCurrent")
     495                      .dwattr $C$DW$43, DW_AT_low_pc(_getOutCurrent)
     496                      .dwattr $C$DW$43, DW_AT_high_pc(0x00)
     497                      .dwattr $C$DW$43, DW_AT_TI_symbol_name("_getOutCurrent")
     498                      .dwattr $C$DW$43, DW_AT_external
     499                      .dwattr $C$DW$43, DW_AT_type(*$C$DW$T$29)
     500                      .dwattr $C$DW$43, DW_AT_TI_begin_file("../AdcCntrl/OutCurrentCalc.c")
     501                      .dwattr $C$DW$43, DW_AT_TI_begin_line(0x3e)
     502                      .dwattr $C$DW$43, DW_AT_TI_begin_column(0x06)
     503                      .dwattr $C$DW$43, DW_AT_TI_max_frame_size(-20)
     504                      .dwpsn  file "../AdcCntrl/OutCurrentCalc.c",line 62,column 40,is_stmt,address _getOutCurrent
     505              
     506                      .dwfde $C$DW$CIE, _getOutCurrent
     507              $C$DW$44        .dwtag  DW_TAG_formal_parameter, DW_AT_name("current")
     508                      .dwattr $C$DW$44, DW_AT_TI_symbol_name("_current")
     509                      .dwattr $C$DW$44, DW_AT_type(*$C$DW$T$21)
     510                      .dwattr $C$DW$44, DW_AT_location[DW_OP_reg12]
     511              
     512              ;***************************************************************
     513              ;* FNAME: _getOutCurrent                FR SIZE:  18           *
     514              ;*                                                             *
     515              ;* FUNCTION ENVIRONMENT                                        *
     516              ;*                                                             *
     517              ;* FUNCTION PROPERTIES                                         *
     518              ;*                            2 Parameter, 15 Auto,  0 SOE     *
     519              ;***************************************************************
     520              
     521 00000040       _getOutCurrent:
     522                      .dwcfi  cfa_offset, -2
     523                      .dwcfi  save_reg_to_mem, 26, 0
     524                      .dwcfi  save_reg_to_reg, 78, 26
     525 00000040 FE12          ADDB      SP,#18                ; [CPU_U] 
     526                      .dwcfi  cfa_offset, -20
     527              $C$DW$45        .dwtag  DW_TAG_variable, DW_AT_name("current")
     528                      .dwattr $C$DW$45, DW_AT_TI_symbol_name("_current")
     529                      .dwattr $C$DW$45, DW_AT_type(*$C$DW$T$21)
     530                      .dwattr $C$DW$45, DW_AT_location[DW_OP_breg20 -4]
TMS320C2000 Assembler PC v6.2.7 Thu Jul 02 08:31:41 2015

Tools Copyright (c) 1996-2014 Texas Instruments Incorporated
C:\Users\Tester\AppData\Local\Temp\0282010                           PAGE   11

     531 00000041 A844          MOVL      *-SP[4],XAR4          ; [CPU_] |62| 
     532                      .dwpsn  file "../AdcCntrl/OutCurrentCalc.c",line 63,column 2,is_stmt
     533              $C$DW$46        .dwtag  DW_TAG_TI_branch
     534                      .dwattr $C$DW$46, DW_AT_low_pc(0x00)
     535                      .dwattr $C$DW$46, DW_AT_name("_testRunState")
     536                      .dwattr $C$DW$46, DW_AT_TI_call
     537 00000042 7640!         LCR       #_testRunState        ; [CPU_] |63| 
         00000043 0000 
     538                      ; call occurs [#_testRunState] ; [] |63| 
     539 00000044 5200          CMPB      AL,#0                 ; [CPU_] |63| 
     540 00000045 56C1          BF        $C$L7,EQ              ; [CPU_] |63| 
         00000046 00D6 
     541                      ; branchcc occurs ; [] |63| 
     542              
     543              $C$DW$47        .dwtag  DW_TAG_lexical_block, DW_AT_low_pc(0x00), DW_AT_high_pc(0x00)
     544              $C$DW$48        .dwtag  DW_TAG_variable, DW_AT_name("iAl")
     545                      .dwattr $C$DW$48, DW_AT_TI_symbol_name("_iAl")
     546                      .dwattr $C$DW$48, DW_AT_type(*$C$DW$T$16)
     547                      .dwattr $C$DW$48, DW_AT_location[DW_OP_breg20 -6]
     548              $C$DW$49        .dwtag  DW_TAG_variable, DW_AT_name("iBe")
     549                      .dwattr $C$DW$49, DW_AT_TI_symbol_name("_iBe")
     550                      .dwattr $C$DW$49, DW_AT_type(*$C$DW$T$16)
     551                      .dwattr $C$DW$49, DW_AT_location[DW_OP_breg20 -8]
     552              $C$DW$50        .dwtag  DW_TAG_variable, DW_AT_name("Id")
     553                      .dwattr $C$DW$50, DW_AT_TI_symbol_name("_Id")
     554                      .dwattr $C$DW$50, DW_AT_type(*$C$DW$T$16)
     555                      .dwattr $C$DW$50, DW_AT_location[DW_OP_breg20 -10]
     556              $C$DW$51        .dwtag  DW_TAG_variable, DW_AT_name("Iq")
     557                      .dwattr $C$DW$51, DW_AT_TI_symbol_name("_Iq")
     558                      .dwattr $C$DW$51, DW_AT_type(*$C$DW$T$16)
     559                      .dwattr $C$DW$51, DW_AT_location[DW_OP_breg20 -12]
     560              $C$DW$52        .dwtag  DW_TAG_variable, DW_AT_name("sinA")
     561                      .dwattr $C$DW$52, DW_AT_TI_symbol_name("_sinA")
     562                      .dwattr $C$DW$52, DW_AT_type(*$C$DW$T$16)
     563                      .dwattr $C$DW$52, DW_AT_location[DW_OP_breg20 -14]
     564              $C$DW$53        .dwtag  DW_TAG_variable, DW_AT_name("cosA")
     565                      .dwattr $C$DW$53, DW_AT_TI_symbol_name("_cosA")
     566                      .dwattr $C$DW$53, DW_AT_type(*$C$DW$T$16)
     567                      .dwattr $C$DW$53, DW_AT_location[DW_OP_breg20 -16]
     568              $C$DW$54        .dwtag  DW_TAG_variable, DW_AT_name("alfa")
     569                      .dwattr $C$DW$54, DW_AT_TI_symbol_name("_alfa")
     570                      .dwattr $C$DW$54, DW_AT_type(*$C$DW$T$33)
     571                      .dwattr $C$DW$54, DW_AT_location[DW_OP_breg20 -17]
     572                      .dwpsn  file "../AdcCntrl/OutCurrentCalc.c",line 69,column 3,is_stmt
     573              $C$DW$55        .dwtag  DW_TAG_TI_branch
     574                      .dwattr $C$DW$55, DW_AT_low_pc(0x00)
     575                      .dwattr $C$DW$55, DW_AT_name("_getCurrentConer")
     576                      .dwattr $C$DW$55, DW_AT_TI_call
     577 00000047 7640!         LCR       #_getCurrentConer     ; [CPU_] |69| 
         00000048 0000 
     578                      ; call occurs [#_getCurrentConer] ; [] |69| 
     579 00000049 9651          MOV       *-SP[17],AL           ; [CPU_] |69| 
     580                      .dwpsn  file "../AdcCntrl/OutCurrentCalc.c",line 83,column 3,is_stmt
     581              $C$DW$56        .dwtag  DW_TAG_TI_branch
     582                      .dwattr $C$DW$56, DW_AT_low_pc(0x00)
TMS320C2000 Assembler PC v6.2.7 Thu Jul 02 08:31:41 2015

Tools Copyright (c) 1996-2014 Texas Instruments Incorporated
C:\Users\Tester\AppData\Local\Temp\0282010                           PAGE   12

     583                      .dwattr $C$DW$56, DW_AT_name("_getMomentaryCurrentB")
     584                      .dwattr $C$DW$56, DW_AT_TI_call
     585 0000004a 7640!         LCR       #_getMomentaryCurrentB ; [CPU_] |83| 
         0000004b 0000 
     586                      ; call occurs [#_getMomentaryCurrentB] ; [] |83| 
     587 0000004c E203          MOV32     *-SP[8],R0H           ; [CPU_] |83| 
         0000004d 0048 
     588                      .dwpsn  file "../AdcCntrl/OutCurrentCalc.c",line 84,column 3,is_stmt
     589              $C$DW$57        .dwtag  DW_TAG_TI_branch
     590                      .dwattr $C$DW$57, DW_AT_low_pc(0x00)
     591                      .dwattr $C$DW$57, DW_AT_name("_getMomentaryCurrentA")
     592                      .dwattr $C$DW$57, DW_AT_TI_call
     593 0000004e 7640!         LCR       #_getMomentaryCurrentA ; [CPU_] |84| 
         0000004f 0000 
     594                      ; call occurs [#_getMomentaryCurrentA] ; [] |84| 
     595 00000050 E2AF          MOV32     R1H,*-SP[8]           ; [CPU_] |84| 
         00000051 0148 
     596 00000052 E6AF          NEGF32    R0H,R0H               ; [CPU_] |84| 
         00000053 0000 
     597 00000054 E720          SUBF32    R0H,R0H,R1H           ; [CPU_] |84| 
         00000055 0040 
     598 00000056 7700          NOP       ; [CPU_] 
     599 00000057 E203          MOV32     *-SP[6],R0H           ; [CPU_] |84| 
         00000058 0046 
     600                      .dwpsn  file "../AdcCntrl/OutCurrentCalc.c",line 86,column 3,is_stmt
     601 00000059 0851          SUB       *-SP[17],#21844       ; [CPU_] |86| 
         0000005a AAAC 
     602                      .dwpsn  file "../AdcCntrl/OutCurrentCalc.c",line 89,column 3,is_stmt
     603 0000005b E2AF          MOV32     R0H,*-SP[8]           ; [CPU_] |89| 
         0000005c 0048 
     604 0000005d E850          MPYF32    R0H,R0H,#16384        ; [CPU_] |89| 
         0000005e 0000 
     605 0000005f 7700          NOP       ; [CPU_] 
     606 00000060 E203          MOV32     *-SP[8],R0H           ; [CPU_] |89| 
         00000061 0048 
     607                      .dwpsn  file "../AdcCntrl/OutCurrentCalc.c",line 90,column 3,is_stmt
     608 00000062 E2AF          MOV32     R1H,*-SP[6]           ; [CPU_] |90| 
         00000063 0146 
     609 00000064 E710          ADDF32    R0H,R0H,R1H           ; [CPU_] |90| 
         00000065 0040 
     610 00000066 7700          NOP       ; [CPU_] 
     611 00000067 E203          MOV32     *-SP[8],R0H           ; [CPU_] |90| 
         00000068 0048 
     612                      .dwpsn  file "../AdcCntrl/OutCurrentCalc.c",line 91,column 3,is_stmt
     613 00000069 E801          MOVIZ     R0H,#16147            ; [CPU_] |91| 
         0000006a F898 
     614 0000006b E2AF          MOV32     R1H,*-SP[8]           ; [CPU_] |91| 
         0000006c 0148 
     615 0000006d E80E          MOVXI     R0H,#52534            ; [CPU_] |91| 
         0000006e 69B0 
     616 0000006f E700          MPYF32    R0H,R0H,R1H           ; [CPU_] |91| 
         00000070 0040 
     617 00000071 7700          NOP       ; [CPU_] 
     618 00000072 E203          MOV32     *-SP[8],R0H           ; [CPU_] |91| 
         00000073 0048 
TMS320C2000 Assembler PC v6.2.7 Thu Jul 02 08:31:41 2015

Tools Copyright (c) 1996-2014 Texas Instruments Incorporated
C:\Users\Tester\AppData\Local\Temp\0282010                           PAGE   13

     619                      .dwpsn  file "../AdcCntrl/OutCurrentCalc.c",line 93,column 3,is_stmt
     620 00000074 9251          MOV       AL,*-SP[17]           ; [CPU_] |93| 
     621              $C$DW$58        .dwtag  DW_TAG_TI_branch
     622                      .dwattr $C$DW$58, DW_AT_low_pc(0x00)
     623                      .dwattr $C$DW$58, DW_AT_name("_getSin")
     624                      .dwattr $C$DW$58, DW_AT_TI_call
     625 00000075 7640!         LCR       #_getSin              ; [CPU_] |93| 
         00000076 0000 
     626                      ; call occurs [#_getSin] ; [] |93| 
     627 00000077 E203          MOV32     *-SP[14],R0H          ; [CPU_] |93| 
         00000078 004E 
     628                      .dwpsn  file "../AdcCntrl/OutCurrentCalc.c",line 94,column 3,is_stmt
     629 00000079 9251          MOV       AL,*-SP[17]           ; [CPU_] |94| 
     630              $C$DW$59        .dwtag  DW_TAG_TI_branch
     631                      .dwattr $C$DW$59, DW_AT_low_pc(0x00)
     632                      .dwattr $C$DW$59, DW_AT_name("_getCos")
     633                      .dwattr $C$DW$59, DW_AT_TI_call
     634 0000007a 7640!         LCR       #_getCos              ; [CPU_] |94| 
         0000007b 0000 
     635                      ; call occurs [#_getCos] ; [] |94| 
     636 0000007c E203          MOV32     *-SP[16],R0H          ; [CPU_] |94| 
         0000007d 0050 
     637                      .dwpsn  file "../AdcCntrl/OutCurrentCalc.c",line 96,column 3,is_stmt
     638 0000007e E2AF          MOV32     R1H,*-SP[6]           ; [CPU_] |96| 
         0000007f 0146 
     639 00000080 E700          MPYF32    R0H,R1H,R0H           ; [CPU_] |96| 
         00000081 0008 
     640 00000082 7700          NOP       ; [CPU_] 
     641 00000083 E203          MOV32     *-SP[10],R0H          ; [CPU_] |96| 
         00000084 004A 
     642                      .dwpsn  file "../AdcCntrl/OutCurrentCalc.c",line 97,column 3,is_stmt
     643 00000085 E2AF          MOV32     R1H,*-SP[8]           ; [CPU_] |97| 
         00000086 0148 
     644 00000087 E2AF          MOV32     R0H,*-SP[14]          ; [CPU_] |97| 
         00000088 004E 
     645 00000089 E700          MPYF32    R1H,R1H,R0H           ; [CPU_] |97| 
         0000008a 0009 
     646 0000008b E2AF          MOV32     R3H,*-SP[10]          ; [CPU_] |97| 
         0000008c 034A 
     647 0000008d E710          ADDF32    R0H,R1H,R3H           ; [CPU_] |97| 
         0000008e 00C8 
     648 0000008f 7700          NOP       ; [CPU_] 
     649 00000090 E203          MOV32     *-SP[10],R0H          ; [CPU_] |97| 
         00000091 004A 
     650                      .dwpsn  file "../AdcCntrl/OutCurrentCalc.c",line 98,column 3,is_stmt
     651              $C$DW$60        .dwtag  DW_TAG_TI_branch
     652                      .dwattr $C$DW$60, DW_AT_low_pc(0x00)
     653                      .dwattr $C$DW$60, DW_AT_name("_testStepDirection")
     654                      .dwattr $C$DW$60, DW_AT_TI_call
     655 00000092 7640!         LCR       #_testStepDirection   ; [CPU_] |98| 
         00000093 0000 
     656                      ; call occurs [#_testStepDirection] ; [] |98| 
     657 00000094 5200          CMPB      AL,#0                 ; [CPU_] |98| 
     658 00000095 6318          B         $C$L1,GEQ             ; [CPU_] |98| 
     659                      ; branchcc occurs ; [] |98| 
TMS320C2000 Assembler PC v6.2.7 Thu Jul 02 08:31:41 2015

Tools Copyright (c) 1996-2014 Texas Instruments Incorporated
C:\Users\Tester\AppData\Local\Temp\0282010                           PAGE   14

     660                      .dwpsn  file "../AdcCntrl/OutCurrentCalc.c",line 99,column 4,is_stmt
     661 00000096 E2AF          MOV32     R0H,*-SP[14]          ; [CPU_] |99| 
         00000097 004E 
     662 00000098 E2AF          MOV32     R1H,*-SP[6]           ; [CPU_] |99| 
         00000099 0146 
     663 0000009a E700          MPYF32    R0H,R1H,R0H           ; [CPU_] |99| 
         0000009b 0008 
     664 0000009c 7700          NOP       ; [CPU_] 
     665 0000009d E203          MOV32     *-SP[12],R0H          ; [CPU_] |99| 
         0000009e 004C 
     666                      .dwpsn  file "../AdcCntrl/OutCurrentCalc.c",line 100,column 4,is_stmt
     667 0000009f E2AF          MOV32     R1H,*-SP[8]           ; [CPU_] |100| 
         000000a0 0148 
     668 000000a1 E2AF          MOV32     R0H,*-SP[16]          ; [CPU_] |100| 
         000000a2 0050 
     669 000000a3 E700          MPYF32    R0H,R1H,R0H           ; [CPU_] |100| 
         000000a4 0008 
     670 000000a5 E2AF          MOV32     R3H,*-SP[12]          ; [CPU_] |100| 
         000000a6 034C 
     671 000000a7 E720          SUBF32    R0H,R3H,R0H           ; [CPU_] |100| 
         000000a8 0018 
     672 000000a9 7700          NOP       ; [CPU_] 
     673 000000aa E203          MOV32     *-SP[12],R0H          ; [CPU_] |100| 
         000000ab 004C 
     674                      .dwpsn  file "../AdcCntrl/OutCurrentCalc.c",line 101,column 3,is_stmt
     675 000000ac 6F17          B         $C$L2,UNC             ; [CPU_] |101| 
     676                      ; branch occurs ; [] |101| 
     677 000000ad       $C$L1:    
     678                      .dwpsn  file "../AdcCntrl/OutCurrentCalc.c",line 102,column 4,is_stmt
     679 000000ad E2AF          MOV32     R0H,*-SP[16]          ; [CPU_] |102| 
         000000ae 0050 
     680 000000af E2AF          MOV32     R1H,*-SP[8]           ; [CPU_] |102| 
         000000b0 0148 
     681 000000b1 E700          MPYF32    R0H,R1H,R0H           ; [CPU_] |102| 
         000000b2 0008 
     682 000000b3 7700          NOP       ; [CPU_] 
     683 000000b4 E203          MOV32     *-SP[12],R0H          ; [CPU_] |102| 
         000000b5 004C 
     684                      .dwpsn  file "../AdcCntrl/OutCurrentCalc.c",line 103,column 4,is_stmt
     685 000000b6 E2AF          MOV32     R1H,*-SP[6]           ; [CPU_] |103| 
         000000b7 0146 
     686 000000b8 E2AF          MOV32     R0H,*-SP[14]          ; [CPU_] |103| 
         000000b9 004E 
     687 000000ba E700          MPYF32    R0H,R1H,R0H           ; [CPU_] |103| 
         000000bb 0008 
     688 000000bc E2AF          MOV32     R3H,*-SP[12]          ; [CPU_] |103| 
         000000bd 034C 
     689 000000be E720          SUBF32    R0H,R3H,R0H           ; [CPU_] |103| 
         000000bf 0018 
     690 000000c0 7700          NOP       ; [CPU_] 
     691 000000c1 E203          MOV32     *-SP[12],R0H          ; [CPU_] |103| 
         000000c2 004C 
     692 000000c3       $C$L2:    
     693                      .dwpsn  file "../AdcCntrl/OutCurrentCalc.c",line 106,column 3,is_stmt
     694 000000c3 8A44          MOVL      XAR4,*-SP[4]          ; [CPU_] |106| 
TMS320C2000 Assembler PC v6.2.7 Thu Jul 02 08:31:41 2015

Tools Copyright (c) 1996-2014 Texas Instruments Incorporated
C:\Users\Tester\AppData\Local\Temp\0282010                           PAGE   15

     695 000000c4 064A          MOVL      ACC,*-SP[10]          ; [CPU_] |106| 
     696 000000c5 1EE4          MOVL      *+XAR4[4],ACC         ; [CPU_] |106| 
     697                      .dwpsn  file "../AdcCntrl/OutCurrentCalc.c",line 107,column 3,is_stmt
     698 000000c6 8A44          MOVL      XAR4,*-SP[4]          ; [CPU_] |107| 
     699 000000c7 064C          MOVL      ACC,*-SP[12]          ; [CPU_] |107| 
     700 000000c8 1EF4          MOVL      *+XAR4[6],ACC         ; [CPU_] |107| 
     701                      .dwpsn  file "../AdcCntrl/OutCurrentCalc.c",line 109,column 3,is_stmt
     702 000000c9 E2AF          MOV32     R0H,*-SP[10]          ; [CPU_] |109| 
         000000ca 004A 
     703 000000cb E2AF          MOV32     R1H,*-SP[10]          ; [CPU_] |109| 
         000000cc 014A 
     704 000000cd E2AF          MOV32     R2H,*-SP[12]          ; [CPU_] |109| 
         000000ce 024C 
     705              
     706 000000cf E300          MPYF32    R0H,R1H,R0H           ; [CPU_] |109| 
         000000d0 434C 
     707              ||      MOV32     R3H,*-SP[12]          ; [CPU_] |109| 
     708              
     709 000000d1 E700          MPYF32    R1H,R3H,R2H           ; [CPU_] |109| 
         000000d2 0099 
     710 000000d3 7700          NOP       ; [CPU_] 
     711 000000d4 E710          ADDF32    R0H,R0H,R1H           ; [CPU_] |109| 
         000000d5 0040 
     712 000000d6 7700          NOP       ; [CPU_] 
     713 000000d7 E203          MOV32     *-SP[6],R0H           ; [CPU_] |109| 
         000000d8 0046 
     714                      .dwpsn  file "../AdcCntrl/OutCurrentCalc.c",line 110,column 3,is_stmt
     715              $C$DW$61        .dwtag  DW_TAG_TI_branch
     716                      .dwattr $C$DW$61, DW_AT_low_pc(0x00)
     717                      .dwattr $C$DW$61, DW_AT_name("_sqrt")
     718                      .dwattr $C$DW$61, DW_AT_TI_call
     719 000000d9 7640!         LCR       #_sqrt                ; [CPU_] |110| 
         000000da 0000 
     720                      ; call occurs [#_sqrt] ; [] |110| 
     721 000000db 8A44          MOVL      XAR4,*-SP[4]          ; [CPU_] |110| 
     722 000000dc E203          MOV32     *+XAR4[0],R0H         ; [CPU_] |110| 
         000000dd 00C4 
     723                      .dwpsn  file "../AdcCntrl/OutCurrentCalc.c",line 112,column 3,is_stmt
     724 000000de E801          MOVIZ     R0H,#15395            ; [CPU_] |112| 
         000000df E118 
     725 000000e0 E2AF          MOV32     R1H,*-SP[10]          ; [CPU_] |112| 
         000000e1 014A 
     726 000000e2 E80E          MOVXI     R0H,#55050            ; [CPU_] |112| 
         000000e3 B850 
     727 000000e4 E694          CMPF32    R1H,R0H               ; [CPU_] |112| 
         000000e5 0001 
     728 000000e6 AD14          MOVST0    ZF, NF                ; [CPU_] |112| 
     729 000000e7 6329          B         $C$L6,GEQ             ; [CPU_] |112| 
     730                      ; branchcc occurs ; [] |112| 
     731                      .dwpsn  file "../AdcCntrl/OutCurrentCalc.c",line 113,column 4,is_stmt
     732 000000e8 E801          MOVIZ     R0H,#15395            ; [CPU_] |113| 
         000000e9 E118 
     733 000000ea E2AF          MOV32     R1H,*-SP[12]          ; [CPU_] |113| 
         000000eb 014C 
     734 000000ec E80E          MOVXI     R0H,#55050            ; [CPU_] |113| 
TMS320C2000 Assembler PC v6.2.7 Thu Jul 02 08:31:41 2015

Tools Copyright (c) 1996-2014 Texas Instruments Incorporated
C:\Users\Tester\AppData\Local\Temp\0282010                           PAGE   16

         000000ed B850 
     735 000000ee E694          CMPF32    R1H,R0H               ; [CPU_] |113| 
         000000ef 0001 
     736 000000f0 AD14          MOVST0    ZF, NF                ; [CPU_] |113| 
     737 000000f1 6308          B         $C$L3,GEQ             ; [CPU_] |113| 
     738                      ; branchcc occurs ; [] |113| 
     739                      .dwpsn  file "../AdcCntrl/OutCurrentCalc.c",line 114,column 5,is_stmt
     740 000000f2 8A44          MOVL      XAR4,*-SP[4]          ; [CPU_] |114| 
     741 000000f3 E590          ZERO      R0H                   ; [CPU_] |114| 
     742 000000f4 E203          MOV32     *+XAR4[2],R0H         ; [CPU_] |114| 
         000000f5 00D4 
     743                      .dwpsn  file "../AdcCntrl/OutCurrentCalc.c",line 116,column 5,is_stmt
     744 000000f6 28A9          MOV       AL,#-2                ; [CPU_] |116| 
         000000f7 FFFE 
     745 000000f8 6F31          B         $C$L8,UNC             ; [CPU_] |116| 
     746                      ; branch occurs ; [] |116| 
     747 000000f9       $C$L3:    
     748                      .dwpsn  file "../AdcCntrl/OutCurrentCalc.c",line 118,column 5,is_stmt
     749 000000f9 E801          MOVIZ     R0H,#15820            ; [CPU_] |118| 
         000000fa EE60 
     750 000000fb E80E          MOVXI     R0H,#52428            ; [CPU_] |118| 
         000000fc 6660 
     751 000000fd E694          CMPF32    R1H,R0H               ; [CPU_] |118| 
         000000fe 0001 
     752 000000ff AD14          MOVST0    ZF, NF                ; [CPU_] |118| 
     753 00000100 6306          B         $C$L4,GEQ             ; [CPU_] |118| 
     754                      ; branchcc occurs ; [] |118| 
     755                      .dwpsn  file "../AdcCntrl/OutCurrentCalc.c",line 119,column 6,is_stmt
     756 00000101 8A44          MOVL      XAR4,*-SP[4]          ; [CPU_] |119| 
     757 00000102 E590          ZERO      R0H                   ; [CPU_] |119| 
     758 00000103 E203          MOV32     *+XAR4[2],R0H         ; [CPU_] |119| 
         00000104 00D4 
     759 00000105 6F08          B         $C$L5,UNC             ; [CPU_] |119| 
     760                      ; branch occurs ; [] |119| 
     761 00000106       $C$L4:    
     762                      .dwpsn  file "../AdcCntrl/OutCurrentCalc.c",line 121,column 6,is_stmt
     763 00000106 8A44          MOVL      XAR4,*-SP[4]          ; [CPU_] |121| 
     764 00000107 E801          MOVIZ     R0H,#16329            ; [CPU_] |121| 
         00000108 FE48 
     765 00000109 E808          MOVXI     R0H,#4048             ; [CPU_] |121| 
         0000010a 7E80 
     766 0000010b E203          MOV32     *+XAR4[2],R0H         ; [CPU_] |121| 
         0000010c 00D4 
     767 0000010d       $C$L5:    
     768                      .dwpsn  file "../AdcCntrl/OutCurrentCalc.c",line 123,column 5,is_stmt
     769 0000010d 28A9          MOV       AL,#-1                ; [CPU_] |123| 
         0000010e FFFF 
     770 0000010f 6F1A          B         $C$L8,UNC             ; [CPU_] |123| 
     771                      ; branch occurs ; [] |123| 
     772 00000110       $C$L6:    
     773                      .dwpsn  file "../AdcCntrl/OutCurrentCalc.c",line 126,column 4,is_stmt
     774 00000110 E2AF          MOV32     R0H,*-SP[12]          ; [CPU_] |126| 
         00000111 004C 
     775              $C$DW$62        .dwtag  DW_TAG_TI_branch
     776                      .dwattr $C$DW$62, DW_AT_low_pc(0x00)
TMS320C2000 Assembler PC v6.2.7 Thu Jul 02 08:31:41 2015

Tools Copyright (c) 1996-2014 Texas Instruments Incorporated
C:\Users\Tester\AppData\Local\Temp\0282010                           PAGE   17

     777                      .dwattr $C$DW$62, DW_AT_name("FS$$DIV")
     778                      .dwattr $C$DW$62, DW_AT_TI_call
     779 00000112 7640!         LCR       #FS$$DIV              ; [CPU_] |126| 
         00000113 0000 
     780                      ; call occurs [#FS$$DIV] ; [] |126| 
     781              $C$DW$63        .dwtag  DW_TAG_TI_branch
     782                      .dwattr $C$DW$63, DW_AT_low_pc(0x00)
     783                      .dwattr $C$DW$63, DW_AT_name("_atan")
     784                      .dwattr $C$DW$63, DW_AT_TI_call
     785 00000114 7640!         LCR       #_atan                ; [CPU_] |126| 
         00000115 0000 
     786                      ; call occurs [#_atan] ; [] |126| 
     787 00000116 8A44          MOVL      XAR4,*-SP[4]          ; [CPU_] |126| 
     788 00000117 E203          MOV32     *+XAR4[2],R0H         ; [CPU_] |126| 
         00000118 00D4 
     789                      .dwpsn  file "../AdcCntrl/OutCurrentCalc.c",line 129,column 3,is_stmt
     790 00000119 9A01          MOVB      AL,#1                 ; [CPU_] |129| 
     791 0000011a 6F0F          B         $C$L8,UNC             ; [CPU_] |129| 
     792                      ; branch occurs ; [] |129| 
     793                      .dwendtag $C$DW$47
     794              
     795 0000011b       $C$L7:    
     796                      .dwpsn  file "../AdcCntrl/OutCurrentCalc.c",line 132,column 3,is_stmt
     797 0000011b 8A44          MOVL      XAR4,*-SP[4]          ; [CPU_] |132| 
     798 0000011c E590          ZERO      R0H                   ; [CPU_] |132| 
     799 0000011d E203          MOV32     *+XAR4[0],R0H         ; [CPU_] |132| 
         0000011e 00C4 
     800                      .dwpsn  file "../AdcCntrl/OutCurrentCalc.c",line 133,column 3,is_stmt
     801 0000011f 8A44          MOVL      XAR4,*-SP[4]          ; [CPU_] |133| 
     802 00000120 E203          MOV32     *+XAR4[2],R0H         ; [CPU_] |133| 
         00000121 00D4 
     803                      .dwpsn  file "../AdcCntrl/OutCurrentCalc.c",line 134,column 3,is_stmt
     804 00000122 8A44          MOVL      XAR4,*-SP[4]          ; [CPU_] |134| 
     805 00000123 E203          MOV32     *+XAR4[4],R0H         ; [CPU_] |134| 
         00000124 00E4 
     806                      .dwpsn  file "../AdcCntrl/OutCurrentCalc.c",line 135,column 3,is_stmt
     807 00000125 8A44          MOVL      XAR4,*-SP[4]          ; [CPU_] |135| 
     808 00000126 E203          MOV32     *+XAR4[6],R0H         ; [CPU_] |135| 
         00000127 00F4 
     809                      .dwpsn  file "../AdcCntrl/OutCurrentCalc.c",line 136,column 3,is_stmt
     810 00000128 9A00          MOVB      AL,#0                 ; [CPU_] |136| 
     811 00000129       $C$L8:    
     812                      .dwpsn  file "../AdcCntrl/OutCurrentCalc.c",line 138,column 1,is_stmt
     813 00000129 FE92          SUBB      SP,#18                ; [CPU_U] 
     814                      .dwcfi  cfa_offset, -2
     815              $C$DW$64        .dwtag  DW_TAG_TI_branch
     816                      .dwattr $C$DW$64, DW_AT_low_pc(0x00)
     817                      .dwattr $C$DW$64, DW_AT_TI_return
     818 0000012a 0006          LRETR     ; [CPU_] 
     819                      ; return occurs ; [] 
     820                      .dwattr $C$DW$43, DW_AT_TI_end_file("../AdcCntrl/OutCurrentCalc.c")
     821                      .dwattr $C$DW$43, DW_AT_TI_end_line(0x8a)
     822                      .dwattr $C$DW$43, DW_AT_TI_end_column(0x01)
     823                      .dwendentry
     824                      .dwendtag $C$DW$43
TMS320C2000 Assembler PC v6.2.7 Thu Jul 02 08:31:41 2015

Tools Copyright (c) 1996-2014 Texas Instruments Incorporated
C:\Users\Tester\AppData\Local\Temp\0282010                           PAGE   18

     825              
     826              ;**************************************************************
     827              ;* UNDEFINED EXTERNAL REFERENCES                              *
     828              ;**************************************************************
     829                      .global _disablePwmInt
     830                      .global _enablePwmInt
     831                      .global _getCurrentConer
     832                      .global _testStepDirection
     833                      .global _testRunState
     834                      .global _getSin
     835                      .global _atan
     836                      .global _sqrt
     837                      .global _getMomentaryCurrentA
     838                      .global _getMomentaryCurrentB
     839                      .global _getCos
     840                      .global FS$$DIV
     841              
     842              ;***************************************************************
     843              ;* TYPE INFORMATION                                            *
     844              ;***************************************************************
     845              
     846              $C$DW$T$19      .dwtag  DW_TAG_structure_type
     847                      .dwattr $C$DW$T$19, DW_AT_name("_OUT_CURRENT")
     848                      .dwattr $C$DW$T$19, DW_AT_byte_size(0x08)
     849              $C$DW$65        .dwtag  DW_TAG_member
     850                      .dwattr $C$DW$65, DW_AT_type(*$C$DW$T$16)
     851                      .dwattr $C$DW$65, DW_AT_name("current")
     852                      .dwattr $C$DW$65, DW_AT_TI_symbol_name("_current")
     853                      .dwattr $C$DW$65, DW_AT_data_member_location[DW_OP_plus_uconst 0x0]
     854                      .dwattr $C$DW$65, DW_AT_accessibility(DW_ACCESS_public)
     855              $C$DW$66        .dwtag  DW_TAG_member
     856                      .dwattr $C$DW$66, DW_AT_type(*$C$DW$T$16)
     857                      .dwattr $C$DW$66, DW_AT_name("coner")
     858                      .dwattr $C$DW$66, DW_AT_TI_symbol_name("_coner")
     859                      .dwattr $C$DW$66, DW_AT_data_member_location[DW_OP_plus_uconst 0x2]
     860                      .dwattr $C$DW$66, DW_AT_accessibility(DW_ACCESS_public)
     861              $C$DW$67        .dwtag  DW_TAG_member
     862                      .dwattr $C$DW$67, DW_AT_type(*$C$DW$T$16)
     863                      .dwattr $C$DW$67, DW_AT_name("currentId")
     864                      .dwattr $C$DW$67, DW_AT_TI_symbol_name("_currentId")
     865                      .dwattr $C$DW$67, DW_AT_data_member_location[DW_OP_plus_uconst 0x4]
     866                      .dwattr $C$DW$67, DW_AT_accessibility(DW_ACCESS_public)
     867              $C$DW$68        .dwtag  DW_TAG_member
     868                      .dwattr $C$DW$68, DW_AT_type(*$C$DW$T$16)
     869                      .dwattr $C$DW$68, DW_AT_name("currentIq")
     870                      .dwattr $C$DW$68, DW_AT_TI_symbol_name("_currentIq")
     871                      .dwattr $C$DW$68, DW_AT_data_member_location[DW_OP_plus_uconst 0x6]
     872                      .dwattr $C$DW$68, DW_AT_accessibility(DW_ACCESS_public)
     873                      .dwendtag $C$DW$T$19
     874              
     875              $C$DW$T$20      .dwtag  DW_TAG_pointer_type
     876                      .dwattr $C$DW$T$20, DW_AT_type(*$C$DW$T$19)
     877                      .dwattr $C$DW$T$20, DW_AT_address_class(0x16)
     878              $C$DW$T$21      .dwtag  DW_TAG_typedef, DW_AT_name("pCurrentOut")
     879                      .dwattr $C$DW$T$21, DW_AT_type(*$C$DW$T$20)
TMS320C2000 Assembler PC v6.2.7 Thu Jul 02 08:31:41 2015

Tools Copyright (c) 1996-2014 Texas Instruments Incorporated
C:\Users\Tester\AppData\Local\Temp\0282010                           PAGE   19

     880                      .dwattr $C$DW$T$21, DW_AT_language(DW_LANG_C)
     881              $C$DW$T$22      .dwtag  DW_TAG_typedef, DW_AT_name("stCurrentOut")
     882                      .dwattr $C$DW$T$22, DW_AT_type(*$C$DW$T$19)
     883                      .dwattr $C$DW$T$22, DW_AT_language(DW_LANG_C)
     884              $C$DW$T$4       .dwtag  DW_TAG_base_type
     885                      .dwattr $C$DW$T$4, DW_AT_encoding(DW_ATE_boolean)
     886                      .dwattr $C$DW$T$4, DW_AT_name("bool")
     887                      .dwattr $C$DW$T$4, DW_AT_byte_size(0x01)
     888              $C$DW$T$5       .dwtag  DW_TAG_base_type
     889                      .dwattr $C$DW$T$5, DW_AT_encoding(DW_ATE_signed_char)
     890                      .dwattr $C$DW$T$5, DW_AT_name("signed char")
     891                      .dwattr $C$DW$T$5, DW_AT_byte_size(0x01)
     892              $C$DW$T$6       .dwtag  DW_TAG_base_type
     893                      .dwattr $C$DW$T$6, DW_AT_encoding(DW_ATE_unsigned_char)
     894                      .dwattr $C$DW$T$6, DW_AT_name("unsigned char")
     895                      .dwattr $C$DW$T$6, DW_AT_byte_size(0x01)
     896              $C$DW$T$7       .dwtag  DW_TAG_base_type
     897                      .dwattr $C$DW$T$7, DW_AT_encoding(DW_ATE_signed_char)
     898                      .dwattr $C$DW$T$7, DW_AT_name("wchar_t")
     899                      .dwattr $C$DW$T$7, DW_AT_byte_size(0x01)
     900              $C$DW$T$8       .dwtag  DW_TAG_base_type
     901                      .dwattr $C$DW$T$8, DW_AT_encoding(DW_ATE_signed)
     902                      .dwattr $C$DW$T$8, DW_AT_name("short")
     903                      .dwattr $C$DW$T$8, DW_AT_byte_size(0x01)
     904              $C$DW$T$9       .dwtag  DW_TAG_base_type
     905                      .dwattr $C$DW$T$9, DW_AT_encoding(DW_ATE_unsigned)
     906                      .dwattr $C$DW$T$9, DW_AT_name("unsigned short")
     907                      .dwattr $C$DW$T$9, DW_AT_byte_size(0x01)
     908              $C$DW$T$10      .dwtag  DW_TAG_base_type
     909                      .dwattr $C$DW$T$10, DW_AT_encoding(DW_ATE_signed)
     910                      .dwattr $C$DW$T$10, DW_AT_name("int")
     911                      .dwattr $C$DW$T$10, DW_AT_byte_size(0x01)
     912              $C$DW$T$26      .dwtag  DW_TAG_typedef, DW_AT_name("INT16")
     913                      .dwattr $C$DW$T$26, DW_AT_type(*$C$DW$T$10)
     914                      .dwattr $C$DW$T$26, DW_AT_language(DW_LANG_C)
     915              $C$DW$T$29      .dwtag  DW_TAG_typedef, DW_AT_name("INT8")
     916                      .dwattr $C$DW$T$29, DW_AT_type(*$C$DW$T$10)
     917                      .dwattr $C$DW$T$29, DW_AT_language(DW_LANG_C)
     918              $C$DW$T$11      .dwtag  DW_TAG_base_type
     919                      .dwattr $C$DW$T$11, DW_AT_encoding(DW_ATE_unsigned)
     920                      .dwattr $C$DW$T$11, DW_AT_name("unsigned int")
     921                      .dwattr $C$DW$T$11, DW_AT_byte_size(0x01)
     922              $C$DW$T$33      .dwtag  DW_TAG_typedef, DW_AT_name("UINT16")
     923                      .dwattr $C$DW$T$33, DW_AT_type(*$C$DW$T$11)
     924                      .dwattr $C$DW$T$33, DW_AT_language(DW_LANG_C)
     925              $C$DW$T$36      .dwtag  DW_TAG_typedef, DW_AT_name("UINT8")
     926                      .dwattr $C$DW$T$36, DW_AT_type(*$C$DW$T$11)
     927                      .dwattr $C$DW$T$36, DW_AT_language(DW_LANG_C)
     928              $C$DW$T$12      .dwtag  DW_TAG_base_type
     929                      .dwattr $C$DW$T$12, DW_AT_encoding(DW_ATE_signed)
     930                      .dwattr $C$DW$T$12, DW_AT_name("long")
     931                      .dwattr $C$DW$T$12, DW_AT_byte_size(0x02)
     932              $C$DW$T$13      .dwtag  DW_TAG_base_type
     933                      .dwattr $C$DW$T$13, DW_AT_encoding(DW_ATE_unsigned)
     934                      .dwattr $C$DW$T$13, DW_AT_name("unsigned long")
TMS320C2000 Assembler PC v6.2.7 Thu Jul 02 08:31:41 2015

Tools Copyright (c) 1996-2014 Texas Instruments Incorporated
C:\Users\Tester\AppData\Local\Temp\0282010                           PAGE   20

     935                      .dwattr $C$DW$T$13, DW_AT_byte_size(0x02)
     936              $C$DW$T$14      .dwtag  DW_TAG_base_type
     937                      .dwattr $C$DW$T$14, DW_AT_encoding(DW_ATE_signed)
     938                      .dwattr $C$DW$T$14, DW_AT_name("long long")
     939                      .dwattr $C$DW$T$14, DW_AT_byte_size(0x04)
     940              $C$DW$T$15      .dwtag  DW_TAG_base_type
     941                      .dwattr $C$DW$T$15, DW_AT_encoding(DW_ATE_unsigned)
     942                      .dwattr $C$DW$T$15, DW_AT_name("unsigned long long")
     943                      .dwattr $C$DW$T$15, DW_AT_byte_size(0x04)
     944              $C$DW$T$16      .dwtag  DW_TAG_base_type
     945                      .dwattr $C$DW$T$16, DW_AT_encoding(DW_ATE_float)
     946                      .dwattr $C$DW$T$16, DW_AT_name("float")
     947                      .dwattr $C$DW$T$16, DW_AT_byte_size(0x02)
     948              $C$DW$T$17      .dwtag  DW_TAG_base_type
     949                      .dwattr $C$DW$T$17, DW_AT_encoding(DW_ATE_float)
     950                      .dwattr $C$DW$T$17, DW_AT_name("double")
     951                      .dwattr $C$DW$T$17, DW_AT_byte_size(0x02)
     952              $C$DW$T$18      .dwtag  DW_TAG_base_type
     953                      .dwattr $C$DW$T$18, DW_AT_encoding(DW_ATE_float)
     954                      .dwattr $C$DW$T$18, DW_AT_name("long double")
     955                      .dwattr $C$DW$T$18, DW_AT_byte_size(0x04)
     956                      .dwattr $C$DW$CU, DW_AT_language(DW_LANG_C)
     957              
     958              ;***************************************************************
     959              ;* DWARF CIE ENTRIES                                           *
     960              ;***************************************************************
     961              
     962              $C$DW$CIE       .dwcie 78
     963                      .dwcfi  cfa_register, 20
     964                      .dwcfi  cfa_offset, 0
     965                      .dwcfi  undefined, 0
     966                      .dwcfi  undefined, 1
     967                      .dwcfi  undefined, 2
     968                      .dwcfi  undefined, 3
     969                      .dwcfi  undefined, 20
     970                      .dwcfi  undefined, 21
     971                      .dwcfi  undefined, 22
     972                      .dwcfi  undefined, 23
     973                      .dwcfi  undefined, 24
     974                      .dwcfi  undefined, 25
     975                      .dwcfi  undefined, 26
     976                      .dwcfi  same_value, 28
     977                      .dwcfi  undefined, 29
     978                      .dwcfi  undefined, 30
     979                      .dwcfi  undefined, 31
     980                      .dwcfi  undefined, 32
     981                      .dwcfi  undefined, 33
     982                      .dwcfi  undefined, 34
     983                      .dwcfi  undefined, 35
     984                      .dwcfi  undefined, 36
     985                      .dwcfi  undefined, 37
     986                      .dwcfi  undefined, 38
     987                      .dwcfi  undefined, 75
     988                      .dwcfi  undefined, 76
     989                      .dwcfi  undefined, 77
TMS320C2000 Assembler PC v6.2.7 Thu Jul 02 08:31:41 2015

Tools Copyright (c) 1996-2014 Texas Instruments Incorporated
C:\Users\Tester\AppData\Local\Temp\0282010                           PAGE   21

     990                      .dwcfi  undefined, 4
     991                      .dwcfi  same_value, 6
     992                      .dwcfi  same_value, 8
     993                      .dwcfi  same_value, 10
     994                      .dwcfi  undefined, 12
     995                      .dwcfi  undefined, 14
     996                      .dwcfi  undefined, 16
     997                      .dwcfi  undefined, 17
     998                      .dwcfi  undefined, 18
     999                      .dwcfi  undefined, 19
    1000                      .dwcfi  undefined, 5
    1001                      .dwcfi  same_value, 7
    1002                      .dwcfi  same_value, 9
    1003                      .dwcfi  same_value, 11
    1004                      .dwcfi  undefined, 13
    1005                      .dwcfi  undefined, 15
    1006                      .dwcfi  undefined, 43
    1007                      .dwcfi  undefined, 44
    1008                      .dwcfi  undefined, 47
    1009                      .dwcfi  undefined, 48
    1010                      .dwcfi  undefined, 51
    1011                      .dwcfi  undefined, 52
    1012                      .dwcfi  undefined, 55
    1013                      .dwcfi  undefined, 56
    1014                      .dwcfi  same_value, 59
    1015                      .dwcfi  same_value, 60
    1016                      .dwcfi  same_value, 63
    1017                      .dwcfi  same_value, 64
    1018                      .dwcfi  same_value, 67
    1019                      .dwcfi  same_value, 68
    1020                      .dwcfi  same_value, 71
    1021                      .dwcfi  same_value, 72
    1022                      .dwcfi  undefined, 73
    1023                      .dwcfi  undefined, 74
    1024                      .dwcfi  undefined, 39
    1025                      .dwcfi  undefined, 40
    1026                      .dwcfi  undefined, 27
    1027                      .dwcfi  undefined, 78
    1028                      .dwendentry
    1029              
    1030              ;***************************************************************
    1031              ;* DWARF REGISTER MAP                                          *
    1032              ;***************************************************************
    1033              
    1034              $C$DW$69        .dwtag  DW_TAG_TI_assign_register, DW_AT_name("AL")
    1035                      .dwattr $C$DW$69, DW_AT_location[DW_OP_reg0]
    1036              $C$DW$70        .dwtag  DW_TAG_TI_assign_register, DW_AT_name("AH")
    1037                      .dwattr $C$DW$70, DW_AT_location[DW_OP_reg1]
    1038              $C$DW$71        .dwtag  DW_TAG_TI_assign_register, DW_AT_name("PL")
    1039                      .dwattr $C$DW$71, DW_AT_location[DW_OP_reg2]
    1040              $C$DW$72        .dwtag  DW_TAG_TI_assign_register, DW_AT_name("PH")
    1041                      .dwattr $C$DW$72, DW_AT_location[DW_OP_reg3]
    1042              $C$DW$73        .dwtag  DW_TAG_TI_assign_register, DW_AT_name("SP")
    1043                      .dwattr $C$DW$73, DW_AT_location[DW_OP_reg20]
    1044              $C$DW$74        .dwtag  DW_TAG_TI_assign_register, DW_AT_name("XT")
TMS320C2000 Assembler PC v6.2.7 Thu Jul 02 08:31:41 2015

Tools Copyright (c) 1996-2014 Texas Instruments Incorporated
C:\Users\Tester\AppData\Local\Temp\0282010                           PAGE   22

    1045                      .dwattr $C$DW$74, DW_AT_location[DW_OP_reg21]
    1046              $C$DW$75        .dwtag  DW_TAG_TI_assign_register, DW_AT_name("T")
    1047                      .dwattr $C$DW$75, DW_AT_location[DW_OP_reg22]
    1048              $C$DW$76        .dwtag  DW_TAG_TI_assign_register, DW_AT_name("ST0")
    1049                      .dwattr $C$DW$76, DW_AT_location[DW_OP_reg23]
    1050              $C$DW$77        .dwtag  DW_TAG_TI_assign_register, DW_AT_name("ST1")
    1051                      .dwattr $C$DW$77, DW_AT_location[DW_OP_reg24]
    1052              $C$DW$78        .dwtag  DW_TAG_TI_assign_register, DW_AT_name("PC")
    1053                      .dwattr $C$DW$78, DW_AT_location[DW_OP_reg25]
    1054              $C$DW$79        .dwtag  DW_TAG_TI_assign_register, DW_AT_name("RPC")
    1055                      .dwattr $C$DW$79, DW_AT_location[DW_OP_reg26]
    1056              $C$DW$80        .dwtag  DW_TAG_TI_assign_register, DW_AT_name("FP")
    1057                      .dwattr $C$DW$80, DW_AT_location[DW_OP_reg28]
    1058              $C$DW$81        .dwtag  DW_TAG_TI_assign_register, DW_AT_name("DP")
    1059                      .dwattr $C$DW$81, DW_AT_location[DW_OP_reg29]
    1060              $C$DW$82        .dwtag  DW_TAG_TI_assign_register, DW_AT_name("SXM")
    1061                      .dwattr $C$DW$82, DW_AT_location[DW_OP_reg30]
    1062              $C$DW$83        .dwtag  DW_TAG_TI_assign_register, DW_AT_name("PM")
    1063                      .dwattr $C$DW$83, DW_AT_location[DW_OP_reg31]
    1064              $C$DW$84        .dwtag  DW_TAG_TI_assign_register, DW_AT_name("OVM")
    1065                      .dwattr $C$DW$84, DW_AT_location[DW_OP_regx 0x20]
    1066              $C$DW$85        .dwtag  DW_TAG_TI_assign_register, DW_AT_name("PAGE0")
    1067                      .dwattr $C$DW$85, DW_AT_location[DW_OP_regx 0x21]
    1068              $C$DW$86        .dwtag  DW_TAG_TI_assign_register, DW_AT_name("AMODE")
    1069                      .dwattr $C$DW$86, DW_AT_location[DW_OP_regx 0x22]
    1070              $C$DW$87        .dwtag  DW_TAG_TI_assign_register, DW_AT_name("INTM")
    1071                      .dwattr $C$DW$87, DW_AT_location[DW_OP_regx 0x23]
    1072              $C$DW$88        .dwtag  DW_TAG_TI_assign_register, DW_AT_name("IFR")
    1073                      .dwattr $C$DW$88, DW_AT_location[DW_OP_regx 0x24]
    1074              $C$DW$89        .dwtag  DW_TAG_TI_assign_register, DW_AT_name("IER")
    1075                      .dwattr $C$DW$89, DW_AT_location[DW_OP_regx 0x25]
    1076              $C$DW$90        .dwtag  DW_TAG_TI_assign_register, DW_AT_name("V")
    1077                      .dwattr $C$DW$90, DW_AT_location[DW_OP_regx 0x26]
    1078              $C$DW$91        .dwtag  DW_TAG_TI_assign_register, DW_AT_name("PSEUDOH")
    1079                      .dwattr $C$DW$91, DW_AT_location[DW_OP_regx 0x4c]
    1080              $C$DW$92        .dwtag  DW_TAG_TI_assign_register, DW_AT_name("VOL")
    1081                      .dwattr $C$DW$92, DW_AT_location[DW_OP_regx 0x4d]
    1082              $C$DW$93        .dwtag  DW_TAG_TI_assign_register, DW_AT_name("AR0")
    1083                      .dwattr $C$DW$93, DW_AT_location[DW_OP_reg4]
    1084              $C$DW$94        .dwtag  DW_TAG_TI_assign_register, DW_AT_name("AR1")
    1085                      .dwattr $C$DW$94, DW_AT_location[DW_OP_reg6]
    1086              $C$DW$95        .dwtag  DW_TAG_TI_assign_register, DW_AT_name("AR2")
    1087                      .dwattr $C$DW$95, DW_AT_location[DW_OP_reg8]
    1088              $C$DW$96        .dwtag  DW_TAG_TI_assign_register, DW_AT_name("AR3")
    1089                      .dwattr $C$DW$96, DW_AT_location[DW_OP_reg10]
    1090              $C$DW$97        .dwtag  DW_TAG_TI_assign_register, DW_AT_name("AR4")
    1091                      .dwattr $C$DW$97, DW_AT_location[DW_OP_reg12]
    1092              $C$DW$98        .dwtag  DW_TAG_TI_assign_register, DW_AT_name("AR5")
    1093                      .dwattr $C$DW$98, DW_AT_location[DW_OP_reg14]
    1094              $C$DW$99        .dwtag  DW_TAG_TI_assign_register, DW_AT_name("AR6")
    1095                      .dwattr $C$DW$99, DW_AT_location[DW_OP_reg16]
    1096              $C$DW$100       .dwtag  DW_TAG_TI_assign_register, DW_AT_name("XAR6")
    1097                      .dwattr $C$DW$100, DW_AT_location[DW_OP_reg17]
    1098              $C$DW$101       .dwtag  DW_TAG_TI_assign_register, DW_AT_name("AR7")
    1099                      .dwattr $C$DW$101, DW_AT_location[DW_OP_reg18]
TMS320C2000 Assembler PC v6.2.7 Thu Jul 02 08:31:41 2015

Tools Copyright (c) 1996-2014 Texas Instruments Incorporated
C:\Users\Tester\AppData\Local\Temp\0282010                           PAGE   23

    1100              $C$DW$102       .dwtag  DW_TAG_TI_assign_register, DW_AT_name("XAR7")
    1101                      .dwattr $C$DW$102, DW_AT_location[DW_OP_reg19]
    1102              $C$DW$103       .dwtag  DW_TAG_TI_assign_register, DW_AT_name("XAR0")
    1103                      .dwattr $C$DW$103, DW_AT_location[DW_OP_reg5]
    1104              $C$DW$104       .dwtag  DW_TAG_TI_assign_register, DW_AT_name("XAR1")
    1105                      .dwattr $C$DW$104, DW_AT_location[DW_OP_reg7]
    1106              $C$DW$105       .dwtag  DW_TAG_TI_assign_register, DW_AT_name("XAR2")
    1107                      .dwattr $C$DW$105, DW_AT_location[DW_OP_reg9]
    1108              $C$DW$106       .dwtag  DW_TAG_TI_assign_register, DW_AT_name("XAR3")
    1109                      .dwattr $C$DW$106, DW_AT_location[DW_OP_reg11]
    1110              $C$DW$107       .dwtag  DW_TAG_TI_assign_register, DW_AT_name("XAR4")
    1111                      .dwattr $C$DW$107, DW_AT_location[DW_OP_reg13]
    1112              $C$DW$108       .dwtag  DW_TAG_TI_assign_register, DW_AT_name("XAR5")
    1113                      .dwattr $C$DW$108, DW_AT_location[DW_OP_reg15]
    1114              $C$DW$109       .dwtag  DW_TAG_TI_assign_register, DW_AT_name("R0HL")
    1115                      .dwattr $C$DW$109, DW_AT_location[DW_OP_regx 0x2b]
    1116              $C$DW$110       .dwtag  DW_TAG_TI_assign_register, DW_AT_name("R0H")
    1117                      .dwattr $C$DW$110, DW_AT_location[DW_OP_regx 0x2c]
    1118              $C$DW$111       .dwtag  DW_TAG_TI_assign_register, DW_AT_name("R1HL")
    1119                      .dwattr $C$DW$111, DW_AT_location[DW_OP_regx 0x2f]
    1120              $C$DW$112       .dwtag  DW_TAG_TI_assign_register, DW_AT_name("R1H")
    1121                      .dwattr $C$DW$112, DW_AT_location[DW_OP_regx 0x30]
    1122              $C$DW$113       .dwtag  DW_TAG_TI_assign_register, DW_AT_name("R2HL")
    1123                      .dwattr $C$DW$113, DW_AT_location[DW_OP_regx 0x33]
    1124              $C$DW$114       .dwtag  DW_TAG_TI_assign_register, DW_AT_name("R2H")
    1125                      .dwattr $C$DW$114, DW_AT_location[DW_OP_regx 0x34]
    1126              $C$DW$115       .dwtag  DW_TAG_TI_assign_register, DW_AT_name("R3HL")
    1127                      .dwattr $C$DW$115, DW_AT_location[DW_OP_regx 0x37]
    1128              $C$DW$116       .dwtag  DW_TAG_TI_assign_register, DW_AT_name("R3H")
    1129                      .dwattr $C$DW$116, DW_AT_location[DW_OP_regx 0x38]
    1130              $C$DW$117       .dwtag  DW_TAG_TI_assign_register, DW_AT_name("R4HL")
    1131                      .dwattr $C$DW$117, DW_AT_location[DW_OP_regx 0x3b]
    1132              $C$DW$118       .dwtag  DW_TAG_TI_assign_register, DW_AT_name("R4H")
    1133                      .dwattr $C$DW$118, DW_AT_location[DW_OP_regx 0x3c]
    1134              $C$DW$119       .dwtag  DW_TAG_TI_assign_register, DW_AT_name("R5HL")
    1135                      .dwattr $C$DW$119, DW_AT_location[DW_OP_regx 0x3f]
    1136              $C$DW$120       .dwtag  DW_TAG_TI_assign_register, DW_AT_name("R5H")
    1137                      .dwattr $C$DW$120, DW_AT_location[DW_OP_regx 0x40]
    1138              $C$DW$121       .dwtag  DW_TAG_TI_assign_register, DW_AT_name("R6HL")
    1139                      .dwattr $C$DW$121, DW_AT_location[DW_OP_regx 0x43]
    1140              $C$DW$122       .dwtag  DW_TAG_TI_assign_register, DW_AT_name("R6H")
    1141                      .dwattr $C$DW$122, DW_AT_location[DW_OP_regx 0x44]
    1142              $C$DW$123       .dwtag  DW_TAG_TI_assign_register, DW_AT_name("R7HL")
    1143                      .dwattr $C$DW$123, DW_AT_location[DW_OP_regx 0x47]
    1144              $C$DW$124       .dwtag  DW_TAG_TI_assign_register, DW_AT_name("R7H")
    1145                      .dwattr $C$DW$124, DW_AT_location[DW_OP_regx 0x48]
    1146              $C$DW$125       .dwtag  DW_TAG_TI_assign_register, DW_AT_name("RBL")
    1147                      .dwattr $C$DW$125, DW_AT_location[DW_OP_regx 0x49]
    1148              $C$DW$126       .dwtag  DW_TAG_TI_assign_register, DW_AT_name("RB")
    1149                      .dwattr $C$DW$126, DW_AT_location[DW_OP_regx 0x4a]
    1150              $C$DW$127       .dwtag  DW_TAG_TI_assign_register, DW_AT_name("STFL")
    1151                      .dwattr $C$DW$127, DW_AT_location[DW_OP_regx 0x27]
    1152              $C$DW$128       .dwtag  DW_TAG_TI_assign_register, DW_AT_name("STF")
    1153                      .dwattr $C$DW$128, DW_AT_location[DW_OP_regx 0x28]
    1154              $C$DW$129       .dwtag  DW_TAG_TI_assign_register, DW_AT_name("FPUHAZ")
TMS320C2000 Assembler PC v6.2.7 Thu Jul 02 08:31:41 2015

Tools Copyright (c) 1996-2014 Texas Instruments Incorporated
C:\Users\Tester\AppData\Local\Temp\0282010                           PAGE   24

    1155                      .dwattr $C$DW$129, DW_AT_location[DW_OP_reg27]
    1156              $C$DW$130       .dwtag  DW_TAG_TI_assign_register, DW_AT_name("CIE_RETA")
    1157                      .dwattr $C$DW$130, DW_AT_location[DW_OP_regx 0x4e]
    1158                      .dwendtag $C$DW$CU
    1159              

No Assembly Errors, No Assembly Warnings
