TMS320C2000 Assembler PC v6.2.7 Thu Jul 02 08:31:17 2015

Tools Copyright (c) 1996-2014 Texas Instruments Incorporated
C:\Users\Tester\AppData\Local\Temp\0238410                           PAGE    1

       1              ;***************************************************************
       2              ;* TMS320C2000 C/C++ Codegen                         PC v6.2.7 *
       3              ;* Date/Time created: Thu Jul 02 08:31:17 2015                 *
       4              ;***************************************************************
       5                      .compiler_opts --diag_wrap=off --float_support=fpu32 --hll_source=on --mem_model:code=flat --mem_mode
       6        0002  FP      .set    XAR2
       7              
       8              $C$DW$CU        .dwtag  DW_TAG_compile_unit
       9                      .dwattr $C$DW$CU, DW_AT_name("../OsCntrl/cntrlPidSimple.c")
      10                      .dwattr $C$DW$CU, DW_AT_producer("TMS320C2000 C/C++ Codegen PC v6.2.7 Copyright (c) 1996-2014 Texas I
      11                      .dwattr $C$DW$CU, DW_AT_TI_version(0x01)
      12                      .dwattr $C$DW$CU, DW_AT_comp_dir("D:\ActiveProject\EKT5\PKMT_NONBIOS\InvertorCntrl\ISPprg")
      13              
      14              $C$DW$1 .dwtag  DW_TAG_subprogram, DW_AT_name("initPIDregulator")
      15                      .dwattr $C$DW$1, DW_AT_TI_symbol_name("_initPIDregulator")
      16                      .dwattr $C$DW$1, DW_AT_declaration
      17                      .dwattr $C$DW$1, DW_AT_external
      18              
      19              $C$DW$2 .dwtag  DW_TAG_subprogram, DW_AT_name("cntrlPIDregulator")
      20                      .dwattr $C$DW$2, DW_AT_TI_symbol_name("_cntrlPIDregulator")
      21                      .dwattr $C$DW$2, DW_AT_declaration
      22                      .dwattr $C$DW$2, DW_AT_external
      23              
      24              $C$DW$3 .dwtag  DW_TAG_subprogram, DW_AT_name("setFtaskOs")
      25                      .dwattr $C$DW$3, DW_AT_TI_symbol_name("_setFtaskOs")
      26                      .dwattr $C$DW$3, DW_AT_declaration
      27                      .dwattr $C$DW$3, DW_AT_external
      28              $C$DW$4 .dwtag  DW_TAG_formal_parameter
      29                      .dwattr $C$DW$4, DW_AT_type(*$C$DW$T$16)
      30                      .dwendtag $C$DW$3
      31              
      32              
      33              $C$DW$5 .dwtag  DW_TAG_subprogram, DW_AT_name("setLimitOs")
      34                      .dwattr $C$DW$5, DW_AT_TI_symbol_name("_setLimitOs")
      35                      .dwattr $C$DW$5, DW_AT_declaration
      36                      .dwattr $C$DW$5, DW_AT_external
      37              $C$DW$6 .dwtag  DW_TAG_formal_parameter
      38                      .dwattr $C$DW$6, DW_AT_type(*$C$DW$T$16)
      39              $C$DW$7 .dwtag  DW_TAG_formal_parameter
      40                      .dwattr $C$DW$7, DW_AT_type(*$C$DW$T$16)
      41                      .dwendtag $C$DW$5
      42              
      43              
      44              $C$DW$8 .dwtag  DW_TAG_subprogram, DW_AT_name("getRegister")
      45                      .dwattr $C$DW$8, DW_AT_TI_symbol_name("_getRegister")
      46                      .dwattr $C$DW$8, DW_AT_type(*$C$DW$T$10)
      47                      .dwattr $C$DW$8, DW_AT_declaration
      48                      .dwattr $C$DW$8, DW_AT_external
      49              $C$DW$9 .dwtag  DW_TAG_formal_parameter
      50                      .dwattr $C$DW$9, DW_AT_type(*$C$DW$T$5)
      51                      .dwendtag $C$DW$8
      52              
      53              
      54              $C$DW$10        .dwtag  DW_TAG_subprogram, DW_AT_name("testStatusConvertor")
      55                      .dwattr $C$DW$10, DW_AT_TI_symbol_name("_testStatusConvertor")
TMS320C2000 Assembler PC v6.2.7 Thu Jul 02 08:31:17 2015

Tools Copyright (c) 1996-2014 Texas Instruments Incorporated
C:\Users\Tester\AppData\Local\Temp\0238410                           PAGE    2

      56                      .dwattr $C$DW$10, DW_AT_type(*$C$DW$T$29)
      57                      .dwattr $C$DW$10, DW_AT_declaration
      58                      .dwattr $C$DW$10, DW_AT_external
      59              $C$DW$11        .dwtag  DW_TAG_formal_parameter
      60                      .dwattr $C$DW$11, DW_AT_type(*$C$DW$T$28)
      61                      .dwendtag $C$DW$10
      62              
      63                      .global _stateSimplePid
      64 00000000       _stateSimplePid:        .usect  ".ebss",1,1,0
      65              $C$DW$12        .dwtag  DW_TAG_variable, DW_AT_name("stateSimplePid")
      66                      .dwattr $C$DW$12, DW_AT_TI_symbol_name("_stateSimplePid")
      67                      .dwattr $C$DW$12, DW_AT_location[DW_OP_addr _stateSimplePid]
      68                      .dwattr $C$DW$12, DW_AT_type(*$C$DW$T$28)
      69                      .dwattr $C$DW$12, DW_AT_external
      70              
      71              $C$DW$13        .dwtag  DW_TAG_subprogram, DW_AT_name("getPidOs")
      72                      .dwattr $C$DW$13, DW_AT_TI_symbol_name("_getPidOs")
      73                      .dwattr $C$DW$13, DW_AT_type(*$C$DW$T$16)
      74                      .dwattr $C$DW$13, DW_AT_declaration
      75                      .dwattr $C$DW$13, DW_AT_external
      76              
      77              $C$DW$14        .dwtag  DW_TAG_subprogram, DW_AT_name("getInvertorFreq")
      78                      .dwattr $C$DW$14, DW_AT_TI_symbol_name("_getInvertorFreq")
      79                      .dwattr $C$DW$14, DW_AT_type(*$C$DW$T$16)
      80                      .dwattr $C$DW$14, DW_AT_declaration
      81                      .dwattr $C$DW$14, DW_AT_external
      82              
      83              $C$DW$15        .dwtag  DW_TAG_subprogram, DW_AT_name("getFtaskOs")
      84                      .dwattr $C$DW$15, DW_AT_TI_symbol_name("_getFtaskOs")
      85                      .dwattr $C$DW$15, DW_AT_type(*$C$DW$T$16)
      86                      .dwattr $C$DW$15, DW_AT_declaration
      87                      .dwattr $C$DW$15, DW_AT_external
      88              ;       C:\ti\ccsv6\tools\compiler\c2000_6.2.7\bin\ac2000.exe -@C:\\Users\\Tester\\AppData\\Local\\Temp\\0238
      89 00000000               .sect   ".text"
      90                      .clink
      91                      .global _cntrlPidSimple
      92              
      93              $C$DW$16        .dwtag  DW_TAG_subprogram, DW_AT_name("cntrlPidSimple")
      94                      .dwattr $C$DW$16, DW_AT_low_pc(_cntrlPidSimple)
      95                      .dwattr $C$DW$16, DW_AT_high_pc(0x00)
      96                      .dwattr $C$DW$16, DW_AT_TI_symbol_name("_cntrlPidSimple")
      97                      .dwattr $C$DW$16, DW_AT_external
      98                      .dwattr $C$DW$16, DW_AT_TI_begin_file("../OsCntrl/cntrlPidSimple.c")
      99                      .dwattr $C$DW$16, DW_AT_TI_begin_line(0x14)
     100                      .dwattr $C$DW$16, DW_AT_TI_begin_column(0x06)
     101                      .dwattr $C$DW$16, DW_AT_TI_max_frame_size(-8)
     102                      .dwpsn  file "../OsCntrl/cntrlPidSimple.c",line 20,column 26,is_stmt,address _cntrlPidSimple
     103              
     104                      .dwfde $C$DW$CIE, _cntrlPidSimple
     105              
     106              ;***************************************************************
     107              ;* FNAME: _cntrlPidSimple               FR SIZE:   6           *
     108              ;*                                                             *
     109              ;* FUNCTION ENVIRONMENT                                        *
     110              ;*                                                             *
TMS320C2000 Assembler PC v6.2.7 Thu Jul 02 08:31:17 2015

Tools Copyright (c) 1996-2014 Texas Instruments Incorporated
C:\Users\Tester\AppData\Local\Temp\0238410                           PAGE    3

     111              ;* FUNCTION PROPERTIES                                         *
     112              ;*                            2 Parameter,  4 Auto,  0 SOE     *
     113              ;***************************************************************
     114              
     115 00000000       _cntrlPidSimple:
     116                      .dwcfi  cfa_offset, -2
     117                      .dwcfi  save_reg_to_mem, 26, 0
     118                      .dwcfi  save_reg_to_reg, 78, 26
     119 00000000 FE06          ADDB      SP,#6                 ; [CPU_U] 
     120                      .dwcfi  cfa_offset, -8
     121              $C$DW$17        .dwtag  DW_TAG_variable, DW_AT_name("tmp")
     122                      .dwattr $C$DW$17, DW_AT_TI_symbol_name("_tmp")
     123                      .dwattr $C$DW$17, DW_AT_type(*$C$DW$T$16)
     124                      .dwattr $C$DW$17, DW_AT_location[DW_OP_breg20 -4]
     125              $C$DW$18        .dwtag  DW_TAG_variable, DW_AT_name("tmp1")
     126                      .dwattr $C$DW$18, DW_AT_TI_symbol_name("_tmp1")
     127                      .dwattr $C$DW$18, DW_AT_type(*$C$DW$T$16)
     128                      .dwattr $C$DW$18, DW_AT_location[DW_OP_breg20 -6]
     129                      .dwpsn  file "../OsCntrl/cntrlPidSimple.c",line 22,column 2,is_stmt
     130 00000001 FFEF          B         $C$L7,UNC             ; [CPU_] |22| 
         00000002 00AF 
     131                      ; branch occurs ; [] |22| 
     132 00000003       $C$L1:    
     133                      .dwpsn  file "../OsCntrl/cntrlPidSimple.c",line 25,column 4,is_stmt
     134 00000003 9A79          MOVB      AL,#121               ; [CPU_] |25| 
     135              $C$DW$19        .dwtag  DW_TAG_TI_branch
     136                      .dwattr $C$DW$19, DW_AT_low_pc(0x00)
     137                      .dwattr $C$DW$19, DW_AT_name("_getRegister")
     138                      .dwattr $C$DW$19, DW_AT_TI_call
     139 00000004 7640!         LCR       #_getRegister         ; [CPU_] |25| 
         00000005 0000 
     140                      ; call occurs [#_getRegister] ; [] |25| 
     141 00000006 3B01          SETC      SXM                   ; [CPU_] 
     142 00000007 85A9          MOV       ACC,AL                ; [CPU_] |25| 
     143 00000008 BDA9          MOV32     R0H,ACC               ; [CPU_] |25| 
         00000009 0F12 
     144 0000000a 7700          NOP       ; [CPU_] 
     145 0000000b 7700          NOP       ; [CPU_] 
     146 0000000c 7700          NOP       ; [CPU_] 
     147 0000000d 7700          NOP       ; [CPU_] 
     148 0000000e E689          I32TOF32  R0H,R0H               ; [CPU_] |25| 
         0000000f 0000 
     149 00000010 7700          NOP       ; [CPU_] 
     150 00000011 E203          MOV32     *-SP[4],R0H           ; [CPU_] |25| 
         00000012 0044 
     151                      .dwpsn  file "../OsCntrl/cntrlPidSimple.c",line 26,column 4,is_stmt
     152 00000013 9A78          MOVB      AL,#120               ; [CPU_] |26| 
     153              $C$DW$20        .dwtag  DW_TAG_TI_branch
     154                      .dwattr $C$DW$20, DW_AT_low_pc(0x00)
     155                      .dwattr $C$DW$20, DW_AT_name("_getRegister")
     156                      .dwattr $C$DW$20, DW_AT_TI_call
     157 00000014 7640!         LCR       #_getRegister         ; [CPU_] |26| 
         00000015 0000 
     158                      ; call occurs [#_getRegister] ; [] |26| 
     159 00000016 3B01          SETC      SXM                   ; [CPU_] 
TMS320C2000 Assembler PC v6.2.7 Thu Jul 02 08:31:17 2015

Tools Copyright (c) 1996-2014 Texas Instruments Incorporated
C:\Users\Tester\AppData\Local\Temp\0238410                           PAGE    4

     160 00000017 85A9          MOV       ACC,AL                ; [CPU_] |26| 
     161 00000018 BDA9          MOV32     R0H,ACC               ; [CPU_] |26| 
         00000019 0F12 
     162 0000001a 7700          NOP       ; [CPU_] 
     163 0000001b 7700          NOP       ; [CPU_] 
     164 0000001c 7700          NOP       ; [CPU_] 
     165 0000001d 7700          NOP       ; [CPU_] 
     166 0000001e E689          I32TOF32  R0H,R0H               ; [CPU_] |26| 
         0000001f 0000 
     167 00000020 7700          NOP       ; [CPU_] 
     168 00000021 E203          MOV32     *-SP[6],R0H           ; [CPU_] |26| 
         00000022 0046 
     169                      .dwpsn  file "../OsCntrl/cntrlPidSimple.c",line 27,column 4,is_stmt
     170 00000023 E2AF          MOV32     R0H,*-SP[4]           ; [CPU_] |27| 
         00000024 0044 
     171 00000025 E802          MOVIZ     R1H,#16672            ; [CPU_] |27| 
         00000026 0901 
     172              $C$DW$21        .dwtag  DW_TAG_TI_branch
     173                      .dwattr $C$DW$21, DW_AT_low_pc(0x00)
     174                      .dwattr $C$DW$21, DW_AT_name("FS$$DIV")
     175                      .dwattr $C$DW$21, DW_AT_TI_call
     176 00000027 7640!         LCR       #FS$$DIV              ; [CPU_] |27| 
         00000028 0000 
     177                      ; call occurs [#FS$$DIV] ; [] |27| 
     178 00000029 E203          MOV32     *-SP[4],R0H           ; [CPU_] |27| 
         0000002a 0044 
     179                      .dwpsn  file "../OsCntrl/cntrlPidSimple.c",line 28,column 4,is_stmt
     180 0000002b E2AF          MOV32     R0H,*-SP[6]           ; [CPU_] |28| 
         0000002c 0046 
     181 0000002d E802          MOVIZ     R1H,#16672            ; [CPU_] |28| 
         0000002e 0901 
     182              $C$DW$22        .dwtag  DW_TAG_TI_branch
     183                      .dwattr $C$DW$22, DW_AT_low_pc(0x00)
     184                      .dwattr $C$DW$22, DW_AT_name("FS$$DIV")
     185                      .dwattr $C$DW$22, DW_AT_TI_call
     186 0000002f 7640!         LCR       #FS$$DIV              ; [CPU_] |28| 
         00000030 0000 
     187                      ; call occurs [#FS$$DIV] ; [] |28| 
     188 00000031 E203          MOV32     *-SP[6],R0H           ; [CPU_] |28| 
         00000032 0046 
     189                      .dwpsn  file "../OsCntrl/cntrlPidSimple.c",line 29,column 4,is_stmt
     190 00000033 E2AF          MOV32     R1H,*-SP[4]           ; [CPU_] |29| 
         00000034 0144 
     191              $C$DW$23        .dwtag  DW_TAG_TI_branch
     192                      .dwattr $C$DW$23, DW_AT_low_pc(0x00)
     193                      .dwattr $C$DW$23, DW_AT_name("_setLimitOs")
     194                      .dwattr $C$DW$23, DW_AT_TI_call
     195 00000035 7640!         LCR       #_setLimitOs          ; [CPU_] |29| 
         00000036 0000 
     196                      ; call occurs [#_setLimitOs] ; [] |29| 
     197                      .dwpsn  file "../OsCntrl/cntrlPidSimple.c",line 30,column 4,is_stmt
     198              $C$DW$24        .dwtag  DW_TAG_TI_branch
     199                      .dwattr $C$DW$24, DW_AT_low_pc(0x00)
     200                      .dwattr $C$DW$24, DW_AT_name("_initPIDregulator")
     201                      .dwattr $C$DW$24, DW_AT_TI_call
TMS320C2000 Assembler PC v6.2.7 Thu Jul 02 08:31:17 2015

Tools Copyright (c) 1996-2014 Texas Instruments Incorporated
C:\Users\Tester\AppData\Local\Temp\0238410                           PAGE    5

     202 00000037 7640!         LCR       #_initPIDregulator    ; [CPU_] |30| 
         00000038 0000 
     203                      ; call occurs [#_initPIDregulator] ; [] |30| 
     204                      .dwpsn  file "../OsCntrl/cntrlPidSimple.c",line 31,column 4,is_stmt
     205 00000039 9A04          MOVB      AL,#4                 ; [CPU_] |31| 
     206              $C$DW$25        .dwtag  DW_TAG_TI_branch
     207                      .dwattr $C$DW$25, DW_AT_low_pc(0x00)
     208                      .dwattr $C$DW$25, DW_AT_name("_testStatusConvertor")
     209                      .dwattr $C$DW$25, DW_AT_TI_call
     210 0000003a 7640!         LCR       #_testStatusConvertor ; [CPU_] |31| 
         0000003b 0000 
     211                      ; call occurs [#_testStatusConvertor] ; [] |31| 
     212 0000003c 5200          CMPB      AL,#0                 ; [CPU_] |31| 
     213 0000003d EC0A          BF        $C$L2,EQ              ; [CPU_] |31| 
     214                      ; branchcc occurs ; [] |31| 
     215                      .dwpsn  file "../OsCntrl/cntrlPidSimple.c",line 32,column 5,is_stmt
     216 0000003e 761F-         MOVW      DP,#_stateSimplePid   ; [CPU_U] 
         0000003f 0000 
     217 00000040 56BF-         MOVB      @_stateSimplePid,#2,UNC ; [CPU_] |32| 
         00000041 0200 
     218                      .dwpsn  file "../OsCntrl/cntrlPidSimple.c",line 33,column 5,is_stmt
     219 00000042 E2AF          MOV32     R0H,*-SP[4]           ; [CPU_] |33| 
         00000043 0044 
     220              $C$DW$26        .dwtag  DW_TAG_TI_branch
     221                      .dwattr $C$DW$26, DW_AT_low_pc(0x00)
     222                      .dwattr $C$DW$26, DW_AT_name("_setFtaskOs")
     223                      .dwattr $C$DW$26, DW_AT_TI_call
     224 00000044 7640!         LCR       #_setFtaskOs          ; [CPU_] |33| 
         00000045 0000 
     225                      ; call occurs [#_setFtaskOs] ; [] |33| 
     226                      .dwpsn  file "../OsCntrl/cntrlPidSimple.c",line 34,column 4,is_stmt
     227 00000046 6F78          B         $C$L8,UNC             ; [CPU_] |34| 
     228                      ; branch occurs ; [] |34| 
     229 00000047       $C$L2:    
     230                      .dwpsn  file "../OsCntrl/cntrlPidSimple.c",line 35,column 5,is_stmt
     231 00000047 E590          ZERO      R0H                   ; [CPU_] |35| 
     232              $C$DW$27        .dwtag  DW_TAG_TI_branch
     233                      .dwattr $C$DW$27, DW_AT_low_pc(0x00)
     234                      .dwattr $C$DW$27, DW_AT_name("_setFtaskOs")
     235                      .dwattr $C$DW$27, DW_AT_TI_call
     236 00000048 7640!         LCR       #_setFtaskOs          ; [CPU_] |35| 
         00000049 0000 
     237                      ; call occurs [#_setFtaskOs] ; [] |35| 
     238                      .dwpsn  file "../OsCntrl/cntrlPidSimple.c",line 38,column 4,is_stmt
     239 0000004a 6F74          B         $C$L8,UNC             ; [CPU_] |38| 
     240                      ; branch occurs ; [] |38| 
     241 0000004b       $C$L3:    
     242                      .dwpsn  file "../OsCntrl/cntrlPidSimple.c",line 41,column 4,is_stmt
     243              $C$DW$28        .dwtag  DW_TAG_TI_branch
     244                      .dwattr $C$DW$28, DW_AT_low_pc(0x00)
     245                      .dwattr $C$DW$28, DW_AT_name("_getFtaskOs")
     246                      .dwattr $C$DW$28, DW_AT_TI_call
     247 0000004b 7640!         LCR       #_getFtaskOs          ; [CPU_] |41| 
         0000004c 0000 
     248                      ; call occurs [#_getFtaskOs] ; [] |41| 
TMS320C2000 Assembler PC v6.2.7 Thu Jul 02 08:31:17 2015

Tools Copyright (c) 1996-2014 Texas Instruments Incorporated
C:\Users\Tester\AppData\Local\Temp\0238410                           PAGE    6

     249 0000004d E203          MOV32     *-SP[6],R0H           ; [CPU_] |41| 
         0000004e 0046 
     250                      .dwpsn  file "../OsCntrl/cntrlPidSimple.c",line 42,column 4,is_stmt
     251              $C$DW$29        .dwtag  DW_TAG_TI_branch
     252                      .dwattr $C$DW$29, DW_AT_low_pc(0x00)
     253                      .dwattr $C$DW$29, DW_AT_name("_getInvertorFreq")
     254                      .dwattr $C$DW$29, DW_AT_TI_call
     255 0000004f 7640!         LCR       #_getInvertorFreq     ; [CPU_] |42| 
         00000050 0000 
     256                      ; call occurs [#_getInvertorFreq] ; [] |42| 
     257 00000051 E203          MOV32     *-SP[4],R0H           ; [CPU_] |42| 
         00000052 0044 
     258                      .dwpsn  file "../OsCntrl/cntrlPidSimple.c",line 43,column 4,is_stmt
     259 00000053 E2AF          MOV32     R0H,*-SP[6]           ; [CPU_] |43| 
         00000054 0046 
     260 00000055 E2AF          MOV32     R1H,*-SP[4]           ; [CPU_] |43| 
         00000056 0144 
     261 00000057 E694          CMPF32    R1H,R0H               ; [CPU_] |43| 
         00000058 0001 
     262 00000059 AD14          MOVST0    ZF, NF                ; [CPU_] |43| 
     263 0000005a 6464          B         $C$L8,LT              ; [CPU_] |43| 
     264                      ; branchcc occurs ; [] |43| 
     265                      .dwpsn  file "../OsCntrl/cntrlPidSimple.c",line 44,column 5,is_stmt
     266 0000005b 761F-         MOVW      DP,#_stateSimplePid   ; [CPU_U] 
         0000005c 0000 
     267 0000005d 56BF-         MOVB      @_stateSimplePid,#3,UNC ; [CPU_] |44| 
         0000005e 0300 
     268                      .dwpsn  file "../OsCntrl/cntrlPidSimple.c",line 45,column 4,is_stmt
     269 0000005f 6F5F          B         $C$L8,UNC             ; [CPU_] |45| 
     270                      ; branch occurs ; [] |45| 
     271 00000060       $C$L4:    
     272                      .dwpsn  file "../OsCntrl/cntrlPidSimple.c",line 48,column 4,is_stmt
     273 00000060 9A04          MOVB      AL,#4                 ; [CPU_] |48| 
     274              $C$DW$30        .dwtag  DW_TAG_TI_branch
     275                      .dwattr $C$DW$30, DW_AT_low_pc(0x00)
     276                      .dwattr $C$DW$30, DW_AT_name("_testStatusConvertor")
     277                      .dwattr $C$DW$30, DW_AT_TI_call
     278 00000061 7640!         LCR       #_testStatusConvertor ; [CPU_] |48| 
         00000062 0000 
     279                      ; call occurs [#_testStatusConvertor] ; [] |48| 
     280 00000063 5200          CMPB      AL,#0                 ; [CPU_] |48| 
     281 00000064 EC08          BF        $C$L5,EQ              ; [CPU_] |48| 
     282                      ; branchcc occurs ; [] |48| 
     283                      .dwpsn  file "../OsCntrl/cntrlPidSimple.c",line 49,column 5,is_stmt
     284              $C$DW$31        .dwtag  DW_TAG_TI_branch
     285                      .dwattr $C$DW$31, DW_AT_low_pc(0x00)
     286                      .dwattr $C$DW$31, DW_AT_name("_cntrlPIDregulator")
     287                      .dwattr $C$DW$31, DW_AT_TI_call
     288 00000065 7640!         LCR       #_cntrlPIDregulator   ; [CPU_] |49| 
         00000066 0000 
     289                      ; call occurs [#_cntrlPIDregulator] ; [] |49| 
     290                      .dwpsn  file "../OsCntrl/cntrlPidSimple.c",line 50,column 5,is_stmt
     291              $C$DW$32        .dwtag  DW_TAG_TI_branch
     292                      .dwattr $C$DW$32, DW_AT_low_pc(0x00)
     293                      .dwattr $C$DW$32, DW_AT_name("_getPidOs")
TMS320C2000 Assembler PC v6.2.7 Thu Jul 02 08:31:17 2015

Tools Copyright (c) 1996-2014 Texas Instruments Incorporated
C:\Users\Tester\AppData\Local\Temp\0238410                           PAGE    7

     294                      .dwattr $C$DW$32, DW_AT_TI_call
     295 00000067 7640!         LCR       #_getPidOs            ; [CPU_] |50| 
         00000068 0000 
     296                      ; call occurs [#_getPidOs] ; [] |50| 
     297              $C$DW$33        .dwtag  DW_TAG_TI_branch
     298                      .dwattr $C$DW$33, DW_AT_low_pc(0x00)
     299                      .dwattr $C$DW$33, DW_AT_name("_setFtaskOs")
     300                      .dwattr $C$DW$33, DW_AT_TI_call
     301 00000069 7640!         LCR       #_setFtaskOs          ; [CPU_] |50| 
         0000006a 0000 
     302                      ; call occurs [#_setFtaskOs] ; [] |50| 
     303                      .dwpsn  file "../OsCntrl/cntrlPidSimple.c",line 51,column 4,is_stmt
     304 0000006b 6F53          B         $C$L8,UNC             ; [CPU_] |51| 
     305                      ; branch occurs ; [] |51| 
     306 0000006c       $C$L5:    
     307                      .dwpsn  file "../OsCntrl/cntrlPidSimple.c",line 52,column 5,is_stmt
     308 0000006c 761F-         MOVW      DP,#_stateSimplePid   ; [CPU_U] 
         0000006d 0000 
     309 0000006e 56BF-         MOVB      @_stateSimplePid,#4,UNC ; [CPU_] |52| 
         0000006f 0400 
     310                      .dwpsn  file "../OsCntrl/cntrlPidSimple.c",line 53,column 5,is_stmt
     311 00000070 9A79          MOVB      AL,#121               ; [CPU_] |53| 
     312              $C$DW$34        .dwtag  DW_TAG_TI_branch
     313                      .dwattr $C$DW$34, DW_AT_low_pc(0x00)
     314                      .dwattr $C$DW$34, DW_AT_name("_getRegister")
     315                      .dwattr $C$DW$34, DW_AT_TI_call
     316 00000071 7640!         LCR       #_getRegister         ; [CPU_] |53| 
         00000072 0000 
     317                      ; call occurs [#_getRegister] ; [] |53| 
     318 00000073 3B01          SETC      SXM                   ; [CPU_] 
     319 00000074 85A9          MOV       ACC,AL                ; [CPU_] |53| 
     320 00000075 BDA9          MOV32     R0H,ACC               ; [CPU_] |53| 
         00000076 0F12 
     321 00000077 7700          NOP       ; [CPU_] 
     322 00000078 7700          NOP       ; [CPU_] 
     323 00000079 7700          NOP       ; [CPU_] 
     324 0000007a 7700          NOP       ; [CPU_] 
     325 0000007b E689          I32TOF32  R0H,R0H               ; [CPU_] |53| 
         0000007c 0000 
     326 0000007d 7700          NOP       ; [CPU_] 
     327 0000007e E203          MOV32     *-SP[4],R0H           ; [CPU_] |53| 
         0000007f 0044 
     328                      .dwpsn  file "../OsCntrl/cntrlPidSimple.c",line 54,column 5,is_stmt
     329 00000080 E802          MOVIZ     R1H,#16672            ; [CPU_] |54| 
         00000081 0901 
     330              $C$DW$35        .dwtag  DW_TAG_TI_branch
     331                      .dwattr $C$DW$35, DW_AT_low_pc(0x00)
     332                      .dwattr $C$DW$35, DW_AT_name("FS$$DIV")
     333                      .dwattr $C$DW$35, DW_AT_TI_call
     334 00000082 7640!         LCR       #FS$$DIV              ; [CPU_] |54| 
         00000083 0000 
     335                      ; call occurs [#FS$$DIV] ; [] |54| 
     336 00000084 E203          MOV32     *-SP[4],R0H           ; [CPU_] |54| 
         00000085 0044 
     337                      .dwpsn  file "../OsCntrl/cntrlPidSimple.c",line 55,column 5,is_stmt
TMS320C2000 Assembler PC v6.2.7 Thu Jul 02 08:31:17 2015

Tools Copyright (c) 1996-2014 Texas Instruments Incorporated
C:\Users\Tester\AppData\Local\Temp\0238410                           PAGE    8

     338              $C$DW$36        .dwtag  DW_TAG_TI_branch
     339                      .dwattr $C$DW$36, DW_AT_low_pc(0x00)
     340                      .dwattr $C$DW$36, DW_AT_name("_setFtaskOs")
     341                      .dwattr $C$DW$36, DW_AT_TI_call
     342 00000086 7640!         LCR       #_setFtaskOs          ; [CPU_] |55| 
         00000087 0000 
     343                      ; call occurs [#_setFtaskOs] ; [] |55| 
     344                      .dwpsn  file "../OsCntrl/cntrlPidSimple.c",line 57,column 4,is_stmt
     345 00000088 6F36          B         $C$L8,UNC             ; [CPU_] |57| 
     346                      ; branch occurs ; [] |57| 
     347 00000089       $C$L6:    
     348                      .dwpsn  file "../OsCntrl/cntrlPidSimple.c",line 60,column 4,is_stmt
     349 00000089 9A79          MOVB      AL,#121               ; [CPU_] |60| 
     350              $C$DW$37        .dwtag  DW_TAG_TI_branch
     351                      .dwattr $C$DW$37, DW_AT_low_pc(0x00)
     352                      .dwattr $C$DW$37, DW_AT_name("_getRegister")
     353                      .dwattr $C$DW$37, DW_AT_TI_call
     354 0000008a 7640!         LCR       #_getRegister         ; [CPU_] |60| 
         0000008b 0000 
     355                      ; call occurs [#_getRegister] ; [] |60| 
     356 0000008c 3B01          SETC      SXM                   ; [CPU_] 
     357 0000008d 85A9          MOV       ACC,AL                ; [CPU_] |60| 
     358 0000008e BDA9          MOV32     R0H,ACC               ; [CPU_] |60| 
         0000008f 0F12 
     359 00000090 7700          NOP       ; [CPU_] 
     360 00000091 7700          NOP       ; [CPU_] 
     361 00000092 7700          NOP       ; [CPU_] 
     362 00000093 7700          NOP       ; [CPU_] 
     363 00000094 E689          I32TOF32  R0H,R0H               ; [CPU_] |60| 
         00000095 0000 
     364 00000096 7700          NOP       ; [CPU_] 
     365 00000097 E203          MOV32     *-SP[6],R0H           ; [CPU_] |60| 
         00000098 0046 
     366                      .dwpsn  file "../OsCntrl/cntrlPidSimple.c",line 61,column 4,is_stmt
     367 00000099 E802          MOVIZ     R1H,#16672            ; [CPU_] |61| 
         0000009a 0901 
     368              $C$DW$38        .dwtag  DW_TAG_TI_branch
     369                      .dwattr $C$DW$38, DW_AT_low_pc(0x00)
     370                      .dwattr $C$DW$38, DW_AT_name("FS$$DIV")
     371                      .dwattr $C$DW$38, DW_AT_TI_call
     372 0000009b 7640!         LCR       #FS$$DIV              ; [CPU_] |61| 
         0000009c 0000 
     373                      ; call occurs [#FS$$DIV] ; [] |61| 
     374 0000009d E203          MOV32     *-SP[6],R0H           ; [CPU_] |61| 
         0000009e 0046 
     375                      .dwpsn  file "../OsCntrl/cntrlPidSimple.c",line 62,column 4,is_stmt
     376              $C$DW$39        .dwtag  DW_TAG_TI_branch
     377                      .dwattr $C$DW$39, DW_AT_low_pc(0x00)
     378                      .dwattr $C$DW$39, DW_AT_name("_getInvertorFreq")
     379                      .dwattr $C$DW$39, DW_AT_TI_call
     380 0000009f 7640!         LCR       #_getInvertorFreq     ; [CPU_] |62| 
         000000a0 0000 
     381                      ; call occurs [#_getInvertorFreq] ; [] |62| 
     382 000000a1 E203          MOV32     *-SP[4],R0H           ; [CPU_] |62| 
         000000a2 0044 
TMS320C2000 Assembler PC v6.2.7 Thu Jul 02 08:31:17 2015

Tools Copyright (c) 1996-2014 Texas Instruments Incorporated
C:\Users\Tester\AppData\Local\Temp\0238410                           PAGE    9

     383                      .dwpsn  file "../OsCntrl/cntrlPidSimple.c",line 63,column 4,is_stmt
     384 000000a3 E2AF          MOV32     R0H,*-SP[6]           ; [CPU_] |63| 
         000000a4 0046 
     385 000000a5 E2AF          MOV32     R1H,*-SP[4]           ; [CPU_] |63| 
         000000a6 0144 
     386 000000a7 E694          CMPF32    R1H,R0H               ; [CPU_] |63| 
         000000a8 0001 
     387 000000a9 AD14          MOVST0    ZF, NF                ; [CPU_] |63| 
     388 000000aa 6214          B         $C$L8,GT              ; [CPU_] |63| 
     389                      ; branchcc occurs ; [] |63| 
     390                      .dwpsn  file "../OsCntrl/cntrlPidSimple.c",line 64,column 5,is_stmt
     391 000000ab 761F-         MOVW      DP,#_stateSimplePid   ; [CPU_U] 
         000000ac 0000 
     392 000000ad 56BF-         MOVB      @_stateSimplePid,#1,UNC ; [CPU_] |64| 
         000000ae 0100 
     393                      .dwpsn  file "../OsCntrl/cntrlPidSimple.c",line 66,column 4,is_stmt
     394 000000af 6F0F          B         $C$L8,UNC             ; [CPU_] |66| 
     395                      ; branch occurs ; [] |66| 
     396 000000b0       $C$L7:    
     397                      .dwpsn  file "../OsCntrl/cntrlPidSimple.c",line 22,column 2,is_stmt
     398 000000b0 761F-         MOVW      DP,#_stateSimplePid   ; [CPU_U] 
         000000b1 0000 
     399 000000b2 9200-         MOV       AL,@_stateSimplePid   ; [CPU_] |22| 
     400 000000b3 5201          CMPB      AL,#1                 ; [CPU_] |22| 
     401 000000b4 56C1          BF        $C$L1,EQ              ; [CPU_] |22| 
         000000b5 FF4F 
     402                      ; branchcc occurs ; [] |22| 
     403 000000b6 5202          CMPB      AL,#2                 ; [CPU_] |22| 
     404 000000b7 EC94          BF        $C$L3,EQ              ; [CPU_] |22| 
     405                      ; branchcc occurs ; [] |22| 
     406 000000b8 5203          CMPB      AL,#3                 ; [CPU_] |22| 
     407 000000b9 ECA7          BF        $C$L4,EQ              ; [CPU_] |22| 
     408                      ; branchcc occurs ; [] |22| 
     409 000000ba 5204          CMPB      AL,#4                 ; [CPU_] |22| 
     410 000000bb ECCE          BF        $C$L6,EQ              ; [CPU_] |22| 
     411                      ; branchcc occurs ; [] |22| 
     412 000000bc FFEF          B         $C$L1,UNC             ; [CPU_] |22| 
         000000bd FF47 
     413                      ; branch occurs ; [] |22| 
     414 000000be       $C$L8:    
     415 000000be FE86          SUBB      SP,#6                 ; [CPU_U] 
     416                      .dwcfi  cfa_offset, -2
     417              $C$DW$40        .dwtag  DW_TAG_TI_branch
     418                      .dwattr $C$DW$40, DW_AT_low_pc(0x00)
     419                      .dwattr $C$DW$40, DW_AT_TI_return
     420 000000bf 0006          LRETR     ; [CPU_] 
     421                      ; return occurs ; [] 
     422                      .dwattr $C$DW$16, DW_AT_TI_end_file("../OsCntrl/cntrlPidSimple.c")
     423                      .dwattr $C$DW$16, DW_AT_TI_end_line(0x45)
     424                      .dwattr $C$DW$16, DW_AT_TI_end_column(0x01)
     425                      .dwendentry
     426                      .dwendtag $C$DW$16
     427              
     428 000000c0               .sect   ".text"
     429                      .clink
TMS320C2000 Assembler PC v6.2.7 Thu Jul 02 08:31:17 2015

Tools Copyright (c) 1996-2014 Texas Instruments Incorporated
C:\Users\Tester\AppData\Local\Temp\0238410                           PAGE   10

     430                      .global _initPidCntrlSimple
     431              
     432              $C$DW$41        .dwtag  DW_TAG_subprogram, DW_AT_name("initPidCntrlSimple")
     433                      .dwattr $C$DW$41, DW_AT_low_pc(_initPidCntrlSimple)
     434                      .dwattr $C$DW$41, DW_AT_high_pc(0x00)
     435                      .dwattr $C$DW$41, DW_AT_TI_symbol_name("_initPidCntrlSimple")
     436                      .dwattr $C$DW$41, DW_AT_external
     437                      .dwattr $C$DW$41, DW_AT_TI_begin_file("../OsCntrl/cntrlPidSimple.c")
     438                      .dwattr $C$DW$41, DW_AT_TI_begin_line(0x47)
     439                      .dwattr $C$DW$41, DW_AT_TI_begin_column(0x06)
     440                      .dwattr $C$DW$41, DW_AT_TI_max_frame_size(-2)
     441                      .dwpsn  file "../OsCntrl/cntrlPidSimple.c",line 71,column 30,is_stmt,address _initPidCntrlSimple
     442              
     443                      .dwfde $C$DW$CIE, _initPidCntrlSimple
     444              
     445              ;***************************************************************
     446              ;* FNAME: _initPidCntrlSimple           FR SIZE:   0           *
     447              ;*                                                             *
     448              ;* FUNCTION ENVIRONMENT                                        *
     449              ;*                                                             *
     450              ;* FUNCTION PROPERTIES                                         *
     451              ;*                            0 Parameter,  0 Auto,  0 SOE     *
     452              ;***************************************************************
     453              
     454 000000c0       _initPidCntrlSimple:
     455                      .dwcfi  cfa_offset, -2
     456                      .dwcfi  save_reg_to_mem, 26, 0
     457                      .dwcfi  save_reg_to_reg, 78, 26
     458                      .dwpsn  file "../OsCntrl/cntrlPidSimple.c",line 72,column 2,is_stmt
     459 000000c0 761F-         MOVW      DP,#_stateSimplePid   ; [CPU_U] 
         000000c1 0000 
     460 000000c2 56BF-         MOVB      @_stateSimplePid,#1,UNC ; [CPU_] |72| 
         000000c3 0100 
     461                      .dwpsn  file "../OsCntrl/cntrlPidSimple.c",line 73,column 1,is_stmt
     462              $C$DW$42        .dwtag  DW_TAG_TI_branch
     463                      .dwattr $C$DW$42, DW_AT_low_pc(0x00)
     464                      .dwattr $C$DW$42, DW_AT_TI_return
     465 000000c4 0006          LRETR     ; [CPU_] 
     466                      ; return occurs ; [] 
     467                      .dwattr $C$DW$41, DW_AT_TI_end_file("../OsCntrl/cntrlPidSimple.c")
     468                      .dwattr $C$DW$41, DW_AT_TI_end_line(0x49)
     469                      .dwattr $C$DW$41, DW_AT_TI_end_column(0x01)
     470                      .dwendentry
     471                      .dwendtag $C$DW$41
     472              
     473              ;**************************************************************
     474              ;* UNDEFINED EXTERNAL REFERENCES                              *
     475              ;**************************************************************
     476                      .global _initPIDregulator
     477                      .global _cntrlPIDregulator
     478                      .global _setFtaskOs
     479                      .global _setLimitOs
     480                      .global _getRegister
     481                      .global _testStatusConvertor
     482                      .global _getPidOs
TMS320C2000 Assembler PC v6.2.7 Thu Jul 02 08:31:17 2015

Tools Copyright (c) 1996-2014 Texas Instruments Incorporated
C:\Users\Tester\AppData\Local\Temp\0238410                           PAGE   11

     483                      .global _getInvertorFreq
     484                      .global _getFtaskOs
     485                      .global FS$$DIV
     486              
     487              ;***************************************************************
     488              ;* TYPE INFORMATION                                            *
     489              ;***************************************************************
     490              $C$DW$T$4       .dwtag  DW_TAG_base_type
     491                      .dwattr $C$DW$T$4, DW_AT_encoding(DW_ATE_boolean)
     492                      .dwattr $C$DW$T$4, DW_AT_name("bool")
     493                      .dwattr $C$DW$T$4, DW_AT_byte_size(0x01)
     494              $C$DW$T$5       .dwtag  DW_TAG_base_type
     495                      .dwattr $C$DW$T$5, DW_AT_encoding(DW_ATE_signed_char)
     496                      .dwattr $C$DW$T$5, DW_AT_name("signed char")
     497                      .dwattr $C$DW$T$5, DW_AT_byte_size(0x01)
     498              $C$DW$T$6       .dwtag  DW_TAG_base_type
     499                      .dwattr $C$DW$T$6, DW_AT_encoding(DW_ATE_unsigned_char)
     500                      .dwattr $C$DW$T$6, DW_AT_name("unsigned char")
     501                      .dwattr $C$DW$T$6, DW_AT_byte_size(0x01)
     502              $C$DW$T$7       .dwtag  DW_TAG_base_type
     503                      .dwattr $C$DW$T$7, DW_AT_encoding(DW_ATE_signed_char)
     504                      .dwattr $C$DW$T$7, DW_AT_name("wchar_t")
     505                      .dwattr $C$DW$T$7, DW_AT_byte_size(0x01)
     506              $C$DW$T$8       .dwtag  DW_TAG_base_type
     507                      .dwattr $C$DW$T$8, DW_AT_encoding(DW_ATE_signed)
     508                      .dwattr $C$DW$T$8, DW_AT_name("short")
     509                      .dwattr $C$DW$T$8, DW_AT_byte_size(0x01)
     510              $C$DW$T$9       .dwtag  DW_TAG_base_type
     511                      .dwattr $C$DW$T$9, DW_AT_encoding(DW_ATE_unsigned)
     512                      .dwattr $C$DW$T$9, DW_AT_name("unsigned short")
     513                      .dwattr $C$DW$T$9, DW_AT_byte_size(0x01)
     514              $C$DW$T$10      .dwtag  DW_TAG_base_type
     515                      .dwattr $C$DW$T$10, DW_AT_encoding(DW_ATE_signed)
     516                      .dwattr $C$DW$T$10, DW_AT_name("int")
     517                      .dwattr $C$DW$T$10, DW_AT_byte_size(0x01)
     518              $C$DW$T$11      .dwtag  DW_TAG_base_type
     519                      .dwattr $C$DW$T$11, DW_AT_encoding(DW_ATE_unsigned)
     520                      .dwattr $C$DW$T$11, DW_AT_name("unsigned int")
     521                      .dwattr $C$DW$T$11, DW_AT_byte_size(0x01)
     522              $C$DW$T$28      .dwtag  DW_TAG_typedef, DW_AT_name("UINT16")
     523                      .dwattr $C$DW$T$28, DW_AT_type(*$C$DW$T$11)
     524                      .dwattr $C$DW$T$28, DW_AT_language(DW_LANG_C)
     525              $C$DW$T$29      .dwtag  DW_TAG_typedef, DW_AT_name("UINT8")
     526                      .dwattr $C$DW$T$29, DW_AT_type(*$C$DW$T$11)
     527                      .dwattr $C$DW$T$29, DW_AT_language(DW_LANG_C)
     528              $C$DW$T$12      .dwtag  DW_TAG_base_type
     529                      .dwattr $C$DW$T$12, DW_AT_encoding(DW_ATE_signed)
     530                      .dwattr $C$DW$T$12, DW_AT_name("long")
     531                      .dwattr $C$DW$T$12, DW_AT_byte_size(0x02)
     532              $C$DW$T$13      .dwtag  DW_TAG_base_type
     533                      .dwattr $C$DW$T$13, DW_AT_encoding(DW_ATE_unsigned)
     534                      .dwattr $C$DW$T$13, DW_AT_name("unsigned long")
     535                      .dwattr $C$DW$T$13, DW_AT_byte_size(0x02)
     536              $C$DW$T$14      .dwtag  DW_TAG_base_type
     537                      .dwattr $C$DW$T$14, DW_AT_encoding(DW_ATE_signed)
TMS320C2000 Assembler PC v6.2.7 Thu Jul 02 08:31:17 2015

Tools Copyright (c) 1996-2014 Texas Instruments Incorporated
C:\Users\Tester\AppData\Local\Temp\0238410                           PAGE   12

     538                      .dwattr $C$DW$T$14, DW_AT_name("long long")
     539                      .dwattr $C$DW$T$14, DW_AT_byte_size(0x04)
     540              $C$DW$T$15      .dwtag  DW_TAG_base_type
     541                      .dwattr $C$DW$T$15, DW_AT_encoding(DW_ATE_unsigned)
     542                      .dwattr $C$DW$T$15, DW_AT_name("unsigned long long")
     543                      .dwattr $C$DW$T$15, DW_AT_byte_size(0x04)
     544              $C$DW$T$16      .dwtag  DW_TAG_base_type
     545                      .dwattr $C$DW$T$16, DW_AT_encoding(DW_ATE_float)
     546                      .dwattr $C$DW$T$16, DW_AT_name("float")
     547                      .dwattr $C$DW$T$16, DW_AT_byte_size(0x02)
     548              $C$DW$T$17      .dwtag  DW_TAG_base_type
     549                      .dwattr $C$DW$T$17, DW_AT_encoding(DW_ATE_float)
     550                      .dwattr $C$DW$T$17, DW_AT_name("double")
     551                      .dwattr $C$DW$T$17, DW_AT_byte_size(0x02)
     552              $C$DW$T$18      .dwtag  DW_TAG_base_type
     553                      .dwattr $C$DW$T$18, DW_AT_encoding(DW_ATE_float)
     554                      .dwattr $C$DW$T$18, DW_AT_name("long double")
     555                      .dwattr $C$DW$T$18, DW_AT_byte_size(0x04)
     556                      .dwattr $C$DW$CU, DW_AT_language(DW_LANG_C)
     557              
     558              ;***************************************************************
     559              ;* DWARF CIE ENTRIES                                           *
     560              ;***************************************************************
     561              
     562              $C$DW$CIE       .dwcie 78
     563                      .dwcfi  cfa_register, 20
     564                      .dwcfi  cfa_offset, 0
     565                      .dwcfi  undefined, 0
     566                      .dwcfi  undefined, 1
     567                      .dwcfi  undefined, 2
     568                      .dwcfi  undefined, 3
     569                      .dwcfi  undefined, 20
     570                      .dwcfi  undefined, 21
     571                      .dwcfi  undefined, 22
     572                      .dwcfi  undefined, 23
     573                      .dwcfi  undefined, 24
     574                      .dwcfi  undefined, 25
     575                      .dwcfi  undefined, 26
     576                      .dwcfi  same_value, 28
     577                      .dwcfi  undefined, 29
     578                      .dwcfi  undefined, 30
     579                      .dwcfi  undefined, 31
     580                      .dwcfi  undefined, 32
     581                      .dwcfi  undefined, 33
     582                      .dwcfi  undefined, 34
     583                      .dwcfi  undefined, 35
     584                      .dwcfi  undefined, 36
     585                      .dwcfi  undefined, 37
     586                      .dwcfi  undefined, 38
     587                      .dwcfi  undefined, 75
     588                      .dwcfi  undefined, 76
     589                      .dwcfi  undefined, 77
     590                      .dwcfi  undefined, 4
     591                      .dwcfi  same_value, 6
     592                      .dwcfi  same_value, 8
TMS320C2000 Assembler PC v6.2.7 Thu Jul 02 08:31:17 2015

Tools Copyright (c) 1996-2014 Texas Instruments Incorporated
C:\Users\Tester\AppData\Local\Temp\0238410                           PAGE   13

     593                      .dwcfi  same_value, 10
     594                      .dwcfi  undefined, 12
     595                      .dwcfi  undefined, 14
     596                      .dwcfi  undefined, 16
     597                      .dwcfi  undefined, 17
     598                      .dwcfi  undefined, 18
     599                      .dwcfi  undefined, 19
     600                      .dwcfi  undefined, 5
     601                      .dwcfi  same_value, 7
     602                      .dwcfi  same_value, 9
     603                      .dwcfi  same_value, 11
     604                      .dwcfi  undefined, 13
     605                      .dwcfi  undefined, 15
     606                      .dwcfi  undefined, 43
     607                      .dwcfi  undefined, 44
     608                      .dwcfi  undefined, 47
     609                      .dwcfi  undefined, 48
     610                      .dwcfi  undefined, 51
     611                      .dwcfi  undefined, 52
     612                      .dwcfi  undefined, 55
     613                      .dwcfi  undefined, 56
     614                      .dwcfi  same_value, 59
     615                      .dwcfi  same_value, 60
     616                      .dwcfi  same_value, 63
     617                      .dwcfi  same_value, 64
     618                      .dwcfi  same_value, 67
     619                      .dwcfi  same_value, 68
     620                      .dwcfi  same_value, 71
     621                      .dwcfi  same_value, 72
     622                      .dwcfi  undefined, 73
     623                      .dwcfi  undefined, 74
     624                      .dwcfi  undefined, 39
     625                      .dwcfi  undefined, 40
     626                      .dwcfi  undefined, 27
     627                      .dwcfi  undefined, 78
     628                      .dwendentry
     629              
     630              ;***************************************************************
     631              ;* DWARF REGISTER MAP                                          *
     632              ;***************************************************************
     633              
     634              $C$DW$43        .dwtag  DW_TAG_TI_assign_register, DW_AT_name("AL")
     635                      .dwattr $C$DW$43, DW_AT_location[DW_OP_reg0]
     636              $C$DW$44        .dwtag  DW_TAG_TI_assign_register, DW_AT_name("AH")
     637                      .dwattr $C$DW$44, DW_AT_location[DW_OP_reg1]
     638              $C$DW$45        .dwtag  DW_TAG_TI_assign_register, DW_AT_name("PL")
     639                      .dwattr $C$DW$45, DW_AT_location[DW_OP_reg2]
     640              $C$DW$46        .dwtag  DW_TAG_TI_assign_register, DW_AT_name("PH")
     641                      .dwattr $C$DW$46, DW_AT_location[DW_OP_reg3]
     642              $C$DW$47        .dwtag  DW_TAG_TI_assign_register, DW_AT_name("SP")
     643                      .dwattr $C$DW$47, DW_AT_location[DW_OP_reg20]
     644              $C$DW$48        .dwtag  DW_TAG_TI_assign_register, DW_AT_name("XT")
     645                      .dwattr $C$DW$48, DW_AT_location[DW_OP_reg21]
     646              $C$DW$49        .dwtag  DW_TAG_TI_assign_register, DW_AT_name("T")
     647                      .dwattr $C$DW$49, DW_AT_location[DW_OP_reg22]
TMS320C2000 Assembler PC v6.2.7 Thu Jul 02 08:31:17 2015

Tools Copyright (c) 1996-2014 Texas Instruments Incorporated
C:\Users\Tester\AppData\Local\Temp\0238410                           PAGE   14

     648              $C$DW$50        .dwtag  DW_TAG_TI_assign_register, DW_AT_name("ST0")
     649                      .dwattr $C$DW$50, DW_AT_location[DW_OP_reg23]
     650              $C$DW$51        .dwtag  DW_TAG_TI_assign_register, DW_AT_name("ST1")
     651                      .dwattr $C$DW$51, DW_AT_location[DW_OP_reg24]
     652              $C$DW$52        .dwtag  DW_TAG_TI_assign_register, DW_AT_name("PC")
     653                      .dwattr $C$DW$52, DW_AT_location[DW_OP_reg25]
     654              $C$DW$53        .dwtag  DW_TAG_TI_assign_register, DW_AT_name("RPC")
     655                      .dwattr $C$DW$53, DW_AT_location[DW_OP_reg26]
     656              $C$DW$54        .dwtag  DW_TAG_TI_assign_register, DW_AT_name("FP")
     657                      .dwattr $C$DW$54, DW_AT_location[DW_OP_reg28]
     658              $C$DW$55        .dwtag  DW_TAG_TI_assign_register, DW_AT_name("DP")
     659                      .dwattr $C$DW$55, DW_AT_location[DW_OP_reg29]
     660              $C$DW$56        .dwtag  DW_TAG_TI_assign_register, DW_AT_name("SXM")
     661                      .dwattr $C$DW$56, DW_AT_location[DW_OP_reg30]
     662              $C$DW$57        .dwtag  DW_TAG_TI_assign_register, DW_AT_name("PM")
     663                      .dwattr $C$DW$57, DW_AT_location[DW_OP_reg31]
     664              $C$DW$58        .dwtag  DW_TAG_TI_assign_register, DW_AT_name("OVM")
     665                      .dwattr $C$DW$58, DW_AT_location[DW_OP_regx 0x20]
     666              $C$DW$59        .dwtag  DW_TAG_TI_assign_register, DW_AT_name("PAGE0")
     667                      .dwattr $C$DW$59, DW_AT_location[DW_OP_regx 0x21]
     668              $C$DW$60        .dwtag  DW_TAG_TI_assign_register, DW_AT_name("AMODE")
     669                      .dwattr $C$DW$60, DW_AT_location[DW_OP_regx 0x22]
     670              $C$DW$61        .dwtag  DW_TAG_TI_assign_register, DW_AT_name("INTM")
     671                      .dwattr $C$DW$61, DW_AT_location[DW_OP_regx 0x23]
     672              $C$DW$62        .dwtag  DW_TAG_TI_assign_register, DW_AT_name("IFR")
     673                      .dwattr $C$DW$62, DW_AT_location[DW_OP_regx 0x24]
     674              $C$DW$63        .dwtag  DW_TAG_TI_assign_register, DW_AT_name("IER")
     675                      .dwattr $C$DW$63, DW_AT_location[DW_OP_regx 0x25]
     676              $C$DW$64        .dwtag  DW_TAG_TI_assign_register, DW_AT_name("V")
     677                      .dwattr $C$DW$64, DW_AT_location[DW_OP_regx 0x26]
     678              $C$DW$65        .dwtag  DW_TAG_TI_assign_register, DW_AT_name("PSEUDOH")
     679                      .dwattr $C$DW$65, DW_AT_location[DW_OP_regx 0x4c]
     680              $C$DW$66        .dwtag  DW_TAG_TI_assign_register, DW_AT_name("VOL")
     681                      .dwattr $C$DW$66, DW_AT_location[DW_OP_regx 0x4d]
     682              $C$DW$67        .dwtag  DW_TAG_TI_assign_register, DW_AT_name("AR0")
     683                      .dwattr $C$DW$67, DW_AT_location[DW_OP_reg4]
     684              $C$DW$68        .dwtag  DW_TAG_TI_assign_register, DW_AT_name("AR1")
     685                      .dwattr $C$DW$68, DW_AT_location[DW_OP_reg6]
     686              $C$DW$69        .dwtag  DW_TAG_TI_assign_register, DW_AT_name("AR2")
     687                      .dwattr $C$DW$69, DW_AT_location[DW_OP_reg8]
     688              $C$DW$70        .dwtag  DW_TAG_TI_assign_register, DW_AT_name("AR3")
     689                      .dwattr $C$DW$70, DW_AT_location[DW_OP_reg10]
     690              $C$DW$71        .dwtag  DW_TAG_TI_assign_register, DW_AT_name("AR4")
     691                      .dwattr $C$DW$71, DW_AT_location[DW_OP_reg12]
     692              $C$DW$72        .dwtag  DW_TAG_TI_assign_register, DW_AT_name("AR5")
     693                      .dwattr $C$DW$72, DW_AT_location[DW_OP_reg14]
     694              $C$DW$73        .dwtag  DW_TAG_TI_assign_register, DW_AT_name("AR6")
     695                      .dwattr $C$DW$73, DW_AT_location[DW_OP_reg16]
     696              $C$DW$74        .dwtag  DW_TAG_TI_assign_register, DW_AT_name("XAR6")
     697                      .dwattr $C$DW$74, DW_AT_location[DW_OP_reg17]
     698              $C$DW$75        .dwtag  DW_TAG_TI_assign_register, DW_AT_name("AR7")
     699                      .dwattr $C$DW$75, DW_AT_location[DW_OP_reg18]
     700              $C$DW$76        .dwtag  DW_TAG_TI_assign_register, DW_AT_name("XAR7")
     701                      .dwattr $C$DW$76, DW_AT_location[DW_OP_reg19]
     702              $C$DW$77        .dwtag  DW_TAG_TI_assign_register, DW_AT_name("XAR0")
TMS320C2000 Assembler PC v6.2.7 Thu Jul 02 08:31:17 2015

Tools Copyright (c) 1996-2014 Texas Instruments Incorporated
C:\Users\Tester\AppData\Local\Temp\0238410                           PAGE   15

     703                      .dwattr $C$DW$77, DW_AT_location[DW_OP_reg5]
     704              $C$DW$78        .dwtag  DW_TAG_TI_assign_register, DW_AT_name("XAR1")
     705                      .dwattr $C$DW$78, DW_AT_location[DW_OP_reg7]
     706              $C$DW$79        .dwtag  DW_TAG_TI_assign_register, DW_AT_name("XAR2")
     707                      .dwattr $C$DW$79, DW_AT_location[DW_OP_reg9]
     708              $C$DW$80        .dwtag  DW_TAG_TI_assign_register, DW_AT_name("XAR3")
     709                      .dwattr $C$DW$80, DW_AT_location[DW_OP_reg11]
     710              $C$DW$81        .dwtag  DW_TAG_TI_assign_register, DW_AT_name("XAR4")
     711                      .dwattr $C$DW$81, DW_AT_location[DW_OP_reg13]
     712              $C$DW$82        .dwtag  DW_TAG_TI_assign_register, DW_AT_name("XAR5")
     713                      .dwattr $C$DW$82, DW_AT_location[DW_OP_reg15]
     714              $C$DW$83        .dwtag  DW_TAG_TI_assign_register, DW_AT_name("R0HL")
     715                      .dwattr $C$DW$83, DW_AT_location[DW_OP_regx 0x2b]
     716              $C$DW$84        .dwtag  DW_TAG_TI_assign_register, DW_AT_name("R0H")
     717                      .dwattr $C$DW$84, DW_AT_location[DW_OP_regx 0x2c]
     718              $C$DW$85        .dwtag  DW_TAG_TI_assign_register, DW_AT_name("R1HL")
     719                      .dwattr $C$DW$85, DW_AT_location[DW_OP_regx 0x2f]
     720              $C$DW$86        .dwtag  DW_TAG_TI_assign_register, DW_AT_name("R1H")
     721                      .dwattr $C$DW$86, DW_AT_location[DW_OP_regx 0x30]
     722              $C$DW$87        .dwtag  DW_TAG_TI_assign_register, DW_AT_name("R2HL")
     723                      .dwattr $C$DW$87, DW_AT_location[DW_OP_regx 0x33]
     724              $C$DW$88        .dwtag  DW_TAG_TI_assign_register, DW_AT_name("R2H")
     725                      .dwattr $C$DW$88, DW_AT_location[DW_OP_regx 0x34]
     726              $C$DW$89        .dwtag  DW_TAG_TI_assign_register, DW_AT_name("R3HL")
     727                      .dwattr $C$DW$89, DW_AT_location[DW_OP_regx 0x37]
     728              $C$DW$90        .dwtag  DW_TAG_TI_assign_register, DW_AT_name("R3H")
     729                      .dwattr $C$DW$90, DW_AT_location[DW_OP_regx 0x38]
     730              $C$DW$91        .dwtag  DW_TAG_TI_assign_register, DW_AT_name("R4HL")
     731                      .dwattr $C$DW$91, DW_AT_location[DW_OP_regx 0x3b]
     732              $C$DW$92        .dwtag  DW_TAG_TI_assign_register, DW_AT_name("R4H")
     733                      .dwattr $C$DW$92, DW_AT_location[DW_OP_regx 0x3c]
     734              $C$DW$93        .dwtag  DW_TAG_TI_assign_register, DW_AT_name("R5HL")
     735                      .dwattr $C$DW$93, DW_AT_location[DW_OP_regx 0x3f]
     736              $C$DW$94        .dwtag  DW_TAG_TI_assign_register, DW_AT_name("R5H")
     737                      .dwattr $C$DW$94, DW_AT_location[DW_OP_regx 0x40]
     738              $C$DW$95        .dwtag  DW_TAG_TI_assign_register, DW_AT_name("R6HL")
     739                      .dwattr $C$DW$95, DW_AT_location[DW_OP_regx 0x43]
     740              $C$DW$96        .dwtag  DW_TAG_TI_assign_register, DW_AT_name("R6H")
     741                      .dwattr $C$DW$96, DW_AT_location[DW_OP_regx 0x44]
     742              $C$DW$97        .dwtag  DW_TAG_TI_assign_register, DW_AT_name("R7HL")
     743                      .dwattr $C$DW$97, DW_AT_location[DW_OP_regx 0x47]
     744              $C$DW$98        .dwtag  DW_TAG_TI_assign_register, DW_AT_name("R7H")
     745                      .dwattr $C$DW$98, DW_AT_location[DW_OP_regx 0x48]
     746              $C$DW$99        .dwtag  DW_TAG_TI_assign_register, DW_AT_name("RBL")
     747                      .dwattr $C$DW$99, DW_AT_location[DW_OP_regx 0x49]
     748              $C$DW$100       .dwtag  DW_TAG_TI_assign_register, DW_AT_name("RB")
     749                      .dwattr $C$DW$100, DW_AT_location[DW_OP_regx 0x4a]
     750              $C$DW$101       .dwtag  DW_TAG_TI_assign_register, DW_AT_name("STFL")
     751                      .dwattr $C$DW$101, DW_AT_location[DW_OP_regx 0x27]
     752              $C$DW$102       .dwtag  DW_TAG_TI_assign_register, DW_AT_name("STF")
     753                      .dwattr $C$DW$102, DW_AT_location[DW_OP_regx 0x28]
     754              $C$DW$103       .dwtag  DW_TAG_TI_assign_register, DW_AT_name("FPUHAZ")
     755                      .dwattr $C$DW$103, DW_AT_location[DW_OP_reg27]
     756              $C$DW$104       .dwtag  DW_TAG_TI_assign_register, DW_AT_name("CIE_RETA")
     757                      .dwattr $C$DW$104, DW_AT_location[DW_OP_regx 0x4e]
TMS320C2000 Assembler PC v6.2.7 Thu Jul 02 08:31:17 2015

Tools Copyright (c) 1996-2014 Texas Instruments Incorporated
C:\Users\Tester\AppData\Local\Temp\0238410                           PAGE   16

     758                      .dwendtag $C$DW$CU
     759              

No Assembly Errors, No Assembly Warnings
