TMS320C2000 Assembler PC v6.2.7 Thu Jul 02 08:31:16 2015

Tools Copyright (c) 1996-2014 Texas Instruments Incorporated
C:\Users\Tester\AppData\Local\Temp\0499610                           PAGE    1

       1              ;***************************************************************
       2              ;* TMS320C2000 C/C++ Codegen                         PC v6.2.7 *
       3              ;* Date/Time created: Thu Jul 02 08:31:16 2015                 *
       4              ;***************************************************************
       5                      .compiler_opts --diag_wrap=off --float_support=fpu32 --hll_source=on --mem_model:code=flat --mem_mode
       6        0002  FP      .set    XAR2
       7              
       8              $C$DW$CU        .dwtag  DW_TAG_compile_unit
       9                      .dwattr $C$DW$CU, DW_AT_name("../OsCntrl/SimplePidCntrl.c")
      10                      .dwattr $C$DW$CU, DW_AT_producer("TMS320C2000 C/C++ Codegen PC v6.2.7 Copyright (c) 1996-2014 Texas I
      11                      .dwattr $C$DW$CU, DW_AT_TI_version(0x01)
      12                      .dwattr $C$DW$CU, DW_AT_comp_dir("D:\ActiveProject\EKT5\PKMT_NONBIOS\InvertorCntrl\ISPprg")
      13              
      14              $C$DW$1 .dwtag  DW_TAG_subprogram, DW_AT_name("clrStatusOs")
      15                      .dwattr $C$DW$1, DW_AT_TI_symbol_name("_clrStatusOs")
      16                      .dwattr $C$DW$1, DW_AT_declaration
      17                      .dwattr $C$DW$1, DW_AT_external
      18              $C$DW$2 .dwtag  DW_TAG_formal_parameter
      19                      .dwattr $C$DW$2, DW_AT_type(*$C$DW$T$19)
      20                      .dwendtag $C$DW$1
      21              
      22              
      23              $C$DW$3 .dwtag  DW_TAG_subprogram, DW_AT_name("setStatusOs")
      24                      .dwattr $C$DW$3, DW_AT_TI_symbol_name("_setStatusOs")
      25                      .dwattr $C$DW$3, DW_AT_declaration
      26                      .dwattr $C$DW$3, DW_AT_external
      27              $C$DW$4 .dwtag  DW_TAG_formal_parameter
      28                      .dwattr $C$DW$4, DW_AT_type(*$C$DW$T$19)
      29                      .dwendtag $C$DW$3
      30              
      31                      .global _DirectionReg
      32 00000000       _DirectionReg:  .usect  ".ebss",1,1,0
      33              $C$DW$5 .dwtag  DW_TAG_variable, DW_AT_name("DirectionReg")
      34                      .dwattr $C$DW$5, DW_AT_TI_symbol_name("_DirectionReg")
      35                      .dwattr $C$DW$5, DW_AT_location[DW_OP_addr _DirectionReg]
      36                      .dwattr $C$DW$5, DW_AT_type(*$C$DW$T$19)
      37                      .dwattr $C$DW$5, DW_AT_external
      38              
      39              $C$DW$6 .dwtag  DW_TAG_subprogram, DW_AT_name("getRegister")
      40                      .dwattr $C$DW$6, DW_AT_TI_symbol_name("_getRegister")
      41                      .dwattr $C$DW$6, DW_AT_type(*$C$DW$T$10)
      42                      .dwattr $C$DW$6, DW_AT_declaration
      43                      .dwattr $C$DW$6, DW_AT_external
      44              $C$DW$7 .dwtag  DW_TAG_formal_parameter
      45                      .dwattr $C$DW$7, DW_AT_type(*$C$DW$T$5)
      46                      .dwendtag $C$DW$6
      47              
      48                      .global _valueOsM1
      49 00000002       _valueOsM1:     .usect  ".ebss",2,1,1
      50              $C$DW$8 .dwtag  DW_TAG_variable, DW_AT_name("valueOsM1")
      51                      .dwattr $C$DW$8, DW_AT_TI_symbol_name("_valueOsM1")
      52                      .dwattr $C$DW$8, DW_AT_location[DW_OP_addr _valueOsM1]
      53                      .dwattr $C$DW$8, DW_AT_type(*$C$DW$T$16)
      54                      .dwattr $C$DW$8, DW_AT_external
      55                      .global _K3os
TMS320C2000 Assembler PC v6.2.7 Thu Jul 02 08:31:16 2015

Tools Copyright (c) 1996-2014 Texas Instruments Incorporated
C:\Users\Tester\AppData\Local\Temp\0499610                           PAGE    2

      56 00000004       _K3os:  .usect  ".ebss",2,1,1
      57              $C$DW$9 .dwtag  DW_TAG_variable, DW_AT_name("K3os")
      58                      .dwattr $C$DW$9, DW_AT_TI_symbol_name("_K3os")
      59                      .dwattr $C$DW$9, DW_AT_location[DW_OP_addr _K3os]
      60                      .dwattr $C$DW$9, DW_AT_type(*$C$DW$T$16)
      61                      .dwattr $C$DW$9, DW_AT_external
      62                      .global _maxOs
      63 00000006       _maxOs: .usect  ".ebss",2,1,1
      64              $C$DW$10        .dwtag  DW_TAG_variable, DW_AT_name("maxOs")
      65                      .dwattr $C$DW$10, DW_AT_TI_symbol_name("_maxOs")
      66                      .dwattr $C$DW$10, DW_AT_location[DW_OP_addr _maxOs]
      67                      .dwattr $C$DW$10, DW_AT_type(*$C$DW$T$16)
      68                      .dwattr $C$DW$10, DW_AT_external
      69                      .global _valueOsM2
      70 00000008       _valueOsM2:     .usect  ".ebss",2,1,1
      71              $C$DW$11        .dwtag  DW_TAG_variable, DW_AT_name("valueOsM2")
      72                      .dwattr $C$DW$11, DW_AT_TI_symbol_name("_valueOsM2")
      73                      .dwattr $C$DW$11, DW_AT_location[DW_OP_addr _valueOsM2]
      74                      .dwattr $C$DW$11, DW_AT_type(*$C$DW$T$16)
      75                      .dwattr $C$DW$11, DW_AT_external
      76                      .global _minOs
      77 0000000a       _minOs: .usect  ".ebss",2,1,1
      78              $C$DW$12        .dwtag  DW_TAG_variable, DW_AT_name("minOs")
      79                      .dwattr $C$DW$12, DW_AT_TI_symbol_name("_minOs")
      80                      .dwattr $C$DW$12, DW_AT_location[DW_OP_addr _minOs]
      81                      .dwattr $C$DW$12, DW_AT_type(*$C$DW$T$16)
      82                      .dwattr $C$DW$12, DW_AT_external
      83              
      84              $C$DW$13        .dwtag  DW_TAG_subprogram, DW_AT_name("getNormaOs")
      85                      .dwattr $C$DW$13, DW_AT_TI_symbol_name("_getNormaOs")
      86                      .dwattr $C$DW$13, DW_AT_type(*$C$DW$T$16)
      87                      .dwattr $C$DW$13, DW_AT_declaration
      88                      .dwattr $C$DW$13, DW_AT_external
      89              
      90              $C$DW$14        .dwtag  DW_TAG_subprogram, DW_AT_name("getAnalogOs")
      91                      .dwattr $C$DW$14, DW_AT_TI_symbol_name("_getAnalogOs")
      92                      .dwattr $C$DW$14, DW_AT_type(*$C$DW$T$16)
      93                      .dwattr $C$DW$14, DW_AT_declaration
      94                      .dwattr $C$DW$14, DW_AT_external
      95                      .global _K1os
      96 0000000c       _K1os:  .usect  ".ebss",2,1,1
      97              $C$DW$15        .dwtag  DW_TAG_variable, DW_AT_name("K1os")
      98                      .dwattr $C$DW$15, DW_AT_TI_symbol_name("_K1os")
      99                      .dwattr $C$DW$15, DW_AT_location[DW_OP_addr _K1os]
     100                      .dwattr $C$DW$15, DW_AT_type(*$C$DW$T$16)
     101                      .dwattr $C$DW$15, DW_AT_external
     102                      .global _analogOs
     103 0000000e       _analogOs:      .usect  ".ebss",2,1,1
     104              $C$DW$16        .dwtag  DW_TAG_variable, DW_AT_name("analogOs")
     105                      .dwattr $C$DW$16, DW_AT_TI_symbol_name("_analogOs")
     106                      .dwattr $C$DW$16, DW_AT_location[DW_OP_addr _analogOs]
     107                      .dwattr $C$DW$16, DW_AT_type(*$C$DW$T$16)
     108                      .dwattr $C$DW$16, DW_AT_external
     109                      .global _K2os
     110 00000010       _K2os:  .usect  ".ebss",2,1,1
TMS320C2000 Assembler PC v6.2.7 Thu Jul 02 08:31:16 2015

Tools Copyright (c) 1996-2014 Texas Instruments Incorporated
C:\Users\Tester\AppData\Local\Temp\0499610                           PAGE    3

     111              $C$DW$17        .dwtag  DW_TAG_variable, DW_AT_name("K2os")
     112                      .dwattr $C$DW$17, DW_AT_TI_symbol_name("_K2os")
     113                      .dwattr $C$DW$17, DW_AT_location[DW_OP_addr _K2os]
     114                      .dwattr $C$DW$17, DW_AT_type(*$C$DW$T$16)
     115                      .dwattr $C$DW$17, DW_AT_external
     116              ;       C:\ti\ccsv6\tools\compiler\c2000_6.2.7\bin\ac2000.exe -@C:\\Users\\Tester\\AppData\\Local\\Temp\\0499
     117 00000000               .sect   ".text"
     118                      .clink
     119                      .global _setLimitOs
     120              
     121              $C$DW$18        .dwtag  DW_TAG_subprogram, DW_AT_name("setLimitOs")
     122                      .dwattr $C$DW$18, DW_AT_low_pc(_setLimitOs)
     123                      .dwattr $C$DW$18, DW_AT_high_pc(0x00)
     124                      .dwattr $C$DW$18, DW_AT_TI_symbol_name("_setLimitOs")
     125                      .dwattr $C$DW$18, DW_AT_external
     126                      .dwattr $C$DW$18, DW_AT_TI_begin_file("../OsCntrl/SimplePidCntrl.c")
     127                      .dwattr $C$DW$18, DW_AT_TI_begin_line(0x18)
     128                      .dwattr $C$DW$18, DW_AT_TI_begin_column(0x06)
     129                      .dwattr $C$DW$18, DW_AT_TI_max_frame_size(-6)
     130                      .dwpsn  file "../OsCntrl/SimplePidCntrl.c",line 24,column 38,is_stmt,address _setLimitOs
     131              
     132                      .dwfde $C$DW$CIE, _setLimitOs
     133              $C$DW$19        .dwtag  DW_TAG_formal_parameter, DW_AT_name("max")
     134                      .dwattr $C$DW$19, DW_AT_TI_symbol_name("_max")
     135                      .dwattr $C$DW$19, DW_AT_type(*$C$DW$T$16)
     136                      .dwattr $C$DW$19, DW_AT_location[DW_OP_regx 0x2b]
     137              $C$DW$20        .dwtag  DW_TAG_formal_parameter, DW_AT_name("min")
     138                      .dwattr $C$DW$20, DW_AT_TI_symbol_name("_min")
     139                      .dwattr $C$DW$20, DW_AT_type(*$C$DW$T$16)
     140                      .dwattr $C$DW$20, DW_AT_location[DW_OP_regx 0x2f]
     141              
     142              ;***************************************************************
     143              ;* FNAME: _setLimitOs                   FR SIZE:   4           *
     144              ;*                                                             *
     145              ;* FUNCTION ENVIRONMENT                                        *
     146              ;*                                                             *
     147              ;* FUNCTION PROPERTIES                                         *
     148              ;*                            0 Parameter,  4 Auto,  0 SOE     *
     149              ;***************************************************************
     150              
     151 00000000       _setLimitOs:
     152                      .dwcfi  cfa_offset, -2
     153                      .dwcfi  save_reg_to_mem, 26, 0
     154                      .dwcfi  save_reg_to_reg, 78, 26
     155 00000000 FE04          ADDB      SP,#4                 ; [CPU_U] 
     156                      .dwcfi  cfa_offset, -6
     157              $C$DW$21        .dwtag  DW_TAG_variable, DW_AT_name("max")
     158                      .dwattr $C$DW$21, DW_AT_TI_symbol_name("_max")
     159                      .dwattr $C$DW$21, DW_AT_type(*$C$DW$T$16)
     160                      .dwattr $C$DW$21, DW_AT_location[DW_OP_breg20 -2]
     161              $C$DW$22        .dwtag  DW_TAG_variable, DW_AT_name("min")
     162                      .dwattr $C$DW$22, DW_AT_TI_symbol_name("_min")
     163                      .dwattr $C$DW$22, DW_AT_type(*$C$DW$T$16)
     164                      .dwattr $C$DW$22, DW_AT_location[DW_OP_breg20 -4]
     165 00000001 E203          MOV32     *-SP[4],R1H           ; [CPU_] |24| 
TMS320C2000 Assembler PC v6.2.7 Thu Jul 02 08:31:16 2015

Tools Copyright (c) 1996-2014 Texas Instruments Incorporated
C:\Users\Tester\AppData\Local\Temp\0499610                           PAGE    4

         00000002 0144 
     166 00000003 E203          MOV32     *-SP[2],R0H           ; [CPU_] |24| 
         00000004 0042 
     167                      .dwpsn  file "../OsCntrl/SimplePidCntrl.c",line 25,column 2,is_stmt
     168 00000005 761F-         MOVW      DP,#_maxOs            ; [CPU_U] 
         00000006 0000 
     169 00000007 0642          MOVL      ACC,*-SP[2]           ; [CPU_] |25| 
     170 00000008 1E06-         MOVL      @_maxOs,ACC           ; [CPU_] |25| 
     171                      .dwpsn  file "../OsCntrl/SimplePidCntrl.c",line 26,column 2,is_stmt
     172 00000009 0644          MOVL      ACC,*-SP[4]           ; [CPU_] |26| 
     173 0000000a 1E0A-         MOVL      @_minOs,ACC           ; [CPU_] |26| 
     174                      .dwpsn  file "../OsCntrl/SimplePidCntrl.c",line 27,column 1,is_stmt
     175 0000000b FE84          SUBB      SP,#4                 ; [CPU_U] 
     176                      .dwcfi  cfa_offset, -2
     177              $C$DW$23        .dwtag  DW_TAG_TI_branch
     178                      .dwattr $C$DW$23, DW_AT_low_pc(0x00)
     179                      .dwattr $C$DW$23, DW_AT_TI_return
     180 0000000c 0006          LRETR     ; [CPU_] 
     181                      ; return occurs ; [] 
     182                      .dwattr $C$DW$18, DW_AT_TI_end_file("../OsCntrl/SimplePidCntrl.c")
     183                      .dwattr $C$DW$18, DW_AT_TI_end_line(0x1b)
     184                      .dwattr $C$DW$18, DW_AT_TI_end_column(0x01)
     185                      .dwendentry
     186                      .dwendtag $C$DW$18
     187              
     188 0000000d               .sect   ".text"
     189                      .clink
     190                      .global _cntrlPIDregulator
     191              
     192              $C$DW$24        .dwtag  DW_TAG_subprogram, DW_AT_name("cntrlPIDregulator")
     193                      .dwattr $C$DW$24, DW_AT_low_pc(_cntrlPIDregulator)
     194                      .dwattr $C$DW$24, DW_AT_high_pc(0x00)
     195                      .dwattr $C$DW$24, DW_AT_TI_symbol_name("_cntrlPIDregulator")
     196                      .dwattr $C$DW$24, DW_AT_external
     197                      .dwattr $C$DW$24, DW_AT_TI_begin_file("../OsCntrl/SimplePidCntrl.c")
     198                      .dwattr $C$DW$24, DW_AT_TI_begin_line(0x1d)
     199                      .dwattr $C$DW$24, DW_AT_TI_begin_column(0x06)
     200                      .dwattr $C$DW$24, DW_AT_TI_max_frame_size(-8)
     201                      .dwpsn  file "../OsCntrl/SimplePidCntrl.c",line 29,column 29,is_stmt,address _cntrlPIDregulator
     202              
     203                      .dwfde $C$DW$CIE, _cntrlPIDregulator
     204              
     205              ;***************************************************************
     206              ;* FNAME: _cntrlPIDregulator            FR SIZE:   6           *
     207              ;*                                                             *
     208              ;* FUNCTION ENVIRONMENT                                        *
     209              ;*                                                             *
     210              ;* FUNCTION PROPERTIES                                         *
     211              ;*                            2 Parameter,  4 Auto,  0 SOE     *
     212              ;***************************************************************
     213              
     214 0000000d       _cntrlPIDregulator:
     215                      .dwcfi  cfa_offset, -2
     216                      .dwcfi  save_reg_to_mem, 26, 0
     217                      .dwcfi  save_reg_to_reg, 78, 26
TMS320C2000 Assembler PC v6.2.7 Thu Jul 02 08:31:16 2015

Tools Copyright (c) 1996-2014 Texas Instruments Incorporated
C:\Users\Tester\AppData\Local\Temp\0499610                           PAGE    5

     218 0000000d FE06          ADDB      SP,#6                 ; [CPU_U] 
     219                      .dwcfi  cfa_offset, -8
     220              $C$DW$25        .dwtag  DW_TAG_variable, DW_AT_name("valueOS")
     221                      .dwattr $C$DW$25, DW_AT_TI_symbol_name("_valueOS")
     222                      .dwattr $C$DW$25, DW_AT_type(*$C$DW$T$16)
     223                      .dwattr $C$DW$25, DW_AT_location[DW_OP_breg20 -4]
     224              $C$DW$26        .dwtag  DW_TAG_variable, DW_AT_name("deltaOS")
     225                      .dwattr $C$DW$26, DW_AT_TI_symbol_name("_deltaOS")
     226                      .dwattr $C$DW$26, DW_AT_type(*$C$DW$T$16)
     227                      .dwattr $C$DW$26, DW_AT_location[DW_OP_breg20 -6]
     228                      .dwpsn  file "../OsCntrl/SimplePidCntrl.c",line 31,column 2,is_stmt
     229              $C$DW$27        .dwtag  DW_TAG_TI_branch
     230                      .dwattr $C$DW$27, DW_AT_low_pc(0x00)
     231                      .dwattr $C$DW$27, DW_AT_name("_getAnalogOs")
     232                      .dwattr $C$DW$27, DW_AT_TI_call
     233 0000000e 7640!         LCR       #_getAnalogOs         ; [CPU_] |31| 
         0000000f 0000 
     234                      ; call occurs [#_getAnalogOs] ; [] |31| 
     235 00000010 E203          MOV32     *-SP[4],R0H           ; [CPU_] |31| 
         00000011 0044 
     236                      .dwpsn  file "../OsCntrl/SimplePidCntrl.c",line 33,column 2,is_stmt
     237 00000012 761F-         MOVW      DP,#_DirectionReg     ; [CPU_U] 
         00000013 0000 
     238 00000014 9200-         MOV       AL,@_DirectionReg     ; [CPU_] |33| 
     239 00000015 EC0B          BF        $C$L1,EQ              ; [CPU_] |33| 
     240                      ; branchcc occurs ; [] |33| 
     241                      .dwpsn  file "../OsCntrl/SimplePidCntrl.c",line 34,column 3,is_stmt
     242              $C$DW$28        .dwtag  DW_TAG_TI_branch
     243                      .dwattr $C$DW$28, DW_AT_low_pc(0x00)
     244                      .dwattr $C$DW$28, DW_AT_name("_getNormaOs")
     245                      .dwattr $C$DW$28, DW_AT_TI_call
     246 00000016 7640!         LCR       #_getNormaOs          ; [CPU_] |34| 
         00000017 0000 
     247                      ; call occurs [#_getNormaOs] ; [] |34| 
     248 00000018 E2AF          MOV32     R1H,*-SP[4]           ; [CPU_] |34| 
         00000019 0144 
     249 0000001a E720          SUBF32    R0H,R0H,R1H           ; [CPU_] |34| 
         0000001b 0040 
     250 0000001c 7700          NOP       ; [CPU_] 
     251 0000001d E203          MOV32     *-SP[4],R0H           ; [CPU_] |34| 
         0000001e 0044 
     252 0000001f 6F0A          B         $C$L2,UNC             ; [CPU_] |34| 
     253                      ; branch occurs ; [] |34| 
     254 00000020       $C$L1:    
     255                      .dwpsn  file "../OsCntrl/SimplePidCntrl.c",line 36,column 3,is_stmt
     256              $C$DW$29        .dwtag  DW_TAG_TI_branch
     257                      .dwattr $C$DW$29, DW_AT_low_pc(0x00)
     258                      .dwattr $C$DW$29, DW_AT_name("_getNormaOs")
     259                      .dwattr $C$DW$29, DW_AT_TI_call
     260 00000020 7640!         LCR       #_getNormaOs          ; [CPU_] |36| 
         00000021 0000 
     261                      ; call occurs [#_getNormaOs] ; [] |36| 
     262 00000022 E2AF          MOV32     R1H,*-SP[4]           ; [CPU_] |36| 
         00000023 0144 
     263 00000024 E720          SUBF32    R0H,R1H,R0H           ; [CPU_] |36| 
TMS320C2000 Assembler PC v6.2.7 Thu Jul 02 08:31:16 2015

Tools Copyright (c) 1996-2014 Texas Instruments Incorporated
C:\Users\Tester\AppData\Local\Temp\0499610                           PAGE    6

         00000025 0008 
     264 00000026 7700          NOP       ; [CPU_] 
     265 00000027 E203          MOV32     *-SP[4],R0H           ; [CPU_] |36| 
         00000028 0044 
     266 00000029       $C$L2:    
     267                      .dwpsn  file "../OsCntrl/SimplePidCntrl.c",line 38,column 2,is_stmt
     268 00000029 761F-         MOVW      DP,#_K1os             ; [CPU_U] 
         0000002a 0000 
     269 0000002b E2AF-         MOV32     R1H,@_K1os            ; [CPU_] |38| 
         0000002c 010C 
     270 0000002d E700          MPYF32    R0H,R1H,R0H           ; [CPU_] |38| 
         0000002e 0008 
     271 0000002f 7700          NOP       ; [CPU_] 
     272 00000030 E203          MOV32     *-SP[6],R0H           ; [CPU_] |38| 
         00000031 0046 
     273                      .dwpsn  file "../OsCntrl/SimplePidCntrl.c",line 39,column 2,is_stmt
     274 00000032 E2AF-         MOV32     R1H,@_K2os            ; [CPU_] |39| 
         00000033 0110 
     275 00000034 E2AF-         MOV32     R0H,@_valueOsM1       ; [CPU_] |39| 
         00000035 0002 
     276 00000036 E700          MPYF32    R1H,R1H,R0H           ; [CPU_] |39| 
         00000037 0009 
     277 00000038 E2AF          MOV32     R3H,*-SP[6]           ; [CPU_] |39| 
         00000039 0346 
     278 0000003a E710          ADDF32    R0H,R1H,R3H           ; [CPU_] |39| 
         0000003b 00C8 
     279 0000003c 7700          NOP       ; [CPU_] 
     280 0000003d E203          MOV32     *-SP[6],R0H           ; [CPU_] |39| 
         0000003e 0046 
     281                      .dwpsn  file "../OsCntrl/SimplePidCntrl.c",line 40,column 2,is_stmt
     282 0000003f E2AF-         MOV32     R0H,@_valueOsM2       ; [CPU_] |40| 
         00000040 0008 
     283 00000041 E2AF-         MOV32     R1H,@_K3os            ; [CPU_] |40| 
         00000042 0104 
     284 00000043 E700          MPYF32    R1H,R1H,R0H           ; [CPU_] |40| 
         00000044 0009 
     285 00000045 E2AF          MOV32     R2H,*-SP[6]           ; [CPU_] |40| 
         00000046 0246 
     286 00000047 E710          ADDF32    R0H,R1H,R2H           ; [CPU_] |40| 
         00000048 0088 
     287 00000049 7700          NOP       ; [CPU_] 
     288 0000004a E203          MOV32     *-SP[6],R0H           ; [CPU_] |40| 
         0000004b 0046 
     289                      .dwpsn  file "../OsCntrl/SimplePidCntrl.c",line 41,column 2,is_stmt
     290 0000004c 0602-         MOVL      ACC,@_valueOsM1       ; [CPU_] |41| 
     291 0000004d 1E08-         MOVL      @_valueOsM2,ACC       ; [CPU_] |41| 
     292                      .dwpsn  file "../OsCntrl/SimplePidCntrl.c",line 42,column 2,is_stmt
     293 0000004e 0644          MOVL      ACC,*-SP[4]           ; [CPU_] |42| 
     294 0000004f 1E02-         MOVL      @_valueOsM1,ACC       ; [CPU_] |42| 
     295                      .dwpsn  file "../OsCntrl/SimplePidCntrl.c",line 43,column 2,is_stmt
     296 00000050 E2AF-         MOV32     R1H,@_analogOs        ; [CPU_] |43| 
         00000051 010E 
     297 00000052 E710          ADDF32    R0H,R0H,R1H           ; [CPU_] |43| 
         00000053 0040 
     298 00000054 7700          NOP       ; [CPU_] 
TMS320C2000 Assembler PC v6.2.7 Thu Jul 02 08:31:16 2015

Tools Copyright (c) 1996-2014 Texas Instruments Incorporated
C:\Users\Tester\AppData\Local\Temp\0499610                           PAGE    7

     299 00000055 E203          MOV32     *-SP[4],R0H           ; [CPU_] |43| 
         00000056 0044 
     300                      .dwpsn  file "../OsCntrl/SimplePidCntrl.c",line 44,column 2,is_stmt
     301 00000057 E2AF          MOV32     R1H,*-SP[4]           ; [CPU_] |44| 
         00000058 0144 
     302 00000059 E2AF-         MOV32     R0H,@_maxOs           ; [CPU_] |44| 
         0000005a 0006 
     303 0000005b E694          CMPF32    R1H,R0H               ; [CPU_] |44| 
         0000005c 0001 
     304 0000005d AD14          MOVST0    ZF, NF                ; [CPU_] |44| 
     305 0000005e 6507          B         $C$L3,LEQ             ; [CPU_] |44| 
     306                      ; branchcc occurs ; [] |44| 
     307                      .dwpsn  file "../OsCntrl/SimplePidCntrl.c",line 45,column 3,is_stmt
     308 0000005f 0606-         MOVL      ACC,@_maxOs           ; [CPU_] |45| 
     309 00000060 1E44          MOVL      *-SP[4],ACC           ; [CPU_] |45| 
     310                      .dwpsn  file "../OsCntrl/SimplePidCntrl.c",line 46,column 3,is_stmt
     311 00000061 9A20          MOVB      AL,#32                ; [CPU_] |46| 
     312              $C$DW$30        .dwtag  DW_TAG_TI_branch
     313                      .dwattr $C$DW$30, DW_AT_low_pc(0x00)
     314                      .dwattr $C$DW$30, DW_AT_name("_setStatusOs")
     315                      .dwattr $C$DW$30, DW_AT_TI_call
     316 00000062 7640!         LCR       #_setStatusOs         ; [CPU_] |46| 
         00000063 0000 
     317                      ; call occurs [#_setStatusOs] ; [] |46| 
     318                      .dwpsn  file "../OsCntrl/SimplePidCntrl.c",line 47,column 2,is_stmt
     319 00000064 6F04          B         $C$L4,UNC             ; [CPU_] |47| 
     320                      ; branch occurs ; [] |47| 
     321 00000065       $C$L3:    
     322                      .dwpsn  file "../OsCntrl/SimplePidCntrl.c",line 48,column 3,is_stmt
     323 00000065 9A20          MOVB      AL,#32                ; [CPU_] |48| 
     324              $C$DW$31        .dwtag  DW_TAG_TI_branch
     325                      .dwattr $C$DW$31, DW_AT_low_pc(0x00)
     326                      .dwattr $C$DW$31, DW_AT_name("_clrStatusOs")
     327                      .dwattr $C$DW$31, DW_AT_TI_call
     328 00000066 7640!         LCR       #_clrStatusOs         ; [CPU_] |48| 
         00000067 0000 
     329                      ; call occurs [#_clrStatusOs] ; [] |48| 
     330 00000068       $C$L4:    
     331                      .dwpsn  file "../OsCntrl/SimplePidCntrl.c",line 50,column 2,is_stmt
     332 00000068 761F-         MOVW      DP,#_minOs            ; [CPU_U] 
         00000069 0000 
     333 0000006a E2AF          MOV32     R1H,*-SP[4]           ; [CPU_] |50| 
         0000006b 0144 
     334 0000006c E2AF-         MOV32     R0H,@_minOs           ; [CPU_] |50| 
         0000006d 000A 
     335 0000006e E694          CMPF32    R1H,R0H               ; [CPU_] |50| 
         0000006f 0001 
     336 00000070 AD14          MOVST0    ZF, NF                ; [CPU_] |50| 
     337 00000071 6307          B         $C$L5,GEQ             ; [CPU_] |50| 
     338                      ; branchcc occurs ; [] |50| 
     339                      .dwpsn  file "../OsCntrl/SimplePidCntrl.c",line 51,column 3,is_stmt
     340 00000072 060A-         MOVL      ACC,@_minOs           ; [CPU_] |51| 
     341 00000073 1E44          MOVL      *-SP[4],ACC           ; [CPU_] |51| 
     342                      .dwpsn  file "../OsCntrl/SimplePidCntrl.c",line 52,column 3,is_stmt
     343 00000074 9A10          MOVB      AL,#16                ; [CPU_] |52| 
TMS320C2000 Assembler PC v6.2.7 Thu Jul 02 08:31:16 2015

Tools Copyright (c) 1996-2014 Texas Instruments Incorporated
C:\Users\Tester\AppData\Local\Temp\0499610                           PAGE    8

     344              $C$DW$32        .dwtag  DW_TAG_TI_branch
     345                      .dwattr $C$DW$32, DW_AT_low_pc(0x00)
     346                      .dwattr $C$DW$32, DW_AT_name("_setStatusOs")
     347                      .dwattr $C$DW$32, DW_AT_TI_call
     348 00000075 7640!         LCR       #_setStatusOs         ; [CPU_] |52| 
         00000076 0000 
     349                      ; call occurs [#_setStatusOs] ; [] |52| 
     350                      .dwpsn  file "../OsCntrl/SimplePidCntrl.c",line 53,column 2,is_stmt
     351 00000077 6F04          B         $C$L6,UNC             ; [CPU_] |53| 
     352                      ; branch occurs ; [] |53| 
     353 00000078       $C$L5:    
     354                      .dwpsn  file "../OsCntrl/SimplePidCntrl.c",line 54,column 3,is_stmt
     355 00000078 9A10          MOVB      AL,#16                ; [CPU_] |54| 
     356              $C$DW$33        .dwtag  DW_TAG_TI_branch
     357                      .dwattr $C$DW$33, DW_AT_low_pc(0x00)
     358                      .dwattr $C$DW$33, DW_AT_name("_clrStatusOs")
     359                      .dwattr $C$DW$33, DW_AT_TI_call
     360 00000079 7640!         LCR       #_clrStatusOs         ; [CPU_] |54| 
         0000007a 0000 
     361                      ; call occurs [#_clrStatusOs] ; [] |54| 
     362 0000007b       $C$L6:    
     363                      .dwpsn  file "../OsCntrl/SimplePidCntrl.c",line 56,column 2,is_stmt
     364 0000007b 0644          MOVL      ACC,*-SP[4]           ; [CPU_] |56| 
     365 0000007c 761F-         MOVW      DP,#_analogOs         ; [CPU_U] 
         0000007d 0000 
     366 0000007e 1E0E-         MOVL      @_analogOs,ACC        ; [CPU_] |56| 
     367                      .dwpsn  file "../OsCntrl/SimplePidCntrl.c",line 57,column 1,is_stmt
     368 0000007f FE86          SUBB      SP,#6                 ; [CPU_U] 
     369                      .dwcfi  cfa_offset, -2
     370              $C$DW$34        .dwtag  DW_TAG_TI_branch
     371                      .dwattr $C$DW$34, DW_AT_low_pc(0x00)
     372                      .dwattr $C$DW$34, DW_AT_TI_return
     373 00000080 0006          LRETR     ; [CPU_] 
     374                      ; return occurs ; [] 
     375                      .dwattr $C$DW$24, DW_AT_TI_end_file("../OsCntrl/SimplePidCntrl.c")
     376                      .dwattr $C$DW$24, DW_AT_TI_end_line(0x39)
     377                      .dwattr $C$DW$24, DW_AT_TI_end_column(0x01)
     378                      .dwendentry
     379                      .dwendtag $C$DW$24
     380              
     381 00000081               .sect   ".text"
     382                      .clink
     383                      .global _initPIDregulator
     384              
     385              $C$DW$35        .dwtag  DW_TAG_subprogram, DW_AT_name("initPIDregulator")
     386                      .dwattr $C$DW$35, DW_AT_low_pc(_initPIDregulator)
     387                      .dwattr $C$DW$35, DW_AT_high_pc(0x00)
     388                      .dwattr $C$DW$35, DW_AT_TI_symbol_name("_initPIDregulator")
     389                      .dwattr $C$DW$35, DW_AT_external
     390                      .dwattr $C$DW$35, DW_AT_TI_begin_file("../OsCntrl/SimplePidCntrl.c")
     391                      .dwattr $C$DW$35, DW_AT_TI_begin_line(0x3b)
     392                      .dwattr $C$DW$35, DW_AT_TI_begin_column(0x06)
     393                      .dwattr $C$DW$35, DW_AT_TI_max_frame_size(-8)
     394                      .dwpsn  file "../OsCntrl/SimplePidCntrl.c",line 59,column 28,is_stmt,address _initPIDregulator
     395              
TMS320C2000 Assembler PC v6.2.7 Thu Jul 02 08:31:16 2015

Tools Copyright (c) 1996-2014 Texas Instruments Incorporated
C:\Users\Tester\AppData\Local\Temp\0499610                           PAGE    9

     396                      .dwfde $C$DW$CIE, _initPIDregulator
     397              
     398              ;***************************************************************
     399              ;* FNAME: _initPIDregulator             FR SIZE:   6           *
     400              ;*                                                             *
     401              ;* FUNCTION ENVIRONMENT                                        *
     402              ;*                                                             *
     403              ;* FUNCTION PROPERTIES                                         *
     404              ;*                            0 Parameter,  6 Auto,  0 SOE     *
     405              ;***************************************************************
     406              
     407 00000081       _initPIDregulator:
     408                      .dwcfi  cfa_offset, -2
     409                      .dwcfi  save_reg_to_mem, 26, 0
     410                      .dwcfi  save_reg_to_reg, 78, 26
     411 00000081 FE06          ADDB      SP,#6                 ; [CPU_U] 
     412                      .dwcfi  cfa_offset, -8
     413              $C$DW$36        .dwtag  DW_TAG_variable, DW_AT_name("kp")
     414                      .dwattr $C$DW$36, DW_AT_TI_symbol_name("_kp")
     415                      .dwattr $C$DW$36, DW_AT_type(*$C$DW$T$16)
     416                      .dwattr $C$DW$36, DW_AT_location[DW_OP_breg20 -2]
     417              $C$DW$37        .dwtag  DW_TAG_variable, DW_AT_name("ki")
     418                      .dwattr $C$DW$37, DW_AT_TI_symbol_name("_ki")
     419                      .dwattr $C$DW$37, DW_AT_type(*$C$DW$T$16)
     420                      .dwattr $C$DW$37, DW_AT_location[DW_OP_breg20 -4]
     421              $C$DW$38        .dwtag  DW_TAG_variable, DW_AT_name("kd")
     422                      .dwattr $C$DW$38, DW_AT_TI_symbol_name("_kd")
     423                      .dwattr $C$DW$38, DW_AT_type(*$C$DW$T$16)
     424                      .dwattr $C$DW$38, DW_AT_location[DW_OP_breg20 -6]
     425                      .dwpsn  file "../OsCntrl/SimplePidCntrl.c",line 61,column 2,is_stmt
     426 00000082 E590          ZERO      R0H                   ; [CPU_] |61| 
     427 00000083 761F-         MOVW      DP,#_analogOs         ; [CPU_U] 
         00000084 0000 
     428 00000085 E203-         MOV32     @_analogOs,R0H        ; [CPU_] |61| 
         00000086 000E 
     429                      .dwpsn  file "../OsCntrl/SimplePidCntrl.c",line 62,column 2,is_stmt
     430 00000087 E203-         MOV32     @_valueOsM1,R0H       ; [CPU_] |62| 
         00000088 0002 
     431                      .dwpsn  file "../OsCntrl/SimplePidCntrl.c",line 63,column 2,is_stmt
     432 00000089 E203-         MOV32     @_valueOsM2,R0H       ; [CPU_] |63| 
         0000008a 0008 
     433                      .dwpsn  file "../OsCntrl/SimplePidCntrl.c",line 64,column 2,is_stmt
     434 0000008b 9A38          MOVB      AL,#56                ; [CPU_] |64| 
     435              $C$DW$39        .dwtag  DW_TAG_TI_branch
     436                      .dwattr $C$DW$39, DW_AT_low_pc(0x00)
     437                      .dwattr $C$DW$39, DW_AT_name("_getRegister")
     438                      .dwattr $C$DW$39, DW_AT_TI_call
     439 0000008c 7640!         LCR       #_getRegister         ; [CPU_] |64| 
         0000008d 0000 
     440                      ; call occurs [#_getRegister] ; [] |64| 
     441 0000008e 3B01          SETC      SXM                   ; [CPU_] 
     442 0000008f 85A9          MOV       ACC,AL                ; [CPU_] |64| 
     443 00000090 BDA9          MOV32     R0H,ACC               ; [CPU_] |64| 
         00000091 0F12 
     444 00000092 7700          NOP       ; [CPU_] 
TMS320C2000 Assembler PC v6.2.7 Thu Jul 02 08:31:16 2015

Tools Copyright (c) 1996-2014 Texas Instruments Incorporated
C:\Users\Tester\AppData\Local\Temp\0499610                           PAGE   10

     445 00000093 7700          NOP       ; [CPU_] 
     446 00000094 7700          NOP       ; [CPU_] 
     447 00000095 7700          NOP       ; [CPU_] 
     448 00000096 E689          I32TOF32  R0H,R0H               ; [CPU_] |64| 
         00000097 0000 
     449 00000098 7700          NOP       ; [CPU_] 
     450 00000099 E203          MOV32     *-SP[2],R0H           ; [CPU_] |64| 
         0000009a 0042 
     451                      .dwpsn  file "../OsCntrl/SimplePidCntrl.c",line 65,column 2,is_stmt
     452 0000009b E802          MOVIZ     R1H,#17530            ; [CPU_] |65| 
         0000009c 23D1 
     453              $C$DW$40        .dwtag  DW_TAG_TI_branch
     454                      .dwattr $C$DW$40, DW_AT_low_pc(0x00)
     455                      .dwattr $C$DW$40, DW_AT_name("FS$$DIV")
     456                      .dwattr $C$DW$40, DW_AT_TI_call
     457 0000009d 7640!         LCR       #FS$$DIV              ; [CPU_] |65| 
         0000009e 0000 
     458                      ; call occurs [#FS$$DIV] ; [] |65| 
     459 0000009f E203          MOV32     *-SP[2],R0H           ; [CPU_] |65| 
         000000a0 0042 
     460                      .dwpsn  file "../OsCntrl/SimplePidCntrl.c",line 66,column 2,is_stmt
     461 000000a1 9A39          MOVB      AL,#57                ; [CPU_] |66| 
     462              $C$DW$41        .dwtag  DW_TAG_TI_branch
     463                      .dwattr $C$DW$41, DW_AT_low_pc(0x00)
     464                      .dwattr $C$DW$41, DW_AT_name("_getRegister")
     465                      .dwattr $C$DW$41, DW_AT_TI_call
     466 000000a2 7640!         LCR       #_getRegister         ; [CPU_] |66| 
         000000a3 0000 
     467                      ; call occurs [#_getRegister] ; [] |66| 
     468 000000a4 3B01          SETC      SXM                   ; [CPU_] 
     469 000000a5 85A9          MOV       ACC,AL                ; [CPU_] |66| 
     470 000000a6 BDA9          MOV32     R0H,ACC               ; [CPU_] |66| 
         000000a7 0F12 
     471 000000a8 7700          NOP       ; [CPU_] 
     472 000000a9 7700          NOP       ; [CPU_] 
     473 000000aa 7700          NOP       ; [CPU_] 
     474 000000ab 7700          NOP       ; [CPU_] 
     475 000000ac E689          I32TOF32  R0H,R0H               ; [CPU_] |66| 
         000000ad 0000 
     476 000000ae 7700          NOP       ; [CPU_] 
     477 000000af E203          MOV32     *-SP[4],R0H           ; [CPU_] |66| 
         000000b0 0044 
     478                      .dwpsn  file "../OsCntrl/SimplePidCntrl.c",line 67,column 2,is_stmt
     479 000000b1 E802          MOVIZ     R1H,#17948            ; [CPU_] |67| 
         000000b2 30E1 
     480 000000b3 E80A          MOVXI     R1H,#16384            ; [CPU_] |67| 
         000000b4 0001 
     481              $C$DW$42        .dwtag  DW_TAG_TI_branch
     482                      .dwattr $C$DW$42, DW_AT_low_pc(0x00)
     483                      .dwattr $C$DW$42, DW_AT_name("FS$$DIV")
     484                      .dwattr $C$DW$42, DW_AT_TI_call
     485 000000b5 7640!         LCR       #FS$$DIV              ; [CPU_] |67| 
         000000b6 0000 
     486                      ; call occurs [#FS$$DIV] ; [] |67| 
     487 000000b7 E203          MOV32     *-SP[4],R0H           ; [CPU_] |67| 
TMS320C2000 Assembler PC v6.2.7 Thu Jul 02 08:31:16 2015

Tools Copyright (c) 1996-2014 Texas Instruments Incorporated
C:\Users\Tester\AppData\Local\Temp\0499610                           PAGE   11

         000000b8 0044 
     488                      .dwpsn  file "../OsCntrl/SimplePidCntrl.c",line 68,column 2,is_stmt
     489 000000b9 9A3A          MOVB      AL,#58                ; [CPU_] |68| 
     490              $C$DW$43        .dwtag  DW_TAG_TI_branch
     491                      .dwattr $C$DW$43, DW_AT_low_pc(0x00)
     492                      .dwattr $C$DW$43, DW_AT_name("_getRegister")
     493                      .dwattr $C$DW$43, DW_AT_TI_call
     494 000000ba 7640!         LCR       #_getRegister         ; [CPU_] |68| 
         000000bb 0000 
     495                      ; call occurs [#_getRegister] ; [] |68| 
     496 000000bc 3B01          SETC      SXM                   ; [CPU_] 
     497 000000bd 85A9          MOV       ACC,AL                ; [CPU_] |68| 
     498 000000be BDA9          MOV32     R0H,ACC               ; [CPU_] |68| 
         000000bf 0F12 
     499 000000c0 7700          NOP       ; [CPU_] 
     500 000000c1 7700          NOP       ; [CPU_] 
     501 000000c2 7700          NOP       ; [CPU_] 
     502 000000c3 7700          NOP       ; [CPU_] 
     503 000000c4 E689          I32TOF32  R0H,R0H               ; [CPU_] |68| 
         000000c5 0000 
     504 000000c6 7700          NOP       ; [CPU_] 
     505 000000c7 E203          MOV32     *-SP[6],R0H           ; [CPU_] |68| 
         000000c8 0046 
     506                      .dwpsn  file "../OsCntrl/SimplePidCntrl.c",line 69,column 2,is_stmt
     507 000000c9 E802          MOVIZ     R1H,#17820            ; [CPU_] |69| 
         000000ca 2CE1 
     508 000000cb E80A          MOVXI     R1H,#16384            ; [CPU_] |69| 
         000000cc 0001 
     509              $C$DW$44        .dwtag  DW_TAG_TI_branch
     510                      .dwattr $C$DW$44, DW_AT_low_pc(0x00)
     511                      .dwattr $C$DW$44, DW_AT_name("FS$$DIV")
     512                      .dwattr $C$DW$44, DW_AT_TI_call
     513 000000cd 7640!         LCR       #FS$$DIV              ; [CPU_] |69| 
         000000ce 0000 
     514                      ; call occurs [#FS$$DIV] ; [] |69| 
     515 000000cf E203          MOV32     *-SP[6],R0H           ; [CPU_] |69| 
         000000d0 0046 
     516                      .dwpsn  file "../OsCntrl/SimplePidCntrl.c",line 71,column 2,is_stmt
     517 000000d1 9A7C          MOVB      AL,#124               ; [CPU_] |71| 
     518              $C$DW$45        .dwtag  DW_TAG_TI_branch
     519                      .dwattr $C$DW$45, DW_AT_low_pc(0x00)
     520                      .dwattr $C$DW$45, DW_AT_name("_getRegister")
     521                      .dwattr $C$DW$45, DW_AT_TI_call
     522 000000d2 7640!         LCR       #_getRegister         ; [CPU_] |71| 
         000000d3 0000 
     523                      ; call occurs [#_getRegister] ; [] |71| 
     524 000000d4 761F-         MOVW      DP,#_DirectionReg     ; [CPU_U] 
         000000d5 0000 
     525 000000d6 9600-         MOV       @_DirectionReg,AL     ; [CPU_] |71| 
     526                      .dwpsn  file "../OsCntrl/SimplePidCntrl.c",line 73,column 2,is_stmt
     527 000000d7 E2AF          MOV32     R0H,*-SP[2]           ; [CPU_] |73| 
         000000d8 0042 
     528 000000d9 E2AF          MOV32     R1H,*-SP[4]           ; [CPU_] |73| 
         000000da 0144 
     529 000000db E710          ADDF32    R0H,R0H,R1H           ; [CPU_] |73| 
TMS320C2000 Assembler PC v6.2.7 Thu Jul 02 08:31:16 2015

Tools Copyright (c) 1996-2014 Texas Instruments Incorporated
C:\Users\Tester\AppData\Local\Temp\0499610                           PAGE   12

         000000dc 0040 
     530 000000dd E2AF          MOV32     R1H,*-SP[6]           ; [CPU_] |73| 
         000000de 0146 
     531 000000df E710          ADDF32    R0H,R0H,R1H           ; [CPU_] |73| 
         000000e0 0040 
     532 000000e1 7700          NOP       ; [CPU_] 
     533 000000e2 E203-         MOV32     @_K1os,R0H            ; [CPU_] |73| 
         000000e3 000C 
     534                      .dwpsn  file "../OsCntrl/SimplePidCntrl.c",line 74,column 2,is_stmt
     535 000000e4 E850          MPYF32    R1H,R1H,#16384        ; [CPU_] |74| 
         000000e5 0009 
     536 000000e6 E2AF          MOV32     R0H,*-SP[2]           ; [CPU_] |74| 
         000000e7 0042 
     537 000000e8 E6AF          NEGF32    R0H,R0H               ; [CPU_] |74| 
         000000e9 0000 
     538 000000ea E720          SUBF32    R0H,R0H,R1H           ; [CPU_] |74| 
         000000eb 0040 
     539 000000ec 7700          NOP       ; [CPU_] 
     540 000000ed E203-         MOV32     @_K2os,R0H            ; [CPU_] |74| 
         000000ee 0010 
     541                      .dwpsn  file "../OsCntrl/SimplePidCntrl.c",line 75,column 2,is_stmt
     542 000000ef 0646          MOVL      ACC,*-SP[6]           ; [CPU_] |75| 
     543 000000f0 1E04-         MOVL      @_K3os,ACC            ; [CPU_] |75| 
     544                      .dwpsn  file "../OsCntrl/SimplePidCntrl.c",line 76,column 1,is_stmt
     545 000000f1 FE86          SUBB      SP,#6                 ; [CPU_U] 
     546                      .dwcfi  cfa_offset, -2
     547              $C$DW$46        .dwtag  DW_TAG_TI_branch
     548                      .dwattr $C$DW$46, DW_AT_low_pc(0x00)
     549                      .dwattr $C$DW$46, DW_AT_TI_return
     550 000000f2 0006          LRETR     ; [CPU_] 
     551                      ; return occurs ; [] 
     552                      .dwattr $C$DW$35, DW_AT_TI_end_file("../OsCntrl/SimplePidCntrl.c")
     553                      .dwattr $C$DW$35, DW_AT_TI_end_line(0x4c)
     554                      .dwattr $C$DW$35, DW_AT_TI_end_column(0x01)
     555                      .dwendentry
     556                      .dwendtag $C$DW$35
     557              
     558 000000f3               .sect   ".text"
     559                      .clink
     560                      .global _getPidOs
     561              
     562              $C$DW$47        .dwtag  DW_TAG_subprogram, DW_AT_name("getPidOs")
     563                      .dwattr $C$DW$47, DW_AT_low_pc(_getPidOs)
     564                      .dwattr $C$DW$47, DW_AT_high_pc(0x00)
     565                      .dwattr $C$DW$47, DW_AT_TI_symbol_name("_getPidOs")
     566                      .dwattr $C$DW$47, DW_AT_external
     567                      .dwattr $C$DW$47, DW_AT_type(*$C$DW$T$16)
     568                      .dwattr $C$DW$47, DW_AT_TI_begin_file("../OsCntrl/SimplePidCntrl.c")
     569                      .dwattr $C$DW$47, DW_AT_TI_begin_line(0x4e)
     570                      .dwattr $C$DW$47, DW_AT_TI_begin_column(0x07)
     571                      .dwattr $C$DW$47, DW_AT_TI_max_frame_size(-2)
     572                      .dwpsn  file "../OsCntrl/SimplePidCntrl.c",line 78,column 21,is_stmt,address _getPidOs
     573              
     574                      .dwfde $C$DW$CIE, _getPidOs
     575              
TMS320C2000 Assembler PC v6.2.7 Thu Jul 02 08:31:16 2015

Tools Copyright (c) 1996-2014 Texas Instruments Incorporated
C:\Users\Tester\AppData\Local\Temp\0499610                           PAGE   13

     576              ;***************************************************************
     577              ;* FNAME: _getPidOs                     FR SIZE:   0           *
     578              ;*                                                             *
     579              ;* FUNCTION ENVIRONMENT                                        *
     580              ;*                                                             *
     581              ;* FUNCTION PROPERTIES                                         *
     582              ;*                            0 Parameter,  0 Auto,  0 SOE     *
     583              ;***************************************************************
     584              
     585 000000f3       _getPidOs:
     586                      .dwcfi  cfa_offset, -2
     587                      .dwcfi  save_reg_to_mem, 26, 0
     588                      .dwcfi  save_reg_to_reg, 78, 26
     589                      .dwpsn  file "../OsCntrl/SimplePidCntrl.c",line 79,column 2,is_stmt
     590 000000f3 761F-         MOVW      DP,#_analogOs         ; [CPU_U] 
         000000f4 0000 
     591 000000f5 E2AF-         MOV32     R0H,@_analogOs        ; [CPU_] |79| 
         000000f6 000E 
     592                      .dwpsn  file "../OsCntrl/SimplePidCntrl.c",line 80,column 1,is_stmt
     593              $C$DW$48        .dwtag  DW_TAG_TI_branch
     594                      .dwattr $C$DW$48, DW_AT_low_pc(0x00)
     595                      .dwattr $C$DW$48, DW_AT_TI_return
     596 000000f7 0006          LRETR     ; [CPU_] 
     597                      ; return occurs ; [] 
     598                      .dwattr $C$DW$47, DW_AT_TI_end_file("../OsCntrl/SimplePidCntrl.c")
     599                      .dwattr $C$DW$47, DW_AT_TI_end_line(0x50)
     600                      .dwattr $C$DW$47, DW_AT_TI_end_column(0x01)
     601                      .dwendentry
     602                      .dwendtag $C$DW$47
     603              
     604              ;**************************************************************
     605              ;* UNDEFINED EXTERNAL REFERENCES                              *
     606              ;**************************************************************
     607                      .global _clrStatusOs
     608                      .global _setStatusOs
     609                      .global _getRegister
     610                      .global _getNormaOs
     611                      .global _getAnalogOs
     612                      .global FS$$DIV
     613              
     614              ;***************************************************************
     615              ;* TYPE INFORMATION                                            *
     616              ;***************************************************************
     617              $C$DW$T$4       .dwtag  DW_TAG_base_type
     618                      .dwattr $C$DW$T$4, DW_AT_encoding(DW_ATE_boolean)
     619                      .dwattr $C$DW$T$4, DW_AT_name("bool")
     620                      .dwattr $C$DW$T$4, DW_AT_byte_size(0x01)
     621              $C$DW$T$5       .dwtag  DW_TAG_base_type
     622                      .dwattr $C$DW$T$5, DW_AT_encoding(DW_ATE_signed_char)
     623                      .dwattr $C$DW$T$5, DW_AT_name("signed char")
     624                      .dwattr $C$DW$T$5, DW_AT_byte_size(0x01)
     625              $C$DW$T$6       .dwtag  DW_TAG_base_type
     626                      .dwattr $C$DW$T$6, DW_AT_encoding(DW_ATE_unsigned_char)
     627                      .dwattr $C$DW$T$6, DW_AT_name("unsigned char")
     628                      .dwattr $C$DW$T$6, DW_AT_byte_size(0x01)
TMS320C2000 Assembler PC v6.2.7 Thu Jul 02 08:31:16 2015

Tools Copyright (c) 1996-2014 Texas Instruments Incorporated
C:\Users\Tester\AppData\Local\Temp\0499610                           PAGE   14

     629              $C$DW$T$7       .dwtag  DW_TAG_base_type
     630                      .dwattr $C$DW$T$7, DW_AT_encoding(DW_ATE_signed_char)
     631                      .dwattr $C$DW$T$7, DW_AT_name("wchar_t")
     632                      .dwattr $C$DW$T$7, DW_AT_byte_size(0x01)
     633              $C$DW$T$8       .dwtag  DW_TAG_base_type
     634                      .dwattr $C$DW$T$8, DW_AT_encoding(DW_ATE_signed)
     635                      .dwattr $C$DW$T$8, DW_AT_name("short")
     636                      .dwattr $C$DW$T$8, DW_AT_byte_size(0x01)
     637              $C$DW$T$9       .dwtag  DW_TAG_base_type
     638                      .dwattr $C$DW$T$9, DW_AT_encoding(DW_ATE_unsigned)
     639                      .dwattr $C$DW$T$9, DW_AT_name("unsigned short")
     640                      .dwattr $C$DW$T$9, DW_AT_byte_size(0x01)
     641              $C$DW$T$10      .dwtag  DW_TAG_base_type
     642                      .dwattr $C$DW$T$10, DW_AT_encoding(DW_ATE_signed)
     643                      .dwattr $C$DW$T$10, DW_AT_name("int")
     644                      .dwattr $C$DW$T$10, DW_AT_byte_size(0x01)
     645              $C$DW$T$11      .dwtag  DW_TAG_base_type
     646                      .dwattr $C$DW$T$11, DW_AT_encoding(DW_ATE_unsigned)
     647                      .dwattr $C$DW$T$11, DW_AT_name("unsigned int")
     648                      .dwattr $C$DW$T$11, DW_AT_byte_size(0x01)
     649              $C$DW$T$19      .dwtag  DW_TAG_typedef, DW_AT_name("UINT16")
     650                      .dwattr $C$DW$T$19, DW_AT_type(*$C$DW$T$11)
     651                      .dwattr $C$DW$T$19, DW_AT_language(DW_LANG_C)
     652              $C$DW$T$12      .dwtag  DW_TAG_base_type
     653                      .dwattr $C$DW$T$12, DW_AT_encoding(DW_ATE_signed)
     654                      .dwattr $C$DW$T$12, DW_AT_name("long")
     655                      .dwattr $C$DW$T$12, DW_AT_byte_size(0x02)
     656              $C$DW$T$13      .dwtag  DW_TAG_base_type
     657                      .dwattr $C$DW$T$13, DW_AT_encoding(DW_ATE_unsigned)
     658                      .dwattr $C$DW$T$13, DW_AT_name("unsigned long")
     659                      .dwattr $C$DW$T$13, DW_AT_byte_size(0x02)
     660              $C$DW$T$14      .dwtag  DW_TAG_base_type
     661                      .dwattr $C$DW$T$14, DW_AT_encoding(DW_ATE_signed)
     662                      .dwattr $C$DW$T$14, DW_AT_name("long long")
     663                      .dwattr $C$DW$T$14, DW_AT_byte_size(0x04)
     664              $C$DW$T$15      .dwtag  DW_TAG_base_type
     665                      .dwattr $C$DW$T$15, DW_AT_encoding(DW_ATE_unsigned)
     666                      .dwattr $C$DW$T$15, DW_AT_name("unsigned long long")
     667                      .dwattr $C$DW$T$15, DW_AT_byte_size(0x04)
     668              $C$DW$T$16      .dwtag  DW_TAG_base_type
     669                      .dwattr $C$DW$T$16, DW_AT_encoding(DW_ATE_float)
     670                      .dwattr $C$DW$T$16, DW_AT_name("float")
     671                      .dwattr $C$DW$T$16, DW_AT_byte_size(0x02)
     672              $C$DW$T$17      .dwtag  DW_TAG_base_type
     673                      .dwattr $C$DW$T$17, DW_AT_encoding(DW_ATE_float)
     674                      .dwattr $C$DW$T$17, DW_AT_name("double")
     675                      .dwattr $C$DW$T$17, DW_AT_byte_size(0x02)
     676              $C$DW$T$18      .dwtag  DW_TAG_base_type
     677                      .dwattr $C$DW$T$18, DW_AT_encoding(DW_ATE_float)
     678                      .dwattr $C$DW$T$18, DW_AT_name("long double")
     679                      .dwattr $C$DW$T$18, DW_AT_byte_size(0x04)
     680                      .dwattr $C$DW$CU, DW_AT_language(DW_LANG_C)
     681              
     682              ;***************************************************************
     683              ;* DWARF CIE ENTRIES                                           *
TMS320C2000 Assembler PC v6.2.7 Thu Jul 02 08:31:16 2015

Tools Copyright (c) 1996-2014 Texas Instruments Incorporated
C:\Users\Tester\AppData\Local\Temp\0499610                           PAGE   15

     684              ;***************************************************************
     685              
     686              $C$DW$CIE       .dwcie 78
     687                      .dwcfi  cfa_register, 20
     688                      .dwcfi  cfa_offset, 0
     689                      .dwcfi  undefined, 0
     690                      .dwcfi  undefined, 1
     691                      .dwcfi  undefined, 2
     692                      .dwcfi  undefined, 3
     693                      .dwcfi  undefined, 20
     694                      .dwcfi  undefined, 21
     695                      .dwcfi  undefined, 22
     696                      .dwcfi  undefined, 23
     697                      .dwcfi  undefined, 24
     698                      .dwcfi  undefined, 25
     699                      .dwcfi  undefined, 26
     700                      .dwcfi  same_value, 28
     701                      .dwcfi  undefined, 29
     702                      .dwcfi  undefined, 30
     703                      .dwcfi  undefined, 31
     704                      .dwcfi  undefined, 32
     705                      .dwcfi  undefined, 33
     706                      .dwcfi  undefined, 34
     707                      .dwcfi  undefined, 35
     708                      .dwcfi  undefined, 36
     709                      .dwcfi  undefined, 37
     710                      .dwcfi  undefined, 38
     711                      .dwcfi  undefined, 75
     712                      .dwcfi  undefined, 76
     713                      .dwcfi  undefined, 77
     714                      .dwcfi  undefined, 4
     715                      .dwcfi  same_value, 6
     716                      .dwcfi  same_value, 8
     717                      .dwcfi  same_value, 10
     718                      .dwcfi  undefined, 12
     719                      .dwcfi  undefined, 14
     720                      .dwcfi  undefined, 16
     721                      .dwcfi  undefined, 17
     722                      .dwcfi  undefined, 18
     723                      .dwcfi  undefined, 19
     724                      .dwcfi  undefined, 5
     725                      .dwcfi  same_value, 7
     726                      .dwcfi  same_value, 9
     727                      .dwcfi  same_value, 11
     728                      .dwcfi  undefined, 13
     729                      .dwcfi  undefined, 15
     730                      .dwcfi  undefined, 43
     731                      .dwcfi  undefined, 44
     732                      .dwcfi  undefined, 47
     733                      .dwcfi  undefined, 48
     734                      .dwcfi  undefined, 51
     735                      .dwcfi  undefined, 52
     736                      .dwcfi  undefined, 55
     737                      .dwcfi  undefined, 56
     738                      .dwcfi  same_value, 59
TMS320C2000 Assembler PC v6.2.7 Thu Jul 02 08:31:16 2015

Tools Copyright (c) 1996-2014 Texas Instruments Incorporated
C:\Users\Tester\AppData\Local\Temp\0499610                           PAGE   16

     739                      .dwcfi  same_value, 60
     740                      .dwcfi  same_value, 63
     741                      .dwcfi  same_value, 64
     742                      .dwcfi  same_value, 67
     743                      .dwcfi  same_value, 68
     744                      .dwcfi  same_value, 71
     745                      .dwcfi  same_value, 72
     746                      .dwcfi  undefined, 73
     747                      .dwcfi  undefined, 74
     748                      .dwcfi  undefined, 39
     749                      .dwcfi  undefined, 40
     750                      .dwcfi  undefined, 27
     751                      .dwcfi  undefined, 78
     752                      .dwendentry
     753              
     754              ;***************************************************************
     755              ;* DWARF REGISTER MAP                                          *
     756              ;***************************************************************
     757              
     758              $C$DW$49        .dwtag  DW_TAG_TI_assign_register, DW_AT_name("AL")
     759                      .dwattr $C$DW$49, DW_AT_location[DW_OP_reg0]
     760              $C$DW$50        .dwtag  DW_TAG_TI_assign_register, DW_AT_name("AH")
     761                      .dwattr $C$DW$50, DW_AT_location[DW_OP_reg1]
     762              $C$DW$51        .dwtag  DW_TAG_TI_assign_register, DW_AT_name("PL")
     763                      .dwattr $C$DW$51, DW_AT_location[DW_OP_reg2]
     764              $C$DW$52        .dwtag  DW_TAG_TI_assign_register, DW_AT_name("PH")
     765                      .dwattr $C$DW$52, DW_AT_location[DW_OP_reg3]
     766              $C$DW$53        .dwtag  DW_TAG_TI_assign_register, DW_AT_name("SP")
     767                      .dwattr $C$DW$53, DW_AT_location[DW_OP_reg20]
     768              $C$DW$54        .dwtag  DW_TAG_TI_assign_register, DW_AT_name("XT")
     769                      .dwattr $C$DW$54, DW_AT_location[DW_OP_reg21]
     770              $C$DW$55        .dwtag  DW_TAG_TI_assign_register, DW_AT_name("T")
     771                      .dwattr $C$DW$55, DW_AT_location[DW_OP_reg22]
     772              $C$DW$56        .dwtag  DW_TAG_TI_assign_register, DW_AT_name("ST0")
     773                      .dwattr $C$DW$56, DW_AT_location[DW_OP_reg23]
     774              $C$DW$57        .dwtag  DW_TAG_TI_assign_register, DW_AT_name("ST1")
     775                      .dwattr $C$DW$57, DW_AT_location[DW_OP_reg24]
     776              $C$DW$58        .dwtag  DW_TAG_TI_assign_register, DW_AT_name("PC")
     777                      .dwattr $C$DW$58, DW_AT_location[DW_OP_reg25]
     778              $C$DW$59        .dwtag  DW_TAG_TI_assign_register, DW_AT_name("RPC")
     779                      .dwattr $C$DW$59, DW_AT_location[DW_OP_reg26]
     780              $C$DW$60        .dwtag  DW_TAG_TI_assign_register, DW_AT_name("FP")
     781                      .dwattr $C$DW$60, DW_AT_location[DW_OP_reg28]
     782              $C$DW$61        .dwtag  DW_TAG_TI_assign_register, DW_AT_name("DP")
     783                      .dwattr $C$DW$61, DW_AT_location[DW_OP_reg29]
     784              $C$DW$62        .dwtag  DW_TAG_TI_assign_register, DW_AT_name("SXM")
     785                      .dwattr $C$DW$62, DW_AT_location[DW_OP_reg30]
     786              $C$DW$63        .dwtag  DW_TAG_TI_assign_register, DW_AT_name("PM")
     787                      .dwattr $C$DW$63, DW_AT_location[DW_OP_reg31]
     788              $C$DW$64        .dwtag  DW_TAG_TI_assign_register, DW_AT_name("OVM")
     789                      .dwattr $C$DW$64, DW_AT_location[DW_OP_regx 0x20]
     790              $C$DW$65        .dwtag  DW_TAG_TI_assign_register, DW_AT_name("PAGE0")
     791                      .dwattr $C$DW$65, DW_AT_location[DW_OP_regx 0x21]
     792              $C$DW$66        .dwtag  DW_TAG_TI_assign_register, DW_AT_name("AMODE")
     793                      .dwattr $C$DW$66, DW_AT_location[DW_OP_regx 0x22]
TMS320C2000 Assembler PC v6.2.7 Thu Jul 02 08:31:16 2015

Tools Copyright (c) 1996-2014 Texas Instruments Incorporated
C:\Users\Tester\AppData\Local\Temp\0499610                           PAGE   17

     794              $C$DW$67        .dwtag  DW_TAG_TI_assign_register, DW_AT_name("INTM")
     795                      .dwattr $C$DW$67, DW_AT_location[DW_OP_regx 0x23]
     796              $C$DW$68        .dwtag  DW_TAG_TI_assign_register, DW_AT_name("IFR")
     797                      .dwattr $C$DW$68, DW_AT_location[DW_OP_regx 0x24]
     798              $C$DW$69        .dwtag  DW_TAG_TI_assign_register, DW_AT_name("IER")
     799                      .dwattr $C$DW$69, DW_AT_location[DW_OP_regx 0x25]
     800              $C$DW$70        .dwtag  DW_TAG_TI_assign_register, DW_AT_name("V")
     801                      .dwattr $C$DW$70, DW_AT_location[DW_OP_regx 0x26]
     802              $C$DW$71        .dwtag  DW_TAG_TI_assign_register, DW_AT_name("PSEUDOH")
     803                      .dwattr $C$DW$71, DW_AT_location[DW_OP_regx 0x4c]
     804              $C$DW$72        .dwtag  DW_TAG_TI_assign_register, DW_AT_name("VOL")
     805                      .dwattr $C$DW$72, DW_AT_location[DW_OP_regx 0x4d]
     806              $C$DW$73        .dwtag  DW_TAG_TI_assign_register, DW_AT_name("AR0")
     807                      .dwattr $C$DW$73, DW_AT_location[DW_OP_reg4]
     808              $C$DW$74        .dwtag  DW_TAG_TI_assign_register, DW_AT_name("AR1")
     809                      .dwattr $C$DW$74, DW_AT_location[DW_OP_reg6]
     810              $C$DW$75        .dwtag  DW_TAG_TI_assign_register, DW_AT_name("AR2")
     811                      .dwattr $C$DW$75, DW_AT_location[DW_OP_reg8]
     812              $C$DW$76        .dwtag  DW_TAG_TI_assign_register, DW_AT_name("AR3")
     813                      .dwattr $C$DW$76, DW_AT_location[DW_OP_reg10]
     814              $C$DW$77        .dwtag  DW_TAG_TI_assign_register, DW_AT_name("AR4")
     815                      .dwattr $C$DW$77, DW_AT_location[DW_OP_reg12]
     816              $C$DW$78        .dwtag  DW_TAG_TI_assign_register, DW_AT_name("AR5")
     817                      .dwattr $C$DW$78, DW_AT_location[DW_OP_reg14]
     818              $C$DW$79        .dwtag  DW_TAG_TI_assign_register, DW_AT_name("AR6")
     819                      .dwattr $C$DW$79, DW_AT_location[DW_OP_reg16]
     820              $C$DW$80        .dwtag  DW_TAG_TI_assign_register, DW_AT_name("XAR6")
     821                      .dwattr $C$DW$80, DW_AT_location[DW_OP_reg17]
     822              $C$DW$81        .dwtag  DW_TAG_TI_assign_register, DW_AT_name("AR7")
     823                      .dwattr $C$DW$81, DW_AT_location[DW_OP_reg18]
     824              $C$DW$82        .dwtag  DW_TAG_TI_assign_register, DW_AT_name("XAR7")
     825                      .dwattr $C$DW$82, DW_AT_location[DW_OP_reg19]
     826              $C$DW$83        .dwtag  DW_TAG_TI_assign_register, DW_AT_name("XAR0")
     827                      .dwattr $C$DW$83, DW_AT_location[DW_OP_reg5]
     828              $C$DW$84        .dwtag  DW_TAG_TI_assign_register, DW_AT_name("XAR1")
     829                      .dwattr $C$DW$84, DW_AT_location[DW_OP_reg7]
     830              $C$DW$85        .dwtag  DW_TAG_TI_assign_register, DW_AT_name("XAR2")
     831                      .dwattr $C$DW$85, DW_AT_location[DW_OP_reg9]
     832              $C$DW$86        .dwtag  DW_TAG_TI_assign_register, DW_AT_name("XAR3")
     833                      .dwattr $C$DW$86, DW_AT_location[DW_OP_reg11]
     834              $C$DW$87        .dwtag  DW_TAG_TI_assign_register, DW_AT_name("XAR4")
     835                      .dwattr $C$DW$87, DW_AT_location[DW_OP_reg13]
     836              $C$DW$88        .dwtag  DW_TAG_TI_assign_register, DW_AT_name("XAR5")
     837                      .dwattr $C$DW$88, DW_AT_location[DW_OP_reg15]
     838              $C$DW$89        .dwtag  DW_TAG_TI_assign_register, DW_AT_name("R0HL")
     839                      .dwattr $C$DW$89, DW_AT_location[DW_OP_regx 0x2b]
     840              $C$DW$90        .dwtag  DW_TAG_TI_assign_register, DW_AT_name("R0H")
     841                      .dwattr $C$DW$90, DW_AT_location[DW_OP_regx 0x2c]
     842              $C$DW$91        .dwtag  DW_TAG_TI_assign_register, DW_AT_name("R1HL")
     843                      .dwattr $C$DW$91, DW_AT_location[DW_OP_regx 0x2f]
     844              $C$DW$92        .dwtag  DW_TAG_TI_assign_register, DW_AT_name("R1H")
     845                      .dwattr $C$DW$92, DW_AT_location[DW_OP_regx 0x30]
     846              $C$DW$93        .dwtag  DW_TAG_TI_assign_register, DW_AT_name("R2HL")
     847                      .dwattr $C$DW$93, DW_AT_location[DW_OP_regx 0x33]
     848              $C$DW$94        .dwtag  DW_TAG_TI_assign_register, DW_AT_name("R2H")
TMS320C2000 Assembler PC v6.2.7 Thu Jul 02 08:31:16 2015

Tools Copyright (c) 1996-2014 Texas Instruments Incorporated
C:\Users\Tester\AppData\Local\Temp\0499610                           PAGE   18

     849                      .dwattr $C$DW$94, DW_AT_location[DW_OP_regx 0x34]
     850              $C$DW$95        .dwtag  DW_TAG_TI_assign_register, DW_AT_name("R3HL")
     851                      .dwattr $C$DW$95, DW_AT_location[DW_OP_regx 0x37]
     852              $C$DW$96        .dwtag  DW_TAG_TI_assign_register, DW_AT_name("R3H")
     853                      .dwattr $C$DW$96, DW_AT_location[DW_OP_regx 0x38]
     854              $C$DW$97        .dwtag  DW_TAG_TI_assign_register, DW_AT_name("R4HL")
     855                      .dwattr $C$DW$97, DW_AT_location[DW_OP_regx 0x3b]
     856              $C$DW$98        .dwtag  DW_TAG_TI_assign_register, DW_AT_name("R4H")
     857                      .dwattr $C$DW$98, DW_AT_location[DW_OP_regx 0x3c]
     858              $C$DW$99        .dwtag  DW_TAG_TI_assign_register, DW_AT_name("R5HL")
     859                      .dwattr $C$DW$99, DW_AT_location[DW_OP_regx 0x3f]
     860              $C$DW$100       .dwtag  DW_TAG_TI_assign_register, DW_AT_name("R5H")
     861                      .dwattr $C$DW$100, DW_AT_location[DW_OP_regx 0x40]
     862              $C$DW$101       .dwtag  DW_TAG_TI_assign_register, DW_AT_name("R6HL")
     863                      .dwattr $C$DW$101, DW_AT_location[DW_OP_regx 0x43]
     864              $C$DW$102       .dwtag  DW_TAG_TI_assign_register, DW_AT_name("R6H")
     865                      .dwattr $C$DW$102, DW_AT_location[DW_OP_regx 0x44]
     866              $C$DW$103       .dwtag  DW_TAG_TI_assign_register, DW_AT_name("R7HL")
     867                      .dwattr $C$DW$103, DW_AT_location[DW_OP_regx 0x47]
     868              $C$DW$104       .dwtag  DW_TAG_TI_assign_register, DW_AT_name("R7H")
     869                      .dwattr $C$DW$104, DW_AT_location[DW_OP_regx 0x48]
     870              $C$DW$105       .dwtag  DW_TAG_TI_assign_register, DW_AT_name("RBL")
     871                      .dwattr $C$DW$105, DW_AT_location[DW_OP_regx 0x49]
     872              $C$DW$106       .dwtag  DW_TAG_TI_assign_register, DW_AT_name("RB")
     873                      .dwattr $C$DW$106, DW_AT_location[DW_OP_regx 0x4a]
     874              $C$DW$107       .dwtag  DW_TAG_TI_assign_register, DW_AT_name("STFL")
     875                      .dwattr $C$DW$107, DW_AT_location[DW_OP_regx 0x27]
     876              $C$DW$108       .dwtag  DW_TAG_TI_assign_register, DW_AT_name("STF")
     877                      .dwattr $C$DW$108, DW_AT_location[DW_OP_regx 0x28]
     878              $C$DW$109       .dwtag  DW_TAG_TI_assign_register, DW_AT_name("FPUHAZ")
     879                      .dwattr $C$DW$109, DW_AT_location[DW_OP_reg27]
     880              $C$DW$110       .dwtag  DW_TAG_TI_assign_register, DW_AT_name("CIE_RETA")
     881                      .dwattr $C$DW$110, DW_AT_location[DW_OP_regx 0x4e]
     882                      .dwendtag $C$DW$CU
     883              

No Assembly Errors, No Assembly Warnings
