TMS320C2000 Assembler PC v6.2.7 Thu Jul 02 08:31:24 2015

Tools Copyright (c) 1996-2014 Texas Instruments Incorporated
C:\Users\Tester\AppData\Local\Temp\0249610                           PAGE    1

       1              ;***************************************************************
       2              ;* TMS320C2000 C/C++ Codegen                         PC v6.2.7 *
       3              ;* Date/Time created: Thu Jul 02 08:31:24 2015                 *
       4              ;***************************************************************
       5                      .compiler_opts --diag_wrap=off --float_support=fpu32 --hll_source=on --mem_model:code=flat --mem_mode
       6        0002  FP      .set    XAR2
       7              
       8              $C$DW$CU        .dwtag  DW_TAG_compile_unit
       9                      .dwattr $C$DW$CU, DW_AT_name("../DSP2833x_headers/source/DSP2833x_MemCopy.c")
      10                      .dwattr $C$DW$CU, DW_AT_producer("TMS320C2000 C/C++ Codegen PC v6.2.7 Copyright (c) 1996-2014 Texas I
      11                      .dwattr $C$DW$CU, DW_AT_TI_version(0x01)
      12                      .dwattr $C$DW$CU, DW_AT_comp_dir("D:\ActiveProject\EKT5\PKMT_NONBIOS\InvertorCntrl\ISPprg")
      13              ;       C:\ti\ccsv6\tools\compiler\c2000_6.2.7\bin\ac2000.exe -@C:\\Users\\Tester\\AppData\\Local\\Temp\\0249
      14 00000000               .sect   ".text"
      15                      .clink
      16                      .global _MemCopy
      17              
      18              $C$DW$1 .dwtag  DW_TAG_subprogram, DW_AT_name("MemCopy")
      19                      .dwattr $C$DW$1, DW_AT_low_pc(_MemCopy)
      20                      .dwattr $C$DW$1, DW_AT_high_pc(0x00)
      21                      .dwattr $C$DW$1, DW_AT_TI_symbol_name("_MemCopy")
      22                      .dwattr $C$DW$1, DW_AT_external
      23                      .dwattr $C$DW$1, DW_AT_TI_begin_file("../DSP2833x_headers/source/DSP2833x_MemCopy.c")
      24                      .dwattr $C$DW$1, DW_AT_TI_begin_line(0x20)
      25                      .dwattr $C$DW$1, DW_AT_TI_begin_column(0x06)
      26                      .dwattr $C$DW$1, DW_AT_TI_max_frame_size(-6)
      27                      .dwpsn  file "../DSP2833x_headers/source/DSP2833x_MemCopy.c",line 33,column 1,is_stmt,address _MemCop
      28              
      29                      .dwfde $C$DW$CIE, _MemCopy
      30              $C$DW$2 .dwtag  DW_TAG_formal_parameter, DW_AT_name("SourceAddr")
      31                      .dwattr $C$DW$2, DW_AT_TI_symbol_name("_SourceAddr")
      32                      .dwattr $C$DW$2, DW_AT_type(*$C$DW$T$20)
      33                      .dwattr $C$DW$2, DW_AT_location[DW_OP_reg12]
      34              $C$DW$3 .dwtag  DW_TAG_formal_parameter, DW_AT_name("SourceEndAddr")
      35                      .dwattr $C$DW$3, DW_AT_TI_symbol_name("_SourceEndAddr")
      36                      .dwattr $C$DW$3, DW_AT_type(*$C$DW$T$20)
      37                      .dwattr $C$DW$3, DW_AT_location[DW_OP_reg14]
      38              $C$DW$4 .dwtag  DW_TAG_formal_parameter, DW_AT_name("DestAddr")
      39                      .dwattr $C$DW$4, DW_AT_TI_symbol_name("_DestAddr")
      40                      .dwattr $C$DW$4, DW_AT_type(*$C$DW$T$20)
      41                      .dwattr $C$DW$4, DW_AT_location[DW_OP_breg20 -8]
      42              
      43              ;***************************************************************
      44              ;* FNAME: _MemCopy                      FR SIZE:   4           *
      45              ;*                                                             *
      46              ;* FUNCTION ENVIRONMENT                                        *
      47              ;*                                                             *
      48              ;* FUNCTION PROPERTIES                                         *
      49              ;*                            0 Parameter,  4 Auto,  0 SOE     *
      50              ;***************************************************************
      51              
      52 00000000       _MemCopy:
      53                      .dwcfi  cfa_offset, -2
      54                      .dwcfi  save_reg_to_mem, 26, 0
      55                      .dwcfi  save_reg_to_reg, 78, 26
TMS320C2000 Assembler PC v6.2.7 Thu Jul 02 08:31:24 2015

Tools Copyright (c) 1996-2014 Texas Instruments Incorporated
C:\Users\Tester\AppData\Local\Temp\0249610                           PAGE    2

      56 00000000 FE04          ADDB      SP,#4                 ; [CPU_U] 
      57                      .dwcfi  cfa_offset, -6
      58              $C$DW$5 .dwtag  DW_TAG_variable, DW_AT_name("SourceAddr")
      59                      .dwattr $C$DW$5, DW_AT_TI_symbol_name("_SourceAddr")
      60                      .dwattr $C$DW$5, DW_AT_type(*$C$DW$T$20)
      61                      .dwattr $C$DW$5, DW_AT_location[DW_OP_breg20 -2]
      62              $C$DW$6 .dwtag  DW_TAG_variable, DW_AT_name("SourceEndAddr")
      63                      .dwattr $C$DW$6, DW_AT_TI_symbol_name("_SourceEndAddr")
      64                      .dwattr $C$DW$6, DW_AT_type(*$C$DW$T$20)
      65                      .dwattr $C$DW$6, DW_AT_location[DW_OP_breg20 -4]
      66 00000001 A044          MOVL      *-SP[4],XAR5          ; [CPU_] |33| 
      67 00000002 A842          MOVL      *-SP[2],XAR4          ; [CPU_] |33| 
      68                      .dwpsn  file "../DSP2833x_headers/source/DSP2833x_MemCopy.c",line 34,column 11,is_stmt
      69 00000003 C442          MOVL      XAR6,*-SP[2]          ; [CPU_] |34| 
      70 00000004 0644          MOVL      ACC,*-SP[4]           ; [CPU_] |34| 
      71 00000005 0FA6          CMPL      ACC,XAR6              ; [CPU_] |34| 
      72 00000006 690D          B         $C$L2,LOS             ; [CPU_] |34| 
      73                      ; branchcc occurs ; [] |34| 
      74 00000007       $C$L1:    
      75                      .dwpsn  file "../DSP2833x_headers/source/DSP2833x_MemCopy.c",line 36,column 8,is_stmt
      76 00000007 8A42          MOVL      XAR4,*-SP[2]          ; [CPU_] |36| 
      77 00000008 9284          MOV       AL,*XAR4++            ; [CPU_] |36| 
      78 00000009 A842          MOVL      *-SP[2],XAR4          ; [CPU_] |36| 
      79 0000000a 8A48          MOVL      XAR4,*-SP[8]          ; [CPU_] |36| 
      80 0000000b C4A4          MOVL      XAR6,XAR4             ; [CPU_] |36| 
      81 0000000c DE01          ADDB      XAR6,#1               ; [CPU_] |36| 
      82 0000000d C248          MOVL      *-SP[8],XAR6          ; [CPU_] |36| 
      83 0000000e 96C4          MOV       *+XAR4[0],AL          ; [CPU_] |36| 
      84                      .dwpsn  file "../DSP2833x_headers/source/DSP2833x_MemCopy.c",line 34,column 11,is_stmt
      85 0000000f C442          MOVL      XAR6,*-SP[2]          ; [CPU_] |34| 
      86 00000010 0644          MOVL      ACC,*-SP[4]           ; [CPU_] |34| 
      87 00000011 0FA6          CMPL      ACC,XAR6              ; [CPU_] |34| 
      88 00000012 66F5          B         $C$L1,HI              ; [CPU_] |34| 
      89                      ; branchcc occurs ; [] |34| 
      90                      .dwpsn  file "../DSP2833x_headers/source/DSP2833x_MemCopy.c",line 38,column 5,is_stmt
      91 00000013       $C$L2:    
      92                      .dwpsn  file "../DSP2833x_headers/source/DSP2833x_MemCopy.c",line 39,column 1,is_stmt
      93 00000013 FE84          SUBB      SP,#4                 ; [CPU_U] 
      94                      .dwcfi  cfa_offset, -2
      95              $C$DW$7 .dwtag  DW_TAG_TI_branch
      96                      .dwattr $C$DW$7, DW_AT_low_pc(0x00)
      97                      .dwattr $C$DW$7, DW_AT_TI_return
      98 00000014 0006          LRETR     ; [CPU_] 
      99                      ; return occurs ; [] 
     100                      .dwattr $C$DW$1, DW_AT_TI_end_file("../DSP2833x_headers/source/DSP2833x_MemCopy.c")
     101                      .dwattr $C$DW$1, DW_AT_TI_end_line(0x27)
     102                      .dwattr $C$DW$1, DW_AT_TI_end_column(0x01)
     103                      .dwendentry
     104                      .dwendtag $C$DW$1
     105              
     106              
     107              ;***************************************************************
     108              ;* TYPE INFORMATION                                            *
     109              ;***************************************************************
     110              $C$DW$T$4       .dwtag  DW_TAG_base_type
TMS320C2000 Assembler PC v6.2.7 Thu Jul 02 08:31:24 2015

Tools Copyright (c) 1996-2014 Texas Instruments Incorporated
C:\Users\Tester\AppData\Local\Temp\0249610                           PAGE    3

     111                      .dwattr $C$DW$T$4, DW_AT_encoding(DW_ATE_boolean)
     112                      .dwattr $C$DW$T$4, DW_AT_name("bool")
     113                      .dwattr $C$DW$T$4, DW_AT_byte_size(0x01)
     114              $C$DW$T$5       .dwtag  DW_TAG_base_type
     115                      .dwattr $C$DW$T$5, DW_AT_encoding(DW_ATE_signed_char)
     116                      .dwattr $C$DW$T$5, DW_AT_name("signed char")
     117                      .dwattr $C$DW$T$5, DW_AT_byte_size(0x01)
     118              $C$DW$T$6       .dwtag  DW_TAG_base_type
     119                      .dwattr $C$DW$T$6, DW_AT_encoding(DW_ATE_unsigned_char)
     120                      .dwattr $C$DW$T$6, DW_AT_name("unsigned char")
     121                      .dwattr $C$DW$T$6, DW_AT_byte_size(0x01)
     122              $C$DW$T$7       .dwtag  DW_TAG_base_type
     123                      .dwattr $C$DW$T$7, DW_AT_encoding(DW_ATE_signed_char)
     124                      .dwattr $C$DW$T$7, DW_AT_name("wchar_t")
     125                      .dwattr $C$DW$T$7, DW_AT_byte_size(0x01)
     126              $C$DW$T$8       .dwtag  DW_TAG_base_type
     127                      .dwattr $C$DW$T$8, DW_AT_encoding(DW_ATE_signed)
     128                      .dwattr $C$DW$T$8, DW_AT_name("short")
     129                      .dwattr $C$DW$T$8, DW_AT_byte_size(0x01)
     130              $C$DW$T$9       .dwtag  DW_TAG_base_type
     131                      .dwattr $C$DW$T$9, DW_AT_encoding(DW_ATE_unsigned)
     132                      .dwattr $C$DW$T$9, DW_AT_name("unsigned short")
     133                      .dwattr $C$DW$T$9, DW_AT_byte_size(0x01)
     134              $C$DW$T$10      .dwtag  DW_TAG_base_type
     135                      .dwattr $C$DW$T$10, DW_AT_encoding(DW_ATE_signed)
     136                      .dwattr $C$DW$T$10, DW_AT_name("int")
     137                      .dwattr $C$DW$T$10, DW_AT_byte_size(0x01)
     138              $C$DW$T$11      .dwtag  DW_TAG_base_type
     139                      .dwattr $C$DW$T$11, DW_AT_encoding(DW_ATE_unsigned)
     140                      .dwattr $C$DW$T$11, DW_AT_name("unsigned int")
     141                      .dwattr $C$DW$T$11, DW_AT_byte_size(0x01)
     142              $C$DW$T$19      .dwtag  DW_TAG_typedef, DW_AT_name("Uint16")
     143                      .dwattr $C$DW$T$19, DW_AT_type(*$C$DW$T$11)
     144                      .dwattr $C$DW$T$19, DW_AT_language(DW_LANG_C)
     145              $C$DW$T$20      .dwtag  DW_TAG_pointer_type
     146                      .dwattr $C$DW$T$20, DW_AT_type(*$C$DW$T$19)
     147                      .dwattr $C$DW$T$20, DW_AT_address_class(0x16)
     148              $C$DW$T$12      .dwtag  DW_TAG_base_type
     149                      .dwattr $C$DW$T$12, DW_AT_encoding(DW_ATE_signed)
     150                      .dwattr $C$DW$T$12, DW_AT_name("long")
     151                      .dwattr $C$DW$T$12, DW_AT_byte_size(0x02)
     152              $C$DW$T$13      .dwtag  DW_TAG_base_type
     153                      .dwattr $C$DW$T$13, DW_AT_encoding(DW_ATE_unsigned)
     154                      .dwattr $C$DW$T$13, DW_AT_name("unsigned long")
     155                      .dwattr $C$DW$T$13, DW_AT_byte_size(0x02)
     156              $C$DW$T$14      .dwtag  DW_TAG_base_type
     157                      .dwattr $C$DW$T$14, DW_AT_encoding(DW_ATE_signed)
     158                      .dwattr $C$DW$T$14, DW_AT_name("long long")
     159                      .dwattr $C$DW$T$14, DW_AT_byte_size(0x04)
     160              $C$DW$T$15      .dwtag  DW_TAG_base_type
     161                      .dwattr $C$DW$T$15, DW_AT_encoding(DW_ATE_unsigned)
     162                      .dwattr $C$DW$T$15, DW_AT_name("unsigned long long")
     163                      .dwattr $C$DW$T$15, DW_AT_byte_size(0x04)
     164              $C$DW$T$16      .dwtag  DW_TAG_base_type
     165                      .dwattr $C$DW$T$16, DW_AT_encoding(DW_ATE_float)
TMS320C2000 Assembler PC v6.2.7 Thu Jul 02 08:31:24 2015

Tools Copyright (c) 1996-2014 Texas Instruments Incorporated
C:\Users\Tester\AppData\Local\Temp\0249610                           PAGE    4

     166                      .dwattr $C$DW$T$16, DW_AT_name("float")
     167                      .dwattr $C$DW$T$16, DW_AT_byte_size(0x02)
     168              $C$DW$T$17      .dwtag  DW_TAG_base_type
     169                      .dwattr $C$DW$T$17, DW_AT_encoding(DW_ATE_float)
     170                      .dwattr $C$DW$T$17, DW_AT_name("double")
     171                      .dwattr $C$DW$T$17, DW_AT_byte_size(0x02)
     172              $C$DW$T$18      .dwtag  DW_TAG_base_type
     173                      .dwattr $C$DW$T$18, DW_AT_encoding(DW_ATE_float)
     174                      .dwattr $C$DW$T$18, DW_AT_name("long double")
     175                      .dwattr $C$DW$T$18, DW_AT_byte_size(0x04)
     176                      .dwattr $C$DW$CU, DW_AT_language(DW_LANG_C)
     177              
     178              ;***************************************************************
     179              ;* DWARF CIE ENTRIES                                           *
     180              ;***************************************************************
     181              
     182              $C$DW$CIE       .dwcie 78
     183                      .dwcfi  cfa_register, 20
     184                      .dwcfi  cfa_offset, 0
     185                      .dwcfi  undefined, 0
     186                      .dwcfi  undefined, 1
     187                      .dwcfi  undefined, 2
     188                      .dwcfi  undefined, 3
     189                      .dwcfi  undefined, 20
     190                      .dwcfi  undefined, 21
     191                      .dwcfi  undefined, 22
     192                      .dwcfi  undefined, 23
     193                      .dwcfi  undefined, 24
     194                      .dwcfi  undefined, 25
     195                      .dwcfi  undefined, 26
     196                      .dwcfi  same_value, 28
     197                      .dwcfi  undefined, 29
     198                      .dwcfi  undefined, 30
     199                      .dwcfi  undefined, 31
     200                      .dwcfi  undefined, 32
     201                      .dwcfi  undefined, 33
     202                      .dwcfi  undefined, 34
     203                      .dwcfi  undefined, 35
     204                      .dwcfi  undefined, 36
     205                      .dwcfi  undefined, 37
     206                      .dwcfi  undefined, 38
     207                      .dwcfi  undefined, 75
     208                      .dwcfi  undefined, 76
     209                      .dwcfi  undefined, 77
     210                      .dwcfi  undefined, 4
     211                      .dwcfi  same_value, 6
     212                      .dwcfi  same_value, 8
     213                      .dwcfi  same_value, 10
     214                      .dwcfi  undefined, 12
     215                      .dwcfi  undefined, 14
     216                      .dwcfi  undefined, 16
     217                      .dwcfi  undefined, 17
     218                      .dwcfi  undefined, 18
     219                      .dwcfi  undefined, 19
     220                      .dwcfi  undefined, 5
TMS320C2000 Assembler PC v6.2.7 Thu Jul 02 08:31:24 2015

Tools Copyright (c) 1996-2014 Texas Instruments Incorporated
C:\Users\Tester\AppData\Local\Temp\0249610                           PAGE    5

     221                      .dwcfi  same_value, 7
     222                      .dwcfi  same_value, 9
     223                      .dwcfi  same_value, 11
     224                      .dwcfi  undefined, 13
     225                      .dwcfi  undefined, 15
     226                      .dwcfi  undefined, 43
     227                      .dwcfi  undefined, 44
     228                      .dwcfi  undefined, 47
     229                      .dwcfi  undefined, 48
     230                      .dwcfi  undefined, 51
     231                      .dwcfi  undefined, 52
     232                      .dwcfi  undefined, 55
     233                      .dwcfi  undefined, 56
     234                      .dwcfi  same_value, 59
     235                      .dwcfi  same_value, 60
     236                      .dwcfi  same_value, 63
     237                      .dwcfi  same_value, 64
     238                      .dwcfi  same_value, 67
     239                      .dwcfi  same_value, 68
     240                      .dwcfi  same_value, 71
     241                      .dwcfi  same_value, 72
     242                      .dwcfi  undefined, 73
     243                      .dwcfi  undefined, 74
     244                      .dwcfi  undefined, 39
     245                      .dwcfi  undefined, 40
     246                      .dwcfi  undefined, 27
     247                      .dwcfi  undefined, 78
     248                      .dwendentry
     249              
     250              ;***************************************************************
     251              ;* DWARF REGISTER MAP                                          *
     252              ;***************************************************************
     253              
     254              $C$DW$8 .dwtag  DW_TAG_TI_assign_register, DW_AT_name("AL")
     255                      .dwattr $C$DW$8, DW_AT_location[DW_OP_reg0]
     256              $C$DW$9 .dwtag  DW_TAG_TI_assign_register, DW_AT_name("AH")
     257                      .dwattr $C$DW$9, DW_AT_location[DW_OP_reg1]
     258              $C$DW$10        .dwtag  DW_TAG_TI_assign_register, DW_AT_name("PL")
     259                      .dwattr $C$DW$10, DW_AT_location[DW_OP_reg2]
     260              $C$DW$11        .dwtag  DW_TAG_TI_assign_register, DW_AT_name("PH")
     261                      .dwattr $C$DW$11, DW_AT_location[DW_OP_reg3]
     262              $C$DW$12        .dwtag  DW_TAG_TI_assign_register, DW_AT_name("SP")
     263                      .dwattr $C$DW$12, DW_AT_location[DW_OP_reg20]
     264              $C$DW$13        .dwtag  DW_TAG_TI_assign_register, DW_AT_name("XT")
     265                      .dwattr $C$DW$13, DW_AT_location[DW_OP_reg21]
     266              $C$DW$14        .dwtag  DW_TAG_TI_assign_register, DW_AT_name("T")
     267                      .dwattr $C$DW$14, DW_AT_location[DW_OP_reg22]
     268              $C$DW$15        .dwtag  DW_TAG_TI_assign_register, DW_AT_name("ST0")
     269                      .dwattr $C$DW$15, DW_AT_location[DW_OP_reg23]
     270              $C$DW$16        .dwtag  DW_TAG_TI_assign_register, DW_AT_name("ST1")
     271                      .dwattr $C$DW$16, DW_AT_location[DW_OP_reg24]
     272              $C$DW$17        .dwtag  DW_TAG_TI_assign_register, DW_AT_name("PC")
     273                      .dwattr $C$DW$17, DW_AT_location[DW_OP_reg25]
     274              $C$DW$18        .dwtag  DW_TAG_TI_assign_register, DW_AT_name("RPC")
     275                      .dwattr $C$DW$18, DW_AT_location[DW_OP_reg26]
TMS320C2000 Assembler PC v6.2.7 Thu Jul 02 08:31:24 2015

Tools Copyright (c) 1996-2014 Texas Instruments Incorporated
C:\Users\Tester\AppData\Local\Temp\0249610                           PAGE    6

     276              $C$DW$19        .dwtag  DW_TAG_TI_assign_register, DW_AT_name("FP")
     277                      .dwattr $C$DW$19, DW_AT_location[DW_OP_reg28]
     278              $C$DW$20        .dwtag  DW_TAG_TI_assign_register, DW_AT_name("DP")
     279                      .dwattr $C$DW$20, DW_AT_location[DW_OP_reg29]
     280              $C$DW$21        .dwtag  DW_TAG_TI_assign_register, DW_AT_name("SXM")
     281                      .dwattr $C$DW$21, DW_AT_location[DW_OP_reg30]
     282              $C$DW$22        .dwtag  DW_TAG_TI_assign_register, DW_AT_name("PM")
     283                      .dwattr $C$DW$22, DW_AT_location[DW_OP_reg31]
     284              $C$DW$23        .dwtag  DW_TAG_TI_assign_register, DW_AT_name("OVM")
     285                      .dwattr $C$DW$23, DW_AT_location[DW_OP_regx 0x20]
     286              $C$DW$24        .dwtag  DW_TAG_TI_assign_register, DW_AT_name("PAGE0")
     287                      .dwattr $C$DW$24, DW_AT_location[DW_OP_regx 0x21]
     288              $C$DW$25        .dwtag  DW_TAG_TI_assign_register, DW_AT_name("AMODE")
     289                      .dwattr $C$DW$25, DW_AT_location[DW_OP_regx 0x22]
     290              $C$DW$26        .dwtag  DW_TAG_TI_assign_register, DW_AT_name("INTM")
     291                      .dwattr $C$DW$26, DW_AT_location[DW_OP_regx 0x23]
     292              $C$DW$27        .dwtag  DW_TAG_TI_assign_register, DW_AT_name("IFR")
     293                      .dwattr $C$DW$27, DW_AT_location[DW_OP_regx 0x24]
     294              $C$DW$28        .dwtag  DW_TAG_TI_assign_register, DW_AT_name("IER")
     295                      .dwattr $C$DW$28, DW_AT_location[DW_OP_regx 0x25]
     296              $C$DW$29        .dwtag  DW_TAG_TI_assign_register, DW_AT_name("V")
     297                      .dwattr $C$DW$29, DW_AT_location[DW_OP_regx 0x26]
     298              $C$DW$30        .dwtag  DW_TAG_TI_assign_register, DW_AT_name("PSEUDOH")
     299                      .dwattr $C$DW$30, DW_AT_location[DW_OP_regx 0x4c]
     300              $C$DW$31        .dwtag  DW_TAG_TI_assign_register, DW_AT_name("VOL")
     301                      .dwattr $C$DW$31, DW_AT_location[DW_OP_regx 0x4d]
     302              $C$DW$32        .dwtag  DW_TAG_TI_assign_register, DW_AT_name("AR0")
     303                      .dwattr $C$DW$32, DW_AT_location[DW_OP_reg4]
     304              $C$DW$33        .dwtag  DW_TAG_TI_assign_register, DW_AT_name("AR1")
     305                      .dwattr $C$DW$33, DW_AT_location[DW_OP_reg6]
     306              $C$DW$34        .dwtag  DW_TAG_TI_assign_register, DW_AT_name("AR2")
     307                      .dwattr $C$DW$34, DW_AT_location[DW_OP_reg8]
     308              $C$DW$35        .dwtag  DW_TAG_TI_assign_register, DW_AT_name("AR3")
     309                      .dwattr $C$DW$35, DW_AT_location[DW_OP_reg10]
     310              $C$DW$36        .dwtag  DW_TAG_TI_assign_register, DW_AT_name("AR4")
     311                      .dwattr $C$DW$36, DW_AT_location[DW_OP_reg12]
     312              $C$DW$37        .dwtag  DW_TAG_TI_assign_register, DW_AT_name("AR5")
     313                      .dwattr $C$DW$37, DW_AT_location[DW_OP_reg14]
     314              $C$DW$38        .dwtag  DW_TAG_TI_assign_register, DW_AT_name("AR6")
     315                      .dwattr $C$DW$38, DW_AT_location[DW_OP_reg16]
     316              $C$DW$39        .dwtag  DW_TAG_TI_assign_register, DW_AT_name("XAR6")
     317                      .dwattr $C$DW$39, DW_AT_location[DW_OP_reg17]
     318              $C$DW$40        .dwtag  DW_TAG_TI_assign_register, DW_AT_name("AR7")
     319                      .dwattr $C$DW$40, DW_AT_location[DW_OP_reg18]
     320              $C$DW$41        .dwtag  DW_TAG_TI_assign_register, DW_AT_name("XAR7")
     321                      .dwattr $C$DW$41, DW_AT_location[DW_OP_reg19]
     322              $C$DW$42        .dwtag  DW_TAG_TI_assign_register, DW_AT_name("XAR0")
     323                      .dwattr $C$DW$42, DW_AT_location[DW_OP_reg5]
     324              $C$DW$43        .dwtag  DW_TAG_TI_assign_register, DW_AT_name("XAR1")
     325                      .dwattr $C$DW$43, DW_AT_location[DW_OP_reg7]
     326              $C$DW$44        .dwtag  DW_TAG_TI_assign_register, DW_AT_name("XAR2")
     327                      .dwattr $C$DW$44, DW_AT_location[DW_OP_reg9]
     328              $C$DW$45        .dwtag  DW_TAG_TI_assign_register, DW_AT_name("XAR3")
     329                      .dwattr $C$DW$45, DW_AT_location[DW_OP_reg11]
     330              $C$DW$46        .dwtag  DW_TAG_TI_assign_register, DW_AT_name("XAR4")
TMS320C2000 Assembler PC v6.2.7 Thu Jul 02 08:31:24 2015

Tools Copyright (c) 1996-2014 Texas Instruments Incorporated
C:\Users\Tester\AppData\Local\Temp\0249610                           PAGE    7

     331                      .dwattr $C$DW$46, DW_AT_location[DW_OP_reg13]
     332              $C$DW$47        .dwtag  DW_TAG_TI_assign_register, DW_AT_name("XAR5")
     333                      .dwattr $C$DW$47, DW_AT_location[DW_OP_reg15]
     334              $C$DW$48        .dwtag  DW_TAG_TI_assign_register, DW_AT_name("R0HL")
     335                      .dwattr $C$DW$48, DW_AT_location[DW_OP_regx 0x2b]
     336              $C$DW$49        .dwtag  DW_TAG_TI_assign_register, DW_AT_name("R0H")
     337                      .dwattr $C$DW$49, DW_AT_location[DW_OP_regx 0x2c]
     338              $C$DW$50        .dwtag  DW_TAG_TI_assign_register, DW_AT_name("R1HL")
     339                      .dwattr $C$DW$50, DW_AT_location[DW_OP_regx 0x2f]
     340              $C$DW$51        .dwtag  DW_TAG_TI_assign_register, DW_AT_name("R1H")
     341                      .dwattr $C$DW$51, DW_AT_location[DW_OP_regx 0x30]
     342              $C$DW$52        .dwtag  DW_TAG_TI_assign_register, DW_AT_name("R2HL")
     343                      .dwattr $C$DW$52, DW_AT_location[DW_OP_regx 0x33]
     344              $C$DW$53        .dwtag  DW_TAG_TI_assign_register, DW_AT_name("R2H")
     345                      .dwattr $C$DW$53, DW_AT_location[DW_OP_regx 0x34]
     346              $C$DW$54        .dwtag  DW_TAG_TI_assign_register, DW_AT_name("R3HL")
     347                      .dwattr $C$DW$54, DW_AT_location[DW_OP_regx 0x37]
     348              $C$DW$55        .dwtag  DW_TAG_TI_assign_register, DW_AT_name("R3H")
     349                      .dwattr $C$DW$55, DW_AT_location[DW_OP_regx 0x38]
     350              $C$DW$56        .dwtag  DW_TAG_TI_assign_register, DW_AT_name("R4HL")
     351                      .dwattr $C$DW$56, DW_AT_location[DW_OP_regx 0x3b]
     352              $C$DW$57        .dwtag  DW_TAG_TI_assign_register, DW_AT_name("R4H")
     353                      .dwattr $C$DW$57, DW_AT_location[DW_OP_regx 0x3c]
     354              $C$DW$58        .dwtag  DW_TAG_TI_assign_register, DW_AT_name("R5HL")
     355                      .dwattr $C$DW$58, DW_AT_location[DW_OP_regx 0x3f]
     356              $C$DW$59        .dwtag  DW_TAG_TI_assign_register, DW_AT_name("R5H")
     357                      .dwattr $C$DW$59, DW_AT_location[DW_OP_regx 0x40]
     358              $C$DW$60        .dwtag  DW_TAG_TI_assign_register, DW_AT_name("R6HL")
     359                      .dwattr $C$DW$60, DW_AT_location[DW_OP_regx 0x43]
     360              $C$DW$61        .dwtag  DW_TAG_TI_assign_register, DW_AT_name("R6H")
     361                      .dwattr $C$DW$61, DW_AT_location[DW_OP_regx 0x44]
     362              $C$DW$62        .dwtag  DW_TAG_TI_assign_register, DW_AT_name("R7HL")
     363                      .dwattr $C$DW$62, DW_AT_location[DW_OP_regx 0x47]
     364              $C$DW$63        .dwtag  DW_TAG_TI_assign_register, DW_AT_name("R7H")
     365                      .dwattr $C$DW$63, DW_AT_location[DW_OP_regx 0x48]
     366              $C$DW$64        .dwtag  DW_TAG_TI_assign_register, DW_AT_name("RBL")
     367                      .dwattr $C$DW$64, DW_AT_location[DW_OP_regx 0x49]
     368              $C$DW$65        .dwtag  DW_TAG_TI_assign_register, DW_AT_name("RB")
     369                      .dwattr $C$DW$65, DW_AT_location[DW_OP_regx 0x4a]
     370              $C$DW$66        .dwtag  DW_TAG_TI_assign_register, DW_AT_name("STFL")
     371                      .dwattr $C$DW$66, DW_AT_location[DW_OP_regx 0x27]
     372              $C$DW$67        .dwtag  DW_TAG_TI_assign_register, DW_AT_name("STF")
     373                      .dwattr $C$DW$67, DW_AT_location[DW_OP_regx 0x28]
     374              $C$DW$68        .dwtag  DW_TAG_TI_assign_register, DW_AT_name("FPUHAZ")
     375                      .dwattr $C$DW$68, DW_AT_location[DW_OP_reg27]
     376              $C$DW$69        .dwtag  DW_TAG_TI_assign_register, DW_AT_name("CIE_RETA")
     377                      .dwattr $C$DW$69, DW_AT_location[DW_OP_regx 0x4e]
     378                      .dwendtag $C$DW$CU
     379              

No Assembly Errors, No Assembly Warnings
