TMS320C2000 Assembler PC v6.2.7 Thu Jul 02 08:31:15 2015

Tools Copyright (c) 1996-2014 Texas Instruments Incorporated
C:\Users\Tester\AppData\Local\Temp\0321610                           PAGE    1

       1              ;***************************************************************
       2              ;* TMS320C2000 C/C++ Codegen                         PC v6.2.7 *
       3              ;* Date/Time created: Thu Jul 02 08:31:15 2015                 *
       4              ;***************************************************************
       5                      .compiler_opts --diag_wrap=off --float_support=fpu32 --hll_source=on --mem_model:code=flat --mem_mode
       6        0002  FP      .set    XAR2
       7              
       8              $C$DW$CU        .dwtag  DW_TAG_compile_unit
       9                      .dwattr $C$DW$CU, DW_AT_name("../SpeedDetect/DetectSpeed.c")
      10                      .dwattr $C$DW$CU, DW_AT_producer("TMS320C2000 C/C++ Codegen PC v6.2.7 Copyright (c) 1996-2014 Texas I
      11                      .dwattr $C$DW$CU, DW_AT_TI_version(0x01)
      12                      .dwattr $C$DW$CU, DW_AT_comp_dir("D:\ActiveProject\EKT5\PKMT_NONBIOS\InvertorCntrl\ISPprg")
      13              
      14              $C$DW$1 .dwtag  DW_TAG_subprogram, DW_AT_name("setStepAmpl")
      15                      .dwattr $C$DW$1, DW_AT_TI_symbol_name("_setStepAmpl")
      16                      .dwattr $C$DW$1, DW_AT_declaration
      17                      .dwattr $C$DW$1, DW_AT_external
      18              $C$DW$2 .dwtag  DW_TAG_formal_parameter
      19                      .dwattr $C$DW$2, DW_AT_type(*$C$DW$T$16)
      20                      .dwendtag $C$DW$1
      21              
      22              
      23              $C$DW$3 .dwtag  DW_TAG_subprogram, DW_AT_name("setStepConer")
      24                      .dwattr $C$DW$3, DW_AT_TI_symbol_name("_setStepConer")
      25                      .dwattr $C$DW$3, DW_AT_declaration
      26                      .dwattr $C$DW$3, DW_AT_external
      27              $C$DW$4 .dwtag  DW_TAG_formal_parameter
      28                      .dwattr $C$DW$4, DW_AT_type(*$C$DW$T$16)
      29                      .dwendtag $C$DW$3
      30              
      31              
      32              $C$DW$5 .dwtag  DW_TAG_subprogram, DW_AT_name("getRegister")
      33                      .dwattr $C$DW$5, DW_AT_TI_symbol_name("_getRegister")
      34                      .dwattr $C$DW$5, DW_AT_type(*$C$DW$T$10)
      35                      .dwattr $C$DW$5, DW_AT_declaration
      36                      .dwattr $C$DW$5, DW_AT_external
      37              $C$DW$6 .dwtag  DW_TAG_formal_parameter
      38                      .dwattr $C$DW$6, DW_AT_type(*$C$DW$T$5)
      39                      .dwendtag $C$DW$5
      40              
      41                      .global _findDir
      42 00000000       _findDir:       .usect  ".ebss",1,1,0
      43              $C$DW$7 .dwtag  DW_TAG_variable, DW_AT_name("findDir")
      44                      .dwattr $C$DW$7, DW_AT_TI_symbol_name("_findDir")
      45                      .dwattr $C$DW$7, DW_AT_location[DW_OP_addr _findDir]
      46                      .dwattr $C$DW$7, DW_AT_type(*$C$DW$T$5)
      47                      .dwattr $C$DW$7, DW_AT_external
      48                      .global _deltaFindM
      49 00000002       _deltaFindM:    .usect  ".ebss",2,1,1
      50              $C$DW$8 .dwtag  DW_TAG_variable, DW_AT_name("deltaFindM")
      51                      .dwattr $C$DW$8, DW_AT_TI_symbol_name("_deltaFindM")
      52                      .dwattr $C$DW$8, DW_AT_location[DW_OP_addr _deltaFindM]
      53                      .dwattr $C$DW$8, DW_AT_type(*$C$DW$T$16)
      54                      .dwattr $C$DW$8, DW_AT_external
      55                      .global _koefFind1
TMS320C2000 Assembler PC v6.2.7 Thu Jul 02 08:31:15 2015

Tools Copyright (c) 1996-2014 Texas Instruments Incorporated
C:\Users\Tester\AppData\Local\Temp\0321610                           PAGE    2

      56 00000004       _koefFind1:     .usect  ".ebss",2,1,1
      57              $C$DW$9 .dwtag  DW_TAG_variable, DW_AT_name("koefFind1")
      58                      .dwattr $C$DW$9, DW_AT_TI_symbol_name("_koefFind1")
      59                      .dwattr $C$DW$9, DW_AT_location[DW_OP_addr _koefFind1]
      60                      .dwattr $C$DW$9, DW_AT_type(*$C$DW$T$16)
      61                      .dwattr $C$DW$9, DW_AT_external
      62                      .global _koefFind2
      63 00000006       _koefFind2:     .usect  ".ebss",2,1,1
      64              $C$DW$10        .dwtag  DW_TAG_variable, DW_AT_name("koefFind2")
      65                      .dwattr $C$DW$10, DW_AT_TI_symbol_name("_koefFind2")
      66                      .dwattr $C$DW$10, DW_AT_location[DW_OP_addr _koefFind2]
      67                      .dwattr $C$DW$10, DW_AT_type(*$C$DW$T$16)
      68                      .dwattr $C$DW$10, DW_AT_external
      69                      .global _currentSubLim
      70 00000008       _currentSubLim: .usect  ".ebss",2,1,1
      71              $C$DW$11        .dwtag  DW_TAG_variable, DW_AT_name("currentSubLim")
      72                      .dwattr $C$DW$11, DW_AT_TI_symbol_name("_currentSubLim")
      73                      .dwattr $C$DW$11, DW_AT_location[DW_OP_addr _currentSubLim]
      74                      .dwattr $C$DW$11, DW_AT_type(*$C$DW$T$16)
      75                      .dwattr $C$DW$11, DW_AT_external
      76                      .global _currentLimit
      77 0000000a       _currentLimit:  .usect  ".ebss",2,1,1
      78              $C$DW$12        .dwtag  DW_TAG_variable, DW_AT_name("currentLimit")
      79                      .dwattr $C$DW$12, DW_AT_TI_symbol_name("_currentLimit")
      80                      .dwattr $C$DW$12, DW_AT_location[DW_OP_addr _currentLimit]
      81                      .dwattr $C$DW$12, DW_AT_type(*$C$DW$T$16)
      82                      .dwattr $C$DW$12, DW_AT_external
      83              
      84              $C$DW$13        .dwtag  DW_TAG_subprogram, DW_AT_name("getVoltagFromFrequency")
      85                      .dwattr $C$DW$13, DW_AT_TI_symbol_name("_getVoltagFromFrequency")
      86                      .dwattr $C$DW$13, DW_AT_type(*$C$DW$T$16)
      87                      .dwattr $C$DW$13, DW_AT_declaration
      88                      .dwattr $C$DW$13, DW_AT_external
      89              $C$DW$14        .dwtag  DW_TAG_formal_parameter
      90                      .dwattr $C$DW$14, DW_AT_type(*$C$DW$T$16)
      91                      .dwendtag $C$DW$13
      92              
      93              
      94              $C$DW$15        .dwtag  DW_TAG_subprogram, DW_AT_name("getImVal")
      95                      .dwattr $C$DW$15, DW_AT_TI_symbol_name("_getImVal")
      96                      .dwattr $C$DW$15, DW_AT_type(*$C$DW$T$16)
      97                      .dwattr $C$DW$15, DW_AT_declaration
      98                      .dwattr $C$DW$15, DW_AT_external
      99              
     100              $C$DW$16        .dwtag  DW_TAG_subprogram, DW_AT_name("scaleVoltagPwm")
     101                      .dwattr $C$DW$16, DW_AT_TI_symbol_name("_scaleVoltagPwm")
     102                      .dwattr $C$DW$16, DW_AT_type(*$C$DW$T$16)
     103                      .dwattr $C$DW$16, DW_AT_declaration
     104                      .dwattr $C$DW$16, DW_AT_external
     105              $C$DW$17        .dwtag  DW_TAG_formal_parameter
     106                      .dwattr $C$DW$17, DW_AT_type(*$C$DW$T$16)
     107                      .dwendtag $C$DW$16
     108              
     109                      .global _voltagFind
     110 0000000c       _voltagFind:    .usect  ".ebss",2,1,1
TMS320C2000 Assembler PC v6.2.7 Thu Jul 02 08:31:15 2015

Tools Copyright (c) 1996-2014 Texas Instruments Incorporated
C:\Users\Tester\AppData\Local\Temp\0321610                           PAGE    3

     111              $C$DW$18        .dwtag  DW_TAG_variable, DW_AT_name("voltagFind")
     112                      .dwattr $C$DW$18, DW_AT_TI_symbol_name("_voltagFind")
     113                      .dwattr $C$DW$18, DW_AT_location[DW_OP_addr _voltagFind]
     114                      .dwattr $C$DW$18, DW_AT_type(*$C$DW$T$16)
     115                      .dwattr $C$DW$18, DW_AT_external
     116                      .global _freqFind
     117 0000000e       _freqFind:      .usect  ".ebss",2,1,1
     118              $C$DW$19        .dwtag  DW_TAG_variable, DW_AT_name("freqFind")
     119                      .dwattr $C$DW$19, DW_AT_TI_symbol_name("_freqFind")
     120                      .dwattr $C$DW$19, DW_AT_location[DW_OP_addr _freqFind]
     121                      .dwattr $C$DW$19, DW_AT_type(*$C$DW$T$16)
     122                      .dwattr $C$DW$19, DW_AT_external
     123                      .global _stepFreqFind
     124 00000010       _stepFreqFind:  .usect  ".ebss",2,1,1
     125              $C$DW$20        .dwtag  DW_TAG_variable, DW_AT_name("stepFreqFind")
     126                      .dwattr $C$DW$20, DW_AT_TI_symbol_name("_stepFreqFind")
     127                      .dwattr $C$DW$20, DW_AT_location[DW_OP_addr _stepFreqFind]
     128                      .dwattr $C$DW$20, DW_AT_type(*$C$DW$T$16)
     129                      .dwattr $C$DW$20, DW_AT_external
     130              ;       C:\ti\ccsv6\tools\compiler\c2000_6.2.7\bin\ac2000.exe -@C:\\Users\\Tester\\AppData\\Local\\Temp\\0321
     131 00000000               .sect   ".text"
     132                      .clink
     133                      .global _initFintSpeed
     134              
     135              $C$DW$21        .dwtag  DW_TAG_subprogram, DW_AT_name("initFintSpeed")
     136                      .dwattr $C$DW$21, DW_AT_low_pc(_initFintSpeed)
     137                      .dwattr $C$DW$21, DW_AT_high_pc(0x00)
     138                      .dwattr $C$DW$21, DW_AT_TI_symbol_name("_initFintSpeed")
     139                      .dwattr $C$DW$21, DW_AT_external
     140                      .dwattr $C$DW$21, DW_AT_TI_begin_file("../SpeedDetect/DetectSpeed.c")
     141                      .dwattr $C$DW$21, DW_AT_TI_begin_line(0x16)
     142                      .dwattr $C$DW$21, DW_AT_TI_begin_column(0x06)
     143                      .dwattr $C$DW$21, DW_AT_TI_max_frame_size(-4)
     144                      .dwpsn  file "../SpeedDetect/DetectSpeed.c",line 22,column 25,is_stmt,address _initFintSpeed
     145              
     146                      .dwfde $C$DW$CIE, _initFintSpeed
     147              
     148              ;***************************************************************
     149              ;* FNAME: _initFintSpeed                FR SIZE:   2           *
     150              ;*                                                             *
     151              ;* FUNCTION ENVIRONMENT                                        *
     152              ;*                                                             *
     153              ;* FUNCTION PROPERTIES                                         *
     154              ;*                            0 Parameter,  2 Auto,  0 SOE     *
     155              ;***************************************************************
     156              
     157 00000000       _initFintSpeed:
     158                      .dwcfi  cfa_offset, -2
     159                      .dwcfi  save_reg_to_mem, 26, 0
     160                      .dwcfi  save_reg_to_reg, 78, 26
     161 00000000 FE02          ADDB      SP,#2                 ; [CPU_U] 
     162                      .dwcfi  cfa_offset, -4
     163              $C$DW$22        .dwtag  DW_TAG_variable, DW_AT_name("tmp")
     164                      .dwattr $C$DW$22, DW_AT_TI_symbol_name("_tmp")
     165                      .dwattr $C$DW$22, DW_AT_type(*$C$DW$T$16)
TMS320C2000 Assembler PC v6.2.7 Thu Jul 02 08:31:15 2015

Tools Copyright (c) 1996-2014 Texas Instruments Incorporated
C:\Users\Tester\AppData\Local\Temp\0321610                           PAGE    4

     166                      .dwattr $C$DW$22, DW_AT_location[DW_OP_breg20 -2]
     167                      .dwpsn  file "../SpeedDetect/DetectSpeed.c",line 24,column 2,is_stmt
     168 00000001 9A88          MOVB      AL,#136               ; [CPU_] |24| 
     169              $C$DW$23        .dwtag  DW_TAG_TI_branch
     170                      .dwattr $C$DW$23, DW_AT_low_pc(0x00)
     171                      .dwattr $C$DW$23, DW_AT_name("_getRegister")
     172                      .dwattr $C$DW$23, DW_AT_TI_call
     173 00000002 7640!         LCR       #_getRegister         ; [CPU_] |24| 
         00000003 0000 
     174                      ; call occurs [#_getRegister] ; [] |24| 
     175 00000004 3B01          SETC      SXM                   ; [CPU_] 
     176 00000005 85A9          MOV       ACC,AL                ; [CPU_] |24| 
     177 00000006 BDA9          MOV32     R0H,ACC               ; [CPU_] |24| 
         00000007 0F12 
     178 00000008 7700          NOP       ; [CPU_] 
     179 00000009 7700          NOP       ; [CPU_] 
     180 0000000a 7700          NOP       ; [CPU_] 
     181 0000000b 7700          NOP       ; [CPU_] 
     182 0000000c E689          I32TOF32  R0H,R0H               ; [CPU_] |24| 
         0000000d 0000 
     183 0000000e 7700          NOP       ; [CPU_] 
     184 0000000f E203          MOV32     *-SP[2],R0H           ; [CPU_] |24| 
         00000010 0042 
     185                      .dwpsn  file "../SpeedDetect/DetectSpeed.c",line 25,column 2,is_stmt
     186 00000011 E851          MPYF32    R0H,R0H,#17530        ; [CPU_] |25| 
         00000012 1E80 
     187 00000013 7700          NOP       ; [CPU_] 
     188 00000014 E203          MOV32     *-SP[2],R0H           ; [CPU_] |25| 
         00000015 0042 
     189                      .dwpsn  file "../SpeedDetect/DetectSpeed.c",line 26,column 2,is_stmt
     190 00000016 9A6A          MOVB      AL,#106               ; [CPU_] |26| 
     191              $C$DW$24        .dwtag  DW_TAG_TI_branch
     192                      .dwattr $C$DW$24, DW_AT_low_pc(0x00)
     193                      .dwattr $C$DW$24, DW_AT_name("_getRegister")
     194                      .dwattr $C$DW$24, DW_AT_TI_call
     195 00000017 7640!         LCR       #_getRegister         ; [CPU_] |26| 
         00000018 0000 
     196                      ; call occurs [#_getRegister] ; [] |26| 
     197 00000019 3B01          SETC      SXM                   ; [CPU_] 
     198 0000001a 85A9          MOV       ACC,AL                ; [CPU_] |26| 
     199 0000001b BDA9          MOV32     R0H,ACC               ; [CPU_] |26| 
         0000001c 0F12 
     200 0000001d 7700          NOP       ; [CPU_] 
     201 0000001e 7700          NOP       ; [CPU_] 
     202 0000001f 7700          NOP       ; [CPU_] 
     203 00000020 7700          NOP       ; [CPU_] 
     204 00000021 E689          I32TOF32  R0H,R0H               ; [CPU_] |26| 
         00000022 0000 
     205 00000023 761F-         MOVW      DP,#_freqFind         ; [CPU_U] 
         00000024 0000 
     206 00000025 E203-         MOV32     @_freqFind,R0H        ; [CPU_] |26| 
         00000026 000E 
     207                      .dwpsn  file "../SpeedDetect/DetectSpeed.c",line 27,column 2,is_stmt
     208 00000027 E802          MOVIZ     R1H,#16672            ; [CPU_] |27| 
         00000028 0901 
TMS320C2000 Assembler PC v6.2.7 Thu Jul 02 08:31:15 2015

Tools Copyright (c) 1996-2014 Texas Instruments Incorporated
C:\Users\Tester\AppData\Local\Temp\0321610                           PAGE    5

     209              $C$DW$25        .dwtag  DW_TAG_TI_branch
     210                      .dwattr $C$DW$25, DW_AT_low_pc(0x00)
     211                      .dwattr $C$DW$25, DW_AT_name("FS$$DIV")
     212                      .dwattr $C$DW$25, DW_AT_TI_call
     213 00000029 7640!         LCR       #FS$$DIV              ; [CPU_] |27| 
         0000002a 0000 
     214                      ; call occurs [#FS$$DIV] ; [] |27| 
     215 0000002b 761F-         MOVW      DP,#_freqFind         ; [CPU_U] 
         0000002c 0000 
     216 0000002d E203-         MOV32     @_freqFind,R0H        ; [CPU_] |27| 
         0000002e 000E 
     217                      .dwpsn  file "../SpeedDetect/DetectSpeed.c",line 28,column 2,is_stmt
     218 0000002f E2AF          MOV32     R1H,*-SP[2]           ; [CPU_] |28| 
         00000030 0142 
     219              $C$DW$26        .dwtag  DW_TAG_TI_branch
     220                      .dwattr $C$DW$26, DW_AT_low_pc(0x00)
     221                      .dwattr $C$DW$26, DW_AT_name("FS$$DIV")
     222                      .dwattr $C$DW$26, DW_AT_TI_call
     223 00000031 7640!         LCR       #FS$$DIV              ; [CPU_] |28| 
         00000032 0000 
     224                      ; call occurs [#FS$$DIV] ; [] |28| 
     225 00000033 761F-         MOVW      DP,#_stepFreqFind     ; [CPU_U] 
         00000034 0000 
     226 00000035 E203-         MOV32     @_stepFreqFind,R0H    ; [CPU_] |28| 
         00000036 0010 
     227                      .dwpsn  file "../SpeedDetect/DetectSpeed.c",line 29,column 2,is_stmt
     228 00000037 9A8B          MOVB      AL,#139               ; [CPU_] |29| 
     229              $C$DW$27        .dwtag  DW_TAG_TI_branch
     230                      .dwattr $C$DW$27, DW_AT_low_pc(0x00)
     231                      .dwattr $C$DW$27, DW_AT_name("_getRegister")
     232                      .dwattr $C$DW$27, DW_AT_TI_call
     233 00000038 7640!         LCR       #_getRegister         ; [CPU_] |29| 
         00000039 0000 
     234                      ; call occurs [#_getRegister] ; [] |29| 
     235 0000003a 761F-         MOVW      DP,#_findDir          ; [CPU_U] 
         0000003b 0000 
     236 0000003c 9600-         MOV       @_findDir,AL          ; [CPU_] |29| 
     237                      .dwpsn  file "../SpeedDetect/DetectSpeed.c",line 30,column 2,is_stmt
     238 0000003d 9A87          MOVB      AL,#135               ; [CPU_] |30| 
     239              $C$DW$28        .dwtag  DW_TAG_TI_branch
     240                      .dwattr $C$DW$28, DW_AT_low_pc(0x00)
     241                      .dwattr $C$DW$28, DW_AT_name("_getRegister")
     242                      .dwattr $C$DW$28, DW_AT_TI_call
     243 0000003e 7640!         LCR       #_getRegister         ; [CPU_] |30| 
         0000003f 0000 
     244                      ; call occurs [#_getRegister] ; [] |30| 
     245 00000040 3B01          SETC      SXM                   ; [CPU_] 
     246 00000041 85A9          MOV       ACC,AL                ; [CPU_] |30| 
     247 00000042 BDA9          MOV32     R0H,ACC               ; [CPU_] |30| 
         00000043 0F12 
     248 00000044 7700          NOP       ; [CPU_] 
     249 00000045 7700          NOP       ; [CPU_] 
     250 00000046 7700          NOP       ; [CPU_] 
     251 00000047 7700          NOP       ; [CPU_] 
     252 00000048 E689          I32TOF32  R0H,R0H               ; [CPU_] |30| 
TMS320C2000 Assembler PC v6.2.7 Thu Jul 02 08:31:15 2015

Tools Copyright (c) 1996-2014 Texas Instruments Incorporated
C:\Users\Tester\AppData\Local\Temp\0321610                           PAGE    6

         00000049 0000 
     253 0000004a 761F-         MOVW      DP,#_currentLimit     ; [CPU_U] 
         0000004b 0000 
     254 0000004c E203-         MOV32     @_currentLimit,R0H    ; [CPU_] |30| 
         0000004d 000A 
     255                      .dwpsn  file "../SpeedDetect/DetectSpeed.c",line 31,column 2,is_stmt
     256 0000004e E802          MOVIZ     R1H,#16672            ; [CPU_] |31| 
         0000004f 0901 
     257              $C$DW$29        .dwtag  DW_TAG_TI_branch
     258                      .dwattr $C$DW$29, DW_AT_low_pc(0x00)
     259                      .dwattr $C$DW$29, DW_AT_name("FS$$DIV")
     260                      .dwattr $C$DW$29, DW_AT_TI_call
     261 00000050 7640!         LCR       #FS$$DIV              ; [CPU_] |31| 
         00000051 0000 
     262                      ; call occurs [#FS$$DIV] ; [] |31| 
     263 00000052 761F-         MOVW      DP,#_currentLimit     ; [CPU_U] 
         00000053 0000 
     264 00000054 E203-         MOV32     @_currentLimit,R0H    ; [CPU_] |31| 
         00000055 000A 
     265                      .dwpsn  file "../SpeedDetect/DetectSpeed.c",line 32,column 2,is_stmt
     266 00000056 E802          MOVIZ     R1H,#16512            ; [CPU_] |32| 
         00000057 0401 
     267              $C$DW$30        .dwtag  DW_TAG_TI_branch
     268                      .dwattr $C$DW$30, DW_AT_low_pc(0x00)
     269                      .dwattr $C$DW$30, DW_AT_name("FS$$DIV")
     270                      .dwattr $C$DW$30, DW_AT_TI_call
     271 00000058 7640!         LCR       #FS$$DIV              ; [CPU_] |32| 
         00000059 0000 
     272                      ; call occurs [#FS$$DIV] ; [] |32| 
     273 0000005a 761F-         MOVW      DP,#_currentSubLim    ; [CPU_U] 
         0000005b 0000 
     274 0000005c E203-         MOV32     @_currentSubLim,R0H   ; [CPU_] |32| 
         0000005d 0008 
     275                      .dwpsn  file "../SpeedDetect/DetectSpeed.c",line 33,column 2,is_stmt
     276 0000005e E590          ZERO      R0H                   ; [CPU_] |33| 
     277 0000005f E203-         MOV32     @_voltagFind,R0H      ; [CPU_] |33| 
         00000060 000C 
     278                      .dwpsn  file "../SpeedDetect/DetectSpeed.c",line 34,column 2,is_stmt
     279 00000061 E203-         MOV32     @_deltaFindM,R0H      ; [CPU_] |34| 
         00000062 0002 
     280                      .dwpsn  file "../SpeedDetect/DetectSpeed.c",line 35,column 2,is_stmt
     281 00000063 9A8A          MOVB      AL,#138               ; [CPU_] |35| 
     282              $C$DW$31        .dwtag  DW_TAG_TI_branch
     283                      .dwattr $C$DW$31, DW_AT_low_pc(0x00)
     284                      .dwattr $C$DW$31, DW_AT_name("_getRegister")
     285                      .dwattr $C$DW$31, DW_AT_TI_call
     286 00000064 7640!         LCR       #_getRegister         ; [CPU_] |35| 
         00000065 0000 
     287                      ; call occurs [#_getRegister] ; [] |35| 
     288 00000066 3B01          SETC      SXM                   ; [CPU_] 
     289 00000067 85A9          MOV       ACC,AL                ; [CPU_] |35| 
     290 00000068 BDA9          MOV32     R0H,ACC               ; [CPU_] |35| 
         00000069 0F12 
     291 0000006a 7700          NOP       ; [CPU_] 
     292 0000006b 7700          NOP       ; [CPU_] 
TMS320C2000 Assembler PC v6.2.7 Thu Jul 02 08:31:15 2015

Tools Copyright (c) 1996-2014 Texas Instruments Incorporated
C:\Users\Tester\AppData\Local\Temp\0321610                           PAGE    7

     293 0000006c 7700          NOP       ; [CPU_] 
     294 0000006d 7700          NOP       ; [CPU_] 
     295 0000006e E689          I32TOF32  R0H,R0H               ; [CPU_] |35| 
         0000006f 0000 
     296 00000070 7700          NOP       ; [CPU_] 
     297 00000071 E203          MOV32     *-SP[2],R0H           ; [CPU_] |35| 
         00000072 0042 
     298                      .dwpsn  file "../SpeedDetect/DetectSpeed.c",line 36,column 2,is_stmt
     299 00000073 E802          MOVIZ     R1H,#17530            ; [CPU_] |36| 
         00000074 23D1 
     300              $C$DW$32        .dwtag  DW_TAG_TI_branch
     301                      .dwattr $C$DW$32, DW_AT_low_pc(0x00)
     302                      .dwattr $C$DW$32, DW_AT_name("FS$$DIV")
     303                      .dwattr $C$DW$32, DW_AT_TI_call
     304 00000075 7640!         LCR       #FS$$DIV              ; [CPU_] |36| 
         00000076 0000 
     305                      ; call occurs [#FS$$DIV] ; [] |36| 
     306 00000077 E203          MOV32     *-SP[2],R0H           ; [CPU_] |36| 
         00000078 0042 
     307                      .dwpsn  file "../SpeedDetect/DetectSpeed.c",line 37,column 2,is_stmt
     308 00000079 9A89          MOVB      AL,#137               ; [CPU_] |37| 
     309              $C$DW$33        .dwtag  DW_TAG_TI_branch
     310                      .dwattr $C$DW$33, DW_AT_low_pc(0x00)
     311                      .dwattr $C$DW$33, DW_AT_name("_getRegister")
     312                      .dwattr $C$DW$33, DW_AT_TI_call
     313 0000007a 7640!         LCR       #_getRegister         ; [CPU_] |37| 
         0000007b 0000 
     314                      ; call occurs [#_getRegister] ; [] |37| 
     315 0000007c 3B01          SETC      SXM                   ; [CPU_] 
     316 0000007d 85A9          MOV       ACC,AL                ; [CPU_] |37| 
     317 0000007e BDA9          MOV32     R0H,ACC               ; [CPU_] |37| 
         0000007f 0F12 
     318 00000080 7700          NOP       ; [CPU_] 
     319 00000081 7700          NOP       ; [CPU_] 
     320 00000082 7700          NOP       ; [CPU_] 
     321 00000083 7700          NOP       ; [CPU_] 
     322 00000084 E689          I32TOF32  R0H,R0H               ; [CPU_] |37| 
         00000085 0000 
     323 00000086 761F-         MOVW      DP,#_koefFind2        ; [CPU_U] 
         00000087 0000 
     324 00000088 E203-         MOV32     @_koefFind2,R0H       ; [CPU_] |37| 
         00000089 0006 
     325                      .dwpsn  file "../SpeedDetect/DetectSpeed.c",line 38,column 2,is_stmt
     326 0000008a E802          MOVIZ     R1H,#16968            ; [CPU_] |38| 
         0000008b 1241 
     327              $C$DW$34        .dwtag  DW_TAG_TI_branch
     328                      .dwattr $C$DW$34, DW_AT_low_pc(0x00)
     329                      .dwattr $C$DW$34, DW_AT_name("FS$$DIV")
     330                      .dwattr $C$DW$34, DW_AT_TI_call
     331 0000008c 7640!         LCR       #FS$$DIV              ; [CPU_] |38| 
         0000008d 0000 
     332                      ; call occurs [#FS$$DIV] ; [] |38| 
     333 0000008e 761F-         MOVW      DP,#_koefFind2        ; [CPU_U] 
         0000008f 0000 
     334 00000090 E203-         MOV32     @_koefFind2,R0H       ; [CPU_] |38| 
TMS320C2000 Assembler PC v6.2.7 Thu Jul 02 08:31:15 2015

Tools Copyright (c) 1996-2014 Texas Instruments Incorporated
C:\Users\Tester\AppData\Local\Temp\0321610                           PAGE    8

         00000091 0006 
     335                      .dwpsn  file "../SpeedDetect/DetectSpeed.c",line 39,column 2,is_stmt
     336 00000092 E2AF          MOV32     R1H,*-SP[2]           ; [CPU_] |39| 
         00000093 0142 
     337 00000094 E710          ADDF32    R0H,R0H,R1H           ; [CPU_] |39| 
         00000095 0040 
     338 00000096 7700          NOP       ; [CPU_] 
     339 00000097 E203-         MOV32     @_koefFind1,R0H       ; [CPU_] |39| 
         00000098 0004 
     340                      .dwpsn  file "../SpeedDetect/DetectSpeed.c",line 40,column 2,is_stmt
     341 00000099 E2AF-         MOV32     R0H,@_koefFind2       ; [CPU_] |40| 
         0000009a 0006 
     342 0000009b E6AF          NEGF32    R0H,R0H               ; [CPU_] |40| 
         0000009c 0000 
     343 0000009d E203-         MOV32     @_koefFind2,R0H       ; [CPU_] |40| 
         0000009e 0006 
     344                      .dwpsn  file "../SpeedDetect/DetectSpeed.c",line 41,column 1,is_stmt
     345 0000009f FE82          SUBB      SP,#2                 ; [CPU_U] 
     346                      .dwcfi  cfa_offset, -2
     347              $C$DW$35        .dwtag  DW_TAG_TI_branch
     348                      .dwattr $C$DW$35, DW_AT_low_pc(0x00)
     349                      .dwattr $C$DW$35, DW_AT_TI_return
     350 000000a0 0006          LRETR     ; [CPU_] 
     351                      ; return occurs ; [] 
     352                      .dwattr $C$DW$21, DW_AT_TI_end_file("../SpeedDetect/DetectSpeed.c")
     353                      .dwattr $C$DW$21, DW_AT_TI_end_line(0x29)
     354                      .dwattr $C$DW$21, DW_AT_TI_end_column(0x01)
     355                      .dwendentry
     356                      .dwendtag $C$DW$21
     357              
     358 000000a1               .sect   ".text"
     359                      .clink
     360                      .global _cntlFindSpeed
     361              
     362              $C$DW$36        .dwtag  DW_TAG_subprogram, DW_AT_name("cntlFindSpeed")
     363                      .dwattr $C$DW$36, DW_AT_low_pc(_cntlFindSpeed)
     364                      .dwattr $C$DW$36, DW_AT_high_pc(0x00)
     365                      .dwattr $C$DW$36, DW_AT_TI_symbol_name("_cntlFindSpeed")
     366                      .dwattr $C$DW$36, DW_AT_external
     367                      .dwattr $C$DW$36, DW_AT_type(*$C$DW$T$25)
     368                      .dwattr $C$DW$36, DW_AT_TI_begin_file("../SpeedDetect/DetectSpeed.c")
     369                      .dwattr $C$DW$36, DW_AT_TI_begin_line(0x2b)
     370                      .dwattr $C$DW$36, DW_AT_TI_begin_column(0x08)
     371                      .dwattr $C$DW$36, DW_AT_TI_max_frame_size(-14)
     372                      .dwpsn  file "../SpeedDetect/DetectSpeed.c",line 44,column 40,is_stmt,address _cntlFindSpeed
     373              
     374                      .dwfde $C$DW$CIE, _cntlFindSpeed
     375              $C$DW$37        .dwtag  DW_TAG_formal_parameter, DW_AT_name("taskF")
     376                      .dwattr $C$DW$37, DW_AT_TI_symbol_name("_taskF")
     377                      .dwattr $C$DW$37, DW_AT_type(*$C$DW$T$26)
     378                      .dwattr $C$DW$37, DW_AT_location[DW_OP_reg12]
     379              $C$DW$38        .dwtag  DW_TAG_formal_parameter, DW_AT_name("taskV")
     380                      .dwattr $C$DW$38, DW_AT_TI_symbol_name("_taskV")
     381                      .dwattr $C$DW$38, DW_AT_type(*$C$DW$T$26)
     382                      .dwattr $C$DW$38, DW_AT_location[DW_OP_reg14]
TMS320C2000 Assembler PC v6.2.7 Thu Jul 02 08:31:15 2015

Tools Copyright (c) 1996-2014 Texas Instruments Incorporated
C:\Users\Tester\AppData\Local\Temp\0321610                           PAGE    9

     383              $C$DW$39        .dwtag  DW_TAG_formal_parameter, DW_AT_name("currentF")
     384                      .dwattr $C$DW$39, DW_AT_TI_symbol_name("_currentF")
     385                      .dwattr $C$DW$39, DW_AT_type(*$C$DW$T$26)
     386                      .dwattr $C$DW$39, DW_AT_location[DW_OP_breg20 -16]
     387              $C$DW$40        .dwtag  DW_TAG_formal_parameter, DW_AT_name("currentV")
     388                      .dwattr $C$DW$40, DW_AT_TI_symbol_name("_currentV")
     389                      .dwattr $C$DW$40, DW_AT_type(*$C$DW$T$26)
     390                      .dwattr $C$DW$40, DW_AT_location[DW_OP_breg20 -18]
     391              
     392              ;***************************************************************
     393              ;* FNAME: _cntlFindSpeed                FR SIZE:  12           *
     394              ;*                                                             *
     395              ;* FUNCTION ENVIRONMENT                                        *
     396              ;*                                                             *
     397              ;* FUNCTION PROPERTIES                                         *
     398              ;*                            2 Parameter, 10 Auto,  0 SOE     *
     399              ;***************************************************************
     400              
     401 000000a1       _cntlFindSpeed:
     402                      .dwcfi  cfa_offset, -2
     403                      .dwcfi  save_reg_to_mem, 26, 0
     404                      .dwcfi  save_reg_to_reg, 78, 26
     405 000000a1 FE0C          ADDB      SP,#12                ; [CPU_U] 
     406                      .dwcfi  cfa_offset, -14
     407              $C$DW$41        .dwtag  DW_TAG_variable, DW_AT_name("taskF")
     408                      .dwattr $C$DW$41, DW_AT_TI_symbol_name("_taskF")
     409                      .dwattr $C$DW$41, DW_AT_type(*$C$DW$T$26)
     410                      .dwattr $C$DW$41, DW_AT_location[DW_OP_breg20 -4]
     411              $C$DW$42        .dwtag  DW_TAG_variable, DW_AT_name("taskV")
     412                      .dwattr $C$DW$42, DW_AT_TI_symbol_name("_taskV")
     413                      .dwattr $C$DW$42, DW_AT_type(*$C$DW$T$26)
     414                      .dwattr $C$DW$42, DW_AT_location[DW_OP_breg20 -6]
     415              $C$DW$43        .dwtag  DW_TAG_variable, DW_AT_name("current")
     416                      .dwattr $C$DW$43, DW_AT_TI_symbol_name("_current")
     417                      .dwattr $C$DW$43, DW_AT_type(*$C$DW$T$16)
     418                      .dwattr $C$DW$43, DW_AT_location[DW_OP_breg20 -8]
     419              $C$DW$44        .dwtag  DW_TAG_variable, DW_AT_name("voltag")
     420                      .dwattr $C$DW$44, DW_AT_TI_symbol_name("_voltag")
     421                      .dwattr $C$DW$44, DW_AT_type(*$C$DW$T$16)
     422                      .dwattr $C$DW$44, DW_AT_location[DW_OP_breg20 -10]
     423              $C$DW$45        .dwtag  DW_TAG_variable, DW_AT_name("tmp")
     424                      .dwattr $C$DW$45, DW_AT_TI_symbol_name("_tmp")
     425                      .dwattr $C$DW$45, DW_AT_type(*$C$DW$T$16)
     426                      .dwattr $C$DW$45, DW_AT_location[DW_OP_breg20 -12]
     427 000000a2 A046          MOVL      *-SP[6],XAR5          ; [CPU_] |44| 
     428 000000a3 A844          MOVL      *-SP[4],XAR4          ; [CPU_] |44| 
     429                      .dwpsn  file "../SpeedDetect/DetectSpeed.c",line 47,column 2,is_stmt
     430              $C$DW$46        .dwtag  DW_TAG_TI_branch
     431                      .dwattr $C$DW$46, DW_AT_low_pc(0x00)
     432                      .dwattr $C$DW$46, DW_AT_name("_getImVal")
     433                      .dwattr $C$DW$46, DW_AT_TI_call
     434 000000a4 7640!         LCR       #_getImVal            ; [CPU_] |47| 
         000000a5 0000 
     435                      ; call occurs [#_getImVal] ; [] |47| 
     436 000000a6 E203          MOV32     *-SP[8],R0H           ; [CPU_] |47| 
TMS320C2000 Assembler PC v6.2.7 Thu Jul 02 08:31:15 2015

Tools Copyright (c) 1996-2014 Texas Instruments Incorporated
C:\Users\Tester\AppData\Local\Temp\0321610                           PAGE   10

         000000a7 0048 
     437                      .dwpsn  file "../SpeedDetect/DetectSpeed.c",line 48,column 2,is_stmt
     438 000000a8 761F-         MOVW      DP,#_freqFind         ; [CPU_U] 
         000000a9 0000 
     439 000000aa E2AF-         MOV32     R0H,@_freqFind        ; [CPU_] |48| 
         000000ab 000E 
     440              $C$DW$47        .dwtag  DW_TAG_TI_branch
     441                      .dwattr $C$DW$47, DW_AT_low_pc(0x00)
     442                      .dwattr $C$DW$47, DW_AT_name("_getVoltagFromFrequency")
     443                      .dwattr $C$DW$47, DW_AT_TI_call
     444 000000ac 7640!         LCR       #_getVoltagFromFrequency ; [CPU_] |48| 
         000000ad 0000 
     445                      ; call occurs [#_getVoltagFromFrequency] ; [] |48| 
     446 000000ae E203          MOV32     *-SP[10],R0H          ; [CPU_] |48| 
         000000af 004A 
     447                      .dwpsn  file "../SpeedDetect/DetectSpeed.c",line 50,column 2,is_stmt
     448 000000b0 761F-         MOVW      DP,#_voltagFind       ; [CPU_U] 
         000000b1 0000 
     449 000000b2 E2AF          MOV32     R1H,*-SP[10]          ; [CPU_] |50| 
         000000b3 014A 
     450 000000b4 E2AF-         MOV32     R0H,@_voltagFind      ; [CPU_] |50| 
         000000b5 000C 
     451 000000b6 E694          CMPF32    R1H,R0H               ; [CPU_] |50| 
         000000b7 0001 
     452 000000b8 AD14          MOVST0    ZF, NF                ; [CPU_] |50| 
     453 000000b9 6506          B         $C$L1,LEQ             ; [CPU_] |50| 
     454                      ; branchcc occurs ; [] |50| 
     455 000000ba E2AF-         MOV32     R0H,@_freqFind        ; [CPU_] |50| 
         000000bb 000E 
     456 000000bc E5A0          CMPF32    R0H,#0                ; [CPU_] |50| 
     457 000000bd AD14          MOVST0    ZF, NF                ; [CPU_] |50| 
     458 000000be 6020          B         $C$L4,NEQ             ; [CPU_] |50| 
     459                      ; branchcc occurs ; [] |50| 
     460 000000bf       $C$L1:    
     461                      .dwpsn  file "../SpeedDetect/DetectSpeed.c",line 51,column 3,is_stmt
     462 000000bf 9200-         MOV       AL,@_findDir          ; [CPU_] |51| 
     463 000000c0 EC10          BF        $C$L2,EQ              ; [CPU_] |51| 
     464                      ; branchcc occurs ; [] |51| 
     465                      .dwpsn  file "../SpeedDetect/DetectSpeed.c",line 52,column 4,is_stmt
     466 000000c1 8A44          MOVL      XAR4,*-SP[4]          ; [CPU_] |52| 
     467 000000c2 E2AF-         MOV32     R0H,@_freqFind        ; [CPU_] |52| 
         000000c3 000E 
     468 000000c4 E6AF          NEGF32    R0H,R0H               ; [CPU_] |52| 
         000000c5 0000 
     469 000000c6 E203          MOV32     *+XAR4[0],R0H         ; [CPU_] |52| 
         000000c7 00C4 
     470                      .dwpsn  file "../SpeedDetect/DetectSpeed.c",line 53,column 4,is_stmt
     471 000000c8 8A50          MOVL      XAR4,*-SP[16]         ; [CPU_] |53| 
     472 000000c9 E2AF-         MOV32     R0H,@_freqFind        ; [CPU_] |53| 
         000000ca 000E 
     473 000000cb E6AF          NEGF32    R0H,R0H               ; [CPU_] |53| 
         000000cc 0000 
     474 000000cd E203          MOV32     *+XAR4[0],R0H         ; [CPU_] |53| 
         000000ce 00C4 
     475                      .dwpsn  file "../SpeedDetect/DetectSpeed.c",line 54,column 3,is_stmt
TMS320C2000 Assembler PC v6.2.7 Thu Jul 02 08:31:15 2015

Tools Copyright (c) 1996-2014 Texas Instruments Incorporated
C:\Users\Tester\AppData\Local\Temp\0321610                           PAGE   11

     476 000000cf 6F07          B         $C$L3,UNC             ; [CPU_] |54| 
     477                      ; branch occurs ; [] |54| 
     478 000000d0       $C$L2:    
     479                      .dwpsn  file "../SpeedDetect/DetectSpeed.c",line 55,column 4,is_stmt
     480 000000d0 8A44          MOVL      XAR4,*-SP[4]          ; [CPU_] |55| 
     481 000000d1 060E-         MOVL      ACC,@_freqFind        ; [CPU_] |55| 
     482 000000d2 1EC4          MOVL      *+XAR4[0],ACC         ; [CPU_] |55| 
     483                      .dwpsn  file "../SpeedDetect/DetectSpeed.c",line 56,column 4,is_stmt
     484 000000d3 8A50          MOVL      XAR4,*-SP[16]         ; [CPU_] |56| 
     485 000000d4 060E-         MOVL      ACC,@_freqFind        ; [CPU_] |56| 
     486 000000d5 1EC4          MOVL      *+XAR4[0],ACC         ; [CPU_] |56| 
     487 000000d6       $C$L3:    
     488                      .dwpsn  file "../SpeedDetect/DetectSpeed.c",line 59,column 3,is_stmt
     489 000000d6 8A46          MOVL      XAR4,*-SP[6]          ; [CPU_] |59| 
     490 000000d7 060C-         MOVL      ACC,@_voltagFind      ; [CPU_] |59| 
     491 000000d8 1EC4          MOVL      *+XAR4[0],ACC         ; [CPU_] |59| 
     492                      .dwpsn  file "../SpeedDetect/DetectSpeed.c",line 60,column 3,is_stmt
     493 000000d9 8A52          MOVL      XAR4,*-SP[18]         ; [CPU_] |60| 
     494 000000da 060C-         MOVL      ACC,@_voltagFind      ; [CPU_] |60| 
     495 000000db 1EC4          MOVL      *+XAR4[0],ACC         ; [CPU_] |60| 
     496                      .dwpsn  file "../SpeedDetect/DetectSpeed.c",line 62,column 3,is_stmt
     497 000000dc 9A0C          MOVB      AL,#12                ; [CPU_] |62| 
     498 000000dd 6F5B          B         $C$L9,UNC             ; [CPU_] |62| 
     499                      ; branch occurs ; [] |62| 
     500 000000de       $C$L4:    
     501                      .dwpsn  file "../SpeedDetect/DetectSpeed.c",line 64,column 3,is_stmt
     502 000000de E2AF-         MOV32     R0H,@_currentLimit    ; [CPU_] |64| 
         000000df 000A 
     503 000000e0 E2AF          MOV32     R1H,*-SP[8]           ; [CPU_] |64| 
         000000e1 0148 
     504 000000e2 E720          SUBF32    R0H,R1H,R0H           ; [CPU_] |64| 
         000000e3 0008 
     505 000000e4 7700          NOP       ; [CPU_] 
     506 000000e5 E203          MOV32     *-SP[12],R0H          ; [CPU_] |64| 
         000000e6 004C 
     507                      .dwpsn  file "../SpeedDetect/DetectSpeed.c",line 66,column 3,is_stmt
     508 000000e7 E2AF-         MOV32     R0H,@_currentSubLim   ; [CPU_] |66| 
         000000e8 0008 
     509 000000e9 E2AF          MOV32     R1H,*-SP[12]          ; [CPU_] |66| 
         000000ea 014C 
     510 000000eb E694          CMPF32    R1H,R0H               ; [CPU_] |66| 
         000000ec 0001 
     511 000000ed AD14          MOVST0    ZF, NF                ; [CPU_] |66| 
     512 000000ee 6317          B         $C$L5,GEQ             ; [CPU_] |66| 
     513                      ; branchcc occurs ; [] |66| 
     514 000000ef E6AF          NEGF32    R0H,R0H               ; [CPU_] |66| 
         000000f0 0000 
     515 000000f1 E694          CMPF32    R1H,R0H               ; [CPU_] |66| 
         000000f2 0001 
     516 000000f3 AD14          MOVST0    ZF, NF                ; [CPU_] |66| 
     517 000000f4 6511          B         $C$L5,LEQ             ; [CPU_] |66| 
     518                      ; branchcc occurs ; [] |66| 
     519                      .dwpsn  file "../SpeedDetect/DetectSpeed.c",line 67,column 4,is_stmt
     520 000000f5 E2AF-         MOV32     R0H,@_stepFreqFind    ; [CPU_] |67| 
         000000f6 0010 
TMS320C2000 Assembler PC v6.2.7 Thu Jul 02 08:31:15 2015

Tools Copyright (c) 1996-2014 Texas Instruments Incorporated
C:\Users\Tester\AppData\Local\Temp\0321610                           PAGE   12

     521 000000f7 E2AF-         MOV32     R1H,@_freqFind        ; [CPU_] |67| 
         000000f8 010E 
     522 000000f9 E720          SUBF32    R0H,R1H,R0H           ; [CPU_] |67| 
         000000fa 0008 
     523 000000fb 7700          NOP       ; [CPU_] 
     524 000000fc E203-         MOV32     @_freqFind,R0H        ; [CPU_] |67| 
         000000fd 000E 
     525                      .dwpsn  file "../SpeedDetect/DetectSpeed.c",line 68,column 4,is_stmt
     526 000000fe E5A0          CMPF32    R0H,#0                ; [CPU_] |68| 
     527 000000ff AD14          MOVST0    ZF, NF                ; [CPU_] |68| 
     528 00000100 6320          B         $C$L6,GEQ             ; [CPU_] |68| 
     529                      ; branchcc occurs ; [] |68| 
     530                      .dwpsn  file "../SpeedDetect/DetectSpeed.c",line 69,column 5,is_stmt
     531 00000101 E590          ZERO      R0H                   ; [CPU_] |69| 
     532 00000102 E203-         MOV32     @_freqFind,R0H        ; [CPU_] |69| 
         00000103 000E 
     533                      .dwpsn  file "../SpeedDetect/DetectSpeed.c",line 70,column 3,is_stmt
     534 00000104 6F1C          B         $C$L6,UNC             ; [CPU_] |70| 
     535                      ; branch occurs ; [] |70| 
     536 00000105       $C$L5:    
     537                      .dwpsn  file "../SpeedDetect/DetectSpeed.c",line 71,column 4,is_stmt
     538 00000105 E2AF          MOV32     R0H,*-SP[12]          ; [CPU_] |71| 
         00000106 004C 
     539 00000107 E2AF-         MOV32     R1H,@_koefFind1       ; [CPU_] |71| 
         00000108 0104 
     540 00000109 E2AF-         MOV32     R2H,@_deltaFindM      ; [CPU_] |71| 
         0000010a 0202 
     541              
     542 0000010b E300-         MPYF32    R0H,R1H,R0H           ; [CPU_] |71| 
         0000010c 4306 
     543              ||      MOV32     R3H,@_koefFind2       ; [CPU_] |71| 
     544              
     545 0000010d E700          MPYF32    R1H,R3H,R2H           ; [CPU_] |71| 
         0000010e 0099 
     546 0000010f 7700          NOP       ; [CPU_] 
     547 00000110 E710          ADDF32    R0H,R0H,R1H           ; [CPU_] |71| 
         00000111 0040 
     548 00000112 7700          NOP       ; [CPU_] 
     549 00000113 E203          MOV32     *-SP[12],R0H          ; [CPU_] |71| 
         00000114 004C 
     550                      .dwpsn  file "../SpeedDetect/DetectSpeed.c",line 72,column 4,is_stmt
     551 00000115 E2AF-         MOV32     R0H,@_voltagFind      ; [CPU_] |72| 
         00000116 000C 
     552 00000117 E2AF          MOV32     R1H,*-SP[12]          ; [CPU_] |72| 
         00000118 014C 
     553 00000119 E710          ADDF32    R0H,R0H,R1H           ; [CPU_] |72| 
         0000011a 0040 
     554 0000011b 7700          NOP       ; [CPU_] 
     555 0000011c E203-         MOV32     @_voltagFind,R0H      ; [CPU_] |72| 
         0000011d 000C 
     556                      .dwpsn  file "../SpeedDetect/DetectSpeed.c",line 73,column 4,is_stmt
     557 0000011e 064C          MOVL      ACC,*-SP[12]          ; [CPU_] |73| 
     558 0000011f 1E02-         MOVL      @_deltaFindM,ACC      ; [CPU_] |73| 
     559 00000120       $C$L6:    
     560                      .dwpsn  file "../SpeedDetect/DetectSpeed.c",line 75,column 3,is_stmt
TMS320C2000 Assembler PC v6.2.7 Thu Jul 02 08:31:15 2015

Tools Copyright (c) 1996-2014 Texas Instruments Incorporated
C:\Users\Tester\AppData\Local\Temp\0321610                           PAGE   13

     561 00000120 E2AF          MOV32     R0H,*-SP[12]          ; [CPU_] |75| 
         00000121 004C 
     562              $C$DW$48        .dwtag  DW_TAG_TI_branch
     563                      .dwattr $C$DW$48, DW_AT_low_pc(0x00)
     564                      .dwattr $C$DW$48, DW_AT_name("_scaleVoltagPwm")
     565                      .dwattr $C$DW$48, DW_AT_TI_call
     566 00000122 7640!         LCR       #_scaleVoltagPwm      ; [CPU_] |75| 
         00000123 0000 
     567                      ; call occurs [#_scaleVoltagPwm] ; [] |75| 
     568 00000124 E203          MOV32     *-SP[10],R0H          ; [CPU_] |75| 
         00000125 004A 
     569                      .dwpsn  file "../SpeedDetect/DetectSpeed.c",line 76,column 3,is_stmt
     570              $C$DW$49        .dwtag  DW_TAG_TI_branch
     571                      .dwattr $C$DW$49, DW_AT_low_pc(0x00)
     572                      .dwattr $C$DW$49, DW_AT_name("_setStepAmpl")
     573                      .dwattr $C$DW$49, DW_AT_TI_call
     574 00000126 7640!         LCR       #_setStepAmpl         ; [CPU_] |76| 
         00000127 0000 
     575                      ; call occurs [#_setStepAmpl] ; [] |76| 
     576                      .dwpsn  file "../SpeedDetect/DetectSpeed.c",line 77,column 3,is_stmt
     577 00000128 761F-         MOVW      DP,#_findDir          ; [CPU_U] 
         00000129 0000 
     578 0000012a 9200-         MOV       AL,@_findDir          ; [CPU_] |77| 
     579 0000012b EC08          BF        $C$L7,EQ              ; [CPU_] |77| 
     580                      ; branchcc occurs ; [] |77| 
     581                      .dwpsn  file "../SpeedDetect/DetectSpeed.c",line 78,column 4,is_stmt
     582 0000012c E2AF-         MOV32     R0H,@_freqFind        ; [CPU_] |78| 
         0000012d 000E 
     583 0000012e E6AF          NEGF32    R0H,R0H               ; [CPU_] |78| 
         0000012f 0000 
     584              $C$DW$50        .dwtag  DW_TAG_TI_branch
     585                      .dwattr $C$DW$50, DW_AT_low_pc(0x00)
     586                      .dwattr $C$DW$50, DW_AT_name("_setStepConer")
     587                      .dwattr $C$DW$50, DW_AT_TI_call
     588 00000130 7640!         LCR       #_setStepConer        ; [CPU_] |78| 
         00000131 0000 
     589                      ; call occurs [#_setStepConer] ; [] |78| 
     590 00000132 6F05          B         $C$L8,UNC             ; [CPU_] |78| 
     591                      ; branch occurs ; [] |78| 
     592 00000133       $C$L7:    
     593                      .dwpsn  file "../SpeedDetect/DetectSpeed.c",line 80,column 4,is_stmt
     594 00000133 E2AF-         MOV32     R0H,@_freqFind        ; [CPU_] |80| 
         00000134 000E 
     595              $C$DW$51        .dwtag  DW_TAG_TI_branch
     596                      .dwattr $C$DW$51, DW_AT_low_pc(0x00)
     597                      .dwattr $C$DW$51, DW_AT_name("_setStepConer")
     598                      .dwattr $C$DW$51, DW_AT_TI_call
     599 00000135 7640!         LCR       #_setStepConer        ; [CPU_] |80| 
         00000136 0000 
     600                      ; call occurs [#_setStepConer] ; [] |80| 
     601 00000137       $C$L8:    
     602                      .dwpsn  file "../SpeedDetect/DetectSpeed.c",line 81,column 3,is_stmt
     603 00000137 9A0A          MOVB      AL,#10                ; [CPU_] |81| 
     604 00000138       $C$L9:    
     605                      .dwpsn  file "../SpeedDetect/DetectSpeed.c",line 83,column 1,is_stmt
TMS320C2000 Assembler PC v6.2.7 Thu Jul 02 08:31:15 2015

Tools Copyright (c) 1996-2014 Texas Instruments Incorporated
C:\Users\Tester\AppData\Local\Temp\0321610                           PAGE   14

     606 00000138 FE8C          SUBB      SP,#12                ; [CPU_U] 
     607                      .dwcfi  cfa_offset, -2
     608              $C$DW$52        .dwtag  DW_TAG_TI_branch
     609                      .dwattr $C$DW$52, DW_AT_low_pc(0x00)
     610                      .dwattr $C$DW$52, DW_AT_TI_return
     611 00000139 0006          LRETR     ; [CPU_] 
     612                      ; return occurs ; [] 
     613                      .dwattr $C$DW$36, DW_AT_TI_end_file("../SpeedDetect/DetectSpeed.c")
     614                      .dwattr $C$DW$36, DW_AT_TI_end_line(0x53)
     615                      .dwattr $C$DW$36, DW_AT_TI_end_column(0x01)
     616                      .dwendentry
     617                      .dwendtag $C$DW$36
     618              
     619              ;**************************************************************
     620              ;* UNDEFINED EXTERNAL REFERENCES                              *
     621              ;**************************************************************
     622                      .global _setStepAmpl
     623                      .global _setStepConer
     624                      .global _getRegister
     625                      .global _getVoltagFromFrequency
     626                      .global _getImVal
     627                      .global _scaleVoltagPwm
     628                      .global FS$$DIV
     629              
     630              ;***************************************************************
     631              ;* TYPE INFORMATION                                            *
     632              ;***************************************************************
     633              $C$DW$T$4       .dwtag  DW_TAG_base_type
     634                      .dwattr $C$DW$T$4, DW_AT_encoding(DW_ATE_boolean)
     635                      .dwattr $C$DW$T$4, DW_AT_name("bool")
     636                      .dwattr $C$DW$T$4, DW_AT_byte_size(0x01)
     637              $C$DW$T$5       .dwtag  DW_TAG_base_type
     638                      .dwattr $C$DW$T$5, DW_AT_encoding(DW_ATE_signed_char)
     639                      .dwattr $C$DW$T$5, DW_AT_name("signed char")
     640                      .dwattr $C$DW$T$5, DW_AT_byte_size(0x01)
     641              $C$DW$T$6       .dwtag  DW_TAG_base_type
     642                      .dwattr $C$DW$T$6, DW_AT_encoding(DW_ATE_unsigned_char)
     643                      .dwattr $C$DW$T$6, DW_AT_name("unsigned char")
     644                      .dwattr $C$DW$T$6, DW_AT_byte_size(0x01)
     645              $C$DW$T$7       .dwtag  DW_TAG_base_type
     646                      .dwattr $C$DW$T$7, DW_AT_encoding(DW_ATE_signed_char)
     647                      .dwattr $C$DW$T$7, DW_AT_name("wchar_t")
     648                      .dwattr $C$DW$T$7, DW_AT_byte_size(0x01)
     649              $C$DW$T$8       .dwtag  DW_TAG_base_type
     650                      .dwattr $C$DW$T$8, DW_AT_encoding(DW_ATE_signed)
     651                      .dwattr $C$DW$T$8, DW_AT_name("short")
     652                      .dwattr $C$DW$T$8, DW_AT_byte_size(0x01)
     653              $C$DW$T$9       .dwtag  DW_TAG_base_type
     654                      .dwattr $C$DW$T$9, DW_AT_encoding(DW_ATE_unsigned)
     655                      .dwattr $C$DW$T$9, DW_AT_name("unsigned short")
     656                      .dwattr $C$DW$T$9, DW_AT_byte_size(0x01)
     657              $C$DW$T$10      .dwtag  DW_TAG_base_type
     658                      .dwattr $C$DW$T$10, DW_AT_encoding(DW_ATE_signed)
     659                      .dwattr $C$DW$T$10, DW_AT_name("int")
     660                      .dwattr $C$DW$T$10, DW_AT_byte_size(0x01)
TMS320C2000 Assembler PC v6.2.7 Thu Jul 02 08:31:15 2015

Tools Copyright (c) 1996-2014 Texas Instruments Incorporated
C:\Users\Tester\AppData\Local\Temp\0321610                           PAGE   15

     661              $C$DW$T$11      .dwtag  DW_TAG_base_type
     662                      .dwattr $C$DW$T$11, DW_AT_encoding(DW_ATE_unsigned)
     663                      .dwattr $C$DW$T$11, DW_AT_name("unsigned int")
     664                      .dwattr $C$DW$T$11, DW_AT_byte_size(0x01)
     665              $C$DW$T$25      .dwtag  DW_TAG_typedef, DW_AT_name("UINT16")
     666                      .dwattr $C$DW$T$25, DW_AT_type(*$C$DW$T$11)
     667                      .dwattr $C$DW$T$25, DW_AT_language(DW_LANG_C)
     668              $C$DW$T$12      .dwtag  DW_TAG_base_type
     669                      .dwattr $C$DW$T$12, DW_AT_encoding(DW_ATE_signed)
     670                      .dwattr $C$DW$T$12, DW_AT_name("long")
     671                      .dwattr $C$DW$T$12, DW_AT_byte_size(0x02)
     672              $C$DW$T$13      .dwtag  DW_TAG_base_type
     673                      .dwattr $C$DW$T$13, DW_AT_encoding(DW_ATE_unsigned)
     674                      .dwattr $C$DW$T$13, DW_AT_name("unsigned long")
     675                      .dwattr $C$DW$T$13, DW_AT_byte_size(0x02)
     676              $C$DW$T$14      .dwtag  DW_TAG_base_type
     677                      .dwattr $C$DW$T$14, DW_AT_encoding(DW_ATE_signed)
     678                      .dwattr $C$DW$T$14, DW_AT_name("long long")
     679                      .dwattr $C$DW$T$14, DW_AT_byte_size(0x04)
     680              $C$DW$T$15      .dwtag  DW_TAG_base_type
     681                      .dwattr $C$DW$T$15, DW_AT_encoding(DW_ATE_unsigned)
     682                      .dwattr $C$DW$T$15, DW_AT_name("unsigned long long")
     683                      .dwattr $C$DW$T$15, DW_AT_byte_size(0x04)
     684              $C$DW$T$16      .dwtag  DW_TAG_base_type
     685                      .dwattr $C$DW$T$16, DW_AT_encoding(DW_ATE_float)
     686                      .dwattr $C$DW$T$16, DW_AT_name("float")
     687                      .dwattr $C$DW$T$16, DW_AT_byte_size(0x02)
     688              $C$DW$T$26      .dwtag  DW_TAG_pointer_type
     689                      .dwattr $C$DW$T$26, DW_AT_type(*$C$DW$T$16)
     690                      .dwattr $C$DW$T$26, DW_AT_address_class(0x16)
     691              $C$DW$T$17      .dwtag  DW_TAG_base_type
     692                      .dwattr $C$DW$T$17, DW_AT_encoding(DW_ATE_float)
     693                      .dwattr $C$DW$T$17, DW_AT_name("double")
     694                      .dwattr $C$DW$T$17, DW_AT_byte_size(0x02)
     695              $C$DW$T$18      .dwtag  DW_TAG_base_type
     696                      .dwattr $C$DW$T$18, DW_AT_encoding(DW_ATE_float)
     697                      .dwattr $C$DW$T$18, DW_AT_name("long double")
     698                      .dwattr $C$DW$T$18, DW_AT_byte_size(0x04)
     699                      .dwattr $C$DW$CU, DW_AT_language(DW_LANG_C)
     700              
     701              ;***************************************************************
     702              ;* DWARF CIE ENTRIES                                           *
     703              ;***************************************************************
     704              
     705              $C$DW$CIE       .dwcie 78
     706                      .dwcfi  cfa_register, 20
     707                      .dwcfi  cfa_offset, 0
     708                      .dwcfi  undefined, 0
     709                      .dwcfi  undefined, 1
     710                      .dwcfi  undefined, 2
     711                      .dwcfi  undefined, 3
     712                      .dwcfi  undefined, 20
     713                      .dwcfi  undefined, 21
     714                      .dwcfi  undefined, 22
     715                      .dwcfi  undefined, 23
TMS320C2000 Assembler PC v6.2.7 Thu Jul 02 08:31:15 2015

Tools Copyright (c) 1996-2014 Texas Instruments Incorporated
C:\Users\Tester\AppData\Local\Temp\0321610                           PAGE   16

     716                      .dwcfi  undefined, 24
     717                      .dwcfi  undefined, 25
     718                      .dwcfi  undefined, 26
     719                      .dwcfi  same_value, 28
     720                      .dwcfi  undefined, 29
     721                      .dwcfi  undefined, 30
     722                      .dwcfi  undefined, 31
     723                      .dwcfi  undefined, 32
     724                      .dwcfi  undefined, 33
     725                      .dwcfi  undefined, 34
     726                      .dwcfi  undefined, 35
     727                      .dwcfi  undefined, 36
     728                      .dwcfi  undefined, 37
     729                      .dwcfi  undefined, 38
     730                      .dwcfi  undefined, 75
     731                      .dwcfi  undefined, 76
     732                      .dwcfi  undefined, 77
     733                      .dwcfi  undefined, 4
     734                      .dwcfi  same_value, 6
     735                      .dwcfi  same_value, 8
     736                      .dwcfi  same_value, 10
     737                      .dwcfi  undefined, 12
     738                      .dwcfi  undefined, 14
     739                      .dwcfi  undefined, 16
     740                      .dwcfi  undefined, 17
     741                      .dwcfi  undefined, 18
     742                      .dwcfi  undefined, 19
     743                      .dwcfi  undefined, 5
     744                      .dwcfi  same_value, 7
     745                      .dwcfi  same_value, 9
     746                      .dwcfi  same_value, 11
     747                      .dwcfi  undefined, 13
     748                      .dwcfi  undefined, 15
     749                      .dwcfi  undefined, 43
     750                      .dwcfi  undefined, 44
     751                      .dwcfi  undefined, 47
     752                      .dwcfi  undefined, 48
     753                      .dwcfi  undefined, 51
     754                      .dwcfi  undefined, 52
     755                      .dwcfi  undefined, 55
     756                      .dwcfi  undefined, 56
     757                      .dwcfi  same_value, 59
     758                      .dwcfi  same_value, 60
     759                      .dwcfi  same_value, 63
     760                      .dwcfi  same_value, 64
     761                      .dwcfi  same_value, 67
     762                      .dwcfi  same_value, 68
     763                      .dwcfi  same_value, 71
     764                      .dwcfi  same_value, 72
     765                      .dwcfi  undefined, 73
     766                      .dwcfi  undefined, 74
     767                      .dwcfi  undefined, 39
     768                      .dwcfi  undefined, 40
     769                      .dwcfi  undefined, 27
     770                      .dwcfi  undefined, 78
TMS320C2000 Assembler PC v6.2.7 Thu Jul 02 08:31:15 2015

Tools Copyright (c) 1996-2014 Texas Instruments Incorporated
C:\Users\Tester\AppData\Local\Temp\0321610                           PAGE   17

     771                      .dwendentry
     772              
     773              ;***************************************************************
     774              ;* DWARF REGISTER MAP                                          *
     775              ;***************************************************************
     776              
     777              $C$DW$53        .dwtag  DW_TAG_TI_assign_register, DW_AT_name("AL")
     778                      .dwattr $C$DW$53, DW_AT_location[DW_OP_reg0]
     779              $C$DW$54        .dwtag  DW_TAG_TI_assign_register, DW_AT_name("AH")
     780                      .dwattr $C$DW$54, DW_AT_location[DW_OP_reg1]
     781              $C$DW$55        .dwtag  DW_TAG_TI_assign_register, DW_AT_name("PL")
     782                      .dwattr $C$DW$55, DW_AT_location[DW_OP_reg2]
     783              $C$DW$56        .dwtag  DW_TAG_TI_assign_register, DW_AT_name("PH")
     784                      .dwattr $C$DW$56, DW_AT_location[DW_OP_reg3]
     785              $C$DW$57        .dwtag  DW_TAG_TI_assign_register, DW_AT_name("SP")
     786                      .dwattr $C$DW$57, DW_AT_location[DW_OP_reg20]
     787              $C$DW$58        .dwtag  DW_TAG_TI_assign_register, DW_AT_name("XT")
     788                      .dwattr $C$DW$58, DW_AT_location[DW_OP_reg21]
     789              $C$DW$59        .dwtag  DW_TAG_TI_assign_register, DW_AT_name("T")
     790                      .dwattr $C$DW$59, DW_AT_location[DW_OP_reg22]
     791              $C$DW$60        .dwtag  DW_TAG_TI_assign_register, DW_AT_name("ST0")
     792                      .dwattr $C$DW$60, DW_AT_location[DW_OP_reg23]
     793              $C$DW$61        .dwtag  DW_TAG_TI_assign_register, DW_AT_name("ST1")
     794                      .dwattr $C$DW$61, DW_AT_location[DW_OP_reg24]
     795              $C$DW$62        .dwtag  DW_TAG_TI_assign_register, DW_AT_name("PC")
     796                      .dwattr $C$DW$62, DW_AT_location[DW_OP_reg25]
     797              $C$DW$63        .dwtag  DW_TAG_TI_assign_register, DW_AT_name("RPC")
     798                      .dwattr $C$DW$63, DW_AT_location[DW_OP_reg26]
     799              $C$DW$64        .dwtag  DW_TAG_TI_assign_register, DW_AT_name("FP")
     800                      .dwattr $C$DW$64, DW_AT_location[DW_OP_reg28]
     801              $C$DW$65        .dwtag  DW_TAG_TI_assign_register, DW_AT_name("DP")
     802                      .dwattr $C$DW$65, DW_AT_location[DW_OP_reg29]
     803              $C$DW$66        .dwtag  DW_TAG_TI_assign_register, DW_AT_name("SXM")
     804                      .dwattr $C$DW$66, DW_AT_location[DW_OP_reg30]
     805              $C$DW$67        .dwtag  DW_TAG_TI_assign_register, DW_AT_name("PM")
     806                      .dwattr $C$DW$67, DW_AT_location[DW_OP_reg31]
     807              $C$DW$68        .dwtag  DW_TAG_TI_assign_register, DW_AT_name("OVM")
     808                      .dwattr $C$DW$68, DW_AT_location[DW_OP_regx 0x20]
     809              $C$DW$69        .dwtag  DW_TAG_TI_assign_register, DW_AT_name("PAGE0")
     810                      .dwattr $C$DW$69, DW_AT_location[DW_OP_regx 0x21]
     811              $C$DW$70        .dwtag  DW_TAG_TI_assign_register, DW_AT_name("AMODE")
     812                      .dwattr $C$DW$70, DW_AT_location[DW_OP_regx 0x22]
     813              $C$DW$71        .dwtag  DW_TAG_TI_assign_register, DW_AT_name("INTM")
     814                      .dwattr $C$DW$71, DW_AT_location[DW_OP_regx 0x23]
     815              $C$DW$72        .dwtag  DW_TAG_TI_assign_register, DW_AT_name("IFR")
     816                      .dwattr $C$DW$72, DW_AT_location[DW_OP_regx 0x24]
     817              $C$DW$73        .dwtag  DW_TAG_TI_assign_register, DW_AT_name("IER")
     818                      .dwattr $C$DW$73, DW_AT_location[DW_OP_regx 0x25]
     819              $C$DW$74        .dwtag  DW_TAG_TI_assign_register, DW_AT_name("V")
     820                      .dwattr $C$DW$74, DW_AT_location[DW_OP_regx 0x26]
     821              $C$DW$75        .dwtag  DW_TAG_TI_assign_register, DW_AT_name("PSEUDOH")
     822                      .dwattr $C$DW$75, DW_AT_location[DW_OP_regx 0x4c]
     823              $C$DW$76        .dwtag  DW_TAG_TI_assign_register, DW_AT_name("VOL")
     824                      .dwattr $C$DW$76, DW_AT_location[DW_OP_regx 0x4d]
     825              $C$DW$77        .dwtag  DW_TAG_TI_assign_register, DW_AT_name("AR0")
TMS320C2000 Assembler PC v6.2.7 Thu Jul 02 08:31:15 2015

Tools Copyright (c) 1996-2014 Texas Instruments Incorporated
C:\Users\Tester\AppData\Local\Temp\0321610                           PAGE   18

     826                      .dwattr $C$DW$77, DW_AT_location[DW_OP_reg4]
     827              $C$DW$78        .dwtag  DW_TAG_TI_assign_register, DW_AT_name("AR1")
     828                      .dwattr $C$DW$78, DW_AT_location[DW_OP_reg6]
     829              $C$DW$79        .dwtag  DW_TAG_TI_assign_register, DW_AT_name("AR2")
     830                      .dwattr $C$DW$79, DW_AT_location[DW_OP_reg8]
     831              $C$DW$80        .dwtag  DW_TAG_TI_assign_register, DW_AT_name("AR3")
     832                      .dwattr $C$DW$80, DW_AT_location[DW_OP_reg10]
     833              $C$DW$81        .dwtag  DW_TAG_TI_assign_register, DW_AT_name("AR4")
     834                      .dwattr $C$DW$81, DW_AT_location[DW_OP_reg12]
     835              $C$DW$82        .dwtag  DW_TAG_TI_assign_register, DW_AT_name("AR5")
     836                      .dwattr $C$DW$82, DW_AT_location[DW_OP_reg14]
     837              $C$DW$83        .dwtag  DW_TAG_TI_assign_register, DW_AT_name("AR6")
     838                      .dwattr $C$DW$83, DW_AT_location[DW_OP_reg16]
     839              $C$DW$84        .dwtag  DW_TAG_TI_assign_register, DW_AT_name("XAR6")
     840                      .dwattr $C$DW$84, DW_AT_location[DW_OP_reg17]
     841              $C$DW$85        .dwtag  DW_TAG_TI_assign_register, DW_AT_name("AR7")
     842                      .dwattr $C$DW$85, DW_AT_location[DW_OP_reg18]
     843              $C$DW$86        .dwtag  DW_TAG_TI_assign_register, DW_AT_name("XAR7")
     844                      .dwattr $C$DW$86, DW_AT_location[DW_OP_reg19]
     845              $C$DW$87        .dwtag  DW_TAG_TI_assign_register, DW_AT_name("XAR0")
     846                      .dwattr $C$DW$87, DW_AT_location[DW_OP_reg5]
     847              $C$DW$88        .dwtag  DW_TAG_TI_assign_register, DW_AT_name("XAR1")
     848                      .dwattr $C$DW$88, DW_AT_location[DW_OP_reg7]
     849              $C$DW$89        .dwtag  DW_TAG_TI_assign_register, DW_AT_name("XAR2")
     850                      .dwattr $C$DW$89, DW_AT_location[DW_OP_reg9]
     851              $C$DW$90        .dwtag  DW_TAG_TI_assign_register, DW_AT_name("XAR3")
     852                      .dwattr $C$DW$90, DW_AT_location[DW_OP_reg11]
     853              $C$DW$91        .dwtag  DW_TAG_TI_assign_register, DW_AT_name("XAR4")
     854                      .dwattr $C$DW$91, DW_AT_location[DW_OP_reg13]
     855              $C$DW$92        .dwtag  DW_TAG_TI_assign_register, DW_AT_name("XAR5")
     856                      .dwattr $C$DW$92, DW_AT_location[DW_OP_reg15]
     857              $C$DW$93        .dwtag  DW_TAG_TI_assign_register, DW_AT_name("R0HL")
     858                      .dwattr $C$DW$93, DW_AT_location[DW_OP_regx 0x2b]
     859              $C$DW$94        .dwtag  DW_TAG_TI_assign_register, DW_AT_name("R0H")
     860                      .dwattr $C$DW$94, DW_AT_location[DW_OP_regx 0x2c]
     861              $C$DW$95        .dwtag  DW_TAG_TI_assign_register, DW_AT_name("R1HL")
     862                      .dwattr $C$DW$95, DW_AT_location[DW_OP_regx 0x2f]
     863              $C$DW$96        .dwtag  DW_TAG_TI_assign_register, DW_AT_name("R1H")
     864                      .dwattr $C$DW$96, DW_AT_location[DW_OP_regx 0x30]
     865              $C$DW$97        .dwtag  DW_TAG_TI_assign_register, DW_AT_name("R2HL")
     866                      .dwattr $C$DW$97, DW_AT_location[DW_OP_regx 0x33]
     867              $C$DW$98        .dwtag  DW_TAG_TI_assign_register, DW_AT_name("R2H")
     868                      .dwattr $C$DW$98, DW_AT_location[DW_OP_regx 0x34]
     869              $C$DW$99        .dwtag  DW_TAG_TI_assign_register, DW_AT_name("R3HL")
     870                      .dwattr $C$DW$99, DW_AT_location[DW_OP_regx 0x37]
     871              $C$DW$100       .dwtag  DW_TAG_TI_assign_register, DW_AT_name("R3H")
     872                      .dwattr $C$DW$100, DW_AT_location[DW_OP_regx 0x38]
     873              $C$DW$101       .dwtag  DW_TAG_TI_assign_register, DW_AT_name("R4HL")
     874                      .dwattr $C$DW$101, DW_AT_location[DW_OP_regx 0x3b]
     875              $C$DW$102       .dwtag  DW_TAG_TI_assign_register, DW_AT_name("R4H")
     876                      .dwattr $C$DW$102, DW_AT_location[DW_OP_regx 0x3c]
     877              $C$DW$103       .dwtag  DW_TAG_TI_assign_register, DW_AT_name("R5HL")
     878                      .dwattr $C$DW$103, DW_AT_location[DW_OP_regx 0x3f]
     879              $C$DW$104       .dwtag  DW_TAG_TI_assign_register, DW_AT_name("R5H")
     880                      .dwattr $C$DW$104, DW_AT_location[DW_OP_regx 0x40]
TMS320C2000 Assembler PC v6.2.7 Thu Jul 02 08:31:15 2015

Tools Copyright (c) 1996-2014 Texas Instruments Incorporated
C:\Users\Tester\AppData\Local\Temp\0321610                           PAGE   19

     881              $C$DW$105       .dwtag  DW_TAG_TI_assign_register, DW_AT_name("R6HL")
     882                      .dwattr $C$DW$105, DW_AT_location[DW_OP_regx 0x43]
     883              $C$DW$106       .dwtag  DW_TAG_TI_assign_register, DW_AT_name("R6H")
     884                      .dwattr $C$DW$106, DW_AT_location[DW_OP_regx 0x44]
     885              $C$DW$107       .dwtag  DW_TAG_TI_assign_register, DW_AT_name("R7HL")
     886                      .dwattr $C$DW$107, DW_AT_location[DW_OP_regx 0x47]
     887              $C$DW$108       .dwtag  DW_TAG_TI_assign_register, DW_AT_name("R7H")
     888                      .dwattr $C$DW$108, DW_AT_location[DW_OP_regx 0x48]
     889              $C$DW$109       .dwtag  DW_TAG_TI_assign_register, DW_AT_name("RBL")
     890                      .dwattr $C$DW$109, DW_AT_location[DW_OP_regx 0x49]
     891              $C$DW$110       .dwtag  DW_TAG_TI_assign_register, DW_AT_name("RB")
     892                      .dwattr $C$DW$110, DW_AT_location[DW_OP_regx 0x4a]
     893              $C$DW$111       .dwtag  DW_TAG_TI_assign_register, DW_AT_name("STFL")
     894                      .dwattr $C$DW$111, DW_AT_location[DW_OP_regx 0x27]
     895              $C$DW$112       .dwtag  DW_TAG_TI_assign_register, DW_AT_name("STF")
     896                      .dwattr $C$DW$112, DW_AT_location[DW_OP_regx 0x28]
     897              $C$DW$113       .dwtag  DW_TAG_TI_assign_register, DW_AT_name("FPUHAZ")
     898                      .dwattr $C$DW$113, DW_AT_location[DW_OP_reg27]
     899              $C$DW$114       .dwtag  DW_TAG_TI_assign_register, DW_AT_name("CIE_RETA")
     900                      .dwattr $C$DW$114, DW_AT_location[DW_OP_regx 0x4e]
     901                      .dwendtag $C$DW$CU
     902              

No Assembly Errors, No Assembly Warnings
