TMS320C2000 Assembler PC v6.2.7 Thu Jul 02 08:31:34 2015

Tools Copyright (c) 1996-2014 Texas Instruments Incorporated
C:\Users\Tester\AppData\Local\Temp\0608810                           PAGE    1

       1              ;***************************************************************
       2              ;* TMS320C2000 C/C++ Codegen                         PC v6.2.7 *
       3              ;* Date/Time created: Thu Jul 02 08:31:34 2015                 *
       4              ;***************************************************************
       5                      .compiler_opts --diag_wrap=off --float_support=fpu32 --hll_source=on --mem_model:code=flat --mem_mode
       6        0002  FP      .set    XAR2
       7              
       8              $C$DW$CU        .dwtag  DW_TAG_compile_unit
       9                      .dwattr $C$DW$CU, DW_AT_name("../CntrlLimit/CntrlVoltagLimit.c")
      10                      .dwattr $C$DW$CU, DW_AT_producer("TMS320C2000 C/C++ Codegen PC v6.2.7 Copyright (c) 1996-2014 Texas I
      11                      .dwattr $C$DW$CU, DW_AT_TI_version(0x01)
      12                      .dwattr $C$DW$CU, DW_AT_comp_dir("D:\ActiveProject\EKT5\PKMT_NONBIOS\InvertorCntrl\ISPprg")
      13              
      14              $C$DW$1 .dwtag  DW_TAG_subprogram, DW_AT_name("getRegister")
      15                      .dwattr $C$DW$1, DW_AT_TI_symbol_name("_getRegister")
      16                      .dwattr $C$DW$1, DW_AT_type(*$C$DW$T$10)
      17                      .dwattr $C$DW$1, DW_AT_declaration
      18                      .dwattr $C$DW$1, DW_AT_external
      19              $C$DW$2 .dwtag  DW_TAG_formal_parameter
      20                      .dwattr $C$DW$2, DW_AT_type(*$C$DW$T$5)
      21                      .dwendtag $C$DW$1
      22              
      23                      .global _nominalVoltag
      24 00000000       _nominalVoltag: .usect  ".ebss",2,1,1
      25              $C$DW$3 .dwtag  DW_TAG_variable, DW_AT_name("nominalVoltag")
      26                      .dwattr $C$DW$3, DW_AT_TI_symbol_name("_nominalVoltag")
      27                      .dwattr $C$DW$3, DW_AT_location[DW_OP_addr _nominalVoltag]
      28                      .dwattr $C$DW$3, DW_AT_type(*$C$DW$T$16)
      29                      .dwattr $C$DW$3, DW_AT_external
      30                      .global _minVoltag
      31 00000002       _minVoltag:     .usect  ".ebss",2,1,1
      32              $C$DW$4 .dwtag  DW_TAG_variable, DW_AT_name("minVoltag")
      33                      .dwattr $C$DW$4, DW_AT_TI_symbol_name("_minVoltag")
      34                      .dwattr $C$DW$4, DW_AT_location[DW_OP_addr _minVoltag]
      35                      .dwattr $C$DW$4, DW_AT_type(*$C$DW$T$16)
      36                      .dwattr $C$DW$4, DW_AT_external
      37                      .global _maxVoltag
      38 00000004       _maxVoltag:     .usect  ".ebss",2,1,1
      39              $C$DW$5 .dwtag  DW_TAG_variable, DW_AT_name("maxVoltag")
      40                      .dwattr $C$DW$5, DW_AT_TI_symbol_name("_maxVoltag")
      41                      .dwattr $C$DW$5, DW_AT_location[DW_OP_addr _maxVoltag]
      42                      .dwattr $C$DW$5, DW_AT_type(*$C$DW$T$16)
      43                      .dwattr $C$DW$5, DW_AT_external
      44                      .global _overvolt_K2
      45 00000006       _overvolt_K2:   .usect  ".ebss",2,1,1
      46              $C$DW$6 .dwtag  DW_TAG_variable, DW_AT_name("overvolt_K2")
      47                      .dwattr $C$DW$6, DW_AT_TI_symbol_name("_overvolt_K2")
      48                      .dwattr $C$DW$6, DW_AT_location[DW_OP_addr _overvolt_K2]
      49                      .dwattr $C$DW$6, DW_AT_type(*$C$DW$T$16)
      50                      .dwattr $C$DW$6, DW_AT_external
      51                      .global _overvolt_K1
      52 00000008       _overvolt_K1:   .usect  ".ebss",2,1,1
      53              $C$DW$7 .dwtag  DW_TAG_variable, DW_AT_name("overvolt_K1")
      54                      .dwattr $C$DW$7, DW_AT_TI_symbol_name("_overvolt_K1")
      55                      .dwattr $C$DW$7, DW_AT_location[DW_OP_addr _overvolt_K1]
TMS320C2000 Assembler PC v6.2.7 Thu Jul 02 08:31:34 2015

Tools Copyright (c) 1996-2014 Texas Instruments Incorporated
C:\Users\Tester\AppData\Local\Temp\0608810                           PAGE    2

      56                      .dwattr $C$DW$7, DW_AT_type(*$C$DW$T$16)
      57                      .dwattr $C$DW$7, DW_AT_external
      58              
      59              $C$DW$8 .dwtag  DW_TAG_subprogram, DW_AT_name("getAverageVoltagDC")
      60                      .dwattr $C$DW$8, DW_AT_TI_symbol_name("_getAverageVoltagDC")
      61                      .dwattr $C$DW$8, DW_AT_type(*$C$DW$T$16)
      62                      .dwattr $C$DW$8, DW_AT_declaration
      63                      .dwattr $C$DW$8, DW_AT_external
      64              
      65              $C$DW$9 .dwtag  DW_TAG_subprogram, DW_AT_name("getMomentaryVoltagDC")
      66                      .dwattr $C$DW$9, DW_AT_TI_symbol_name("_getMomentaryVoltagDC")
      67                      .dwattr $C$DW$9, DW_AT_type(*$C$DW$T$16)
      68                      .dwattr $C$DW$9, DW_AT_declaration
      69                      .dwattr $C$DW$9, DW_AT_external
      70                      .global _deltaV1
      71 0000000a       _deltaV1:       .usect  ".ebss",2,1,1
      72              $C$DW$10        .dwtag  DW_TAG_variable, DW_AT_name("deltaV1")
      73                      .dwattr $C$DW$10, DW_AT_TI_symbol_name("_deltaV1")
      74                      .dwattr $C$DW$10, DW_AT_location[DW_OP_addr _deltaV1]
      75                      .dwattr $C$DW$10, DW_AT_type(*$C$DW$T$16)
      76                      .dwattr $C$DW$10, DW_AT_external
      77                      .global _overvolt
      78 0000000c       _overvolt:      .usect  ".ebss",2,1,1
      79              $C$DW$11        .dwtag  DW_TAG_variable, DW_AT_name("overvolt")
      80                      .dwattr $C$DW$11, DW_AT_TI_symbol_name("_overvolt")
      81                      .dwattr $C$DW$11, DW_AT_location[DW_OP_addr _overvolt]
      82                      .dwattr $C$DW$11, DW_AT_type(*$C$DW$T$16)
      83                      .dwattr $C$DW$11, DW_AT_external
      84                      .global _limitVoltag
      85 0000000e       _limitVoltag:   .usect  ".ebss",2,1,1
      86              $C$DW$12        .dwtag  DW_TAG_variable, DW_AT_name("limitVoltag")
      87                      .dwattr $C$DW$12, DW_AT_TI_symbol_name("_limitVoltag")
      88                      .dwattr $C$DW$12, DW_AT_location[DW_OP_addr _limitVoltag]
      89                      .dwattr $C$DW$12, DW_AT_type(*$C$DW$T$16)
      90                      .dwattr $C$DW$12, DW_AT_external
      91              ;       C:\ti\ccsv6\tools\compiler\c2000_6.2.7\bin\ac2000.exe -@C:\\Users\\Tester\\AppData\\Local\\Temp\\0608
      92 00000000               .sect   ".text"
      93                      .clink
      94                      .global _initOvervoltCntrl
      95              
      96              $C$DW$13        .dwtag  DW_TAG_subprogram, DW_AT_name("initOvervoltCntrl")
      97                      .dwattr $C$DW$13, DW_AT_low_pc(_initOvervoltCntrl)
      98                      .dwattr $C$DW$13, DW_AT_high_pc(0x00)
      99                      .dwattr $C$DW$13, DW_AT_TI_symbol_name("_initOvervoltCntrl")
     100                      .dwattr $C$DW$13, DW_AT_external
     101                      .dwattr $C$DW$13, DW_AT_TI_begin_file("../CntrlLimit/CntrlVoltagLimit.c")
     102                      .dwattr $C$DW$13, DW_AT_TI_begin_line(0x13)
     103                      .dwattr $C$DW$13, DW_AT_TI_begin_column(0x06)
     104                      .dwattr $C$DW$13, DW_AT_TI_max_frame_size(-2)
     105                      .dwpsn  file "../CntrlLimit/CntrlVoltagLimit.c",line 19,column 29,is_stmt,address _initOvervoltCntrl
     106              
     107                      .dwfde $C$DW$CIE, _initOvervoltCntrl
     108              
     109              ;***************************************************************
     110              ;* FNAME: _initOvervoltCntrl            FR SIZE:   0           *
TMS320C2000 Assembler PC v6.2.7 Thu Jul 02 08:31:34 2015

Tools Copyright (c) 1996-2014 Texas Instruments Incorporated
C:\Users\Tester\AppData\Local\Temp\0608810                           PAGE    3

     111              ;*                                                             *
     112              ;* FUNCTION ENVIRONMENT                                        *
     113              ;*                                                             *
     114              ;* FUNCTION PROPERTIES                                         *
     115              ;*                            0 Parameter,  0 Auto,  0 SOE     *
     116              ;***************************************************************
     117              
     118 00000000       _initOvervoltCntrl:
     119                      .dwcfi  cfa_offset, -2
     120                      .dwcfi  save_reg_to_mem, 26, 0
     121                      .dwcfi  save_reg_to_reg, 78, 26
     122                      .dwpsn  file "../CntrlLimit/CntrlVoltagLimit.c",line 20,column 2,is_stmt
     123 00000000 E590          ZERO      R0H                   ; [CPU_] |20| 
     124 00000001 761F-         MOVW      DP,#_overvolt         ; [CPU_U] 
         00000002 0000 
     125 00000003 E203-         MOV32     @_overvolt,R0H        ; [CPU_] |20| 
         00000004 000C 
     126                      .dwpsn  file "../CntrlLimit/CntrlVoltagLimit.c",line 21,column 2,is_stmt
     127 00000005 E203-         MOV32     @_deltaV1,R0H         ; [CPU_] |21| 
         00000006 000A 
     128                      .dwpsn  file "../CntrlLimit/CntrlVoltagLimit.c",line 22,column 2,is_stmt
     129 00000007 9A0C          MOVB      AL,#12                ; [CPU_] |22| 
     130              $C$DW$14        .dwtag  DW_TAG_TI_branch
     131                      .dwattr $C$DW$14, DW_AT_low_pc(0x00)
     132                      .dwattr $C$DW$14, DW_AT_name("_getRegister")
     133                      .dwattr $C$DW$14, DW_AT_TI_call
     134 00000008 7640!         LCR       #_getRegister         ; [CPU_] |22| 
         00000009 0000 
     135                      ; call occurs [#_getRegister] ; [] |22| 
     136 0000000a 3B01          SETC      SXM                   ; [CPU_] 
     137 0000000b 85A9          MOV       ACC,AL                ; [CPU_] |22| 
     138 0000000c BDA9          MOV32     R0H,ACC               ; [CPU_] |22| 
         0000000d 0F12 
     139 0000000e 7700          NOP       ; [CPU_] 
     140 0000000f 7700          NOP       ; [CPU_] 
     141 00000010 7700          NOP       ; [CPU_] 
     142 00000011 7700          NOP       ; [CPU_] 
     143 00000012 E689          I32TOF32  R0H,R0H               ; [CPU_] |22| 
         00000013 0000 
     144 00000014 761F-         MOVW      DP,#_overvolt_K1      ; [CPU_U] 
         00000015 0000 
     145 00000016 E203-         MOV32     @_overvolt_K1,R0H     ; [CPU_] |22| 
         00000017 0008 
     146                      .dwpsn  file "../CntrlLimit/CntrlVoltagLimit.c",line 23,column 2,is_stmt
     147 00000018 E802          MOVIZ     R1H,#18076            ; [CPU_] |23| 
         00000019 34E1 
     148 0000001a E80A          MOVXI     R1H,#16384            ; [CPU_] |23| 
         0000001b 0001 
     149              $C$DW$15        .dwtag  DW_TAG_TI_branch
     150                      .dwattr $C$DW$15, DW_AT_low_pc(0x00)
     151                      .dwattr $C$DW$15, DW_AT_name("FS$$DIV")
     152                      .dwattr $C$DW$15, DW_AT_TI_call
     153 0000001c 7640!         LCR       #FS$$DIV              ; [CPU_] |23| 
         0000001d 0000 
     154                      ; call occurs [#FS$$DIV] ; [] |23| 
TMS320C2000 Assembler PC v6.2.7 Thu Jul 02 08:31:34 2015

Tools Copyright (c) 1996-2014 Texas Instruments Incorporated
C:\Users\Tester\AppData\Local\Temp\0608810                           PAGE    4

     155 0000001e 761F-         MOVW      DP,#_overvolt_K1      ; [CPU_U] 
         0000001f 0000 
     156 00000020 E203-         MOV32     @_overvolt_K1,R0H     ; [CPU_] |23| 
         00000021 0008 
     157                      .dwpsn  file "../CntrlLimit/CntrlVoltagLimit.c",line 24,column 2,is_stmt
     158 00000022 9A0B          MOVB      AL,#11                ; [CPU_] |24| 
     159              $C$DW$16        .dwtag  DW_TAG_TI_branch
     160                      .dwattr $C$DW$16, DW_AT_low_pc(0x00)
     161                      .dwattr $C$DW$16, DW_AT_name("_getRegister")
     162                      .dwattr $C$DW$16, DW_AT_TI_call
     163 00000023 7640!         LCR       #_getRegister         ; [CPU_] |24| 
         00000024 0000 
     164                      ; call occurs [#_getRegister] ; [] |24| 
     165 00000025 3B01          SETC      SXM                   ; [CPU_] 
     166 00000026 85A9          MOV       ACC,AL                ; [CPU_] |24| 
     167 00000027 BDA9          MOV32     R0H,ACC               ; [CPU_] |24| 
         00000028 0F12 
     168 00000029 7700          NOP       ; [CPU_] 
     169 0000002a 7700          NOP       ; [CPU_] 
     170 0000002b 7700          NOP       ; [CPU_] 
     171 0000002c 7700          NOP       ; [CPU_] 
     172 0000002d E689          I32TOF32  R0H,R0H               ; [CPU_] |24| 
         0000002e 0000 
     173 0000002f 761F-         MOVW      DP,#_overvolt_K2      ; [CPU_U] 
         00000030 0000 
     174 00000031 E203-         MOV32     @_overvolt_K2,R0H     ; [CPU_] |24| 
         00000032 0006 
     175                      .dwpsn  file "../CntrlLimit/CntrlVoltagLimit.c",line 25,column 2,is_stmt
     176 00000033 E802          MOVIZ     R1H,#17530            ; [CPU_] |25| 
         00000034 23D1 
     177              $C$DW$17        .dwtag  DW_TAG_TI_branch
     178                      .dwattr $C$DW$17, DW_AT_low_pc(0x00)
     179                      .dwattr $C$DW$17, DW_AT_name("FS$$DIV")
     180                      .dwattr $C$DW$17, DW_AT_TI_call
     181 00000035 7640!         LCR       #FS$$DIV              ; [CPU_] |25| 
         00000036 0000 
     182                      ; call occurs [#FS$$DIV] ; [] |25| 
     183 00000037 761F-         MOVW      DP,#_overvolt_K2      ; [CPU_U] 
         00000038 0000 
     184 00000039 E203-         MOV32     @_overvolt_K2,R0H     ; [CPU_] |25| 
         0000003a 0006 
     185                      .dwpsn  file "../CntrlLimit/CntrlVoltagLimit.c",line 28,column 2,is_stmt
     186 0000003b 9A2C          MOVB      AL,#44                ; [CPU_] |28| 
     187              $C$DW$18        .dwtag  DW_TAG_TI_branch
     188                      .dwattr $C$DW$18, DW_AT_low_pc(0x00)
     189                      .dwattr $C$DW$18, DW_AT_name("_getRegister")
     190                      .dwattr $C$DW$18, DW_AT_TI_call
     191 0000003c 7640!         LCR       #_getRegister         ; [CPU_] |28| 
         0000003d 0000 
     192                      ; call occurs [#_getRegister] ; [] |28| 
     193 0000003e 3B01          SETC      SXM                   ; [CPU_] 
     194 0000003f 85A9          MOV       ACC,AL                ; [CPU_] |28| 
     195 00000040 BDA9          MOV32     R0H,ACC               ; [CPU_] |28| 
         00000041 0F12 
     196 00000042 7700          NOP       ; [CPU_] 
TMS320C2000 Assembler PC v6.2.7 Thu Jul 02 08:31:34 2015

Tools Copyright (c) 1996-2014 Texas Instruments Incorporated
C:\Users\Tester\AppData\Local\Temp\0608810                           PAGE    5

     197 00000043 7700          NOP       ; [CPU_] 
     198 00000044 7700          NOP       ; [CPU_] 
     199 00000045 7700          NOP       ; [CPU_] 
     200 00000046 E689          I32TOF32  R0H,R0H               ; [CPU_] |28| 
         00000047 0000 
     201 00000048 761F-         MOVW      DP,#_maxVoltag        ; [CPU_U] 
         00000049 0000 
     202 0000004a E203-         MOV32     @_maxVoltag,R0H       ; [CPU_] |28| 
         0000004b 0004 
     203                      .dwpsn  file "../CntrlLimit/CntrlVoltagLimit.c",line 29,column 2,is_stmt
     204 0000004c 9A2D          MOVB      AL,#45                ; [CPU_] |29| 
     205              $C$DW$19        .dwtag  DW_TAG_TI_branch
     206                      .dwattr $C$DW$19, DW_AT_low_pc(0x00)
     207                      .dwattr $C$DW$19, DW_AT_name("_getRegister")
     208                      .dwattr $C$DW$19, DW_AT_TI_call
     209 0000004d 7640!         LCR       #_getRegister         ; [CPU_] |29| 
         0000004e 0000 
     210                      ; call occurs [#_getRegister] ; [] |29| 
     211 0000004f 3B01          SETC      SXM                   ; [CPU_] 
     212 00000050 85A9          MOV       ACC,AL                ; [CPU_] |29| 
     213 00000051 BDA9          MOV32     R0H,ACC               ; [CPU_] |29| 
         00000052 0F12 
     214 00000053 7700          NOP       ; [CPU_] 
     215 00000054 7700          NOP       ; [CPU_] 
     216 00000055 7700          NOP       ; [CPU_] 
     217 00000056 7700          NOP       ; [CPU_] 
     218 00000057 E689          I32TOF32  R0H,R0H               ; [CPU_] |29| 
         00000058 0000 
     219 00000059 761F-         MOVW      DP,#_minVoltag        ; [CPU_U] 
         0000005a 0000 
     220 0000005b E203-         MOV32     @_minVoltag,R0H       ; [CPU_] |29| 
         0000005c 0002 
     221                      .dwpsn  file "../CntrlLimit/CntrlVoltagLimit.c",line 30,column 2,is_stmt
     222 0000005d 9A2A          MOVB      AL,#42                ; [CPU_] |30| 
     223              $C$DW$20        .dwtag  DW_TAG_TI_branch
     224                      .dwattr $C$DW$20, DW_AT_low_pc(0x00)
     225                      .dwattr $C$DW$20, DW_AT_name("_getRegister")
     226                      .dwattr $C$DW$20, DW_AT_TI_call
     227 0000005e 7640!         LCR       #_getRegister         ; [CPU_] |30| 
         0000005f 0000 
     228                      ; call occurs [#_getRegister] ; [] |30| 
     229 00000060 3B01          SETC      SXM                   ; [CPU_] 
     230 00000061 85A9          MOV       ACC,AL                ; [CPU_] |30| 
     231 00000062 BDA9          MOV32     R0H,ACC               ; [CPU_] |30| 
         00000063 0F12 
     232 00000064 7700          NOP       ; [CPU_] 
     233 00000065 7700          NOP       ; [CPU_] 
     234 00000066 7700          NOP       ; [CPU_] 
     235 00000067 7700          NOP       ; [CPU_] 
     236 00000068 E689          I32TOF32  R0H,R0H               ; [CPU_] |30| 
         00000069 0000 
     237 0000006a 761F-         MOVW      DP,#_nominalVoltag    ; [CPU_U] 
         0000006b 0000 
     238 0000006c E203-         MOV32     @_nominalVoltag,R0H   ; [CPU_] |30| 
         0000006d 0000 
TMS320C2000 Assembler PC v6.2.7 Thu Jul 02 08:31:34 2015

Tools Copyright (c) 1996-2014 Texas Instruments Incorporated
C:\Users\Tester\AppData\Local\Temp\0608810                           PAGE    6

     239                      .dwpsn  file "../CntrlLimit/CntrlVoltagLimit.c",line 31,column 2,is_stmt
     240 0000006e E802          MOVIZ     R1H,#16672            ; [CPU_] |31| 
         0000006f 0901 
     241              $C$DW$21        .dwtag  DW_TAG_TI_branch
     242                      .dwattr $C$DW$21, DW_AT_low_pc(0x00)
     243                      .dwattr $C$DW$21, DW_AT_name("FS$$DIV")
     244                      .dwattr $C$DW$21, DW_AT_TI_call
     245 00000070 7640!         LCR       #FS$$DIV              ; [CPU_] |31| 
         00000071 0000 
     246                      ; call occurs [#FS$$DIV] ; [] |31| 
     247 00000072 761F-         MOVW      DP,#_nominalVoltag    ; [CPU_U] 
         00000073 0000 
     248 00000074 E203-         MOV32     @_nominalVoltag,R0H   ; [CPU_] |31| 
         00000075 0000 
     249                      .dwpsn  file "../CntrlLimit/CntrlVoltagLimit.c",line 32,column 2,is_stmt
     250 00000076 E801          MOVIZ     R0H,#16308            ; [CPU_] |32| 
         00000077 FDA0 
     251 00000078 E2AF-         MOV32     R1H,@_nominalVoltag   ; [CPU_] |32| 
         00000079 0100 
     252 0000007a E80B          MOVXI     R0H,#31457            ; [CPU_] |32| 
         0000007b D708 
     253 0000007c E700          MPYF32    R0H,R0H,R1H           ; [CPU_] |32| 
         0000007d 0040 
     254 0000007e 7700          NOP       ; [CPU_] 
     255 0000007f E203-         MOV32     @_nominalVoltag,R0H   ; [CPU_] |32| 
         00000080 0000 
     256                      .dwpsn  file "../CntrlLimit/CntrlVoltagLimit.c",line 33,column 2,is_stmt
     257 00000081 9A0D          MOVB      AL,#13                ; [CPU_] |33| 
     258              $C$DW$22        .dwtag  DW_TAG_TI_branch
     259                      .dwattr $C$DW$22, DW_AT_low_pc(0x00)
     260                      .dwattr $C$DW$22, DW_AT_name("_getRegister")
     261                      .dwattr $C$DW$22, DW_AT_TI_call
     262 00000082 7640!         LCR       #_getRegister         ; [CPU_] |33| 
         00000083 0000 
     263                      ; call occurs [#_getRegister] ; [] |33| 
     264 00000084 3B01          SETC      SXM                   ; [CPU_] 
     265 00000085 85A9          MOV       ACC,AL                ; [CPU_] |33| 
     266 00000086 BDA9          MOV32     R0H,ACC               ; [CPU_] |33| 
         00000087 0F12 
     267 00000088 7700          NOP       ; [CPU_] 
     268 00000089 7700          NOP       ; [CPU_] 
     269 0000008a 7700          NOP       ; [CPU_] 
     270 0000008b 7700          NOP       ; [CPU_] 
     271 0000008c E689          I32TOF32  R0H,R0H               ; [CPU_] |33| 
         0000008d 0000 
     272 0000008e 761F-         MOVW      DP,#_limitVoltag      ; [CPU_U] 
         0000008f 0000 
     273 00000090 E203-         MOV32     @_limitVoltag,R0H     ; [CPU_] |33| 
         00000091 000E 
     274                      .dwpsn  file "../CntrlLimit/CntrlVoltagLimit.c",line 36,column 1,is_stmt
     275              $C$DW$23        .dwtag  DW_TAG_TI_branch
     276                      .dwattr $C$DW$23, DW_AT_low_pc(0x00)
     277                      .dwattr $C$DW$23, DW_AT_TI_return
     278 00000092 0006          LRETR     ; [CPU_] 
     279                      ; return occurs ; [] 
TMS320C2000 Assembler PC v6.2.7 Thu Jul 02 08:31:34 2015

Tools Copyright (c) 1996-2014 Texas Instruments Incorporated
C:\Users\Tester\AppData\Local\Temp\0608810                           PAGE    7

     280                      .dwattr $C$DW$13, DW_AT_TI_end_file("../CntrlLimit/CntrlVoltagLimit.c")
     281                      .dwattr $C$DW$13, DW_AT_TI_end_line(0x24)
     282                      .dwattr $C$DW$13, DW_AT_TI_end_column(0x01)
     283                      .dwendentry
     284                      .dwendtag $C$DW$13
     285              
     286 00000093               .sect   ".text"
     287                      .clink
     288                      .global _stabilisationByUdc
     289              
     290              $C$DW$24        .dwtag  DW_TAG_subprogram, DW_AT_name("stabilisationByUdc")
     291                      .dwattr $C$DW$24, DW_AT_low_pc(_stabilisationByUdc)
     292                      .dwattr $C$DW$24, DW_AT_high_pc(0x00)
     293                      .dwattr $C$DW$24, DW_AT_TI_symbol_name("_stabilisationByUdc")
     294                      .dwattr $C$DW$24, DW_AT_external
     295                      .dwattr $C$DW$24, DW_AT_TI_begin_file("../CntrlLimit/CntrlVoltagLimit.c")
     296                      .dwattr $C$DW$24, DW_AT_TI_begin_line(0x26)
     297                      .dwattr $C$DW$24, DW_AT_TI_begin_column(0x06)
     298                      .dwattr $C$DW$24, DW_AT_TI_max_frame_size(-6)
     299                      .dwpsn  file "../CntrlLimit/CntrlVoltagLimit.c",line 38,column 39,is_stmt,address _stabilisationByUdc
     300              
     301                      .dwfde $C$DW$CIE, _stabilisationByUdc
     302              $C$DW$25        .dwtag  DW_TAG_formal_parameter, DW_AT_name("voltag")
     303                      .dwattr $C$DW$25, DW_AT_TI_symbol_name("_voltag")
     304                      .dwattr $C$DW$25, DW_AT_type(*$C$DW$T$20)
     305                      .dwattr $C$DW$25, DW_AT_location[DW_OP_reg12]
     306              
     307              ;***************************************************************
     308              ;* FNAME: _stabilisationByUdc           FR SIZE:   4           *
     309              ;*                                                             *
     310              ;* FUNCTION ENVIRONMENT                                        *
     311              ;*                                                             *
     312              ;* FUNCTION PROPERTIES                                         *
     313              ;*                            0 Parameter,  4 Auto,  0 SOE     *
     314              ;***************************************************************
     315              
     316 00000093       _stabilisationByUdc:
     317                      .dwcfi  cfa_offset, -2
     318                      .dwcfi  save_reg_to_mem, 26, 0
     319                      .dwcfi  save_reg_to_reg, 78, 26
     320 00000093 FE04          ADDB      SP,#4                 ; [CPU_U] 
     321                      .dwcfi  cfa_offset, -6
     322              $C$DW$26        .dwtag  DW_TAG_variable, DW_AT_name("voltag")
     323                      .dwattr $C$DW$26, DW_AT_TI_symbol_name("_voltag")
     324                      .dwattr $C$DW$26, DW_AT_type(*$C$DW$T$20)
     325                      .dwattr $C$DW$26, DW_AT_location[DW_OP_breg20 -2]
     326              $C$DW$27        .dwtag  DW_TAG_variable, DW_AT_name("tmp")
     327                      .dwattr $C$DW$27, DW_AT_TI_symbol_name("_tmp")
     328                      .dwattr $C$DW$27, DW_AT_type(*$C$DW$T$16)
     329                      .dwattr $C$DW$27, DW_AT_location[DW_OP_breg20 -4]
     330 00000094 A842          MOVL      *-SP[2],XAR4          ; [CPU_] |38| 
     331                      .dwpsn  file "../CntrlLimit/CntrlVoltagLimit.c",line 39,column 12,is_stmt
     332 00000095 8A42          MOVL      XAR4,*-SP[2]          ; [CPU_] |39| 
     333 00000096 06C4          MOVL      ACC,*+XAR4[0]         ; [CPU_] |39| 
     334 00000097 1E44          MOVL      *-SP[4],ACC           ; [CPU_] |39| 
TMS320C2000 Assembler PC v6.2.7 Thu Jul 02 08:31:34 2015

Tools Copyright (c) 1996-2014 Texas Instruments Incorporated
C:\Users\Tester\AppData\Local\Temp\0608810                           PAGE    8

     335                      .dwpsn  file "../CntrlLimit/CntrlVoltagLimit.c",line 40,column 2,is_stmt
     336 00000098 761F-         MOVW      DP,#_nominalVoltag    ; [CPU_U] 
         00000099 0000 
     337 0000009a E2AF-         MOV32     R1H,@_nominalVoltag   ; [CPU_] |40| 
         0000009b 0100 
     338 0000009c E2AF          MOV32     R0H,*-SP[4]           ; [CPU_] |40| 
         0000009d 0044 
     339 0000009e E700          MPYF32    R0H,R1H,R0H           ; [CPU_] |40| 
         0000009f 0008 
     340 000000a0 7700          NOP       ; [CPU_] 
     341 000000a1 E203          MOV32     *-SP[4],R0H           ; [CPU_] |40| 
         000000a2 0044 
     342                      .dwpsn  file "../CntrlLimit/CntrlVoltagLimit.c",line 41,column 2,is_stmt
     343              $C$DW$28        .dwtag  DW_TAG_TI_branch
     344                      .dwattr $C$DW$28, DW_AT_low_pc(0x00)
     345                      .dwattr $C$DW$28, DW_AT_name("_getMomentaryVoltagDC")
     346                      .dwattr $C$DW$28, DW_AT_TI_call
     347 000000a3 7640!         LCR       #_getMomentaryVoltagDC ; [CPU_] |41| 
         000000a4 0000 
     348                      ; call occurs [#_getMomentaryVoltagDC] ; [] |41| 
     349 000000a5 E6CF          MOV32     R1H,R0H               ; [CPU_] |41| 
         000000a6 0001 
     350 000000a7 E2AF          MOV32     R0H,*-SP[4]           ; [CPU_] |41| 
         000000a8 0044 
     351              $C$DW$29        .dwtag  DW_TAG_TI_branch
     352                      .dwattr $C$DW$29, DW_AT_low_pc(0x00)
     353                      .dwattr $C$DW$29, DW_AT_name("FS$$DIV")
     354                      .dwattr $C$DW$29, DW_AT_TI_call
     355 000000a9 7640!         LCR       #FS$$DIV              ; [CPU_] |41| 
         000000aa 0000 
     356                      ; call occurs [#FS$$DIV] ; [] |41| 
     357 000000ab E203          MOV32     *-SP[4],R0H           ; [CPU_] |41| 
         000000ac 0044 
     358                      .dwpsn  file "../CntrlLimit/CntrlVoltagLimit.c",line 42,column 2,is_stmt
     359 000000ad 8A42          MOVL      XAR4,*-SP[2]          ; [CPU_] |42| 
     360 000000ae 0644          MOVL      ACC,*-SP[4]           ; [CPU_] |42| 
     361 000000af 1EC4          MOVL      *+XAR4[0],ACC         ; [CPU_] |42| 
     362                      .dwpsn  file "../CntrlLimit/CntrlVoltagLimit.c",line 43,column 1,is_stmt
     363 000000b0 FE84          SUBB      SP,#4                 ; [CPU_U] 
     364                      .dwcfi  cfa_offset, -2
     365              $C$DW$30        .dwtag  DW_TAG_TI_branch
     366                      .dwattr $C$DW$30, DW_AT_low_pc(0x00)
     367                      .dwattr $C$DW$30, DW_AT_TI_return
     368 000000b1 0006          LRETR     ; [CPU_] 
     369                      ; return occurs ; [] 
     370                      .dwattr $C$DW$24, DW_AT_TI_end_file("../CntrlLimit/CntrlVoltagLimit.c")
     371                      .dwattr $C$DW$24, DW_AT_TI_end_line(0x2b)
     372                      .dwattr $C$DW$24, DW_AT_TI_end_column(0x01)
     373                      .dwendentry
     374                      .dwendtag $C$DW$24
     375              
     376 000000b2               .sect   ".text"
     377                      .clink
     378                      .global _cntrlOvervoltag
     379              
TMS320C2000 Assembler PC v6.2.7 Thu Jul 02 08:31:34 2015

Tools Copyright (c) 1996-2014 Texas Instruments Incorporated
C:\Users\Tester\AppData\Local\Temp\0608810                           PAGE    9

     380              $C$DW$31        .dwtag  DW_TAG_subprogram, DW_AT_name("cntrlOvervoltag")
     381                      .dwattr $C$DW$31, DW_AT_low_pc(_cntrlOvervoltag)
     382                      .dwattr $C$DW$31, DW_AT_high_pc(0x00)
     383                      .dwattr $C$DW$31, DW_AT_TI_symbol_name("_cntrlOvervoltag")
     384                      .dwattr $C$DW$31, DW_AT_external
     385                      .dwattr $C$DW$31, DW_AT_TI_begin_file("../CntrlLimit/CntrlVoltagLimit.c")
     386                      .dwattr $C$DW$31, DW_AT_TI_begin_line(0x2d)
     387                      .dwattr $C$DW$31, DW_AT_TI_begin_column(0x06)
     388                      .dwattr $C$DW$31, DW_AT_TI_max_frame_size(-10)
     389                      .dwpsn  file "../CntrlLimit/CntrlVoltagLimit.c",line 45,column 27,is_stmt,address _cntrlOvervoltag
     390              
     391                      .dwfde $C$DW$CIE, _cntrlOvervoltag
     392              
     393              ;***************************************************************
     394              ;* FNAME: _cntrlOvervoltag              FR SIZE:   8           *
     395              ;*                                                             *
     396              ;* FUNCTION ENVIRONMENT                                        *
     397              ;*                                                             *
     398              ;* FUNCTION PROPERTIES                                         *
     399              ;*                            2 Parameter,  4 Auto,  2 SOE     *
     400              ;***************************************************************
     401              
     402 000000b2       _cntrlOvervoltag:
     403                      .dwcfi  cfa_offset, -2
     404                      .dwcfi  save_reg_to_mem, 26, 0
     405                      .dwcfi  save_reg_to_reg, 78, 26
     406 000000b2 E203          MOV32     *SP++,R4H             ; [CPU_] 
         000000b3 04BD 
     407 000000b4 FE06          ADDB      SP,#6                 ; [CPU_U] 
     408                      .dwcfi  cfa_offset, -10
     409              $C$DW$32        .dwtag  DW_TAG_variable, DW_AT_name("tmp")
     410                      .dwattr $C$DW$32, DW_AT_TI_symbol_name("_tmp")
     411                      .dwattr $C$DW$32, DW_AT_type(*$C$DW$T$16)
     412                      .dwattr $C$DW$32, DW_AT_location[DW_OP_breg20 -4]
     413              $C$DW$33        .dwtag  DW_TAG_variable, DW_AT_name("delta")
     414                      .dwattr $C$DW$33, DW_AT_TI_symbol_name("_delta")
     415                      .dwattr $C$DW$33, DW_AT_type(*$C$DW$T$16)
     416                      .dwattr $C$DW$33, DW_AT_location[DW_OP_breg20 -6]
     417                      .dwpsn  file "../CntrlLimit/CntrlVoltagLimit.c",line 48,column 2,is_stmt
     418              $C$DW$34        .dwtag  DW_TAG_TI_branch
     419                      .dwattr $C$DW$34, DW_AT_low_pc(0x00)
     420                      .dwattr $C$DW$34, DW_AT_name("_getAverageVoltagDC")
     421                      .dwattr $C$DW$34, DW_AT_TI_call
     422 000000b5 7640!         LCR       #_getAverageVoltagDC  ; [CPU_] |48| 
         000000b6 0000 
     423                      ; call occurs [#_getAverageVoltagDC] ; [] |48| 
     424 000000b7 E6CF          MOV32     R4H,R0H               ; [CPU_] |48| 
         000000b8 0004 
     425              $C$DW$35        .dwtag  DW_TAG_TI_branch
     426                      .dwattr $C$DW$35, DW_AT_low_pc(0x00)
     427                      .dwattr $C$DW$35, DW_AT_name("_getMomentaryVoltagDC")
     428                      .dwattr $C$DW$35, DW_AT_TI_call
     429 000000b9 7640!         LCR       #_getMomentaryVoltagDC ; [CPU_] |48| 
         000000ba 0000 
     430                      ; call occurs [#_getMomentaryVoltagDC] ; [] |48| 
TMS320C2000 Assembler PC v6.2.7 Thu Jul 02 08:31:34 2015

Tools Copyright (c) 1996-2014 Texas Instruments Incorporated
C:\Users\Tester\AppData\Local\Temp\0608810                           PAGE   10

     431 000000bb E720          SUBF32    R0H,R0H,R4H           ; [CPU_] |48| 
         000000bc 0100 
     432 000000bd 7700          NOP       ; [CPU_] 
     433 000000be E203          MOV32     *-SP[4],R0H           ; [CPU_] |48| 
         000000bf 0044 
     434                      .dwpsn  file "../CntrlLimit/CntrlVoltagLimit.c",line 49,column 2,is_stmt
     435 000000c0 E8B0          ADDF32    R0H,R0H,#49648        ; [CPU_] |49| 
         000000c1 7C00 
     436 000000c2 7700          NOP       ; [CPU_] 
     437 000000c3 E203          MOV32     *-SP[4],R0H           ; [CPU_] |49| 
         000000c4 0044 
     438                      .dwpsn  file "../CntrlLimit/CntrlVoltagLimit.c",line 62,column 2,is_stmt
     439 000000c5 761F-         MOVW      DP,#_overvolt_K1      ; [CPU_U] 
         000000c6 0000 
     440 000000c7 E2AF          MOV32     R1H,*-SP[4]           ; [CPU_] |62| 
         000000c8 0144 
     441 000000c9 E2AF-         MOV32     R0H,@_overvolt_K1     ; [CPU_] |62| 
         000000ca 0008 
     442 000000cb E700          MPYF32    R0H,R1H,R0H           ; [CPU_] |62| 
         000000cc 0008 
     443 000000cd 7700          NOP       ; [CPU_] 
     444 000000ce E203          MOV32     *-SP[6],R0H           ; [CPU_] |62| 
         000000cf 0046 
     445                      .dwpsn  file "../CntrlLimit/CntrlVoltagLimit.c",line 63,column 2,is_stmt
     446 000000d0 E2AF          MOV32     R1H,*-SP[6]           ; [CPU_] |63| 
         000000d1 0146 
     447 000000d2 E2AF-         MOV32     R0H,@_overvolt        ; [CPU_] |63| 
         000000d3 000C 
     448 000000d4 E710          ADDF32    R0H,R0H,R1H           ; [CPU_] |63| 
         000000d5 0040 
     449 000000d6 7700          NOP       ; [CPU_] 
     450 000000d7 E203-         MOV32     @_overvolt,R0H        ; [CPU_] |63| 
         000000d8 000C 
     451                      .dwpsn  file "../CntrlLimit/CntrlVoltagLimit.c",line 65,column 2,is_stmt
     452 000000d9 E5A0          CMPF32    R0H,#0                ; [CPU_] |65| 
     453 000000da AD14          MOVST0    ZF, NF                ; [CPU_] |65| 
     454 000000db 6304          B         $C$L1,GEQ             ; [CPU_] |65| 
     455                      ; branchcc occurs ; [] |65| 
     456                      .dwpsn  file "../CntrlLimit/CntrlVoltagLimit.c",line 66,column 3,is_stmt
     457 000000dc E590          ZERO      R0H                   ; [CPU_] |66| 
     458 000000dd E203-         MOV32     @_overvolt,R0H        ; [CPU_] |66| 
         000000de 000C 
     459 000000df       $C$L1:    
     460                      .dwpsn  file "../CntrlLimit/CntrlVoltagLimit.c",line 69,column 2,is_stmt
     461              $C$DW$36        .dwtag  DW_TAG_TI_branch
     462                      .dwattr $C$DW$36, DW_AT_low_pc(0x00)
     463                      .dwattr $C$DW$36, DW_AT_name("_getAverageVoltagDC")
     464                      .dwattr $C$DW$36, DW_AT_TI_call
     465 000000df 7640!         LCR       #_getAverageVoltagDC  ; [CPU_] |69| 
         000000e0 0000 
     466                      ; call occurs [#_getAverageVoltagDC] ; [] |69| 
     467 000000e1 E6CF          MOV32     R4H,R0H               ; [CPU_] |69| 
         000000e2 0004 
     468              $C$DW$37        .dwtag  DW_TAG_TI_branch
     469                      .dwattr $C$DW$37, DW_AT_low_pc(0x00)
TMS320C2000 Assembler PC v6.2.7 Thu Jul 02 08:31:34 2015

Tools Copyright (c) 1996-2014 Texas Instruments Incorporated
C:\Users\Tester\AppData\Local\Temp\0608810                           PAGE   11

     470                      .dwattr $C$DW$37, DW_AT_name("_getMomentaryVoltagDC")
     471                      .dwattr $C$DW$37, DW_AT_TI_call
     472 000000e3 7640!         LCR       #_getMomentaryVoltagDC ; [CPU_] |69| 
         000000e4 0000 
     473                      ; call occurs [#_getMomentaryVoltagDC] ; [] |69| 
     474 000000e5 E720          SUBF32    R0H,R0H,R4H           ; [CPU_] |69| 
         000000e6 0100 
     475 000000e7 7700          NOP       ; [CPU_] 
     476 000000e8 E203          MOV32     *-SP[4],R0H           ; [CPU_] |69| 
         000000e9 0044 
     477                      .dwpsn  file "../CntrlLimit/CntrlVoltagLimit.c",line 70,column 2,is_stmt
     478 000000ea 761F-         MOVW      DP,#_limitVoltag      ; [CPU_U] 
         000000eb 0000 
     479 000000ec E2AF          MOV32     R1H,*-SP[4]           ; [CPU_] |70| 
         000000ed 0144 
     480 000000ee E2AF-         MOV32     R0H,@_limitVoltag     ; [CPU_] |70| 
         000000ef 000E 
     481 000000f0 E720          SUBF32    R0H,R1H,R0H           ; [CPU_] |70| 
         000000f1 0008 
     482 000000f2 7700          NOP       ; [CPU_] 
     483 000000f3 E203          MOV32     *-SP[4],R0H           ; [CPU_] |70| 
         000000f4 0044 
     484                      .dwpsn  file "../CntrlLimit/CntrlVoltagLimit.c",line 71,column 2,is_stmt
     485 000000f5 E5A0          CMPF32    R0H,#0                ; [CPU_] |71| 
     486 000000f6 AD14          MOVST0    ZF, NF                ; [CPU_] |71| 
     487 000000f7 650B          B         $C$L2,LEQ             ; [CPU_] |71| 
     488                      ; branchcc occurs ; [] |71| 
     489                      .dwpsn  file "../CntrlLimit/CntrlVoltagLimit.c",line 72,column 3,is_stmt
     490 000000f8 E2AF          MOV32     R0H,*-SP[6]           ; [CPU_] |72| 
         000000f9 0046 
     491 000000fa E2AF-         MOV32     R1H,@_overvolt_K2     ; [CPU_] |72| 
         000000fb 0106 
     492 000000fc E700          MPYF32    R0H,R1H,R0H           ; [CPU_] |72| 
         000000fd 0008 
     493 000000fe 7700          NOP       ; [CPU_] 
     494 000000ff E203-         MOV32     @_deltaV1,R0H         ; [CPU_] |72| 
         00000100 000A 
     495 00000101 6F04          B         $C$L3,UNC             ; [CPU_] |72| 
     496                      ; branch occurs ; [] |72| 
     497 00000102       $C$L2:    
     498                      .dwpsn  file "../CntrlLimit/CntrlVoltagLimit.c",line 74,column 3,is_stmt
     499 00000102 E590          ZERO      R0H                   ; [CPU_] |74| 
     500 00000103 E203-         MOV32     @_deltaV1,R0H         ; [CPU_] |74| 
         00000104 000A 
     501                      .dwpsn  file "../CntrlLimit/CntrlVoltagLimit.c",line 77,column 1,is_stmt
     502 00000105       $C$L3:    
     503 00000105 FE86          SUBB      SP,#6                 ; [CPU_U] 
     504                      .dwcfi  cfa_offset, -4
     505 00000106 E2AF          MOV32     R4H,*--SP             ; [CPU_] 
         00000107 04BE 
     506              $C$DW$38        .dwtag  DW_TAG_TI_branch
     507                      .dwattr $C$DW$38, DW_AT_low_pc(0x00)
     508                      .dwattr $C$DW$38, DW_AT_TI_return
     509 00000108 0006          LRETR     ; [CPU_] 
     510                      ; return occurs ; [] 
TMS320C2000 Assembler PC v6.2.7 Thu Jul 02 08:31:34 2015

Tools Copyright (c) 1996-2014 Texas Instruments Incorporated
C:\Users\Tester\AppData\Local\Temp\0608810                           PAGE   12

     511                      .dwattr $C$DW$31, DW_AT_TI_end_file("../CntrlLimit/CntrlVoltagLimit.c")
     512                      .dwattr $C$DW$31, DW_AT_TI_end_line(0x4d)
     513                      .dwattr $C$DW$31, DW_AT_TI_end_column(0x01)
     514                      .dwendentry
     515                      .dwendtag $C$DW$31
     516              
     517 00000109               .sect   ".text"
     518                      .clink
     519                      .global _getOvervoltagFrequency
     520              
     521              $C$DW$39        .dwtag  DW_TAG_subprogram, DW_AT_name("getOvervoltagFrequency")
     522                      .dwattr $C$DW$39, DW_AT_low_pc(_getOvervoltagFrequency)
     523                      .dwattr $C$DW$39, DW_AT_high_pc(0x00)
     524                      .dwattr $C$DW$39, DW_AT_TI_symbol_name("_getOvervoltagFrequency")
     525                      .dwattr $C$DW$39, DW_AT_external
     526                      .dwattr $C$DW$39, DW_AT_type(*$C$DW$T$16)
     527                      .dwattr $C$DW$39, DW_AT_TI_begin_file("../CntrlLimit/CntrlVoltagLimit.c")
     528                      .dwattr $C$DW$39, DW_AT_TI_begin_line(0x4f)
     529                      .dwattr $C$DW$39, DW_AT_TI_begin_column(0x07)
     530                      .dwattr $C$DW$39, DW_AT_TI_max_frame_size(-2)
     531                      .dwpsn  file "../CntrlLimit/CntrlVoltagLimit.c",line 79,column 35,is_stmt,address _getOvervoltagFrequ
     532              
     533                      .dwfde $C$DW$CIE, _getOvervoltagFrequency
     534              
     535              ;***************************************************************
     536              ;* FNAME: _getOvervoltagFrequency       FR SIZE:   0           *
     537              ;*                                                             *
     538              ;* FUNCTION ENVIRONMENT                                        *
     539              ;*                                                             *
     540              ;* FUNCTION PROPERTIES                                         *
     541              ;*                            0 Parameter,  0 Auto,  0 SOE     *
     542              ;***************************************************************
     543              
     544 00000109       _getOvervoltagFrequency:
     545                      .dwcfi  cfa_offset, -2
     546                      .dwcfi  save_reg_to_mem, 26, 0
     547                      .dwcfi  save_reg_to_reg, 78, 26
     548                      .dwpsn  file "../CntrlLimit/CntrlVoltagLimit.c",line 80,column 2,is_stmt
     549 00000109 761F-         MOVW      DP,#_deltaV1          ; [CPU_U] 
         0000010a 0000 
     550 0000010b E2AF-         MOV32     R0H,@_deltaV1         ; [CPU_] |80| 
         0000010c 000A 
     551                      .dwpsn  file "../CntrlLimit/CntrlVoltagLimit.c",line 81,column 1,is_stmt
     552              $C$DW$40        .dwtag  DW_TAG_TI_branch
     553                      .dwattr $C$DW$40, DW_AT_low_pc(0x00)
     554                      .dwattr $C$DW$40, DW_AT_TI_return
     555 0000010d 0006          LRETR     ; [CPU_] 
     556                      ; return occurs ; [] 
     557                      .dwattr $C$DW$39, DW_AT_TI_end_file("../CntrlLimit/CntrlVoltagLimit.c")
     558                      .dwattr $C$DW$39, DW_AT_TI_end_line(0x51)
     559                      .dwattr $C$DW$39, DW_AT_TI_end_column(0x01)
     560                      .dwendentry
     561                      .dwendtag $C$DW$39
     562              
     563 0000010e               .sect   ".text"
TMS320C2000 Assembler PC v6.2.7 Thu Jul 02 08:31:34 2015

Tools Copyright (c) 1996-2014 Texas Instruments Incorporated
C:\Users\Tester\AppData\Local\Temp\0608810                           PAGE   13

     564                      .clink
     565                      .global _testOvervoltag
     566              
     567              $C$DW$41        .dwtag  DW_TAG_subprogram, DW_AT_name("testOvervoltag")
     568                      .dwattr $C$DW$41, DW_AT_low_pc(_testOvervoltag)
     569                      .dwattr $C$DW$41, DW_AT_high_pc(0x00)
     570                      .dwattr $C$DW$41, DW_AT_TI_symbol_name("_testOvervoltag")
     571                      .dwattr $C$DW$41, DW_AT_external
     572                      .dwattr $C$DW$41, DW_AT_type(*$C$DW$T$27)
     573                      .dwattr $C$DW$41, DW_AT_TI_begin_file("../CntrlLimit/CntrlVoltagLimit.c")
     574                      .dwattr $C$DW$41, DW_AT_TI_begin_line(0x53)
     575                      .dwattr $C$DW$41, DW_AT_TI_begin_column(0x07)
     576                      .dwattr $C$DW$41, DW_AT_TI_max_frame_size(-4)
     577                      .dwpsn  file "../CntrlLimit/CntrlVoltagLimit.c",line 83,column 27,is_stmt,address _testOvervoltag
     578              
     579                      .dwfde $C$DW$CIE, _testOvervoltag
     580              
     581              ;***************************************************************
     582              ;* FNAME: _testOvervoltag               FR SIZE:   2           *
     583              ;*                                                             *
     584              ;* FUNCTION ENVIRONMENT                                        *
     585              ;*                                                             *
     586              ;* FUNCTION PROPERTIES                                         *
     587              ;*                            2 Parameter,  0 Auto,  0 SOE     *
     588              ;***************************************************************
     589              
     590 0000010e       _testOvervoltag:
     591                      .dwcfi  cfa_offset, -2
     592                      .dwcfi  save_reg_to_mem, 26, 0
     593                      .dwcfi  save_reg_to_reg, 78, 26
     594 0000010e FE02          ADDB      SP,#2                 ; [CPU_U] 
     595                      .dwcfi  cfa_offset, -4
     596                      .dwpsn  file "../CntrlLimit/CntrlVoltagLimit.c",line 84,column 2,is_stmt
     597 0000010f 761F-         MOVW      DP,#_overvolt         ; [CPU_U] 
         00000110 0000 
     598 00000111 E2AF-         MOV32     R0H,@_overvolt        ; [CPU_] |84| 
         00000112 000C 
     599 00000113 E5A0          CMPF32    R0H,#0                ; [CPU_] |84| 
     600 00000114 AD14          MOVST0    ZF, NF                ; [CPU_] |84| 
     601 00000115 6503          B         $C$L4,LEQ             ; [CPU_] |84| 
     602                      ; branchcc occurs ; [] |84| 
     603                      .dwpsn  file "../CntrlLimit/CntrlVoltagLimit.c",line 85,column 3,is_stmt
     604 00000116 9A01          MOVB      AL,#1                 ; [CPU_] |85| 
     605 00000117 6F02          B         $C$L5,UNC             ; [CPU_] |85| 
     606                      ; branch occurs ; [] |85| 
     607 00000118       $C$L4:    
     608                      .dwpsn  file "../CntrlLimit/CntrlVoltagLimit.c",line 87,column 3,is_stmt
     609 00000118 9A00          MOVB      AL,#0                 ; [CPU_] |87| 
     610 00000119       $C$L5:    
     611                      .dwpsn  file "../CntrlLimit/CntrlVoltagLimit.c",line 88,column 1,is_stmt
     612 00000119 FE82          SUBB      SP,#2                 ; [CPU_U] 
     613                      .dwcfi  cfa_offset, -2
     614              $C$DW$42        .dwtag  DW_TAG_TI_branch
     615                      .dwattr $C$DW$42, DW_AT_low_pc(0x00)
     616                      .dwattr $C$DW$42, DW_AT_TI_return
TMS320C2000 Assembler PC v6.2.7 Thu Jul 02 08:31:34 2015

Tools Copyright (c) 1996-2014 Texas Instruments Incorporated
C:\Users\Tester\AppData\Local\Temp\0608810                           PAGE   14

     617 0000011a 0006          LRETR     ; [CPU_] 
     618                      ; return occurs ; [] 
     619                      .dwattr $C$DW$41, DW_AT_TI_end_file("../CntrlLimit/CntrlVoltagLimit.c")
     620                      .dwattr $C$DW$41, DW_AT_TI_end_line(0x58)
     621                      .dwattr $C$DW$41, DW_AT_TI_end_column(0x01)
     622                      .dwendentry
     623                      .dwendtag $C$DW$41
     624              
     625 0000011b               .sect   ".text"
     626                      .clink
     627                      .global _testLimitVoltag
     628              
     629              $C$DW$43        .dwtag  DW_TAG_subprogram, DW_AT_name("testLimitVoltag")
     630                      .dwattr $C$DW$43, DW_AT_low_pc(_testLimitVoltag)
     631                      .dwattr $C$DW$43, DW_AT_high_pc(0x00)
     632                      .dwattr $C$DW$43, DW_AT_TI_symbol_name("_testLimitVoltag")
     633                      .dwattr $C$DW$43, DW_AT_external
     634                      .dwattr $C$DW$43, DW_AT_type(*$C$DW$T$22)
     635                      .dwattr $C$DW$43, DW_AT_TI_begin_file("../CntrlLimit/CntrlVoltagLimit.c")
     636                      .dwattr $C$DW$43, DW_AT_TI_begin_line(0x5a)
     637                      .dwattr $C$DW$43, DW_AT_TI_begin_column(0x06)
     638                      .dwattr $C$DW$43, DW_AT_TI_max_frame_size(-6)
     639                      .dwpsn  file "../CntrlLimit/CntrlVoltagLimit.c",line 90,column 27,is_stmt,address _testLimitVoltag
     640              
     641                      .dwfde $C$DW$CIE, _testLimitVoltag
     642              
     643              ;***************************************************************
     644              ;* FNAME: _testLimitVoltag              FR SIZE:   4           *
     645              ;*                                                             *
     646              ;* FUNCTION ENVIRONMENT                                        *
     647              ;*                                                             *
     648              ;* FUNCTION PROPERTIES                                         *
     649              ;*                            2 Parameter,  2 Auto,  0 SOE     *
     650              ;***************************************************************
     651              
     652 0000011b       _testLimitVoltag:
     653                      .dwcfi  cfa_offset, -2
     654                      .dwcfi  save_reg_to_mem, 26, 0
     655                      .dwcfi  save_reg_to_reg, 78, 26
     656 0000011b FE04          ADDB      SP,#4                 ; [CPU_U] 
     657                      .dwcfi  cfa_offset, -6
     658              $C$DW$44        .dwtag  DW_TAG_variable, DW_AT_name("tmp")
     659                      .dwattr $C$DW$44, DW_AT_TI_symbol_name("_tmp")
     660                      .dwattr $C$DW$44, DW_AT_type(*$C$DW$T$16)
     661                      .dwattr $C$DW$44, DW_AT_location[DW_OP_breg20 -4]
     662                      .dwpsn  file "../CntrlLimit/CntrlVoltagLimit.c",line 92,column 2,is_stmt
     663              $C$DW$45        .dwtag  DW_TAG_TI_branch
     664                      .dwattr $C$DW$45, DW_AT_low_pc(0x00)
     665                      .dwattr $C$DW$45, DW_AT_name("_getMomentaryVoltagDC")
     666                      .dwattr $C$DW$45, DW_AT_TI_call
     667 0000011c 7640!         LCR       #_getMomentaryVoltagDC ; [CPU_] |92| 
         0000011d 0000 
     668                      ; call occurs [#_getMomentaryVoltagDC] ; [] |92| 
     669 0000011e E203          MOV32     *-SP[4],R0H           ; [CPU_] |92| 
         0000011f 0044 
TMS320C2000 Assembler PC v6.2.7 Thu Jul 02 08:31:34 2015

Tools Copyright (c) 1996-2014 Texas Instruments Incorporated
C:\Users\Tester\AppData\Local\Temp\0608810                           PAGE   15

     670                      .dwpsn  file "../CntrlLimit/CntrlVoltagLimit.c",line 94,column 2,is_stmt
     671 00000120 761F-         MOVW      DP,#_maxVoltag        ; [CPU_U] 
         00000121 0000 
     672 00000122 E2AF          MOV32     R1H,*-SP[4]           ; [CPU_] |94| 
         00000123 0144 
     673 00000124 E2AF-         MOV32     R0H,@_maxVoltag       ; [CPU_] |94| 
         00000125 0004 
     674 00000126 E694          CMPF32    R1H,R0H               ; [CPU_] |94| 
         00000127 0001 
     675 00000128 AD14          MOVST0    ZF, NF                ; [CPU_] |94| 
     676 00000129 6503          B         $C$L6,LEQ             ; [CPU_] |94| 
     677                      ; branchcc occurs ; [] |94| 
     678                      .dwpsn  file "../CntrlLimit/CntrlVoltagLimit.c",line 95,column 3,is_stmt
     679 0000012a 9A01          MOVB      AL,#1                 ; [CPU_] |95| 
     680 0000012b 6F02          B         $C$L7,UNC             ; [CPU_] |95| 
     681                      ; branch occurs ; [] |95| 
     682 0000012c       $C$L6:    
     683                      .dwpsn  file "../CntrlLimit/CntrlVoltagLimit.c",line 97,column 3,is_stmt
     684 0000012c 9A00          MOVB      AL,#0                 ; [CPU_] |97| 
     685 0000012d       $C$L7:    
     686                      .dwpsn  file "../CntrlLimit/CntrlVoltagLimit.c",line 98,column 1,is_stmt
     687 0000012d FE84          SUBB      SP,#4                 ; [CPU_U] 
     688                      .dwcfi  cfa_offset, -2
     689              $C$DW$46        .dwtag  DW_TAG_TI_branch
     690                      .dwattr $C$DW$46, DW_AT_low_pc(0x00)
     691                      .dwattr $C$DW$46, DW_AT_TI_return
     692 0000012e 0006          LRETR     ; [CPU_] 
     693                      ; return occurs ; [] 
     694                      .dwattr $C$DW$43, DW_AT_TI_end_file("../CntrlLimit/CntrlVoltagLimit.c")
     695                      .dwattr $C$DW$43, DW_AT_TI_end_line(0x62)
     696                      .dwattr $C$DW$43, DW_AT_TI_end_column(0x01)
     697                      .dwendentry
     698                      .dwendtag $C$DW$43
     699              
     700 0000012f               .sect   ".text"
     701                      .clink
     702                      .global _testUnderVoltag
     703              
     704              $C$DW$47        .dwtag  DW_TAG_subprogram, DW_AT_name("testUnderVoltag")
     705                      .dwattr $C$DW$47, DW_AT_low_pc(_testUnderVoltag)
     706                      .dwattr $C$DW$47, DW_AT_high_pc(0x00)
     707                      .dwattr $C$DW$47, DW_AT_TI_symbol_name("_testUnderVoltag")
     708                      .dwattr $C$DW$47, DW_AT_external
     709                      .dwattr $C$DW$47, DW_AT_type(*$C$DW$T$22)
     710                      .dwattr $C$DW$47, DW_AT_TI_begin_file("../CntrlLimit/CntrlVoltagLimit.c")
     711                      .dwattr $C$DW$47, DW_AT_TI_begin_line(0x64)
     712                      .dwattr $C$DW$47, DW_AT_TI_begin_column(0x06)
     713                      .dwattr $C$DW$47, DW_AT_TI_max_frame_size(-6)
     714                      .dwpsn  file "../CntrlLimit/CntrlVoltagLimit.c",line 100,column 27,is_stmt,address _testUnderVoltag
     715              
     716                      .dwfde $C$DW$CIE, _testUnderVoltag
     717              
     718              ;***************************************************************
     719              ;* FNAME: _testUnderVoltag              FR SIZE:   4           *
     720              ;*                                                             *
TMS320C2000 Assembler PC v6.2.7 Thu Jul 02 08:31:34 2015

Tools Copyright (c) 1996-2014 Texas Instruments Incorporated
C:\Users\Tester\AppData\Local\Temp\0608810                           PAGE   16

     721              ;* FUNCTION ENVIRONMENT                                        *
     722              ;*                                                             *
     723              ;* FUNCTION PROPERTIES                                         *
     724              ;*                            2 Parameter,  2 Auto,  0 SOE     *
     725              ;***************************************************************
     726              
     727 0000012f       _testUnderVoltag:
     728                      .dwcfi  cfa_offset, -2
     729                      .dwcfi  save_reg_to_mem, 26, 0
     730                      .dwcfi  save_reg_to_reg, 78, 26
     731 0000012f FE04          ADDB      SP,#4                 ; [CPU_U] 
     732                      .dwcfi  cfa_offset, -6
     733              $C$DW$48        .dwtag  DW_TAG_variable, DW_AT_name("tmp")
     734                      .dwattr $C$DW$48, DW_AT_TI_symbol_name("_tmp")
     735                      .dwattr $C$DW$48, DW_AT_type(*$C$DW$T$16)
     736                      .dwattr $C$DW$48, DW_AT_location[DW_OP_breg20 -4]
     737                      .dwpsn  file "../CntrlLimit/CntrlVoltagLimit.c",line 101,column 12,is_stmt
     738              $C$DW$49        .dwtag  DW_TAG_TI_branch
     739                      .dwattr $C$DW$49, DW_AT_low_pc(0x00)
     740                      .dwattr $C$DW$49, DW_AT_name("_getAverageVoltagDC")
     741                      .dwattr $C$DW$49, DW_AT_TI_call
     742 00000130 7640!         LCR       #_getAverageVoltagDC  ; [CPU_] |101| 
         00000131 0000 
     743                      ; call occurs [#_getAverageVoltagDC] ; [] |101| 
     744 00000132 E203          MOV32     *-SP[4],R0H           ; [CPU_] |101| 
         00000133 0044 
     745                      .dwpsn  file "../CntrlLimit/CntrlVoltagLimit.c",line 102,column 2,is_stmt
     746 00000134 761F-         MOVW      DP,#_minVoltag        ; [CPU_U] 
         00000135 0000 
     747 00000136 E2AF          MOV32     R1H,*-SP[4]           ; [CPU_] |102| 
         00000137 0144 
     748 00000138 E2AF-         MOV32     R0H,@_minVoltag       ; [CPU_] |102| 
         00000139 0002 
     749 0000013a E694          CMPF32    R1H,R0H               ; [CPU_] |102| 
         0000013b 0001 
     750 0000013c AD14          MOVST0    ZF, NF                ; [CPU_] |102| 
     751 0000013d 6303          B         $C$L8,GEQ             ; [CPU_] |102| 
     752                      ; branchcc occurs ; [] |102| 
     753                      .dwpsn  file "../CntrlLimit/CntrlVoltagLimit.c",line 103,column 3,is_stmt
     754 0000013e 9A01          MOVB      AL,#1                 ; [CPU_] |103| 
     755 0000013f 6F02          B         $C$L9,UNC             ; [CPU_] |103| 
     756                      ; branch occurs ; [] |103| 
     757 00000140       $C$L8:    
     758                      .dwpsn  file "../CntrlLimit/CntrlVoltagLimit.c",line 105,column 3,is_stmt
     759 00000140 9A00          MOVB      AL,#0                 ; [CPU_] |105| 
     760 00000141       $C$L9:    
     761                      .dwpsn  file "../CntrlLimit/CntrlVoltagLimit.c",line 106,column 1,is_stmt
     762 00000141 FE84          SUBB      SP,#4                 ; [CPU_U] 
     763                      .dwcfi  cfa_offset, -2
     764              $C$DW$50        .dwtag  DW_TAG_TI_branch
     765                      .dwattr $C$DW$50, DW_AT_low_pc(0x00)
     766                      .dwattr $C$DW$50, DW_AT_TI_return
     767 00000142 0006          LRETR     ; [CPU_] 
     768                      ; return occurs ; [] 
     769                      .dwattr $C$DW$47, DW_AT_TI_end_file("../CntrlLimit/CntrlVoltagLimit.c")
TMS320C2000 Assembler PC v6.2.7 Thu Jul 02 08:31:34 2015

Tools Copyright (c) 1996-2014 Texas Instruments Incorporated
C:\Users\Tester\AppData\Local\Temp\0608810                           PAGE   17

     770                      .dwattr $C$DW$47, DW_AT_TI_end_line(0x6a)
     771                      .dwattr $C$DW$47, DW_AT_TI_end_column(0x01)
     772                      .dwendentry
     773                      .dwendtag $C$DW$47
     774              
     775              ;**************************************************************
     776              ;* UNDEFINED EXTERNAL REFERENCES                              *
     777              ;**************************************************************
     778                      .global _getRegister
     779                      .global _getAverageVoltagDC
     780                      .global _getMomentaryVoltagDC
     781                      .global FS$$DIV
     782              
     783              ;***************************************************************
     784              ;* TYPE INFORMATION                                            *
     785              ;***************************************************************
     786              $C$DW$T$4       .dwtag  DW_TAG_base_type
     787                      .dwattr $C$DW$T$4, DW_AT_encoding(DW_ATE_boolean)
     788                      .dwattr $C$DW$T$4, DW_AT_name("bool")
     789                      .dwattr $C$DW$T$4, DW_AT_byte_size(0x01)
     790              $C$DW$T$5       .dwtag  DW_TAG_base_type
     791                      .dwattr $C$DW$T$5, DW_AT_encoding(DW_ATE_signed_char)
     792                      .dwattr $C$DW$T$5, DW_AT_name("signed char")
     793                      .dwattr $C$DW$T$5, DW_AT_byte_size(0x01)
     794              $C$DW$T$6       .dwtag  DW_TAG_base_type
     795                      .dwattr $C$DW$T$6, DW_AT_encoding(DW_ATE_unsigned_char)
     796                      .dwattr $C$DW$T$6, DW_AT_name("unsigned char")
     797                      .dwattr $C$DW$T$6, DW_AT_byte_size(0x01)
     798              $C$DW$T$7       .dwtag  DW_TAG_base_type
     799                      .dwattr $C$DW$T$7, DW_AT_encoding(DW_ATE_signed_char)
     800                      .dwattr $C$DW$T$7, DW_AT_name("wchar_t")
     801                      .dwattr $C$DW$T$7, DW_AT_byte_size(0x01)
     802              $C$DW$T$8       .dwtag  DW_TAG_base_type
     803                      .dwattr $C$DW$T$8, DW_AT_encoding(DW_ATE_signed)
     804                      .dwattr $C$DW$T$8, DW_AT_name("short")
     805                      .dwattr $C$DW$T$8, DW_AT_byte_size(0x01)
     806              $C$DW$T$9       .dwtag  DW_TAG_base_type
     807                      .dwattr $C$DW$T$9, DW_AT_encoding(DW_ATE_unsigned)
     808                      .dwattr $C$DW$T$9, DW_AT_name("unsigned short")
     809                      .dwattr $C$DW$T$9, DW_AT_byte_size(0x01)
     810              $C$DW$T$10      .dwtag  DW_TAG_base_type
     811                      .dwattr $C$DW$T$10, DW_AT_encoding(DW_ATE_signed)
     812                      .dwattr $C$DW$T$10, DW_AT_name("int")
     813                      .dwattr $C$DW$T$10, DW_AT_byte_size(0x01)
     814              $C$DW$T$22      .dwtag  DW_TAG_typedef, DW_AT_name("INT8")
     815                      .dwattr $C$DW$T$22, DW_AT_type(*$C$DW$T$10)
     816                      .dwattr $C$DW$T$22, DW_AT_language(DW_LANG_C)
     817              $C$DW$T$11      .dwtag  DW_TAG_base_type
     818                      .dwattr $C$DW$T$11, DW_AT_encoding(DW_ATE_unsigned)
     819                      .dwattr $C$DW$T$11, DW_AT_name("unsigned int")
     820                      .dwattr $C$DW$T$11, DW_AT_byte_size(0x01)
     821              $C$DW$T$27      .dwtag  DW_TAG_typedef, DW_AT_name("UINT8")
     822                      .dwattr $C$DW$T$27, DW_AT_type(*$C$DW$T$11)
     823                      .dwattr $C$DW$T$27, DW_AT_language(DW_LANG_C)
     824              $C$DW$T$12      .dwtag  DW_TAG_base_type
TMS320C2000 Assembler PC v6.2.7 Thu Jul 02 08:31:34 2015

Tools Copyright (c) 1996-2014 Texas Instruments Incorporated
C:\Users\Tester\AppData\Local\Temp\0608810                           PAGE   18

     825                      .dwattr $C$DW$T$12, DW_AT_encoding(DW_ATE_signed)
     826                      .dwattr $C$DW$T$12, DW_AT_name("long")
     827                      .dwattr $C$DW$T$12, DW_AT_byte_size(0x02)
     828              $C$DW$T$13      .dwtag  DW_TAG_base_type
     829                      .dwattr $C$DW$T$13, DW_AT_encoding(DW_ATE_unsigned)
     830                      .dwattr $C$DW$T$13, DW_AT_name("unsigned long")
     831                      .dwattr $C$DW$T$13, DW_AT_byte_size(0x02)
     832              $C$DW$T$14      .dwtag  DW_TAG_base_type
     833                      .dwattr $C$DW$T$14, DW_AT_encoding(DW_ATE_signed)
     834                      .dwattr $C$DW$T$14, DW_AT_name("long long")
     835                      .dwattr $C$DW$T$14, DW_AT_byte_size(0x04)
     836              $C$DW$T$15      .dwtag  DW_TAG_base_type
     837                      .dwattr $C$DW$T$15, DW_AT_encoding(DW_ATE_unsigned)
     838                      .dwattr $C$DW$T$15, DW_AT_name("unsigned long long")
     839                      .dwattr $C$DW$T$15, DW_AT_byte_size(0x04)
     840              $C$DW$T$16      .dwtag  DW_TAG_base_type
     841                      .dwattr $C$DW$T$16, DW_AT_encoding(DW_ATE_float)
     842                      .dwattr $C$DW$T$16, DW_AT_name("float")
     843                      .dwattr $C$DW$T$16, DW_AT_byte_size(0x02)
     844              $C$DW$T$20      .dwtag  DW_TAG_pointer_type
     845                      .dwattr $C$DW$T$20, DW_AT_type(*$C$DW$T$16)
     846                      .dwattr $C$DW$T$20, DW_AT_address_class(0x16)
     847              $C$DW$T$17      .dwtag  DW_TAG_base_type
     848                      .dwattr $C$DW$T$17, DW_AT_encoding(DW_ATE_float)
     849                      .dwattr $C$DW$T$17, DW_AT_name("double")
     850                      .dwattr $C$DW$T$17, DW_AT_byte_size(0x02)
     851              $C$DW$T$18      .dwtag  DW_TAG_base_type
     852                      .dwattr $C$DW$T$18, DW_AT_encoding(DW_ATE_float)
     853                      .dwattr $C$DW$T$18, DW_AT_name("long double")
     854                      .dwattr $C$DW$T$18, DW_AT_byte_size(0x04)
     855                      .dwattr $C$DW$CU, DW_AT_language(DW_LANG_C)
     856              
     857              ;***************************************************************
     858              ;* DWARF CIE ENTRIES                                           *
     859              ;***************************************************************
     860              
     861              $C$DW$CIE       .dwcie 78
     862                      .dwcfi  cfa_register, 20
     863                      .dwcfi  cfa_offset, 0
     864                      .dwcfi  undefined, 0
     865                      .dwcfi  undefined, 1
     866                      .dwcfi  undefined, 2
     867                      .dwcfi  undefined, 3
     868                      .dwcfi  undefined, 20
     869                      .dwcfi  undefined, 21
     870                      .dwcfi  undefined, 22
     871                      .dwcfi  undefined, 23
     872                      .dwcfi  undefined, 24
     873                      .dwcfi  undefined, 25
     874                      .dwcfi  undefined, 26
     875                      .dwcfi  same_value, 28
     876                      .dwcfi  undefined, 29
     877                      .dwcfi  undefined, 30
     878                      .dwcfi  undefined, 31
     879                      .dwcfi  undefined, 32
TMS320C2000 Assembler PC v6.2.7 Thu Jul 02 08:31:34 2015

Tools Copyright (c) 1996-2014 Texas Instruments Incorporated
C:\Users\Tester\AppData\Local\Temp\0608810                           PAGE   19

     880                      .dwcfi  undefined, 33
     881                      .dwcfi  undefined, 34
     882                      .dwcfi  undefined, 35
     883                      .dwcfi  undefined, 36
     884                      .dwcfi  undefined, 37
     885                      .dwcfi  undefined, 38
     886                      .dwcfi  undefined, 75
     887                      .dwcfi  undefined, 76
     888                      .dwcfi  undefined, 77
     889                      .dwcfi  undefined, 4
     890                      .dwcfi  same_value, 6
     891                      .dwcfi  same_value, 8
     892                      .dwcfi  same_value, 10
     893                      .dwcfi  undefined, 12
     894                      .dwcfi  undefined, 14
     895                      .dwcfi  undefined, 16
     896                      .dwcfi  undefined, 17
     897                      .dwcfi  undefined, 18
     898                      .dwcfi  undefined, 19
     899                      .dwcfi  undefined, 5
     900                      .dwcfi  same_value, 7
     901                      .dwcfi  same_value, 9
     902                      .dwcfi  same_value, 11
     903                      .dwcfi  undefined, 13
     904                      .dwcfi  undefined, 15
     905                      .dwcfi  undefined, 43
     906                      .dwcfi  undefined, 44
     907                      .dwcfi  undefined, 47
     908                      .dwcfi  undefined, 48
     909                      .dwcfi  undefined, 51
     910                      .dwcfi  undefined, 52
     911                      .dwcfi  undefined, 55
     912                      .dwcfi  undefined, 56
     913                      .dwcfi  same_value, 59
     914                      .dwcfi  same_value, 60
     915                      .dwcfi  same_value, 63
     916                      .dwcfi  same_value, 64
     917                      .dwcfi  same_value, 67
     918                      .dwcfi  same_value, 68
     919                      .dwcfi  same_value, 71
     920                      .dwcfi  same_value, 72
     921                      .dwcfi  undefined, 73
     922                      .dwcfi  undefined, 74
     923                      .dwcfi  undefined, 39
     924                      .dwcfi  undefined, 40
     925                      .dwcfi  undefined, 27
     926                      .dwcfi  undefined, 78
     927                      .dwendentry
     928              
     929              ;***************************************************************
     930              ;* DWARF REGISTER MAP                                          *
     931              ;***************************************************************
     932              
     933              $C$DW$51        .dwtag  DW_TAG_TI_assign_register, DW_AT_name("AL")
     934                      .dwattr $C$DW$51, DW_AT_location[DW_OP_reg0]
TMS320C2000 Assembler PC v6.2.7 Thu Jul 02 08:31:34 2015

Tools Copyright (c) 1996-2014 Texas Instruments Incorporated
C:\Users\Tester\AppData\Local\Temp\0608810                           PAGE   20

     935              $C$DW$52        .dwtag  DW_TAG_TI_assign_register, DW_AT_name("AH")
     936                      .dwattr $C$DW$52, DW_AT_location[DW_OP_reg1]
     937              $C$DW$53        .dwtag  DW_TAG_TI_assign_register, DW_AT_name("PL")
     938                      .dwattr $C$DW$53, DW_AT_location[DW_OP_reg2]
     939              $C$DW$54        .dwtag  DW_TAG_TI_assign_register, DW_AT_name("PH")
     940                      .dwattr $C$DW$54, DW_AT_location[DW_OP_reg3]
     941              $C$DW$55        .dwtag  DW_TAG_TI_assign_register, DW_AT_name("SP")
     942                      .dwattr $C$DW$55, DW_AT_location[DW_OP_reg20]
     943              $C$DW$56        .dwtag  DW_TAG_TI_assign_register, DW_AT_name("XT")
     944                      .dwattr $C$DW$56, DW_AT_location[DW_OP_reg21]
     945              $C$DW$57        .dwtag  DW_TAG_TI_assign_register, DW_AT_name("T")
     946                      .dwattr $C$DW$57, DW_AT_location[DW_OP_reg22]
     947              $C$DW$58        .dwtag  DW_TAG_TI_assign_register, DW_AT_name("ST0")
     948                      .dwattr $C$DW$58, DW_AT_location[DW_OP_reg23]
     949              $C$DW$59        .dwtag  DW_TAG_TI_assign_register, DW_AT_name("ST1")
     950                      .dwattr $C$DW$59, DW_AT_location[DW_OP_reg24]
     951              $C$DW$60        .dwtag  DW_TAG_TI_assign_register, DW_AT_name("PC")
     952                      .dwattr $C$DW$60, DW_AT_location[DW_OP_reg25]
     953              $C$DW$61        .dwtag  DW_TAG_TI_assign_register, DW_AT_name("RPC")
     954                      .dwattr $C$DW$61, DW_AT_location[DW_OP_reg26]
     955              $C$DW$62        .dwtag  DW_TAG_TI_assign_register, DW_AT_name("FP")
     956                      .dwattr $C$DW$62, DW_AT_location[DW_OP_reg28]
     957              $C$DW$63        .dwtag  DW_TAG_TI_assign_register, DW_AT_name("DP")
     958                      .dwattr $C$DW$63, DW_AT_location[DW_OP_reg29]
     959              $C$DW$64        .dwtag  DW_TAG_TI_assign_register, DW_AT_name("SXM")
     960                      .dwattr $C$DW$64, DW_AT_location[DW_OP_reg30]
     961              $C$DW$65        .dwtag  DW_TAG_TI_assign_register, DW_AT_name("PM")
     962                      .dwattr $C$DW$65, DW_AT_location[DW_OP_reg31]
     963              $C$DW$66        .dwtag  DW_TAG_TI_assign_register, DW_AT_name("OVM")
     964                      .dwattr $C$DW$66, DW_AT_location[DW_OP_regx 0x20]
     965              $C$DW$67        .dwtag  DW_TAG_TI_assign_register, DW_AT_name("PAGE0")
     966                      .dwattr $C$DW$67, DW_AT_location[DW_OP_regx 0x21]
     967              $C$DW$68        .dwtag  DW_TAG_TI_assign_register, DW_AT_name("AMODE")
     968                      .dwattr $C$DW$68, DW_AT_location[DW_OP_regx 0x22]
     969              $C$DW$69        .dwtag  DW_TAG_TI_assign_register, DW_AT_name("INTM")
     970                      .dwattr $C$DW$69, DW_AT_location[DW_OP_regx 0x23]
     971              $C$DW$70        .dwtag  DW_TAG_TI_assign_register, DW_AT_name("IFR")
     972                      .dwattr $C$DW$70, DW_AT_location[DW_OP_regx 0x24]
     973              $C$DW$71        .dwtag  DW_TAG_TI_assign_register, DW_AT_name("IER")
     974                      .dwattr $C$DW$71, DW_AT_location[DW_OP_regx 0x25]
     975              $C$DW$72        .dwtag  DW_TAG_TI_assign_register, DW_AT_name("V")
     976                      .dwattr $C$DW$72, DW_AT_location[DW_OP_regx 0x26]
     977              $C$DW$73        .dwtag  DW_TAG_TI_assign_register, DW_AT_name("PSEUDOH")
     978                      .dwattr $C$DW$73, DW_AT_location[DW_OP_regx 0x4c]
     979              $C$DW$74        .dwtag  DW_TAG_TI_assign_register, DW_AT_name("VOL")
     980                      .dwattr $C$DW$74, DW_AT_location[DW_OP_regx 0x4d]
     981              $C$DW$75        .dwtag  DW_TAG_TI_assign_register, DW_AT_name("AR0")
     982                      .dwattr $C$DW$75, DW_AT_location[DW_OP_reg4]
     983              $C$DW$76        .dwtag  DW_TAG_TI_assign_register, DW_AT_name("AR1")
     984                      .dwattr $C$DW$76, DW_AT_location[DW_OP_reg6]
     985              $C$DW$77        .dwtag  DW_TAG_TI_assign_register, DW_AT_name("AR2")
     986                      .dwattr $C$DW$77, DW_AT_location[DW_OP_reg8]
     987              $C$DW$78        .dwtag  DW_TAG_TI_assign_register, DW_AT_name("AR3")
     988                      .dwattr $C$DW$78, DW_AT_location[DW_OP_reg10]
     989              $C$DW$79        .dwtag  DW_TAG_TI_assign_register, DW_AT_name("AR4")
TMS320C2000 Assembler PC v6.2.7 Thu Jul 02 08:31:34 2015

Tools Copyright (c) 1996-2014 Texas Instruments Incorporated
C:\Users\Tester\AppData\Local\Temp\0608810                           PAGE   21

     990                      .dwattr $C$DW$79, DW_AT_location[DW_OP_reg12]
     991              $C$DW$80        .dwtag  DW_TAG_TI_assign_register, DW_AT_name("AR5")
     992                      .dwattr $C$DW$80, DW_AT_location[DW_OP_reg14]
     993              $C$DW$81        .dwtag  DW_TAG_TI_assign_register, DW_AT_name("AR6")
     994                      .dwattr $C$DW$81, DW_AT_location[DW_OP_reg16]
     995              $C$DW$82        .dwtag  DW_TAG_TI_assign_register, DW_AT_name("XAR6")
     996                      .dwattr $C$DW$82, DW_AT_location[DW_OP_reg17]
     997              $C$DW$83        .dwtag  DW_TAG_TI_assign_register, DW_AT_name("AR7")
     998                      .dwattr $C$DW$83, DW_AT_location[DW_OP_reg18]
     999              $C$DW$84        .dwtag  DW_TAG_TI_assign_register, DW_AT_name("XAR7")
    1000                      .dwattr $C$DW$84, DW_AT_location[DW_OP_reg19]
    1001              $C$DW$85        .dwtag  DW_TAG_TI_assign_register, DW_AT_name("XAR0")
    1002                      .dwattr $C$DW$85, DW_AT_location[DW_OP_reg5]
    1003              $C$DW$86        .dwtag  DW_TAG_TI_assign_register, DW_AT_name("XAR1")
    1004                      .dwattr $C$DW$86, DW_AT_location[DW_OP_reg7]
    1005              $C$DW$87        .dwtag  DW_TAG_TI_assign_register, DW_AT_name("XAR2")
    1006                      .dwattr $C$DW$87, DW_AT_location[DW_OP_reg9]
    1007              $C$DW$88        .dwtag  DW_TAG_TI_assign_register, DW_AT_name("XAR3")
    1008                      .dwattr $C$DW$88, DW_AT_location[DW_OP_reg11]
    1009              $C$DW$89        .dwtag  DW_TAG_TI_assign_register, DW_AT_name("XAR4")
    1010                      .dwattr $C$DW$89, DW_AT_location[DW_OP_reg13]
    1011              $C$DW$90        .dwtag  DW_TAG_TI_assign_register, DW_AT_name("XAR5")
    1012                      .dwattr $C$DW$90, DW_AT_location[DW_OP_reg15]
    1013              $C$DW$91        .dwtag  DW_TAG_TI_assign_register, DW_AT_name("R0HL")
    1014                      .dwattr $C$DW$91, DW_AT_location[DW_OP_regx 0x2b]
    1015              $C$DW$92        .dwtag  DW_TAG_TI_assign_register, DW_AT_name("R0H")
    1016                      .dwattr $C$DW$92, DW_AT_location[DW_OP_regx 0x2c]
    1017              $C$DW$93        .dwtag  DW_TAG_TI_assign_register, DW_AT_name("R1HL")
    1018                      .dwattr $C$DW$93, DW_AT_location[DW_OP_regx 0x2f]
    1019              $C$DW$94        .dwtag  DW_TAG_TI_assign_register, DW_AT_name("R1H")
    1020                      .dwattr $C$DW$94, DW_AT_location[DW_OP_regx 0x30]
    1021              $C$DW$95        .dwtag  DW_TAG_TI_assign_register, DW_AT_name("R2HL")
    1022                      .dwattr $C$DW$95, DW_AT_location[DW_OP_regx 0x33]
    1023              $C$DW$96        .dwtag  DW_TAG_TI_assign_register, DW_AT_name("R2H")
    1024                      .dwattr $C$DW$96, DW_AT_location[DW_OP_regx 0x34]
    1025              $C$DW$97        .dwtag  DW_TAG_TI_assign_register, DW_AT_name("R3HL")
    1026                      .dwattr $C$DW$97, DW_AT_location[DW_OP_regx 0x37]
    1027              $C$DW$98        .dwtag  DW_TAG_TI_assign_register, DW_AT_name("R3H")
    1028                      .dwattr $C$DW$98, DW_AT_location[DW_OP_regx 0x38]
    1029              $C$DW$99        .dwtag  DW_TAG_TI_assign_register, DW_AT_name("R4HL")
    1030                      .dwattr $C$DW$99, DW_AT_location[DW_OP_regx 0x3b]
    1031              $C$DW$100       .dwtag  DW_TAG_TI_assign_register, DW_AT_name("R4H")
    1032                      .dwattr $C$DW$100, DW_AT_location[DW_OP_regx 0x3c]
    1033              $C$DW$101       .dwtag  DW_TAG_TI_assign_register, DW_AT_name("R5HL")
    1034                      .dwattr $C$DW$101, DW_AT_location[DW_OP_regx 0x3f]
    1035              $C$DW$102       .dwtag  DW_TAG_TI_assign_register, DW_AT_name("R5H")
    1036                      .dwattr $C$DW$102, DW_AT_location[DW_OP_regx 0x40]
    1037              $C$DW$103       .dwtag  DW_TAG_TI_assign_register, DW_AT_name("R6HL")
    1038                      .dwattr $C$DW$103, DW_AT_location[DW_OP_regx 0x43]
    1039              $C$DW$104       .dwtag  DW_TAG_TI_assign_register, DW_AT_name("R6H")
    1040                      .dwattr $C$DW$104, DW_AT_location[DW_OP_regx 0x44]
    1041              $C$DW$105       .dwtag  DW_TAG_TI_assign_register, DW_AT_name("R7HL")
    1042                      .dwattr $C$DW$105, DW_AT_location[DW_OP_regx 0x47]
    1043              $C$DW$106       .dwtag  DW_TAG_TI_assign_register, DW_AT_name("R7H")
    1044                      .dwattr $C$DW$106, DW_AT_location[DW_OP_regx 0x48]
TMS320C2000 Assembler PC v6.2.7 Thu Jul 02 08:31:34 2015

Tools Copyright (c) 1996-2014 Texas Instruments Incorporated
C:\Users\Tester\AppData\Local\Temp\0608810                           PAGE   22

    1045              $C$DW$107       .dwtag  DW_TAG_TI_assign_register, DW_AT_name("RBL")
    1046                      .dwattr $C$DW$107, DW_AT_location[DW_OP_regx 0x49]
    1047              $C$DW$108       .dwtag  DW_TAG_TI_assign_register, DW_AT_name("RB")
    1048                      .dwattr $C$DW$108, DW_AT_location[DW_OP_regx 0x4a]
    1049              $C$DW$109       .dwtag  DW_TAG_TI_assign_register, DW_AT_name("STFL")
    1050                      .dwattr $C$DW$109, DW_AT_location[DW_OP_regx 0x27]
    1051              $C$DW$110       .dwtag  DW_TAG_TI_assign_register, DW_AT_name("STF")
    1052                      .dwattr $C$DW$110, DW_AT_location[DW_OP_regx 0x28]
    1053              $C$DW$111       .dwtag  DW_TAG_TI_assign_register, DW_AT_name("FPUHAZ")
    1054                      .dwattr $C$DW$111, DW_AT_location[DW_OP_reg27]
    1055              $C$DW$112       .dwtag  DW_TAG_TI_assign_register, DW_AT_name("CIE_RETA")
    1056                      .dwattr $C$DW$112, DW_AT_location[DW_OP_regx 0x4e]
    1057                      .dwendtag $C$DW$CU
    1058              

No Assembly Errors, No Assembly Warnings
