TMS320C2000 Assembler PC v6.2.7 Thu Jul 02 08:31:34 2015

Tools Copyright (c) 1996-2014 Texas Instruments Incorporated
C:\Users\Tester\AppData\Local\Temp\0153610                           PAGE    1

       1              ;***************************************************************
       2              ;* TMS320C2000 C/C++ Codegen                         PC v6.2.7 *
       3              ;* Date/Time created: Thu Jul 02 08:31:34 2015                 *
       4              ;***************************************************************
       5                      .compiler_opts --diag_wrap=off --float_support=fpu32 --hll_source=on --mem_model:code=flat --mem_mode
       6        0002  FP      .set    XAR2
       7              
       8              $C$DW$CU        .dwtag  DW_TAG_compile_unit
       9                      .dwattr $C$DW$CU, DW_AT_name("../CntrlLimit/cntrlCurrentLimit.c")
      10                      .dwattr $C$DW$CU, DW_AT_producer("TMS320C2000 C/C++ Codegen PC v6.2.7 Copyright (c) 1996-2014 Texas I
      11                      .dwattr $C$DW$CU, DW_AT_TI_version(0x01)
      12                      .dwattr $C$DW$CU, DW_AT_comp_dir("D:\ActiveProject\EKT5\PKMT_NONBIOS\InvertorCntrl\ISPprg")
      13              
      14              $C$DW$1 .dwtag  DW_TAG_subprogram, DW_AT_name("getRegister")
      15                      .dwattr $C$DW$1, DW_AT_TI_symbol_name("_getRegister")
      16                      .dwattr $C$DW$1, DW_AT_type(*$C$DW$T$10)
      17                      .dwattr $C$DW$1, DW_AT_declaration
      18                      .dwattr $C$DW$1, DW_AT_external
      19              $C$DW$2 .dwtag  DW_TAG_formal_parameter
      20                      .dwattr $C$DW$2, DW_AT_type(*$C$DW$T$5)
      21                      .dwendtag $C$DW$1
      22              
      23                      .global _limCurrent
      24 00000000       _limCurrent:    .usect  ".ebss",2,1,1
      25              $C$DW$3 .dwtag  DW_TAG_variable, DW_AT_name("limCurrent")
      26                      .dwattr $C$DW$3, DW_AT_TI_symbol_name("_limCurrent")
      27                      .dwattr $C$DW$3, DW_AT_location[DW_OP_addr _limCurrent]
      28                      .dwattr $C$DW$3, DW_AT_type(*$C$DW$T$16)
      29                      .dwattr $C$DW$3, DW_AT_external
      30                      .global _deltaM1
      31 00000002       _deltaM1:       .usect  ".ebss",2,1,1
      32              $C$DW$4 .dwtag  DW_TAG_variable, DW_AT_name("deltaM1")
      33                      .dwattr $C$DW$4, DW_AT_TI_symbol_name("_deltaM1")
      34                      .dwattr $C$DW$4, DW_AT_location[DW_OP_addr _deltaM1]
      35                      .dwattr $C$DW$4, DW_AT_type(*$C$DW$T$16)
      36                      .dwattr $C$DW$4, DW_AT_external
      37                      .global _overload_K1
      38 00000004       _overload_K1:   .usect  ".ebss",2,1,1
      39              $C$DW$5 .dwtag  DW_TAG_variable, DW_AT_name("overload_K1")
      40                      .dwattr $C$DW$5, DW_AT_TI_symbol_name("_overload_K1")
      41                      .dwattr $C$DW$5, DW_AT_location[DW_OP_addr _overload_K1]
      42                      .dwattr $C$DW$5, DW_AT_type(*$C$DW$T$16)
      43                      .dwattr $C$DW$5, DW_AT_external
      44                      .global _maxCurrent
      45 00000006       _maxCurrent:    .usect  ".ebss",2,1,1
      46              $C$DW$6 .dwtag  DW_TAG_variable, DW_AT_name("maxCurrent")
      47                      .dwattr $C$DW$6, DW_AT_TI_symbol_name("_maxCurrent")
      48                      .dwattr $C$DW$6, DW_AT_location[DW_OP_addr _maxCurrent]
      49                      .dwattr $C$DW$6, DW_AT_type(*$C$DW$T$16)
      50                      .dwattr $C$DW$6, DW_AT_external
      51                      .global _overload_K2
      52 00000008       _overload_K2:   .usect  ".ebss",2,1,1
      53              $C$DW$7 .dwtag  DW_TAG_variable, DW_AT_name("overload_K2")
      54                      .dwattr $C$DW$7, DW_AT_TI_symbol_name("_overload_K2")
      55                      .dwattr $C$DW$7, DW_AT_location[DW_OP_addr _overload_K2]
TMS320C2000 Assembler PC v6.2.7 Thu Jul 02 08:31:34 2015

Tools Copyright (c) 1996-2014 Texas Instruments Incorporated
C:\Users\Tester\AppData\Local\Temp\0153610                           PAGE    2

      56                      .dwattr $C$DW$7, DW_AT_type(*$C$DW$T$16)
      57                      .dwattr $C$DW$7, DW_AT_external
      58              
      59              $C$DW$8 .dwtag  DW_TAG_subprogram, DW_AT_name("getMomentaryCurrentB")
      60                      .dwattr $C$DW$8, DW_AT_TI_symbol_name("_getMomentaryCurrentB")
      61                      .dwattr $C$DW$8, DW_AT_type(*$C$DW$T$16)
      62                      .dwattr $C$DW$8, DW_AT_declaration
      63                      .dwattr $C$DW$8, DW_AT_external
      64              
      65              $C$DW$9 .dwtag  DW_TAG_subprogram, DW_AT_name("getImVal")
      66                      .dwattr $C$DW$9, DW_AT_TI_symbol_name("_getImVal")
      67                      .dwattr $C$DW$9, DW_AT_type(*$C$DW$T$16)
      68                      .dwattr $C$DW$9, DW_AT_declaration
      69                      .dwattr $C$DW$9, DW_AT_external
      70              
      71              $C$DW$10        .dwtag  DW_TAG_subprogram, DW_AT_name("getMomentaryCurrentA")
      72                      .dwattr $C$DW$10, DW_AT_TI_symbol_name("_getMomentaryCurrentA")
      73                      .dwattr $C$DW$10, DW_AT_type(*$C$DW$T$16)
      74                      .dwattr $C$DW$10, DW_AT_declaration
      75                      .dwattr $C$DW$10, DW_AT_external
      76                      .global _overload
      77 0000000a       _overload:      .usect  ".ebss",2,1,1
      78              $C$DW$11        .dwtag  DW_TAG_variable, DW_AT_name("overload")
      79                      .dwattr $C$DW$11, DW_AT_TI_symbol_name("_overload")
      80                      .dwattr $C$DW$11, DW_AT_location[DW_OP_addr _overload]
      81                      .dwattr $C$DW$11, DW_AT_type(*$C$DW$T$16)
      82                      .dwattr $C$DW$11, DW_AT_external
      83              ;       C:\ti\ccsv6\tools\compiler\c2000_6.2.7\bin\ac2000.exe -@C:\\Users\\Tester\\AppData\\Local\\Temp\\0153
      84 00000000               .sect   ".text"
      85                      .clink
      86                      .global _initOverloadCntrl
      87              
      88              $C$DW$12        .dwtag  DW_TAG_subprogram, DW_AT_name("initOverloadCntrl")
      89                      .dwattr $C$DW$12, DW_AT_low_pc(_initOverloadCntrl)
      90                      .dwattr $C$DW$12, DW_AT_high_pc(0x00)
      91                      .dwattr $C$DW$12, DW_AT_TI_symbol_name("_initOverloadCntrl")
      92                      .dwattr $C$DW$12, DW_AT_external
      93                      .dwattr $C$DW$12, DW_AT_TI_begin_file("../CntrlLimit/cntrlCurrentLimit.c")
      94                      .dwattr $C$DW$12, DW_AT_TI_begin_line(0x0d)
      95                      .dwattr $C$DW$12, DW_AT_TI_begin_column(0x06)
      96                      .dwattr $C$DW$12, DW_AT_TI_max_frame_size(-2)
      97                      .dwpsn  file "../CntrlLimit/cntrlCurrentLimit.c",line 13,column 29,is_stmt,address _initOverloadCntrl
      98              
      99                      .dwfde $C$DW$CIE, _initOverloadCntrl
     100              
     101              ;***************************************************************
     102              ;* FNAME: _initOverloadCntrl            FR SIZE:   0           *
     103              ;*                                                             *
     104              ;* FUNCTION ENVIRONMENT                                        *
     105              ;*                                                             *
     106              ;* FUNCTION PROPERTIES                                         *
     107              ;*                            0 Parameter,  0 Auto,  0 SOE     *
     108              ;***************************************************************
     109              
     110 00000000       _initOverloadCntrl:
TMS320C2000 Assembler PC v6.2.7 Thu Jul 02 08:31:34 2015

Tools Copyright (c) 1996-2014 Texas Instruments Incorporated
C:\Users\Tester\AppData\Local\Temp\0153610                           PAGE    3

     111                      .dwcfi  cfa_offset, -2
     112                      .dwcfi  save_reg_to_mem, 26, 0
     113                      .dwcfi  save_reg_to_reg, 78, 26
     114                      .dwpsn  file "../CntrlLimit/cntrlCurrentLimit.c",line 15,column 2,is_stmt
     115 00000000 E590          ZERO      R0H                   ; [CPU_] |15| 
     116 00000001 761F-         MOVW      DP,#_overload         ; [CPU_U] 
         00000002 0000 
     117 00000003 E203-         MOV32     @_overload,R0H        ; [CPU_] |15| 
         00000004 000A 
     118                      .dwpsn  file "../CntrlLimit/cntrlCurrentLimit.c",line 16,column 2,is_stmt
     119 00000005 E203-         MOV32     @_deltaM1,R0H         ; [CPU_] |16| 
         00000006 0002 
     120                      .dwpsn  file "../CntrlLimit/cntrlCurrentLimit.c",line 17,column 2,is_stmt
     121 00000007 9A04          MOVB      AL,#4                 ; [CPU_] |17| 
     122              $C$DW$13        .dwtag  DW_TAG_TI_branch
     123                      .dwattr $C$DW$13, DW_AT_low_pc(0x00)
     124                      .dwattr $C$DW$13, DW_AT_name("_getRegister")
     125                      .dwattr $C$DW$13, DW_AT_TI_call
     126 00000008 7640!         LCR       #_getRegister         ; [CPU_] |17| 
         00000009 0000 
     127                      ; call occurs [#_getRegister] ; [] |17| 
     128 0000000a 3B01          SETC      SXM                   ; [CPU_] 
     129 0000000b 85A9          MOV       ACC,AL                ; [CPU_] |17| 
     130 0000000c BDA9          MOV32     R0H,ACC               ; [CPU_] |17| 
         0000000d 0F12 
     131 0000000e 7700          NOP       ; [CPU_] 
     132 0000000f 7700          NOP       ; [CPU_] 
     133 00000010 7700          NOP       ; [CPU_] 
     134 00000011 7700          NOP       ; [CPU_] 
     135 00000012 E689          I32TOF32  R0H,R0H               ; [CPU_] |17| 
         00000013 0000 
     136 00000014 761F-         MOVW      DP,#_limCurrent       ; [CPU_U] 
         00000015 0000 
     137 00000016 E203-         MOV32     @_limCurrent,R0H      ; [CPU_] |17| 
         00000017 0000 
     138                      .dwpsn  file "../CntrlLimit/cntrlCurrentLimit.c",line 20,column 2,is_stmt
     139 00000018 E801          MOVIZ     R0H,#15888            ; [CPU_] |20| 
         00000019 F080 
     140 0000001a E2AF-         MOV32     R1H,@_limCurrent      ; [CPU_] |20| 
         0000001b 0100 
     141 0000001c E80E          MOVXI     R0H,#53351            ; [CPU_] |20| 
         0000001d 8338 
     142 0000001e E700          MPYF32    R0H,R0H,R1H           ; [CPU_] |20| 
         0000001f 0040 
     143 00000020 7700          NOP       ; [CPU_] 
     144 00000021 E203-         MOV32     @_limCurrent,R0H      ; [CPU_] |20| 
         00000022 0000 
     145                      .dwpsn  file "../CntrlLimit/cntrlCurrentLimit.c",line 24,column 2,is_stmt
     146 00000023 9A09          MOVB      AL,#9                 ; [CPU_] |24| 
     147              $C$DW$14        .dwtag  DW_TAG_TI_branch
     148                      .dwattr $C$DW$14, DW_AT_low_pc(0x00)
     149                      .dwattr $C$DW$14, DW_AT_name("_getRegister")
     150                      .dwattr $C$DW$14, DW_AT_TI_call
     151 00000024 7640!         LCR       #_getRegister         ; [CPU_] |24| 
         00000025 0000 
TMS320C2000 Assembler PC v6.2.7 Thu Jul 02 08:31:34 2015

Tools Copyright (c) 1996-2014 Texas Instruments Incorporated
C:\Users\Tester\AppData\Local\Temp\0153610                           PAGE    4

     152                      ; call occurs [#_getRegister] ; [] |24| 
     153 00000026 3B01          SETC      SXM                   ; [CPU_] 
     154 00000027 85A9          MOV       ACC,AL                ; [CPU_] |24| 
     155 00000028 BDA9          MOV32     R0H,ACC               ; [CPU_] |24| 
         00000029 0F12 
     156 0000002a 7700          NOP       ; [CPU_] 
     157 0000002b 7700          NOP       ; [CPU_] 
     158 0000002c 7700          NOP       ; [CPU_] 
     159 0000002d 7700          NOP       ; [CPU_] 
     160 0000002e E689          I32TOF32  R0H,R0H               ; [CPU_] |24| 
         0000002f 0000 
     161 00000030 761F-         MOVW      DP,#_overload_K1      ; [CPU_U] 
         00000031 0000 
     162 00000032 E203-         MOV32     @_overload_K1,R0H     ; [CPU_] |24| 
         00000033 0004 
     163                      .dwpsn  file "../CntrlLimit/cntrlCurrentLimit.c",line 25,column 2,is_stmt
     164 00000034 E802          MOVIZ     R1H,#18499            ; [CPU_] |25| 
         00000035 4219 
     165 00000036 E80A          MOVXI     R1H,#20480            ; [CPU_] |25| 
         00000037 8001 
     166              $C$DW$15        .dwtag  DW_TAG_TI_branch
     167                      .dwattr $C$DW$15, DW_AT_low_pc(0x00)
     168                      .dwattr $C$DW$15, DW_AT_name("FS$$DIV")
     169                      .dwattr $C$DW$15, DW_AT_TI_call
     170 00000038 7640!         LCR       #FS$$DIV              ; [CPU_] |25| 
         00000039 0000 
     171                      ; call occurs [#FS$$DIV] ; [] |25| 
     172 0000003a 761F-         MOVW      DP,#_overload_K1      ; [CPU_U] 
         0000003b 0000 
     173 0000003c E203-         MOV32     @_overload_K1,R0H     ; [CPU_] |25| 
         0000003d 0004 
     174                      .dwpsn  file "../CntrlLimit/cntrlCurrentLimit.c",line 26,column 2,is_stmt
     175 0000003e 9A08          MOVB      AL,#8                 ; [CPU_] |26| 
     176              $C$DW$16        .dwtag  DW_TAG_TI_branch
     177                      .dwattr $C$DW$16, DW_AT_low_pc(0x00)
     178                      .dwattr $C$DW$16, DW_AT_name("_getRegister")
     179                      .dwattr $C$DW$16, DW_AT_TI_call
     180 0000003f 7640!         LCR       #_getRegister         ; [CPU_] |26| 
         00000040 0000 
     181                      ; call occurs [#_getRegister] ; [] |26| 
     182 00000041 3B01          SETC      SXM                   ; [CPU_] 
     183 00000042 85A9          MOV       ACC,AL                ; [CPU_] |26| 
     184 00000043 BDA9          MOV32     R0H,ACC               ; [CPU_] |26| 
         00000044 0F12 
     185 00000045 7700          NOP       ; [CPU_] 
     186 00000046 7700          NOP       ; [CPU_] 
     187 00000047 7700          NOP       ; [CPU_] 
     188 00000048 7700          NOP       ; [CPU_] 
     189 00000049 E689          I32TOF32  R0H,R0H               ; [CPU_] |26| 
         0000004a 0000 
     190 0000004b 761F-         MOVW      DP,#_overload_K2      ; [CPU_U] 
         0000004c 0000 
     191 0000004d E203-         MOV32     @_overload_K2,R0H     ; [CPU_] |26| 
         0000004e 0008 
     192                      .dwpsn  file "../CntrlLimit/cntrlCurrentLimit.c",line 27,column 2,is_stmt
TMS320C2000 Assembler PC v6.2.7 Thu Jul 02 08:31:34 2015

Tools Copyright (c) 1996-2014 Texas Instruments Incorporated
C:\Users\Tester\AppData\Local\Temp\0153610                           PAGE    5

     193 0000004f E802          MOVIZ     R1H,#17530            ; [CPU_] |27| 
         00000050 23D1 
     194              $C$DW$17        .dwtag  DW_TAG_TI_branch
     195                      .dwattr $C$DW$17, DW_AT_low_pc(0x00)
     196                      .dwattr $C$DW$17, DW_AT_name("FS$$DIV")
     197                      .dwattr $C$DW$17, DW_AT_TI_call
     198 00000051 7640!         LCR       #FS$$DIV              ; [CPU_] |27| 
         00000052 0000 
     199                      ; call occurs [#FS$$DIV] ; [] |27| 
     200 00000053 761F-         MOVW      DP,#_overload_K2      ; [CPU_U] 
         00000054 0000 
     201 00000055 E203-         MOV32     @_overload_K2,R0H     ; [CPU_] |27| 
         00000056 0008 
     202                      .dwpsn  file "../CntrlLimit/cntrlCurrentLimit.c",line 30,column 2,is_stmt
     203 00000057 9A2B          MOVB      AL,#43                ; [CPU_] |30| 
     204              $C$DW$18        .dwtag  DW_TAG_TI_branch
     205                      .dwattr $C$DW$18, DW_AT_low_pc(0x00)
     206                      .dwattr $C$DW$18, DW_AT_name("_getRegister")
     207                      .dwattr $C$DW$18, DW_AT_TI_call
     208 00000058 7640!         LCR       #_getRegister         ; [CPU_] |30| 
         00000059 0000 
     209                      ; call occurs [#_getRegister] ; [] |30| 
     210 0000005a 3B01          SETC      SXM                   ; [CPU_] 
     211 0000005b 85A9          MOV       ACC,AL                ; [CPU_] |30| 
     212 0000005c BDA9          MOV32     R0H,ACC               ; [CPU_] |30| 
         0000005d 0F12 
     213 0000005e 7700          NOP       ; [CPU_] 
     214 0000005f 7700          NOP       ; [CPU_] 
     215 00000060 7700          NOP       ; [CPU_] 
     216 00000061 7700          NOP       ; [CPU_] 
     217 00000062 E689          I32TOF32  R0H,R0H               ; [CPU_] |30| 
         00000063 0000 
     218 00000064 761F-         MOVW      DP,#_maxCurrent       ; [CPU_U] 
         00000065 0000 
     219 00000066 E203-         MOV32     @_maxCurrent,R0H      ; [CPU_] |30| 
         00000067 0006 
     220                      .dwpsn  file "../CntrlLimit/cntrlCurrentLimit.c",line 31,column 1,is_stmt
     221              $C$DW$19        .dwtag  DW_TAG_TI_branch
     222                      .dwattr $C$DW$19, DW_AT_low_pc(0x00)
     223                      .dwattr $C$DW$19, DW_AT_TI_return
     224 00000068 0006          LRETR     ; [CPU_] 
     225                      ; return occurs ; [] 
     226                      .dwattr $C$DW$12, DW_AT_TI_end_file("../CntrlLimit/cntrlCurrentLimit.c")
     227                      .dwattr $C$DW$12, DW_AT_TI_end_line(0x1f)
     228                      .dwattr $C$DW$12, DW_AT_TI_end_column(0x01)
     229                      .dwendentry
     230                      .dwendtag $C$DW$12
     231              
     232 00000069               .sect   ".text"
     233                      .clink
     234                      .global _cntrlOverload
     235              
     236              $C$DW$20        .dwtag  DW_TAG_subprogram, DW_AT_name("cntrlOverload")
     237                      .dwattr $C$DW$20, DW_AT_low_pc(_cntrlOverload)
     238                      .dwattr $C$DW$20, DW_AT_high_pc(0x00)
TMS320C2000 Assembler PC v6.2.7 Thu Jul 02 08:31:34 2015

Tools Copyright (c) 1996-2014 Texas Instruments Incorporated
C:\Users\Tester\AppData\Local\Temp\0153610                           PAGE    6

     239                      .dwattr $C$DW$20, DW_AT_TI_symbol_name("_cntrlOverload")
     240                      .dwattr $C$DW$20, DW_AT_external
     241                      .dwattr $C$DW$20, DW_AT_TI_begin_file("../CntrlLimit/cntrlCurrentLimit.c")
     242                      .dwattr $C$DW$20, DW_AT_TI_begin_line(0x21)
     243                      .dwattr $C$DW$20, DW_AT_TI_begin_column(0x06)
     244                      .dwattr $C$DW$20, DW_AT_TI_max_frame_size(-8)
     245                      .dwpsn  file "../CntrlLimit/cntrlCurrentLimit.c",line 33,column 25,is_stmt,address _cntrlOverload
     246              
     247                      .dwfde $C$DW$CIE, _cntrlOverload
     248              
     249              ;***************************************************************
     250              ;* FNAME: _cntrlOverload                FR SIZE:   6           *
     251              ;*                                                             *
     252              ;* FUNCTION ENVIRONMENT                                        *
     253              ;*                                                             *
     254              ;* FUNCTION PROPERTIES                                         *
     255              ;*                            2 Parameter,  4 Auto,  0 SOE     *
     256              ;***************************************************************
     257              
     258 00000069       _cntrlOverload:
     259                      .dwcfi  cfa_offset, -2
     260                      .dwcfi  save_reg_to_mem, 26, 0
     261                      .dwcfi  save_reg_to_reg, 78, 26
     262 00000069 FE06          ADDB      SP,#6                 ; [CPU_U] 
     263                      .dwcfi  cfa_offset, -8
     264              $C$DW$21        .dwtag  DW_TAG_variable, DW_AT_name("tmp")
     265                      .dwattr $C$DW$21, DW_AT_TI_symbol_name("_tmp")
     266                      .dwattr $C$DW$21, DW_AT_type(*$C$DW$T$16)
     267                      .dwattr $C$DW$21, DW_AT_location[DW_OP_breg20 -4]
     268              $C$DW$22        .dwtag  DW_TAG_variable, DW_AT_name("delta")
     269                      .dwattr $C$DW$22, DW_AT_TI_symbol_name("_delta")
     270                      .dwattr $C$DW$22, DW_AT_type(*$C$DW$T$16)
     271                      .dwattr $C$DW$22, DW_AT_location[DW_OP_breg20 -6]
     272                      .dwpsn  file "../CntrlLimit/cntrlCurrentLimit.c",line 36,column 2,is_stmt
     273              $C$DW$23        .dwtag  DW_TAG_TI_branch
     274                      .dwattr $C$DW$23, DW_AT_low_pc(0x00)
     275                      .dwattr $C$DW$23, DW_AT_name("_getImVal")
     276                      .dwattr $C$DW$23, DW_AT_TI_call
     277 0000006a 7640!         LCR       #_getImVal            ; [CPU_] |36| 
         0000006b 0000 
     278                      ; call occurs [#_getImVal] ; [] |36| 
     279 0000006c E203          MOV32     *-SP[4],R0H           ; [CPU_] |36| 
         0000006d 0044 
     280                      .dwpsn  file "../CntrlLimit/cntrlCurrentLimit.c",line 38,column 2,is_stmt
     281 0000006e 761F-         MOVW      DP,#_limCurrent       ; [CPU_U] 
         0000006f 0000 
     282 00000070 E2AF          MOV32     R1H,*-SP[4]           ; [CPU_] |38| 
         00000071 0144 
     283 00000072 E2AF-         MOV32     R0H,@_limCurrent      ; [CPU_] |38| 
         00000073 0000 
     284 00000074 E720          SUBF32    R0H,R1H,R0H           ; [CPU_] |38| 
         00000075 0008 
     285 00000076 7700          NOP       ; [CPU_] 
     286 00000077 E203          MOV32     *-SP[4],R0H           ; [CPU_] |38| 
         00000078 0044 
TMS320C2000 Assembler PC v6.2.7 Thu Jul 02 08:31:34 2015

Tools Copyright (c) 1996-2014 Texas Instruments Incorporated
C:\Users\Tester\AppData\Local\Temp\0153610                           PAGE    7

     287                      .dwpsn  file "../CntrlLimit/cntrlCurrentLimit.c",line 39,column 2,is_stmt
     288 00000079 E2AF-         MOV32     R0H,@_overload_K1     ; [CPU_] |39| 
         0000007a 0004 
     289 0000007b E2AF          MOV32     R1H,*-SP[4]           ; [CPU_] |39| 
         0000007c 0144 
     290 0000007d E700          MPYF32    R0H,R1H,R0H           ; [CPU_] |39| 
         0000007e 0008 
     291 0000007f 7700          NOP       ; [CPU_] 
     292 00000080 E203          MOV32     *-SP[6],R0H           ; [CPU_] |39| 
         00000081 0046 
     293                      .dwpsn  file "../CntrlLimit/cntrlCurrentLimit.c",line 51,column 2,is_stmt
     294 00000082 E2AF          MOV32     R1H,*-SP[6]           ; [CPU_] |51| 
         00000083 0146 
     295 00000084 E2AF-         MOV32     R0H,@_overload        ; [CPU_] |51| 
         00000085 000A 
     296 00000086 E710          ADDF32    R0H,R0H,R1H           ; [CPU_] |51| 
         00000087 0040 
     297 00000088 7700          NOP       ; [CPU_] 
     298 00000089 E203-         MOV32     @_overload,R0H        ; [CPU_] |51| 
         0000008a 000A 
     299                      .dwpsn  file "../CntrlLimit/cntrlCurrentLimit.c",line 53,column 2,is_stmt
     300 0000008b E5A0          CMPF32    R0H,#0                ; [CPU_] |53| 
     301 0000008c AD14          MOVST0    ZF, NF                ; [CPU_] |53| 
     302 0000008d 6304          B         $C$L1,GEQ             ; [CPU_] |53| 
     303                      ; branchcc occurs ; [] |53| 
     304                      .dwpsn  file "../CntrlLimit/cntrlCurrentLimit.c",line 54,column 3,is_stmt
     305 0000008e E590          ZERO      R0H                   ; [CPU_] |54| 
     306 0000008f E203-         MOV32     @_overload,R0H        ; [CPU_] |54| 
         00000090 000A 
     307 00000091       $C$L1:    
     308                      .dwpsn  file "../CntrlLimit/cntrlCurrentLimit.c",line 56,column 2,is_stmt
     309 00000091 E2AF-         MOV32     R0H,@_overload_K2     ; [CPU_] |56| 
         00000092 0008 
     310 00000093 E2AF          MOV32     R1H,*-SP[4]           ; [CPU_] |56| 
         00000094 0144 
     311 00000095 E700          MPYF32    R0H,R1H,R0H           ; [CPU_] |56| 
         00000096 0008 
     312 00000097 7700          NOP       ; [CPU_] 
     313 00000098 E203-         MOV32     @_deltaM1,R0H         ; [CPU_] |56| 
         00000099 0002 
     314                      .dwpsn  file "../CntrlLimit/cntrlCurrentLimit.c",line 57,column 2,is_stmt
     315 0000009a E5A0          CMPF32    R0H,#0                ; [CPU_] |57| 
     316 0000009b AD14          MOVST0    ZF, NF                ; [CPU_] |57| 
     317 0000009c 6304          B         $C$L2,GEQ             ; [CPU_] |57| 
     318                      ; branchcc occurs ; [] |57| 
     319                      .dwpsn  file "../CntrlLimit/cntrlCurrentLimit.c",line 58,column 3,is_stmt
     320 0000009d E590          ZERO      R0H                   ; [CPU_] |58| 
     321 0000009e E203-         MOV32     @_deltaM1,R0H         ; [CPU_] |58| 
         0000009f 0002 
     322                      .dwpsn  file "../CntrlLimit/cntrlCurrentLimit.c",line 61,column 1,is_stmt
     323 000000a0       $C$L2:    
     324 000000a0 FE86          SUBB      SP,#6                 ; [CPU_U] 
     325                      .dwcfi  cfa_offset, -2
     326              $C$DW$24        .dwtag  DW_TAG_TI_branch
     327                      .dwattr $C$DW$24, DW_AT_low_pc(0x00)
TMS320C2000 Assembler PC v6.2.7 Thu Jul 02 08:31:34 2015

Tools Copyright (c) 1996-2014 Texas Instruments Incorporated
C:\Users\Tester\AppData\Local\Temp\0153610                           PAGE    8

     328                      .dwattr $C$DW$24, DW_AT_TI_return
     329 000000a1 0006          LRETR     ; [CPU_] 
     330                      ; return occurs ; [] 
     331                      .dwattr $C$DW$20, DW_AT_TI_end_file("../CntrlLimit/cntrlCurrentLimit.c")
     332                      .dwattr $C$DW$20, DW_AT_TI_end_line(0x3d)
     333                      .dwattr $C$DW$20, DW_AT_TI_end_column(0x01)
     334                      .dwendentry
     335                      .dwendtag $C$DW$20
     336              
     337 000000a2               .sect   ".text"
     338                      .clink
     339                      .global _getOverloadFrequency
     340              
     341              $C$DW$25        .dwtag  DW_TAG_subprogram, DW_AT_name("getOverloadFrequency")
     342                      .dwattr $C$DW$25, DW_AT_low_pc(_getOverloadFrequency)
     343                      .dwattr $C$DW$25, DW_AT_high_pc(0x00)
     344                      .dwattr $C$DW$25, DW_AT_TI_symbol_name("_getOverloadFrequency")
     345                      .dwattr $C$DW$25, DW_AT_external
     346                      .dwattr $C$DW$25, DW_AT_type(*$C$DW$T$16)
     347                      .dwattr $C$DW$25, DW_AT_TI_begin_file("../CntrlLimit/cntrlCurrentLimit.c")
     348                      .dwattr $C$DW$25, DW_AT_TI_begin_line(0x3f)
     349                      .dwattr $C$DW$25, DW_AT_TI_begin_column(0x07)
     350                      .dwattr $C$DW$25, DW_AT_TI_max_frame_size(-2)
     351                      .dwpsn  file "../CntrlLimit/cntrlCurrentLimit.c",line 63,column 33,is_stmt,address _getOverloadFreque
     352              
     353                      .dwfde $C$DW$CIE, _getOverloadFrequency
     354              
     355              ;***************************************************************
     356              ;* FNAME: _getOverloadFrequency         FR SIZE:   0           *
     357              ;*                                                             *
     358              ;* FUNCTION ENVIRONMENT                                        *
     359              ;*                                                             *
     360              ;* FUNCTION PROPERTIES                                         *
     361              ;*                            0 Parameter,  0 Auto,  0 SOE     *
     362              ;***************************************************************
     363              
     364 000000a2       _getOverloadFrequency:
     365                      .dwcfi  cfa_offset, -2
     366                      .dwcfi  save_reg_to_mem, 26, 0
     367                      .dwcfi  save_reg_to_reg, 78, 26
     368                      .dwpsn  file "../CntrlLimit/cntrlCurrentLimit.c",line 64,column 2,is_stmt
     369 000000a2 761F-         MOVW      DP,#_overload         ; [CPU_U] 
         000000a3 0000 
     370 000000a4 E2AF-         MOV32     R0H,@_overload        ; [CPU_] |64| 
         000000a5 000A 
     371 000000a6 E2AF-         MOV32     R1H,@_deltaM1         ; [CPU_] |64| 
         000000a7 0102 
     372 000000a8 E710          ADDF32    R0H,R0H,R1H           ; [CPU_] |64| 
         000000a9 0040 
     373                      .dwpsn  file "../CntrlLimit/cntrlCurrentLimit.c",line 65,column 1,is_stmt
     374              $C$DW$26        .dwtag  DW_TAG_TI_branch
     375                      .dwattr $C$DW$26, DW_AT_low_pc(0x00)
     376                      .dwattr $C$DW$26, DW_AT_TI_return
     377 000000aa 0006          LRETR     ; [CPU_] 
     378                      ; return occurs ; [] 
TMS320C2000 Assembler PC v6.2.7 Thu Jul 02 08:31:34 2015

Tools Copyright (c) 1996-2014 Texas Instruments Incorporated
C:\Users\Tester\AppData\Local\Temp\0153610                           PAGE    9

     379                      .dwattr $C$DW$25, DW_AT_TI_end_file("../CntrlLimit/cntrlCurrentLimit.c")
     380                      .dwattr $C$DW$25, DW_AT_TI_end_line(0x41)
     381                      .dwattr $C$DW$25, DW_AT_TI_end_column(0x01)
     382                      .dwendentry
     383                      .dwendtag $C$DW$25
     384              
     385 000000ab               .sect   ".text"
     386                      .clink
     387                      .global _testOvercurrent
     388              
     389              $C$DW$27        .dwtag  DW_TAG_subprogram, DW_AT_name("testOvercurrent")
     390                      .dwattr $C$DW$27, DW_AT_low_pc(_testOvercurrent)
     391                      .dwattr $C$DW$27, DW_AT_high_pc(0x00)
     392                      .dwattr $C$DW$27, DW_AT_TI_symbol_name("_testOvercurrent")
     393                      .dwattr $C$DW$27, DW_AT_external
     394                      .dwattr $C$DW$27, DW_AT_type(*$C$DW$T$23)
     395                      .dwattr $C$DW$27, DW_AT_TI_begin_file("../CntrlLimit/cntrlCurrentLimit.c")
     396                      .dwattr $C$DW$27, DW_AT_TI_begin_line(0x43)
     397                      .dwattr $C$DW$27, DW_AT_TI_begin_column(0x07)
     398                      .dwattr $C$DW$27, DW_AT_TI_max_frame_size(-4)
     399                      .dwpsn  file "../CntrlLimit/cntrlCurrentLimit.c",line 67,column 28,is_stmt,address _testOvercurrent
     400              
     401                      .dwfde $C$DW$CIE, _testOvercurrent
     402              
     403              ;***************************************************************
     404              ;* FNAME: _testOvercurrent              FR SIZE:   2           *
     405              ;*                                                             *
     406              ;* FUNCTION ENVIRONMENT                                        *
     407              ;*                                                             *
     408              ;* FUNCTION PROPERTIES                                         *
     409              ;*                            2 Parameter,  0 Auto,  0 SOE     *
     410              ;***************************************************************
     411              
     412 000000ab       _testOvercurrent:
     413                      .dwcfi  cfa_offset, -2
     414                      .dwcfi  save_reg_to_mem, 26, 0
     415                      .dwcfi  save_reg_to_reg, 78, 26
     416 000000ab FE02          ADDB      SP,#2                 ; [CPU_U] 
     417                      .dwcfi  cfa_offset, -4
     418                      .dwpsn  file "../CntrlLimit/cntrlCurrentLimit.c",line 68,column 2,is_stmt
     419 000000ac 761F-         MOVW      DP,#_overload         ; [CPU_U] 
         000000ad 0000 
     420 000000ae E2AF-         MOV32     R0H,@_overload        ; [CPU_] |68| 
         000000af 000A 
     421 000000b0 E5A0          CMPF32    R0H,#0                ; [CPU_] |68| 
     422 000000b1 AD14          MOVST0    ZF, NF                ; [CPU_] |68| 
     423 000000b2 6503          B         $C$L3,LEQ             ; [CPU_] |68| 
     424                      ; branchcc occurs ; [] |68| 
     425                      .dwpsn  file "../CntrlLimit/cntrlCurrentLimit.c",line 69,column 3,is_stmt
     426 000000b3 9A01          MOVB      AL,#1                 ; [CPU_] |69| 
     427 000000b4 6F02          B         $C$L4,UNC             ; [CPU_] |69| 
     428                      ; branch occurs ; [] |69| 
     429 000000b5       $C$L3:    
     430                      .dwpsn  file "../CntrlLimit/cntrlCurrentLimit.c",line 71,column 3,is_stmt
     431 000000b5 9A00          MOVB      AL,#0                 ; [CPU_] |71| 
TMS320C2000 Assembler PC v6.2.7 Thu Jul 02 08:31:34 2015

Tools Copyright (c) 1996-2014 Texas Instruments Incorporated
C:\Users\Tester\AppData\Local\Temp\0153610                           PAGE   10

     432 000000b6       $C$L4:    
     433                      .dwpsn  file "../CntrlLimit/cntrlCurrentLimit.c",line 72,column 1,is_stmt
     434 000000b6 FE82          SUBB      SP,#2                 ; [CPU_U] 
     435                      .dwcfi  cfa_offset, -2
     436              $C$DW$28        .dwtag  DW_TAG_TI_branch
     437                      .dwattr $C$DW$28, DW_AT_low_pc(0x00)
     438                      .dwattr $C$DW$28, DW_AT_TI_return
     439 000000b7 0006          LRETR     ; [CPU_] 
     440                      ; return occurs ; [] 
     441                      .dwattr $C$DW$27, DW_AT_TI_end_file("../CntrlLimit/cntrlCurrentLimit.c")
     442                      .dwattr $C$DW$27, DW_AT_TI_end_line(0x48)
     443                      .dwattr $C$DW$27, DW_AT_TI_end_column(0x01)
     444                      .dwendentry
     445                      .dwendtag $C$DW$27
     446              
     447 000000b8               .sect   ".text"
     448                      .clink
     449                      .global _testLimitCurrent
     450              
     451              $C$DW$29        .dwtag  DW_TAG_subprogram, DW_AT_name("testLimitCurrent")
     452                      .dwattr $C$DW$29, DW_AT_low_pc(_testLimitCurrent)
     453                      .dwattr $C$DW$29, DW_AT_high_pc(0x00)
     454                      .dwattr $C$DW$29, DW_AT_TI_symbol_name("_testLimitCurrent")
     455                      .dwattr $C$DW$29, DW_AT_external
     456                      .dwattr $C$DW$29, DW_AT_type(*$C$DW$T$23)
     457                      .dwattr $C$DW$29, DW_AT_TI_begin_file("../CntrlLimit/cntrlCurrentLimit.c")
     458                      .dwattr $C$DW$29, DW_AT_TI_begin_line(0x4a)
     459                      .dwattr $C$DW$29, DW_AT_TI_begin_column(0x07)
     460                      .dwattr $C$DW$29, DW_AT_TI_max_frame_size(-10)
     461                      .dwpsn  file "../CntrlLimit/cntrlCurrentLimit.c",line 74,column 29,is_stmt,address _testLimitCurrent
     462              
     463                      .dwfde $C$DW$CIE, _testLimitCurrent
     464              
     465              ;***************************************************************
     466              ;* FNAME: _testLimitCurrent             FR SIZE:   8           *
     467              ;*                                                             *
     468              ;* FUNCTION ENVIRONMENT                                        *
     469              ;*                                                             *
     470              ;* FUNCTION PROPERTIES                                         *
     471              ;*                            2 Parameter,  6 Auto,  0 SOE     *
     472              ;***************************************************************
     473              
     474 000000b8       _testLimitCurrent:
     475                      .dwcfi  cfa_offset, -2
     476                      .dwcfi  save_reg_to_mem, 26, 0
     477                      .dwcfi  save_reg_to_reg, 78, 26
     478 000000b8 FE08          ADDB      SP,#8                 ; [CPU_U] 
     479                      .dwcfi  cfa_offset, -10
     480              $C$DW$30        .dwtag  DW_TAG_variable, DW_AT_name("Ia")
     481                      .dwattr $C$DW$30, DW_AT_TI_symbol_name("_Ia")
     482                      .dwattr $C$DW$30, DW_AT_type(*$C$DW$T$16)
     483                      .dwattr $C$DW$30, DW_AT_location[DW_OP_breg20 -4]
     484              $C$DW$31        .dwtag  DW_TAG_variable, DW_AT_name("Ib")
     485                      .dwattr $C$DW$31, DW_AT_TI_symbol_name("_Ib")
     486                      .dwattr $C$DW$31, DW_AT_type(*$C$DW$T$16)
TMS320C2000 Assembler PC v6.2.7 Thu Jul 02 08:31:34 2015

Tools Copyright (c) 1996-2014 Texas Instruments Incorporated
C:\Users\Tester\AppData\Local\Temp\0153610                           PAGE   11

     487                      .dwattr $C$DW$31, DW_AT_location[DW_OP_breg20 -6]
     488              $C$DW$32        .dwtag  DW_TAG_variable, DW_AT_name("Ic")
     489                      .dwattr $C$DW$32, DW_AT_TI_symbol_name("_Ic")
     490                      .dwattr $C$DW$32, DW_AT_type(*$C$DW$T$16)
     491                      .dwattr $C$DW$32, DW_AT_location[DW_OP_breg20 -8]
     492                      .dwpsn  file "../CntrlLimit/cntrlCurrentLimit.c",line 76,column 2,is_stmt
     493              $C$DW$33        .dwtag  DW_TAG_TI_branch
     494                      .dwattr $C$DW$33, DW_AT_low_pc(0x00)
     495                      .dwattr $C$DW$33, DW_AT_name("_getMomentaryCurrentA")
     496                      .dwattr $C$DW$33, DW_AT_TI_call
     497 000000b9 7640!         LCR       #_getMomentaryCurrentA ; [CPU_] |76| 
         000000ba 0000 
     498                      ; call occurs [#_getMomentaryCurrentA] ; [] |76| 
     499 000000bb E203          MOV32     *-SP[4],R0H           ; [CPU_] |76| 
         000000bc 0044 
     500                      .dwpsn  file "../CntrlLimit/cntrlCurrentLimit.c",line 77,column 2,is_stmt
     501              $C$DW$34        .dwtag  DW_TAG_TI_branch
     502                      .dwattr $C$DW$34, DW_AT_low_pc(0x00)
     503                      .dwattr $C$DW$34, DW_AT_name("_getMomentaryCurrentB")
     504                      .dwattr $C$DW$34, DW_AT_TI_call
     505 000000bd 7640!         LCR       #_getMomentaryCurrentB ; [CPU_] |77| 
         000000be 0000 
     506                      ; call occurs [#_getMomentaryCurrentB] ; [] |77| 
     507 000000bf E203          MOV32     *-SP[6],R0H           ; [CPU_] |77| 
         000000c0 0046 
     508                      .dwpsn  file "../CntrlLimit/cntrlCurrentLimit.c",line 78,column 2,is_stmt
     509 000000c1 E2AF          MOV32     R1H,*-SP[4]           ; [CPU_] |78| 
         000000c2 0144 
     510 000000c3 E710          ADDF32    R0H,R0H,R1H           ; [CPU_] |78| 
         000000c4 0040 
     511 000000c5 7700          NOP       ; [CPU_] 
     512 000000c6 E203          MOV32     *-SP[8],R0H           ; [CPU_] |78| 
         000000c7 0048 
     513                      .dwpsn  file "../CntrlLimit/cntrlCurrentLimit.c",line 79,column 2,is_stmt
     514 000000c8 761F-         MOVW      DP,#_maxCurrent       ; [CPU_U] 
         000000c9 0000 
     515 000000ca E2AF-         MOV32     R0H,@_maxCurrent      ; [CPU_] |79| 
         000000cb 0006 
     516 000000cc E694          CMPF32    R1H,R0H               ; [CPU_] |79| 
         000000cd 0001 
     517 000000ce AD14          MOVST0    ZF, NF                ; [CPU_] |79| 
     518 000000cf 6503          B         $C$L5,LEQ             ; [CPU_] |79| 
     519                      ; branchcc occurs ; [] |79| 
     520                      .dwpsn  file "../CntrlLimit/cntrlCurrentLimit.c",line 80,column 3,is_stmt
     521 000000d0 9A01          MOVB      AL,#1                 ; [CPU_] |80| 
     522 000000d1 6F34          B         $C$L11,UNC            ; [CPU_] |80| 
     523                      ; branch occurs ; [] |80| 
     524 000000d2       $C$L5:    
     525                      .dwpsn  file "../CntrlLimit/cntrlCurrentLimit.c",line 81,column 2,is_stmt
     526 000000d2 E2AF          MOV32     R1H,*-SP[6]           ; [CPU_] |81| 
         000000d3 0146 
     527 000000d4 E694          CMPF32    R1H,R0H               ; [CPU_] |81| 
         000000d5 0001 
     528 000000d6 AD14          MOVST0    ZF, NF                ; [CPU_] |81| 
     529 000000d7 6503          B         $C$L6,LEQ             ; [CPU_] |81| 
TMS320C2000 Assembler PC v6.2.7 Thu Jul 02 08:31:34 2015

Tools Copyright (c) 1996-2014 Texas Instruments Incorporated
C:\Users\Tester\AppData\Local\Temp\0153610                           PAGE   12

     530                      ; branchcc occurs ; [] |81| 
     531                      .dwpsn  file "../CntrlLimit/cntrlCurrentLimit.c",line 82,column 3,is_stmt
     532 000000d8 9A01          MOVB      AL,#1                 ; [CPU_] |82| 
     533 000000d9 6F2C          B         $C$L11,UNC            ; [CPU_] |82| 
     534                      ; branch occurs ; [] |82| 
     535 000000da       $C$L6:    
     536                      .dwpsn  file "../CntrlLimit/cntrlCurrentLimit.c",line 83,column 2,is_stmt
     537 000000da E2AF          MOV32     R1H,*-SP[8]           ; [CPU_] |83| 
         000000db 0148 
     538 000000dc E694          CMPF32    R1H,R0H               ; [CPU_] |83| 
         000000dd 0001 
     539 000000de AD14          MOVST0    ZF, NF                ; [CPU_] |83| 
     540 000000df 6503          B         $C$L7,LEQ             ; [CPU_] |83| 
     541                      ; branchcc occurs ; [] |83| 
     542                      .dwpsn  file "../CntrlLimit/cntrlCurrentLimit.c",line 84,column 3,is_stmt
     543 000000e0 9A01          MOVB      AL,#1                 ; [CPU_] |84| 
     544 000000e1 6F24          B         $C$L11,UNC            ; [CPU_] |84| 
     545                      ; branch occurs ; [] |84| 
     546 000000e2       $C$L7:    
     547                      .dwpsn  file "../CntrlLimit/cntrlCurrentLimit.c",line 85,column 2,is_stmt
     548 000000e2 E2AF          MOV32     R1H,*-SP[4]           ; [CPU_] |85| 
         000000e3 0144 
     549 000000e4 E6AF          NEGF32    R0H,R0H               ; [CPU_] |85| 
         000000e5 0000 
     550 000000e6 E694          CMPF32    R1H,R0H               ; [CPU_] |85| 
         000000e7 0001 
     551 000000e8 AD14          MOVST0    ZF, NF                ; [CPU_] |85| 
     552 000000e9 6303          B         $C$L8,GEQ             ; [CPU_] |85| 
     553                      ; branchcc occurs ; [] |85| 
     554                      .dwpsn  file "../CntrlLimit/cntrlCurrentLimit.c",line 86,column 3,is_stmt
     555 000000ea 9A01          MOVB      AL,#1                 ; [CPU_] |86| 
     556 000000eb 6F1A          B         $C$L11,UNC            ; [CPU_] |86| 
     557                      ; branch occurs ; [] |86| 
     558 000000ec       $C$L8:    
     559                      .dwpsn  file "../CntrlLimit/cntrlCurrentLimit.c",line 87,column 2,is_stmt
     560 000000ec E2AF-         MOV32     R0H,@_maxCurrent      ; [CPU_] |87| 
         000000ed 0006 
     561 000000ee E2AF          MOV32     R1H,*-SP[6]           ; [CPU_] |87| 
         000000ef 0146 
     562 000000f0 E6AF          NEGF32    R0H,R0H               ; [CPU_] |87| 
         000000f1 0000 
     563 000000f2 E694          CMPF32    R1H,R0H               ; [CPU_] |87| 
         000000f3 0001 
     564 000000f4 AD14          MOVST0    ZF, NF                ; [CPU_] |87| 
     565 000000f5 6303          B         $C$L9,GEQ             ; [CPU_] |87| 
     566                      ; branchcc occurs ; [] |87| 
     567                      .dwpsn  file "../CntrlLimit/cntrlCurrentLimit.c",line 88,column 3,is_stmt
     568 000000f6 9A01          MOVB      AL,#1                 ; [CPU_] |88| 
     569 000000f7 6F0E          B         $C$L11,UNC            ; [CPU_] |88| 
     570                      ; branch occurs ; [] |88| 
     571 000000f8       $C$L9:    
     572                      .dwpsn  file "../CntrlLimit/cntrlCurrentLimit.c",line 89,column 2,is_stmt
     573 000000f8 E2AF-         MOV32     R0H,@_maxCurrent      ; [CPU_] |89| 
         000000f9 0006 
     574 000000fa E2AF          MOV32     R1H,*-SP[8]           ; [CPU_] |89| 
TMS320C2000 Assembler PC v6.2.7 Thu Jul 02 08:31:34 2015

Tools Copyright (c) 1996-2014 Texas Instruments Incorporated
C:\Users\Tester\AppData\Local\Temp\0153610                           PAGE   13

         000000fb 0148 
     575 000000fc E6AF          NEGF32    R0H,R0H               ; [CPU_] |89| 
         000000fd 0000 
     576 000000fe E694          CMPF32    R1H,R0H               ; [CPU_] |89| 
         000000ff 0001 
     577 00000100 AD14          MOVST0    ZF, NF                ; [CPU_] |89| 
     578 00000101 6303          B         $C$L10,GEQ            ; [CPU_] |89| 
     579                      ; branchcc occurs ; [] |89| 
     580                      .dwpsn  file "../CntrlLimit/cntrlCurrentLimit.c",line 90,column 3,is_stmt
     581 00000102 9A01          MOVB      AL,#1                 ; [CPU_] |90| 
     582 00000103 6F02          B         $C$L11,UNC            ; [CPU_] |90| 
     583                      ; branch occurs ; [] |90| 
     584 00000104       $C$L10:    
     585                      .dwpsn  file "../CntrlLimit/cntrlCurrentLimit.c",line 92,column 2,is_stmt
     586 00000104 9A00          MOVB      AL,#0                 ; [CPU_] |92| 
     587 00000105       $C$L11:    
     588                      .dwpsn  file "../CntrlLimit/cntrlCurrentLimit.c",line 93,column 1,is_stmt
     589 00000105 FE88          SUBB      SP,#8                 ; [CPU_U] 
     590                      .dwcfi  cfa_offset, -2
     591              $C$DW$35        .dwtag  DW_TAG_TI_branch
     592                      .dwattr $C$DW$35, DW_AT_low_pc(0x00)
     593                      .dwattr $C$DW$35, DW_AT_TI_return
     594 00000106 0006          LRETR     ; [CPU_] 
     595                      ; return occurs ; [] 
     596                      .dwattr $C$DW$29, DW_AT_TI_end_file("../CntrlLimit/cntrlCurrentLimit.c")
     597                      .dwattr $C$DW$29, DW_AT_TI_end_line(0x5d)
     598                      .dwattr $C$DW$29, DW_AT_TI_end_column(0x01)
     599                      .dwendentry
     600                      .dwendtag $C$DW$29
     601              
     602              ;**************************************************************
     603              ;* UNDEFINED EXTERNAL REFERENCES                              *
     604              ;**************************************************************
     605                      .global _getRegister
     606                      .global _getMomentaryCurrentB
     607                      .global _getImVal
     608                      .global _getMomentaryCurrentA
     609                      .global FS$$DIV
     610              
     611              ;***************************************************************
     612              ;* TYPE INFORMATION                                            *
     613              ;***************************************************************
     614              $C$DW$T$4       .dwtag  DW_TAG_base_type
     615                      .dwattr $C$DW$T$4, DW_AT_encoding(DW_ATE_boolean)
     616                      .dwattr $C$DW$T$4, DW_AT_name("bool")
     617                      .dwattr $C$DW$T$4, DW_AT_byte_size(0x01)
     618              $C$DW$T$5       .dwtag  DW_TAG_base_type
     619                      .dwattr $C$DW$T$5, DW_AT_encoding(DW_ATE_signed_char)
     620                      .dwattr $C$DW$T$5, DW_AT_name("signed char")
     621                      .dwattr $C$DW$T$5, DW_AT_byte_size(0x01)
     622              $C$DW$T$6       .dwtag  DW_TAG_base_type
     623                      .dwattr $C$DW$T$6, DW_AT_encoding(DW_ATE_unsigned_char)
     624                      .dwattr $C$DW$T$6, DW_AT_name("unsigned char")
     625                      .dwattr $C$DW$T$6, DW_AT_byte_size(0x01)
     626              $C$DW$T$7       .dwtag  DW_TAG_base_type
TMS320C2000 Assembler PC v6.2.7 Thu Jul 02 08:31:34 2015

Tools Copyright (c) 1996-2014 Texas Instruments Incorporated
C:\Users\Tester\AppData\Local\Temp\0153610                           PAGE   14

     627                      .dwattr $C$DW$T$7, DW_AT_encoding(DW_ATE_signed_char)
     628                      .dwattr $C$DW$T$7, DW_AT_name("wchar_t")
     629                      .dwattr $C$DW$T$7, DW_AT_byte_size(0x01)
     630              $C$DW$T$8       .dwtag  DW_TAG_base_type
     631                      .dwattr $C$DW$T$8, DW_AT_encoding(DW_ATE_signed)
     632                      .dwattr $C$DW$T$8, DW_AT_name("short")
     633                      .dwattr $C$DW$T$8, DW_AT_byte_size(0x01)
     634              $C$DW$T$9       .dwtag  DW_TAG_base_type
     635                      .dwattr $C$DW$T$9, DW_AT_encoding(DW_ATE_unsigned)
     636                      .dwattr $C$DW$T$9, DW_AT_name("unsigned short")
     637                      .dwattr $C$DW$T$9, DW_AT_byte_size(0x01)
     638              $C$DW$T$10      .dwtag  DW_TAG_base_type
     639                      .dwattr $C$DW$T$10, DW_AT_encoding(DW_ATE_signed)
     640                      .dwattr $C$DW$T$10, DW_AT_name("int")
     641                      .dwattr $C$DW$T$10, DW_AT_byte_size(0x01)
     642              $C$DW$T$11      .dwtag  DW_TAG_base_type
     643                      .dwattr $C$DW$T$11, DW_AT_encoding(DW_ATE_unsigned)
     644                      .dwattr $C$DW$T$11, DW_AT_name("unsigned int")
     645                      .dwattr $C$DW$T$11, DW_AT_byte_size(0x01)
     646              $C$DW$T$23      .dwtag  DW_TAG_typedef, DW_AT_name("UINT8")
     647                      .dwattr $C$DW$T$23, DW_AT_type(*$C$DW$T$11)
     648                      .dwattr $C$DW$T$23, DW_AT_language(DW_LANG_C)
     649              $C$DW$T$12      .dwtag  DW_TAG_base_type
     650                      .dwattr $C$DW$T$12, DW_AT_encoding(DW_ATE_signed)
     651                      .dwattr $C$DW$T$12, DW_AT_name("long")
     652                      .dwattr $C$DW$T$12, DW_AT_byte_size(0x02)
     653              $C$DW$T$13      .dwtag  DW_TAG_base_type
     654                      .dwattr $C$DW$T$13, DW_AT_encoding(DW_ATE_unsigned)
     655                      .dwattr $C$DW$T$13, DW_AT_name("unsigned long")
     656                      .dwattr $C$DW$T$13, DW_AT_byte_size(0x02)
     657              $C$DW$T$14      .dwtag  DW_TAG_base_type
     658                      .dwattr $C$DW$T$14, DW_AT_encoding(DW_ATE_signed)
     659                      .dwattr $C$DW$T$14, DW_AT_name("long long")
     660                      .dwattr $C$DW$T$14, DW_AT_byte_size(0x04)
     661              $C$DW$T$15      .dwtag  DW_TAG_base_type
     662                      .dwattr $C$DW$T$15, DW_AT_encoding(DW_ATE_unsigned)
     663                      .dwattr $C$DW$T$15, DW_AT_name("unsigned long long")
     664                      .dwattr $C$DW$T$15, DW_AT_byte_size(0x04)
     665              $C$DW$T$16      .dwtag  DW_TAG_base_type
     666                      .dwattr $C$DW$T$16, DW_AT_encoding(DW_ATE_float)
     667                      .dwattr $C$DW$T$16, DW_AT_name("float")
     668                      .dwattr $C$DW$T$16, DW_AT_byte_size(0x02)
     669              $C$DW$T$17      .dwtag  DW_TAG_base_type
     670                      .dwattr $C$DW$T$17, DW_AT_encoding(DW_ATE_float)
     671                      .dwattr $C$DW$T$17, DW_AT_name("double")
     672                      .dwattr $C$DW$T$17, DW_AT_byte_size(0x02)
     673              $C$DW$T$18      .dwtag  DW_TAG_base_type
     674                      .dwattr $C$DW$T$18, DW_AT_encoding(DW_ATE_float)
     675                      .dwattr $C$DW$T$18, DW_AT_name("long double")
     676                      .dwattr $C$DW$T$18, DW_AT_byte_size(0x04)
     677                      .dwattr $C$DW$CU, DW_AT_language(DW_LANG_C)
     678              
     679              ;***************************************************************
     680              ;* DWARF CIE ENTRIES                                           *
     681              ;***************************************************************
TMS320C2000 Assembler PC v6.2.7 Thu Jul 02 08:31:34 2015

Tools Copyright (c) 1996-2014 Texas Instruments Incorporated
C:\Users\Tester\AppData\Local\Temp\0153610                           PAGE   15

     682              
     683              $C$DW$CIE       .dwcie 78
     684                      .dwcfi  cfa_register, 20
     685                      .dwcfi  cfa_offset, 0
     686                      .dwcfi  undefined, 0
     687                      .dwcfi  undefined, 1
     688                      .dwcfi  undefined, 2
     689                      .dwcfi  undefined, 3
     690                      .dwcfi  undefined, 20
     691                      .dwcfi  undefined, 21
     692                      .dwcfi  undefined, 22
     693                      .dwcfi  undefined, 23
     694                      .dwcfi  undefined, 24
     695                      .dwcfi  undefined, 25
     696                      .dwcfi  undefined, 26
     697                      .dwcfi  same_value, 28
     698                      .dwcfi  undefined, 29
     699                      .dwcfi  undefined, 30
     700                      .dwcfi  undefined, 31
     701                      .dwcfi  undefined, 32
     702                      .dwcfi  undefined, 33
     703                      .dwcfi  undefined, 34
     704                      .dwcfi  undefined, 35
     705                      .dwcfi  undefined, 36
     706                      .dwcfi  undefined, 37
     707                      .dwcfi  undefined, 38
     708                      .dwcfi  undefined, 75
     709                      .dwcfi  undefined, 76
     710                      .dwcfi  undefined, 77
     711                      .dwcfi  undefined, 4
     712                      .dwcfi  same_value, 6
     713                      .dwcfi  same_value, 8
     714                      .dwcfi  same_value, 10
     715                      .dwcfi  undefined, 12
     716                      .dwcfi  undefined, 14
     717                      .dwcfi  undefined, 16
     718                      .dwcfi  undefined, 17
     719                      .dwcfi  undefined, 18
     720                      .dwcfi  undefined, 19
     721                      .dwcfi  undefined, 5
     722                      .dwcfi  same_value, 7
     723                      .dwcfi  same_value, 9
     724                      .dwcfi  same_value, 11
     725                      .dwcfi  undefined, 13
     726                      .dwcfi  undefined, 15
     727                      .dwcfi  undefined, 43
     728                      .dwcfi  undefined, 44
     729                      .dwcfi  undefined, 47
     730                      .dwcfi  undefined, 48
     731                      .dwcfi  undefined, 51
     732                      .dwcfi  undefined, 52
     733                      .dwcfi  undefined, 55
     734                      .dwcfi  undefined, 56
     735                      .dwcfi  same_value, 59
     736                      .dwcfi  same_value, 60
TMS320C2000 Assembler PC v6.2.7 Thu Jul 02 08:31:34 2015

Tools Copyright (c) 1996-2014 Texas Instruments Incorporated
C:\Users\Tester\AppData\Local\Temp\0153610                           PAGE   16

     737                      .dwcfi  same_value, 63
     738                      .dwcfi  same_value, 64
     739                      .dwcfi  same_value, 67
     740                      .dwcfi  same_value, 68
     741                      .dwcfi  same_value, 71
     742                      .dwcfi  same_value, 72
     743                      .dwcfi  undefined, 73
     744                      .dwcfi  undefined, 74
     745                      .dwcfi  undefined, 39
     746                      .dwcfi  undefined, 40
     747                      .dwcfi  undefined, 27
     748                      .dwcfi  undefined, 78
     749                      .dwendentry
     750              
     751              ;***************************************************************
     752              ;* DWARF REGISTER MAP                                          *
     753              ;***************************************************************
     754              
     755              $C$DW$36        .dwtag  DW_TAG_TI_assign_register, DW_AT_name("AL")
     756                      .dwattr $C$DW$36, DW_AT_location[DW_OP_reg0]
     757              $C$DW$37        .dwtag  DW_TAG_TI_assign_register, DW_AT_name("AH")
     758                      .dwattr $C$DW$37, DW_AT_location[DW_OP_reg1]
     759              $C$DW$38        .dwtag  DW_TAG_TI_assign_register, DW_AT_name("PL")
     760                      .dwattr $C$DW$38, DW_AT_location[DW_OP_reg2]
     761              $C$DW$39        .dwtag  DW_TAG_TI_assign_register, DW_AT_name("PH")
     762                      .dwattr $C$DW$39, DW_AT_location[DW_OP_reg3]
     763              $C$DW$40        .dwtag  DW_TAG_TI_assign_register, DW_AT_name("SP")
     764                      .dwattr $C$DW$40, DW_AT_location[DW_OP_reg20]
     765              $C$DW$41        .dwtag  DW_TAG_TI_assign_register, DW_AT_name("XT")
     766                      .dwattr $C$DW$41, DW_AT_location[DW_OP_reg21]
     767              $C$DW$42        .dwtag  DW_TAG_TI_assign_register, DW_AT_name("T")
     768                      .dwattr $C$DW$42, DW_AT_location[DW_OP_reg22]
     769              $C$DW$43        .dwtag  DW_TAG_TI_assign_register, DW_AT_name("ST0")
     770                      .dwattr $C$DW$43, DW_AT_location[DW_OP_reg23]
     771              $C$DW$44        .dwtag  DW_TAG_TI_assign_register, DW_AT_name("ST1")
     772                      .dwattr $C$DW$44, DW_AT_location[DW_OP_reg24]
     773              $C$DW$45        .dwtag  DW_TAG_TI_assign_register, DW_AT_name("PC")
     774                      .dwattr $C$DW$45, DW_AT_location[DW_OP_reg25]
     775              $C$DW$46        .dwtag  DW_TAG_TI_assign_register, DW_AT_name("RPC")
     776                      .dwattr $C$DW$46, DW_AT_location[DW_OP_reg26]
     777              $C$DW$47        .dwtag  DW_TAG_TI_assign_register, DW_AT_name("FP")
     778                      .dwattr $C$DW$47, DW_AT_location[DW_OP_reg28]
     779              $C$DW$48        .dwtag  DW_TAG_TI_assign_register, DW_AT_name("DP")
     780                      .dwattr $C$DW$48, DW_AT_location[DW_OP_reg29]
     781              $C$DW$49        .dwtag  DW_TAG_TI_assign_register, DW_AT_name("SXM")
     782                      .dwattr $C$DW$49, DW_AT_location[DW_OP_reg30]
     783              $C$DW$50        .dwtag  DW_TAG_TI_assign_register, DW_AT_name("PM")
     784                      .dwattr $C$DW$50, DW_AT_location[DW_OP_reg31]
     785              $C$DW$51        .dwtag  DW_TAG_TI_assign_register, DW_AT_name("OVM")
     786                      .dwattr $C$DW$51, DW_AT_location[DW_OP_regx 0x20]
     787              $C$DW$52        .dwtag  DW_TAG_TI_assign_register, DW_AT_name("PAGE0")
     788                      .dwattr $C$DW$52, DW_AT_location[DW_OP_regx 0x21]
     789              $C$DW$53        .dwtag  DW_TAG_TI_assign_register, DW_AT_name("AMODE")
     790                      .dwattr $C$DW$53, DW_AT_location[DW_OP_regx 0x22]
     791              $C$DW$54        .dwtag  DW_TAG_TI_assign_register, DW_AT_name("INTM")
TMS320C2000 Assembler PC v6.2.7 Thu Jul 02 08:31:34 2015

Tools Copyright (c) 1996-2014 Texas Instruments Incorporated
C:\Users\Tester\AppData\Local\Temp\0153610                           PAGE   17

     792                      .dwattr $C$DW$54, DW_AT_location[DW_OP_regx 0x23]
     793              $C$DW$55        .dwtag  DW_TAG_TI_assign_register, DW_AT_name("IFR")
     794                      .dwattr $C$DW$55, DW_AT_location[DW_OP_regx 0x24]
     795              $C$DW$56        .dwtag  DW_TAG_TI_assign_register, DW_AT_name("IER")
     796                      .dwattr $C$DW$56, DW_AT_location[DW_OP_regx 0x25]
     797              $C$DW$57        .dwtag  DW_TAG_TI_assign_register, DW_AT_name("V")
     798                      .dwattr $C$DW$57, DW_AT_location[DW_OP_regx 0x26]
     799              $C$DW$58        .dwtag  DW_TAG_TI_assign_register, DW_AT_name("PSEUDOH")
     800                      .dwattr $C$DW$58, DW_AT_location[DW_OP_regx 0x4c]
     801              $C$DW$59        .dwtag  DW_TAG_TI_assign_register, DW_AT_name("VOL")
     802                      .dwattr $C$DW$59, DW_AT_location[DW_OP_regx 0x4d]
     803              $C$DW$60        .dwtag  DW_TAG_TI_assign_register, DW_AT_name("AR0")
     804                      .dwattr $C$DW$60, DW_AT_location[DW_OP_reg4]
     805              $C$DW$61        .dwtag  DW_TAG_TI_assign_register, DW_AT_name("AR1")
     806                      .dwattr $C$DW$61, DW_AT_location[DW_OP_reg6]
     807              $C$DW$62        .dwtag  DW_TAG_TI_assign_register, DW_AT_name("AR2")
     808                      .dwattr $C$DW$62, DW_AT_location[DW_OP_reg8]
     809              $C$DW$63        .dwtag  DW_TAG_TI_assign_register, DW_AT_name("AR3")
     810                      .dwattr $C$DW$63, DW_AT_location[DW_OP_reg10]
     811              $C$DW$64        .dwtag  DW_TAG_TI_assign_register, DW_AT_name("AR4")
     812                      .dwattr $C$DW$64, DW_AT_location[DW_OP_reg12]
     813              $C$DW$65        .dwtag  DW_TAG_TI_assign_register, DW_AT_name("AR5")
     814                      .dwattr $C$DW$65, DW_AT_location[DW_OP_reg14]
     815              $C$DW$66        .dwtag  DW_TAG_TI_assign_register, DW_AT_name("AR6")
     816                      .dwattr $C$DW$66, DW_AT_location[DW_OP_reg16]
     817              $C$DW$67        .dwtag  DW_TAG_TI_assign_register, DW_AT_name("XAR6")
     818                      .dwattr $C$DW$67, DW_AT_location[DW_OP_reg17]
     819              $C$DW$68        .dwtag  DW_TAG_TI_assign_register, DW_AT_name("AR7")
     820                      .dwattr $C$DW$68, DW_AT_location[DW_OP_reg18]
     821              $C$DW$69        .dwtag  DW_TAG_TI_assign_register, DW_AT_name("XAR7")
     822                      .dwattr $C$DW$69, DW_AT_location[DW_OP_reg19]
     823              $C$DW$70        .dwtag  DW_TAG_TI_assign_register, DW_AT_name("XAR0")
     824                      .dwattr $C$DW$70, DW_AT_location[DW_OP_reg5]
     825              $C$DW$71        .dwtag  DW_TAG_TI_assign_register, DW_AT_name("XAR1")
     826                      .dwattr $C$DW$71, DW_AT_location[DW_OP_reg7]
     827              $C$DW$72        .dwtag  DW_TAG_TI_assign_register, DW_AT_name("XAR2")
     828                      .dwattr $C$DW$72, DW_AT_location[DW_OP_reg9]
     829              $C$DW$73        .dwtag  DW_TAG_TI_assign_register, DW_AT_name("XAR3")
     830                      .dwattr $C$DW$73, DW_AT_location[DW_OP_reg11]
     831              $C$DW$74        .dwtag  DW_TAG_TI_assign_register, DW_AT_name("XAR4")
     832                      .dwattr $C$DW$74, DW_AT_location[DW_OP_reg13]
     833              $C$DW$75        .dwtag  DW_TAG_TI_assign_register, DW_AT_name("XAR5")
     834                      .dwattr $C$DW$75, DW_AT_location[DW_OP_reg15]
     835              $C$DW$76        .dwtag  DW_TAG_TI_assign_register, DW_AT_name("R0HL")
     836                      .dwattr $C$DW$76, DW_AT_location[DW_OP_regx 0x2b]
     837              $C$DW$77        .dwtag  DW_TAG_TI_assign_register, DW_AT_name("R0H")
     838                      .dwattr $C$DW$77, DW_AT_location[DW_OP_regx 0x2c]
     839              $C$DW$78        .dwtag  DW_TAG_TI_assign_register, DW_AT_name("R1HL")
     840                      .dwattr $C$DW$78, DW_AT_location[DW_OP_regx 0x2f]
     841              $C$DW$79        .dwtag  DW_TAG_TI_assign_register, DW_AT_name("R1H")
     842                      .dwattr $C$DW$79, DW_AT_location[DW_OP_regx 0x30]
     843              $C$DW$80        .dwtag  DW_TAG_TI_assign_register, DW_AT_name("R2HL")
     844                      .dwattr $C$DW$80, DW_AT_location[DW_OP_regx 0x33]
     845              $C$DW$81        .dwtag  DW_TAG_TI_assign_register, DW_AT_name("R2H")
     846                      .dwattr $C$DW$81, DW_AT_location[DW_OP_regx 0x34]
TMS320C2000 Assembler PC v6.2.7 Thu Jul 02 08:31:34 2015

Tools Copyright (c) 1996-2014 Texas Instruments Incorporated
C:\Users\Tester\AppData\Local\Temp\0153610                           PAGE   18

     847              $C$DW$82        .dwtag  DW_TAG_TI_assign_register, DW_AT_name("R3HL")
     848                      .dwattr $C$DW$82, DW_AT_location[DW_OP_regx 0x37]
     849              $C$DW$83        .dwtag  DW_TAG_TI_assign_register, DW_AT_name("R3H")
     850                      .dwattr $C$DW$83, DW_AT_location[DW_OP_regx 0x38]
     851              $C$DW$84        .dwtag  DW_TAG_TI_assign_register, DW_AT_name("R4HL")
     852                      .dwattr $C$DW$84, DW_AT_location[DW_OP_regx 0x3b]
     853              $C$DW$85        .dwtag  DW_TAG_TI_assign_register, DW_AT_name("R4H")
     854                      .dwattr $C$DW$85, DW_AT_location[DW_OP_regx 0x3c]
     855              $C$DW$86        .dwtag  DW_TAG_TI_assign_register, DW_AT_name("R5HL")
     856                      .dwattr $C$DW$86, DW_AT_location[DW_OP_regx 0x3f]
     857              $C$DW$87        .dwtag  DW_TAG_TI_assign_register, DW_AT_name("R5H")
     858                      .dwattr $C$DW$87, DW_AT_location[DW_OP_regx 0x40]
     859              $C$DW$88        .dwtag  DW_TAG_TI_assign_register, DW_AT_name("R6HL")
     860                      .dwattr $C$DW$88, DW_AT_location[DW_OP_regx 0x43]
     861              $C$DW$89        .dwtag  DW_TAG_TI_assign_register, DW_AT_name("R6H")
     862                      .dwattr $C$DW$89, DW_AT_location[DW_OP_regx 0x44]
     863              $C$DW$90        .dwtag  DW_TAG_TI_assign_register, DW_AT_name("R7HL")
     864                      .dwattr $C$DW$90, DW_AT_location[DW_OP_regx 0x47]
     865              $C$DW$91        .dwtag  DW_TAG_TI_assign_register, DW_AT_name("R7H")
     866                      .dwattr $C$DW$91, DW_AT_location[DW_OP_regx 0x48]
     867              $C$DW$92        .dwtag  DW_TAG_TI_assign_register, DW_AT_name("RBL")
     868                      .dwattr $C$DW$92, DW_AT_location[DW_OP_regx 0x49]
     869              $C$DW$93        .dwtag  DW_TAG_TI_assign_register, DW_AT_name("RB")
     870                      .dwattr $C$DW$93, DW_AT_location[DW_OP_regx 0x4a]
     871              $C$DW$94        .dwtag  DW_TAG_TI_assign_register, DW_AT_name("STFL")
     872                      .dwattr $C$DW$94, DW_AT_location[DW_OP_regx 0x27]
     873              $C$DW$95        .dwtag  DW_TAG_TI_assign_register, DW_AT_name("STF")
     874                      .dwattr $C$DW$95, DW_AT_location[DW_OP_regx 0x28]
     875              $C$DW$96        .dwtag  DW_TAG_TI_assign_register, DW_AT_name("FPUHAZ")
     876                      .dwattr $C$DW$96, DW_AT_location[DW_OP_reg27]
     877              $C$DW$97        .dwtag  DW_TAG_TI_assign_register, DW_AT_name("CIE_RETA")
     878                      .dwattr $C$DW$97, DW_AT_location[DW_OP_regx 0x4e]
     879                      .dwendtag $C$DW$CU
     880              

No Assembly Errors, No Assembly Warnings
