TMS320C2000 Assembler PC v6.2.7 Thu Jul 02 08:31:35 2015

Tools Copyright (c) 1996-2014 Texas Instruments Incorporated
C:\Users\Tester\AppData\Local\Temp\0286410                           PAGE    1

       1              ;***************************************************************
       2              ;* TMS320C2000 C/C++ Codegen                         PC v6.2.7 *
       3              ;* Date/Time created: Thu Jul 02 08:31:35 2015                 *
       4              ;***************************************************************
       5                      .compiler_opts --diag_wrap=off --float_support=fpu32 --hll_source=on --mem_model:code=flat --mem_mode
       6        0002  FP      .set    XAR2
       7              
       8              $C$DW$CU        .dwtag  DW_TAG_compile_unit
       9                      .dwattr $C$DW$CU, DW_AT_name("../CntrlLimit/cntrlCurrentLoad.c")
      10                      .dwattr $C$DW$CU, DW_AT_producer("TMS320C2000 C/C++ Codegen PC v6.2.7 Copyright (c) 1996-2014 Texas I
      11                      .dwattr $C$DW$CU, DW_AT_TI_version(0x01)
      12                      .dwattr $C$DW$CU, DW_AT_comp_dir("D:\ActiveProject\EKT5\PKMT_NONBIOS\InvertorCntrl\ISPprg")
      13              
      14              $C$DW$1 .dwtag  DW_TAG_subprogram, DW_AT_name("getRegister")
      15                      .dwattr $C$DW$1, DW_AT_TI_symbol_name("_getRegister")
      16                      .dwattr $C$DW$1, DW_AT_type(*$C$DW$T$10)
      17                      .dwattr $C$DW$1, DW_AT_declaration
      18                      .dwattr $C$DW$1, DW_AT_external
      19              $C$DW$2 .dwtag  DW_TAG_formal_parameter
      20                      .dwattr $C$DW$2, DW_AT_type(*$C$DW$T$5)
      21                      .dwendtag $C$DW$1
      22              
      23                      .global _nomCurrent
      24 00000000       _nomCurrent:    .usect  ".ebss",2,1,1
      25              $C$DW$3 .dwtag  DW_TAG_variable, DW_AT_name("nomCurrent")
      26                      .dwattr $C$DW$3, DW_AT_TI_symbol_name("_nomCurrent")
      27                      .dwattr $C$DW$3, DW_AT_location[DW_OP_addr _nomCurrent]
      28                      .dwattr $C$DW$3, DW_AT_type(*$C$DW$T$16)
      29                      .dwattr $C$DW$3, DW_AT_external
      30                      .global _IbyTLimit
      31 00000002       _IbyTLimit:     .usect  ".ebss",2,1,1
      32              $C$DW$4 .dwtag  DW_TAG_variable, DW_AT_name("IbyTLimit")
      33                      .dwattr $C$DW$4, DW_AT_TI_symbol_name("_IbyTLimit")
      34                      .dwattr $C$DW$4, DW_AT_location[DW_OP_addr _IbyTLimit]
      35                      .dwattr $C$DW$4, DW_AT_type(*$C$DW$T$16)
      36                      .dwattr $C$DW$4, DW_AT_external
      37                      .global _nomCurrentH
      38 00000004       _nomCurrentH:   .usect  ".ebss",2,1,1
      39              $C$DW$5 .dwtag  DW_TAG_variable, DW_AT_name("nomCurrentH")
      40                      .dwattr $C$DW$5, DW_AT_TI_symbol_name("_nomCurrentH")
      41                      .dwattr $C$DW$5, DW_AT_location[DW_OP_addr _nomCurrentH]
      42                      .dwattr $C$DW$5, DW_AT_type(*$C$DW$T$16)
      43                      .dwattr $C$DW$5, DW_AT_external
      44                      .global _cntrlLimitAlg
      45 00000006       _cntrlLimitAlg: .usect  ".ebss",2,1,1
      46              $C$DW$6 .dwtag  DW_TAG_variable, DW_AT_name("cntrlLimitAlg")
      47                      .dwattr $C$DW$6, DW_AT_TI_symbol_name("_cntrlLimitAlg")
      48                      .dwattr $C$DW$6, DW_AT_location[DW_OP_addr _cntrlLimitAlg]
      49                      .dwattr $C$DW$6, DW_AT_type(*$C$DW$T$26)
      50                      .dwattr $C$DW$6, DW_AT_external
      51                      .global _IbyT
      52 00000008       _IbyT:  .usect  ".ebss",2,1,1
      53              $C$DW$7 .dwtag  DW_TAG_variable, DW_AT_name("IbyT")
      54                      .dwattr $C$DW$7, DW_AT_TI_symbol_name("_IbyT")
      55                      .dwattr $C$DW$7, DW_AT_location[DW_OP_addr _IbyT]
TMS320C2000 Assembler PC v6.2.7 Thu Jul 02 08:31:35 2015

Tools Copyright (c) 1996-2014 Texas Instruments Incorporated
C:\Users\Tester\AppData\Local\Temp\0286410                           PAGE    2

      56                      .dwattr $C$DW$7, DW_AT_type(*$C$DW$T$16)
      57                      .dwattr $C$DW$7, DW_AT_external
      58              
      59              $C$DW$8 .dwtag  DW_TAG_subprogram, DW_AT_name("getImVal")
      60                      .dwattr $C$DW$8, DW_AT_TI_symbol_name("_getImVal")
      61                      .dwattr $C$DW$8, DW_AT_type(*$C$DW$T$16)
      62                      .dwattr $C$DW$8, DW_AT_declaration
      63                      .dwattr $C$DW$8, DW_AT_external
      64              ;       C:\ti\ccsv6\tools\compiler\c2000_6.2.7\bin\ac2000.exe -@C:\\Users\\Tester\\AppData\\Local\\Temp\\0286
      65 00000000               .sect   ".text"
      66                      .clink
      67                      .global _getIbyT
      68              
      69              $C$DW$9 .dwtag  DW_TAG_subprogram, DW_AT_name("getIbyT")
      70                      .dwattr $C$DW$9, DW_AT_low_pc(_getIbyT)
      71                      .dwattr $C$DW$9, DW_AT_high_pc(0x00)
      72                      .dwattr $C$DW$9, DW_AT_TI_symbol_name("_getIbyT")
      73                      .dwattr $C$DW$9, DW_AT_external
      74                      .dwattr $C$DW$9, DW_AT_type(*$C$DW$T$16)
      75                      .dwattr $C$DW$9, DW_AT_TI_begin_file("../CntrlLimit/cntrlCurrentLoad.c")
      76                      .dwattr $C$DW$9, DW_AT_TI_begin_line(0x13)
      77                      .dwattr $C$DW$9, DW_AT_TI_begin_column(0x07)
      78                      .dwattr $C$DW$9, DW_AT_TI_max_frame_size(-6)
      79                      .dwpsn  file "../CntrlLimit/cntrlCurrentLoad.c",line 19,column 20,is_stmt,address _getIbyT
      80              
      81                      .dwfde $C$DW$CIE, _getIbyT
      82              
      83              ;***************************************************************
      84              ;* FNAME: _getIbyT                      FR SIZE:   4           *
      85              ;*                                                             *
      86              ;* FUNCTION ENVIRONMENT                                        *
      87              ;*                                                             *
      88              ;* FUNCTION PROPERTIES                                         *
      89              ;*                            2 Parameter,  2 Auto,  0 SOE     *
      90              ;***************************************************************
      91              
      92 00000000       _getIbyT:
      93                      .dwcfi  cfa_offset, -2
      94                      .dwcfi  save_reg_to_mem, 26, 0
      95                      .dwcfi  save_reg_to_reg, 78, 26
      96 00000000 FE04          ADDB      SP,#4                 ; [CPU_U] 
      97                      .dwcfi  cfa_offset, -6
      98              $C$DW$10        .dwtag  DW_TAG_variable, DW_AT_name("tmp")
      99                      .dwattr $C$DW$10, DW_AT_TI_symbol_name("_tmp")
     100                      .dwattr $C$DW$10, DW_AT_type(*$C$DW$T$16)
     101                      .dwattr $C$DW$10, DW_AT_location[DW_OP_breg20 -4]
     102                      .dwpsn  file "../CntrlLimit/cntrlCurrentLoad.c",line 21,column 2,is_stmt
     103              $C$DW$11        .dwtag  DW_TAG_TI_branch
     104                      .dwattr $C$DW$11, DW_AT_low_pc(0x00)
     105                      .dwattr $C$DW$11, DW_AT_name("_getImVal")
     106                      .dwattr $C$DW$11, DW_AT_TI_call
     107 00000001 7640!         LCR       #_getImVal            ; [CPU_] |21| 
         00000002 0000 
     108                      ; call occurs [#_getImVal] ; [] |21| 
     109 00000003 E203          MOV32     *-SP[4],R0H           ; [CPU_] |21| 
TMS320C2000 Assembler PC v6.2.7 Thu Jul 02 08:31:35 2015

Tools Copyright (c) 1996-2014 Texas Instruments Incorporated
C:\Users\Tester\AppData\Local\Temp\0286410                           PAGE    3

         00000004 0044 
     110                      .dwpsn  file "../CntrlLimit/cntrlCurrentLoad.c",line 22,column 2,is_stmt
     111 00000005 761F-         MOVW      DP,#_nomCurrentH      ; [CPU_U] 
         00000006 0000 
     112 00000007 E2AF          MOV32     R1H,*-SP[4]           ; [CPU_] |22| 
         00000008 0144 
     113 00000009 E2AF-         MOV32     R0H,@_nomCurrentH     ; [CPU_] |22| 
         0000000a 0004 
     114 0000000b E694          CMPF32    R1H,R0H               ; [CPU_] |22| 
         0000000c 0001 
     115 0000000d AD14          MOVST0    ZF, NF                ; [CPU_] |22| 
     116 0000000e 650D          B         $C$L1,LEQ             ; [CPU_] |22| 
     117                      ; branchcc occurs ; [] |22| 
     118                      .dwpsn  file "../CntrlLimit/cntrlCurrentLoad.c",line 23,column 3,is_stmt
     119 0000000f E801          MOVIZ     R0H,#14979            ; [CPU_] |23| 
         00000010 D418 
     120 00000011 E2AF-         MOV32     R1H,@_IbyT            ; [CPU_] |23| 
         00000012 0108 
     121 00000013 E808          MOVXI     R0H,#4719             ; [CPU_] |23| 
         00000014 9378 
     122 00000015 E710          ADDF32    R0H,R0H,R1H           ; [CPU_] |23| 
         00000016 0040 
     123 00000017 7700          NOP       ; [CPU_] 
     124 00000018 E203-         MOV32     @_IbyT,R0H            ; [CPU_] |23| 
         00000019 0008 
     125                      .dwpsn  file "../CntrlLimit/cntrlCurrentLoad.c",line 24,column 2,is_stmt
     126 0000001a 6F1F          B         $C$L3,UNC             ; [CPU_] |24| 
     127                      ; branch occurs ; [] |24| 
     128 0000001b       $C$L1:    
     129                      .dwpsn  file "../CntrlLimit/cntrlCurrentLoad.c",line 26,column 3,is_stmt
     130 0000001b E2AF-         MOV32     R0H,@_IbyT            ; [CPU_] |26| 
         0000001c 0008 
     131 0000001d E5A0          CMPF32    R0H,#0                ; [CPU_] |26| 
     132 0000001e AD14          MOVST0    ZF, NF                ; [CPU_] |26| 
     133 0000001f 651A          B         $C$L3,LEQ             ; [CPU_] |26| 
     134                      ; branchcc occurs ; [] |26| 
     135                      .dwpsn  file "../CntrlLimit/cntrlCurrentLoad.c",line 27,column 4,is_stmt
     136 00000020 E2AF-         MOV32     R0H,@_nomCurrent      ; [CPU_] |27| 
         00000021 0000 
     137 00000022 E694          CMPF32    R1H,R0H               ; [CPU_] |27| 
         00000023 0001 
     138 00000024 AD14          MOVST0    ZF, NF                ; [CPU_] |27| 
     139 00000025 630C          B         $C$L2,GEQ             ; [CPU_] |27| 
     140                      ; branchcc occurs ; [] |27| 
     141                      .dwpsn  file "../CntrlLimit/cntrlCurrentLoad.c",line 28,column 4,is_stmt
     142 00000026 E801          MOVIZ     R0H,#14979            ; [CPU_] |28| 
         00000027 D418 
     143 00000028 E2AF-         MOV32     R1H,@_IbyT            ; [CPU_] |28| 
         00000029 0108 
     144 0000002a E808          MOVXI     R0H,#4719             ; [CPU_] |28| 
         0000002b 9378 
     145 0000002c E720          SUBF32    R0H,R1H,R0H           ; [CPU_] |28| 
         0000002d 0008 
     146 0000002e 7700          NOP       ; [CPU_] 
     147 0000002f E203-         MOV32     @_IbyT,R0H            ; [CPU_] |28| 
TMS320C2000 Assembler PC v6.2.7 Thu Jul 02 08:31:35 2015

Tools Copyright (c) 1996-2014 Texas Instruments Incorporated
C:\Users\Tester\AppData\Local\Temp\0286410                           PAGE    4

         00000030 0008 
     148 00000031       $C$L2:    
     149                      .dwpsn  file "../CntrlLimit/cntrlCurrentLoad.c",line 29,column 4,is_stmt
     150 00000031 E2AF-         MOV32     R0H,@_IbyT            ; [CPU_] |29| 
         00000032 0008 
     151 00000033 E5A0          CMPF32    R0H,#0                ; [CPU_] |29| 
     152 00000034 AD14          MOVST0    ZF, NF                ; [CPU_] |29| 
     153 00000035 6304          B         $C$L3,GEQ             ; [CPU_] |29| 
     154                      ; branchcc occurs ; [] |29| 
     155                      .dwpsn  file "../CntrlLimit/cntrlCurrentLoad.c",line 30,column 5,is_stmt
     156 00000036 E590          ZERO      R0H                   ; [CPU_] |30| 
     157 00000037 E203-         MOV32     @_IbyT,R0H            ; [CPU_] |30| 
         00000038 0008 
     158 00000039       $C$L3:    
     159                      .dwpsn  file "../CntrlLimit/cntrlCurrentLoad.c",line 33,column 2,is_stmt
     160 00000039 E590          ZERO      R0H                   ; [CPU_] |33| 
     161                      .dwpsn  file "../CntrlLimit/cntrlCurrentLoad.c",line 34,column 1,is_stmt
     162 0000003a FE84          SUBB      SP,#4                 ; [CPU_U] 
     163                      .dwcfi  cfa_offset, -2
     164              $C$DW$12        .dwtag  DW_TAG_TI_branch
     165                      .dwattr $C$DW$12, DW_AT_low_pc(0x00)
     166                      .dwattr $C$DW$12, DW_AT_TI_return
     167 0000003b 0006          LRETR     ; [CPU_] 
     168                      ; return occurs ; [] 
     169                      .dwattr $C$DW$9, DW_AT_TI_end_file("../CntrlLimit/cntrlCurrentLoad.c")
     170                      .dwattr $C$DW$9, DW_AT_TI_end_line(0x22)
     171                      .dwattr $C$DW$9, DW_AT_TI_end_column(0x01)
     172                      .dwendentry
     173                      .dwendtag $C$DW$9
     174              
     175 0000003c               .sect   ".text"
     176                      .clink
     177                      .global _getSqrIbyT
     178              
     179              $C$DW$13        .dwtag  DW_TAG_subprogram, DW_AT_name("getSqrIbyT")
     180                      .dwattr $C$DW$13, DW_AT_low_pc(_getSqrIbyT)
     181                      .dwattr $C$DW$13, DW_AT_high_pc(0x00)
     182                      .dwattr $C$DW$13, DW_AT_TI_symbol_name("_getSqrIbyT")
     183                      .dwattr $C$DW$13, DW_AT_external
     184                      .dwattr $C$DW$13, DW_AT_type(*$C$DW$T$16)
     185                      .dwattr $C$DW$13, DW_AT_TI_begin_file("../CntrlLimit/cntrlCurrentLoad.c")
     186                      .dwattr $C$DW$13, DW_AT_TI_begin_line(0x24)
     187                      .dwattr $C$DW$13, DW_AT_TI_begin_column(0x07)
     188                      .dwattr $C$DW$13, DW_AT_TI_max_frame_size(-6)
     189                      .dwpsn  file "../CntrlLimit/cntrlCurrentLoad.c",line 36,column 23,is_stmt,address _getSqrIbyT
     190              
     191                      .dwfde $C$DW$CIE, _getSqrIbyT
     192              
     193              ;***************************************************************
     194              ;* FNAME: _getSqrIbyT                   FR SIZE:   4           *
     195              ;*                                                             *
     196              ;* FUNCTION ENVIRONMENT                                        *
     197              ;*                                                             *
     198              ;* FUNCTION PROPERTIES                                         *
     199              ;*                            2 Parameter,  2 Auto,  0 SOE     *
TMS320C2000 Assembler PC v6.2.7 Thu Jul 02 08:31:35 2015

Tools Copyright (c) 1996-2014 Texas Instruments Incorporated
C:\Users\Tester\AppData\Local\Temp\0286410                           PAGE    5

     200              ;***************************************************************
     201              
     202 0000003c       _getSqrIbyT:
     203                      .dwcfi  cfa_offset, -2
     204                      .dwcfi  save_reg_to_mem, 26, 0
     205                      .dwcfi  save_reg_to_reg, 78, 26
     206 0000003c FE04          ADDB      SP,#4                 ; [CPU_U] 
     207                      .dwcfi  cfa_offset, -6
     208              $C$DW$14        .dwtag  DW_TAG_variable, DW_AT_name("tmp")
     209                      .dwattr $C$DW$14, DW_AT_TI_symbol_name("_tmp")
     210                      .dwattr $C$DW$14, DW_AT_type(*$C$DW$T$16)
     211                      .dwattr $C$DW$14, DW_AT_location[DW_OP_breg20 -4]
     212                      .dwpsn  file "../CntrlLimit/cntrlCurrentLoad.c",line 38,column 2,is_stmt
     213              $C$DW$15        .dwtag  DW_TAG_TI_branch
     214                      .dwattr $C$DW$15, DW_AT_low_pc(0x00)
     215                      .dwattr $C$DW$15, DW_AT_name("_getImVal")
     216                      .dwattr $C$DW$15, DW_AT_TI_call
     217 0000003d 7640!         LCR       #_getImVal            ; [CPU_] |38| 
         0000003e 0000 
     218                      ; call occurs [#_getImVal] ; [] |38| 
     219 0000003f E203          MOV32     *-SP[4],R0H           ; [CPU_] |38| 
         00000040 0044 
     220                      .dwpsn  file "../CntrlLimit/cntrlCurrentLoad.c",line 39,column 2,is_stmt
     221 00000041 E2AF          MOV32     R1H,*-SP[4]           ; [CPU_] |39| 
         00000042 0144 
     222 00000043 E700          MPYF32    R0H,R1H,R0H           ; [CPU_] |39| 
         00000044 0008 
     223 00000045 7700          NOP       ; [CPU_] 
     224 00000046 E203          MOV32     *-SP[4],R0H           ; [CPU_] |39| 
         00000047 0044 
     225                      .dwpsn  file "../CntrlLimit/cntrlCurrentLoad.c",line 40,column 2,is_stmt
     226 00000048 761F-         MOVW      DP,#_nomCurrentH      ; [CPU_U] 
         00000049 0000 
     227 0000004a E2AF          MOV32     R1H,*-SP[4]           ; [CPU_] |40| 
         0000004b 0144 
     228 0000004c E2AF-         MOV32     R0H,@_nomCurrentH     ; [CPU_] |40| 
         0000004d 0004 
     229 0000004e E694          CMPF32    R1H,R0H               ; [CPU_] |40| 
         0000004f 0001 
     230 00000050 AD14          MOVST0    ZF, NF                ; [CPU_] |40| 
     231 00000051 650D          B         $C$L4,LEQ             ; [CPU_] |40| 
     232                      ; branchcc occurs ; [] |40| 
     233                      .dwpsn  file "../CntrlLimit/cntrlCurrentLoad.c",line 41,column 3,is_stmt
     234 00000052 E2AF-         MOV32     R0H,@_nomCurrent      ; [CPU_] |41| 
         00000053 0000 
     235 00000054 E720          SUBF32    R1H,R1H,R0H           ; [CPU_] |41| 
         00000055 0009 
     236 00000056 E2AF-         MOV32     R3H,@_IbyT            ; [CPU_] |41| 
         00000057 0308 
     237 00000058 E710          ADDF32    R0H,R1H,R3H           ; [CPU_] |41| 
         00000059 00C8 
     238 0000005a 7700          NOP       ; [CPU_] 
     239 0000005b E203-         MOV32     @_IbyT,R0H            ; [CPU_] |41| 
         0000005c 0008 
     240                      .dwpsn  file "../CntrlLimit/cntrlCurrentLoad.c",line 42,column 2,is_stmt
TMS320C2000 Assembler PC v6.2.7 Thu Jul 02 08:31:35 2015

Tools Copyright (c) 1996-2014 Texas Instruments Incorporated
C:\Users\Tester\AppData\Local\Temp\0286410                           PAGE    6

     241 0000005d 6F14          B         $C$L5,UNC             ; [CPU_] |42| 
     242                      ; branch occurs ; [] |42| 
     243 0000005e       $C$L4:    
     244                      .dwpsn  file "../CntrlLimit/cntrlCurrentLoad.c",line 44,column 3,is_stmt
     245 0000005e E2AF-         MOV32     R0H,@_nomCurrent      ; [CPU_] |44| 
         0000005f 0000 
     246 00000060 E694          CMPF32    R1H,R0H               ; [CPU_] |44| 
         00000061 0001 
     247 00000062 AD14          MOVST0    ZF, NF                ; [CPU_] |44| 
     248 00000063 630E          B         $C$L5,GEQ             ; [CPU_] |44| 
     249                      ; branchcc occurs ; [] |44| 
     250                      .dwpsn  file "../CntrlLimit/cntrlCurrentLoad.c",line 45,column 4,is_stmt
     251 00000064 E2AF          MOV32     R0H,*-SP[4]           ; [CPU_] |45| 
         00000065 0044 
     252 00000066 E2AF-         MOV32     R1H,@_nomCurrent      ; [CPU_] |45| 
         00000067 0100 
     253 00000068 E720          SUBF32    R0H,R1H,R0H           ; [CPU_] |45| 
         00000069 0008 
     254 0000006a E2AF-         MOV32     R3H,@_IbyT            ; [CPU_] |45| 
         0000006b 0308 
     255 0000006c E720          SUBF32    R0H,R3H,R0H           ; [CPU_] |45| 
         0000006d 0018 
     256 0000006e 7700          NOP       ; [CPU_] 
     257 0000006f E203-         MOV32     @_IbyT,R0H            ; [CPU_] |45| 
         00000070 0008 
     258 00000071       $C$L5:    
     259                      .dwpsn  file "../CntrlLimit/cntrlCurrentLoad.c",line 48,column 2,is_stmt
     260 00000071 E2AF-         MOV32     R0H,@_IbyT            ; [CPU_] |48| 
         00000072 0008 
     261 00000073 E5A0          CMPF32    R0H,#0                ; [CPU_] |48| 
     262 00000074 AD14          MOVST0    ZF, NF                ; [CPU_] |48| 
     263 00000075 6304          B         $C$L6,GEQ             ; [CPU_] |48| 
     264                      ; branchcc occurs ; [] |48| 
     265                      .dwpsn  file "../CntrlLimit/cntrlCurrentLoad.c",line 49,column 3,is_stmt
     266 00000076 E590          ZERO      R0H                   ; [CPU_] |49| 
     267 00000077 E203-         MOV32     @_IbyT,R0H            ; [CPU_] |49| 
         00000078 0008 
     268 00000079       $C$L6:    
     269                      .dwpsn  file "../CntrlLimit/cntrlCurrentLoad.c",line 50,column 2,is_stmt
     270                      .dwpsn  file "../CntrlLimit/cntrlCurrentLoad.c",line 51,column 1,is_stmt
     271 00000079 FE84          SUBB      SP,#4                 ; [CPU_U] 
     272                      .dwcfi  cfa_offset, -2
     273              $C$DW$16        .dwtag  DW_TAG_TI_branch
     274                      .dwattr $C$DW$16, DW_AT_low_pc(0x00)
     275                      .dwattr $C$DW$16, DW_AT_TI_return
     276 0000007a 0006          LRETR     ; [CPU_] 
     277                      ; return occurs ; [] 
     278                      .dwattr $C$DW$13, DW_AT_TI_end_file("../CntrlLimit/cntrlCurrentLoad.c")
     279                      .dwattr $C$DW$13, DW_AT_TI_end_line(0x33)
     280                      .dwattr $C$DW$13, DW_AT_TI_end_column(0x01)
     281                      .dwendentry
     282                      .dwendtag $C$DW$13
     283              
     284 0000007b               .sect   ".text"
     285                      .clink
TMS320C2000 Assembler PC v6.2.7 Thu Jul 02 08:31:35 2015

Tools Copyright (c) 1996-2014 Texas Instruments Incorporated
C:\Users\Tester\AppData\Local\Temp\0286410                           PAGE    7

     286                      .global _initIbyTLimit
     287              
     288              $C$DW$17        .dwtag  DW_TAG_subprogram, DW_AT_name("initIbyTLimit")
     289                      .dwattr $C$DW$17, DW_AT_low_pc(_initIbyTLimit)
     290                      .dwattr $C$DW$17, DW_AT_high_pc(0x00)
     291                      .dwattr $C$DW$17, DW_AT_TI_symbol_name("_initIbyTLimit")
     292                      .dwattr $C$DW$17, DW_AT_external
     293                      .dwattr $C$DW$17, DW_AT_TI_begin_file("../CntrlLimit/cntrlCurrentLoad.c")
     294                      .dwattr $C$DW$17, DW_AT_TI_begin_line(0x35)
     295                      .dwattr $C$DW$17, DW_AT_TI_begin_column(0x06)
     296                      .dwattr $C$DW$17, DW_AT_TI_max_frame_size(-4)
     297                      .dwpsn  file "../CntrlLimit/cntrlCurrentLoad.c",line 53,column 25,is_stmt,address _initIbyTLimit
     298              
     299                      .dwfde $C$DW$CIE, _initIbyTLimit
     300              
     301              ;***************************************************************
     302              ;* FNAME: _initIbyTLimit                FR SIZE:   2           *
     303              ;*                                                             *
     304              ;* FUNCTION ENVIRONMENT                                        *
     305              ;*                                                             *
     306              ;* FUNCTION PROPERTIES                                         *
     307              ;*                            0 Parameter,  2 Auto,  0 SOE     *
     308              ;***************************************************************
     309              
     310 0000007b       _initIbyTLimit:
     311                      .dwcfi  cfa_offset, -2
     312                      .dwcfi  save_reg_to_mem, 26, 0
     313                      .dwcfi  save_reg_to_reg, 78, 26
     314 0000007b FE02          ADDB      SP,#2                 ; [CPU_U] 
     315                      .dwcfi  cfa_offset, -4
     316              $C$DW$18        .dwtag  DW_TAG_variable, DW_AT_name("time")
     317                      .dwattr $C$DW$18, DW_AT_TI_symbol_name("_time")
     318                      .dwattr $C$DW$18, DW_AT_type(*$C$DW$T$16)
     319                      .dwattr $C$DW$18, DW_AT_location[DW_OP_breg20 -2]
     320                      .dwpsn  file "../CntrlLimit/cntrlCurrentLoad.c",line 55,column 2,is_stmt
     321 0000007c 9A06          MOVB      AL,#6                 ; [CPU_] |55| 
     322              $C$DW$19        .dwtag  DW_TAG_TI_branch
     323                      .dwattr $C$DW$19, DW_AT_low_pc(0x00)
     324                      .dwattr $C$DW$19, DW_AT_name("_getRegister")
     325                      .dwattr $C$DW$19, DW_AT_TI_call
     326 0000007d 7640!         LCR       #_getRegister         ; [CPU_] |55| 
         0000007e 0000 
     327                      ; call occurs [#_getRegister] ; [] |55| 
     328 0000007f 3B01          SETC      SXM                   ; [CPU_] 
     329 00000080 85A9          MOV       ACC,AL                ; [CPU_] |55| 
     330 00000081 BDA9          MOV32     R0H,ACC               ; [CPU_] |55| 
         00000082 0F12 
     331 00000083 7700          NOP       ; [CPU_] 
     332 00000084 7700          NOP       ; [CPU_] 
     333 00000085 7700          NOP       ; [CPU_] 
     334 00000086 7700          NOP       ; [CPU_] 
     335 00000087 E689          I32TOF32  R0H,R0H               ; [CPU_] |55| 
         00000088 0000 
     336 00000089 7700          NOP       ; [CPU_] 
     337 0000008a E203          MOV32     *-SP[2],R0H           ; [CPU_] |55| 
TMS320C2000 Assembler PC v6.2.7 Thu Jul 02 08:31:35 2015

Tools Copyright (c) 1996-2014 Texas Instruments Incorporated
C:\Users\Tester\AppData\Local\Temp\0286410                           PAGE    8

         0000008b 0042 
     338                      .dwpsn  file "../CntrlLimit/cntrlCurrentLoad.c",line 56,column 2,is_stmt
     339 0000008c E850          MPYF32    R0H,R0H,#17096        ; [CPU_] |56| 
         0000008d B200 
     340 0000008e 7700          NOP       ; [CPU_] 
     341 0000008f E203          MOV32     *-SP[2],R0H           ; [CPU_] |56| 
         00000090 0042 
     342                      .dwpsn  file "../CntrlLimit/cntrlCurrentLoad.c",line 57,column 2,is_stmt
     343 00000091 9A05          MOVB      AL,#5                 ; [CPU_] |57| 
     344              $C$DW$20        .dwtag  DW_TAG_TI_branch
     345                      .dwattr $C$DW$20, DW_AT_low_pc(0x00)
     346                      .dwattr $C$DW$20, DW_AT_name("_getRegister")
     347                      .dwattr $C$DW$20, DW_AT_TI_call
     348 00000092 7640!         LCR       #_getRegister         ; [CPU_] |57| 
         00000093 0000 
     349                      ; call occurs [#_getRegister] ; [] |57| 
     350 00000094 3B01          SETC      SXM                   ; [CPU_] 
     351 00000095 85A9          MOV       ACC,AL                ; [CPU_] |57| 
     352 00000096 BDA9          MOV32     R0H,ACC               ; [CPU_] |57| 
         00000097 0F12 
     353 00000098 7700          NOP       ; [CPU_] 
     354 00000099 7700          NOP       ; [CPU_] 
     355 0000009a 7700          NOP       ; [CPU_] 
     356 0000009b 7700          NOP       ; [CPU_] 
     357 0000009c E689          I32TOF32  R0H,R0H               ; [CPU_] |57| 
         0000009d 0000 
     358 0000009e 761F-         MOVW      DP,#_IbyTLimit        ; [CPU_U] 
         0000009f 0000 
     359 000000a0 E203-         MOV32     @_IbyTLimit,R0H       ; [CPU_] |57| 
         000000a1 0002 
     360                      .dwpsn  file "../CntrlLimit/cntrlCurrentLoad.c",line 58,column 2,is_stmt
     361 000000a2 E802          MOVIZ     R1H,#16672            ; [CPU_] |58| 
         000000a3 0901 
     362              $C$DW$21        .dwtag  DW_TAG_TI_branch
     363                      .dwattr $C$DW$21, DW_AT_low_pc(0x00)
     364                      .dwattr $C$DW$21, DW_AT_name("FS$$DIV")
     365                      .dwattr $C$DW$21, DW_AT_TI_call
     366 000000a4 7640!         LCR       #FS$$DIV              ; [CPU_] |58| 
         000000a5 0000 
     367                      ; call occurs [#FS$$DIV] ; [] |58| 
     368 000000a6 761F-         MOVW      DP,#_IbyTLimit        ; [CPU_U] 
         000000a7 0000 
     369 000000a8 E203-         MOV32     @_IbyTLimit,R0H       ; [CPU_] |58| 
         000000a9 0002 
     370                      .dwpsn  file "../CntrlLimit/cntrlCurrentLoad.c",line 59,column 2,is_stmt
     371 000000aa E590          ZERO      R0H                   ; [CPU_] |59| 
     372 000000ab E203-         MOV32     @_IbyT,R0H            ; [CPU_] |59| 
         000000ac 0008 
     373                      .dwpsn  file "../CntrlLimit/cntrlCurrentLoad.c",line 60,column 2,is_stmt
     374 000000ad 9A29          MOVB      AL,#41                ; [CPU_] |60| 
     375              $C$DW$22        .dwtag  DW_TAG_TI_branch
     376                      .dwattr $C$DW$22, DW_AT_low_pc(0x00)
     377                      .dwattr $C$DW$22, DW_AT_name("_getRegister")
     378                      .dwattr $C$DW$22, DW_AT_TI_call
     379 000000ae 7640!         LCR       #_getRegister         ; [CPU_] |60| 
TMS320C2000 Assembler PC v6.2.7 Thu Jul 02 08:31:35 2015

Tools Copyright (c) 1996-2014 Texas Instruments Incorporated
C:\Users\Tester\AppData\Local\Temp\0286410                           PAGE    9

         000000af 0000 
     380                      ; call occurs [#_getRegister] ; [] |60| 
     381 000000b0 3B01          SETC      SXM                   ; [CPU_] 
     382 000000b1 85A9          MOV       ACC,AL                ; [CPU_] |60| 
     383 000000b2 BDA9          MOV32     R0H,ACC               ; [CPU_] |60| 
         000000b3 0F12 
     384 000000b4 7700          NOP       ; [CPU_] 
     385 000000b5 7700          NOP       ; [CPU_] 
     386 000000b6 7700          NOP       ; [CPU_] 
     387 000000b7 7700          NOP       ; [CPU_] 
     388 000000b8 E689          I32TOF32  R0H,R0H               ; [CPU_] |60| 
         000000b9 0000 
     389 000000ba 761F-         MOVW      DP,#_nomCurrent       ; [CPU_U] 
         000000bb 0000 
     390 000000bc E203-         MOV32     @_nomCurrent,R0H      ; [CPU_] |60| 
         000000bd 0000 
     391                      .dwpsn  file "../CntrlLimit/cntrlCurrentLoad.c",line 61,column 2,is_stmt
     392 000000be E801          MOVIZ     R0H,#16309            ; [CPU_] |61| 
         000000bf FDA8 
     393 000000c0 E2AF-         MOV32     R1H,@_nomCurrent      ; [CPU_] |61| 
         000000c1 0100 
     394 000000c2 E808          MOVXI     R0H,#1153             ; [CPU_] |61| 
         000000c3 2408 
     395 000000c4 E700          MPYF32    R0H,R0H,R1H           ; [CPU_] |61| 
         000000c5 0040 
     396 000000c6 7700          NOP       ; [CPU_] 
     397 000000c7 E203-         MOV32     @_nomCurrent,R0H      ; [CPU_] |61| 
         000000c8 0000 
     398                      .dwpsn  file "../CntrlLimit/cntrlCurrentLoad.c",line 62,column 2,is_stmt
     399 000000c9 E802          MOVIZ     R1H,#16672            ; [CPU_] |62| 
         000000ca 0901 
     400              $C$DW$23        .dwtag  DW_TAG_TI_branch
     401                      .dwattr $C$DW$23, DW_AT_low_pc(0x00)
     402                      .dwattr $C$DW$23, DW_AT_name("FS$$DIV")
     403                      .dwattr $C$DW$23, DW_AT_TI_call
     404 000000cb 7640!         LCR       #FS$$DIV              ; [CPU_] |62| 
         000000cc 0000 
     405                      ; call occurs [#FS$$DIV] ; [] |62| 
     406 000000cd 761F-         MOVW      DP,#_nomCurrent       ; [CPU_U] 
         000000ce 0000 
     407 000000cf E203-         MOV32     @_nomCurrent,R0H      ; [CPU_] |62| 
         000000d0 0000 
     408                      .dwpsn  file "../CntrlLimit/cntrlCurrentLoad.c",line 64,column 2,is_stmt
     409 000000d1 9A81          MOVB      AL,#129               ; [CPU_] |64| 
     410              $C$DW$24        .dwtag  DW_TAG_TI_branch
     411                      .dwattr $C$DW$24, DW_AT_low_pc(0x00)
     412                      .dwattr $C$DW$24, DW_AT_name("_getRegister")
     413                      .dwattr $C$DW$24, DW_AT_TI_call
     414 000000d2 7640!         LCR       #_getRegister         ; [CPU_] |64| 
         000000d3 0000 
     415                      ; call occurs [#_getRegister] ; [] |64| 
     416 000000d4 5200          CMPB      AL,#0                 ; [CPU_] |64| 
     417 000000d5 EC24          BF        $C$L7,EQ              ; [CPU_] |64| 
     418                      ; branchcc occurs ; [] |64| 
     419                      .dwpsn  file "../CntrlLimit/cntrlCurrentLoad.c",line 65,column 3,is_stmt
TMS320C2000 Assembler PC v6.2.7 Thu Jul 02 08:31:35 2015

Tools Copyright (c) 1996-2014 Texas Instruments Incorporated
C:\Users\Tester\AppData\Local\Temp\0286410                           PAGE   10

     420 000000d6 8F00'         MOVL      XAR4,#_getSqrIbyT     ; [CPU_U] |65| 
         000000d7 003C 
     421 000000d8 761F-         MOVW      DP,#_cntrlLimitAlg    ; [CPU_U] 
         000000d9 0000 
     422 000000da A806-         MOVL      @_cntrlLimitAlg,XAR4  ; [CPU_] |65| 
     423                      .dwpsn  file "../CntrlLimit/cntrlCurrentLoad.c",line 67,column 3,is_stmt
     424 000000db E2AF-         MOV32     R0H,@_nomCurrent      ; [CPU_] |67| 
         000000dc 0000 
     425 000000dd E2AF-         MOV32     R1H,@_nomCurrent      ; [CPU_] |67| 
         000000de 0100 
     426 000000df E700          MPYF32    R0H,R1H,R0H           ; [CPU_] |67| 
         000000e0 0008 
     427 000000e1 7700          NOP       ; [CPU_] 
     428 000000e2 E203-         MOV32     @_nomCurrent,R0H      ; [CPU_] |67| 
         000000e3 0000 
     429                      .dwpsn  file "../CntrlLimit/cntrlCurrentLoad.c",line 68,column 3,is_stmt
     430 000000e4 E2AF-         MOV32     R1H,@_IbyTLimit       ; [CPU_] |68| 
         000000e5 0102 
     431 000000e6 E2AF-         MOV32     R0H,@_IbyTLimit       ; [CPU_] |68| 
         000000e7 0002 
     432 000000e8 E700          MPYF32    R1H,R1H,R0H           ; [CPU_] |68| 
         000000e9 0009 
     433 000000ea E2AF-         MOV32     R3H,@_nomCurrent      ; [CPU_] |68| 
         000000eb 0300 
     434 000000ec E720          SUBF32    R0H,R1H,R3H           ; [CPU_] |68| 
         000000ed 00C8 
     435 000000ee 7700          NOP       ; [CPU_] 
     436 000000ef E203-         MOV32     @_IbyTLimit,R0H       ; [CPU_] |68| 
         000000f0 0002 
     437                      .dwpsn  file "../CntrlLimit/cntrlCurrentLoad.c",line 69,column 3,is_stmt
     438 000000f1 E2AF          MOV32     R1H,*-SP[2]           ; [CPU_] |69| 
         000000f2 0142 
     439 000000f3 E700          MPYF32    R0H,R1H,R0H           ; [CPU_] |69| 
         000000f4 0008 
     440 000000f5 7700          NOP       ; [CPU_] 
     441 000000f6 E203-         MOV32     @_IbyTLimit,R0H       ; [CPU_] |69| 
         000000f7 0002 
     442                      .dwpsn  file "../CntrlLimit/cntrlCurrentLoad.c",line 70,column 2,is_stmt
     443 000000f8 6F19          B         $C$L8,UNC             ; [CPU_] |70| 
     444                      ; branch occurs ; [] |70| 
     445 000000f9       $C$L7:    
     446                      .dwpsn  file "../CntrlLimit/cntrlCurrentLoad.c",line 72,column 3,is_stmt
     447 000000f9 8F00'         MOVL      XAR4,#_getIbyT        ; [CPU_U] |72| 
         000000fa 0000 
     448 000000fb 761F-         MOVW      DP,#_cntrlLimitAlg    ; [CPU_U] 
         000000fc 0000 
     449 000000fd A806-         MOVL      @_cntrlLimitAlg,XAR4  ; [CPU_] |72| 
     450                      .dwpsn  file "../CntrlLimit/cntrlCurrentLoad.c",line 73,column 3,is_stmt
     451 000000fe E2AF-         MOV32     R0H,@_nomCurrent      ; [CPU_] |73| 
         000000ff 0000 
     452 00000100 E2AF-         MOV32     R1H,@_IbyTLimit       ; [CPU_] |73| 
         00000101 0102 
     453 00000102 E700          MPYF32    R0H,R1H,R0H           ; [CPU_] |73| 
         00000103 0008 
     454 00000104 7700          NOP       ; [CPU_] 
TMS320C2000 Assembler PC v6.2.7 Thu Jul 02 08:31:35 2015

Tools Copyright (c) 1996-2014 Texas Instruments Incorporated
C:\Users\Tester\AppData\Local\Temp\0286410                           PAGE   11

     455 00000105 E203-         MOV32     @_nomCurrent,R0H      ; [CPU_] |73| 
         00000106 0000 
     456                      .dwpsn  file "../CntrlLimit/cntrlCurrentLoad.c",line 74,column 3,is_stmt
     457 00000107 E2AF          MOV32     R0H,*-SP[2]           ; [CPU_] |74| 
         00000108 0042 
     458 00000109 E802          MOVIZ     R1H,#17530            ; [CPU_] |74| 
         0000010a 23D1 
     459              $C$DW$25        .dwtag  DW_TAG_TI_branch
     460                      .dwattr $C$DW$25, DW_AT_low_pc(0x00)
     461                      .dwattr $C$DW$25, DW_AT_name("FS$$DIV")
     462                      .dwattr $C$DW$25, DW_AT_TI_call
     463 0000010b 7640!         LCR       #FS$$DIV              ; [CPU_] |74| 
         0000010c 0000 
     464                      ; call occurs [#FS$$DIV] ; [] |74| 
     465 0000010d 761F-         MOVW      DP,#_IbyTLimit        ; [CPU_U] 
         0000010e 0000 
     466 0000010f E203-         MOV32     @_IbyTLimit,R0H       ; [CPU_] |74| 
         00000110 0002 
     467 00000111       $C$L8:    
     468                      .dwpsn  file "../CntrlLimit/cntrlCurrentLoad.c",line 76,column 2,is_stmt
     469 00000111 E801          MOVIZ     R0H,#16258            ; [CPU_] |76| 
         00000112 FC10 
     470 00000113 E2AF-         MOV32     R1H,@_nomCurrent      ; [CPU_] |76| 
         00000114 0100 
     471 00000115 E80C          MOVXI     R0H,#36700            ; [CPU_] |76| 
         00000116 7AE0 
     472 00000117 E700          MPYF32    R0H,R0H,R1H           ; [CPU_] |76| 
         00000118 0040 
     473 00000119 7700          NOP       ; [CPU_] 
     474 0000011a E203-         MOV32     @_nomCurrentH,R0H     ; [CPU_] |76| 
         0000011b 0004 
     475                      .dwpsn  file "../CntrlLimit/cntrlCurrentLoad.c",line 77,column 1,is_stmt
     476 0000011c FE82          SUBB      SP,#2                 ; [CPU_U] 
     477                      .dwcfi  cfa_offset, -2
     478              $C$DW$26        .dwtag  DW_TAG_TI_branch
     479                      .dwattr $C$DW$26, DW_AT_low_pc(0x00)
     480                      .dwattr $C$DW$26, DW_AT_TI_return
     481 0000011d 0006          LRETR     ; [CPU_] 
     482                      ; return occurs ; [] 
     483                      .dwattr $C$DW$17, DW_AT_TI_end_file("../CntrlLimit/cntrlCurrentLoad.c")
     484                      .dwattr $C$DW$17, DW_AT_TI_end_line(0x4d)
     485                      .dwattr $C$DW$17, DW_AT_TI_end_column(0x01)
     486                      .dwendentry
     487                      .dwendtag $C$DW$17
     488              
     489 0000011e               .sect   ".text"
     490                      .clink
     491                      .global _cntrlIbyT
     492              
     493              $C$DW$27        .dwtag  DW_TAG_subprogram, DW_AT_name("cntrlIbyT")
     494                      .dwattr $C$DW$27, DW_AT_low_pc(_cntrlIbyT)
     495                      .dwattr $C$DW$27, DW_AT_high_pc(0x00)
     496                      .dwattr $C$DW$27, DW_AT_TI_symbol_name("_cntrlIbyT")
     497                      .dwattr $C$DW$27, DW_AT_external
     498                      .dwattr $C$DW$27, DW_AT_TI_begin_file("../CntrlLimit/cntrlCurrentLoad.c")
TMS320C2000 Assembler PC v6.2.7 Thu Jul 02 08:31:35 2015

Tools Copyright (c) 1996-2014 Texas Instruments Incorporated
C:\Users\Tester\AppData\Local\Temp\0286410                           PAGE   12

     499                      .dwattr $C$DW$27, DW_AT_TI_begin_line(0x4f)
     500                      .dwattr $C$DW$27, DW_AT_TI_begin_column(0x06)
     501                      .dwattr $C$DW$27, DW_AT_TI_max_frame_size(-4)
     502                      .dwpsn  file "../CntrlLimit/cntrlCurrentLoad.c",line 79,column 21,is_stmt,address _cntrlIbyT
     503              
     504                      .dwfde $C$DW$CIE, _cntrlIbyT
     505              
     506              ;***************************************************************
     507              ;* FNAME: _cntrlIbyT                    FR SIZE:   2           *
     508              ;*                                                             *
     509              ;* FUNCTION ENVIRONMENT                                        *
     510              ;*                                                             *
     511              ;* FUNCTION PROPERTIES                                         *
     512              ;*                            2 Parameter,  0 Auto,  0 SOE     *
     513              ;***************************************************************
     514              
     515 0000011e       _cntrlIbyT:
     516                      .dwcfi  cfa_offset, -2
     517                      .dwcfi  save_reg_to_mem, 26, 0
     518                      .dwcfi  save_reg_to_reg, 78, 26
     519 0000011e FE02          ADDB      SP,#2                 ; [CPU_U] 
     520                      .dwcfi  cfa_offset, -4
     521                      .dwpsn  file "../CntrlLimit/cntrlCurrentLoad.c",line 80,column 2,is_stmt
     522 0000011f 761F-         MOVW      DP,#_cntrlLimitAlg    ; [CPU_U] 
         00000120 0000 
     523 00000121 C506-         MOVL      XAR7,@_cntrlLimitAlg  ; [CPU_] |80| 
     524              $C$DW$28        .dwtag  DW_TAG_TI_branch
     525                      .dwattr $C$DW$28, DW_AT_low_pc(0x00)
     526                      .dwattr $C$DW$28, DW_AT_TI_call
     527                      .dwattr $C$DW$28, DW_AT_TI_indirect
     528 00000122 3E67          LCR       *XAR7                 ; [CPU_] |80| 
     529                      ; call occurs [XAR7] ; [] |80| 
     530                      .dwpsn  file "../CntrlLimit/cntrlCurrentLoad.c",line 81,column 2,is_stmt
     531 00000123 761F-         MOVW      DP,#_IbyT             ; [CPU_U] 
         00000124 0000 
     532 00000125 E2AF-         MOV32     R0H,@_IbyT            ; [CPU_] |81| 
         00000126 0008 
     533 00000127 E5A0          CMPF32    R0H,#0                ; [CPU_] |81| 
     534 00000128 AD14          MOVST0    ZF, NF                ; [CPU_] |81| 
     535 00000129 6304          B         $C$L9,GEQ             ; [CPU_] |81| 
     536                      ; branchcc occurs ; [] |81| 
     537                      .dwpsn  file "../CntrlLimit/cntrlCurrentLoad.c",line 82,column 3,is_stmt
     538 0000012a E590          ZERO      R0H                   ; [CPU_] |82| 
     539 0000012b E203-         MOV32     @_IbyT,R0H            ; [CPU_] |82| 
         0000012c 0008 
     540                      .dwpsn  file "../CntrlLimit/cntrlCurrentLoad.c",line 83,column 1,is_stmt
     541 0000012d       $C$L9:    
     542 0000012d FE82          SUBB      SP,#2                 ; [CPU_U] 
     543                      .dwcfi  cfa_offset, -2
     544              $C$DW$29        .dwtag  DW_TAG_TI_branch
     545                      .dwattr $C$DW$29, DW_AT_low_pc(0x00)
     546                      .dwattr $C$DW$29, DW_AT_TI_return
     547 0000012e 0006          LRETR     ; [CPU_] 
     548                      ; return occurs ; [] 
     549                      .dwattr $C$DW$27, DW_AT_TI_end_file("../CntrlLimit/cntrlCurrentLoad.c")
TMS320C2000 Assembler PC v6.2.7 Thu Jul 02 08:31:35 2015

Tools Copyright (c) 1996-2014 Texas Instruments Incorporated
C:\Users\Tester\AppData\Local\Temp\0286410                           PAGE   13

     550                      .dwattr $C$DW$27, DW_AT_TI_end_line(0x53)
     551                      .dwattr $C$DW$27, DW_AT_TI_end_column(0x01)
     552                      .dwendentry
     553                      .dwendtag $C$DW$27
     554              
     555 0000012f               .sect   ".text"
     556                      .clink
     557                      .global _testIbyT
     558              
     559              $C$DW$30        .dwtag  DW_TAG_subprogram, DW_AT_name("testIbyT")
     560                      .dwattr $C$DW$30, DW_AT_low_pc(_testIbyT)
     561                      .dwattr $C$DW$30, DW_AT_high_pc(0x00)
     562                      .dwattr $C$DW$30, DW_AT_TI_symbol_name("_testIbyT")
     563                      .dwattr $C$DW$30, DW_AT_external
     564                      .dwattr $C$DW$30, DW_AT_type(*$C$DW$T$23)
     565                      .dwattr $C$DW$30, DW_AT_TI_begin_file("../CntrlLimit/cntrlCurrentLoad.c")
     566                      .dwattr $C$DW$30, DW_AT_TI_begin_line(0x55)
     567                      .dwattr $C$DW$30, DW_AT_TI_begin_column(0x07)
     568                      .dwattr $C$DW$30, DW_AT_TI_max_frame_size(-4)
     569                      .dwpsn  file "../CntrlLimit/cntrlCurrentLoad.c",line 85,column 21,is_stmt,address _testIbyT
     570              
     571                      .dwfde $C$DW$CIE, _testIbyT
     572              
     573              ;***************************************************************
     574              ;* FNAME: _testIbyT                     FR SIZE:   2           *
     575              ;*                                                             *
     576              ;* FUNCTION ENVIRONMENT                                        *
     577              ;*                                                             *
     578              ;* FUNCTION PROPERTIES                                         *
     579              ;*                            2 Parameter,  0 Auto,  0 SOE     *
     580              ;***************************************************************
     581              
     582 0000012f       _testIbyT:
     583                      .dwcfi  cfa_offset, -2
     584                      .dwcfi  save_reg_to_mem, 26, 0
     585                      .dwcfi  save_reg_to_reg, 78, 26
     586 0000012f FE02          ADDB      SP,#2                 ; [CPU_U] 
     587                      .dwcfi  cfa_offset, -4
     588                      .dwpsn  file "../CntrlLimit/cntrlCurrentLoad.c",line 86,column 2,is_stmt
     589 00000130 761F-         MOVW      DP,#_IbyTLimit        ; [CPU_U] 
         00000131 0000 
     590 00000132 E2AF-         MOV32     R0H,@_IbyTLimit       ; [CPU_] |86| 
         00000133 0002 
     591 00000134 E2AF-         MOV32     R1H,@_IbyT            ; [CPU_] |86| 
         00000135 0108 
     592 00000136 E694          CMPF32    R1H,R0H               ; [CPU_] |86| 
         00000137 0001 
     593 00000138 AD14          MOVST0    ZF, NF                ; [CPU_] |86| 
     594 00000139 6503          B         $C$L10,LEQ            ; [CPU_] |86| 
     595                      ; branchcc occurs ; [] |86| 
     596                      .dwpsn  file "../CntrlLimit/cntrlCurrentLoad.c",line 87,column 3,is_stmt
     597 0000013a 9A01          MOVB      AL,#1                 ; [CPU_] |87| 
     598 0000013b 6F02          B         $C$L11,UNC            ; [CPU_] |87| 
     599                      ; branch occurs ; [] |87| 
     600 0000013c       $C$L10:    
TMS320C2000 Assembler PC v6.2.7 Thu Jul 02 08:31:35 2015

Tools Copyright (c) 1996-2014 Texas Instruments Incorporated
C:\Users\Tester\AppData\Local\Temp\0286410                           PAGE   14

     601                      .dwpsn  file "../CntrlLimit/cntrlCurrentLoad.c",line 89,column 3,is_stmt
     602 0000013c 9A00          MOVB      AL,#0                 ; [CPU_] |89| 
     603 0000013d       $C$L11:    
     604                      .dwpsn  file "../CntrlLimit/cntrlCurrentLoad.c",line 90,column 1,is_stmt
     605 0000013d FE82          SUBB      SP,#2                 ; [CPU_U] 
     606                      .dwcfi  cfa_offset, -2
     607              $C$DW$31        .dwtag  DW_TAG_TI_branch
     608                      .dwattr $C$DW$31, DW_AT_low_pc(0x00)
     609                      .dwattr $C$DW$31, DW_AT_TI_return
     610 0000013e 0006          LRETR     ; [CPU_] 
     611                      ; return occurs ; [] 
     612                      .dwattr $C$DW$30, DW_AT_TI_end_file("../CntrlLimit/cntrlCurrentLoad.c")
     613                      .dwattr $C$DW$30, DW_AT_TI_end_line(0x5a)
     614                      .dwattr $C$DW$30, DW_AT_TI_end_column(0x01)
     615                      .dwendentry
     616                      .dwendtag $C$DW$30
     617              
     618              ;**************************************************************
     619              ;* UNDEFINED EXTERNAL REFERENCES                              *
     620              ;**************************************************************
     621                      .global _getRegister
     622                      .global _getImVal
     623                      .global FS$$DIV
     624              
     625              ;***************************************************************
     626              ;* TYPE INFORMATION                                            *
     627              ;***************************************************************
     628              $C$DW$T$4       .dwtag  DW_TAG_base_type
     629                      .dwattr $C$DW$T$4, DW_AT_encoding(DW_ATE_boolean)
     630                      .dwattr $C$DW$T$4, DW_AT_name("bool")
     631                      .dwattr $C$DW$T$4, DW_AT_byte_size(0x01)
     632              $C$DW$T$5       .dwtag  DW_TAG_base_type
     633                      .dwattr $C$DW$T$5, DW_AT_encoding(DW_ATE_signed_char)
     634                      .dwattr $C$DW$T$5, DW_AT_name("signed char")
     635                      .dwattr $C$DW$T$5, DW_AT_byte_size(0x01)
     636              $C$DW$T$6       .dwtag  DW_TAG_base_type
     637                      .dwattr $C$DW$T$6, DW_AT_encoding(DW_ATE_unsigned_char)
     638                      .dwattr $C$DW$T$6, DW_AT_name("unsigned char")
     639                      .dwattr $C$DW$T$6, DW_AT_byte_size(0x01)
     640              $C$DW$T$7       .dwtag  DW_TAG_base_type
     641                      .dwattr $C$DW$T$7, DW_AT_encoding(DW_ATE_signed_char)
     642                      .dwattr $C$DW$T$7, DW_AT_name("wchar_t")
     643                      .dwattr $C$DW$T$7, DW_AT_byte_size(0x01)
     644              $C$DW$T$8       .dwtag  DW_TAG_base_type
     645                      .dwattr $C$DW$T$8, DW_AT_encoding(DW_ATE_signed)
     646                      .dwattr $C$DW$T$8, DW_AT_name("short")
     647                      .dwattr $C$DW$T$8, DW_AT_byte_size(0x01)
     648              $C$DW$T$9       .dwtag  DW_TAG_base_type
     649                      .dwattr $C$DW$T$9, DW_AT_encoding(DW_ATE_unsigned)
     650                      .dwattr $C$DW$T$9, DW_AT_name("unsigned short")
     651                      .dwattr $C$DW$T$9, DW_AT_byte_size(0x01)
     652              $C$DW$T$10      .dwtag  DW_TAG_base_type
     653                      .dwattr $C$DW$T$10, DW_AT_encoding(DW_ATE_signed)
     654                      .dwattr $C$DW$T$10, DW_AT_name("int")
     655                      .dwattr $C$DW$T$10, DW_AT_byte_size(0x01)
TMS320C2000 Assembler PC v6.2.7 Thu Jul 02 08:31:35 2015

Tools Copyright (c) 1996-2014 Texas Instruments Incorporated
C:\Users\Tester\AppData\Local\Temp\0286410                           PAGE   15

     656              $C$DW$T$11      .dwtag  DW_TAG_base_type
     657                      .dwattr $C$DW$T$11, DW_AT_encoding(DW_ATE_unsigned)
     658                      .dwattr $C$DW$T$11, DW_AT_name("unsigned int")
     659                      .dwattr $C$DW$T$11, DW_AT_byte_size(0x01)
     660              $C$DW$T$23      .dwtag  DW_TAG_typedef, DW_AT_name("UINT8")
     661                      .dwattr $C$DW$T$23, DW_AT_type(*$C$DW$T$11)
     662                      .dwattr $C$DW$T$23, DW_AT_language(DW_LANG_C)
     663              $C$DW$T$12      .dwtag  DW_TAG_base_type
     664                      .dwattr $C$DW$T$12, DW_AT_encoding(DW_ATE_signed)
     665                      .dwattr $C$DW$T$12, DW_AT_name("long")
     666                      .dwattr $C$DW$T$12, DW_AT_byte_size(0x02)
     667              $C$DW$T$13      .dwtag  DW_TAG_base_type
     668                      .dwattr $C$DW$T$13, DW_AT_encoding(DW_ATE_unsigned)
     669                      .dwattr $C$DW$T$13, DW_AT_name("unsigned long")
     670                      .dwattr $C$DW$T$13, DW_AT_byte_size(0x02)
     671              $C$DW$T$14      .dwtag  DW_TAG_base_type
     672                      .dwattr $C$DW$T$14, DW_AT_encoding(DW_ATE_signed)
     673                      .dwattr $C$DW$T$14, DW_AT_name("long long")
     674                      .dwattr $C$DW$T$14, DW_AT_byte_size(0x04)
     675              $C$DW$T$15      .dwtag  DW_TAG_base_type
     676                      .dwattr $C$DW$T$15, DW_AT_encoding(DW_ATE_unsigned)
     677                      .dwattr $C$DW$T$15, DW_AT_name("unsigned long long")
     678                      .dwattr $C$DW$T$15, DW_AT_byte_size(0x04)
     679              $C$DW$T$16      .dwtag  DW_TAG_base_type
     680                      .dwattr $C$DW$T$16, DW_AT_encoding(DW_ATE_float)
     681                      .dwattr $C$DW$T$16, DW_AT_name("float")
     682                      .dwattr $C$DW$T$16, DW_AT_byte_size(0x02)
     683              
     684              $C$DW$T$25      .dwtag  DW_TAG_subroutine_type
     685                      .dwattr $C$DW$T$25, DW_AT_type(*$C$DW$T$16)
     686                      .dwattr $C$DW$T$25, DW_AT_language(DW_LANG_C)
     687              $C$DW$T$26      .dwtag  DW_TAG_pointer_type
     688                      .dwattr $C$DW$T$26, DW_AT_type(*$C$DW$T$25)
     689                      .dwattr $C$DW$T$26, DW_AT_address_class(0x16)
     690              $C$DW$T$17      .dwtag  DW_TAG_base_type
     691                      .dwattr $C$DW$T$17, DW_AT_encoding(DW_ATE_float)
     692                      .dwattr $C$DW$T$17, DW_AT_name("double")
     693                      .dwattr $C$DW$T$17, DW_AT_byte_size(0x02)
     694              $C$DW$T$18      .dwtag  DW_TAG_base_type
     695                      .dwattr $C$DW$T$18, DW_AT_encoding(DW_ATE_float)
     696                      .dwattr $C$DW$T$18, DW_AT_name("long double")
     697                      .dwattr $C$DW$T$18, DW_AT_byte_size(0x04)
     698                      .dwattr $C$DW$CU, DW_AT_language(DW_LANG_C)
     699              
     700              ;***************************************************************
     701              ;* DWARF CIE ENTRIES                                           *
     702              ;***************************************************************
     703              
     704              $C$DW$CIE       .dwcie 78
     705                      .dwcfi  cfa_register, 20
     706                      .dwcfi  cfa_offset, 0
     707                      .dwcfi  undefined, 0
     708                      .dwcfi  undefined, 1
     709                      .dwcfi  undefined, 2
     710                      .dwcfi  undefined, 3
TMS320C2000 Assembler PC v6.2.7 Thu Jul 02 08:31:35 2015

Tools Copyright (c) 1996-2014 Texas Instruments Incorporated
C:\Users\Tester\AppData\Local\Temp\0286410                           PAGE   16

     711                      .dwcfi  undefined, 20
     712                      .dwcfi  undefined, 21
     713                      .dwcfi  undefined, 22
     714                      .dwcfi  undefined, 23
     715                      .dwcfi  undefined, 24
     716                      .dwcfi  undefined, 25
     717                      .dwcfi  undefined, 26
     718                      .dwcfi  same_value, 28
     719                      .dwcfi  undefined, 29
     720                      .dwcfi  undefined, 30
     721                      .dwcfi  undefined, 31
     722                      .dwcfi  undefined, 32
     723                      .dwcfi  undefined, 33
     724                      .dwcfi  undefined, 34
     725                      .dwcfi  undefined, 35
     726                      .dwcfi  undefined, 36
     727                      .dwcfi  undefined, 37
     728                      .dwcfi  undefined, 38
     729                      .dwcfi  undefined, 75
     730                      .dwcfi  undefined, 76
     731                      .dwcfi  undefined, 77
     732                      .dwcfi  undefined, 4
     733                      .dwcfi  same_value, 6
     734                      .dwcfi  same_value, 8
     735                      .dwcfi  same_value, 10
     736                      .dwcfi  undefined, 12
     737                      .dwcfi  undefined, 14
     738                      .dwcfi  undefined, 16
     739                      .dwcfi  undefined, 17
     740                      .dwcfi  undefined, 18
     741                      .dwcfi  undefined, 19
     742                      .dwcfi  undefined, 5
     743                      .dwcfi  same_value, 7
     744                      .dwcfi  same_value, 9
     745                      .dwcfi  same_value, 11
     746                      .dwcfi  undefined, 13
     747                      .dwcfi  undefined, 15
     748                      .dwcfi  undefined, 43
     749                      .dwcfi  undefined, 44
     750                      .dwcfi  undefined, 47
     751                      .dwcfi  undefined, 48
     752                      .dwcfi  undefined, 51
     753                      .dwcfi  undefined, 52
     754                      .dwcfi  undefined, 55
     755                      .dwcfi  undefined, 56
     756                      .dwcfi  same_value, 59
     757                      .dwcfi  same_value, 60
     758                      .dwcfi  same_value, 63
     759                      .dwcfi  same_value, 64
     760                      .dwcfi  same_value, 67
     761                      .dwcfi  same_value, 68
     762                      .dwcfi  same_value, 71
     763                      .dwcfi  same_value, 72
     764                      .dwcfi  undefined, 73
     765                      .dwcfi  undefined, 74
TMS320C2000 Assembler PC v6.2.7 Thu Jul 02 08:31:35 2015

Tools Copyright (c) 1996-2014 Texas Instruments Incorporated
C:\Users\Tester\AppData\Local\Temp\0286410                           PAGE   17

     766                      .dwcfi  undefined, 39
     767                      .dwcfi  undefined, 40
     768                      .dwcfi  undefined, 27
     769                      .dwcfi  undefined, 78
     770                      .dwendentry
     771              
     772              ;***************************************************************
     773              ;* DWARF REGISTER MAP                                          *
     774              ;***************************************************************
     775              
     776              $C$DW$32        .dwtag  DW_TAG_TI_assign_register, DW_AT_name("AL")
     777                      .dwattr $C$DW$32, DW_AT_location[DW_OP_reg0]
     778              $C$DW$33        .dwtag  DW_TAG_TI_assign_register, DW_AT_name("AH")
     779                      .dwattr $C$DW$33, DW_AT_location[DW_OP_reg1]
     780              $C$DW$34        .dwtag  DW_TAG_TI_assign_register, DW_AT_name("PL")
     781                      .dwattr $C$DW$34, DW_AT_location[DW_OP_reg2]
     782              $C$DW$35        .dwtag  DW_TAG_TI_assign_register, DW_AT_name("PH")
     783                      .dwattr $C$DW$35, DW_AT_location[DW_OP_reg3]
     784              $C$DW$36        .dwtag  DW_TAG_TI_assign_register, DW_AT_name("SP")
     785                      .dwattr $C$DW$36, DW_AT_location[DW_OP_reg20]
     786              $C$DW$37        .dwtag  DW_TAG_TI_assign_register, DW_AT_name("XT")
     787                      .dwattr $C$DW$37, DW_AT_location[DW_OP_reg21]
     788              $C$DW$38        .dwtag  DW_TAG_TI_assign_register, DW_AT_name("T")
     789                      .dwattr $C$DW$38, DW_AT_location[DW_OP_reg22]
     790              $C$DW$39        .dwtag  DW_TAG_TI_assign_register, DW_AT_name("ST0")
     791                      .dwattr $C$DW$39, DW_AT_location[DW_OP_reg23]
     792              $C$DW$40        .dwtag  DW_TAG_TI_assign_register, DW_AT_name("ST1")
     793                      .dwattr $C$DW$40, DW_AT_location[DW_OP_reg24]
     794              $C$DW$41        .dwtag  DW_TAG_TI_assign_register, DW_AT_name("PC")
     795                      .dwattr $C$DW$41, DW_AT_location[DW_OP_reg25]
     796              $C$DW$42        .dwtag  DW_TAG_TI_assign_register, DW_AT_name("RPC")
     797                      .dwattr $C$DW$42, DW_AT_location[DW_OP_reg26]
     798              $C$DW$43        .dwtag  DW_TAG_TI_assign_register, DW_AT_name("FP")
     799                      .dwattr $C$DW$43, DW_AT_location[DW_OP_reg28]
     800              $C$DW$44        .dwtag  DW_TAG_TI_assign_register, DW_AT_name("DP")
     801                      .dwattr $C$DW$44, DW_AT_location[DW_OP_reg29]
     802              $C$DW$45        .dwtag  DW_TAG_TI_assign_register, DW_AT_name("SXM")
     803                      .dwattr $C$DW$45, DW_AT_location[DW_OP_reg30]
     804              $C$DW$46        .dwtag  DW_TAG_TI_assign_register, DW_AT_name("PM")
     805                      .dwattr $C$DW$46, DW_AT_location[DW_OP_reg31]
     806              $C$DW$47        .dwtag  DW_TAG_TI_assign_register, DW_AT_name("OVM")
     807                      .dwattr $C$DW$47, DW_AT_location[DW_OP_regx 0x20]
     808              $C$DW$48        .dwtag  DW_TAG_TI_assign_register, DW_AT_name("PAGE0")
     809                      .dwattr $C$DW$48, DW_AT_location[DW_OP_regx 0x21]
     810              $C$DW$49        .dwtag  DW_TAG_TI_assign_register, DW_AT_name("AMODE")
     811                      .dwattr $C$DW$49, DW_AT_location[DW_OP_regx 0x22]
     812              $C$DW$50        .dwtag  DW_TAG_TI_assign_register, DW_AT_name("INTM")
     813                      .dwattr $C$DW$50, DW_AT_location[DW_OP_regx 0x23]
     814              $C$DW$51        .dwtag  DW_TAG_TI_assign_register, DW_AT_name("IFR")
     815                      .dwattr $C$DW$51, DW_AT_location[DW_OP_regx 0x24]
     816              $C$DW$52        .dwtag  DW_TAG_TI_assign_register, DW_AT_name("IER")
     817                      .dwattr $C$DW$52, DW_AT_location[DW_OP_regx 0x25]
     818              $C$DW$53        .dwtag  DW_TAG_TI_assign_register, DW_AT_name("V")
     819                      .dwattr $C$DW$53, DW_AT_location[DW_OP_regx 0x26]
     820              $C$DW$54        .dwtag  DW_TAG_TI_assign_register, DW_AT_name("PSEUDOH")
TMS320C2000 Assembler PC v6.2.7 Thu Jul 02 08:31:35 2015

Tools Copyright (c) 1996-2014 Texas Instruments Incorporated
C:\Users\Tester\AppData\Local\Temp\0286410                           PAGE   18

     821                      .dwattr $C$DW$54, DW_AT_location[DW_OP_regx 0x4c]
     822              $C$DW$55        .dwtag  DW_TAG_TI_assign_register, DW_AT_name("VOL")
     823                      .dwattr $C$DW$55, DW_AT_location[DW_OP_regx 0x4d]
     824              $C$DW$56        .dwtag  DW_TAG_TI_assign_register, DW_AT_name("AR0")
     825                      .dwattr $C$DW$56, DW_AT_location[DW_OP_reg4]
     826              $C$DW$57        .dwtag  DW_TAG_TI_assign_register, DW_AT_name("AR1")
     827                      .dwattr $C$DW$57, DW_AT_location[DW_OP_reg6]
     828              $C$DW$58        .dwtag  DW_TAG_TI_assign_register, DW_AT_name("AR2")
     829                      .dwattr $C$DW$58, DW_AT_location[DW_OP_reg8]
     830              $C$DW$59        .dwtag  DW_TAG_TI_assign_register, DW_AT_name("AR3")
     831                      .dwattr $C$DW$59, DW_AT_location[DW_OP_reg10]
     832              $C$DW$60        .dwtag  DW_TAG_TI_assign_register, DW_AT_name("AR4")
     833                      .dwattr $C$DW$60, DW_AT_location[DW_OP_reg12]
     834              $C$DW$61        .dwtag  DW_TAG_TI_assign_register, DW_AT_name("AR5")
     835                      .dwattr $C$DW$61, DW_AT_location[DW_OP_reg14]
     836              $C$DW$62        .dwtag  DW_TAG_TI_assign_register, DW_AT_name("AR6")
     837                      .dwattr $C$DW$62, DW_AT_location[DW_OP_reg16]
     838              $C$DW$63        .dwtag  DW_TAG_TI_assign_register, DW_AT_name("XAR6")
     839                      .dwattr $C$DW$63, DW_AT_location[DW_OP_reg17]
     840              $C$DW$64        .dwtag  DW_TAG_TI_assign_register, DW_AT_name("AR7")
     841                      .dwattr $C$DW$64, DW_AT_location[DW_OP_reg18]
     842              $C$DW$65        .dwtag  DW_TAG_TI_assign_register, DW_AT_name("XAR7")
     843                      .dwattr $C$DW$65, DW_AT_location[DW_OP_reg19]
     844              $C$DW$66        .dwtag  DW_TAG_TI_assign_register, DW_AT_name("XAR0")
     845                      .dwattr $C$DW$66, DW_AT_location[DW_OP_reg5]
     846              $C$DW$67        .dwtag  DW_TAG_TI_assign_register, DW_AT_name("XAR1")
     847                      .dwattr $C$DW$67, DW_AT_location[DW_OP_reg7]
     848              $C$DW$68        .dwtag  DW_TAG_TI_assign_register, DW_AT_name("XAR2")
     849                      .dwattr $C$DW$68, DW_AT_location[DW_OP_reg9]
     850              $C$DW$69        .dwtag  DW_TAG_TI_assign_register, DW_AT_name("XAR3")
     851                      .dwattr $C$DW$69, DW_AT_location[DW_OP_reg11]
     852              $C$DW$70        .dwtag  DW_TAG_TI_assign_register, DW_AT_name("XAR4")
     853                      .dwattr $C$DW$70, DW_AT_location[DW_OP_reg13]
     854              $C$DW$71        .dwtag  DW_TAG_TI_assign_register, DW_AT_name("XAR5")
     855                      .dwattr $C$DW$71, DW_AT_location[DW_OP_reg15]
     856              $C$DW$72        .dwtag  DW_TAG_TI_assign_register, DW_AT_name("R0HL")
     857                      .dwattr $C$DW$72, DW_AT_location[DW_OP_regx 0x2b]
     858              $C$DW$73        .dwtag  DW_TAG_TI_assign_register, DW_AT_name("R0H")
     859                      .dwattr $C$DW$73, DW_AT_location[DW_OP_regx 0x2c]
     860              $C$DW$74        .dwtag  DW_TAG_TI_assign_register, DW_AT_name("R1HL")
     861                      .dwattr $C$DW$74, DW_AT_location[DW_OP_regx 0x2f]
     862              $C$DW$75        .dwtag  DW_TAG_TI_assign_register, DW_AT_name("R1H")
     863                      .dwattr $C$DW$75, DW_AT_location[DW_OP_regx 0x30]
     864              $C$DW$76        .dwtag  DW_TAG_TI_assign_register, DW_AT_name("R2HL")
     865                      .dwattr $C$DW$76, DW_AT_location[DW_OP_regx 0x33]
     866              $C$DW$77        .dwtag  DW_TAG_TI_assign_register, DW_AT_name("R2H")
     867                      .dwattr $C$DW$77, DW_AT_location[DW_OP_regx 0x34]
     868              $C$DW$78        .dwtag  DW_TAG_TI_assign_register, DW_AT_name("R3HL")
     869                      .dwattr $C$DW$78, DW_AT_location[DW_OP_regx 0x37]
     870              $C$DW$79        .dwtag  DW_TAG_TI_assign_register, DW_AT_name("R3H")
     871                      .dwattr $C$DW$79, DW_AT_location[DW_OP_regx 0x38]
     872              $C$DW$80        .dwtag  DW_TAG_TI_assign_register, DW_AT_name("R4HL")
     873                      .dwattr $C$DW$80, DW_AT_location[DW_OP_regx 0x3b]
     874              $C$DW$81        .dwtag  DW_TAG_TI_assign_register, DW_AT_name("R4H")
     875                      .dwattr $C$DW$81, DW_AT_location[DW_OP_regx 0x3c]
TMS320C2000 Assembler PC v6.2.7 Thu Jul 02 08:31:35 2015

Tools Copyright (c) 1996-2014 Texas Instruments Incorporated
C:\Users\Tester\AppData\Local\Temp\0286410                           PAGE   19

     876              $C$DW$82        .dwtag  DW_TAG_TI_assign_register, DW_AT_name("R5HL")
     877                      .dwattr $C$DW$82, DW_AT_location[DW_OP_regx 0x3f]
     878              $C$DW$83        .dwtag  DW_TAG_TI_assign_register, DW_AT_name("R5H")
     879                      .dwattr $C$DW$83, DW_AT_location[DW_OP_regx 0x40]
     880              $C$DW$84        .dwtag  DW_TAG_TI_assign_register, DW_AT_name("R6HL")
     881                      .dwattr $C$DW$84, DW_AT_location[DW_OP_regx 0x43]
     882              $C$DW$85        .dwtag  DW_TAG_TI_assign_register, DW_AT_name("R6H")
     883                      .dwattr $C$DW$85, DW_AT_location[DW_OP_regx 0x44]
     884              $C$DW$86        .dwtag  DW_TAG_TI_assign_register, DW_AT_name("R7HL")
     885                      .dwattr $C$DW$86, DW_AT_location[DW_OP_regx 0x47]
     886              $C$DW$87        .dwtag  DW_TAG_TI_assign_register, DW_AT_name("R7H")
     887                      .dwattr $C$DW$87, DW_AT_location[DW_OP_regx 0x48]
     888              $C$DW$88        .dwtag  DW_TAG_TI_assign_register, DW_AT_name("RBL")
     889                      .dwattr $C$DW$88, DW_AT_location[DW_OP_regx 0x49]
     890              $C$DW$89        .dwtag  DW_TAG_TI_assign_register, DW_AT_name("RB")
     891                      .dwattr $C$DW$89, DW_AT_location[DW_OP_regx 0x4a]
     892              $C$DW$90        .dwtag  DW_TAG_TI_assign_register, DW_AT_name("STFL")
     893                      .dwattr $C$DW$90, DW_AT_location[DW_OP_regx 0x27]
     894              $C$DW$91        .dwtag  DW_TAG_TI_assign_register, DW_AT_name("STF")
     895                      .dwattr $C$DW$91, DW_AT_location[DW_OP_regx 0x28]
     896              $C$DW$92        .dwtag  DW_TAG_TI_assign_register, DW_AT_name("FPUHAZ")
     897                      .dwattr $C$DW$92, DW_AT_location[DW_OP_reg27]
     898              $C$DW$93        .dwtag  DW_TAG_TI_assign_register, DW_AT_name("CIE_RETA")
     899                      .dwattr $C$DW$93, DW_AT_location[DW_OP_regx 0x4e]
     900                      .dwendtag $C$DW$CU
     901              

No Assembly Errors, No Assembly Warnings
