TMS320C2000 Assembler PC v6.2.7 Thu Jul 02 08:31:08 2015

Tools Copyright (c) 1996-2014 Texas Instruments Incorporated
C:\Users\Tester\AppData\Local\Temp\0061610                           PAGE    1

       1              ;***************************************************************
       2              ;* TMS320C2000 C/C++ Codegen                         PC v6.2.7 *
       3              ;* Date/Time created: Thu Jul 02 08:31:08 2015                 *
       4              ;***************************************************************
       5                      .compiler_opts --diag_wrap=off --float_support=fpu32 --hll_source=on --mem_model:code=flat --mem_mode
       6        0002  FP      .set    XAR2
       7              
       8              $C$DW$CU        .dwtag  DW_TAG_compile_unit
       9                      .dwattr $C$DW$CU, DW_AT_name("../algebra/Trgonom.c")
      10                      .dwattr $C$DW$CU, DW_AT_producer("TMS320C2000 C/C++ Codegen PC v6.2.7 Copyright (c) 1996-2014 Texas I
      11                      .dwattr $C$DW$CU, DW_AT_TI_version(0x01)
      12                      .dwattr $C$DW$CU, DW_AT_comp_dir("D:\ActiveProject\EKT5\PKMT_NONBIOS\InvertorCntrl\ISPprg")
      13                      .global _sinCnst
      14 00000000               .sect   ".econst:_sinCnst"
      15                      .clink
      16                      .align  2
      17 00000000       _sinCnst:
      18 00000000 0000          .xfloat $strtod("0x0p+0")               ; _sinCnst[0] @ 0
         00000001 0000 
      19 00000002 B439          .xfloat $strtod("0x1.916872p-4")                ; _sinCnst[1] @ 32
         00000003 3DC8 
      20 00000004 AE14          .xfloat $strtod("0x1.8f5c28p-3")                ; _sinCnst[2] @ 64
         00000005 3E47 
      21 00000006 7AE1          .xfloat $strtod("0x1.28f5c2p-2")                ; _sinCnst[3] @ 96
         00000007 3E94 
      22 00000008 F141          .xfloat $strtod("0x1.87e282p-2")                ; _sinCnst[4] @ 128
         00000009 3EC3 
      23 0000000a 5B57          .xfloat $strtod("0x1.e2b6aep-2")                ; _sinCnst[5] @ 160
         0000000b 3EF1 
      24 0000000c 3BCD          .xfloat $strtod("0x1.1c779ap-1")                ; _sinCnst[6] @ 192
         0000000d 3F0E 
      25 0000000e 680A          .xfloat $strtod("0x1.44d014p-1")                ; _sinCnst[7] @ 224
         0000000f 3F22 
      26 00000010 0481          .xfloat $strtod("0x1.6a0902p-1")                ; _sinCnst[8] @ 256
         00000011 3F35 
      27 00000012 A1CB          .xfloat $strtod("0x1.8b4396p-1")                ; _sinCnst[9] @ 288
         00000013 3F45 
      28 00000014 DB38          .xfloat $strtod("0x1.a9b67p-1")         ; _sinCnst[10] @ 320
         00000015 3F54 
      29 00000016 C433          .xfloat $strtod("0x1.c38866p-1")                ; _sinCnst[11] @ 352
         00000017 3F61 
      30 00000018 84B6          .xfloat $strtod("0x1.d9096cp-1")                ; _sinCnst[12] @ 384
         00000019 3F6C 
      31 0000001a FA05          .xfloat $strtod("0x1.e9f40ap-1")                ; _sinCnst[13] @ 416
         0000001b 3F74 
      32 0000001c 14BA          .xfloat $strtod("0x1.f62974p-1")                ; _sinCnst[14] @ 448
         0000001d 3F7B 
      33 0000001e C56D          .xfloat $strtod("0x1.fd8adap-1")                ; _sinCnst[15] @ 480
         0000001f 3F7E 
      34 00000020 0000          .xfloat $strtod("0x1p+0")               ; _sinCnst[16] @ 512
         00000021 3F80 
      35              
      36              $C$DW$1 .dwtag  DW_TAG_variable, DW_AT_name("sinCnst")
      37                      .dwattr $C$DW$1, DW_AT_TI_symbol_name("_sinCnst")
      38                      .dwattr $C$DW$1, DW_AT_location[DW_OP_addr _sinCnst]
TMS320C2000 Assembler PC v6.2.7 Thu Jul 02 08:31:08 2015

Tools Copyright (c) 1996-2014 Texas Instruments Incorporated
C:\Users\Tester\AppData\Local\Temp\0061610                           PAGE    2

      39                      .dwattr $C$DW$1, DW_AT_type(*$C$DW$T$23)
      40                      .dwattr $C$DW$1, DW_AT_external
      41              ;       C:\ti\ccsv6\tools\compiler\c2000_6.2.7\bin\ac2000.exe -@C:\\Users\\Tester\\AppData\\Local\\Temp\\0061
      42 00000000               .sect   ".text"
      43                      .clink
      44                      .global _getTableSin
      45              
      46              $C$DW$2 .dwtag  DW_TAG_subprogram, DW_AT_name("getTableSin")
      47                      .dwattr $C$DW$2, DW_AT_low_pc(_getTableSin)
      48                      .dwattr $C$DW$2, DW_AT_high_pc(0x00)
      49                      .dwattr $C$DW$2, DW_AT_TI_symbol_name("_getTableSin")
      50                      .dwattr $C$DW$2, DW_AT_external
      51                      .dwattr $C$DW$2, DW_AT_type(*$C$DW$T$16)
      52                      .dwattr $C$DW$2, DW_AT_TI_begin_file("../algebra/Trgonom.c")
      53                      .dwattr $C$DW$2, DW_AT_TI_begin_line(0x15)
      54                      .dwattr $C$DW$2, DW_AT_TI_begin_column(0x07)
      55                      .dwattr $C$DW$2, DW_AT_TI_max_frame_size(-10)
      56                      .dwpsn  file "../algebra/Trgonom.c",line 21,column 32,is_stmt,address _getTableSin
      57              
      58                      .dwfde $C$DW$CIE, _getTableSin
      59              $C$DW$3 .dwtag  DW_TAG_formal_parameter, DW_AT_name("coner")
      60                      .dwattr $C$DW$3, DW_AT_TI_symbol_name("_coner")
      61                      .dwattr $C$DW$3, DW_AT_type(*$C$DW$T$19)
      62                      .dwattr $C$DW$3, DW_AT_location[DW_OP_reg0]
      63              
      64              ;***************************************************************
      65              ;* FNAME: _getTableSin                  FR SIZE:   8           *
      66              ;*                                                             *
      67              ;* FUNCTION ENVIRONMENT                                        *
      68              ;*                                                             *
      69              ;* FUNCTION PROPERTIES                                         *
      70              ;*                            0 Parameter,  7 Auto,  0 SOE     *
      71              ;***************************************************************
      72              
      73 00000000       _getTableSin:
      74                      .dwcfi  cfa_offset, -2
      75                      .dwcfi  save_reg_to_mem, 26, 0
      76                      .dwcfi  save_reg_to_reg, 78, 26
      77 00000000 FE08          ADDB      SP,#8                 ; [CPU_U] 
      78                      .dwcfi  cfa_offset, -10
      79              $C$DW$4 .dwtag  DW_TAG_variable, DW_AT_name("coner")
      80                      .dwattr $C$DW$4, DW_AT_TI_symbol_name("_coner")
      81                      .dwattr $C$DW$4, DW_AT_type(*$C$DW$T$19)
      82                      .dwattr $C$DW$4, DW_AT_location[DW_OP_breg20 -1]
      83              $C$DW$5 .dwtag  DW_TAG_variable, DW_AT_name("tmp1")
      84                      .dwattr $C$DW$5, DW_AT_TI_symbol_name("_tmp1")
      85                      .dwattr $C$DW$5, DW_AT_type(*$C$DW$T$16)
      86                      .dwattr $C$DW$5, DW_AT_location[DW_OP_breg20 -4]
      87              $C$DW$6 .dwtag  DW_TAG_variable, DW_AT_name("tmp2")
      88                      .dwattr $C$DW$6, DW_AT_TI_symbol_name("_tmp2")
      89                      .dwattr $C$DW$6, DW_AT_type(*$C$DW$T$16)
      90                      .dwattr $C$DW$6, DW_AT_location[DW_OP_breg20 -6]
      91              $C$DW$7 .dwtag  DW_TAG_variable, DW_AT_name("ind")
      92                      .dwattr $C$DW$7, DW_AT_TI_symbol_name("_ind")
      93                      .dwattr $C$DW$7, DW_AT_type(*$C$DW$T$19)
TMS320C2000 Assembler PC v6.2.7 Thu Jul 02 08:31:08 2015

Tools Copyright (c) 1996-2014 Texas Instruments Incorporated
C:\Users\Tester\AppData\Local\Temp\0061610                           PAGE    3

      94                      .dwattr $C$DW$7, DW_AT_location[DW_OP_breg20 -7]
      95 00000001 9641          MOV       *-SP[1],AL            ; [CPU_] |21| 
      96                      .dwpsn  file "../algebra/Trgonom.c",line 24,column 2,is_stmt
      97 00000002 FFC9          LSR       AL,10                 ; [CPU_] |24| 
      98 00000003 9647          MOV       *-SP[7],AL            ; [CPU_] |24| 
      99                      .dwpsn  file "../algebra/Trgonom.c",line 25,column 2,is_stmt
     100 00000004 1841          AND       *-SP[1],#0x03ff       ; [CPU_] |25| 
         00000005 03FF 
     101                      .dwpsn  file "../algebra/Trgonom.c",line 26,column 2,is_stmt
     102 00000006 8F00+         MOVL      XAR4,#_sinCnst        ; [CPU_U] |26| 
         00000007 0000 
     103 00000008 0E47          MOVU      ACC,*-SP[7]           ; [CPU_] |26| 
     104 00000009 FF30          LSL       ACC,1                 ; [CPU_] |26| 
     105 0000000a 5601          ADDL      XAR4,ACC              ; [CPU_] |26| 
         0000000b 00A4 
     106 0000000c 06C4          MOVL      ACC,*+XAR4[0]         ; [CPU_] |26| 
     107 0000000d 1E44          MOVL      *-SP[4],ACC           ; [CPU_] |26| 
     108                      .dwpsn  file "../algebra/Trgonom.c",line 27,column 2,is_stmt
     109 0000000e 9247          MOV       AL,*-SP[7]            ; [CPU_] |27| 
     110 0000000f 8F00+         MOVL      XAR4,#_sinCnst        ; [CPU_U] |27| 
         00000010 0000 
     111 00000011 9C01          ADDB      AL,#1                 ; [CPU_] |27| 
     112 00000012 0EA9          MOVU      ACC,AL                ; [CPU_] |27| 
     113 00000013 FF30          LSL       ACC,1                 ; [CPU_] |27| 
     114 00000014 5601          ADDL      XAR4,ACC              ; [CPU_] |27| 
         00000015 00A4 
     115 00000016 06C4          MOVL      ACC,*+XAR4[0]         ; [CPU_] |27| 
     116 00000017 1E46          MOVL      *-SP[6],ACC           ; [CPU_] |27| 
     117                      .dwpsn  file "../algebra/Trgonom.c",line 28,column 2,is_stmt
     118 00000018 E2AF          MOV32     R0H,*-SP[4]           ; [CPU_] |28| 
         00000019 0044 
     119 0000001a E2AF          MOV32     R1H,*-SP[6]           ; [CPU_] |28| 
         0000001b 0146 
     120 0000001c E720          SUBF32    R0H,R1H,R0H           ; [CPU_] |28| 
         0000001d 0008 
     121 0000001e 7700          NOP       ; [CPU_] 
     122 0000001f E203          MOV32     *-SP[6],R0H           ; [CPU_] |28| 
         00000020 0046 
     123                      .dwpsn  file "../algebra/Trgonom.c",line 29,column 2,is_stmt
     124 00000021 E2C4          UI16TOF32 R1H,*-SP[1]           ; [CPU_] |29| 
         00000022 0141 
     125 00000023 7700          NOP       ; [CPU_] 
     126 00000024 E700          MPYF32    R0H,R1H,R0H           ; [CPU_] |29| 
         00000025 0008 
     127 00000026 E802          MOVIZ     R1H,#17536            ; [CPU_] |29| 
         00000027 2401 
     128              $C$DW$8 .dwtag  DW_TAG_TI_branch
     129                      .dwattr $C$DW$8, DW_AT_low_pc(0x00)
     130                      .dwattr $C$DW$8, DW_AT_name("FS$$DIV")
     131                      .dwattr $C$DW$8, DW_AT_TI_call
     132 00000028 7640!         LCR       #FS$$DIV              ; [CPU_] |29| 
         00000029 0000 
     133                      ; call occurs [#FS$$DIV] ; [] |29| 
     134 0000002a E203          MOV32     *-SP[6],R0H           ; [CPU_] |29| 
         0000002b 0046 
TMS320C2000 Assembler PC v6.2.7 Thu Jul 02 08:31:08 2015

Tools Copyright (c) 1996-2014 Texas Instruments Incorporated
C:\Users\Tester\AppData\Local\Temp\0061610                           PAGE    4

     135                      .dwpsn  file "../algebra/Trgonom.c",line 30,column 2,is_stmt
     136 0000002c E2AF          MOV32     R1H,*-SP[4]           ; [CPU_] |30| 
         0000002d 0144 
     137 0000002e E710          ADDF32    R0H,R0H,R1H           ; [CPU_] |30| 
         0000002f 0040 
     138 00000030 7700          NOP       ; [CPU_] 
     139 00000031 E203          MOV32     *-SP[6],R0H           ; [CPU_] |30| 
         00000032 0046 
     140                      .dwpsn  file "../algebra/Trgonom.c",line 32,column 2,is_stmt
     141                      .dwpsn  file "../algebra/Trgonom.c",line 33,column 1,is_stmt
     142 00000033 FE88          SUBB      SP,#8                 ; [CPU_U] 
     143                      .dwcfi  cfa_offset, -2
     144              $C$DW$9 .dwtag  DW_TAG_TI_branch
     145                      .dwattr $C$DW$9, DW_AT_low_pc(0x00)
     146                      .dwattr $C$DW$9, DW_AT_TI_return
     147 00000034 0006          LRETR     ; [CPU_] 
     148                      ; return occurs ; [] 
     149                      .dwattr $C$DW$2, DW_AT_TI_end_file("../algebra/Trgonom.c")
     150                      .dwattr $C$DW$2, DW_AT_TI_end_line(0x21)
     151                      .dwattr $C$DW$2, DW_AT_TI_end_column(0x01)
     152                      .dwendentry
     153                      .dwendtag $C$DW$2
     154              
     155 00000035               .sect   ".text"
     156                      .clink
     157                      .global _getSin
     158              
     159              $C$DW$10        .dwtag  DW_TAG_subprogram, DW_AT_name("getSin")
     160                      .dwattr $C$DW$10, DW_AT_low_pc(_getSin)
     161                      .dwattr $C$DW$10, DW_AT_high_pc(0x00)
     162                      .dwattr $C$DW$10, DW_AT_TI_symbol_name("_getSin")
     163                      .dwattr $C$DW$10, DW_AT_external
     164                      .dwattr $C$DW$10, DW_AT_type(*$C$DW$T$16)
     165                      .dwattr $C$DW$10, DW_AT_TI_begin_file("../algebra/Trgonom.c")
     166                      .dwattr $C$DW$10, DW_AT_TI_begin_line(0x23)
     167                      .dwattr $C$DW$10, DW_AT_TI_begin_column(0x07)
     168                      .dwattr $C$DW$10, DW_AT_TI_max_frame_size(-6)
     169                      .dwpsn  file "../algebra/Trgonom.c",line 35,column 27,is_stmt,address _getSin
     170              
     171                      .dwfde $C$DW$CIE, _getSin
     172              $C$DW$11        .dwtag  DW_TAG_formal_parameter, DW_AT_name("coner")
     173                      .dwattr $C$DW$11, DW_AT_TI_symbol_name("_coner")
     174                      .dwattr $C$DW$11, DW_AT_type(*$C$DW$T$19)
     175                      .dwattr $C$DW$11, DW_AT_location[DW_OP_reg0]
     176              
     177              ;***************************************************************
     178              ;* FNAME: _getSin                       FR SIZE:   4           *
     179              ;*                                                             *
     180              ;* FUNCTION ENVIRONMENT                                        *
     181              ;*                                                             *
     182              ;* FUNCTION PROPERTIES                                         *
     183              ;*                            0 Parameter,  4 Auto,  0 SOE     *
     184              ;***************************************************************
     185              
     186 00000035       _getSin:
TMS320C2000 Assembler PC v6.2.7 Thu Jul 02 08:31:08 2015

Tools Copyright (c) 1996-2014 Texas Instruments Incorporated
C:\Users\Tester\AppData\Local\Temp\0061610                           PAGE    5

     187                      .dwcfi  cfa_offset, -2
     188                      .dwcfi  save_reg_to_mem, 26, 0
     189                      .dwcfi  save_reg_to_reg, 78, 26
     190 00000035 FE04          ADDB      SP,#4                 ; [CPU_U] 
     191                      .dwcfi  cfa_offset, -6
     192              $C$DW$12        .dwtag  DW_TAG_variable, DW_AT_name("coner")
     193                      .dwattr $C$DW$12, DW_AT_TI_symbol_name("_coner")
     194                      .dwattr $C$DW$12, DW_AT_type(*$C$DW$T$19)
     195                      .dwattr $C$DW$12, DW_AT_location[DW_OP_breg20 -1]
     196              $C$DW$13        .dwtag  DW_TAG_variable, DW_AT_name("tmp")
     197                      .dwattr $C$DW$13, DW_AT_TI_symbol_name("_tmp")
     198                      .dwattr $C$DW$13, DW_AT_type(*$C$DW$T$16)
     199                      .dwattr $C$DW$13, DW_AT_location[DW_OP_breg20 -4]
     200 00000036 9641          MOV       *-SP[1],AL            ; [CPU_] |35| 
     201                      .dwpsn  file "../algebra/Trgonom.c",line 38,column 2,is_stmt
     202 00000037 6F25          B         $C$L5,UNC             ; [CPU_] |38| 
     203                      ; branch occurs ; [] |38| 
     204 00000038       $C$L1:    
     205                      .dwpsn  file "../algebra/Trgonom.c",line 41,column 4,is_stmt
     206 00000038 9241          MOV       AL,*-SP[1]            ; [CPU_] |41| 
     207              $C$DW$14        .dwtag  DW_TAG_TI_branch
     208                      .dwattr $C$DW$14, DW_AT_low_pc(0x00)
     209                      .dwattr $C$DW$14, DW_AT_name("_getTableSin")
     210                      .dwattr $C$DW$14, DW_AT_TI_call
     211 00000039 7640'         LCR       #_getTableSin         ; [CPU_] |41| 
         0000003a 0000 
     212                      ; call occurs [#_getTableSin] ; [] |41| 
     213 0000003b E203          MOV32     *-SP[4],R0H           ; [CPU_] |41| 
         0000003c 0044 
     214                      .dwpsn  file "../algebra/Trgonom.c",line 42,column 4,is_stmt
     215 0000003d 6F33          B         $C$L6,UNC             ; [CPU_] |42| 
     216                      ; branch occurs ; [] |42| 
     217 0000003e       $C$L2:    
     218                      .dwpsn  file "../algebra/Trgonom.c",line 45,column 4,is_stmt
     219 0000003e 28A9          MOV       AL,#32767             ; [CPU_] |45| 
         0000003f 7FFF 
     220 00000040 EA41          SUBR      *-SP[1],AL            ; [CPU_] |45| 
     221                      .dwpsn  file "../algebra/Trgonom.c",line 46,column 4,is_stmt
     222 00000041 9241          MOV       AL,*-SP[1]            ; [CPU_] |46| 
     223              $C$DW$15        .dwtag  DW_TAG_TI_branch
     224                      .dwattr $C$DW$15, DW_AT_low_pc(0x00)
     225                      .dwattr $C$DW$15, DW_AT_name("_getTableSin")
     226                      .dwattr $C$DW$15, DW_AT_TI_call
     227 00000042 7640'         LCR       #_getTableSin         ; [CPU_] |46| 
         00000043 0000 
     228                      ; call occurs [#_getTableSin] ; [] |46| 
     229 00000044 E203          MOV32     *-SP[4],R0H           ; [CPU_] |46| 
         00000045 0044 
     230                      .dwpsn  file "../algebra/Trgonom.c",line 47,column 4,is_stmt
     231 00000046 6F2A          B         $C$L6,UNC             ; [CPU_] |47| 
     232                      ; branch occurs ; [] |47| 
     233 00000047       $C$L3:    
     234                      .dwpsn  file "../algebra/Trgonom.c",line 50,column 4,is_stmt
     235 00000047 1841          AND       *-SP[1],#0x3fff       ; [CPU_] |50| 
         00000048 3FFF 
TMS320C2000 Assembler PC v6.2.7 Thu Jul 02 08:31:08 2015

Tools Copyright (c) 1996-2014 Texas Instruments Incorporated
C:\Users\Tester\AppData\Local\Temp\0061610                           PAGE    6

     236                      .dwpsn  file "../algebra/Trgonom.c",line 51,column 4,is_stmt
     237 00000049 9241          MOV       AL,*-SP[1]            ; [CPU_] |51| 
     238              $C$DW$16        .dwtag  DW_TAG_TI_branch
     239                      .dwattr $C$DW$16, DW_AT_low_pc(0x00)
     240                      .dwattr $C$DW$16, DW_AT_name("_getTableSin")
     241                      .dwattr $C$DW$16, DW_AT_TI_call
     242 0000004a 7640'         LCR       #_getTableSin         ; [CPU_] |51| 
         0000004b 0000 
     243                      ; call occurs [#_getTableSin] ; [] |51| 
     244 0000004c E6AF          NEGF32    R0H,R0H               ; [CPU_] |51| 
         0000004d 0000 
     245 0000004e E203          MOV32     *-SP[4],R0H           ; [CPU_] |51| 
         0000004f 0044 
     246                      .dwpsn  file "../algebra/Trgonom.c",line 52,column 4,is_stmt
     247 00000050 6F20          B         $C$L6,UNC             ; [CPU_] |52| 
     248                      ; branch occurs ; [] |52| 
     249 00000051       $C$L4:    
     250                      .dwpsn  file "../algebra/Trgonom.c",line 55,column 4,is_stmt
     251 00000051 28A9          MOV       AL,#65535             ; [CPU_] |55| 
         00000052 FFFF 
     252 00000053 EA41          SUBR      *-SP[1],AL            ; [CPU_] |55| 
     253                      .dwpsn  file "../algebra/Trgonom.c",line 56,column 4,is_stmt
     254 00000054 9241          MOV       AL,*-SP[1]            ; [CPU_] |56| 
     255              $C$DW$17        .dwtag  DW_TAG_TI_branch
     256                      .dwattr $C$DW$17, DW_AT_low_pc(0x00)
     257                      .dwattr $C$DW$17, DW_AT_name("_getTableSin")
     258                      .dwattr $C$DW$17, DW_AT_TI_call
     259 00000055 7640'         LCR       #_getTableSin         ; [CPU_] |56| 
         00000056 0000 
     260                      ; call occurs [#_getTableSin] ; [] |56| 
     261 00000057 E6AF          NEGF32    R0H,R0H               ; [CPU_] |56| 
         00000058 0000 
     262 00000059 E203          MOV32     *-SP[4],R0H           ; [CPU_] |56| 
         0000005a 0044 
     263                      .dwpsn  file "../algebra/Trgonom.c",line 57,column 4,is_stmt
     264 0000005b 6F15          B         $C$L6,UNC             ; [CPU_] |57| 
     265                      ; branch occurs ; [] |57| 
     266 0000005c       $C$L5:    
     267                      .dwpsn  file "../algebra/Trgonom.c",line 38,column 2,is_stmt
     268 0000005c CC41          AND       AL,*-SP[1],#0xc000    ; [CPU_] |38| 
         0000005d C000 
     269 0000005e 2901          CLRC      SXM                   ; [CPU_] 
     270 0000005f 88A9          MOVZ      AR6,AL                ; [CPU_] |38| 
     271 00000060 80A6          MOVZ      AR7,AR6               ; [CPU_] |38| 
     272 00000061 FF20          MOV       ACC,#32768            ; [CPU_] |38| 
         00000062 8000 
     273 00000063 0FA7          CMPL      ACC,XAR7              ; [CPU_] |38| 
     274 00000064 ECE3          BF        $C$L3,EQ              ; [CPU_] |38| 
     275                      ; branchcc occurs ; [] |38| 
     276 00000065 80A6          MOVZ      AR7,AR6               ; [CPU_] |38| 
     277 00000066 FF20          MOV       ACC,#49152            ; [CPU_] |38| 
         00000067 C000 
     278 00000068 0FA7          CMPL      ACC,XAR7              ; [CPU_] |38| 
     279 00000069 ECE8          BF        $C$L4,EQ              ; [CPU_] |38| 
     280                      ; branchcc occurs ; [] |38| 
TMS320C2000 Assembler PC v6.2.7 Thu Jul 02 08:31:08 2015

Tools Copyright (c) 1996-2014 Texas Instruments Incorporated
C:\Users\Tester\AppData\Local\Temp\0061610                           PAGE    7

     281 0000006a 88A6          MOVZ      AR6,AR6               ; [CPU_] |38| 
     282 0000006b FF20          MOV       ACC,#16384            ; [CPU_] |38| 
         0000006c 4000 
     283 0000006d 0FA6          CMPL      ACC,XAR6              ; [CPU_] |38| 
     284 0000006e ECD0          BF        $C$L2,EQ              ; [CPU_] |38| 
     285                      ; branchcc occurs ; [] |38| 
     286 0000006f 6FC9          B         $C$L1,UNC             ; [CPU_] |38| 
     287                      ; branch occurs ; [] |38| 
     288 00000070       $C$L6:    
     289                      .dwpsn  file "../algebra/Trgonom.c",line 60,column 2,is_stmt
     290                      .dwpsn  file "../algebra/Trgonom.c",line 61,column 1,is_stmt
     291 00000070 FE84          SUBB      SP,#4                 ; [CPU_U] 
     292                      .dwcfi  cfa_offset, -2
     293              $C$DW$18        .dwtag  DW_TAG_TI_branch
     294                      .dwattr $C$DW$18, DW_AT_low_pc(0x00)
     295                      .dwattr $C$DW$18, DW_AT_TI_return
     296 00000071 0006          LRETR     ; [CPU_] 
     297                      ; return occurs ; [] 
     298                      .dwattr $C$DW$10, DW_AT_TI_end_file("../algebra/Trgonom.c")
     299                      .dwattr $C$DW$10, DW_AT_TI_end_line(0x3d)
     300                      .dwattr $C$DW$10, DW_AT_TI_end_column(0x01)
     301                      .dwendentry
     302                      .dwendtag $C$DW$10
     303              
     304 00000072               .sect   ".text"
     305                      .clink
     306                      .global _getCos
     307              
     308              $C$DW$19        .dwtag  DW_TAG_subprogram, DW_AT_name("getCos")
     309                      .dwattr $C$DW$19, DW_AT_low_pc(_getCos)
     310                      .dwattr $C$DW$19, DW_AT_high_pc(0x00)
     311                      .dwattr $C$DW$19, DW_AT_TI_symbol_name("_getCos")
     312                      .dwattr $C$DW$19, DW_AT_external
     313                      .dwattr $C$DW$19, DW_AT_type(*$C$DW$T$16)
     314                      .dwattr $C$DW$19, DW_AT_TI_begin_file("../algebra/Trgonom.c")
     315                      .dwattr $C$DW$19, DW_AT_TI_begin_line(0x3f)
     316                      .dwattr $C$DW$19, DW_AT_TI_begin_column(0x07)
     317                      .dwattr $C$DW$19, DW_AT_TI_max_frame_size(-4)
     318                      .dwpsn  file "../algebra/Trgonom.c",line 63,column 27,is_stmt,address _getCos
     319              
     320                      .dwfde $C$DW$CIE, _getCos
     321              $C$DW$20        .dwtag  DW_TAG_formal_parameter, DW_AT_name("coner")
     322                      .dwattr $C$DW$20, DW_AT_TI_symbol_name("_coner")
     323                      .dwattr $C$DW$20, DW_AT_type(*$C$DW$T$19)
     324                      .dwattr $C$DW$20, DW_AT_location[DW_OP_reg0]
     325              
     326              ;***************************************************************
     327              ;* FNAME: _getCos                       FR SIZE:   2           *
     328              ;*                                                             *
     329              ;* FUNCTION ENVIRONMENT                                        *
     330              ;*                                                             *
     331              ;* FUNCTION PROPERTIES                                         *
     332              ;*                            0 Parameter,  1 Auto,  0 SOE     *
     333              ;***************************************************************
     334              
TMS320C2000 Assembler PC v6.2.7 Thu Jul 02 08:31:08 2015

Tools Copyright (c) 1996-2014 Texas Instruments Incorporated
C:\Users\Tester\AppData\Local\Temp\0061610                           PAGE    8

     335 00000072       _getCos:
     336                      .dwcfi  cfa_offset, -2
     337                      .dwcfi  save_reg_to_mem, 26, 0
     338                      .dwcfi  save_reg_to_reg, 78, 26
     339 00000072 FE02          ADDB      SP,#2                 ; [CPU_U] 
     340                      .dwcfi  cfa_offset, -4
     341              $C$DW$21        .dwtag  DW_TAG_variable, DW_AT_name("coner")
     342                      .dwattr $C$DW$21, DW_AT_TI_symbol_name("_coner")
     343                      .dwattr $C$DW$21, DW_AT_type(*$C$DW$T$19)
     344                      .dwattr $C$DW$21, DW_AT_location[DW_OP_breg20 -1]
     345 00000073 9641          MOV       *-SP[1],AL            ; [CPU_] |63| 
     346                      .dwpsn  file "../algebra/Trgonom.c",line 64,column 2,is_stmt
     347 00000074 28A9          MOV       AL,#16383             ; [CPU_] |64| 
         00000075 3FFF 
     348 00000076 EA41          SUBR      *-SP[1],AL            ; [CPU_] |64| 
     349                      .dwpsn  file "../algebra/Trgonom.c",line 65,column 2,is_stmt
     350 00000077 9241          MOV       AL,*-SP[1]            ; [CPU_] |65| 
     351              $C$DW$22        .dwtag  DW_TAG_TI_branch
     352                      .dwattr $C$DW$22, DW_AT_low_pc(0x00)
     353                      .dwattr $C$DW$22, DW_AT_name("_getSin")
     354                      .dwattr $C$DW$22, DW_AT_TI_call
     355 00000078 7640'         LCR       #_getSin              ; [CPU_] |65| 
         00000079 0035 
     356                      ; call occurs [#_getSin] ; [] |65| 
     357                      .dwpsn  file "../algebra/Trgonom.c",line 66,column 1,is_stmt
     358 0000007a FE82          SUBB      SP,#2                 ; [CPU_U] 
     359                      .dwcfi  cfa_offset, -2
     360              $C$DW$23        .dwtag  DW_TAG_TI_branch
     361                      .dwattr $C$DW$23, DW_AT_low_pc(0x00)
     362                      .dwattr $C$DW$23, DW_AT_TI_return
     363 0000007b 0006          LRETR     ; [CPU_] 
     364                      ; return occurs ; [] 
     365                      .dwattr $C$DW$19, DW_AT_TI_end_file("../algebra/Trgonom.c")
     366                      .dwattr $C$DW$19, DW_AT_TI_end_line(0x42)
     367                      .dwattr $C$DW$19, DW_AT_TI_end_column(0x01)
     368                      .dwendentry
     369                      .dwendtag $C$DW$19
     370              
     371              ;**************************************************************
     372              ;* UNDEFINED EXTERNAL REFERENCES                              *
     373              ;**************************************************************
     374                      .global FS$$DIV
     375              
     376              ;***************************************************************
     377              ;* TYPE INFORMATION                                            *
     378              ;***************************************************************
     379              $C$DW$T$4       .dwtag  DW_TAG_base_type
     380                      .dwattr $C$DW$T$4, DW_AT_encoding(DW_ATE_boolean)
     381                      .dwattr $C$DW$T$4, DW_AT_name("bool")
     382                      .dwattr $C$DW$T$4, DW_AT_byte_size(0x01)
     383              $C$DW$T$5       .dwtag  DW_TAG_base_type
     384                      .dwattr $C$DW$T$5, DW_AT_encoding(DW_ATE_signed_char)
     385                      .dwattr $C$DW$T$5, DW_AT_name("signed char")
     386                      .dwattr $C$DW$T$5, DW_AT_byte_size(0x01)
     387              $C$DW$T$6       .dwtag  DW_TAG_base_type
TMS320C2000 Assembler PC v6.2.7 Thu Jul 02 08:31:08 2015

Tools Copyright (c) 1996-2014 Texas Instruments Incorporated
C:\Users\Tester\AppData\Local\Temp\0061610                           PAGE    9

     388                      .dwattr $C$DW$T$6, DW_AT_encoding(DW_ATE_unsigned_char)
     389                      .dwattr $C$DW$T$6, DW_AT_name("unsigned char")
     390                      .dwattr $C$DW$T$6, DW_AT_byte_size(0x01)
     391              $C$DW$T$7       .dwtag  DW_TAG_base_type
     392                      .dwattr $C$DW$T$7, DW_AT_encoding(DW_ATE_signed_char)
     393                      .dwattr $C$DW$T$7, DW_AT_name("wchar_t")
     394                      .dwattr $C$DW$T$7, DW_AT_byte_size(0x01)
     395              $C$DW$T$8       .dwtag  DW_TAG_base_type
     396                      .dwattr $C$DW$T$8, DW_AT_encoding(DW_ATE_signed)
     397                      .dwattr $C$DW$T$8, DW_AT_name("short")
     398                      .dwattr $C$DW$T$8, DW_AT_byte_size(0x01)
     399              $C$DW$T$9       .dwtag  DW_TAG_base_type
     400                      .dwattr $C$DW$T$9, DW_AT_encoding(DW_ATE_unsigned)
     401                      .dwattr $C$DW$T$9, DW_AT_name("unsigned short")
     402                      .dwattr $C$DW$T$9, DW_AT_byte_size(0x01)
     403              $C$DW$T$10      .dwtag  DW_TAG_base_type
     404                      .dwattr $C$DW$T$10, DW_AT_encoding(DW_ATE_signed)
     405                      .dwattr $C$DW$T$10, DW_AT_name("int")
     406                      .dwattr $C$DW$T$10, DW_AT_byte_size(0x01)
     407              $C$DW$T$11      .dwtag  DW_TAG_base_type
     408                      .dwattr $C$DW$T$11, DW_AT_encoding(DW_ATE_unsigned)
     409                      .dwattr $C$DW$T$11, DW_AT_name("unsigned int")
     410                      .dwattr $C$DW$T$11, DW_AT_byte_size(0x01)
     411              $C$DW$T$19      .dwtag  DW_TAG_typedef, DW_AT_name("UINT16")
     412                      .dwattr $C$DW$T$19, DW_AT_type(*$C$DW$T$11)
     413                      .dwattr $C$DW$T$19, DW_AT_language(DW_LANG_C)
     414              $C$DW$T$12      .dwtag  DW_TAG_base_type
     415                      .dwattr $C$DW$T$12, DW_AT_encoding(DW_ATE_signed)
     416                      .dwattr $C$DW$T$12, DW_AT_name("long")
     417                      .dwattr $C$DW$T$12, DW_AT_byte_size(0x02)
     418              $C$DW$T$13      .dwtag  DW_TAG_base_type
     419                      .dwattr $C$DW$T$13, DW_AT_encoding(DW_ATE_unsigned)
     420                      .dwattr $C$DW$T$13, DW_AT_name("unsigned long")
     421                      .dwattr $C$DW$T$13, DW_AT_byte_size(0x02)
     422              $C$DW$T$14      .dwtag  DW_TAG_base_type
     423                      .dwattr $C$DW$T$14, DW_AT_encoding(DW_ATE_signed)
     424                      .dwattr $C$DW$T$14, DW_AT_name("long long")
     425                      .dwattr $C$DW$T$14, DW_AT_byte_size(0x04)
     426              $C$DW$T$15      .dwtag  DW_TAG_base_type
     427                      .dwattr $C$DW$T$15, DW_AT_encoding(DW_ATE_unsigned)
     428                      .dwattr $C$DW$T$15, DW_AT_name("unsigned long long")
     429                      .dwattr $C$DW$T$15, DW_AT_byte_size(0x04)
     430              $C$DW$T$16      .dwtag  DW_TAG_base_type
     431                      .dwattr $C$DW$T$16, DW_AT_encoding(DW_ATE_float)
     432                      .dwattr $C$DW$T$16, DW_AT_name("float")
     433                      .dwattr $C$DW$T$16, DW_AT_byte_size(0x02)
     434              $C$DW$24        .dwtag  DW_TAG_TI_far_type
     435                      .dwattr $C$DW$24, DW_AT_type(*$C$DW$T$16)
     436              $C$DW$T$22      .dwtag  DW_TAG_const_type
     437                      .dwattr $C$DW$T$22, DW_AT_type(*$C$DW$24)
     438              
     439              $C$DW$T$23      .dwtag  DW_TAG_array_type
     440                      .dwattr $C$DW$T$23, DW_AT_type(*$C$DW$T$22)
     441                      .dwattr $C$DW$T$23, DW_AT_language(DW_LANG_C)
     442                      .dwattr $C$DW$T$23, DW_AT_byte_size(0x22)
TMS320C2000 Assembler PC v6.2.7 Thu Jul 02 08:31:08 2015

Tools Copyright (c) 1996-2014 Texas Instruments Incorporated
C:\Users\Tester\AppData\Local\Temp\0061610                           PAGE   10

     443              $C$DW$25        .dwtag  DW_TAG_subrange_type
     444                      .dwattr $C$DW$25, DW_AT_upper_bound(0x10)
     445                      .dwendtag $C$DW$T$23
     446              
     447              $C$DW$T$17      .dwtag  DW_TAG_base_type
     448                      .dwattr $C$DW$T$17, DW_AT_encoding(DW_ATE_float)
     449                      .dwattr $C$DW$T$17, DW_AT_name("double")
     450                      .dwattr $C$DW$T$17, DW_AT_byte_size(0x02)
     451              $C$DW$T$18      .dwtag  DW_TAG_base_type
     452                      .dwattr $C$DW$T$18, DW_AT_encoding(DW_ATE_float)
     453                      .dwattr $C$DW$T$18, DW_AT_name("long double")
     454                      .dwattr $C$DW$T$18, DW_AT_byte_size(0x04)
     455                      .dwattr $C$DW$CU, DW_AT_language(DW_LANG_C)
     456              
     457              ;***************************************************************
     458              ;* DWARF CIE ENTRIES                                           *
     459              ;***************************************************************
     460              
     461              $C$DW$CIE       .dwcie 78
     462                      .dwcfi  cfa_register, 20
     463                      .dwcfi  cfa_offset, 0
     464                      .dwcfi  undefined, 0
     465                      .dwcfi  undefined, 1
     466                      .dwcfi  undefined, 2
     467                      .dwcfi  undefined, 3
     468                      .dwcfi  undefined, 20
     469                      .dwcfi  undefined, 21
     470                      .dwcfi  undefined, 22
     471                      .dwcfi  undefined, 23
     472                      .dwcfi  undefined, 24
     473                      .dwcfi  undefined, 25
     474                      .dwcfi  undefined, 26
     475                      .dwcfi  same_value, 28
     476                      .dwcfi  undefined, 29
     477                      .dwcfi  undefined, 30
     478                      .dwcfi  undefined, 31
     479                      .dwcfi  undefined, 32
     480                      .dwcfi  undefined, 33
     481                      .dwcfi  undefined, 34
     482                      .dwcfi  undefined, 35
     483                      .dwcfi  undefined, 36
     484                      .dwcfi  undefined, 37
     485                      .dwcfi  undefined, 38
     486                      .dwcfi  undefined, 75
     487                      .dwcfi  undefined, 76
     488                      .dwcfi  undefined, 77
     489                      .dwcfi  undefined, 4
     490                      .dwcfi  same_value, 6
     491                      .dwcfi  same_value, 8
     492                      .dwcfi  same_value, 10
     493                      .dwcfi  undefined, 12
     494                      .dwcfi  undefined, 14
     495                      .dwcfi  undefined, 16
     496                      .dwcfi  undefined, 17
     497                      .dwcfi  undefined, 18
TMS320C2000 Assembler PC v6.2.7 Thu Jul 02 08:31:08 2015

Tools Copyright (c) 1996-2014 Texas Instruments Incorporated
C:\Users\Tester\AppData\Local\Temp\0061610                           PAGE   11

     498                      .dwcfi  undefined, 19
     499                      .dwcfi  undefined, 5
     500                      .dwcfi  same_value, 7
     501                      .dwcfi  same_value, 9
     502                      .dwcfi  same_value, 11
     503                      .dwcfi  undefined, 13
     504                      .dwcfi  undefined, 15
     505                      .dwcfi  undefined, 43
     506                      .dwcfi  undefined, 44
     507                      .dwcfi  undefined, 47
     508                      .dwcfi  undefined, 48
     509                      .dwcfi  undefined, 51
     510                      .dwcfi  undefined, 52
     511                      .dwcfi  undefined, 55
     512                      .dwcfi  undefined, 56
     513                      .dwcfi  same_value, 59
     514                      .dwcfi  same_value, 60
     515                      .dwcfi  same_value, 63
     516                      .dwcfi  same_value, 64
     517                      .dwcfi  same_value, 67
     518                      .dwcfi  same_value, 68
     519                      .dwcfi  same_value, 71
     520                      .dwcfi  same_value, 72
     521                      .dwcfi  undefined, 73
     522                      .dwcfi  undefined, 74
     523                      .dwcfi  undefined, 39
     524                      .dwcfi  undefined, 40
     525                      .dwcfi  undefined, 27
     526                      .dwcfi  undefined, 78
     527                      .dwendentry
     528              
     529              ;***************************************************************
     530              ;* DWARF REGISTER MAP                                          *
     531              ;***************************************************************
     532              
     533              $C$DW$26        .dwtag  DW_TAG_TI_assign_register, DW_AT_name("AL")
     534                      .dwattr $C$DW$26, DW_AT_location[DW_OP_reg0]
     535              $C$DW$27        .dwtag  DW_TAG_TI_assign_register, DW_AT_name("AH")
     536                      .dwattr $C$DW$27, DW_AT_location[DW_OP_reg1]
     537              $C$DW$28        .dwtag  DW_TAG_TI_assign_register, DW_AT_name("PL")
     538                      .dwattr $C$DW$28, DW_AT_location[DW_OP_reg2]
     539              $C$DW$29        .dwtag  DW_TAG_TI_assign_register, DW_AT_name("PH")
     540                      .dwattr $C$DW$29, DW_AT_location[DW_OP_reg3]
     541              $C$DW$30        .dwtag  DW_TAG_TI_assign_register, DW_AT_name("SP")
     542                      .dwattr $C$DW$30, DW_AT_location[DW_OP_reg20]
     543              $C$DW$31        .dwtag  DW_TAG_TI_assign_register, DW_AT_name("XT")
     544                      .dwattr $C$DW$31, DW_AT_location[DW_OP_reg21]
     545              $C$DW$32        .dwtag  DW_TAG_TI_assign_register, DW_AT_name("T")
     546                      .dwattr $C$DW$32, DW_AT_location[DW_OP_reg22]
     547              $C$DW$33        .dwtag  DW_TAG_TI_assign_register, DW_AT_name("ST0")
     548                      .dwattr $C$DW$33, DW_AT_location[DW_OP_reg23]
     549              $C$DW$34        .dwtag  DW_TAG_TI_assign_register, DW_AT_name("ST1")
     550                      .dwattr $C$DW$34, DW_AT_location[DW_OP_reg24]
     551              $C$DW$35        .dwtag  DW_TAG_TI_assign_register, DW_AT_name("PC")
     552                      .dwattr $C$DW$35, DW_AT_location[DW_OP_reg25]
TMS320C2000 Assembler PC v6.2.7 Thu Jul 02 08:31:08 2015

Tools Copyright (c) 1996-2014 Texas Instruments Incorporated
C:\Users\Tester\AppData\Local\Temp\0061610                           PAGE   12

     553              $C$DW$36        .dwtag  DW_TAG_TI_assign_register, DW_AT_name("RPC")
     554                      .dwattr $C$DW$36, DW_AT_location[DW_OP_reg26]
     555              $C$DW$37        .dwtag  DW_TAG_TI_assign_register, DW_AT_name("FP")
     556                      .dwattr $C$DW$37, DW_AT_location[DW_OP_reg28]
     557              $C$DW$38        .dwtag  DW_TAG_TI_assign_register, DW_AT_name("DP")
     558                      .dwattr $C$DW$38, DW_AT_location[DW_OP_reg29]
     559              $C$DW$39        .dwtag  DW_TAG_TI_assign_register, DW_AT_name("SXM")
     560                      .dwattr $C$DW$39, DW_AT_location[DW_OP_reg30]
     561              $C$DW$40        .dwtag  DW_TAG_TI_assign_register, DW_AT_name("PM")
     562                      .dwattr $C$DW$40, DW_AT_location[DW_OP_reg31]
     563              $C$DW$41        .dwtag  DW_TAG_TI_assign_register, DW_AT_name("OVM")
     564                      .dwattr $C$DW$41, DW_AT_location[DW_OP_regx 0x20]
     565              $C$DW$42        .dwtag  DW_TAG_TI_assign_register, DW_AT_name("PAGE0")
     566                      .dwattr $C$DW$42, DW_AT_location[DW_OP_regx 0x21]
     567              $C$DW$43        .dwtag  DW_TAG_TI_assign_register, DW_AT_name("AMODE")
     568                      .dwattr $C$DW$43, DW_AT_location[DW_OP_regx 0x22]
     569              $C$DW$44        .dwtag  DW_TAG_TI_assign_register, DW_AT_name("INTM")
     570                      .dwattr $C$DW$44, DW_AT_location[DW_OP_regx 0x23]
     571              $C$DW$45        .dwtag  DW_TAG_TI_assign_register, DW_AT_name("IFR")
     572                      .dwattr $C$DW$45, DW_AT_location[DW_OP_regx 0x24]
     573              $C$DW$46        .dwtag  DW_TAG_TI_assign_register, DW_AT_name("IER")
     574                      .dwattr $C$DW$46, DW_AT_location[DW_OP_regx 0x25]
     575              $C$DW$47        .dwtag  DW_TAG_TI_assign_register, DW_AT_name("V")
     576                      .dwattr $C$DW$47, DW_AT_location[DW_OP_regx 0x26]
     577              $C$DW$48        .dwtag  DW_TAG_TI_assign_register, DW_AT_name("PSEUDOH")
     578                      .dwattr $C$DW$48, DW_AT_location[DW_OP_regx 0x4c]
     579              $C$DW$49        .dwtag  DW_TAG_TI_assign_register, DW_AT_name("VOL")
     580                      .dwattr $C$DW$49, DW_AT_location[DW_OP_regx 0x4d]
     581              $C$DW$50        .dwtag  DW_TAG_TI_assign_register, DW_AT_name("AR0")
     582                      .dwattr $C$DW$50, DW_AT_location[DW_OP_reg4]
     583              $C$DW$51        .dwtag  DW_TAG_TI_assign_register, DW_AT_name("AR1")
     584                      .dwattr $C$DW$51, DW_AT_location[DW_OP_reg6]
     585              $C$DW$52        .dwtag  DW_TAG_TI_assign_register, DW_AT_name("AR2")
     586                      .dwattr $C$DW$52, DW_AT_location[DW_OP_reg8]
     587              $C$DW$53        .dwtag  DW_TAG_TI_assign_register, DW_AT_name("AR3")
     588                      .dwattr $C$DW$53, DW_AT_location[DW_OP_reg10]
     589              $C$DW$54        .dwtag  DW_TAG_TI_assign_register, DW_AT_name("AR4")
     590                      .dwattr $C$DW$54, DW_AT_location[DW_OP_reg12]
     591              $C$DW$55        .dwtag  DW_TAG_TI_assign_register, DW_AT_name("AR5")
     592                      .dwattr $C$DW$55, DW_AT_location[DW_OP_reg14]
     593              $C$DW$56        .dwtag  DW_TAG_TI_assign_register, DW_AT_name("AR6")
     594                      .dwattr $C$DW$56, DW_AT_location[DW_OP_reg16]
     595              $C$DW$57        .dwtag  DW_TAG_TI_assign_register, DW_AT_name("XAR6")
     596                      .dwattr $C$DW$57, DW_AT_location[DW_OP_reg17]
     597              $C$DW$58        .dwtag  DW_TAG_TI_assign_register, DW_AT_name("AR7")
     598                      .dwattr $C$DW$58, DW_AT_location[DW_OP_reg18]
     599              $C$DW$59        .dwtag  DW_TAG_TI_assign_register, DW_AT_name("XAR7")
     600                      .dwattr $C$DW$59, DW_AT_location[DW_OP_reg19]
     601              $C$DW$60        .dwtag  DW_TAG_TI_assign_register, DW_AT_name("XAR0")
     602                      .dwattr $C$DW$60, DW_AT_location[DW_OP_reg5]
     603              $C$DW$61        .dwtag  DW_TAG_TI_assign_register, DW_AT_name("XAR1")
     604                      .dwattr $C$DW$61, DW_AT_location[DW_OP_reg7]
     605              $C$DW$62        .dwtag  DW_TAG_TI_assign_register, DW_AT_name("XAR2")
     606                      .dwattr $C$DW$62, DW_AT_location[DW_OP_reg9]
     607              $C$DW$63        .dwtag  DW_TAG_TI_assign_register, DW_AT_name("XAR3")
TMS320C2000 Assembler PC v6.2.7 Thu Jul 02 08:31:08 2015

Tools Copyright (c) 1996-2014 Texas Instruments Incorporated
C:\Users\Tester\AppData\Local\Temp\0061610                           PAGE   13

     608                      .dwattr $C$DW$63, DW_AT_location[DW_OP_reg11]
     609              $C$DW$64        .dwtag  DW_TAG_TI_assign_register, DW_AT_name("XAR4")
     610                      .dwattr $C$DW$64, DW_AT_location[DW_OP_reg13]
     611              $C$DW$65        .dwtag  DW_TAG_TI_assign_register, DW_AT_name("XAR5")
     612                      .dwattr $C$DW$65, DW_AT_location[DW_OP_reg15]
     613              $C$DW$66        .dwtag  DW_TAG_TI_assign_register, DW_AT_name("R0HL")
     614                      .dwattr $C$DW$66, DW_AT_location[DW_OP_regx 0x2b]
     615              $C$DW$67        .dwtag  DW_TAG_TI_assign_register, DW_AT_name("R0H")
     616                      .dwattr $C$DW$67, DW_AT_location[DW_OP_regx 0x2c]
     617              $C$DW$68        .dwtag  DW_TAG_TI_assign_register, DW_AT_name("R1HL")
     618                      .dwattr $C$DW$68, DW_AT_location[DW_OP_regx 0x2f]
     619              $C$DW$69        .dwtag  DW_TAG_TI_assign_register, DW_AT_name("R1H")
     620                      .dwattr $C$DW$69, DW_AT_location[DW_OP_regx 0x30]
     621              $C$DW$70        .dwtag  DW_TAG_TI_assign_register, DW_AT_name("R2HL")
     622                      .dwattr $C$DW$70, DW_AT_location[DW_OP_regx 0x33]
     623              $C$DW$71        .dwtag  DW_TAG_TI_assign_register, DW_AT_name("R2H")
     624                      .dwattr $C$DW$71, DW_AT_location[DW_OP_regx 0x34]
     625              $C$DW$72        .dwtag  DW_TAG_TI_assign_register, DW_AT_name("R3HL")
     626                      .dwattr $C$DW$72, DW_AT_location[DW_OP_regx 0x37]
     627              $C$DW$73        .dwtag  DW_TAG_TI_assign_register, DW_AT_name("R3H")
     628                      .dwattr $C$DW$73, DW_AT_location[DW_OP_regx 0x38]
     629              $C$DW$74        .dwtag  DW_TAG_TI_assign_register, DW_AT_name("R4HL")
     630                      .dwattr $C$DW$74, DW_AT_location[DW_OP_regx 0x3b]
     631              $C$DW$75        .dwtag  DW_TAG_TI_assign_register, DW_AT_name("R4H")
     632                      .dwattr $C$DW$75, DW_AT_location[DW_OP_regx 0x3c]
     633              $C$DW$76        .dwtag  DW_TAG_TI_assign_register, DW_AT_name("R5HL")
     634                      .dwattr $C$DW$76, DW_AT_location[DW_OP_regx 0x3f]
     635              $C$DW$77        .dwtag  DW_TAG_TI_assign_register, DW_AT_name("R5H")
     636                      .dwattr $C$DW$77, DW_AT_location[DW_OP_regx 0x40]
     637              $C$DW$78        .dwtag  DW_TAG_TI_assign_register, DW_AT_name("R6HL")
     638                      .dwattr $C$DW$78, DW_AT_location[DW_OP_regx 0x43]
     639              $C$DW$79        .dwtag  DW_TAG_TI_assign_register, DW_AT_name("R6H")
     640                      .dwattr $C$DW$79, DW_AT_location[DW_OP_regx 0x44]
     641              $C$DW$80        .dwtag  DW_TAG_TI_assign_register, DW_AT_name("R7HL")
     642                      .dwattr $C$DW$80, DW_AT_location[DW_OP_regx 0x47]
     643              $C$DW$81        .dwtag  DW_TAG_TI_assign_register, DW_AT_name("R7H")
     644                      .dwattr $C$DW$81, DW_AT_location[DW_OP_regx 0x48]
     645              $C$DW$82        .dwtag  DW_TAG_TI_assign_register, DW_AT_name("RBL")
     646                      .dwattr $C$DW$82, DW_AT_location[DW_OP_regx 0x49]
     647              $C$DW$83        .dwtag  DW_TAG_TI_assign_register, DW_AT_name("RB")
     648                      .dwattr $C$DW$83, DW_AT_location[DW_OP_regx 0x4a]
     649              $C$DW$84        .dwtag  DW_TAG_TI_assign_register, DW_AT_name("STFL")
     650                      .dwattr $C$DW$84, DW_AT_location[DW_OP_regx 0x27]
     651              $C$DW$85        .dwtag  DW_TAG_TI_assign_register, DW_AT_name("STF")
     652                      .dwattr $C$DW$85, DW_AT_location[DW_OP_regx 0x28]
     653              $C$DW$86        .dwtag  DW_TAG_TI_assign_register, DW_AT_name("FPUHAZ")
     654                      .dwattr $C$DW$86, DW_AT_location[DW_OP_reg27]
     655              $C$DW$87        .dwtag  DW_TAG_TI_assign_register, DW_AT_name("CIE_RETA")
     656                      .dwattr $C$DW$87, DW_AT_location[DW_OP_regx 0x4e]
     657                      .dwendtag $C$DW$CU
     658              

No Assembly Errors, No Assembly Warnings
