TMS320C2000 Assembler PC v6.2.7 Thu Jul 02 08:31:01 2015

Tools Copyright (c) 1996-2014 Texas Instruments Incorporated
C:\Users\Tester\AppData\Local\Temp\0218410                           PAGE    1

       1              ;***************************************************************
       2              ;* TMS320C2000 C/C++ Codegen                         PC v6.2.7 *
       3              ;* Date/Time created: Thu Jul 02 08:31:00 2015                 *
       4              ;***************************************************************
       5                      .compiler_opts --diag_wrap=off --float_support=fpu32 --hll_source=on --mem_model:code=flat --mem_mode
       6        0002  FP      .set    XAR2
       7              
       8              $C$DW$CU        .dwtag  DW_TAG_compile_unit
       9                      .dwattr $C$DW$CU, DW_AT_name("../interface/cntrlAnalogInp.c")
      10                      .dwattr $C$DW$CU, DW_AT_producer("TMS320C2000 C/C++ Codegen PC v6.2.7 Copyright (c) 1996-2014 Texas I
      11                      .dwattr $C$DW$CU, DW_AT_TI_version(0x01)
      12                      .dwattr $C$DW$CU, DW_AT_comp_dir("D:\ActiveProject\EKT5\PKMT_NONBIOS\InvertorCntrl\ISPprg")
      13              
      14              $C$DW$1 .dwtag  DW_TAG_subprogram, DW_AT_name("getRegister")
      15                      .dwattr $C$DW$1, DW_AT_TI_symbol_name("_getRegister")
      16                      .dwattr $C$DW$1, DW_AT_type(*$C$DW$T$10)
      17                      .dwattr $C$DW$1, DW_AT_declaration
      18                      .dwattr $C$DW$1, DW_AT_external
      19              $C$DW$2 .dwtag  DW_TAG_formal_parameter
      20                      .dwattr $C$DW$2, DW_AT_type(*$C$DW$T$5)
      21                      .dwendtag $C$DW$1
      22              
      23              
      24              $C$DW$3 .dwtag  DW_TAG_subprogram, DW_AT_name("getAveregResult")
      25                      .dwattr $C$DW$3, DW_AT_TI_symbol_name("_getAveregResult")
      26                      .dwattr $C$DW$3, DW_AT_type(*$C$DW$T$22)
      27                      .dwattr $C$DW$3, DW_AT_declaration
      28                      .dwattr $C$DW$3, DW_AT_external
      29              $C$DW$4 .dwtag  DW_TAG_formal_parameter
      30                      .dwattr $C$DW$4, DW_AT_type(*$C$DW$T$23)
      31                      .dwendtag $C$DW$3
      32              
      33              ;       C:\ti\ccsv6\tools\compiler\c2000_6.2.7\bin\ac2000.exe -@C:\\Users\\Tester\\AppData\\Local\\Temp\\0218
      34 00000000               .sect   ".text"
      35                      .clink
      36                      .global _getAnalogTaskInp
      37              
      38              $C$DW$5 .dwtag  DW_TAG_subprogram, DW_AT_name("getAnalogTaskInp")
      39                      .dwattr $C$DW$5, DW_AT_low_pc(_getAnalogTaskInp)
      40                      .dwattr $C$DW$5, DW_AT_high_pc(0x00)
      41                      .dwattr $C$DW$5, DW_AT_TI_symbol_name("_getAnalogTaskInp")
      42                      .dwattr $C$DW$5, DW_AT_external
      43                      .dwattr $C$DW$5, DW_AT_type(*$C$DW$T$16)
      44                      .dwattr $C$DW$5, DW_AT_TI_begin_file("../interface/cntrlAnalogInp.c")
      45                      .dwattr $C$DW$5, DW_AT_TI_begin_line(0x10)
      46                      .dwattr $C$DW$5, DW_AT_TI_begin_column(0x07)
      47                      .dwattr $C$DW$5, DW_AT_TI_max_frame_size(-6)
      48                      .dwpsn  file "../interface/cntrlAnalogInp.c",line 16,column 29,is_stmt,address _getAnalogTaskInp
      49              
      50                      .dwfde $C$DW$CIE, _getAnalogTaskInp
      51              
      52              ;***************************************************************
      53              ;* FNAME: _getAnalogTaskInp             FR SIZE:   4           *
      54              ;*                                                             *
      55              ;* FUNCTION ENVIRONMENT                                        *
TMS320C2000 Assembler PC v6.2.7 Thu Jul 02 08:31:01 2015

Tools Copyright (c) 1996-2014 Texas Instruments Incorporated
C:\Users\Tester\AppData\Local\Temp\0218410                           PAGE    2

      56              ;*                                                             *
      57              ;* FUNCTION PROPERTIES                                         *
      58              ;*                            0 Parameter,  3 Auto,  0 SOE     *
      59              ;***************************************************************
      60              
      61 00000000       _getAnalogTaskInp:
      62                      .dwcfi  cfa_offset, -2
      63                      .dwcfi  save_reg_to_mem, 26, 0
      64                      .dwcfi  save_reg_to_reg, 78, 26
      65 00000000 FE04          ADDB      SP,#4                 ; [CPU_U] 
      66                      .dwcfi  cfa_offset, -6
      67              $C$DW$6 .dwtag  DW_TAG_variable, DW_AT_name("tmp")
      68                      .dwattr $C$DW$6, DW_AT_TI_symbol_name("_tmp")
      69                      .dwattr $C$DW$6, DW_AT_type(*$C$DW$T$16)
      70                      .dwattr $C$DW$6, DW_AT_location[DW_OP_breg20 -2]
      71              $C$DW$7 .dwtag  DW_TAG_variable, DW_AT_name("val")
      72                      .dwattr $C$DW$7, DW_AT_TI_symbol_name("_val")
      73                      .dwattr $C$DW$7, DW_AT_type(*$C$DW$T$22)
      74                      .dwattr $C$DW$7, DW_AT_location[DW_OP_breg20 -3]
      75                      .dwpsn  file "../interface/cntrlAnalogInp.c",line 19,column 2,is_stmt
      76 00000001 9A03          MOVB      AL,#3                 ; [CPU_] |19| 
      77              $C$DW$8 .dwtag  DW_TAG_TI_branch
      78                      .dwattr $C$DW$8, DW_AT_low_pc(0x00)
      79                      .dwattr $C$DW$8, DW_AT_name("_getAveregResult")
      80                      .dwattr $C$DW$8, DW_AT_TI_call
      81 00000002 7640!         LCR       #_getAveregResult     ; [CPU_] |19| 
         00000003 0000 
      82                      ; call occurs [#_getAveregResult] ; [] |19| 
      83 00000004 9643          MOV       *-SP[3],AL            ; [CPU_] |19| 
      84                      .dwpsn  file "../interface/cntrlAnalogInp.c",line 20,column 2,is_stmt
      85 00000005 6F5D          B         $C$L11,UNC            ; [CPU_] |20| 
      86                      ; branch occurs ; [] |20| 
      87 00000006       $C$L1:    
      88                      .dwpsn  file "../interface/cntrlAnalogInp.c",line 24,column 4,is_stmt
      89 00000006 9243          MOV       AL,*-SP[3]            ; [CPU_] |24| 
      90 00000007 520F          CMPB      AL,#15                ; [CPU_] |24| 
      91 00000008 6702          B         $C$L2,HIS             ; [CPU_] |24| 
      92                      ; branchcc occurs ; [] |24| 
      93                      .dwpsn  file "../interface/cntrlAnalogInp.c",line 25,column 5,is_stmt
      94 00000009 2B43          MOV       *-SP[3],#0            ; [CPU_] |25| 
      95 0000000a       $C$L2:    
      96                      .dwpsn  file "../interface/cntrlAnalogInp.c",line 26,column 4,is_stmt
      97 0000000a 1B43          CMP       *-SP[3],#3000         ; [CPU_] |26| 
         0000000b 0BB8 
      98 0000000c 6903          B         $C$L3,LOS             ; [CPU_] |26| 
      99                      ; branchcc occurs ; [] |26| 
     100                      .dwpsn  file "../interface/cntrlAnalogInp.c",line 27,column 5,is_stmt
     101 0000000d 2843          MOV       *-SP[3],#3000         ; [CPU_] |27| 
         0000000e 0BB8 
     102 0000000f       $C$L3:    
     103                      .dwpsn  file "../interface/cntrlAnalogInp.c",line 28,column 4,is_stmt
     104 0000000f E802          MOVIZ     R0H,#17096            ; [CPU_] |28| 
         00000010 1640 
     105 00000011 E203          MOV32     *-SP[2],R0H           ; [CPU_] |28| 
         00000012 0042 
TMS320C2000 Assembler PC v6.2.7 Thu Jul 02 08:31:01 2015

Tools Copyright (c) 1996-2014 Texas Instruments Incorporated
C:\Users\Tester\AppData\Local\Temp\0218410                           PAGE    3

     106                      .dwpsn  file "../interface/cntrlAnalogInp.c",line 29,column 4,is_stmt
     107 00000013 E2C4          UI16TOF32 R1H,*-SP[3]           ; [CPU_] |29| 
         00000014 0143 
     108 00000015 7700          NOP       ; [CPU_] 
     109 00000016 E700          MPYF32    R0H,R1H,R0H           ; [CPU_] |29| 
         00000017 0008 
     110 00000018 7700          NOP       ; [CPU_] 
     111 00000019 E203          MOV32     *-SP[2],R0H           ; [CPU_] |29| 
         0000001a 0042 
     112                      .dwpsn  file "../interface/cntrlAnalogInp.c",line 30,column 4,is_stmt
     113 0000001b E802          MOVIZ     R1H,#17723            ; [CPU_] |30| 
         0000001c 29D9 
     114 0000001d E80C          MOVXI     R1H,#32768            ; [CPU_] |30| 
         0000001e 0001 
     115              $C$DW$9 .dwtag  DW_TAG_TI_branch
     116                      .dwattr $C$DW$9, DW_AT_low_pc(0x00)
     117                      .dwattr $C$DW$9, DW_AT_name("FS$$DIV")
     118                      .dwattr $C$DW$9, DW_AT_TI_call
     119 0000001f 7640!         LCR       #FS$$DIV              ; [CPU_] |30| 
         00000020 0000 
     120                      ; call occurs [#FS$$DIV] ; [] |30| 
     121 00000021 E203          MOV32     *-SP[2],R0H           ; [CPU_] |30| 
         00000022 0042 
     122                      .dwpsn  file "../interface/cntrlAnalogInp.c",line 31,column 4,is_stmt
     123 00000023 6F49          B         $C$L12,UNC            ; [CPU_] |31| 
     124                      ; branch occurs ; [] |31| 
     125 00000024       $C$L4:    
     126                      .dwpsn  file "../interface/cntrlAnalogInp.c",line 35,column 4,is_stmt
     127 00000024 9243          MOV       AL,*-SP[3]            ; [CPU_] |35| 
     128 00000025 1BA9          CMP       AL,#500               ; [CPU_] |35| 
         00000026 01F4 
     129 00000027 6703          B         $C$L5,HIS             ; [CPU_] |35| 
     130                      ; branchcc occurs ; [] |35| 
     131                      .dwpsn  file "../interface/cntrlAnalogInp.c",line 36,column 5,is_stmt
     132 00000028 2B43          MOV       *-SP[3],#0            ; [CPU_] |36| 
     133 00000029 6F08          B         $C$L7,UNC             ; [CPU_] |36| 
     134                      ; branch occurs ; [] |36| 
     135 0000002a       $C$L5:    
     136                      .dwpsn  file "../interface/cntrlAnalogInp.c",line 38,column 5,is_stmt
     137 0000002a 1BA9          CMP       AL,#3000              ; [CPU_] |38| 
         0000002b 0BB8 
     138 0000002c 6903          B         $C$L6,LOS             ; [CPU_] |38| 
     139                      ; branchcc occurs ; [] |38| 
     140                      .dwpsn  file "../interface/cntrlAnalogInp.c",line 39,column 6,is_stmt
     141 0000002d 2843          MOV       *-SP[3],#3000         ; [CPU_] |39| 
         0000002e 0BB8 
     142 0000002f       $C$L6:    
     143                      .dwpsn  file "../interface/cntrlAnalogInp.c",line 40,column 5,is_stmt
     144 0000002f 0843          SUB       *-SP[3],#500          ; [CPU_] |40| 
         00000030 FE0C 
     145 00000031       $C$L7:    
     146                      .dwpsn  file "../interface/cntrlAnalogInp.c",line 42,column 4,is_stmt
     147 00000031 E802          MOVIZ     R0H,#17096            ; [CPU_] |42| 
         00000032 1640 
     148 00000033 E203          MOV32     *-SP[2],R0H           ; [CPU_] |42| 
TMS320C2000 Assembler PC v6.2.7 Thu Jul 02 08:31:01 2015

Tools Copyright (c) 1996-2014 Texas Instruments Incorporated
C:\Users\Tester\AppData\Local\Temp\0218410                           PAGE    4

         00000034 0042 
     149                      .dwpsn  file "../interface/cntrlAnalogInp.c",line 43,column 4,is_stmt
     150 00000035 E2C4          UI16TOF32 R1H,*-SP[3]           ; [CPU_] |43| 
         00000036 0143 
     151 00000037 7700          NOP       ; [CPU_] 
     152 00000038 E700          MPYF32    R0H,R1H,R0H           ; [CPU_] |43| 
         00000039 0008 
     153 0000003a 7700          NOP       ; [CPU_] 
     154 0000003b E203          MOV32     *-SP[2],R0H           ; [CPU_] |43| 
         0000003c 0042 
     155                      .dwpsn  file "../interface/cntrlAnalogInp.c",line 44,column 4,is_stmt
     156 0000003d E802          MOVIZ     R1H,#17692            ; [CPU_] |44| 
         0000003e 28E1 
     157 0000003f E80A          MOVXI     R1H,#16384            ; [CPU_] |44| 
         00000040 0001 
     158              $C$DW$10        .dwtag  DW_TAG_TI_branch
     159                      .dwattr $C$DW$10, DW_AT_low_pc(0x00)
     160                      .dwattr $C$DW$10, DW_AT_name("FS$$DIV")
     161                      .dwattr $C$DW$10, DW_AT_TI_call
     162 00000041 7640!         LCR       #FS$$DIV              ; [CPU_] |44| 
         00000042 0000 
     163                      ; call occurs [#FS$$DIV] ; [] |44| 
     164 00000043 E203          MOV32     *-SP[2],R0H           ; [CPU_] |44| 
         00000044 0042 
     165                      .dwpsn  file "../interface/cntrlAnalogInp.c",line 45,column 4,is_stmt
     166 00000045 6F27          B         $C$L12,UNC            ; [CPU_] |45| 
     167                      ; branch occurs ; [] |45| 
     168 00000046       $C$L8:    
     169                      .dwpsn  file "../interface/cntrlAnalogInp.c",line 49,column 4,is_stmt
     170 00000046 9243          MOV       AL,*-SP[3]            ; [CPU_] |49| 
     171 00000047 5207          CMPB      AL,#7                 ; [CPU_] |49| 
     172 00000048 6702          B         $C$L9,HIS             ; [CPU_] |49| 
     173                      ; branchcc occurs ; [] |49| 
     174                      .dwpsn  file "../interface/cntrlAnalogInp.c",line 50,column 5,is_stmt
     175 00000049 2B43          MOV       *-SP[3],#0            ; [CPU_] |50| 
     176 0000004a       $C$L9:    
     177                      .dwpsn  file "../interface/cntrlAnalogInp.c",line 51,column 4,is_stmt
     178 0000004a 1B43          CMP       *-SP[3],#2000         ; [CPU_] |51| 
         0000004b 07D0 
     179 0000004c 6903          B         $C$L10,LOS            ; [CPU_] |51| 
     180                      ; branchcc occurs ; [] |51| 
     181                      .dwpsn  file "../interface/cntrlAnalogInp.c",line 52,column 5,is_stmt
     182 0000004d 2843          MOV       *-SP[3],#2000         ; [CPU_] |52| 
         0000004e 07D0 
     183 0000004f       $C$L10:    
     184                      .dwpsn  file "../interface/cntrlAnalogInp.c",line 53,column 4,is_stmt
     185 0000004f E802          MOVIZ     R0H,#17096            ; [CPU_] |53| 
         00000050 1640 
     186 00000051 E203          MOV32     *-SP[2],R0H           ; [CPU_] |53| 
         00000052 0042 
     187                      .dwpsn  file "../interface/cntrlAnalogInp.c",line 54,column 4,is_stmt
     188 00000053 E2C4          UI16TOF32 R1H,*-SP[3]           ; [CPU_] |54| 
         00000054 0143 
     189 00000055 7700          NOP       ; [CPU_] 
     190 00000056 E700          MPYF32    R0H,R1H,R0H           ; [CPU_] |54| 
TMS320C2000 Assembler PC v6.2.7 Thu Jul 02 08:31:01 2015

Tools Copyright (c) 1996-2014 Texas Instruments Incorporated
C:\Users\Tester\AppData\Local\Temp\0218410                           PAGE    5

         00000057 0008 
     191 00000058 7700          NOP       ; [CPU_] 
     192 00000059 E203          MOV32     *-SP[2],R0H           ; [CPU_] |54| 
         0000005a 0042 
     193                      .dwpsn  file "../interface/cntrlAnalogInp.c",line 55,column 4,is_stmt
     194 0000005b E802          MOVIZ     R1H,#17658            ; [CPU_] |55| 
         0000005c 27D1 
     195              $C$DW$11        .dwtag  DW_TAG_TI_branch
     196                      .dwattr $C$DW$11, DW_AT_low_pc(0x00)
     197                      .dwattr $C$DW$11, DW_AT_name("FS$$DIV")
     198                      .dwattr $C$DW$11, DW_AT_TI_call
     199 0000005d 7640!         LCR       #FS$$DIV              ; [CPU_] |55| 
         0000005e 0000 
     200                      ; call occurs [#FS$$DIV] ; [] |55| 
     201 0000005f E203          MOV32     *-SP[2],R0H           ; [CPU_] |55| 
         00000060 0042 
     202                      .dwpsn  file "../interface/cntrlAnalogInp.c",line 56,column 4,is_stmt
     203 00000061 6F0B          B         $C$L12,UNC            ; [CPU_] |56| 
     204                      ; branch occurs ; [] |56| 
     205 00000062       $C$L11:    
     206                      .dwpsn  file "../interface/cntrlAnalogInp.c",line 20,column 2,is_stmt
     207 00000062 9A40          MOVB      AL,#64                ; [CPU_] |20| 
     208              $C$DW$12        .dwtag  DW_TAG_TI_branch
     209                      .dwattr $C$DW$12, DW_AT_low_pc(0x00)
     210                      .dwattr $C$DW$12, DW_AT_name("_getRegister")
     211                      .dwattr $C$DW$12, DW_AT_TI_call
     212 00000063 7640!         LCR       #_getRegister         ; [CPU_] |20| 
         00000064 0000 
     213                      ; call occurs [#_getRegister] ; [] |20| 
     214 00000065 5200          CMPB      AL,#0                 ; [CPU_] |20| 
     215 00000066 ECA0          BF        $C$L1,EQ              ; [CPU_] |20| 
     216                      ; branchcc occurs ; [] |20| 
     217 00000067 5201          CMPB      AL,#1                 ; [CPU_] |20| 
     218 00000068 ECBC          BF        $C$L4,EQ              ; [CPU_] |20| 
     219                      ; branchcc occurs ; [] |20| 
     220 00000069 5202          CMPB      AL,#2                 ; [CPU_] |20| 
     221 0000006a ECDC          BF        $C$L8,EQ              ; [CPU_] |20| 
     222                      ; branchcc occurs ; [] |20| 
     223 0000006b 6F9B          B         $C$L1,UNC             ; [CPU_] |20| 
     224                      ; branch occurs ; [] |20| 
     225 0000006c       $C$L12:    
     226                      .dwpsn  file "../interface/cntrlAnalogInp.c",line 59,column 2,is_stmt
     227                      .dwpsn  file "../interface/cntrlAnalogInp.c",line 60,column 1,is_stmt
     228 0000006c FE84          SUBB      SP,#4                 ; [CPU_U] 
     229                      .dwcfi  cfa_offset, -2
     230              $C$DW$13        .dwtag  DW_TAG_TI_branch
     231                      .dwattr $C$DW$13, DW_AT_low_pc(0x00)
     232                      .dwattr $C$DW$13, DW_AT_TI_return
     233 0000006d 0006          LRETR     ; [CPU_] 
     234                      ; return occurs ; [] 
     235                      .dwattr $C$DW$5, DW_AT_TI_end_file("../interface/cntrlAnalogInp.c")
     236                      .dwattr $C$DW$5, DW_AT_TI_end_line(0x3c)
     237                      .dwattr $C$DW$5, DW_AT_TI_end_column(0x01)
     238                      .dwendentry
     239                      .dwendtag $C$DW$5
TMS320C2000 Assembler PC v6.2.7 Thu Jul 02 08:31:01 2015

Tools Copyright (c) 1996-2014 Texas Instruments Incorporated
C:\Users\Tester\AppData\Local\Temp\0218410                           PAGE    6

     240              
     241 0000006e               .sect   ".text"
     242                      .clink
     243                      .global _getAnalogOSInp
     244              
     245              $C$DW$14        .dwtag  DW_TAG_subprogram, DW_AT_name("getAnalogOSInp")
     246                      .dwattr $C$DW$14, DW_AT_low_pc(_getAnalogOSInp)
     247                      .dwattr $C$DW$14, DW_AT_high_pc(0x00)
     248                      .dwattr $C$DW$14, DW_AT_TI_symbol_name("_getAnalogOSInp")
     249                      .dwattr $C$DW$14, DW_AT_external
     250                      .dwattr $C$DW$14, DW_AT_type(*$C$DW$T$16)
     251                      .dwattr $C$DW$14, DW_AT_TI_begin_file("../interface/cntrlAnalogInp.c")
     252                      .dwattr $C$DW$14, DW_AT_TI_begin_line(0x3e)
     253                      .dwattr $C$DW$14, DW_AT_TI_begin_column(0x07)
     254                      .dwattr $C$DW$14, DW_AT_TI_max_frame_size(-6)
     255                      .dwpsn  file "../interface/cntrlAnalogInp.c",line 62,column 27,is_stmt,address _getAnalogOSInp
     256              
     257                      .dwfde $C$DW$CIE, _getAnalogOSInp
     258              
     259              ;***************************************************************
     260              ;* FNAME: _getAnalogOSInp               FR SIZE:   4           *
     261              ;*                                                             *
     262              ;* FUNCTION ENVIRONMENT                                        *
     263              ;*                                                             *
     264              ;* FUNCTION PROPERTIES                                         *
     265              ;*                            0 Parameter,  3 Auto,  0 SOE     *
     266              ;***************************************************************
     267              
     268 0000006e       _getAnalogOSInp:
     269                      .dwcfi  cfa_offset, -2
     270                      .dwcfi  save_reg_to_mem, 26, 0
     271                      .dwcfi  save_reg_to_reg, 78, 26
     272 0000006e FE04          ADDB      SP,#4                 ; [CPU_U] 
     273                      .dwcfi  cfa_offset, -6
     274              $C$DW$15        .dwtag  DW_TAG_variable, DW_AT_name("tmp")
     275                      .dwattr $C$DW$15, DW_AT_TI_symbol_name("_tmp")
     276                      .dwattr $C$DW$15, DW_AT_type(*$C$DW$T$16)
     277                      .dwattr $C$DW$15, DW_AT_location[DW_OP_breg20 -2]
     278              $C$DW$16        .dwtag  DW_TAG_variable, DW_AT_name("val")
     279                      .dwattr $C$DW$16, DW_AT_TI_symbol_name("_val")
     280                      .dwattr $C$DW$16, DW_AT_type(*$C$DW$T$22)
     281                      .dwattr $C$DW$16, DW_AT_location[DW_OP_breg20 -3]
     282                      .dwpsn  file "../interface/cntrlAnalogInp.c",line 65,column 2,is_stmt
     283 0000006f 9A04          MOVB      AL,#4                 ; [CPU_] |65| 
     284              $C$DW$17        .dwtag  DW_TAG_TI_branch
     285                      .dwattr $C$DW$17, DW_AT_low_pc(0x00)
     286                      .dwattr $C$DW$17, DW_AT_name("_getAveregResult")
     287                      .dwattr $C$DW$17, DW_AT_TI_call
     288 00000070 7640!         LCR       #_getAveregResult     ; [CPU_] |65| 
         00000071 0000 
     289                      ; call occurs [#_getAveregResult] ; [] |65| 
     290 00000072 9643          MOV       *-SP[3],AL            ; [CPU_] |65| 
     291                      .dwpsn  file "../interface/cntrlAnalogInp.c",line 66,column 2,is_stmt
     292 00000073 6F5D          B         $C$L23,UNC            ; [CPU_] |66| 
     293                      ; branch occurs ; [] |66| 
TMS320C2000 Assembler PC v6.2.7 Thu Jul 02 08:31:01 2015

Tools Copyright (c) 1996-2014 Texas Instruments Incorporated
C:\Users\Tester\AppData\Local\Temp\0218410                           PAGE    7

     294 00000074       $C$L13:    
     295                      .dwpsn  file "../interface/cntrlAnalogInp.c",line 70,column 4,is_stmt
     296 00000074 9243          MOV       AL,*-SP[3]            ; [CPU_] |70| 
     297 00000075 520F          CMPB      AL,#15                ; [CPU_] |70| 
     298 00000076 6702          B         $C$L14,HIS            ; [CPU_] |70| 
     299                      ; branchcc occurs ; [] |70| 
     300                      .dwpsn  file "../interface/cntrlAnalogInp.c",line 71,column 5,is_stmt
     301 00000077 2B43          MOV       *-SP[3],#0            ; [CPU_] |71| 
     302 00000078       $C$L14:    
     303                      .dwpsn  file "../interface/cntrlAnalogInp.c",line 72,column 4,is_stmt
     304 00000078 1B43          CMP       *-SP[3],#3000         ; [CPU_] |72| 
         00000079 0BB8 
     305 0000007a 6903          B         $C$L15,LOS            ; [CPU_] |72| 
     306                      ; branchcc occurs ; [] |72| 
     307                      .dwpsn  file "../interface/cntrlAnalogInp.c",line 73,column 5,is_stmt
     308 0000007b 2843          MOV       *-SP[3],#3000         ; [CPU_] |73| 
         0000007c 0BB8 
     309 0000007d       $C$L15:    
     310                      .dwpsn  file "../interface/cntrlAnalogInp.c",line 74,column 4,is_stmt
     311 0000007d E802          MOVIZ     R0H,#17096            ; [CPU_] |74| 
         0000007e 1640 
     312 0000007f E203          MOV32     *-SP[2],R0H           ; [CPU_] |74| 
         00000080 0042 
     313                      .dwpsn  file "../interface/cntrlAnalogInp.c",line 75,column 4,is_stmt
     314 00000081 E2C4          UI16TOF32 R1H,*-SP[3]           ; [CPU_] |75| 
         00000082 0143 
     315 00000083 7700          NOP       ; [CPU_] 
     316 00000084 E700          MPYF32    R0H,R1H,R0H           ; [CPU_] |75| 
         00000085 0008 
     317 00000086 7700          NOP       ; [CPU_] 
     318 00000087 E203          MOV32     *-SP[2],R0H           ; [CPU_] |75| 
         00000088 0042 
     319                      .dwpsn  file "../interface/cntrlAnalogInp.c",line 76,column 4,is_stmt
     320 00000089 E802          MOVIZ     R1H,#17723            ; [CPU_] |76| 
         0000008a 29D9 
     321 0000008b E80C          MOVXI     R1H,#32768            ; [CPU_] |76| 
         0000008c 0001 
     322              $C$DW$18        .dwtag  DW_TAG_TI_branch
     323                      .dwattr $C$DW$18, DW_AT_low_pc(0x00)
     324                      .dwattr $C$DW$18, DW_AT_name("FS$$DIV")
     325                      .dwattr $C$DW$18, DW_AT_TI_call
     326 0000008d 7640!         LCR       #FS$$DIV              ; [CPU_] |76| 
         0000008e 0000 
     327                      ; call occurs [#FS$$DIV] ; [] |76| 
     328 0000008f E203          MOV32     *-SP[2],R0H           ; [CPU_] |76| 
         00000090 0042 
     329                      .dwpsn  file "../interface/cntrlAnalogInp.c",line 77,column 4,is_stmt
     330 00000091 6F49          B         $C$L24,UNC            ; [CPU_] |77| 
     331                      ; branch occurs ; [] |77| 
     332 00000092       $C$L16:    
     333                      .dwpsn  file "../interface/cntrlAnalogInp.c",line 81,column 4,is_stmt
     334 00000092 9243          MOV       AL,*-SP[3]            ; [CPU_] |81| 
     335 00000093 1BA9          CMP       AL,#500               ; [CPU_] |81| 
         00000094 01F4 
     336 00000095 6703          B         $C$L17,HIS            ; [CPU_] |81| 
TMS320C2000 Assembler PC v6.2.7 Thu Jul 02 08:31:01 2015

Tools Copyright (c) 1996-2014 Texas Instruments Incorporated
C:\Users\Tester\AppData\Local\Temp\0218410                           PAGE    8

     337                      ; branchcc occurs ; [] |81| 
     338                      .dwpsn  file "../interface/cntrlAnalogInp.c",line 82,column 5,is_stmt
     339 00000096 2B43          MOV       *-SP[3],#0            ; [CPU_] |82| 
     340 00000097 6F08          B         $C$L19,UNC            ; [CPU_] |82| 
     341                      ; branch occurs ; [] |82| 
     342 00000098       $C$L17:    
     343                      .dwpsn  file "../interface/cntrlAnalogInp.c",line 84,column 5,is_stmt
     344 00000098 1BA9          CMP       AL,#3000              ; [CPU_] |84| 
         00000099 0BB8 
     345 0000009a 6903          B         $C$L18,LOS            ; [CPU_] |84| 
     346                      ; branchcc occurs ; [] |84| 
     347                      .dwpsn  file "../interface/cntrlAnalogInp.c",line 85,column 6,is_stmt
     348 0000009b 2843          MOV       *-SP[3],#3000         ; [CPU_] |85| 
         0000009c 0BB8 
     349 0000009d       $C$L18:    
     350                      .dwpsn  file "../interface/cntrlAnalogInp.c",line 86,column 5,is_stmt
     351 0000009d 0843          SUB       *-SP[3],#500          ; [CPU_] |86| 
         0000009e FE0C 
     352 0000009f       $C$L19:    
     353                      .dwpsn  file "../interface/cntrlAnalogInp.c",line 88,column 4,is_stmt
     354 0000009f E802          MOVIZ     R0H,#17096            ; [CPU_] |88| 
         000000a0 1640 
     355 000000a1 E203          MOV32     *-SP[2],R0H           ; [CPU_] |88| 
         000000a2 0042 
     356                      .dwpsn  file "../interface/cntrlAnalogInp.c",line 89,column 4,is_stmt
     357 000000a3 E2C4          UI16TOF32 R1H,*-SP[3]           ; [CPU_] |89| 
         000000a4 0143 
     358 000000a5 7700          NOP       ; [CPU_] 
     359 000000a6 E700          MPYF32    R0H,R1H,R0H           ; [CPU_] |89| 
         000000a7 0008 
     360 000000a8 7700          NOP       ; [CPU_] 
     361 000000a9 E203          MOV32     *-SP[2],R0H           ; [CPU_] |89| 
         000000aa 0042 
     362                      .dwpsn  file "../interface/cntrlAnalogInp.c",line 90,column 4,is_stmt
     363 000000ab E802          MOVIZ     R1H,#17692            ; [CPU_] |90| 
         000000ac 28E1 
     364 000000ad E80A          MOVXI     R1H,#16384            ; [CPU_] |90| 
         000000ae 0001 
     365              $C$DW$19        .dwtag  DW_TAG_TI_branch
     366                      .dwattr $C$DW$19, DW_AT_low_pc(0x00)
     367                      .dwattr $C$DW$19, DW_AT_name("FS$$DIV")
     368                      .dwattr $C$DW$19, DW_AT_TI_call
     369 000000af 7640!         LCR       #FS$$DIV              ; [CPU_] |90| 
         000000b0 0000 
     370                      ; call occurs [#FS$$DIV] ; [] |90| 
     371 000000b1 E203          MOV32     *-SP[2],R0H           ; [CPU_] |90| 
         000000b2 0042 
     372                      .dwpsn  file "../interface/cntrlAnalogInp.c",line 91,column 4,is_stmt
     373 000000b3 6F27          B         $C$L24,UNC            ; [CPU_] |91| 
     374                      ; branch occurs ; [] |91| 
     375 000000b4       $C$L20:    
     376                      .dwpsn  file "../interface/cntrlAnalogInp.c",line 95,column 4,is_stmt
     377 000000b4 9243          MOV       AL,*-SP[3]            ; [CPU_] |95| 
     378 000000b5 5207          CMPB      AL,#7                 ; [CPU_] |95| 
     379 000000b6 6702          B         $C$L21,HIS            ; [CPU_] |95| 
TMS320C2000 Assembler PC v6.2.7 Thu Jul 02 08:31:01 2015

Tools Copyright (c) 1996-2014 Texas Instruments Incorporated
C:\Users\Tester\AppData\Local\Temp\0218410                           PAGE    9

     380                      ; branchcc occurs ; [] |95| 
     381                      .dwpsn  file "../interface/cntrlAnalogInp.c",line 96,column 5,is_stmt
     382 000000b7 2B43          MOV       *-SP[3],#0            ; [CPU_] |96| 
     383 000000b8       $C$L21:    
     384                      .dwpsn  file "../interface/cntrlAnalogInp.c",line 97,column 4,is_stmt
     385 000000b8 1B43          CMP       *-SP[3],#2000         ; [CPU_] |97| 
         000000b9 07D0 
     386 000000ba 6903          B         $C$L22,LOS            ; [CPU_] |97| 
     387                      ; branchcc occurs ; [] |97| 
     388                      .dwpsn  file "../interface/cntrlAnalogInp.c",line 98,column 5,is_stmt
     389 000000bb 2843          MOV       *-SP[3],#2000         ; [CPU_] |98| 
         000000bc 07D0 
     390 000000bd       $C$L22:    
     391                      .dwpsn  file "../interface/cntrlAnalogInp.c",line 99,column 4,is_stmt
     392 000000bd E802          MOVIZ     R0H,#17096            ; [CPU_] |99| 
         000000be 1640 
     393 000000bf E203          MOV32     *-SP[2],R0H           ; [CPU_] |99| 
         000000c0 0042 
     394                      .dwpsn  file "../interface/cntrlAnalogInp.c",line 100,column 4,is_stmt
     395 000000c1 E2C4          UI16TOF32 R1H,*-SP[3]           ; [CPU_] |100| 
         000000c2 0143 
     396 000000c3 7700          NOP       ; [CPU_] 
     397 000000c4 E700          MPYF32    R0H,R1H,R0H           ; [CPU_] |100| 
         000000c5 0008 
     398 000000c6 7700          NOP       ; [CPU_] 
     399 000000c7 E203          MOV32     *-SP[2],R0H           ; [CPU_] |100| 
         000000c8 0042 
     400                      .dwpsn  file "../interface/cntrlAnalogInp.c",line 101,column 4,is_stmt
     401 000000c9 E802          MOVIZ     R1H,#17658            ; [CPU_] |101| 
         000000ca 27D1 
     402              $C$DW$20        .dwtag  DW_TAG_TI_branch
     403                      .dwattr $C$DW$20, DW_AT_low_pc(0x00)
     404                      .dwattr $C$DW$20, DW_AT_name("FS$$DIV")
     405                      .dwattr $C$DW$20, DW_AT_TI_call
     406 000000cb 7640!         LCR       #FS$$DIV              ; [CPU_] |101| 
         000000cc 0000 
     407                      ; call occurs [#FS$$DIV] ; [] |101| 
     408 000000cd E203          MOV32     *-SP[2],R0H           ; [CPU_] |101| 
         000000ce 0042 
     409                      .dwpsn  file "../interface/cntrlAnalogInp.c",line 102,column 4,is_stmt
     410 000000cf 6F0B          B         $C$L24,UNC            ; [CPU_] |102| 
     411                      ; branch occurs ; [] |102| 
     412 000000d0       $C$L23:    
     413                      .dwpsn  file "../interface/cntrlAnalogInp.c",line 66,column 2,is_stmt
     414 000000d0 9A1A          MOVB      AL,#26                ; [CPU_] |66| 
     415              $C$DW$21        .dwtag  DW_TAG_TI_branch
     416                      .dwattr $C$DW$21, DW_AT_low_pc(0x00)
     417                      .dwattr $C$DW$21, DW_AT_name("_getRegister")
     418                      .dwattr $C$DW$21, DW_AT_TI_call
     419 000000d1 7640!         LCR       #_getRegister         ; [CPU_] |66| 
         000000d2 0000 
     420                      ; call occurs [#_getRegister] ; [] |66| 
     421 000000d3 5200          CMPB      AL,#0                 ; [CPU_] |66| 
     422 000000d4 ECA0          BF        $C$L13,EQ             ; [CPU_] |66| 
     423                      ; branchcc occurs ; [] |66| 
TMS320C2000 Assembler PC v6.2.7 Thu Jul 02 08:31:01 2015

Tools Copyright (c) 1996-2014 Texas Instruments Incorporated
C:\Users\Tester\AppData\Local\Temp\0218410                           PAGE   10

     424 000000d5 5201          CMPB      AL,#1                 ; [CPU_] |66| 
     425 000000d6 ECBC          BF        $C$L16,EQ             ; [CPU_] |66| 
     426                      ; branchcc occurs ; [] |66| 
     427 000000d7 5202          CMPB      AL,#2                 ; [CPU_] |66| 
     428 000000d8 ECDC          BF        $C$L20,EQ             ; [CPU_] |66| 
     429                      ; branchcc occurs ; [] |66| 
     430 000000d9 6F9B          B         $C$L13,UNC            ; [CPU_] |66| 
     431                      ; branch occurs ; [] |66| 
     432 000000da       $C$L24:    
     433                      .dwpsn  file "../interface/cntrlAnalogInp.c",line 105,column 2,is_stmt
     434                      .dwpsn  file "../interface/cntrlAnalogInp.c",line 106,column 1,is_stmt
     435 000000da FE84          SUBB      SP,#4                 ; [CPU_U] 
     436                      .dwcfi  cfa_offset, -2
     437              $C$DW$22        .dwtag  DW_TAG_TI_branch
     438                      .dwattr $C$DW$22, DW_AT_low_pc(0x00)
     439                      .dwattr $C$DW$22, DW_AT_TI_return
     440 000000db 0006          LRETR     ; [CPU_] 
     441                      ; return occurs ; [] 
     442                      .dwattr $C$DW$14, DW_AT_TI_end_file("../interface/cntrlAnalogInp.c")
     443                      .dwattr $C$DW$14, DW_AT_TI_end_line(0x6a)
     444                      .dwattr $C$DW$14, DW_AT_TI_end_column(0x01)
     445                      .dwendentry
     446                      .dwendtag $C$DW$14
     447              
     448              ;**************************************************************
     449              ;* UNDEFINED EXTERNAL REFERENCES                              *
     450              ;**************************************************************
     451                      .global _getRegister
     452                      .global _getAveregResult
     453                      .global FS$$DIV
     454              
     455              ;***************************************************************
     456              ;* TYPE INFORMATION                                            *
     457              ;***************************************************************
     458              $C$DW$T$4       .dwtag  DW_TAG_base_type
     459                      .dwattr $C$DW$T$4, DW_AT_encoding(DW_ATE_boolean)
     460                      .dwattr $C$DW$T$4, DW_AT_name("bool")
     461                      .dwattr $C$DW$T$4, DW_AT_byte_size(0x01)
     462              $C$DW$T$5       .dwtag  DW_TAG_base_type
     463                      .dwattr $C$DW$T$5, DW_AT_encoding(DW_ATE_signed_char)
     464                      .dwattr $C$DW$T$5, DW_AT_name("signed char")
     465                      .dwattr $C$DW$T$5, DW_AT_byte_size(0x01)
     466              $C$DW$T$6       .dwtag  DW_TAG_base_type
     467                      .dwattr $C$DW$T$6, DW_AT_encoding(DW_ATE_unsigned_char)
     468                      .dwattr $C$DW$T$6, DW_AT_name("unsigned char")
     469                      .dwattr $C$DW$T$6, DW_AT_byte_size(0x01)
     470              $C$DW$T$7       .dwtag  DW_TAG_base_type
     471                      .dwattr $C$DW$T$7, DW_AT_encoding(DW_ATE_signed_char)
     472                      .dwattr $C$DW$T$7, DW_AT_name("wchar_t")
     473                      .dwattr $C$DW$T$7, DW_AT_byte_size(0x01)
     474              $C$DW$T$8       .dwtag  DW_TAG_base_type
     475                      .dwattr $C$DW$T$8, DW_AT_encoding(DW_ATE_signed)
     476                      .dwattr $C$DW$T$8, DW_AT_name("short")
     477                      .dwattr $C$DW$T$8, DW_AT_byte_size(0x01)
     478              $C$DW$T$9       .dwtag  DW_TAG_base_type
TMS320C2000 Assembler PC v6.2.7 Thu Jul 02 08:31:01 2015

Tools Copyright (c) 1996-2014 Texas Instruments Incorporated
C:\Users\Tester\AppData\Local\Temp\0218410                           PAGE   11

     479                      .dwattr $C$DW$T$9, DW_AT_encoding(DW_ATE_unsigned)
     480                      .dwattr $C$DW$T$9, DW_AT_name("unsigned short")
     481                      .dwattr $C$DW$T$9, DW_AT_byte_size(0x01)
     482              $C$DW$T$10      .dwtag  DW_TAG_base_type
     483                      .dwattr $C$DW$T$10, DW_AT_encoding(DW_ATE_signed)
     484                      .dwattr $C$DW$T$10, DW_AT_name("int")
     485                      .dwattr $C$DW$T$10, DW_AT_byte_size(0x01)
     486              $C$DW$T$11      .dwtag  DW_TAG_base_type
     487                      .dwattr $C$DW$T$11, DW_AT_encoding(DW_ATE_unsigned)
     488                      .dwattr $C$DW$T$11, DW_AT_name("unsigned int")
     489                      .dwattr $C$DW$T$11, DW_AT_byte_size(0x01)
     490              $C$DW$T$22      .dwtag  DW_TAG_typedef, DW_AT_name("UINT16")
     491                      .dwattr $C$DW$T$22, DW_AT_type(*$C$DW$T$11)
     492                      .dwattr $C$DW$T$22, DW_AT_language(DW_LANG_C)
     493              $C$DW$T$23      .dwtag  DW_TAG_typedef, DW_AT_name("UINT8")
     494                      .dwattr $C$DW$T$23, DW_AT_type(*$C$DW$T$11)
     495                      .dwattr $C$DW$T$23, DW_AT_language(DW_LANG_C)
     496              $C$DW$T$12      .dwtag  DW_TAG_base_type
     497                      .dwattr $C$DW$T$12, DW_AT_encoding(DW_ATE_signed)
     498                      .dwattr $C$DW$T$12, DW_AT_name("long")
     499                      .dwattr $C$DW$T$12, DW_AT_byte_size(0x02)
     500              $C$DW$T$13      .dwtag  DW_TAG_base_type
     501                      .dwattr $C$DW$T$13, DW_AT_encoding(DW_ATE_unsigned)
     502                      .dwattr $C$DW$T$13, DW_AT_name("unsigned long")
     503                      .dwattr $C$DW$T$13, DW_AT_byte_size(0x02)
     504              $C$DW$T$14      .dwtag  DW_TAG_base_type
     505                      .dwattr $C$DW$T$14, DW_AT_encoding(DW_ATE_signed)
     506                      .dwattr $C$DW$T$14, DW_AT_name("long long")
     507                      .dwattr $C$DW$T$14, DW_AT_byte_size(0x04)
     508              $C$DW$T$15      .dwtag  DW_TAG_base_type
     509                      .dwattr $C$DW$T$15, DW_AT_encoding(DW_ATE_unsigned)
     510                      .dwattr $C$DW$T$15, DW_AT_name("unsigned long long")
     511                      .dwattr $C$DW$T$15, DW_AT_byte_size(0x04)
     512              $C$DW$T$16      .dwtag  DW_TAG_base_type
     513                      .dwattr $C$DW$T$16, DW_AT_encoding(DW_ATE_float)
     514                      .dwattr $C$DW$T$16, DW_AT_name("float")
     515                      .dwattr $C$DW$T$16, DW_AT_byte_size(0x02)
     516              $C$DW$T$17      .dwtag  DW_TAG_base_type
     517                      .dwattr $C$DW$T$17, DW_AT_encoding(DW_ATE_float)
     518                      .dwattr $C$DW$T$17, DW_AT_name("double")
     519                      .dwattr $C$DW$T$17, DW_AT_byte_size(0x02)
     520              $C$DW$T$18      .dwtag  DW_TAG_base_type
     521                      .dwattr $C$DW$T$18, DW_AT_encoding(DW_ATE_float)
     522                      .dwattr $C$DW$T$18, DW_AT_name("long double")
     523                      .dwattr $C$DW$T$18, DW_AT_byte_size(0x04)
     524                      .dwattr $C$DW$CU, DW_AT_language(DW_LANG_C)
     525              
     526              ;***************************************************************
     527              ;* DWARF CIE ENTRIES                                           *
     528              ;***************************************************************
     529              
     530              $C$DW$CIE       .dwcie 78
     531                      .dwcfi  cfa_register, 20
     532                      .dwcfi  cfa_offset, 0
     533                      .dwcfi  undefined, 0
TMS320C2000 Assembler PC v6.2.7 Thu Jul 02 08:31:01 2015

Tools Copyright (c) 1996-2014 Texas Instruments Incorporated
C:\Users\Tester\AppData\Local\Temp\0218410                           PAGE   12

     534                      .dwcfi  undefined, 1
     535                      .dwcfi  undefined, 2
     536                      .dwcfi  undefined, 3
     537                      .dwcfi  undefined, 20
     538                      .dwcfi  undefined, 21
     539                      .dwcfi  undefined, 22
     540                      .dwcfi  undefined, 23
     541                      .dwcfi  undefined, 24
     542                      .dwcfi  undefined, 25
     543                      .dwcfi  undefined, 26
     544                      .dwcfi  same_value, 28
     545                      .dwcfi  undefined, 29
     546                      .dwcfi  undefined, 30
     547                      .dwcfi  undefined, 31
     548                      .dwcfi  undefined, 32
     549                      .dwcfi  undefined, 33
     550                      .dwcfi  undefined, 34
     551                      .dwcfi  undefined, 35
     552                      .dwcfi  undefined, 36
     553                      .dwcfi  undefined, 37
     554                      .dwcfi  undefined, 38
     555                      .dwcfi  undefined, 75
     556                      .dwcfi  undefined, 76
     557                      .dwcfi  undefined, 77
     558                      .dwcfi  undefined, 4
     559                      .dwcfi  same_value, 6
     560                      .dwcfi  same_value, 8
     561                      .dwcfi  same_value, 10
     562                      .dwcfi  undefined, 12
     563                      .dwcfi  undefined, 14
     564                      .dwcfi  undefined, 16
     565                      .dwcfi  undefined, 17
     566                      .dwcfi  undefined, 18
     567                      .dwcfi  undefined, 19
     568                      .dwcfi  undefined, 5
     569                      .dwcfi  same_value, 7
     570                      .dwcfi  same_value, 9
     571                      .dwcfi  same_value, 11
     572                      .dwcfi  undefined, 13
     573                      .dwcfi  undefined, 15
     574                      .dwcfi  undefined, 43
     575                      .dwcfi  undefined, 44
     576                      .dwcfi  undefined, 47
     577                      .dwcfi  undefined, 48
     578                      .dwcfi  undefined, 51
     579                      .dwcfi  undefined, 52
     580                      .dwcfi  undefined, 55
     581                      .dwcfi  undefined, 56
     582                      .dwcfi  same_value, 59
     583                      .dwcfi  same_value, 60
     584                      .dwcfi  same_value, 63
     585                      .dwcfi  same_value, 64
     586                      .dwcfi  same_value, 67
     587                      .dwcfi  same_value, 68
     588                      .dwcfi  same_value, 71
TMS320C2000 Assembler PC v6.2.7 Thu Jul 02 08:31:01 2015

Tools Copyright (c) 1996-2014 Texas Instruments Incorporated
C:\Users\Tester\AppData\Local\Temp\0218410                           PAGE   13

     589                      .dwcfi  same_value, 72
     590                      .dwcfi  undefined, 73
     591                      .dwcfi  undefined, 74
     592                      .dwcfi  undefined, 39
     593                      .dwcfi  undefined, 40
     594                      .dwcfi  undefined, 27
     595                      .dwcfi  undefined, 78
     596                      .dwendentry
     597              
     598              ;***************************************************************
     599              ;* DWARF REGISTER MAP                                          *
     600              ;***************************************************************
     601              
     602              $C$DW$23        .dwtag  DW_TAG_TI_assign_register, DW_AT_name("AL")
     603                      .dwattr $C$DW$23, DW_AT_location[DW_OP_reg0]
     604              $C$DW$24        .dwtag  DW_TAG_TI_assign_register, DW_AT_name("AH")
     605                      .dwattr $C$DW$24, DW_AT_location[DW_OP_reg1]
     606              $C$DW$25        .dwtag  DW_TAG_TI_assign_register, DW_AT_name("PL")
     607                      .dwattr $C$DW$25, DW_AT_location[DW_OP_reg2]
     608              $C$DW$26        .dwtag  DW_TAG_TI_assign_register, DW_AT_name("PH")
     609                      .dwattr $C$DW$26, DW_AT_location[DW_OP_reg3]
     610              $C$DW$27        .dwtag  DW_TAG_TI_assign_register, DW_AT_name("SP")
     611                      .dwattr $C$DW$27, DW_AT_location[DW_OP_reg20]
     612              $C$DW$28        .dwtag  DW_TAG_TI_assign_register, DW_AT_name("XT")
     613                      .dwattr $C$DW$28, DW_AT_location[DW_OP_reg21]
     614              $C$DW$29        .dwtag  DW_TAG_TI_assign_register, DW_AT_name("T")
     615                      .dwattr $C$DW$29, DW_AT_location[DW_OP_reg22]
     616              $C$DW$30        .dwtag  DW_TAG_TI_assign_register, DW_AT_name("ST0")
     617                      .dwattr $C$DW$30, DW_AT_location[DW_OP_reg23]
     618              $C$DW$31        .dwtag  DW_TAG_TI_assign_register, DW_AT_name("ST1")
     619                      .dwattr $C$DW$31, DW_AT_location[DW_OP_reg24]
     620              $C$DW$32        .dwtag  DW_TAG_TI_assign_register, DW_AT_name("PC")
     621                      .dwattr $C$DW$32, DW_AT_location[DW_OP_reg25]
     622              $C$DW$33        .dwtag  DW_TAG_TI_assign_register, DW_AT_name("RPC")
     623                      .dwattr $C$DW$33, DW_AT_location[DW_OP_reg26]
     624              $C$DW$34        .dwtag  DW_TAG_TI_assign_register, DW_AT_name("FP")
     625                      .dwattr $C$DW$34, DW_AT_location[DW_OP_reg28]
     626              $C$DW$35        .dwtag  DW_TAG_TI_assign_register, DW_AT_name("DP")
     627                      .dwattr $C$DW$35, DW_AT_location[DW_OP_reg29]
     628              $C$DW$36        .dwtag  DW_TAG_TI_assign_register, DW_AT_name("SXM")
     629                      .dwattr $C$DW$36, DW_AT_location[DW_OP_reg30]
     630              $C$DW$37        .dwtag  DW_TAG_TI_assign_register, DW_AT_name("PM")
     631                      .dwattr $C$DW$37, DW_AT_location[DW_OP_reg31]
     632              $C$DW$38        .dwtag  DW_TAG_TI_assign_register, DW_AT_name("OVM")
     633                      .dwattr $C$DW$38, DW_AT_location[DW_OP_regx 0x20]
     634              $C$DW$39        .dwtag  DW_TAG_TI_assign_register, DW_AT_name("PAGE0")
     635                      .dwattr $C$DW$39, DW_AT_location[DW_OP_regx 0x21]
     636              $C$DW$40        .dwtag  DW_TAG_TI_assign_register, DW_AT_name("AMODE")
     637                      .dwattr $C$DW$40, DW_AT_location[DW_OP_regx 0x22]
     638              $C$DW$41        .dwtag  DW_TAG_TI_assign_register, DW_AT_name("INTM")
     639                      .dwattr $C$DW$41, DW_AT_location[DW_OP_regx 0x23]
     640              $C$DW$42        .dwtag  DW_TAG_TI_assign_register, DW_AT_name("IFR")
     641                      .dwattr $C$DW$42, DW_AT_location[DW_OP_regx 0x24]
     642              $C$DW$43        .dwtag  DW_TAG_TI_assign_register, DW_AT_name("IER")
     643                      .dwattr $C$DW$43, DW_AT_location[DW_OP_regx 0x25]
TMS320C2000 Assembler PC v6.2.7 Thu Jul 02 08:31:01 2015

Tools Copyright (c) 1996-2014 Texas Instruments Incorporated
C:\Users\Tester\AppData\Local\Temp\0218410                           PAGE   14

     644              $C$DW$44        .dwtag  DW_TAG_TI_assign_register, DW_AT_name("V")
     645                      .dwattr $C$DW$44, DW_AT_location[DW_OP_regx 0x26]
     646              $C$DW$45        .dwtag  DW_TAG_TI_assign_register, DW_AT_name("PSEUDOH")
     647                      .dwattr $C$DW$45, DW_AT_location[DW_OP_regx 0x4c]
     648              $C$DW$46        .dwtag  DW_TAG_TI_assign_register, DW_AT_name("VOL")
     649                      .dwattr $C$DW$46, DW_AT_location[DW_OP_regx 0x4d]
     650              $C$DW$47        .dwtag  DW_TAG_TI_assign_register, DW_AT_name("AR0")
     651                      .dwattr $C$DW$47, DW_AT_location[DW_OP_reg4]
     652              $C$DW$48        .dwtag  DW_TAG_TI_assign_register, DW_AT_name("AR1")
     653                      .dwattr $C$DW$48, DW_AT_location[DW_OP_reg6]
     654              $C$DW$49        .dwtag  DW_TAG_TI_assign_register, DW_AT_name("AR2")
     655                      .dwattr $C$DW$49, DW_AT_location[DW_OP_reg8]
     656              $C$DW$50        .dwtag  DW_TAG_TI_assign_register, DW_AT_name("AR3")
     657                      .dwattr $C$DW$50, DW_AT_location[DW_OP_reg10]
     658              $C$DW$51        .dwtag  DW_TAG_TI_assign_register, DW_AT_name("AR4")
     659                      .dwattr $C$DW$51, DW_AT_location[DW_OP_reg12]
     660              $C$DW$52        .dwtag  DW_TAG_TI_assign_register, DW_AT_name("AR5")
     661                      .dwattr $C$DW$52, DW_AT_location[DW_OP_reg14]
     662              $C$DW$53        .dwtag  DW_TAG_TI_assign_register, DW_AT_name("AR6")
     663                      .dwattr $C$DW$53, DW_AT_location[DW_OP_reg16]
     664              $C$DW$54        .dwtag  DW_TAG_TI_assign_register, DW_AT_name("XAR6")
     665                      .dwattr $C$DW$54, DW_AT_location[DW_OP_reg17]
     666              $C$DW$55        .dwtag  DW_TAG_TI_assign_register, DW_AT_name("AR7")
     667                      .dwattr $C$DW$55, DW_AT_location[DW_OP_reg18]
     668              $C$DW$56        .dwtag  DW_TAG_TI_assign_register, DW_AT_name("XAR7")
     669                      .dwattr $C$DW$56, DW_AT_location[DW_OP_reg19]
     670              $C$DW$57        .dwtag  DW_TAG_TI_assign_register, DW_AT_name("XAR0")
     671                      .dwattr $C$DW$57, DW_AT_location[DW_OP_reg5]
     672              $C$DW$58        .dwtag  DW_TAG_TI_assign_register, DW_AT_name("XAR1")
     673                      .dwattr $C$DW$58, DW_AT_location[DW_OP_reg7]
     674              $C$DW$59        .dwtag  DW_TAG_TI_assign_register, DW_AT_name("XAR2")
     675                      .dwattr $C$DW$59, DW_AT_location[DW_OP_reg9]
     676              $C$DW$60        .dwtag  DW_TAG_TI_assign_register, DW_AT_name("XAR3")
     677                      .dwattr $C$DW$60, DW_AT_location[DW_OP_reg11]
     678              $C$DW$61        .dwtag  DW_TAG_TI_assign_register, DW_AT_name("XAR4")
     679                      .dwattr $C$DW$61, DW_AT_location[DW_OP_reg13]
     680              $C$DW$62        .dwtag  DW_TAG_TI_assign_register, DW_AT_name("XAR5")
     681                      .dwattr $C$DW$62, DW_AT_location[DW_OP_reg15]
     682              $C$DW$63        .dwtag  DW_TAG_TI_assign_register, DW_AT_name("R0HL")
     683                      .dwattr $C$DW$63, DW_AT_location[DW_OP_regx 0x2b]
     684              $C$DW$64        .dwtag  DW_TAG_TI_assign_register, DW_AT_name("R0H")
     685                      .dwattr $C$DW$64, DW_AT_location[DW_OP_regx 0x2c]
     686              $C$DW$65        .dwtag  DW_TAG_TI_assign_register, DW_AT_name("R1HL")
     687                      .dwattr $C$DW$65, DW_AT_location[DW_OP_regx 0x2f]
     688              $C$DW$66        .dwtag  DW_TAG_TI_assign_register, DW_AT_name("R1H")
     689                      .dwattr $C$DW$66, DW_AT_location[DW_OP_regx 0x30]
     690              $C$DW$67        .dwtag  DW_TAG_TI_assign_register, DW_AT_name("R2HL")
     691                      .dwattr $C$DW$67, DW_AT_location[DW_OP_regx 0x33]
     692              $C$DW$68        .dwtag  DW_TAG_TI_assign_register, DW_AT_name("R2H")
     693                      .dwattr $C$DW$68, DW_AT_location[DW_OP_regx 0x34]
     694              $C$DW$69        .dwtag  DW_TAG_TI_assign_register, DW_AT_name("R3HL")
     695                      .dwattr $C$DW$69, DW_AT_location[DW_OP_regx 0x37]
     696              $C$DW$70        .dwtag  DW_TAG_TI_assign_register, DW_AT_name("R3H")
     697                      .dwattr $C$DW$70, DW_AT_location[DW_OP_regx 0x38]
     698              $C$DW$71        .dwtag  DW_TAG_TI_assign_register, DW_AT_name("R4HL")
TMS320C2000 Assembler PC v6.2.7 Thu Jul 02 08:31:01 2015

Tools Copyright (c) 1996-2014 Texas Instruments Incorporated
C:\Users\Tester\AppData\Local\Temp\0218410                           PAGE   15

     699                      .dwattr $C$DW$71, DW_AT_location[DW_OP_regx 0x3b]
     700              $C$DW$72        .dwtag  DW_TAG_TI_assign_register, DW_AT_name("R4H")
     701                      .dwattr $C$DW$72, DW_AT_location[DW_OP_regx 0x3c]
     702              $C$DW$73        .dwtag  DW_TAG_TI_assign_register, DW_AT_name("R5HL")
     703                      .dwattr $C$DW$73, DW_AT_location[DW_OP_regx 0x3f]
     704              $C$DW$74        .dwtag  DW_TAG_TI_assign_register, DW_AT_name("R5H")
     705                      .dwattr $C$DW$74, DW_AT_location[DW_OP_regx 0x40]
     706              $C$DW$75        .dwtag  DW_TAG_TI_assign_register, DW_AT_name("R6HL")
     707                      .dwattr $C$DW$75, DW_AT_location[DW_OP_regx 0x43]
     708              $C$DW$76        .dwtag  DW_TAG_TI_assign_register, DW_AT_name("R6H")
     709                      .dwattr $C$DW$76, DW_AT_location[DW_OP_regx 0x44]
     710              $C$DW$77        .dwtag  DW_TAG_TI_assign_register, DW_AT_name("R7HL")
     711                      .dwattr $C$DW$77, DW_AT_location[DW_OP_regx 0x47]
     712              $C$DW$78        .dwtag  DW_TAG_TI_assign_register, DW_AT_name("R7H")
     713                      .dwattr $C$DW$78, DW_AT_location[DW_OP_regx 0x48]
     714              $C$DW$79        .dwtag  DW_TAG_TI_assign_register, DW_AT_name("RBL")
     715                      .dwattr $C$DW$79, DW_AT_location[DW_OP_regx 0x49]
     716              $C$DW$80        .dwtag  DW_TAG_TI_assign_register, DW_AT_name("RB")
     717                      .dwattr $C$DW$80, DW_AT_location[DW_OP_regx 0x4a]
     718              $C$DW$81        .dwtag  DW_TAG_TI_assign_register, DW_AT_name("STFL")
     719                      .dwattr $C$DW$81, DW_AT_location[DW_OP_regx 0x27]
     720              $C$DW$82        .dwtag  DW_TAG_TI_assign_register, DW_AT_name("STF")
     721                      .dwattr $C$DW$82, DW_AT_location[DW_OP_regx 0x28]
     722              $C$DW$83        .dwtag  DW_TAG_TI_assign_register, DW_AT_name("FPUHAZ")
     723                      .dwattr $C$DW$83, DW_AT_location[DW_OP_reg27]
     724              $C$DW$84        .dwtag  DW_TAG_TI_assign_register, DW_AT_name("CIE_RETA")
     725                      .dwattr $C$DW$84, DW_AT_location[DW_OP_regx 0x4e]
     726                      .dwendtag $C$DW$CU
     727              

No Assembly Errors, No Assembly Warnings
