TMS320C2000 Assembler PC v6.2.7 Thu Jul 02 08:30:59 2015

Tools Copyright (c) 1996-2014 Texas Instruments Incorporated
C:\Users\Tester\AppData\Local\Temp\0428810                           PAGE    1

       1              ;***************************************************************
       2              ;* TMS320C2000 C/C++ Codegen                         PC v6.2.7 *
       3              ;* Date/Time created: Thu Jul 02 08:30:59 2015                 *
       4              ;***************************************************************
       5                      .compiler_opts --diag_wrap=off --float_support=fpu32 --hll_source=on --mem_model:code=flat --mem_mode
       6        0002  FP      .set    XAR2
       7              
       8              $C$DW$CU        .dwtag  DW_TAG_compile_unit
       9                      .dwattr $C$DW$CU, DW_AT_name("../interface/DiscrOutPut.c")
      10                      .dwattr $C$DW$CU, DW_AT_producer("TMS320C2000 C/C++ Codegen PC v6.2.7 Copyright (c) 1996-2014 Texas I
      11                      .dwattr $C$DW$CU, DW_AT_TI_version(0x01)
      12                      .dwattr $C$DW$CU, DW_AT_comp_dir("D:\ActiveProject\EKT5\PKMT_NONBIOS\InvertorCntrl\ISPprg")
      13              
      14              $C$DW$1 .dwtag  DW_TAG_subprogram, DW_AT_name("offDistOK2")
      15                      .dwattr $C$DW$1, DW_AT_TI_symbol_name("_offDistOK2")
      16                      .dwattr $C$DW$1, DW_AT_declaration
      17                      .dwattr $C$DW$1, DW_AT_external
      18              
      19              $C$DW$2 .dwtag  DW_TAG_subprogram, DW_AT_name("offDistRele")
      20                      .dwattr $C$DW$2, DW_AT_TI_symbol_name("_offDistRele")
      21                      .dwattr $C$DW$2, DW_AT_declaration
      22                      .dwattr $C$DW$2, DW_AT_external
      23              
      24              $C$DW$3 .dwtag  DW_TAG_subprogram, DW_AT_name("onDistRele")
      25                      .dwattr $C$DW$3, DW_AT_TI_symbol_name("_onDistRele")
      26                      .dwattr $C$DW$3, DW_AT_declaration
      27                      .dwattr $C$DW$3, DW_AT_external
      28              
      29              $C$DW$4 .dwtag  DW_TAG_subprogram, DW_AT_name("onDistOK2")
      30                      .dwattr $C$DW$4, DW_AT_TI_symbol_name("_onDistOK2")
      31                      .dwattr $C$DW$4, DW_AT_declaration
      32                      .dwattr $C$DW$4, DW_AT_external
      33              
      34              $C$DW$5 .dwtag  DW_TAG_subprogram, DW_AT_name("offDistOK1")
      35                      .dwattr $C$DW$5, DW_AT_TI_symbol_name("_offDistOK1")
      36                      .dwattr $C$DW$5, DW_AT_declaration
      37                      .dwattr $C$DW$5, DW_AT_external
      38              
      39              $C$DW$6 .dwtag  DW_TAG_subprogram, DW_AT_name("testStatusConvertor")
      40                      .dwattr $C$DW$6, DW_AT_TI_symbol_name("_testStatusConvertor")
      41                      .dwattr $C$DW$6, DW_AT_type(*$C$DW$T$29)
      42                      .dwattr $C$DW$6, DW_AT_declaration
      43                      .dwattr $C$DW$6, DW_AT_external
      44              $C$DW$7 .dwtag  DW_TAG_formal_parameter
      45                      .dwattr $C$DW$7, DW_AT_type(*$C$DW$T$26)
      46                      .dwendtag $C$DW$6
      47              
      48              
      49              $C$DW$8 .dwtag  DW_TAG_subprogram, DW_AT_name("getRegister")
      50                      .dwattr $C$DW$8, DW_AT_TI_symbol_name("_getRegister")
      51                      .dwattr $C$DW$8, DW_AT_type(*$C$DW$T$10)
      52                      .dwattr $C$DW$8, DW_AT_declaration
      53                      .dwattr $C$DW$8, DW_AT_external
      54              $C$DW$9 .dwtag  DW_TAG_formal_parameter
      55                      .dwattr $C$DW$9, DW_AT_type(*$C$DW$T$5)
TMS320C2000 Assembler PC v6.2.7 Thu Jul 02 08:30:59 2015

Tools Copyright (c) 1996-2014 Texas Instruments Incorporated
C:\Users\Tester\AppData\Local\Temp\0428810                           PAGE    2

      56                      .dwendtag $C$DW$8
      57              
      58              
      59              $C$DW$10        .dwtag  DW_TAG_subprogram, DW_AT_name("testOvercurrent")
      60                      .dwattr $C$DW$10, DW_AT_TI_symbol_name("_testOvercurrent")
      61                      .dwattr $C$DW$10, DW_AT_type(*$C$DW$T$29)
      62                      .dwattr $C$DW$10, DW_AT_declaration
      63                      .dwattr $C$DW$10, DW_AT_external
      64              
      65              $C$DW$11        .dwtag  DW_TAG_subprogram, DW_AT_name("getModeConvertor")
      66                      .dwattr $C$DW$11, DW_AT_TI_symbol_name("_getModeConvertor")
      67                      .dwattr $C$DW$11, DW_AT_type(*$C$DW$T$26)
      68                      .dwattr $C$DW$11, DW_AT_declaration
      69                      .dwattr $C$DW$11, DW_AT_external
      70              ;       C:\ti\ccsv6\tools\compiler\c2000_6.2.7\bin\ac2000.exe -@C:\\Users\\Tester\\AppData\\Local\\Temp\\0428
      71 00000000               .sect   ".text"
      72                      .clink
      73                      .global _initDiscrPinOut
      74              
      75              $C$DW$12        .dwtag  DW_TAG_subprogram, DW_AT_name("initDiscrPinOut")
      76                      .dwattr $C$DW$12, DW_AT_low_pc(_initDiscrPinOut)
      77                      .dwattr $C$DW$12, DW_AT_high_pc(0x00)
      78                      .dwattr $C$DW$12, DW_AT_TI_symbol_name("_initDiscrPinOut")
      79                      .dwattr $C$DW$12, DW_AT_external
      80                      .dwattr $C$DW$12, DW_AT_TI_begin_file("../interface/DiscrOutPut.c")
      81                      .dwattr $C$DW$12, DW_AT_TI_begin_line(0x0c)
      82                      .dwattr $C$DW$12, DW_AT_TI_begin_column(0x06)
      83                      .dwattr $C$DW$12, DW_AT_TI_max_frame_size(-2)
      84                      .dwpsn  file "../interface/DiscrOutPut.c",line 12,column 27,is_stmt,address _initDiscrPinOut
      85              
      86                      .dwfde $C$DW$CIE, _initDiscrPinOut
      87              
      88              ;***************************************************************
      89              ;* FNAME: _initDiscrPinOut              FR SIZE:   0           *
      90              ;*                                                             *
      91              ;* FUNCTION ENVIRONMENT                                        *
      92              ;*                                                             *
      93              ;* FUNCTION PROPERTIES                                         *
      94              ;*                            0 Parameter,  0 Auto,  0 SOE     *
      95              ;***************************************************************
      96              
      97 00000000       _initDiscrPinOut:
      98                      .dwcfi  cfa_offset, -2
      99                      .dwcfi  save_reg_to_mem, 26, 0
     100                      .dwcfi  save_reg_to_reg, 78, 26
     101                      .dwpsn  file "../interface/DiscrOutPut.c",line 13,column 2,is_stmt
     102              $C$DW$13        .dwtag  DW_TAG_TI_branch
     103                      .dwattr $C$DW$13, DW_AT_low_pc(0x00)
     104                      .dwattr $C$DW$13, DW_AT_name("_offDistRele")
     105                      .dwattr $C$DW$13, DW_AT_TI_call
     106 00000000 7640!         LCR       #_offDistRele         ; [CPU_] |13| 
         00000001 0000 
     107                      ; call occurs [#_offDistRele] ; [] |13| 
     108                      .dwpsn  file "../interface/DiscrOutPut.c",line 14,column 2,is_stmt
     109              $C$DW$14        .dwtag  DW_TAG_TI_branch
TMS320C2000 Assembler PC v6.2.7 Thu Jul 02 08:30:59 2015

Tools Copyright (c) 1996-2014 Texas Instruments Incorporated
C:\Users\Tester\AppData\Local\Temp\0428810                           PAGE    3

     110                      .dwattr $C$DW$14, DW_AT_low_pc(0x00)
     111                      .dwattr $C$DW$14, DW_AT_name("_offDistOK1")
     112                      .dwattr $C$DW$14, DW_AT_TI_call
     113 00000002 7640!         LCR       #_offDistOK1          ; [CPU_] |14| 
         00000003 0000 
     114                      ; call occurs [#_offDistOK1] ; [] |14| 
     115                      .dwpsn  file "../interface/DiscrOutPut.c",line 15,column 2,is_stmt
     116              $C$DW$15        .dwtag  DW_TAG_TI_branch
     117                      .dwattr $C$DW$15, DW_AT_low_pc(0x00)
     118                      .dwattr $C$DW$15, DW_AT_name("_offDistOK2")
     119                      .dwattr $C$DW$15, DW_AT_TI_call
     120 00000004 7640!         LCR       #_offDistOK2          ; [CPU_] |15| 
         00000005 0000 
     121                      ; call occurs [#_offDistOK2] ; [] |15| 
     122                      .dwpsn  file "../interface/DiscrOutPut.c",line 16,column 1,is_stmt
     123              $C$DW$16        .dwtag  DW_TAG_TI_branch
     124                      .dwattr $C$DW$16, DW_AT_low_pc(0x00)
     125                      .dwattr $C$DW$16, DW_AT_TI_return
     126 00000006 0006          LRETR     ; [CPU_] 
     127                      ; return occurs ; [] 
     128                      .dwattr $C$DW$12, DW_AT_TI_end_file("../interface/DiscrOutPut.c")
     129                      .dwattr $C$DW$12, DW_AT_TI_end_line(0x10)
     130                      .dwattr $C$DW$12, DW_AT_TI_end_column(0x01)
     131                      .dwendentry
     132                      .dwendtag $C$DW$12
     133              
     134 00000007               .sect   ".text"
     135                      .clink
     136                      .global _cntrlOutPin
     137              
     138              $C$DW$17        .dwtag  DW_TAG_subprogram, DW_AT_name("cntrlOutPin")
     139                      .dwattr $C$DW$17, DW_AT_low_pc(_cntrlOutPin)
     140                      .dwattr $C$DW$17, DW_AT_high_pc(0x00)
     141                      .dwattr $C$DW$17, DW_AT_TI_symbol_name("_cntrlOutPin")
     142                      .dwattr $C$DW$17, DW_AT_external
     143                      .dwattr $C$DW$17, DW_AT_TI_begin_file("../interface/DiscrOutPut.c")
     144                      .dwattr $C$DW$17, DW_AT_TI_begin_line(0x12)
     145                      .dwattr $C$DW$17, DW_AT_TI_begin_column(0x06)
     146                      .dwattr $C$DW$17, DW_AT_TI_max_frame_size(-8)
     147                      .dwpsn  file "../interface/DiscrOutPut.c",line 19,column 44,is_stmt,address _cntrlOutPin
     148              
     149                      .dwfde $C$DW$CIE, _cntrlOutPin
     150              $C$DW$18        .dwtag  DW_TAG_formal_parameter, DW_AT_name("mode")
     151                      .dwattr $C$DW$18, DW_AT_TI_symbol_name("_mode")
     152                      .dwattr $C$DW$18, DW_AT_type(*$C$DW$T$5)
     153                      .dwattr $C$DW$18, DW_AT_location[DW_OP_reg0]
     154              $C$DW$19        .dwtag  DW_TAG_formal_parameter, DW_AT_name("onPin")
     155                      .dwattr $C$DW$19, DW_AT_TI_symbol_name("_onPin")
     156                      .dwattr $C$DW$19, DW_AT_type(*$C$DW$T$20)
     157                      .dwattr $C$DW$19, DW_AT_location[DW_OP_reg12]
     158              $C$DW$20        .dwtag  DW_TAG_formal_parameter, DW_AT_name("offPin")
     159                      .dwattr $C$DW$20, DW_AT_TI_symbol_name("_offPin")
     160                      .dwattr $C$DW$20, DW_AT_type(*$C$DW$T$20)
     161                      .dwattr $C$DW$20, DW_AT_location[DW_OP_reg14]
     162              
TMS320C2000 Assembler PC v6.2.7 Thu Jul 02 08:30:59 2015

Tools Copyright (c) 1996-2014 Texas Instruments Incorporated
C:\Users\Tester\AppData\Local\Temp\0428810                           PAGE    4

     163              ;***************************************************************
     164              ;* FNAME: _cntrlOutPin                  FR SIZE:   6           *
     165              ;*                                                             *
     166              ;* FUNCTION ENVIRONMENT                                        *
     167              ;*                                                             *
     168              ;* FUNCTION PROPERTIES                                         *
     169              ;*                            0 Parameter,  6 Auto,  0 SOE     *
     170              ;***************************************************************
     171              
     172 00000007       _cntrlOutPin:
     173                      .dwcfi  cfa_offset, -2
     174                      .dwcfi  save_reg_to_mem, 26, 0
     175                      .dwcfi  save_reg_to_reg, 78, 26
     176 00000007 FE06          ADDB      SP,#6                 ; [CPU_U] 
     177                      .dwcfi  cfa_offset, -8
     178              $C$DW$21        .dwtag  DW_TAG_variable, DW_AT_name("mode")
     179                      .dwattr $C$DW$21, DW_AT_TI_symbol_name("_mode")
     180                      .dwattr $C$DW$21, DW_AT_type(*$C$DW$T$5)
     181                      .dwattr $C$DW$21, DW_AT_location[DW_OP_breg20 -1]
     182              $C$DW$22        .dwtag  DW_TAG_variable, DW_AT_name("onPin")
     183                      .dwattr $C$DW$22, DW_AT_TI_symbol_name("_onPin")
     184                      .dwattr $C$DW$22, DW_AT_type(*$C$DW$T$20)
     185                      .dwattr $C$DW$22, DW_AT_location[DW_OP_breg20 -4]
     186              $C$DW$23        .dwtag  DW_TAG_variable, DW_AT_name("offPin")
     187                      .dwattr $C$DW$23, DW_AT_TI_symbol_name("_offPin")
     188                      .dwattr $C$DW$23, DW_AT_type(*$C$DW$T$20)
     189                      .dwattr $C$DW$23, DW_AT_location[DW_OP_breg20 -6]
     190 00000008 9641          MOV       *-SP[1],AL            ; [CPU_] |19| 
     191 00000009 A046          MOVL      *-SP[6],XAR5          ; [CPU_] |19| 
     192 0000000a A844          MOVL      *-SP[4],XAR4          ; [CPU_] |19| 
     193                      .dwpsn  file "../interface/DiscrOutPut.c",line 20,column 2,is_stmt
     194 0000000b 6F37          B         $C$L11,UNC            ; [CPU_] |20| 
     195                      ; branch occurs ; [] |20| 
     196 0000000c       $C$L1:    
     197                      .dwpsn  file "../interface/DiscrOutPut.c",line 22,column 4,is_stmt
     198 0000000c C546          MOVL      XAR7,*-SP[6]          ; [CPU_] |22| 
     199              $C$DW$24        .dwtag  DW_TAG_TI_branch
     200                      .dwattr $C$DW$24, DW_AT_low_pc(0x00)
     201                      .dwattr $C$DW$24, DW_AT_TI_call
     202                      .dwattr $C$DW$24, DW_AT_TI_indirect
     203 0000000d 3E67          LCR       *XAR7                 ; [CPU_] |22| 
     204                      ; call occurs [XAR7] ; [] |22| 
     205                      .dwpsn  file "../interface/DiscrOutPut.c",line 23,column 4,is_stmt
     206 0000000e 6F3D          B         $C$L12,UNC            ; [CPU_] |23| 
     207                      ; branch occurs ; [] |23| 
     208 0000000f       $C$L2:    
     209                      .dwpsn  file "../interface/DiscrOutPut.c",line 26,column 4,is_stmt
     210 0000000f 28A9          MOV       AL,#33776             ; [CPU_] |26| 
         00000010 83F0 
     211              $C$DW$25        .dwtag  DW_TAG_TI_branch
     212                      .dwattr $C$DW$25, DW_AT_low_pc(0x00)
     213                      .dwattr $C$DW$25, DW_AT_name("_testStatusConvertor")
     214                      .dwattr $C$DW$25, DW_AT_TI_call
     215 00000011 7640!         LCR       #_testStatusConvertor ; [CPU_] |26| 
         00000012 0000 
TMS320C2000 Assembler PC v6.2.7 Thu Jul 02 08:30:59 2015

Tools Copyright (c) 1996-2014 Texas Instruments Incorporated
C:\Users\Tester\AppData\Local\Temp\0428810                           PAGE    5

     216                      ; call occurs [#_testStatusConvertor] ; [] |26| 
     217 00000013 5200          CMPB      AL,#0                 ; [CPU_] |26| 
     218 00000014 EC04          BF        $C$L3,EQ              ; [CPU_] |26| 
     219                      ; branchcc occurs ; [] |26| 
     220                      .dwpsn  file "../interface/DiscrOutPut.c",line 27,column 5,is_stmt
     221 00000015 C544          MOVL      XAR7,*-SP[4]          ; [CPU_] |27| 
     222              $C$DW$26        .dwtag  DW_TAG_TI_branch
     223                      .dwattr $C$DW$26, DW_AT_low_pc(0x00)
     224                      .dwattr $C$DW$26, DW_AT_TI_call
     225                      .dwattr $C$DW$26, DW_AT_TI_indirect
     226 00000016 3E67          LCR       *XAR7                 ; [CPU_] |27| 
     227                      ; call occurs [XAR7] ; [] |27| 
     228                      .dwpsn  file "../interface/DiscrOutPut.c",line 28,column 4,is_stmt
     229 00000017 6F34          B         $C$L12,UNC            ; [CPU_] |28| 
     230                      ; branch occurs ; [] |28| 
     231 00000018       $C$L3:    
     232                      .dwpsn  file "../interface/DiscrOutPut.c",line 29,column 5,is_stmt
     233 00000018 C546          MOVL      XAR7,*-SP[6]          ; [CPU_] |29| 
     234              $C$DW$27        .dwtag  DW_TAG_TI_branch
     235                      .dwattr $C$DW$27, DW_AT_low_pc(0x00)
     236                      .dwattr $C$DW$27, DW_AT_TI_call
     237                      .dwattr $C$DW$27, DW_AT_TI_indirect
     238 00000019 3E67          LCR       *XAR7                 ; [CPU_] |29| 
     239                      ; call occurs [XAR7] ; [] |29| 
     240                      .dwpsn  file "../interface/DiscrOutPut.c",line 32,column 4,is_stmt
     241 0000001a 6F31          B         $C$L12,UNC            ; [CPU_] |32| 
     242                      ; branch occurs ; [] |32| 
     243 0000001b       $C$L4:    
     244                      .dwpsn  file "../interface/DiscrOutPut.c",line 35,column 4,is_stmt
     245 0000001b 28A9          MOV       AL,#33776             ; [CPU_] |35| 
         0000001c 83F0 
     246              $C$DW$28        .dwtag  DW_TAG_TI_branch
     247                      .dwattr $C$DW$28, DW_AT_low_pc(0x00)
     248                      .dwattr $C$DW$28, DW_AT_name("_testStatusConvertor")
     249                      .dwattr $C$DW$28, DW_AT_TI_call
     250 0000001d 7640!         LCR       #_testStatusConvertor ; [CPU_] |35| 
         0000001e 0000 
     251                      ; call occurs [#_testStatusConvertor] ; [] |35| 
     252 0000001f 5200          CMPB      AL,#0                 ; [CPU_] |35| 
     253 00000020 EC04          BF        $C$L5,EQ              ; [CPU_] |35| 
     254                      ; branchcc occurs ; [] |35| 
     255                      .dwpsn  file "../interface/DiscrOutPut.c",line 36,column 5,is_stmt
     256 00000021 C546          MOVL      XAR7,*-SP[6]          ; [CPU_] |36| 
     257              $C$DW$29        .dwtag  DW_TAG_TI_branch
     258                      .dwattr $C$DW$29, DW_AT_low_pc(0x00)
     259                      .dwattr $C$DW$29, DW_AT_TI_call
     260                      .dwattr $C$DW$29, DW_AT_TI_indirect
     261 00000022 3E67          LCR       *XAR7                 ; [CPU_] |36| 
     262                      ; call occurs [XAR7] ; [] |36| 
     263                      .dwpsn  file "../interface/DiscrOutPut.c",line 37,column 4,is_stmt
     264 00000023 6F28          B         $C$L12,UNC            ; [CPU_] |37| 
     265                      ; branch occurs ; [] |37| 
     266 00000024       $C$L5:    
     267                      .dwpsn  file "../interface/DiscrOutPut.c",line 38,column 5,is_stmt
     268              $C$DW$30        .dwtag  DW_TAG_TI_branch
TMS320C2000 Assembler PC v6.2.7 Thu Jul 02 08:30:59 2015

Tools Copyright (c) 1996-2014 Texas Instruments Incorporated
C:\Users\Tester\AppData\Local\Temp\0428810                           PAGE    6

     269                      .dwattr $C$DW$30, DW_AT_low_pc(0x00)
     270                      .dwattr $C$DW$30, DW_AT_name("_getModeConvertor")
     271                      .dwattr $C$DW$30, DW_AT_TI_call
     272 00000024 7640!         LCR       #_getModeConvertor    ; [CPU_] |38| 
         00000025 0000 
     273                      ; call occurs [#_getModeConvertor] ; [] |38| 
     274 00000026 5200          CMPB      AL,#0                 ; [CPU_] |38| 
     275 00000027 ED04          BF        $C$L6,NEQ             ; [CPU_] |38| 
     276                      ; branchcc occurs ; [] |38| 
     277                      .dwpsn  file "../interface/DiscrOutPut.c",line 39,column 6,is_stmt
     278 00000028 C546          MOVL      XAR7,*-SP[6]          ; [CPU_] |39| 
     279              $C$DW$31        .dwtag  DW_TAG_TI_branch
     280                      .dwattr $C$DW$31, DW_AT_low_pc(0x00)
     281                      .dwattr $C$DW$31, DW_AT_TI_call
     282                      .dwattr $C$DW$31, DW_AT_TI_indirect
     283 00000029 3E67          LCR       *XAR7                 ; [CPU_] |39| 
     284                      ; call occurs [XAR7] ; [] |39| 
     285                      .dwpsn  file "../interface/DiscrOutPut.c",line 40,column 5,is_stmt
     286 0000002a 6F21          B         $C$L12,UNC            ; [CPU_] |40| 
     287                      ; branch occurs ; [] |40| 
     288 0000002b       $C$L6:    
     289                      .dwpsn  file "../interface/DiscrOutPut.c",line 41,column 6,is_stmt
     290 0000002b C544          MOVL      XAR7,*-SP[4]          ; [CPU_] |41| 
     291              $C$DW$32        .dwtag  DW_TAG_TI_branch
     292                      .dwattr $C$DW$32, DW_AT_low_pc(0x00)
     293                      .dwattr $C$DW$32, DW_AT_TI_call
     294                      .dwattr $C$DW$32, DW_AT_TI_indirect
     295 0000002c 3E67          LCR       *XAR7                 ; [CPU_] |41| 
     296                      ; call occurs [XAR7] ; [] |41| 
     297                      .dwpsn  file "../interface/DiscrOutPut.c",line 44,column 4,is_stmt
     298 0000002d 6F1E          B         $C$L12,UNC            ; [CPU_] |44| 
     299                      ; branch occurs ; [] |44| 
     300 0000002e       $C$L7:    
     301                      .dwpsn  file "../interface/DiscrOutPut.c",line 47,column 4,is_stmt
     302              $C$DW$33        .dwtag  DW_TAG_TI_branch
     303                      .dwattr $C$DW$33, DW_AT_low_pc(0x00)
     304                      .dwattr $C$DW$33, DW_AT_name("_getModeConvertor")
     305                      .dwattr $C$DW$33, DW_AT_TI_call
     306 0000002e 7640!         LCR       #_getModeConvertor    ; [CPU_] |47| 
         0000002f 0000 
     307                      ; call occurs [#_getModeConvertor] ; [] |47| 
     308 00000030 5204          CMPB      AL,#4                 ; [CPU_] |47| 
     309 00000031 ED04          BF        $C$L8,NEQ             ; [CPU_] |47| 
     310                      ; branchcc occurs ; [] |47| 
     311                      .dwpsn  file "../interface/DiscrOutPut.c",line 48,column 5,is_stmt
     312 00000032 C544          MOVL      XAR7,*-SP[4]          ; [CPU_] |48| 
     313              $C$DW$34        .dwtag  DW_TAG_TI_branch
     314                      .dwattr $C$DW$34, DW_AT_low_pc(0x00)
     315                      .dwattr $C$DW$34, DW_AT_TI_call
     316                      .dwattr $C$DW$34, DW_AT_TI_indirect
     317 00000033 3E67          LCR       *XAR7                 ; [CPU_] |48| 
     318                      ; call occurs [XAR7] ; [] |48| 
     319                      .dwpsn  file "../interface/DiscrOutPut.c",line 49,column 4,is_stmt
     320 00000034 6F17          B         $C$L12,UNC            ; [CPU_] |49| 
     321                      ; branch occurs ; [] |49| 
TMS320C2000 Assembler PC v6.2.7 Thu Jul 02 08:30:59 2015

Tools Copyright (c) 1996-2014 Texas Instruments Incorporated
C:\Users\Tester\AppData\Local\Temp\0428810                           PAGE    7

     322 00000035       $C$L8:    
     323                      .dwpsn  file "../interface/DiscrOutPut.c",line 50,column 5,is_stmt
     324 00000035 C546          MOVL      XAR7,*-SP[6]          ; [CPU_] |50| 
     325              $C$DW$35        .dwtag  DW_TAG_TI_branch
     326                      .dwattr $C$DW$35, DW_AT_low_pc(0x00)
     327                      .dwattr $C$DW$35, DW_AT_TI_call
     328                      .dwattr $C$DW$35, DW_AT_TI_indirect
     329 00000036 3E67          LCR       *XAR7                 ; [CPU_] |50| 
     330                      ; call occurs [XAR7] ; [] |50| 
     331                      .dwpsn  file "../interface/DiscrOutPut.c",line 52,column 4,is_stmt
     332 00000037 6F14          B         $C$L12,UNC            ; [CPU_] |52| 
     333                      ; branch occurs ; [] |52| 
     334 00000038       $C$L9:    
     335                      .dwpsn  file "../interface/DiscrOutPut.c",line 55,column 4,is_stmt
     336              $C$DW$36        .dwtag  DW_TAG_TI_branch
     337                      .dwattr $C$DW$36, DW_AT_low_pc(0x00)
     338                      .dwattr $C$DW$36, DW_AT_name("_testOvercurrent")
     339                      .dwattr $C$DW$36, DW_AT_TI_call
     340 00000038 7640!         LCR       #_testOvercurrent     ; [CPU_] |55| 
         00000039 0000 
     341                      ; call occurs [#_testOvercurrent] ; [] |55| 
     342 0000003a 5200          CMPB      AL,#0                 ; [CPU_] |55| 
     343 0000003b EC04          BF        $C$L10,EQ             ; [CPU_] |55| 
     344                      ; branchcc occurs ; [] |55| 
     345                      .dwpsn  file "../interface/DiscrOutPut.c",line 56,column 5,is_stmt
     346 0000003c C544          MOVL      XAR7,*-SP[4]          ; [CPU_] |56| 
     347              $C$DW$37        .dwtag  DW_TAG_TI_branch
     348                      .dwattr $C$DW$37, DW_AT_low_pc(0x00)
     349                      .dwattr $C$DW$37, DW_AT_TI_call
     350                      .dwattr $C$DW$37, DW_AT_TI_indirect
     351 0000003d 3E67          LCR       *XAR7                 ; [CPU_] |56| 
     352                      ; call occurs [XAR7] ; [] |56| 
     353                      .dwpsn  file "../interface/DiscrOutPut.c",line 57,column 4,is_stmt
     354 0000003e 6F0D          B         $C$L12,UNC            ; [CPU_] |57| 
     355                      ; branch occurs ; [] |57| 
     356 0000003f       $C$L10:    
     357                      .dwpsn  file "../interface/DiscrOutPut.c",line 58,column 5,is_stmt
     358 0000003f C546          MOVL      XAR7,*-SP[6]          ; [CPU_] |58| 
     359              $C$DW$38        .dwtag  DW_TAG_TI_branch
     360                      .dwattr $C$DW$38, DW_AT_low_pc(0x00)
     361                      .dwattr $C$DW$38, DW_AT_TI_call
     362                      .dwattr $C$DW$38, DW_AT_TI_indirect
     363 00000040 3E67          LCR       *XAR7                 ; [CPU_] |58| 
     364                      ; call occurs [XAR7] ; [] |58| 
     365                      .dwpsn  file "../interface/DiscrOutPut.c",line 60,column 4,is_stmt
     366 00000041 6F0A          B         $C$L12,UNC            ; [CPU_] |60| 
     367                      ; branch occurs ; [] |60| 
     368 00000042       $C$L11:    
     369                      .dwpsn  file "../interface/DiscrOutPut.c",line 20,column 2,is_stmt
     370 00000042 5200          CMPB      AL,#0                 ; [CPU_] |20| 
     371 00000043 ECCC          BF        $C$L2,EQ              ; [CPU_] |20| 
     372                      ; branchcc occurs ; [] |20| 
     373 00000044 5201          CMPB      AL,#1                 ; [CPU_] |20| 
     374 00000045 ECD6          BF        $C$L4,EQ              ; [CPU_] |20| 
     375                      ; branchcc occurs ; [] |20| 
TMS320C2000 Assembler PC v6.2.7 Thu Jul 02 08:30:59 2015

Tools Copyright (c) 1996-2014 Texas Instruments Incorporated
C:\Users\Tester\AppData\Local\Temp\0428810                           PAGE    8

     376 00000046 5202          CMPB      AL,#2                 ; [CPU_] |20| 
     377 00000047 ECE7          BF        $C$L7,EQ              ; [CPU_] |20| 
     378                      ; branchcc occurs ; [] |20| 
     379 00000048 5203          CMPB      AL,#3                 ; [CPU_] |20| 
     380 00000049 ECEF          BF        $C$L9,EQ              ; [CPU_] |20| 
     381                      ; branchcc occurs ; [] |20| 
     382 0000004a 6FC2          B         $C$L1,UNC             ; [CPU_] |20| 
     383                      ; branch occurs ; [] |20| 
     384 0000004b       $C$L12:    
     385 0000004b FE86          SUBB      SP,#6                 ; [CPU_U] 
     386                      .dwcfi  cfa_offset, -2
     387              $C$DW$39        .dwtag  DW_TAG_TI_branch
     388                      .dwattr $C$DW$39, DW_AT_low_pc(0x00)
     389                      .dwattr $C$DW$39, DW_AT_TI_return
     390 0000004c 0006          LRETR     ; [CPU_] 
     391                      ; return occurs ; [] 
     392                      .dwattr $C$DW$17, DW_AT_TI_end_file("../interface/DiscrOutPut.c")
     393                      .dwattr $C$DW$17, DW_AT_TI_end_line(0x3f)
     394                      .dwattr $C$DW$17, DW_AT_TI_end_column(0x01)
     395                      .dwendentry
     396                      .dwendtag $C$DW$17
     397              
     398 0000004d               .sect   ".text"
     399                      .clink
     400                      .global _cntrlDiscrPinOut
     401              
     402              $C$DW$40        .dwtag  DW_TAG_subprogram, DW_AT_name("cntrlDiscrPinOut")
     403                      .dwattr $C$DW$40, DW_AT_low_pc(_cntrlDiscrPinOut)
     404                      .dwattr $C$DW$40, DW_AT_high_pc(0x00)
     405                      .dwattr $C$DW$40, DW_AT_TI_symbol_name("_cntrlDiscrPinOut")
     406                      .dwattr $C$DW$40, DW_AT_external
     407                      .dwattr $C$DW$40, DW_AT_TI_begin_file("../interface/DiscrOutPut.c")
     408                      .dwattr $C$DW$40, DW_AT_TI_begin_line(0x41)
     409                      .dwattr $C$DW$40, DW_AT_TI_begin_column(0x06)
     410                      .dwattr $C$DW$40, DW_AT_TI_max_frame_size(-4)
     411                      .dwpsn  file "../interface/DiscrOutPut.c",line 65,column 28,is_stmt,address _cntrlDiscrPinOut
     412              
     413                      .dwfde $C$DW$CIE, _cntrlDiscrPinOut
     414              
     415              ;***************************************************************
     416              ;* FNAME: _cntrlDiscrPinOut             FR SIZE:   2           *
     417              ;*                                                             *
     418              ;* FUNCTION ENVIRONMENT                                        *
     419              ;*                                                             *
     420              ;* FUNCTION PROPERTIES                                         *
     421              ;*                            0 Parameter,  1 Auto,  0 SOE     *
     422              ;***************************************************************
     423              
     424 0000004d       _cntrlDiscrPinOut:
     425                      .dwcfi  cfa_offset, -2
     426                      .dwcfi  save_reg_to_mem, 26, 0
     427                      .dwcfi  save_reg_to_reg, 78, 26
     428 0000004d FE02          ADDB      SP,#2                 ; [CPU_U] 
     429                      .dwcfi  cfa_offset, -4
     430              $C$DW$41        .dwtag  DW_TAG_variable, DW_AT_name("tmp")
TMS320C2000 Assembler PC v6.2.7 Thu Jul 02 08:30:59 2015

Tools Copyright (c) 1996-2014 Texas Instruments Incorporated
C:\Users\Tester\AppData\Local\Temp\0428810                           PAGE    9

     431                      .dwattr $C$DW$41, DW_AT_TI_symbol_name("_tmp")
     432                      .dwattr $C$DW$41, DW_AT_type(*$C$DW$T$5)
     433                      .dwattr $C$DW$41, DW_AT_location[DW_OP_breg20 -1]
     434                      .dwpsn  file "../interface/DiscrOutPut.c",line 67,column 2,is_stmt
     435 0000004e 9A54          MOVB      AL,#84                ; [CPU_] |67| 
     436              $C$DW$42        .dwtag  DW_TAG_TI_branch
     437                      .dwattr $C$DW$42, DW_AT_low_pc(0x00)
     438                      .dwattr $C$DW$42, DW_AT_name("_getRegister")
     439                      .dwattr $C$DW$42, DW_AT_TI_call
     440 0000004f 7640!         LCR       #_getRegister         ; [CPU_] |67| 
         00000050 0000 
     441                      ; call occurs [#_getRegister] ; [] |67| 
     442 00000051 9641          MOV       *-SP[1],AL            ; [CPU_] |67| 
     443                      .dwpsn  file "../interface/DiscrOutPut.c",line 68,column 2,is_stmt
     444 00000052 8F00!         MOVL      XAR4,#_onDistRele     ; [CPU_U] |68| 
         00000053 0000 
     445 00000054 8F40!         MOVL      XAR5,#_offDistRele    ; [CPU_U] |68| 
         00000055 0000 
     446              $C$DW$43        .dwtag  DW_TAG_TI_branch
     447                      .dwattr $C$DW$43, DW_AT_low_pc(0x00)
     448                      .dwattr $C$DW$43, DW_AT_name("_cntrlOutPin")
     449                      .dwattr $C$DW$43, DW_AT_TI_call
     450 00000056 7640'         LCR       #_cntrlOutPin         ; [CPU_] |68| 
         00000057 0007 
     451                      ; call occurs [#_cntrlOutPin] ; [] |68| 
     452                      .dwpsn  file "../interface/DiscrOutPut.c",line 71,column 2,is_stmt
     453 00000058 9A56          MOVB      AL,#86                ; [CPU_] |71| 
     454              $C$DW$44        .dwtag  DW_TAG_TI_branch
     455                      .dwattr $C$DW$44, DW_AT_low_pc(0x00)
     456                      .dwattr $C$DW$44, DW_AT_name("_getRegister")
     457                      .dwattr $C$DW$44, DW_AT_TI_call
     458 00000059 7640!         LCR       #_getRegister         ; [CPU_] |71| 
         0000005a 0000 
     459                      ; call occurs [#_getRegister] ; [] |71| 
     460 0000005b 9641          MOV       *-SP[1],AL            ; [CPU_] |71| 
     461                      .dwpsn  file "../interface/DiscrOutPut.c",line 72,column 2,is_stmt
     462 0000005c 8F00!         MOVL      XAR4,#_onDistOK2      ; [CPU_U] |72| 
         0000005d 0000 
     463 0000005e 8F40!         MOVL      XAR5,#_offDistOK2     ; [CPU_U] |72| 
         0000005f 0000 
     464              $C$DW$45        .dwtag  DW_TAG_TI_branch
     465                      .dwattr $C$DW$45, DW_AT_low_pc(0x00)
     466                      .dwattr $C$DW$45, DW_AT_name("_cntrlOutPin")
     467                      .dwattr $C$DW$45, DW_AT_TI_call
     468 00000060 7640'         LCR       #_cntrlOutPin         ; [CPU_] |72| 
         00000061 0007 
     469                      ; call occurs [#_cntrlOutPin] ; [] |72| 
     470                      .dwpsn  file "../interface/DiscrOutPut.c",line 73,column 1,is_stmt
     471 00000062 FE82          SUBB      SP,#2                 ; [CPU_U] 
     472                      .dwcfi  cfa_offset, -2
     473              $C$DW$46        .dwtag  DW_TAG_TI_branch
     474                      .dwattr $C$DW$46, DW_AT_low_pc(0x00)
     475                      .dwattr $C$DW$46, DW_AT_TI_return
     476 00000063 0006          LRETR     ; [CPU_] 
     477                      ; return occurs ; [] 
TMS320C2000 Assembler PC v6.2.7 Thu Jul 02 08:30:59 2015

Tools Copyright (c) 1996-2014 Texas Instruments Incorporated
C:\Users\Tester\AppData\Local\Temp\0428810                           PAGE   10

     478                      .dwattr $C$DW$40, DW_AT_TI_end_file("../interface/DiscrOutPut.c")
     479                      .dwattr $C$DW$40, DW_AT_TI_end_line(0x49)
     480                      .dwattr $C$DW$40, DW_AT_TI_end_column(0x01)
     481                      .dwendentry
     482                      .dwendtag $C$DW$40
     483              
     484              ;**************************************************************
     485              ;* UNDEFINED EXTERNAL REFERENCES                              *
     486              ;**************************************************************
     487                      .global _offDistOK2
     488                      .global _offDistRele
     489                      .global _onDistRele
     490                      .global _onDistOK2
     491                      .global _offDistOK1
     492                      .global _testStatusConvertor
     493                      .global _getRegister
     494                      .global _testOvercurrent
     495                      .global _getModeConvertor
     496              
     497              ;***************************************************************
     498              ;* TYPE INFORMATION                                            *
     499              ;***************************************************************
     500              
     501              $C$DW$T$19      .dwtag  DW_TAG_subroutine_type
     502                      .dwattr $C$DW$T$19, DW_AT_language(DW_LANG_C)
     503              $C$DW$T$20      .dwtag  DW_TAG_pointer_type
     504                      .dwattr $C$DW$T$20, DW_AT_type(*$C$DW$T$19)
     505                      .dwattr $C$DW$T$20, DW_AT_address_class(0x16)
     506              $C$DW$T$4       .dwtag  DW_TAG_base_type
     507                      .dwattr $C$DW$T$4, DW_AT_encoding(DW_ATE_boolean)
     508                      .dwattr $C$DW$T$4, DW_AT_name("bool")
     509                      .dwattr $C$DW$T$4, DW_AT_byte_size(0x01)
     510              $C$DW$T$5       .dwtag  DW_TAG_base_type
     511                      .dwattr $C$DW$T$5, DW_AT_encoding(DW_ATE_signed_char)
     512                      .dwattr $C$DW$T$5, DW_AT_name("signed char")
     513                      .dwattr $C$DW$T$5, DW_AT_byte_size(0x01)
     514              $C$DW$T$6       .dwtag  DW_TAG_base_type
     515                      .dwattr $C$DW$T$6, DW_AT_encoding(DW_ATE_unsigned_char)
     516                      .dwattr $C$DW$T$6, DW_AT_name("unsigned char")
     517                      .dwattr $C$DW$T$6, DW_AT_byte_size(0x01)
     518              $C$DW$T$7       .dwtag  DW_TAG_base_type
     519                      .dwattr $C$DW$T$7, DW_AT_encoding(DW_ATE_signed_char)
     520                      .dwattr $C$DW$T$7, DW_AT_name("wchar_t")
     521                      .dwattr $C$DW$T$7, DW_AT_byte_size(0x01)
     522              $C$DW$T$8       .dwtag  DW_TAG_base_type
     523                      .dwattr $C$DW$T$8, DW_AT_encoding(DW_ATE_signed)
     524                      .dwattr $C$DW$T$8, DW_AT_name("short")
     525                      .dwattr $C$DW$T$8, DW_AT_byte_size(0x01)
     526              $C$DW$T$9       .dwtag  DW_TAG_base_type
     527                      .dwattr $C$DW$T$9, DW_AT_encoding(DW_ATE_unsigned)
     528                      .dwattr $C$DW$T$9, DW_AT_name("unsigned short")
     529                      .dwattr $C$DW$T$9, DW_AT_byte_size(0x01)
     530              $C$DW$T$10      .dwtag  DW_TAG_base_type
     531                      .dwattr $C$DW$T$10, DW_AT_encoding(DW_ATE_signed)
     532                      .dwattr $C$DW$T$10, DW_AT_name("int")
TMS320C2000 Assembler PC v6.2.7 Thu Jul 02 08:30:59 2015

Tools Copyright (c) 1996-2014 Texas Instruments Incorporated
C:\Users\Tester\AppData\Local\Temp\0428810                           PAGE   11

     533                      .dwattr $C$DW$T$10, DW_AT_byte_size(0x01)
     534              $C$DW$T$11      .dwtag  DW_TAG_base_type
     535                      .dwattr $C$DW$T$11, DW_AT_encoding(DW_ATE_unsigned)
     536                      .dwattr $C$DW$T$11, DW_AT_name("unsigned int")
     537                      .dwattr $C$DW$T$11, DW_AT_byte_size(0x01)
     538              $C$DW$T$26      .dwtag  DW_TAG_typedef, DW_AT_name("UINT16")
     539                      .dwattr $C$DW$T$26, DW_AT_type(*$C$DW$T$11)
     540                      .dwattr $C$DW$T$26, DW_AT_language(DW_LANG_C)
     541              $C$DW$T$29      .dwtag  DW_TAG_typedef, DW_AT_name("UINT8")
     542                      .dwattr $C$DW$T$29, DW_AT_type(*$C$DW$T$11)
     543                      .dwattr $C$DW$T$29, DW_AT_language(DW_LANG_C)
     544              $C$DW$T$12      .dwtag  DW_TAG_base_type
     545                      .dwattr $C$DW$T$12, DW_AT_encoding(DW_ATE_signed)
     546                      .dwattr $C$DW$T$12, DW_AT_name("long")
     547                      .dwattr $C$DW$T$12, DW_AT_byte_size(0x02)
     548              $C$DW$T$13      .dwtag  DW_TAG_base_type
     549                      .dwattr $C$DW$T$13, DW_AT_encoding(DW_ATE_unsigned)
     550                      .dwattr $C$DW$T$13, DW_AT_name("unsigned long")
     551                      .dwattr $C$DW$T$13, DW_AT_byte_size(0x02)
     552              $C$DW$T$14      .dwtag  DW_TAG_base_type
     553                      .dwattr $C$DW$T$14, DW_AT_encoding(DW_ATE_signed)
     554                      .dwattr $C$DW$T$14, DW_AT_name("long long")
     555                      .dwattr $C$DW$T$14, DW_AT_byte_size(0x04)
     556              $C$DW$T$15      .dwtag  DW_TAG_base_type
     557                      .dwattr $C$DW$T$15, DW_AT_encoding(DW_ATE_unsigned)
     558                      .dwattr $C$DW$T$15, DW_AT_name("unsigned long long")
     559                      .dwattr $C$DW$T$15, DW_AT_byte_size(0x04)
     560              $C$DW$T$16      .dwtag  DW_TAG_base_type
     561                      .dwattr $C$DW$T$16, DW_AT_encoding(DW_ATE_float)
     562                      .dwattr $C$DW$T$16, DW_AT_name("float")
     563                      .dwattr $C$DW$T$16, DW_AT_byte_size(0x02)
     564              $C$DW$T$17      .dwtag  DW_TAG_base_type
     565                      .dwattr $C$DW$T$17, DW_AT_encoding(DW_ATE_float)
     566                      .dwattr $C$DW$T$17, DW_AT_name("double")
     567                      .dwattr $C$DW$T$17, DW_AT_byte_size(0x02)
     568              $C$DW$T$18      .dwtag  DW_TAG_base_type
     569                      .dwattr $C$DW$T$18, DW_AT_encoding(DW_ATE_float)
     570                      .dwattr $C$DW$T$18, DW_AT_name("long double")
     571                      .dwattr $C$DW$T$18, DW_AT_byte_size(0x04)
     572                      .dwattr $C$DW$CU, DW_AT_language(DW_LANG_C)
     573              
     574              ;***************************************************************
     575              ;* DWARF CIE ENTRIES                                           *
     576              ;***************************************************************
     577              
     578              $C$DW$CIE       .dwcie 78
     579                      .dwcfi  cfa_register, 20
     580                      .dwcfi  cfa_offset, 0
     581                      .dwcfi  undefined, 0
     582                      .dwcfi  undefined, 1
     583                      .dwcfi  undefined, 2
     584                      .dwcfi  undefined, 3
     585                      .dwcfi  undefined, 20
     586                      .dwcfi  undefined, 21
     587                      .dwcfi  undefined, 22
TMS320C2000 Assembler PC v6.2.7 Thu Jul 02 08:30:59 2015

Tools Copyright (c) 1996-2014 Texas Instruments Incorporated
C:\Users\Tester\AppData\Local\Temp\0428810                           PAGE   12

     588                      .dwcfi  undefined, 23
     589                      .dwcfi  undefined, 24
     590                      .dwcfi  undefined, 25
     591                      .dwcfi  undefined, 26
     592                      .dwcfi  same_value, 28
     593                      .dwcfi  undefined, 29
     594                      .dwcfi  undefined, 30
     595                      .dwcfi  undefined, 31
     596                      .dwcfi  undefined, 32
     597                      .dwcfi  undefined, 33
     598                      .dwcfi  undefined, 34
     599                      .dwcfi  undefined, 35
     600                      .dwcfi  undefined, 36
     601                      .dwcfi  undefined, 37
     602                      .dwcfi  undefined, 38
     603                      .dwcfi  undefined, 75
     604                      .dwcfi  undefined, 76
     605                      .dwcfi  undefined, 77
     606                      .dwcfi  undefined, 4
     607                      .dwcfi  same_value, 6
     608                      .dwcfi  same_value, 8
     609                      .dwcfi  same_value, 10
     610                      .dwcfi  undefined, 12
     611                      .dwcfi  undefined, 14
     612                      .dwcfi  undefined, 16
     613                      .dwcfi  undefined, 17
     614                      .dwcfi  undefined, 18
     615                      .dwcfi  undefined, 19
     616                      .dwcfi  undefined, 5
     617                      .dwcfi  same_value, 7
     618                      .dwcfi  same_value, 9
     619                      .dwcfi  same_value, 11
     620                      .dwcfi  undefined, 13
     621                      .dwcfi  undefined, 15
     622                      .dwcfi  undefined, 43
     623                      .dwcfi  undefined, 44
     624                      .dwcfi  undefined, 47
     625                      .dwcfi  undefined, 48
     626                      .dwcfi  undefined, 51
     627                      .dwcfi  undefined, 52
     628                      .dwcfi  undefined, 55
     629                      .dwcfi  undefined, 56
     630                      .dwcfi  same_value, 59
     631                      .dwcfi  same_value, 60
     632                      .dwcfi  same_value, 63
     633                      .dwcfi  same_value, 64
     634                      .dwcfi  same_value, 67
     635                      .dwcfi  same_value, 68
     636                      .dwcfi  same_value, 71
     637                      .dwcfi  same_value, 72
     638                      .dwcfi  undefined, 73
     639                      .dwcfi  undefined, 74
     640                      .dwcfi  undefined, 39
     641                      .dwcfi  undefined, 40
     642                      .dwcfi  undefined, 27
TMS320C2000 Assembler PC v6.2.7 Thu Jul 02 08:30:59 2015

Tools Copyright (c) 1996-2014 Texas Instruments Incorporated
C:\Users\Tester\AppData\Local\Temp\0428810                           PAGE   13

     643                      .dwcfi  undefined, 78
     644                      .dwendentry
     645              
     646              ;***************************************************************
     647              ;* DWARF REGISTER MAP                                          *
     648              ;***************************************************************
     649              
     650              $C$DW$47        .dwtag  DW_TAG_TI_assign_register, DW_AT_name("AL")
     651                      .dwattr $C$DW$47, DW_AT_location[DW_OP_reg0]
     652              $C$DW$48        .dwtag  DW_TAG_TI_assign_register, DW_AT_name("AH")
     653                      .dwattr $C$DW$48, DW_AT_location[DW_OP_reg1]
     654              $C$DW$49        .dwtag  DW_TAG_TI_assign_register, DW_AT_name("PL")
     655                      .dwattr $C$DW$49, DW_AT_location[DW_OP_reg2]
     656              $C$DW$50        .dwtag  DW_TAG_TI_assign_register, DW_AT_name("PH")
     657                      .dwattr $C$DW$50, DW_AT_location[DW_OP_reg3]
     658              $C$DW$51        .dwtag  DW_TAG_TI_assign_register, DW_AT_name("SP")
     659                      .dwattr $C$DW$51, DW_AT_location[DW_OP_reg20]
     660              $C$DW$52        .dwtag  DW_TAG_TI_assign_register, DW_AT_name("XT")
     661                      .dwattr $C$DW$52, DW_AT_location[DW_OP_reg21]
     662              $C$DW$53        .dwtag  DW_TAG_TI_assign_register, DW_AT_name("T")
     663                      .dwattr $C$DW$53, DW_AT_location[DW_OP_reg22]
     664              $C$DW$54        .dwtag  DW_TAG_TI_assign_register, DW_AT_name("ST0")
     665                      .dwattr $C$DW$54, DW_AT_location[DW_OP_reg23]
     666              $C$DW$55        .dwtag  DW_TAG_TI_assign_register, DW_AT_name("ST1")
     667                      .dwattr $C$DW$55, DW_AT_location[DW_OP_reg24]
     668              $C$DW$56        .dwtag  DW_TAG_TI_assign_register, DW_AT_name("PC")
     669                      .dwattr $C$DW$56, DW_AT_location[DW_OP_reg25]
     670              $C$DW$57        .dwtag  DW_TAG_TI_assign_register, DW_AT_name("RPC")
     671                      .dwattr $C$DW$57, DW_AT_location[DW_OP_reg26]
     672              $C$DW$58        .dwtag  DW_TAG_TI_assign_register, DW_AT_name("FP")
     673                      .dwattr $C$DW$58, DW_AT_location[DW_OP_reg28]
     674              $C$DW$59        .dwtag  DW_TAG_TI_assign_register, DW_AT_name("DP")
     675                      .dwattr $C$DW$59, DW_AT_location[DW_OP_reg29]
     676              $C$DW$60        .dwtag  DW_TAG_TI_assign_register, DW_AT_name("SXM")
     677                      .dwattr $C$DW$60, DW_AT_location[DW_OP_reg30]
     678              $C$DW$61        .dwtag  DW_TAG_TI_assign_register, DW_AT_name("PM")
     679                      .dwattr $C$DW$61, DW_AT_location[DW_OP_reg31]
     680              $C$DW$62        .dwtag  DW_TAG_TI_assign_register, DW_AT_name("OVM")
     681                      .dwattr $C$DW$62, DW_AT_location[DW_OP_regx 0x20]
     682              $C$DW$63        .dwtag  DW_TAG_TI_assign_register, DW_AT_name("PAGE0")
     683                      .dwattr $C$DW$63, DW_AT_location[DW_OP_regx 0x21]
     684              $C$DW$64        .dwtag  DW_TAG_TI_assign_register, DW_AT_name("AMODE")
     685                      .dwattr $C$DW$64, DW_AT_location[DW_OP_regx 0x22]
     686              $C$DW$65        .dwtag  DW_TAG_TI_assign_register, DW_AT_name("INTM")
     687                      .dwattr $C$DW$65, DW_AT_location[DW_OP_regx 0x23]
     688              $C$DW$66        .dwtag  DW_TAG_TI_assign_register, DW_AT_name("IFR")
     689                      .dwattr $C$DW$66, DW_AT_location[DW_OP_regx 0x24]
     690              $C$DW$67        .dwtag  DW_TAG_TI_assign_register, DW_AT_name("IER")
     691                      .dwattr $C$DW$67, DW_AT_location[DW_OP_regx 0x25]
     692              $C$DW$68        .dwtag  DW_TAG_TI_assign_register, DW_AT_name("V")
     693                      .dwattr $C$DW$68, DW_AT_location[DW_OP_regx 0x26]
     694              $C$DW$69        .dwtag  DW_TAG_TI_assign_register, DW_AT_name("PSEUDOH")
     695                      .dwattr $C$DW$69, DW_AT_location[DW_OP_regx 0x4c]
     696              $C$DW$70        .dwtag  DW_TAG_TI_assign_register, DW_AT_name("VOL")
     697                      .dwattr $C$DW$70, DW_AT_location[DW_OP_regx 0x4d]
TMS320C2000 Assembler PC v6.2.7 Thu Jul 02 08:30:59 2015

Tools Copyright (c) 1996-2014 Texas Instruments Incorporated
C:\Users\Tester\AppData\Local\Temp\0428810                           PAGE   14

     698              $C$DW$71        .dwtag  DW_TAG_TI_assign_register, DW_AT_name("AR0")
     699                      .dwattr $C$DW$71, DW_AT_location[DW_OP_reg4]
     700              $C$DW$72        .dwtag  DW_TAG_TI_assign_register, DW_AT_name("AR1")
     701                      .dwattr $C$DW$72, DW_AT_location[DW_OP_reg6]
     702              $C$DW$73        .dwtag  DW_TAG_TI_assign_register, DW_AT_name("AR2")
     703                      .dwattr $C$DW$73, DW_AT_location[DW_OP_reg8]
     704              $C$DW$74        .dwtag  DW_TAG_TI_assign_register, DW_AT_name("AR3")
     705                      .dwattr $C$DW$74, DW_AT_location[DW_OP_reg10]
     706              $C$DW$75        .dwtag  DW_TAG_TI_assign_register, DW_AT_name("AR4")
     707                      .dwattr $C$DW$75, DW_AT_location[DW_OP_reg12]
     708              $C$DW$76        .dwtag  DW_TAG_TI_assign_register, DW_AT_name("AR5")
     709                      .dwattr $C$DW$76, DW_AT_location[DW_OP_reg14]
     710              $C$DW$77        .dwtag  DW_TAG_TI_assign_register, DW_AT_name("AR6")
     711                      .dwattr $C$DW$77, DW_AT_location[DW_OP_reg16]
     712              $C$DW$78        .dwtag  DW_TAG_TI_assign_register, DW_AT_name("XAR6")
     713                      .dwattr $C$DW$78, DW_AT_location[DW_OP_reg17]
     714              $C$DW$79        .dwtag  DW_TAG_TI_assign_register, DW_AT_name("AR7")
     715                      .dwattr $C$DW$79, DW_AT_location[DW_OP_reg18]
     716              $C$DW$80        .dwtag  DW_TAG_TI_assign_register, DW_AT_name("XAR7")
     717                      .dwattr $C$DW$80, DW_AT_location[DW_OP_reg19]
     718              $C$DW$81        .dwtag  DW_TAG_TI_assign_register, DW_AT_name("XAR0")
     719                      .dwattr $C$DW$81, DW_AT_location[DW_OP_reg5]
     720              $C$DW$82        .dwtag  DW_TAG_TI_assign_register, DW_AT_name("XAR1")
     721                      .dwattr $C$DW$82, DW_AT_location[DW_OP_reg7]
     722              $C$DW$83        .dwtag  DW_TAG_TI_assign_register, DW_AT_name("XAR2")
     723                      .dwattr $C$DW$83, DW_AT_location[DW_OP_reg9]
     724              $C$DW$84        .dwtag  DW_TAG_TI_assign_register, DW_AT_name("XAR3")
     725                      .dwattr $C$DW$84, DW_AT_location[DW_OP_reg11]
     726              $C$DW$85        .dwtag  DW_TAG_TI_assign_register, DW_AT_name("XAR4")
     727                      .dwattr $C$DW$85, DW_AT_location[DW_OP_reg13]
     728              $C$DW$86        .dwtag  DW_TAG_TI_assign_register, DW_AT_name("XAR5")
     729                      .dwattr $C$DW$86, DW_AT_location[DW_OP_reg15]
     730              $C$DW$87        .dwtag  DW_TAG_TI_assign_register, DW_AT_name("R0HL")
     731                      .dwattr $C$DW$87, DW_AT_location[DW_OP_regx 0x2b]
     732              $C$DW$88        .dwtag  DW_TAG_TI_assign_register, DW_AT_name("R0H")
     733                      .dwattr $C$DW$88, DW_AT_location[DW_OP_regx 0x2c]
     734              $C$DW$89        .dwtag  DW_TAG_TI_assign_register, DW_AT_name("R1HL")
     735                      .dwattr $C$DW$89, DW_AT_location[DW_OP_regx 0x2f]
     736              $C$DW$90        .dwtag  DW_TAG_TI_assign_register, DW_AT_name("R1H")
     737                      .dwattr $C$DW$90, DW_AT_location[DW_OP_regx 0x30]
     738              $C$DW$91        .dwtag  DW_TAG_TI_assign_register, DW_AT_name("R2HL")
     739                      .dwattr $C$DW$91, DW_AT_location[DW_OP_regx 0x33]
     740              $C$DW$92        .dwtag  DW_TAG_TI_assign_register, DW_AT_name("R2H")
     741                      .dwattr $C$DW$92, DW_AT_location[DW_OP_regx 0x34]
     742              $C$DW$93        .dwtag  DW_TAG_TI_assign_register, DW_AT_name("R3HL")
     743                      .dwattr $C$DW$93, DW_AT_location[DW_OP_regx 0x37]
     744              $C$DW$94        .dwtag  DW_TAG_TI_assign_register, DW_AT_name("R3H")
     745                      .dwattr $C$DW$94, DW_AT_location[DW_OP_regx 0x38]
     746              $C$DW$95        .dwtag  DW_TAG_TI_assign_register, DW_AT_name("R4HL")
     747                      .dwattr $C$DW$95, DW_AT_location[DW_OP_regx 0x3b]
     748              $C$DW$96        .dwtag  DW_TAG_TI_assign_register, DW_AT_name("R4H")
     749                      .dwattr $C$DW$96, DW_AT_location[DW_OP_regx 0x3c]
     750              $C$DW$97        .dwtag  DW_TAG_TI_assign_register, DW_AT_name("R5HL")
     751                      .dwattr $C$DW$97, DW_AT_location[DW_OP_regx 0x3f]
     752              $C$DW$98        .dwtag  DW_TAG_TI_assign_register, DW_AT_name("R5H")
TMS320C2000 Assembler PC v6.2.7 Thu Jul 02 08:30:59 2015

Tools Copyright (c) 1996-2014 Texas Instruments Incorporated
C:\Users\Tester\AppData\Local\Temp\0428810                           PAGE   15

     753                      .dwattr $C$DW$98, DW_AT_location[DW_OP_regx 0x40]
     754              $C$DW$99        .dwtag  DW_TAG_TI_assign_register, DW_AT_name("R6HL")
     755                      .dwattr $C$DW$99, DW_AT_location[DW_OP_regx 0x43]
     756              $C$DW$100       .dwtag  DW_TAG_TI_assign_register, DW_AT_name("R6H")
     757                      .dwattr $C$DW$100, DW_AT_location[DW_OP_regx 0x44]
     758              $C$DW$101       .dwtag  DW_TAG_TI_assign_register, DW_AT_name("R7HL")
     759                      .dwattr $C$DW$101, DW_AT_location[DW_OP_regx 0x47]
     760              $C$DW$102       .dwtag  DW_TAG_TI_assign_register, DW_AT_name("R7H")
     761                      .dwattr $C$DW$102, DW_AT_location[DW_OP_regx 0x48]
     762              $C$DW$103       .dwtag  DW_TAG_TI_assign_register, DW_AT_name("RBL")
     763                      .dwattr $C$DW$103, DW_AT_location[DW_OP_regx 0x49]
     764              $C$DW$104       .dwtag  DW_TAG_TI_assign_register, DW_AT_name("RB")
     765                      .dwattr $C$DW$104, DW_AT_location[DW_OP_regx 0x4a]
     766              $C$DW$105       .dwtag  DW_TAG_TI_assign_register, DW_AT_name("STFL")
     767                      .dwattr $C$DW$105, DW_AT_location[DW_OP_regx 0x27]
     768              $C$DW$106       .dwtag  DW_TAG_TI_assign_register, DW_AT_name("STF")
     769                      .dwattr $C$DW$106, DW_AT_location[DW_OP_regx 0x28]
     770              $C$DW$107       .dwtag  DW_TAG_TI_assign_register, DW_AT_name("FPUHAZ")
     771                      .dwattr $C$DW$107, DW_AT_location[DW_OP_reg27]
     772              $C$DW$108       .dwtag  DW_TAG_TI_assign_register, DW_AT_name("CIE_RETA")
     773                      .dwattr $C$DW$108, DW_AT_location[DW_OP_regx 0x4e]
     774                      .dwendtag $C$DW$CU
     775              

No Assembly Errors, No Assembly Warnings
