TMS320C2000 Assembler PC v6.2.7 Thu Jul 02 08:31:01 2015

Tools Copyright (c) 1996-2014 Texas Instruments Incorporated
C:\Users\Tester\AppData\Local\Temp\0594810                           PAGE    1

       1              ;***************************************************************
       2              ;* TMS320C2000 C/C++ Codegen                         PC v6.2.7 *
       3              ;* Date/Time created: Thu Jul 02 08:31:01 2015                 *
       4              ;***************************************************************
       5                      .compiler_opts --diag_wrap=off --float_support=fpu32 --hll_source=on --mem_model:code=flat --mem_mode
       6        0002  FP      .set    XAR2
       7              
       8              $C$DW$CU        .dwtag  DW_TAG_compile_unit
       9                      .dwattr $C$DW$CU, DW_AT_name("../interface/shell.c")
      10                      .dwattr $C$DW$CU, DW_AT_producer("TMS320C2000 C/C++ Codegen PC v6.2.7 Copyright (c) 1996-2014 Texas I
      11                      .dwattr $C$DW$CU, DW_AT_TI_version(0x01)
      12                      .dwattr $C$DW$CU, DW_AT_comp_dir("D:\ActiveProject\EKT5\PKMT_NONBIOS\InvertorCntrl\ISPprg")
      13              ;**************************************************************
      14              ;* CINIT RECORDS                                              *
      15              ;**************************************************************
      16 00000000               .sect   ".cinit"
      17                      .align  1
      18 00000000 FFFC          .field          -$C$IR_1,16
      19 00000001 0000-         .field          _CmdArray+0,32
         00000002 0000 
      20 00000003 0000+         .bits   $C$FSL1,32              ; _CmdArray[0] @ 0
         00000004 0000 
      21 00000005 0008+         .bits   $C$FSL2,32              ; _CmdArray[1] @ 32
         00000006 0000 
      22        0004  $C$IR_1:        .set    4
      23              
      24              
      25              $C$DW$1 .dwtag  DW_TAG_subprogram, DW_AT_name("strlen")
      26                      .dwattr $C$DW$1, DW_AT_TI_symbol_name("_strlen")
      27                      .dwattr $C$DW$1, DW_AT_type(*$C$DW$T$22)
      28                      .dwattr $C$DW$1, DW_AT_declaration
      29                      .dwattr $C$DW$1, DW_AT_external
      30              $C$DW$2 .dwtag  DW_TAG_formal_parameter
      31                      .dwattr $C$DW$2, DW_AT_type(*$C$DW$T$25)
      32                      .dwendtag $C$DW$1
      33              
      34                      .global _CmdArray
      35 00000000       _CmdArray:      .usect  ".ebss",4,1,1
      36              $C$DW$3 .dwtag  DW_TAG_variable, DW_AT_name("CmdArray")
      37                      .dwattr $C$DW$3, DW_AT_TI_symbol_name("_CmdArray")
      38                      .dwattr $C$DW$3, DW_AT_location[DW_OP_addr _CmdArray]
      39                      .dwattr $C$DW$3, DW_AT_type(*$C$DW$T$28)
      40                      .dwattr $C$DW$3, DW_AT_external
      41              ;       C:\ti\ccsv6\tools\compiler\c2000_6.2.7\bin\ac2000.exe -@C:\\Users\\Tester\\AppData\\Local\\Temp\\0594
      42 00000000               .sect   ".text"
      43                      .clink
      44                      .global _cntrlShellMsg
      45              
      46              $C$DW$4 .dwtag  DW_TAG_subprogram, DW_AT_name("cntrlShellMsg")
      47                      .dwattr $C$DW$4, DW_AT_low_pc(_cntrlShellMsg)
      48                      .dwattr $C$DW$4, DW_AT_high_pc(0x00)
      49                      .dwattr $C$DW$4, DW_AT_TI_symbol_name("_cntrlShellMsg")
      50                      .dwattr $C$DW$4, DW_AT_external
      51                      .dwattr $C$DW$4, DW_AT_TI_begin_file("../interface/shell.c")
      52                      .dwattr $C$DW$4, DW_AT_TI_begin_line(0x17)
TMS320C2000 Assembler PC v6.2.7 Thu Jul 02 08:31:01 2015

Tools Copyright (c) 1996-2014 Texas Instruments Incorporated
C:\Users\Tester\AppData\Local\Temp\0594810                           PAGE    2

      53                      .dwattr $C$DW$4, DW_AT_TI_begin_column(0x06)
      54                      .dwattr $C$DW$4, DW_AT_TI_max_frame_size(-4)
      55                      .dwpsn  file "../interface/shell.c",line 23,column 34,is_stmt,address _cntrlShellMsg
      56              
      57                      .dwfde $C$DW$CIE, _cntrlShellMsg
      58              $C$DW$5 .dwtag  DW_TAG_formal_parameter, DW_AT_name("msgByte")
      59                      .dwattr $C$DW$5, DW_AT_TI_symbol_name("_msgByte")
      60                      .dwattr $C$DW$5, DW_AT_type(*$C$DW$T$19)
      61                      .dwattr $C$DW$5, DW_AT_location[DW_OP_reg0]
      62              
      63              ;***************************************************************
      64              ;* FNAME: _cntrlShellMsg                FR SIZE:   2           *
      65              ;*                                                             *
      66              ;* FUNCTION ENVIRONMENT                                        *
      67              ;*                                                             *
      68              ;* FUNCTION PROPERTIES                                         *
      69              ;*                            0 Parameter,  1 Auto,  0 SOE     *
      70              ;***************************************************************
      71              
      72 00000000       _cntrlShellMsg:
      73                      .dwcfi  cfa_offset, -2
      74                      .dwcfi  save_reg_to_mem, 26, 0
      75                      .dwcfi  save_reg_to_reg, 78, 26
      76 00000000 FE02          ADDB      SP,#2                 ; [CPU_U] 
      77                      .dwcfi  cfa_offset, -4
      78              $C$DW$6 .dwtag  DW_TAG_variable, DW_AT_name("msgByte")
      79                      .dwattr $C$DW$6, DW_AT_TI_symbol_name("_msgByte")
      80                      .dwattr $C$DW$6, DW_AT_type(*$C$DW$T$19)
      81                      .dwattr $C$DW$6, DW_AT_location[DW_OP_breg20 -1]
      82 00000001 9641          MOV       *-SP[1],AL            ; [CPU_] |23| 
      83                      .dwpsn  file "../interface/shell.c",line 25,column 1,is_stmt
      84 00000002 FE82          SUBB      SP,#2                 ; [CPU_U] 
      85                      .dwcfi  cfa_offset, -2
      86              $C$DW$7 .dwtag  DW_TAG_TI_branch
      87                      .dwattr $C$DW$7, DW_AT_low_pc(0x00)
      88                      .dwattr $C$DW$7, DW_AT_TI_return
      89 00000003 0006          LRETR     ; [CPU_] 
      90                      ; return occurs ; [] 
      91                      .dwattr $C$DW$4, DW_AT_TI_end_file("../interface/shell.c")
      92                      .dwattr $C$DW$4, DW_AT_TI_end_line(0x19)
      93                      .dwattr $C$DW$4, DW_AT_TI_end_column(0x01)
      94                      .dwendentry
      95                      .dwendtag $C$DW$4
      96              
      97 00000004               .sect   ".text"
      98                      .clink
      99                      .global _testShellMsg
     100              
     101              $C$DW$8 .dwtag  DW_TAG_subprogram, DW_AT_name("testShellMsg")
     102                      .dwattr $C$DW$8, DW_AT_low_pc(_testShellMsg)
     103                      .dwattr $C$DW$8, DW_AT_high_pc(0x00)
     104                      .dwattr $C$DW$8, DW_AT_TI_symbol_name("_testShellMsg")
     105                      .dwattr $C$DW$8, DW_AT_external
     106                      .dwattr $C$DW$8, DW_AT_type(*$C$DW$T$5)
     107                      .dwattr $C$DW$8, DW_AT_TI_begin_file("../interface/shell.c")
TMS320C2000 Assembler PC v6.2.7 Thu Jul 02 08:31:01 2015

Tools Copyright (c) 1996-2014 Texas Instruments Incorporated
C:\Users\Tester\AppData\Local\Temp\0594810                           PAGE    3

     108                      .dwattr $C$DW$8, DW_AT_TI_begin_line(0x1b)
     109                      .dwattr $C$DW$8, DW_AT_TI_begin_column(0x06)
     110                      .dwattr $C$DW$8, DW_AT_TI_max_frame_size(-6)
     111                      .dwpsn  file "../interface/shell.c",line 27,column 44,is_stmt,address _testShellMsg
     112              
     113                      .dwfde $C$DW$CIE, _testShellMsg
     114              $C$DW$9 .dwtag  DW_TAG_formal_parameter, DW_AT_name("msg")
     115                      .dwattr $C$DW$9, DW_AT_TI_symbol_name("_msg")
     116                      .dwattr $C$DW$9, DW_AT_type(*$C$DW$T$30)
     117                      .dwattr $C$DW$9, DW_AT_location[DW_OP_reg12]
     118              $C$DW$10        .dwtag  DW_TAG_formal_parameter, DW_AT_name("number")
     119                      .dwattr $C$DW$10, DW_AT_TI_symbol_name("_number")
     120                      .dwattr $C$DW$10, DW_AT_type(*$C$DW$T$21)
     121                      .dwattr $C$DW$10, DW_AT_location[DW_OP_reg0]
     122              
     123              ;***************************************************************
     124              ;* FNAME: _testShellMsg                 FR SIZE:   4           *
     125              ;*                                                             *
     126              ;* FUNCTION ENVIRONMENT                                        *
     127              ;*                                                             *
     128              ;* FUNCTION PROPERTIES                                         *
     129              ;*                            0 Parameter,  4 Auto,  0 SOE     *
     130              ;***************************************************************
     131              
     132 00000004       _testShellMsg:
     133                      .dwcfi  cfa_offset, -2
     134                      .dwcfi  save_reg_to_mem, 26, 0
     135                      .dwcfi  save_reg_to_reg, 78, 26
     136 00000004 FE04          ADDB      SP,#4                 ; [CPU_U] 
     137                      .dwcfi  cfa_offset, -6
     138              $C$DW$11        .dwtag  DW_TAG_variable, DW_AT_name("msg")
     139                      .dwattr $C$DW$11, DW_AT_TI_symbol_name("_msg")
     140                      .dwattr $C$DW$11, DW_AT_type(*$C$DW$T$30)
     141                      .dwattr $C$DW$11, DW_AT_location[DW_OP_breg20 -2]
     142              $C$DW$12        .dwtag  DW_TAG_variable, DW_AT_name("number")
     143                      .dwattr $C$DW$12, DW_AT_TI_symbol_name("_number")
     144                      .dwattr $C$DW$12, DW_AT_type(*$C$DW$T$21)
     145                      .dwattr $C$DW$12, DW_AT_location[DW_OP_breg20 -3]
     146              $C$DW$13        .dwtag  DW_TAG_variable, DW_AT_name("i")
     147                      .dwattr $C$DW$13, DW_AT_TI_symbol_name("_i")
     148                      .dwattr $C$DW$13, DW_AT_type(*$C$DW$T$21)
     149                      .dwattr $C$DW$13, DW_AT_location[DW_OP_breg20 -4]
     150 00000005 9643          MOV       *-SP[3],AL            ; [CPU_] |27| 
     151 00000006 A842          MOVL      *-SP[2],XAR4          ; [CPU_] |27| 
     152                      .dwpsn  file "../interface/shell.c",line 29,column 2,is_stmt
     153 00000007 5205          CMPB      AL,#5                 ; [CPU_] |29| 
     154 00000008 6703          B         $C$L1,HIS             ; [CPU_] |29| 
     155                      ; branchcc occurs ; [] |29| 
     156                      .dwpsn  file "../interface/shell.c",line 30,column 3,is_stmt
     157 00000009 9A00          MOVB      AL,#0                 ; [CPU_] |30| 
     158 0000000a 6F19          B         $C$L5,UNC             ; [CPU_] |30| 
     159                      ; branch occurs ; [] |30| 
     160 0000000b       $C$L1:    
     161                      .dwpsn  file "../interface/shell.c",line 32,column 2,is_stmt
     162 0000000b 2B44          MOV       *-SP[4],#0            ; [CPU_] |32| 
TMS320C2000 Assembler PC v6.2.7 Thu Jul 02 08:31:01 2015

Tools Copyright (c) 1996-2014 Texas Instruments Incorporated
C:\Users\Tester\AppData\Local\Temp\0594810                           PAGE    4

     163                      .dwpsn  file "../interface/shell.c",line 33,column 8,is_stmt
     164 0000000c 9244          MOV       AL,*-SP[4]            ; [CPU_] |33| 
     165 0000000d 5202          CMPB      AL,#2                 ; [CPU_] |33| 
     166 0000000e 6714          B         $C$L4,HIS             ; [CPU_] |33| 
     167                      ; branchcc occurs ; [] |33| 
     168 0000000f       $C$L2:    
     169                      .dwpsn  file "../interface/shell.c",line 34,column 3,is_stmt
     170 0000000f 0E44          MOVU      ACC,*-SP[4]           ; [CPU_] |34| 
     171 00000010 8F00-         MOVL      XAR4,#_CmdArray       ; [CPU_U] |34| 
         00000011 0000 
     172 00000012 FF30          LSL       ACC,1                 ; [CPU_] |34| 
     173 00000013 5601          ADDL      XAR4,ACC              ; [CPU_] |34| 
         00000014 00A4 
     174 00000015 9243          MOV       AL,*-SP[3]            ; [CPU_] |34| 
     175 00000016 83C4          MOVL      XAR5,*+XAR4[0]        ; [CPU_] |34| 
     176 00000017 8A42          MOVL      XAR4,*-SP[2]          ; [CPU_] |34| 
     177              $C$DW$14        .dwtag  DW_TAG_TI_branch
     178                      .dwattr $C$DW$14, DW_AT_low_pc(0x00)
     179                      .dwattr $C$DW$14, DW_AT_name("_testCmdShell")
     180                      .dwattr $C$DW$14, DW_AT_TI_call
     181 00000018 7640'         LCR       #_testCmdShell        ; [CPU_] |34| 
         00000019 0040 
     182                      ; call occurs [#_testCmdShell] ; [] |34| 
     183 0000001a 5200          CMPB      AL,#0                 ; [CPU_] |34| 
     184 0000001b EC03          BF        $C$L3,EQ              ; [CPU_] |34| 
     185                      ; branchcc occurs ; [] |34| 
     186                      .dwpsn  file "../interface/shell.c",line 35,column 4,is_stmt
     187 0000001c 9A01          MOVB      AL,#1                 ; [CPU_] |35| 
     188 0000001d 6F06          B         $C$L5,UNC             ; [CPU_] |35| 
     189                      ; branch occurs ; [] |35| 
     190 0000001e       $C$L3:    
     191                      .dwpsn  file "../interface/shell.c",line 36,column 3,is_stmt
     192 0000001e 0A44          INC       *-SP[4]               ; [CPU_] |36| 
     193                      .dwpsn  file "../interface/shell.c",line 33,column 8,is_stmt
     194 0000001f 9244          MOV       AL,*-SP[4]            ; [CPU_] |33| 
     195 00000020 5202          CMPB      AL,#2                 ; [CPU_] |33| 
     196 00000021 68EE          B         $C$L2,LO              ; [CPU_] |33| 
     197                      ; branchcc occurs ; [] |33| 
     198 00000022       $C$L4:    
     199                      .dwpsn  file "../interface/shell.c",line 38,column 2,is_stmt
     200 00000022 9A00          MOVB      AL,#0                 ; [CPU_] |38| 
     201 00000023       $C$L5:    
     202                      .dwpsn  file "../interface/shell.c",line 39,column 1,is_stmt
     203 00000023 FE84          SUBB      SP,#4                 ; [CPU_U] 
     204                      .dwcfi  cfa_offset, -2
     205              $C$DW$15        .dwtag  DW_TAG_TI_branch
     206                      .dwattr $C$DW$15, DW_AT_low_pc(0x00)
     207                      .dwattr $C$DW$15, DW_AT_TI_return
     208 00000024 0006          LRETR     ; [CPU_] 
     209                      ; return occurs ; [] 
     210                      .dwattr $C$DW$8, DW_AT_TI_end_file("../interface/shell.c")
     211                      .dwattr $C$DW$8, DW_AT_TI_end_line(0x27)
     212                      .dwattr $C$DW$8, DW_AT_TI_end_column(0x01)
     213                      .dwendentry
     214                      .dwendtag $C$DW$8
TMS320C2000 Assembler PC v6.2.7 Thu Jul 02 08:31:01 2015

Tools Copyright (c) 1996-2014 Texas Instruments Incorporated
C:\Users\Tester\AppData\Local\Temp\0594810                           PAGE    5

     215              
     216 00000025               .sect   ".text"
     217                      .clink
     218                      .global _testEquStr
     219              
     220              $C$DW$16        .dwtag  DW_TAG_subprogram, DW_AT_name("testEquStr")
     221                      .dwattr $C$DW$16, DW_AT_low_pc(_testEquStr)
     222                      .dwattr $C$DW$16, DW_AT_high_pc(0x00)
     223                      .dwattr $C$DW$16, DW_AT_TI_symbol_name("_testEquStr")
     224                      .dwattr $C$DW$16, DW_AT_external
     225                      .dwattr $C$DW$16, DW_AT_type(*$C$DW$T$5)
     226                      .dwattr $C$DW$16, DW_AT_TI_begin_file("../interface/shell.c")
     227                      .dwattr $C$DW$16, DW_AT_TI_begin_line(0x29)
     228                      .dwattr $C$DW$16, DW_AT_TI_begin_column(0x06)
     229                      .dwattr $C$DW$16, DW_AT_TI_max_frame_size(-8)
     230                      .dwpsn  file "../interface/shell.c",line 41,column 47,is_stmt,address _testEquStr
     231              
     232                      .dwfde $C$DW$CIE, _testEquStr
     233              $C$DW$17        .dwtag  DW_TAG_formal_parameter, DW_AT_name("str1")
     234                      .dwattr $C$DW$17, DW_AT_TI_symbol_name("_str1")
     235                      .dwattr $C$DW$17, DW_AT_type(*$C$DW$T$30)
     236                      .dwattr $C$DW$17, DW_AT_location[DW_OP_reg12]
     237              $C$DW$18        .dwtag  DW_TAG_formal_parameter, DW_AT_name("strNl")
     238                      .dwattr $C$DW$18, DW_AT_TI_symbol_name("_strNl")
     239                      .dwattr $C$DW$18, DW_AT_type(*$C$DW$T$25)
     240                      .dwattr $C$DW$18, DW_AT_location[DW_OP_reg14]
     241              
     242              ;***************************************************************
     243              ;* FNAME: _testEquStr                   FR SIZE:   6           *
     244              ;*                                                             *
     245              ;* FUNCTION ENVIRONMENT                                        *
     246              ;*                                                             *
     247              ;* FUNCTION PROPERTIES                                         *
     248              ;*                            0 Parameter,  5 Auto,  0 SOE     *
     249              ;***************************************************************
     250              
     251 00000025       _testEquStr:
     252                      .dwcfi  cfa_offset, -2
     253                      .dwcfi  save_reg_to_mem, 26, 0
     254                      .dwcfi  save_reg_to_reg, 78, 26
     255 00000025 FE06          ADDB      SP,#6                 ; [CPU_U] 
     256                      .dwcfi  cfa_offset, -8
     257              $C$DW$19        .dwtag  DW_TAG_variable, DW_AT_name("str1")
     258                      .dwattr $C$DW$19, DW_AT_TI_symbol_name("_str1")
     259                      .dwattr $C$DW$19, DW_AT_type(*$C$DW$T$30)
     260                      .dwattr $C$DW$19, DW_AT_location[DW_OP_breg20 -2]
     261              $C$DW$20        .dwtag  DW_TAG_variable, DW_AT_name("strNl")
     262                      .dwattr $C$DW$20, DW_AT_TI_symbol_name("_strNl")
     263                      .dwattr $C$DW$20, DW_AT_type(*$C$DW$T$25)
     264                      .dwattr $C$DW$20, DW_AT_location[DW_OP_breg20 -4]
     265              $C$DW$21        .dwtag  DW_TAG_variable, DW_AT_name("len")
     266                      .dwattr $C$DW$21, DW_AT_TI_symbol_name("_len")
     267                      .dwattr $C$DW$21, DW_AT_type(*$C$DW$T$21)
     268                      .dwattr $C$DW$21, DW_AT_location[DW_OP_breg20 -5]
     269 00000026 A044          MOVL      *-SP[4],XAR5          ; [CPU_] |41| 
TMS320C2000 Assembler PC v6.2.7 Thu Jul 02 08:31:01 2015

Tools Copyright (c) 1996-2014 Texas Instruments Incorporated
C:\Users\Tester\AppData\Local\Temp\0594810                           PAGE    6

     270 00000027 A842          MOVL      *-SP[2],XAR4          ; [CPU_] |41| 
     271                      .dwpsn  file "../interface/shell.c",line 43,column 2,is_stmt
     272 00000028 8A44          MOVL      XAR4,*-SP[4]          ; [CPU_] |43| 
     273              $C$DW$22        .dwtag  DW_TAG_TI_branch
     274                      .dwattr $C$DW$22, DW_AT_low_pc(0x00)
     275                      .dwattr $C$DW$22, DW_AT_name("_strlen")
     276                      .dwattr $C$DW$22, DW_AT_TI_call
     277 00000029 7640!         LCR       #_strlen              ; [CPU_] |43| 
         0000002a 0000 
     278                      ; call occurs [#_strlen] ; [] |43| 
     279 0000002b 9645          MOV       *-SP[5],AL            ; [CPU_] |43| 
     280                      .dwpsn  file "../interface/shell.c",line 44,column 8,is_stmt
     281 0000002c 5200          CMPB      AL,#0                 ; [CPU_] |44| 
     282 0000002d EC10          BF        $C$L8,EQ              ; [CPU_] |44| 
     283                      ; branchcc occurs ; [] |44| 
     284 0000002e       $C$L6:    
     285                      .dwpsn  file "../interface/shell.c",line 45,column 3,is_stmt
     286 0000002e 8A44          MOVL      XAR4,*-SP[4]          ; [CPU_] |45| 
     287 0000002f 8342          MOVL      XAR5,*-SP[2]          ; [CPU_] |45| 
     288 00000030 92C4          MOV       AL,*+XAR4[0]          ; [CPU_] |45| 
     289 00000031 54C5          CMP       AL,*+XAR5[0]          ; [CPU_] |45| 
     290 00000032 EC03          BF        $C$L7,EQ              ; [CPU_] |45| 
     291                      ; branchcc occurs ; [] |45| 
     292                      .dwpsn  file "../interface/shell.c",line 46,column 4,is_stmt
     293 00000033 9A00          MOVB      AL,#0                 ; [CPU_] |46| 
     294 00000034 6F0A          B         $C$L9,UNC             ; [CPU_] |46| 
     295                      ; branch occurs ; [] |46| 
     296 00000035       $C$L7:    
     297                      .dwpsn  file "../interface/shell.c",line 47,column 3,is_stmt
     298 00000035 0B45          DEC       *-SP[5]               ; [CPU_] |47| 
     299                      .dwpsn  file "../interface/shell.c",line 48,column 3,is_stmt
     300 00000036 0201          MOVB      ACC,#1                ; [CPU_] |48| 
     301 00000037 5601          ADDL      *-SP[2],ACC           ; [CPU_] |48| 
         00000038 0042 
     302                      .dwpsn  file "../interface/shell.c",line 48,column 11,is_stmt
     303 00000039 5601          ADDL      *-SP[4],ACC           ; [CPU_] |48| 
         0000003a 0044 
     304                      .dwpsn  file "../interface/shell.c",line 44,column 8,is_stmt
     305 0000003b 9245          MOV       AL,*-SP[5]            ; [CPU_] |44| 
     306 0000003c EDF2          BF        $C$L6,NEQ             ; [CPU_] |44| 
     307                      ; branchcc occurs ; [] |44| 
     308 0000003d       $C$L8:    
     309                      .dwpsn  file "../interface/shell.c",line 50,column 2,is_stmt
     310 0000003d 9A01          MOVB      AL,#1                 ; [CPU_] |50| 
     311 0000003e       $C$L9:    
     312                      .dwpsn  file "../interface/shell.c",line 51,column 1,is_stmt
     313 0000003e FE86          SUBB      SP,#6                 ; [CPU_U] 
     314                      .dwcfi  cfa_offset, -2
     315              $C$DW$23        .dwtag  DW_TAG_TI_branch
     316                      .dwattr $C$DW$23, DW_AT_low_pc(0x00)
     317                      .dwattr $C$DW$23, DW_AT_TI_return
     318 0000003f 0006          LRETR     ; [CPU_] 
     319                      ; return occurs ; [] 
     320                      .dwattr $C$DW$16, DW_AT_TI_end_file("../interface/shell.c")
     321                      .dwattr $C$DW$16, DW_AT_TI_end_line(0x33)
TMS320C2000 Assembler PC v6.2.7 Thu Jul 02 08:31:01 2015

Tools Copyright (c) 1996-2014 Texas Instruments Incorporated
C:\Users\Tester\AppData\Local\Temp\0594810                           PAGE    7

     322                      .dwattr $C$DW$16, DW_AT_TI_end_column(0x01)
     323                      .dwendentry
     324                      .dwendtag $C$DW$16
     325              
     326 00000040               .sect   ".text"
     327                      .clink
     328                      .global _testCmdShell
     329              
     330              $C$DW$24        .dwtag  DW_TAG_subprogram, DW_AT_name("testCmdShell")
     331                      .dwattr $C$DW$24, DW_AT_low_pc(_testCmdShell)
     332                      .dwattr $C$DW$24, DW_AT_high_pc(0x00)
     333                      .dwattr $C$DW$24, DW_AT_TI_symbol_name("_testCmdShell")
     334                      .dwattr $C$DW$24, DW_AT_external
     335                      .dwattr $C$DW$24, DW_AT_type(*$C$DW$T$5)
     336                      .dwattr $C$DW$24, DW_AT_TI_begin_file("../interface/shell.c")
     337                      .dwattr $C$DW$24, DW_AT_TI_begin_line(0x35)
     338                      .dwattr $C$DW$24, DW_AT_TI_begin_column(0x06)
     339                      .dwattr $C$DW$24, DW_AT_TI_max_frame_size(-10)
     340                      .dwpsn  file "../interface/shell.c",line 53,column 58,is_stmt,address _testCmdShell
     341              
     342                      .dwfde $C$DW$CIE, _testCmdShell
     343              $C$DW$25        .dwtag  DW_TAG_formal_parameter, DW_AT_name("msg")
     344                      .dwattr $C$DW$25, DW_AT_TI_symbol_name("_msg")
     345                      .dwattr $C$DW$25, DW_AT_type(*$C$DW$T$30)
     346                      .dwattr $C$DW$25, DW_AT_location[DW_OP_reg12]
     347              $C$DW$26        .dwtag  DW_TAG_formal_parameter, DW_AT_name("num")
     348                      .dwattr $C$DW$26, DW_AT_TI_symbol_name("_num")
     349                      .dwattr $C$DW$26, DW_AT_type(*$C$DW$T$21)
     350                      .dwattr $C$DW$26, DW_AT_location[DW_OP_reg0]
     351              $C$DW$27        .dwtag  DW_TAG_formal_parameter, DW_AT_name("cmd")
     352                      .dwattr $C$DW$27, DW_AT_TI_symbol_name("_cmd")
     353                      .dwattr $C$DW$27, DW_AT_type(*$C$DW$T$25)
     354                      .dwattr $C$DW$27, DW_AT_location[DW_OP_reg14]
     355              
     356              ;***************************************************************
     357              ;* FNAME: _testCmdShell                 FR SIZE:   8           *
     358              ;*                                                             *
     359              ;* FUNCTION ENVIRONMENT                                        *
     360              ;*                                                             *
     361              ;* FUNCTION PROPERTIES                                         *
     362              ;*                            0 Parameter,  8 Auto,  0 SOE     *
     363              ;***************************************************************
     364              
     365 00000040       _testCmdShell:
     366                      .dwcfi  cfa_offset, -2
     367                      .dwcfi  save_reg_to_mem, 26, 0
     368                      .dwcfi  save_reg_to_reg, 78, 26
     369 00000040 FE08          ADDB      SP,#8                 ; [CPU_U] 
     370                      .dwcfi  cfa_offset, -10
     371              $C$DW$28        .dwtag  DW_TAG_variable, DW_AT_name("msg")
     372                      .dwattr $C$DW$28, DW_AT_TI_symbol_name("_msg")
     373                      .dwattr $C$DW$28, DW_AT_type(*$C$DW$T$30)
     374                      .dwattr $C$DW$28, DW_AT_location[DW_OP_breg20 -2]
     375              $C$DW$29        .dwtag  DW_TAG_variable, DW_AT_name("num")
     376                      .dwattr $C$DW$29, DW_AT_TI_symbol_name("_num")
TMS320C2000 Assembler PC v6.2.7 Thu Jul 02 08:31:01 2015

Tools Copyright (c) 1996-2014 Texas Instruments Incorporated
C:\Users\Tester\AppData\Local\Temp\0594810                           PAGE    8

     377                      .dwattr $C$DW$29, DW_AT_type(*$C$DW$T$21)
     378                      .dwattr $C$DW$29, DW_AT_location[DW_OP_breg20 -3]
     379              $C$DW$30        .dwtag  DW_TAG_variable, DW_AT_name("cmd")
     380                      .dwattr $C$DW$30, DW_AT_TI_symbol_name("_cmd")
     381                      .dwattr $C$DW$30, DW_AT_type(*$C$DW$T$25)
     382                      .dwattr $C$DW$30, DW_AT_location[DW_OP_breg20 -6]
     383              $C$DW$31        .dwtag  DW_TAG_variable, DW_AT_name("cnt")
     384                      .dwattr $C$DW$31, DW_AT_TI_symbol_name("_cnt")
     385                      .dwattr $C$DW$31, DW_AT_type(*$C$DW$T$21)
     386                      .dwattr $C$DW$31, DW_AT_location[DW_OP_breg20 -7]
     387              $C$DW$32        .dwtag  DW_TAG_variable, DW_AT_name("numCmd")
     388                      .dwattr $C$DW$32, DW_AT_TI_symbol_name("_numCmd")
     389                      .dwattr $C$DW$32, DW_AT_type(*$C$DW$T$21)
     390                      .dwattr $C$DW$32, DW_AT_location[DW_OP_breg20 -8]
     391 00000041 9643          MOV       *-SP[3],AL            ; [CPU_] |53| 
     392 00000042 A046          MOVL      *-SP[6],XAR5          ; [CPU_] |53| 
     393 00000043 A842          MOVL      *-SP[2],XAR4          ; [CPU_] |53| 
     394                      .dwpsn  file "../interface/shell.c",line 55,column 2,is_stmt
     395 00000044 8A46          MOVL      XAR4,*-SP[6]          ; [CPU_] |55| 
     396              $C$DW$33        .dwtag  DW_TAG_TI_branch
     397                      .dwattr $C$DW$33, DW_AT_low_pc(0x00)
     398                      .dwattr $C$DW$33, DW_AT_name("_strlen")
     399                      .dwattr $C$DW$33, DW_AT_TI_call
     400 00000045 7640!         LCR       #_strlen              ; [CPU_] |55| 
         00000046 0000 
     401                      ; call occurs [#_strlen] ; [] |55| 
     402 00000047 9648          MOV       *-SP[8],AL            ; [CPU_] |55| 
     403                      .dwpsn  file "../interface/shell.c",line 56,column 6,is_stmt
     404 00000048 2B47          MOV       *-SP[7],#0            ; [CPU_] |56| 
     405 00000049 6F13          B         $C$L12,UNC            ; [CPU_] |56| 
     406                      ; branch occurs ; [] |56| 
     407 0000004a       $C$L10:    
     408                      .dwpsn  file "../interface/shell.c",line 57,column 3,is_stmt
     409 0000004a 8A46          MOVL      XAR4,*-SP[6]          ; [CPU_] |57| 
     410 0000004b 8342          MOVL      XAR5,*-SP[2]          ; [CPU_] |57| 
     411 0000004c 5847          MOVZ      AR0,*-SP[7]           ; [CPU_] |57| 
     412 0000004d 92C4          MOV       AL,*+XAR4[0]          ; [CPU_] |57| 
     413 0000004e 5495          CMP       AL,*+XAR5[AR0]        ; [CPU_] |57| 
     414 0000004f ED0C          BF        $C$L11,NEQ            ; [CPU_] |57| 
     415                      ; branchcc occurs ; [] |57| 
     416                      .dwpsn  file "../interface/shell.c",line 58,column 4,is_stmt
     417 00000050 8847          MOVZ      AR6,*-SP[7]           ; [CPU_] |58| 
     418 00000051 0642          MOVL      ACC,*-SP[2]           ; [CPU_] |58| 
     419 00000052 8346          MOVL      XAR5,*-SP[6]          ; [CPU_] |58| 
     420 00000053 0DA6          ADDU      ACC,AR6               ; [CPU_] |58| 
     421 00000054 8AA9          MOVL      XAR4,ACC              ; [CPU_] |58| 
     422              $C$DW$34        .dwtag  DW_TAG_TI_branch
     423                      .dwattr $C$DW$34, DW_AT_low_pc(0x00)
     424                      .dwattr $C$DW$34, DW_AT_name("_testEquStr")
     425                      .dwattr $C$DW$34, DW_AT_TI_call
     426 00000055 7640'         LCR       #_testEquStr          ; [CPU_] |58| 
         00000056 0025 
     427                      ; call occurs [#_testEquStr] ; [] |58| 
     428 00000057 5200          CMPB      AL,#0                 ; [CPU_] |58| 
     429 00000058 EC03          BF        $C$L11,EQ             ; [CPU_] |58| 
TMS320C2000 Assembler PC v6.2.7 Thu Jul 02 08:31:01 2015

Tools Copyright (c) 1996-2014 Texas Instruments Incorporated
C:\Users\Tester\AppData\Local\Temp\0594810                           PAGE    9

     430                      ; branchcc occurs ; [] |58| 
     431                      .dwpsn  file "../interface/shell.c",line 59,column 5,is_stmt
     432 00000059 9A01          MOVB      AL,#1                 ; [CPU_] |59| 
     433 0000005a 6F07          B         $C$L13,UNC            ; [CPU_] |59| 
     434                      ; branch occurs ; [] |59| 
     435 0000005b       $C$L11:    
     436                      .dwpsn  file "../interface/shell.c",line 56,column 29,is_stmt
     437 0000005b 0A47          INC       *-SP[7]               ; [CPU_] |56| 
     438 0000005c       $C$L12:    
     439                      .dwpsn  file "../interface/shell.c",line 56,column 12,is_stmt
     440 0000005c 9243          MOV       AL,*-SP[3]            ; [CPU_] |56| 
     441 0000005d 9E48          SUB       AL,*-SP[8]            ; [CPU_] |56| 
     442 0000005e 5447          CMP       AL,*-SP[7]            ; [CPU_] |56| 
     443 0000005f 66EB          B         $C$L10,HI             ; [CPU_] |56| 
     444                      ; branchcc occurs ; [] |56| 
     445                      .dwpsn  file "../interface/shell.c",line 62,column 2,is_stmt
     446 00000060 9A00          MOVB      AL,#0                 ; [CPU_] |62| 
     447 00000061       $C$L13:    
     448                      .dwpsn  file "../interface/shell.c",line 63,column 1,is_stmt
     449 00000061 FE88          SUBB      SP,#8                 ; [CPU_U] 
     450                      .dwcfi  cfa_offset, -2
     451              $C$DW$35        .dwtag  DW_TAG_TI_branch
     452                      .dwattr $C$DW$35, DW_AT_low_pc(0x00)
     453                      .dwattr $C$DW$35, DW_AT_TI_return
     454 00000062 0006          LRETR     ; [CPU_] 
     455                      ; return occurs ; [] 
     456                      .dwattr $C$DW$24, DW_AT_TI_end_file("../interface/shell.c")
     457                      .dwattr $C$DW$24, DW_AT_TI_end_line(0x3f)
     458                      .dwattr $C$DW$24, DW_AT_TI_end_column(0x01)
     459                      .dwendentry
     460                      .dwendtag $C$DW$24
     461              
     462              ;***************************************************************
     463              ;* FAR STRINGS                                                 *
     464              ;***************************************************************
     465 00000000               .sect   ".econst:.string"
     466                      .align  2
     467 00000000 002D  $C$FSL1:        .string "--help",0
         00000001 002D 
         00000002 0068 
         00000003 0065 
         00000004 006C 
         00000005 0070 
         00000006 0000 
     468                      .align  2
     469 00000008 002D  $C$FSL2:        .string "--track",0
         00000009 002D 
         0000000a 0074 
         0000000b 0072 
         0000000c 0061 
         0000000d 0063 
         0000000e 006B 
         0000000f 0000 
     470              ;**************************************************************
     471              ;* UNDEFINED EXTERNAL REFERENCES                              *
TMS320C2000 Assembler PC v6.2.7 Thu Jul 02 08:31:01 2015

Tools Copyright (c) 1996-2014 Texas Instruments Incorporated
C:\Users\Tester\AppData\Local\Temp\0594810                           PAGE   10

     472              ;**************************************************************
     473                      .global _strlen
     474              
     475              ;***************************************************************
     476              ;* TYPE INFORMATION                                            *
     477              ;***************************************************************
     478              $C$DW$T$4       .dwtag  DW_TAG_base_type
     479                      .dwattr $C$DW$T$4, DW_AT_encoding(DW_ATE_boolean)
     480                      .dwattr $C$DW$T$4, DW_AT_name("bool")
     481                      .dwattr $C$DW$T$4, DW_AT_byte_size(0x01)
     482              $C$DW$T$5       .dwtag  DW_TAG_base_type
     483                      .dwattr $C$DW$T$5, DW_AT_encoding(DW_ATE_signed_char)
     484                      .dwattr $C$DW$T$5, DW_AT_name("signed char")
     485                      .dwattr $C$DW$T$5, DW_AT_byte_size(0x01)
     486              $C$DW$T$6       .dwtag  DW_TAG_base_type
     487                      .dwattr $C$DW$T$6, DW_AT_encoding(DW_ATE_unsigned_char)
     488                      .dwattr $C$DW$T$6, DW_AT_name("unsigned char")
     489                      .dwattr $C$DW$T$6, DW_AT_byte_size(0x01)
     490              $C$DW$T$7       .dwtag  DW_TAG_base_type
     491                      .dwattr $C$DW$T$7, DW_AT_encoding(DW_ATE_signed_char)
     492                      .dwattr $C$DW$T$7, DW_AT_name("wchar_t")
     493                      .dwattr $C$DW$T$7, DW_AT_byte_size(0x01)
     494              $C$DW$T$8       .dwtag  DW_TAG_base_type
     495                      .dwattr $C$DW$T$8, DW_AT_encoding(DW_ATE_signed)
     496                      .dwattr $C$DW$T$8, DW_AT_name("short")
     497                      .dwattr $C$DW$T$8, DW_AT_byte_size(0x01)
     498              $C$DW$T$9       .dwtag  DW_TAG_base_type
     499                      .dwattr $C$DW$T$9, DW_AT_encoding(DW_ATE_unsigned)
     500                      .dwattr $C$DW$T$9, DW_AT_name("unsigned short")
     501                      .dwattr $C$DW$T$9, DW_AT_byte_size(0x01)
     502              $C$DW$T$10      .dwtag  DW_TAG_base_type
     503                      .dwattr $C$DW$T$10, DW_AT_encoding(DW_ATE_signed)
     504                      .dwattr $C$DW$T$10, DW_AT_name("int")
     505                      .dwattr $C$DW$T$10, DW_AT_byte_size(0x01)
     506              $C$DW$T$11      .dwtag  DW_TAG_base_type
     507                      .dwattr $C$DW$T$11, DW_AT_encoding(DW_ATE_unsigned)
     508                      .dwattr $C$DW$T$11, DW_AT_name("unsigned int")
     509                      .dwattr $C$DW$T$11, DW_AT_byte_size(0x01)
     510              $C$DW$T$21      .dwtag  DW_TAG_typedef, DW_AT_name("UINT16")
     511                      .dwattr $C$DW$T$21, DW_AT_type(*$C$DW$T$11)
     512                      .dwattr $C$DW$T$21, DW_AT_language(DW_LANG_C)
     513              $C$DW$T$19      .dwtag  DW_TAG_typedef, DW_AT_name("UINT8")
     514                      .dwattr $C$DW$T$19, DW_AT_type(*$C$DW$T$11)
     515                      .dwattr $C$DW$T$19, DW_AT_language(DW_LANG_C)
     516              $C$DW$T$12      .dwtag  DW_TAG_base_type
     517                      .dwattr $C$DW$T$12, DW_AT_encoding(DW_ATE_signed)
     518                      .dwattr $C$DW$T$12, DW_AT_name("long")
     519                      .dwattr $C$DW$T$12, DW_AT_byte_size(0x02)
     520              $C$DW$T$13      .dwtag  DW_TAG_base_type
     521                      .dwattr $C$DW$T$13, DW_AT_encoding(DW_ATE_unsigned)
     522                      .dwattr $C$DW$T$13, DW_AT_name("unsigned long")
     523                      .dwattr $C$DW$T$13, DW_AT_byte_size(0x02)
     524              $C$DW$T$22      .dwtag  DW_TAG_typedef, DW_AT_name("size_t")
     525                      .dwattr $C$DW$T$22, DW_AT_type(*$C$DW$T$13)
     526                      .dwattr $C$DW$T$22, DW_AT_language(DW_LANG_C)
TMS320C2000 Assembler PC v6.2.7 Thu Jul 02 08:31:01 2015

Tools Copyright (c) 1996-2014 Texas Instruments Incorporated
C:\Users\Tester\AppData\Local\Temp\0594810                           PAGE   11

     527              $C$DW$T$14      .dwtag  DW_TAG_base_type
     528                      .dwattr $C$DW$T$14, DW_AT_encoding(DW_ATE_signed)
     529                      .dwattr $C$DW$T$14, DW_AT_name("long long")
     530                      .dwattr $C$DW$T$14, DW_AT_byte_size(0x04)
     531              $C$DW$T$15      .dwtag  DW_TAG_base_type
     532                      .dwattr $C$DW$T$15, DW_AT_encoding(DW_ATE_unsigned)
     533                      .dwattr $C$DW$T$15, DW_AT_name("unsigned long long")
     534                      .dwattr $C$DW$T$15, DW_AT_byte_size(0x04)
     535              $C$DW$T$16      .dwtag  DW_TAG_base_type
     536                      .dwattr $C$DW$T$16, DW_AT_encoding(DW_ATE_float)
     537                      .dwattr $C$DW$T$16, DW_AT_name("float")
     538                      .dwattr $C$DW$T$16, DW_AT_byte_size(0x02)
     539              $C$DW$T$17      .dwtag  DW_TAG_base_type
     540                      .dwattr $C$DW$T$17, DW_AT_encoding(DW_ATE_float)
     541                      .dwattr $C$DW$T$17, DW_AT_name("double")
     542                      .dwattr $C$DW$T$17, DW_AT_byte_size(0x02)
     543              $C$DW$T$18      .dwtag  DW_TAG_base_type
     544                      .dwattr $C$DW$T$18, DW_AT_encoding(DW_ATE_float)
     545                      .dwattr $C$DW$T$18, DW_AT_name("long double")
     546                      .dwattr $C$DW$T$18, DW_AT_byte_size(0x04)
     547              $C$DW$36        .dwtag  DW_TAG_TI_far_type
     548                      .dwattr $C$DW$36, DW_AT_type(*$C$DW$T$5)
     549              $C$DW$T$24      .dwtag  DW_TAG_const_type
     550                      .dwattr $C$DW$T$24, DW_AT_type(*$C$DW$36)
     551              $C$DW$T$25      .dwtag  DW_TAG_pointer_type
     552                      .dwattr $C$DW$T$25, DW_AT_type(*$C$DW$T$24)
     553                      .dwattr $C$DW$T$25, DW_AT_address_class(0x16)
     554              
     555              $C$DW$T$28      .dwtag  DW_TAG_array_type
     556                      .dwattr $C$DW$T$28, DW_AT_type(*$C$DW$T$25)
     557                      .dwattr $C$DW$T$28, DW_AT_language(DW_LANG_C)
     558                      .dwattr $C$DW$T$28, DW_AT_byte_size(0x04)
     559              $C$DW$37        .dwtag  DW_TAG_subrange_type
     560                      .dwattr $C$DW$37, DW_AT_upper_bound(0x01)
     561                      .dwendtag $C$DW$T$28
     562              
     563              $C$DW$T$30      .dwtag  DW_TAG_pointer_type
     564                      .dwattr $C$DW$T$30, DW_AT_type(*$C$DW$T$5)
     565                      .dwattr $C$DW$T$30, DW_AT_address_class(0x16)
     566                      .dwattr $C$DW$CU, DW_AT_language(DW_LANG_C)
     567              
     568              ;***************************************************************
     569              ;* DWARF CIE ENTRIES                                           *
     570              ;***************************************************************
     571              
     572              $C$DW$CIE       .dwcie 78
     573                      .dwcfi  cfa_register, 20
     574                      .dwcfi  cfa_offset, 0
     575                      .dwcfi  undefined, 0
     576                      .dwcfi  undefined, 1
     577                      .dwcfi  undefined, 2
     578                      .dwcfi  undefined, 3
     579                      .dwcfi  undefined, 20
     580                      .dwcfi  undefined, 21
     581                      .dwcfi  undefined, 22
TMS320C2000 Assembler PC v6.2.7 Thu Jul 02 08:31:01 2015

Tools Copyright (c) 1996-2014 Texas Instruments Incorporated
C:\Users\Tester\AppData\Local\Temp\0594810                           PAGE   12

     582                      .dwcfi  undefined, 23
     583                      .dwcfi  undefined, 24
     584                      .dwcfi  undefined, 25
     585                      .dwcfi  undefined, 26
     586                      .dwcfi  same_value, 28
     587                      .dwcfi  undefined, 29
     588                      .dwcfi  undefined, 30
     589                      .dwcfi  undefined, 31
     590                      .dwcfi  undefined, 32
     591                      .dwcfi  undefined, 33
     592                      .dwcfi  undefined, 34
     593                      .dwcfi  undefined, 35
     594                      .dwcfi  undefined, 36
     595                      .dwcfi  undefined, 37
     596                      .dwcfi  undefined, 38
     597                      .dwcfi  undefined, 75
     598                      .dwcfi  undefined, 76
     599                      .dwcfi  undefined, 77
     600                      .dwcfi  undefined, 4
     601                      .dwcfi  same_value, 6
     602                      .dwcfi  same_value, 8
     603                      .dwcfi  same_value, 10
     604                      .dwcfi  undefined, 12
     605                      .dwcfi  undefined, 14
     606                      .dwcfi  undefined, 16
     607                      .dwcfi  undefined, 17
     608                      .dwcfi  undefined, 18
     609                      .dwcfi  undefined, 19
     610                      .dwcfi  undefined, 5
     611                      .dwcfi  same_value, 7
     612                      .dwcfi  same_value, 9
     613                      .dwcfi  same_value, 11
     614                      .dwcfi  undefined, 13
     615                      .dwcfi  undefined, 15
     616                      .dwcfi  undefined, 43
     617                      .dwcfi  undefined, 44
     618                      .dwcfi  undefined, 47
     619                      .dwcfi  undefined, 48
     620                      .dwcfi  undefined, 51
     621                      .dwcfi  undefined, 52
     622                      .dwcfi  undefined, 55
     623                      .dwcfi  undefined, 56
     624                      .dwcfi  same_value, 59
     625                      .dwcfi  same_value, 60
     626                      .dwcfi  same_value, 63
     627                      .dwcfi  same_value, 64
     628                      .dwcfi  same_value, 67
     629                      .dwcfi  same_value, 68
     630                      .dwcfi  same_value, 71
     631                      .dwcfi  same_value, 72
     632                      .dwcfi  undefined, 73
     633                      .dwcfi  undefined, 74
     634                      .dwcfi  undefined, 39
     635                      .dwcfi  undefined, 40
     636                      .dwcfi  undefined, 27
TMS320C2000 Assembler PC v6.2.7 Thu Jul 02 08:31:01 2015

Tools Copyright (c) 1996-2014 Texas Instruments Incorporated
C:\Users\Tester\AppData\Local\Temp\0594810                           PAGE   13

     637                      .dwcfi  undefined, 78
     638                      .dwendentry
     639              
     640              ;***************************************************************
     641              ;* DWARF REGISTER MAP                                          *
     642              ;***************************************************************
     643              
     644              $C$DW$38        .dwtag  DW_TAG_TI_assign_register, DW_AT_name("AL")
     645                      .dwattr $C$DW$38, DW_AT_location[DW_OP_reg0]
     646              $C$DW$39        .dwtag  DW_TAG_TI_assign_register, DW_AT_name("AH")
     647                      .dwattr $C$DW$39, DW_AT_location[DW_OP_reg1]
     648              $C$DW$40        .dwtag  DW_TAG_TI_assign_register, DW_AT_name("PL")
     649                      .dwattr $C$DW$40, DW_AT_location[DW_OP_reg2]
     650              $C$DW$41        .dwtag  DW_TAG_TI_assign_register, DW_AT_name("PH")
     651                      .dwattr $C$DW$41, DW_AT_location[DW_OP_reg3]
     652              $C$DW$42        .dwtag  DW_TAG_TI_assign_register, DW_AT_name("SP")
     653                      .dwattr $C$DW$42, DW_AT_location[DW_OP_reg20]
     654              $C$DW$43        .dwtag  DW_TAG_TI_assign_register, DW_AT_name("XT")
     655                      .dwattr $C$DW$43, DW_AT_location[DW_OP_reg21]
     656              $C$DW$44        .dwtag  DW_TAG_TI_assign_register, DW_AT_name("T")
     657                      .dwattr $C$DW$44, DW_AT_location[DW_OP_reg22]
     658              $C$DW$45        .dwtag  DW_TAG_TI_assign_register, DW_AT_name("ST0")
     659                      .dwattr $C$DW$45, DW_AT_location[DW_OP_reg23]
     660              $C$DW$46        .dwtag  DW_TAG_TI_assign_register, DW_AT_name("ST1")
     661                      .dwattr $C$DW$46, DW_AT_location[DW_OP_reg24]
     662              $C$DW$47        .dwtag  DW_TAG_TI_assign_register, DW_AT_name("PC")
     663                      .dwattr $C$DW$47, DW_AT_location[DW_OP_reg25]
     664              $C$DW$48        .dwtag  DW_TAG_TI_assign_register, DW_AT_name("RPC")
     665                      .dwattr $C$DW$48, DW_AT_location[DW_OP_reg26]
     666              $C$DW$49        .dwtag  DW_TAG_TI_assign_register, DW_AT_name("FP")
     667                      .dwattr $C$DW$49, DW_AT_location[DW_OP_reg28]
     668              $C$DW$50        .dwtag  DW_TAG_TI_assign_register, DW_AT_name("DP")
     669                      .dwattr $C$DW$50, DW_AT_location[DW_OP_reg29]
     670              $C$DW$51        .dwtag  DW_TAG_TI_assign_register, DW_AT_name("SXM")
     671                      .dwattr $C$DW$51, DW_AT_location[DW_OP_reg30]
     672              $C$DW$52        .dwtag  DW_TAG_TI_assign_register, DW_AT_name("PM")
     673                      .dwattr $C$DW$52, DW_AT_location[DW_OP_reg31]
     674              $C$DW$53        .dwtag  DW_TAG_TI_assign_register, DW_AT_name("OVM")
     675                      .dwattr $C$DW$53, DW_AT_location[DW_OP_regx 0x20]
     676              $C$DW$54        .dwtag  DW_TAG_TI_assign_register, DW_AT_name("PAGE0")
     677                      .dwattr $C$DW$54, DW_AT_location[DW_OP_regx 0x21]
     678              $C$DW$55        .dwtag  DW_TAG_TI_assign_register, DW_AT_name("AMODE")
     679                      .dwattr $C$DW$55, DW_AT_location[DW_OP_regx 0x22]
     680              $C$DW$56        .dwtag  DW_TAG_TI_assign_register, DW_AT_name("INTM")
     681                      .dwattr $C$DW$56, DW_AT_location[DW_OP_regx 0x23]
     682              $C$DW$57        .dwtag  DW_TAG_TI_assign_register, DW_AT_name("IFR")
     683                      .dwattr $C$DW$57, DW_AT_location[DW_OP_regx 0x24]
     684              $C$DW$58        .dwtag  DW_TAG_TI_assign_register, DW_AT_name("IER")
     685                      .dwattr $C$DW$58, DW_AT_location[DW_OP_regx 0x25]
     686              $C$DW$59        .dwtag  DW_TAG_TI_assign_register, DW_AT_name("V")
     687                      .dwattr $C$DW$59, DW_AT_location[DW_OP_regx 0x26]
     688              $C$DW$60        .dwtag  DW_TAG_TI_assign_register, DW_AT_name("PSEUDOH")
     689                      .dwattr $C$DW$60, DW_AT_location[DW_OP_regx 0x4c]
     690              $C$DW$61        .dwtag  DW_TAG_TI_assign_register, DW_AT_name("VOL")
     691                      .dwattr $C$DW$61, DW_AT_location[DW_OP_regx 0x4d]
TMS320C2000 Assembler PC v6.2.7 Thu Jul 02 08:31:01 2015

Tools Copyright (c) 1996-2014 Texas Instruments Incorporated
C:\Users\Tester\AppData\Local\Temp\0594810                           PAGE   14

     692              $C$DW$62        .dwtag  DW_TAG_TI_assign_register, DW_AT_name("AR0")
     693                      .dwattr $C$DW$62, DW_AT_location[DW_OP_reg4]
     694              $C$DW$63        .dwtag  DW_TAG_TI_assign_register, DW_AT_name("AR1")
     695                      .dwattr $C$DW$63, DW_AT_location[DW_OP_reg6]
     696              $C$DW$64        .dwtag  DW_TAG_TI_assign_register, DW_AT_name("AR2")
     697                      .dwattr $C$DW$64, DW_AT_location[DW_OP_reg8]
     698              $C$DW$65        .dwtag  DW_TAG_TI_assign_register, DW_AT_name("AR3")
     699                      .dwattr $C$DW$65, DW_AT_location[DW_OP_reg10]
     700              $C$DW$66        .dwtag  DW_TAG_TI_assign_register, DW_AT_name("AR4")
     701                      .dwattr $C$DW$66, DW_AT_location[DW_OP_reg12]
     702              $C$DW$67        .dwtag  DW_TAG_TI_assign_register, DW_AT_name("AR5")
     703                      .dwattr $C$DW$67, DW_AT_location[DW_OP_reg14]
     704              $C$DW$68        .dwtag  DW_TAG_TI_assign_register, DW_AT_name("AR6")
     705                      .dwattr $C$DW$68, DW_AT_location[DW_OP_reg16]
     706              $C$DW$69        .dwtag  DW_TAG_TI_assign_register, DW_AT_name("XAR6")
     707                      .dwattr $C$DW$69, DW_AT_location[DW_OP_reg17]
     708              $C$DW$70        .dwtag  DW_TAG_TI_assign_register, DW_AT_name("AR7")
     709                      .dwattr $C$DW$70, DW_AT_location[DW_OP_reg18]
     710              $C$DW$71        .dwtag  DW_TAG_TI_assign_register, DW_AT_name("XAR7")
     711                      .dwattr $C$DW$71, DW_AT_location[DW_OP_reg19]
     712              $C$DW$72        .dwtag  DW_TAG_TI_assign_register, DW_AT_name("XAR0")
     713                      .dwattr $C$DW$72, DW_AT_location[DW_OP_reg5]
     714              $C$DW$73        .dwtag  DW_TAG_TI_assign_register, DW_AT_name("XAR1")
     715                      .dwattr $C$DW$73, DW_AT_location[DW_OP_reg7]
     716              $C$DW$74        .dwtag  DW_TAG_TI_assign_register, DW_AT_name("XAR2")
     717                      .dwattr $C$DW$74, DW_AT_location[DW_OP_reg9]
     718              $C$DW$75        .dwtag  DW_TAG_TI_assign_register, DW_AT_name("XAR3")
     719                      .dwattr $C$DW$75, DW_AT_location[DW_OP_reg11]
     720              $C$DW$76        .dwtag  DW_TAG_TI_assign_register, DW_AT_name("XAR4")
     721                      .dwattr $C$DW$76, DW_AT_location[DW_OP_reg13]
     722              $C$DW$77        .dwtag  DW_TAG_TI_assign_register, DW_AT_name("XAR5")
     723                      .dwattr $C$DW$77, DW_AT_location[DW_OP_reg15]
     724              $C$DW$78        .dwtag  DW_TAG_TI_assign_register, DW_AT_name("R0HL")
     725                      .dwattr $C$DW$78, DW_AT_location[DW_OP_regx 0x2b]
     726              $C$DW$79        .dwtag  DW_TAG_TI_assign_register, DW_AT_name("R0H")
     727                      .dwattr $C$DW$79, DW_AT_location[DW_OP_regx 0x2c]
     728              $C$DW$80        .dwtag  DW_TAG_TI_assign_register, DW_AT_name("R1HL")
     729                      .dwattr $C$DW$80, DW_AT_location[DW_OP_regx 0x2f]
     730              $C$DW$81        .dwtag  DW_TAG_TI_assign_register, DW_AT_name("R1H")
     731                      .dwattr $C$DW$81, DW_AT_location[DW_OP_regx 0x30]
     732              $C$DW$82        .dwtag  DW_TAG_TI_assign_register, DW_AT_name("R2HL")
     733                      .dwattr $C$DW$82, DW_AT_location[DW_OP_regx 0x33]
     734              $C$DW$83        .dwtag  DW_TAG_TI_assign_register, DW_AT_name("R2H")
     735                      .dwattr $C$DW$83, DW_AT_location[DW_OP_regx 0x34]
     736              $C$DW$84        .dwtag  DW_TAG_TI_assign_register, DW_AT_name("R3HL")
     737                      .dwattr $C$DW$84, DW_AT_location[DW_OP_regx 0x37]
     738              $C$DW$85        .dwtag  DW_TAG_TI_assign_register, DW_AT_name("R3H")
     739                      .dwattr $C$DW$85, DW_AT_location[DW_OP_regx 0x38]
     740              $C$DW$86        .dwtag  DW_TAG_TI_assign_register, DW_AT_name("R4HL")
     741                      .dwattr $C$DW$86, DW_AT_location[DW_OP_regx 0x3b]
     742              $C$DW$87        .dwtag  DW_TAG_TI_assign_register, DW_AT_name("R4H")
     743                      .dwattr $C$DW$87, DW_AT_location[DW_OP_regx 0x3c]
     744              $C$DW$88        .dwtag  DW_TAG_TI_assign_register, DW_AT_name("R5HL")
     745                      .dwattr $C$DW$88, DW_AT_location[DW_OP_regx 0x3f]
     746              $C$DW$89        .dwtag  DW_TAG_TI_assign_register, DW_AT_name("R5H")
TMS320C2000 Assembler PC v6.2.7 Thu Jul 02 08:31:01 2015

Tools Copyright (c) 1996-2014 Texas Instruments Incorporated
C:\Users\Tester\AppData\Local\Temp\0594810                           PAGE   15

     747                      .dwattr $C$DW$89, DW_AT_location[DW_OP_regx 0x40]
     748              $C$DW$90        .dwtag  DW_TAG_TI_assign_register, DW_AT_name("R6HL")
     749                      .dwattr $C$DW$90, DW_AT_location[DW_OP_regx 0x43]
     750              $C$DW$91        .dwtag  DW_TAG_TI_assign_register, DW_AT_name("R6H")
     751                      .dwattr $C$DW$91, DW_AT_location[DW_OP_regx 0x44]
     752              $C$DW$92        .dwtag  DW_TAG_TI_assign_register, DW_AT_name("R7HL")
     753                      .dwattr $C$DW$92, DW_AT_location[DW_OP_regx 0x47]
     754              $C$DW$93        .dwtag  DW_TAG_TI_assign_register, DW_AT_name("R7H")
     755                      .dwattr $C$DW$93, DW_AT_location[DW_OP_regx 0x48]
     756              $C$DW$94        .dwtag  DW_TAG_TI_assign_register, DW_AT_name("RBL")
     757                      .dwattr $C$DW$94, DW_AT_location[DW_OP_regx 0x49]
     758              $C$DW$95        .dwtag  DW_TAG_TI_assign_register, DW_AT_name("RB")
     759                      .dwattr $C$DW$95, DW_AT_location[DW_OP_regx 0x4a]
     760              $C$DW$96        .dwtag  DW_TAG_TI_assign_register, DW_AT_name("STFL")
     761                      .dwattr $C$DW$96, DW_AT_location[DW_OP_regx 0x27]
     762              $C$DW$97        .dwtag  DW_TAG_TI_assign_register, DW_AT_name("STF")
     763                      .dwattr $C$DW$97, DW_AT_location[DW_OP_regx 0x28]
     764              $C$DW$98        .dwtag  DW_TAG_TI_assign_register, DW_AT_name("FPUHAZ")
     765                      .dwattr $C$DW$98, DW_AT_location[DW_OP_reg27]
     766              $C$DW$99        .dwtag  DW_TAG_TI_assign_register, DW_AT_name("CIE_RETA")
     767                      .dwattr $C$DW$99, DW_AT_location[DW_OP_regx 0x4e]
     768                      .dwendtag $C$DW$CU
     769              

No Assembly Errors, No Assembly Warnings
