TMS320C2000 Assembler PC v6.2.7 Thu Jul 02 08:31:00 2015

Tools Copyright (c) 1996-2014 Texas Instruments Incorporated
C:\Users\Tester\AppData\Local\Temp\0496410                           PAGE    1

       1              ;***************************************************************
       2              ;* TMS320C2000 C/C++ Codegen                         PC v6.2.7 *
       3              ;* Date/Time created: Thu Jul 02 08:31:00 2015                 *
       4              ;***************************************************************
       5                      .compiler_opts --diag_wrap=off --float_support=fpu32 --hll_source=on --mem_model:code=flat --mem_mode
       6        0002  FP      .set    XAR2
       7              
       8              $C$DW$CU        .dwtag  DW_TAG_compile_unit
       9                      .dwattr $C$DW$CU, DW_AT_name("../interface/StartStopCntrl.c")
      10                      .dwattr $C$DW$CU, DW_AT_producer("TMS320C2000 C/C++ Codegen PC v6.2.7 Copyright (c) 1996-2014 Texas I
      11                      .dwattr $C$DW$CU, DW_AT_TI_version(0x01)
      12                      .dwattr $C$DW$CU, DW_AT_comp_dir("D:\ActiveProject\EKT5\PKMT_NONBIOS\InvertorCntrl\ISPprg")
      13              
      14              $C$DW$1 .dwtag  DW_TAG_subprogram, DW_AT_name("testDiscretInp")
      15                      .dwattr $C$DW$1, DW_AT_TI_symbol_name("_testDiscretInp")
      16                      .dwattr $C$DW$1, DW_AT_type(*$C$DW$T$5)
      17                      .dwattr $C$DW$1, DW_AT_declaration
      18                      .dwattr $C$DW$1, DW_AT_external
      19              $C$DW$2 .dwtag  DW_TAG_formal_parameter
      20                      .dwattr $C$DW$2, DW_AT_type(*$C$DW$T$30)
      21                      .dwendtag $C$DW$1
      22              
      23              
      24              $C$DW$3 .dwtag  DW_TAG_subprogram, DW_AT_name("clrStatusConvertor")
      25                      .dwattr $C$DW$3, DW_AT_TI_symbol_name("_clrStatusConvertor")
      26                      .dwattr $C$DW$3, DW_AT_type(*$C$DW$T$27)
      27                      .dwattr $C$DW$3, DW_AT_declaration
      28                      .dwattr $C$DW$3, DW_AT_external
      29              $C$DW$4 .dwtag  DW_TAG_formal_parameter
      30                      .dwattr $C$DW$4, DW_AT_type(*$C$DW$T$27)
      31                      .dwendtag $C$DW$3
      32              
      33              
      34              $C$DW$5 .dwtag  DW_TAG_subprogram, DW_AT_name("setStatusConvertor")
      35                      .dwattr $C$DW$5, DW_AT_TI_symbol_name("_setStatusConvertor")
      36                      .dwattr $C$DW$5, DW_AT_type(*$C$DW$T$27)
      37                      .dwattr $C$DW$5, DW_AT_declaration
      38                      .dwattr $C$DW$5, DW_AT_external
      39              $C$DW$6 .dwtag  DW_TAG_formal_parameter
      40                      .dwattr $C$DW$6, DW_AT_type(*$C$DW$T$27)
      41                      .dwendtag $C$DW$5
      42              
      43              
      44              $C$DW$7 .dwtag  DW_TAG_subprogram, DW_AT_name("SetRegister")
      45                      .dwattr $C$DW$7, DW_AT_TI_symbol_name("_SetRegister")
      46                      .dwattr $C$DW$7, DW_AT_type(*$C$DW$T$21)
      47                      .dwattr $C$DW$7, DW_AT_declaration
      48                      .dwattr $C$DW$7, DW_AT_external
      49              $C$DW$8 .dwtag  DW_TAG_formal_parameter
      50                      .dwattr $C$DW$8, DW_AT_type(*$C$DW$T$5)
      51              $C$DW$9 .dwtag  DW_TAG_formal_parameter
      52                      .dwattr $C$DW$9, DW_AT_type(*$C$DW$T$10)
      53                      .dwendtag $C$DW$7
      54              
      55              
TMS320C2000 Assembler PC v6.2.7 Thu Jul 02 08:31:00 2015

Tools Copyright (c) 1996-2014 Texas Instruments Incorporated
C:\Users\Tester\AppData\Local\Temp\0496410                           PAGE    2

      56              $C$DW$10        .dwtag  DW_TAG_subprogram, DW_AT_name("getRegister")
      57                      .dwattr $C$DW$10, DW_AT_TI_symbol_name("_getRegister")
      58                      .dwattr $C$DW$10, DW_AT_type(*$C$DW$T$10)
      59                      .dwattr $C$DW$10, DW_AT_declaration
      60                      .dwattr $C$DW$10, DW_AT_external
      61              $C$DW$11        .dwtag  DW_TAG_formal_parameter
      62                      .dwattr $C$DW$11, DW_AT_type(*$C$DW$T$5)
      63                      .dwendtag $C$DW$10
      64              
      65              
      66              $C$DW$12        .dwtag  DW_TAG_subprogram, DW_AT_name("getCoil")
      67                      .dwattr $C$DW$12, DW_AT_TI_symbol_name("_getCoil")
      68                      .dwattr $C$DW$12, DW_AT_type(*$C$DW$T$5)
      69                      .dwattr $C$DW$12, DW_AT_declaration
      70                      .dwattr $C$DW$12, DW_AT_external
      71              $C$DW$13        .dwtag  DW_TAG_formal_parameter
      72                      .dwattr $C$DW$13, DW_AT_type(*$C$DW$T$5)
      73                      .dwendtag $C$DW$12
      74              
      75              ;       C:\ti\ccsv6\tools\compiler\c2000_6.2.7\bin\ac2000.exe -@C:\\Users\\Tester\\AppData\\Local\\Temp\\0496
      76 00000000               .sect   ".text"
      77                      .clink
      78                      .global _modeSPD
      79              
      80              $C$DW$14        .dwtag  DW_TAG_subprogram, DW_AT_name("modeSPD")
      81                      .dwattr $C$DW$14, DW_AT_low_pc(_modeSPD)
      82                      .dwattr $C$DW$14, DW_AT_high_pc(0x00)
      83                      .dwattr $C$DW$14, DW_AT_TI_symbol_name("_modeSPD")
      84                      .dwattr $C$DW$14, DW_AT_external
      85                      .dwattr $C$DW$14, DW_AT_TI_begin_file("../interface/StartStopCntrl.c")
      86                      .dwattr $C$DW$14, DW_AT_TI_begin_line(0x0a)
      87                      .dwattr $C$DW$14, DW_AT_TI_begin_column(0x06)
      88                      .dwattr $C$DW$14, DW_AT_TI_max_frame_size(-2)
      89                      .dwpsn  file "../interface/StartStopCntrl.c",line 10,column 19,is_stmt,address _modeSPD
      90              
      91                      .dwfde $C$DW$CIE, _modeSPD
      92              
      93              ;***************************************************************
      94              ;* FNAME: _modeSPD                      FR SIZE:   0           *
      95              ;*                                                             *
      96              ;* FUNCTION ENVIRONMENT                                        *
      97              ;*                                                             *
      98              ;* FUNCTION PROPERTIES                                         *
      99              ;*                            0 Parameter,  0 Auto,  0 SOE     *
     100              ;***************************************************************
     101              
     102 00000000       _modeSPD:
     103                      .dwcfi  cfa_offset, -2
     104                      .dwcfi  save_reg_to_mem, 26, 0
     105                      .dwcfi  save_reg_to_reg, 78, 26
     106                      .dwpsn  file "../interface/StartStopCntrl.c",line 11,column 2,is_stmt
     107 00000000 9A00          MOV       AL,#0                 ; [CPU_] |11| 
     108 00000001 9B80          MOV       AH,#128               ; [CPU_] |11| 
     109              $C$DW$15        .dwtag  DW_TAG_TI_branch
     110                      .dwattr $C$DW$15, DW_AT_low_pc(0x00)
TMS320C2000 Assembler PC v6.2.7 Thu Jul 02 08:31:00 2015

Tools Copyright (c) 1996-2014 Texas Instruments Incorporated
C:\Users\Tester\AppData\Local\Temp\0496410                           PAGE    3

     111                      .dwattr $C$DW$15, DW_AT_name("_testDiscretInp")
     112                      .dwattr $C$DW$15, DW_AT_TI_call
     113 00000002 7640!         LCR       #_testDiscretInp      ; [CPU_] |11| 
         00000003 0000 
     114                      ; call occurs [#_testDiscretInp] ; [] |11| 
     115 00000004 5200          CMPB      AL,#0                 ; [CPU_] |11| 
     116 00000005 EC05          BF        $C$L1,EQ              ; [CPU_] |11| 
     117                      ; branchcc occurs ; [] |11| 
     118                      .dwpsn  file "../interface/StartStopCntrl.c",line 12,column 3,is_stmt
     119 00000006 9A0C          MOVB      AL,#12                ; [CPU_] |12| 
     120              $C$DW$16        .dwtag  DW_TAG_TI_branch
     121                      .dwattr $C$DW$16, DW_AT_low_pc(0x00)
     122                      .dwattr $C$DW$16, DW_AT_name("_clrStatusConvertor")
     123                      .dwattr $C$DW$16, DW_AT_TI_call
     124 00000007 7640!         LCR       #_clrStatusConvertor  ; [CPU_] |12| 
         00000008 0000 
     125                      ; call occurs [#_clrStatusConvertor] ; [] |12| 
     126                      .dwpsn  file "../interface/StartStopCntrl.c",line 13,column 2,is_stmt
     127 00000009 6F0A          B         $C$L2,UNC             ; [CPU_] |13| 
     128                      ; branch occurs ; [] |13| 
     129 0000000a       $C$L1:    
     130                      .dwpsn  file "../interface/StartStopCntrl.c",line 14,column 3,is_stmt
     131 0000000a FF2F          MOV       ACC,#512 << 15        ; [CPU_] |14| 
         0000000b 0200 
     132              $C$DW$17        .dwtag  DW_TAG_TI_branch
     133                      .dwattr $C$DW$17, DW_AT_low_pc(0x00)
     134                      .dwattr $C$DW$17, DW_AT_name("_testDiscretInp")
     135                      .dwattr $C$DW$17, DW_AT_TI_call
     136 0000000c 7640!         LCR       #_testDiscretInp      ; [CPU_] |14| 
         0000000d 0000 
     137                      ; call occurs [#_testDiscretInp] ; [] |14| 
     138 0000000e 5200          CMPB      AL,#0                 ; [CPU_] |14| 
     139 0000000f EC04          BF        $C$L2,EQ              ; [CPU_] |14| 
     140                      ; branchcc occurs ; [] |14| 
     141                      .dwpsn  file "../interface/StartStopCntrl.c",line 15,column 4,is_stmt
     142 00000010 9A04          MOVB      AL,#4                 ; [CPU_] |15| 
     143              $C$DW$18        .dwtag  DW_TAG_TI_branch
     144                      .dwattr $C$DW$18, DW_AT_low_pc(0x00)
     145                      .dwattr $C$DW$18, DW_AT_name("_setStatusConvertor")
     146                      .dwattr $C$DW$18, DW_AT_TI_call
     147 00000011 7640!         LCR       #_setStatusConvertor  ; [CPU_] |15| 
         00000012 0000 
     148                      ; call occurs [#_setStatusConvertor] ; [] |15| 
     149 00000013       $C$L2:    
     150                      .dwpsn  file "../interface/StartStopCntrl.c",line 18,column 2,is_stmt
     151 00000013 9A52          MOVB      AL,#82                ; [CPU_] |18| 
     152              $C$DW$19        .dwtag  DW_TAG_TI_branch
     153                      .dwattr $C$DW$19, DW_AT_low_pc(0x00)
     154                      .dwattr $C$DW$19, DW_AT_name("_getRegister")
     155                      .dwattr $C$DW$19, DW_AT_TI_call
     156 00000014 7640!         LCR       #_getRegister         ; [CPU_] |18| 
         00000015 0000 
     157                      ; call occurs [#_getRegister] ; [] |18| 
     158 00000016 5200          CMPB      AL,#0                 ; [CPU_] |18| 
     159 00000017 ED16          BF        $C$L4,NEQ             ; [CPU_] |18| 
TMS320C2000 Assembler PC v6.2.7 Thu Jul 02 08:31:00 2015

Tools Copyright (c) 1996-2014 Texas Instruments Incorporated
C:\Users\Tester\AppData\Local\Temp\0496410                           PAGE    4

     160                      ; branchcc occurs ; [] |18| 
     161                      .dwpsn  file "../interface/StartStopCntrl.c",line 19,column 3,is_stmt
     162 00000018 FF2F          MOV       ACC,#1024 << 15       ; [CPU_] |19| 
         00000019 0400 
     163              $C$DW$20        .dwtag  DW_TAG_TI_branch
     164                      .dwattr $C$DW$20, DW_AT_low_pc(0x00)
     165                      .dwattr $C$DW$20, DW_AT_name("_testDiscretInp")
     166                      .dwattr $C$DW$20, DW_AT_TI_call
     167 0000001a 7640!         LCR       #_testDiscretInp      ; [CPU_] |19| 
         0000001b 0000 
     168                      ; call occurs [#_testDiscretInp] ; [] |19| 
     169 0000001c 5200          CMPB      AL,#0                 ; [CPU_] |19| 
     170 0000001d EC09          BF        $C$L3,EQ              ; [CPU_] |19| 
     171                      ; branchcc occurs ; [] |19| 
     172                      .dwpsn  file "../interface/StartStopCntrl.c",line 20,column 4,is_stmt
     173 0000001e 9A01          MOVB      AL,#1                 ; [CPU_] |20| 
     174              $C$DW$21        .dwtag  DW_TAG_TI_branch
     175                      .dwattr $C$DW$21, DW_AT_low_pc(0x00)
     176                      .dwattr $C$DW$21, DW_AT_name("_clrStatusConvertor")
     177                      .dwattr $C$DW$21, DW_AT_TI_call
     178 0000001f 7640!         LCR       #_clrStatusConvertor  ; [CPU_] |20| 
         00000020 0000 
     179                      ; call occurs [#_clrStatusConvertor] ; [] |20| 
     180                      .dwpsn  file "../interface/StartStopCntrl.c",line 21,column 4,is_stmt
     181 00000021 9A06          MOVB      AL,#6                 ; [CPU_] |21| 
     182 00000022 9B00          MOVB      AH,#0                 ; [CPU_] |21| 
     183              $C$DW$22        .dwtag  DW_TAG_TI_branch
     184                      .dwattr $C$DW$22, DW_AT_low_pc(0x00)
     185                      .dwattr $C$DW$22, DW_AT_name("_SetRegister")
     186                      .dwattr $C$DW$22, DW_AT_TI_call
     187 00000023 7640!         LCR       #_SetRegister         ; [CPU_] |21| 
         00000024 0000 
     188                      ; call occurs [#_SetRegister] ; [] |21| 
     189                      .dwpsn  file "../interface/StartStopCntrl.c",line 22,column 3,is_stmt
     190 00000025 6F08          B         $C$L4,UNC             ; [CPU_] |22| 
     191                      ; branch occurs ; [] |22| 
     192 00000026       $C$L3:    
     193                      .dwpsn  file "../interface/StartStopCntrl.c",line 23,column 4,is_stmt
     194 00000026 9A01          MOVB      AL,#1                 ; [CPU_] |23| 
     195              $C$DW$23        .dwtag  DW_TAG_TI_branch
     196                      .dwattr $C$DW$23, DW_AT_low_pc(0x00)
     197                      .dwattr $C$DW$23, DW_AT_name("_setStatusConvertor")
     198                      .dwattr $C$DW$23, DW_AT_TI_call
     199 00000027 7640!         LCR       #_setStatusConvertor  ; [CPU_] |23| 
         00000028 0000 
     200                      ; call occurs [#_setStatusConvertor] ; [] |23| 
     201                      .dwpsn  file "../interface/StartStopCntrl.c",line 24,column 4,is_stmt
     202 00000029 9A06          MOVB      AL,#6                 ; [CPU_] |24| 
     203 0000002a 9B01          MOVB      AH,#1                 ; [CPU_] |24| 
     204              $C$DW$24        .dwtag  DW_TAG_TI_branch
     205                      .dwattr $C$DW$24, DW_AT_low_pc(0x00)
     206                      .dwattr $C$DW$24, DW_AT_name("_SetRegister")
     207                      .dwattr $C$DW$24, DW_AT_TI_call
     208 0000002b 7640!         LCR       #_SetRegister         ; [CPU_] |24| 
         0000002c 0000 
TMS320C2000 Assembler PC v6.2.7 Thu Jul 02 08:31:00 2015

Tools Copyright (c) 1996-2014 Texas Instruments Incorporated
C:\Users\Tester\AppData\Local\Temp\0496410                           PAGE    5

     209                      ; call occurs [#_SetRegister] ; [] |24| 
     210                      .dwpsn  file "../interface/StartStopCntrl.c",line 27,column 1,is_stmt
     211              $C$L4:    
     212              $C$DW$25        .dwtag  DW_TAG_TI_branch
     213                      .dwattr $C$DW$25, DW_AT_low_pc(0x00)
     214                      .dwattr $C$DW$25, DW_AT_TI_return
     215 0000002d 0006          LRETR     ; [CPU_] 
     216                      ; return occurs ; [] 
     217                      .dwattr $C$DW$14, DW_AT_TI_end_file("../interface/StartStopCntrl.c")
     218                      .dwattr $C$DW$14, DW_AT_TI_end_line(0x1b)
     219                      .dwattr $C$DW$14, DW_AT_TI_end_column(0x01)
     220                      .dwendentry
     221                      .dwendtag $C$DW$14
     222              
     223 0000002e               .sect   ".text"
     224                      .clink
     225                      .global _modePdirStopPrew
     226              
     227              $C$DW$26        .dwtag  DW_TAG_subprogram, DW_AT_name("modePdirStopPrew")
     228                      .dwattr $C$DW$26, DW_AT_low_pc(_modePdirStopPrew)
     229                      .dwattr $C$DW$26, DW_AT_high_pc(0x00)
     230                      .dwattr $C$DW$26, DW_AT_TI_symbol_name("_modePdirStopPrew")
     231                      .dwattr $C$DW$26, DW_AT_external
     232                      .dwattr $C$DW$26, DW_AT_TI_begin_file("../interface/StartStopCntrl.c")
     233                      .dwattr $C$DW$26, DW_AT_TI_begin_line(0x1d)
     234                      .dwattr $C$DW$26, DW_AT_TI_begin_column(0x06)
     235                      .dwattr $C$DW$26, DW_AT_TI_max_frame_size(-2)
     236                      .dwpsn  file "../interface/StartStopCntrl.c",line 29,column 28,is_stmt,address _modePdirStopPrew
     237              
     238                      .dwfde $C$DW$CIE, _modePdirStopPrew
     239              
     240              ;***************************************************************
     241              ;* FNAME: _modePdirStopPrew             FR SIZE:   0           *
     242              ;*                                                             *
     243              ;* FUNCTION ENVIRONMENT                                        *
     244              ;*                                                             *
     245              ;* FUNCTION PROPERTIES                                         *
     246              ;*                            0 Parameter,  0 Auto,  0 SOE     *
     247              ;***************************************************************
     248              
     249 0000002e       _modePdirStopPrew:
     250                      .dwcfi  cfa_offset, -2
     251                      .dwcfi  save_reg_to_mem, 26, 0
     252                      .dwcfi  save_reg_to_reg, 78, 26
     253                      .dwpsn  file "../interface/StartStopCntrl.c",line 30,column 2,is_stmt
     254 0000002e 9A00          MOV       AL,#0                 ; [CPU_] |30| 
     255 0000002f 9B80          MOV       AH,#128               ; [CPU_] |30| 
     256              $C$DW$27        .dwtag  DW_TAG_TI_branch
     257                      .dwattr $C$DW$27, DW_AT_low_pc(0x00)
     258                      .dwattr $C$DW$27, DW_AT_name("_testDiscretInp")
     259                      .dwattr $C$DW$27, DW_AT_TI_call
     260 00000030 7640!         LCR       #_testDiscretInp      ; [CPU_] |30| 
         00000031 0000 
     261                      ; call occurs [#_testDiscretInp] ; [] |30| 
     262 00000032 5200          CMPB      AL,#0                 ; [CPU_] |30| 
TMS320C2000 Assembler PC v6.2.7 Thu Jul 02 08:31:00 2015

Tools Copyright (c) 1996-2014 Texas Instruments Incorporated
C:\Users\Tester\AppData\Local\Temp\0496410                           PAGE    6

     263 00000033 EC09          BF        $C$L5,EQ              ; [CPU_] |30| 
     264                      ; branchcc occurs ; [] |30| 
     265                      .dwpsn  file "../interface/StartStopCntrl.c",line 31,column 3,is_stmt
     266 00000034 9A0C          MOVB      AL,#12                ; [CPU_] |31| 
     267              $C$DW$28        .dwtag  DW_TAG_TI_branch
     268                      .dwattr $C$DW$28, DW_AT_low_pc(0x00)
     269                      .dwattr $C$DW$28, DW_AT_name("_clrStatusConvertor")
     270                      .dwattr $C$DW$28, DW_AT_TI_call
     271 00000035 7640!         LCR       #_clrStatusConvertor  ; [CPU_] |31| 
         00000036 0000 
     272                      ; call occurs [#_clrStatusConvertor] ; [] |31| 
     273                      .dwpsn  file "../interface/StartStopCntrl.c",line 32,column 3,is_stmt
     274 00000037 9A06          MOVB      AL,#6                 ; [CPU_] |32| 
     275 00000038 9B00          MOVB      AH,#0                 ; [CPU_] |32| 
     276              $C$DW$29        .dwtag  DW_TAG_TI_branch
     277                      .dwattr $C$DW$29, DW_AT_low_pc(0x00)
     278                      .dwattr $C$DW$29, DW_AT_name("_SetRegister")
     279                      .dwattr $C$DW$29, DW_AT_TI_call
     280 00000039 7640!         LCR       #_SetRegister         ; [CPU_] |32| 
         0000003a 0000 
     281                      ; call occurs [#_SetRegister] ; [] |32| 
     282                      .dwpsn  file "../interface/StartStopCntrl.c",line 33,column 2,is_stmt
     283 0000003b 6F22          B         $C$L7,UNC             ; [CPU_] |33| 
     284                      ; branch occurs ; [] |33| 
     285 0000003c       $C$L5:    
     286                      .dwpsn  file "../interface/StartStopCntrl.c",line 34,column 3,is_stmt
     287 0000003c FF2F          MOV       ACC,#512 << 15        ; [CPU_] |34| 
         0000003d 0200 
     288              $C$DW$30        .dwtag  DW_TAG_TI_branch
     289                      .dwattr $C$DW$30, DW_AT_low_pc(0x00)
     290                      .dwattr $C$DW$30, DW_AT_name("_testDiscretInp")
     291                      .dwattr $C$DW$30, DW_AT_TI_call
     292 0000003e 7640!         LCR       #_testDiscretInp      ; [CPU_] |34| 
         0000003f 0000 
     293                      ; call occurs [#_testDiscretInp] ; [] |34| 
     294 00000040 5200          CMPB      AL,#0                 ; [CPU_] |34| 
     295 00000041 EC0C          BF        $C$L6,EQ              ; [CPU_] |34| 
     296                      ; branchcc occurs ; [] |34| 
     297                      .dwpsn  file "../interface/StartStopCntrl.c",line 35,column 4,is_stmt
     298 00000042 9A04          MOVB      AL,#4                 ; [CPU_] |35| 
     299              $C$DW$31        .dwtag  DW_TAG_TI_branch
     300                      .dwattr $C$DW$31, DW_AT_low_pc(0x00)
     301                      .dwattr $C$DW$31, DW_AT_name("_setStatusConvertor")
     302                      .dwattr $C$DW$31, DW_AT_TI_call
     303 00000043 7640!         LCR       #_setStatusConvertor  ; [CPU_] |35| 
         00000044 0000 
     304                      ; call occurs [#_setStatusConvertor] ; [] |35| 
     305                      .dwpsn  file "../interface/StartStopCntrl.c",line 36,column 4,is_stmt
     306 00000045 9A01          MOVB      AL,#1                 ; [CPU_] |36| 
     307              $C$DW$32        .dwtag  DW_TAG_TI_branch
     308                      .dwattr $C$DW$32, DW_AT_low_pc(0x00)
     309                      .dwattr $C$DW$32, DW_AT_name("_clrStatusConvertor")
     310                      .dwattr $C$DW$32, DW_AT_TI_call
     311 00000046 7640!         LCR       #_clrStatusConvertor  ; [CPU_] |36| 
         00000047 0000 
TMS320C2000 Assembler PC v6.2.7 Thu Jul 02 08:31:00 2015

Tools Copyright (c) 1996-2014 Texas Instruments Incorporated
C:\Users\Tester\AppData\Local\Temp\0496410                           PAGE    7

     312                      ; call occurs [#_clrStatusConvertor] ; [] |36| 
     313                      .dwpsn  file "../interface/StartStopCntrl.c",line 37,column 4,is_stmt
     314 00000048 9A06          MOVB      AL,#6                 ; [CPU_] |37| 
     315 00000049 9B00          MOVB      AH,#0                 ; [CPU_] |37| 
     316              $C$DW$33        .dwtag  DW_TAG_TI_branch
     317                      .dwattr $C$DW$33, DW_AT_low_pc(0x00)
     318                      .dwattr $C$DW$33, DW_AT_name("_SetRegister")
     319                      .dwattr $C$DW$33, DW_AT_TI_call
     320 0000004a 7640!         LCR       #_SetRegister         ; [CPU_] |37| 
         0000004b 0000 
     321                      ; call occurs [#_SetRegister] ; [] |37| 
     322                      .dwpsn  file "../interface/StartStopCntrl.c",line 38,column 3,is_stmt
     323 0000004c 6F11          B         $C$L7,UNC             ; [CPU_] |38| 
     324                      ; branch occurs ; [] |38| 
     325 0000004d       $C$L6:    
     326                      .dwpsn  file "../interface/StartStopCntrl.c",line 39,column 4,is_stmt
     327 0000004d FF2F          MOV       ACC,#1024 << 15       ; [CPU_] |39| 
         0000004e 0400 
     328              $C$DW$34        .dwtag  DW_TAG_TI_branch
     329                      .dwattr $C$DW$34, DW_AT_low_pc(0x00)
     330                      .dwattr $C$DW$34, DW_AT_name("_testDiscretInp")
     331                      .dwattr $C$DW$34, DW_AT_TI_call
     332 0000004f 7640!         LCR       #_testDiscretInp      ; [CPU_] |39| 
         00000050 0000 
     333                      ; call occurs [#_testDiscretInp] ; [] |39| 
     334 00000051 5200          CMPB      AL,#0                 ; [CPU_] |39| 
     335 00000052 EC0B          BF        $C$L7,EQ              ; [CPU_] |39| 
     336                      ; branchcc occurs ; [] |39| 
     337                      .dwpsn  file "../interface/StartStopCntrl.c",line 40,column 5,is_stmt
     338 00000053 9A04          MOVB      AL,#4                 ; [CPU_] |40| 
     339              $C$DW$35        .dwtag  DW_TAG_TI_branch
     340                      .dwattr $C$DW$35, DW_AT_low_pc(0x00)
     341                      .dwattr $C$DW$35, DW_AT_name("_setStatusConvertor")
     342                      .dwattr $C$DW$35, DW_AT_TI_call
     343 00000054 7640!         LCR       #_setStatusConvertor  ; [CPU_] |40| 
         00000055 0000 
     344                      ; call occurs [#_setStatusConvertor] ; [] |40| 
     345                      .dwpsn  file "../interface/StartStopCntrl.c",line 41,column 5,is_stmt
     346 00000056 9A01          MOVB      AL,#1                 ; [CPU_] |41| 
     347              $C$DW$36        .dwtag  DW_TAG_TI_branch
     348                      .dwattr $C$DW$36, DW_AT_low_pc(0x00)
     349                      .dwattr $C$DW$36, DW_AT_name("_setStatusConvertor")
     350                      .dwattr $C$DW$36, DW_AT_TI_call
     351 00000057 7640!         LCR       #_setStatusConvertor  ; [CPU_] |41| 
         00000058 0000 
     352                      ; call occurs [#_setStatusConvertor] ; [] |41| 
     353                      .dwpsn  file "../interface/StartStopCntrl.c",line 42,column 5,is_stmt
     354 00000059 9A06          MOVB      AL,#6                 ; [CPU_] |42| 
     355 0000005a 9B01          MOVB      AH,#1                 ; [CPU_] |42| 
     356              $C$DW$37        .dwtag  DW_TAG_TI_branch
     357                      .dwattr $C$DW$37, DW_AT_low_pc(0x00)
     358                      .dwattr $C$DW$37, DW_AT_name("_SetRegister")
     359                      .dwattr $C$DW$37, DW_AT_TI_call
     360 0000005b 7640!         LCR       #_SetRegister         ; [CPU_] |42| 
         0000005c 0000 
TMS320C2000 Assembler PC v6.2.7 Thu Jul 02 08:31:00 2015

Tools Copyright (c) 1996-2014 Texas Instruments Incorporated
C:\Users\Tester\AppData\Local\Temp\0496410                           PAGE    8

     361                      ; call occurs [#_SetRegister] ; [] |42| 
     362                      .dwpsn  file "../interface/StartStopCntrl.c",line 46,column 1,is_stmt
     363              $C$L7:    
     364              $C$DW$38        .dwtag  DW_TAG_TI_branch
     365                      .dwattr $C$DW$38, DW_AT_low_pc(0x00)
     366                      .dwattr $C$DW$38, DW_AT_TI_return
     367 0000005d 0006          LRETR     ; [CPU_] 
     368                      ; return occurs ; [] 
     369                      .dwattr $C$DW$26, DW_AT_TI_end_file("../interface/StartStopCntrl.c")
     370                      .dwattr $C$DW$26, DW_AT_TI_end_line(0x2e)
     371                      .dwattr $C$DW$26, DW_AT_TI_end_column(0x01)
     372                      .dwendentry
     373                      .dwendtag $C$DW$26
     374              
     375 0000005e               .sect   ".text"
     376                      .clink
     377                      .global _DiscrStartStopCntrl
     378              
     379              $C$DW$39        .dwtag  DW_TAG_subprogram, DW_AT_name("DiscrStartStopCntrl")
     380                      .dwattr $C$DW$39, DW_AT_low_pc(_DiscrStartStopCntrl)
     381                      .dwattr $C$DW$39, DW_AT_high_pc(0x00)
     382                      .dwattr $C$DW$39, DW_AT_TI_symbol_name("_DiscrStartStopCntrl")
     383                      .dwattr $C$DW$39, DW_AT_external
     384                      .dwattr $C$DW$39, DW_AT_TI_begin_file("../interface/StartStopCntrl.c")
     385                      .dwattr $C$DW$39, DW_AT_TI_begin_line(0x30)
     386                      .dwattr $C$DW$39, DW_AT_TI_begin_column(0x06)
     387                      .dwattr $C$DW$39, DW_AT_TI_max_frame_size(-2)
     388                      .dwpsn  file "../interface/StartStopCntrl.c",line 48,column 31,is_stmt,address _DiscrStartStopCntrl
     389              
     390                      .dwfde $C$DW$CIE, _DiscrStartStopCntrl
     391              
     392              ;***************************************************************
     393              ;* FNAME: _DiscrStartStopCntrl          FR SIZE:   0           *
     394              ;*                                                             *
     395              ;* FUNCTION ENVIRONMENT                                        *
     396              ;*                                                             *
     397              ;* FUNCTION PROPERTIES                                         *
     398              ;*                            0 Parameter,  0 Auto,  0 SOE     *
     399              ;***************************************************************
     400              
     401 0000005e       _DiscrStartStopCntrl:
     402                      .dwcfi  cfa_offset, -2
     403                      .dwcfi  save_reg_to_mem, 26, 0
     404                      .dwcfi  save_reg_to_reg, 78, 26
     405                      .dwpsn  file "../interface/StartStopCntrl.c",line 49,column 2,is_stmt
     406 0000005e 6F07          B         $C$L10,UNC            ; [CPU_] |49| 
     407                      ; branch occurs ; [] |49| 
     408 0000005f       $C$L8:    
     409                      .dwpsn  file "../interface/StartStopCntrl.c",line 53,column 4,is_stmt
     410              $C$DW$40        .dwtag  DW_TAG_TI_branch
     411                      .dwattr $C$DW$40, DW_AT_low_pc(0x00)
     412                      .dwattr $C$DW$40, DW_AT_name("_modeSPD")
     413                      .dwattr $C$DW$40, DW_AT_TI_call
     414 0000005f 7640'         LCR       #_modeSPD             ; [CPU_] |53| 
         00000060 0000 
TMS320C2000 Assembler PC v6.2.7 Thu Jul 02 08:31:00 2015

Tools Copyright (c) 1996-2014 Texas Instruments Incorporated
C:\Users\Tester\AppData\Local\Temp\0496410                           PAGE    9

     415                      ; call occurs [#_modeSPD] ; [] |53| 
     416                      .dwpsn  file "../interface/StartStopCntrl.c",line 54,column 4,is_stmt
     417 00000061 6F0C          B         $C$L11,UNC            ; [CPU_] |54| 
     418                      ; branch occurs ; [] |54| 
     419 00000062       $C$L9:    
     420                      .dwpsn  file "../interface/StartStopCntrl.c",line 57,column 4,is_stmt
     421              $C$DW$41        .dwtag  DW_TAG_TI_branch
     422                      .dwattr $C$DW$41, DW_AT_low_pc(0x00)
     423                      .dwattr $C$DW$41, DW_AT_name("_modePdirStopPrew")
     424                      .dwattr $C$DW$41, DW_AT_TI_call
     425 00000062 7640'         LCR       #_modePdirStopPrew    ; [CPU_] |57| 
         00000063 002E 
     426                      ; call occurs [#_modePdirStopPrew] ; [] |57| 
     427                      .dwpsn  file "../interface/StartStopCntrl.c",line 58,column 4,is_stmt
     428 00000064 6F09          B         $C$L11,UNC            ; [CPU_] |58| 
     429                      ; branch occurs ; [] |58| 
     430 00000065       $C$L10:    
     431                      .dwpsn  file "../interface/StartStopCntrl.c",line 49,column 2,is_stmt
     432 00000065 9A53          MOVB      AL,#83                ; [CPU_] |49| 
     433              $C$DW$42        .dwtag  DW_TAG_TI_branch
     434                      .dwattr $C$DW$42, DW_AT_low_pc(0x00)
     435                      .dwattr $C$DW$42, DW_AT_name("_getRegister")
     436                      .dwattr $C$DW$42, DW_AT_TI_call
     437 00000066 7640!         LCR       #_getRegister         ; [CPU_] |49| 
         00000067 0000 
     438                      ; call occurs [#_getRegister] ; [] |49| 
     439 00000068 5200          CMPB      AL,#0                 ; [CPU_] |49| 
     440 00000069 ECF6          BF        $C$L8,EQ              ; [CPU_] |49| 
     441                      ; branchcc occurs ; [] |49| 
     442 0000006a 5201          CMPB      AL,#1                 ; [CPU_] |49| 
     443 0000006b ECF7          BF        $C$L9,EQ              ; [CPU_] |49| 
     444                      ; branchcc occurs ; [] |49| 
     445 0000006c 6FF3          B         $C$L8,UNC             ; [CPU_] |49| 
     446                      ; branch occurs ; [] |49| 
     447              $C$L11:    
     448              $C$DW$43        .dwtag  DW_TAG_TI_branch
     449                      .dwattr $C$DW$43, DW_AT_low_pc(0x00)
     450                      .dwattr $C$DW$43, DW_AT_TI_return
     451 0000006d 0006          LRETR     ; [CPU_] 
     452                      ; return occurs ; [] 
     453                      .dwattr $C$DW$39, DW_AT_TI_end_file("../interface/StartStopCntrl.c")
     454                      .dwattr $C$DW$39, DW_AT_TI_end_line(0x3d)
     455                      .dwattr $C$DW$39, DW_AT_TI_end_column(0x01)
     456                      .dwendentry
     457                      .dwendtag $C$DW$39
     458              
     459 0000006e               .sect   ".text"
     460                      .clink
     461                      .global _cntrlStartStopDir
     462              
     463              $C$DW$44        .dwtag  DW_TAG_subprogram, DW_AT_name("cntrlStartStopDir")
     464                      .dwattr $C$DW$44, DW_AT_low_pc(_cntrlStartStopDir)
     465                      .dwattr $C$DW$44, DW_AT_high_pc(0x00)
     466                      .dwattr $C$DW$44, DW_AT_TI_symbol_name("_cntrlStartStopDir")
     467                      .dwattr $C$DW$44, DW_AT_external
TMS320C2000 Assembler PC v6.2.7 Thu Jul 02 08:31:00 2015

Tools Copyright (c) 1996-2014 Texas Instruments Incorporated
C:\Users\Tester\AppData\Local\Temp\0496410                           PAGE   10

     468                      .dwattr $C$DW$44, DW_AT_TI_begin_file("../interface/StartStopCntrl.c")
     469                      .dwattr $C$DW$44, DW_AT_TI_begin_line(0x3f)
     470                      .dwattr $C$DW$44, DW_AT_TI_begin_column(0x06)
     471                      .dwattr $C$DW$44, DW_AT_TI_max_frame_size(-2)
     472                      .dwpsn  file "../interface/StartStopCntrl.c",line 63,column 29,is_stmt,address _cntrlStartStopDir
     473              
     474                      .dwfde $C$DW$CIE, _cntrlStartStopDir
     475              
     476              ;***************************************************************
     477              ;* FNAME: _cntrlStartStopDir            FR SIZE:   0           *
     478              ;*                                                             *
     479              ;* FUNCTION ENVIRONMENT                                        *
     480              ;*                                                             *
     481              ;* FUNCTION PROPERTIES                                         *
     482              ;*                            0 Parameter,  0 Auto,  0 SOE     *
     483              ;***************************************************************
     484              
     485 0000006e       _cntrlStartStopDir:
     486                      .dwcfi  cfa_offset, -2
     487                      .dwcfi  save_reg_to_mem, 26, 0
     488                      .dwcfi  save_reg_to_reg, 78, 26
     489                      .dwpsn  file "../interface/StartStopCntrl.c",line 64,column 2,is_stmt
     490 0000006e 6F42          B         $C$L20,UNC            ; [CPU_] |64| 
     491                      ; branch occurs ; [] |64| 
     492 0000006f       $C$L12:    
     493                      .dwpsn  file "../interface/StartStopCntrl.c",line 68,column 4,is_stmt
     494 0000006f 9A05          MOVB      AL,#5                 ; [CPU_] |68| 
     495              $C$DW$45        .dwtag  DW_TAG_TI_branch
     496                      .dwattr $C$DW$45, DW_AT_low_pc(0x00)
     497                      .dwattr $C$DW$45, DW_AT_name("_getCoil")
     498                      .dwattr $C$DW$45, DW_AT_TI_call
     499 00000070 7640!         LCR       #_getCoil             ; [CPU_] |68| 
         00000071 0000 
     500                      ; call occurs [#_getCoil] ; [] |68| 
     501 00000072 5200          CMPB      AL,#0                 ; [CPU_] |68| 
     502 00000073 ED05          BF        $C$L13,NEQ            ; [CPU_] |68| 
     503                      ; branchcc occurs ; [] |68| 
     504                      .dwpsn  file "../interface/StartStopCntrl.c",line 69,column 5,is_stmt
     505 00000074 9A0C          MOVB      AL,#12                ; [CPU_] |69| 
     506              $C$DW$46        .dwtag  DW_TAG_TI_branch
     507                      .dwattr $C$DW$46, DW_AT_low_pc(0x00)
     508                      .dwattr $C$DW$46, DW_AT_name("_clrStatusConvertor")
     509                      .dwattr $C$DW$46, DW_AT_TI_call
     510 00000075 7640!         LCR       #_clrStatusConvertor  ; [CPU_] |69| 
         00000076 0000 
     511                      ; call occurs [#_clrStatusConvertor] ; [] |69| 
     512                      .dwpsn  file "../interface/StartStopCntrl.c",line 70,column 4,is_stmt
     513 00000077 6F04          B         $C$L14,UNC            ; [CPU_] |70| 
     514                      ; branch occurs ; [] |70| 
     515 00000078       $C$L13:    
     516                      .dwpsn  file "../interface/StartStopCntrl.c",line 71,column 5,is_stmt
     517 00000078 9A04          MOVB      AL,#4                 ; [CPU_] |71| 
     518              $C$DW$47        .dwtag  DW_TAG_TI_branch
     519                      .dwattr $C$DW$47, DW_AT_low_pc(0x00)
     520                      .dwattr $C$DW$47, DW_AT_name("_setStatusConvertor")
TMS320C2000 Assembler PC v6.2.7 Thu Jul 02 08:31:00 2015

Tools Copyright (c) 1996-2014 Texas Instruments Incorporated
C:\Users\Tester\AppData\Local\Temp\0496410                           PAGE   11

     521                      .dwattr $C$DW$47, DW_AT_TI_call
     522 00000079 7640!         LCR       #_setStatusConvertor  ; [CPU_] |71| 
         0000007a 0000 
     523                      ; call occurs [#_setStatusConvertor] ; [] |71| 
     524 0000007b       $C$L14:    
     525                      .dwpsn  file "../interface/StartStopCntrl.c",line 73,column 4,is_stmt
     526 0000007b 9A52          MOVB      AL,#82                ; [CPU_] |73| 
     527              $C$DW$48        .dwtag  DW_TAG_TI_branch
     528                      .dwattr $C$DW$48, DW_AT_low_pc(0x00)
     529                      .dwattr $C$DW$48, DW_AT_name("_getRegister")
     530                      .dwattr $C$DW$48, DW_AT_TI_call
     531 0000007c 7640!         LCR       #_getRegister         ; [CPU_] |73| 
         0000007d 0000 
     532                      ; call occurs [#_getRegister] ; [] |73| 
     533 0000007e 5200          CMPB      AL,#0                 ; [CPU_] |73| 
     534 0000007f ED3B          BF        $C$L21,NEQ            ; [CPU_] |73| 
     535                      ; branchcc occurs ; [] |73| 
     536                      .dwpsn  file "../interface/StartStopCntrl.c",line 74,column 5,is_stmt
     537 00000080 9A06          MOVB      AL,#6                 ; [CPU_] |74| 
     538              $C$DW$49        .dwtag  DW_TAG_TI_branch
     539                      .dwattr $C$DW$49, DW_AT_low_pc(0x00)
     540                      .dwattr $C$DW$49, DW_AT_name("_getCoil")
     541                      .dwattr $C$DW$49, DW_AT_TI_call
     542 00000081 7640!         LCR       #_getCoil             ; [CPU_] |74| 
         00000082 0000 
     543                      ; call occurs [#_getCoil] ; [] |74| 
     544 00000083 5200          CMPB      AL,#0                 ; [CPU_] |74| 
     545 00000084 ED05          BF        $C$L15,NEQ            ; [CPU_] |74| 
     546                      ; branchcc occurs ; [] |74| 
     547                      .dwpsn  file "../interface/StartStopCntrl.c",line 75,column 6,is_stmt
     548 00000085 9A01          MOVB      AL,#1                 ; [CPU_] |75| 
     549              $C$DW$50        .dwtag  DW_TAG_TI_branch
     550                      .dwattr $C$DW$50, DW_AT_low_pc(0x00)
     551                      .dwattr $C$DW$50, DW_AT_name("_clrStatusConvertor")
     552                      .dwattr $C$DW$50, DW_AT_TI_call
     553 00000086 7640!         LCR       #_clrStatusConvertor  ; [CPU_] |75| 
         00000087 0000 
     554                      ; call occurs [#_clrStatusConvertor] ; [] |75| 
     555                      .dwpsn  file "../interface/StartStopCntrl.c",line 76,column 5,is_stmt
     556 00000088 6F32          B         $C$L21,UNC            ; [CPU_] |76| 
     557                      ; branch occurs ; [] |76| 
     558 00000089       $C$L15:    
     559                      .dwpsn  file "../interface/StartStopCntrl.c",line 77,column 6,is_stmt
     560 00000089 9A01          MOVB      AL,#1                 ; [CPU_] |77| 
     561              $C$DW$51        .dwtag  DW_TAG_TI_branch
     562                      .dwattr $C$DW$51, DW_AT_low_pc(0x00)
     563                      .dwattr $C$DW$51, DW_AT_name("_setStatusConvertor")
     564                      .dwattr $C$DW$51, DW_AT_TI_call
     565 0000008a 7640!         LCR       #_setStatusConvertor  ; [CPU_] |77| 
         0000008b 0000 
     566                      ; call occurs [#_setStatusConvertor] ; [] |77| 
     567                      .dwpsn  file "../interface/StartStopCntrl.c",line 80,column 4,is_stmt
     568 0000008c 6F2E          B         $C$L21,UNC            ; [CPU_] |80| 
     569                      ; branch occurs ; [] |80| 
     570 0000008d       $C$L16:    
TMS320C2000 Assembler PC v6.2.7 Thu Jul 02 08:31:00 2015

Tools Copyright (c) 1996-2014 Texas Instruments Incorporated
C:\Users\Tester\AppData\Local\Temp\0496410                           PAGE   12

     571                      .dwpsn  file "../interface/StartStopCntrl.c",line 84,column 4,is_stmt
     572              $C$DW$52        .dwtag  DW_TAG_TI_branch
     573                      .dwattr $C$DW$52, DW_AT_low_pc(0x00)
     574                      .dwattr $C$DW$52, DW_AT_name("_DiscrStartStopCntrl")
     575                      .dwattr $C$DW$52, DW_AT_TI_call
     576 0000008d 7640'         LCR       #_DiscrStartStopCntrl ; [CPU_] |84| 
         0000008e 005E 
     577                      ; call occurs [#_DiscrStartStopCntrl] ; [] |84| 
     578                      .dwpsn  file "../interface/StartStopCntrl.c",line 85,column 4,is_stmt
     579 0000008f 6F2B          B         $C$L21,UNC            ; [CPU_] |85| 
     580                      ; branch occurs ; [] |85| 
     581 00000090       $C$L17:    
     582                      .dwpsn  file "../interface/StartStopCntrl.c",line 89,column 4,is_stmt
     583 00000090 9A51          MOVB      AL,#81                ; [CPU_] |89| 
     584              $C$DW$53        .dwtag  DW_TAG_TI_branch
     585                      .dwattr $C$DW$53, DW_AT_low_pc(0x00)
     586                      .dwattr $C$DW$53, DW_AT_name("_getRegister")
     587                      .dwattr $C$DW$53, DW_AT_TI_call
     588 00000091 7640!         LCR       #_getRegister         ; [CPU_] |89| 
         00000092 0000 
     589                      ; call occurs [#_getRegister] ; [] |89| 
     590 00000093 5200          CMPB      AL,#0                 ; [CPU_] |89| 
     591 00000094 EC0A          BF        $C$L18,EQ             ; [CPU_] |89| 
     592                      ; branchcc occurs ; [] |89| 
     593                      .dwpsn  file "../interface/StartStopCntrl.c",line 90,column 5,is_stmt
     594 00000095 9A03          MOVB      AL,#3                 ; [CPU_] |90| 
     595              $C$DW$54        .dwtag  DW_TAG_TI_branch
     596                      .dwattr $C$DW$54, DW_AT_low_pc(0x00)
     597                      .dwattr $C$DW$54, DW_AT_name("_getCoil")
     598                      .dwattr $C$DW$54, DW_AT_TI_call
     599 00000096 7640!         LCR       #_getCoil             ; [CPU_] |90| 
         00000097 0000 
     600                      ; call occurs [#_getCoil] ; [] |90| 
     601 00000098 5200          CMPB      AL,#0                 ; [CPU_] |90| 
     602 00000099 EC05          BF        $C$L18,EQ             ; [CPU_] |90| 
     603                      ; branchcc occurs ; [] |90| 
     604                      .dwpsn  file "../interface/StartStopCntrl.c",line 91,column 6,is_stmt
     605 0000009a 28A9          MOV       AL,#4096              ; [CPU_] |91| 
         0000009b 1000 
     606              $C$DW$55        .dwtag  DW_TAG_TI_branch
     607                      .dwattr $C$DW$55, DW_AT_low_pc(0x00)
     608                      .dwattr $C$DW$55, DW_AT_name("_setStatusConvertor")
     609                      .dwattr $C$DW$55, DW_AT_TI_call
     610 0000009c 7640!         LCR       #_setStatusConvertor  ; [CPU_] |91| 
         0000009d 0000 
     611                      ; call occurs [#_setStatusConvertor] ; [] |91| 
     612 0000009e       $C$L18:    
     613                      .dwpsn  file "../interface/StartStopCntrl.c",line 94,column 4,is_stmt
     614 0000009e 9A01          MOVB      AL,#1                 ; [CPU_] |94| 
     615              $C$DW$56        .dwtag  DW_TAG_TI_branch
     616                      .dwattr $C$DW$56, DW_AT_low_pc(0x00)
     617                      .dwattr $C$DW$56, DW_AT_name("_getCoil")
     618                      .dwattr $C$DW$56, DW_AT_TI_call
     619 0000009f 7640!         LCR       #_getCoil             ; [CPU_] |94| 
         000000a0 0000 
TMS320C2000 Assembler PC v6.2.7 Thu Jul 02 08:31:00 2015

Tools Copyright (c) 1996-2014 Texas Instruments Incorporated
C:\Users\Tester\AppData\Local\Temp\0496410                           PAGE   13

     620                      ; call occurs [#_getCoil] ; [] |94| 
     621 000000a1 5200          CMPB      AL,#0                 ; [CPU_] |94| 
     622 000000a2 ED0A          BF        $C$L19,NEQ            ; [CPU_] |94| 
     623                      ; branchcc occurs ; [] |94| 
     624 000000a3 9A02          MOVB      AL,#2                 ; [CPU_] |94| 
     625              $C$DW$57        .dwtag  DW_TAG_TI_branch
     626                      .dwattr $C$DW$57, DW_AT_low_pc(0x00)
     627                      .dwattr $C$DW$57, DW_AT_name("_getCoil")
     628                      .dwattr $C$DW$57, DW_AT_TI_call
     629 000000a4 7640!         LCR       #_getCoil             ; [CPU_] |94| 
         000000a5 0000 
     630                      ; call occurs [#_getCoil] ; [] |94| 
     631 000000a6 5200          CMPB      AL,#0                 ; [CPU_] |94| 
     632 000000a7 ED05          BF        $C$L19,NEQ            ; [CPU_] |94| 
     633                      ; branchcc occurs ; [] |94| 
     634                      .dwpsn  file "../interface/StartStopCntrl.c",line 95,column 5,is_stmt
     635 000000a8 9A0C          MOVB      AL,#12                ; [CPU_] |95| 
     636              $C$DW$58        .dwtag  DW_TAG_TI_branch
     637                      .dwattr $C$DW$58, DW_AT_low_pc(0x00)
     638                      .dwattr $C$DW$58, DW_AT_name("_clrStatusConvertor")
     639                      .dwattr $C$DW$58, DW_AT_TI_call
     640 000000a9 7640!         LCR       #_clrStatusConvertor  ; [CPU_] |95| 
         000000aa 0000 
     641                      ; call occurs [#_clrStatusConvertor] ; [] |95| 
     642                      .dwpsn  file "../interface/StartStopCntrl.c",line 96,column 4,is_stmt
     643 000000ab 6F0F          B         $C$L21,UNC            ; [CPU_] |96| 
     644                      ; branch occurs ; [] |96| 
     645 000000ac       $C$L19:    
     646                      .dwpsn  file "../interface/StartStopCntrl.c",line 97,column 5,is_stmt
     647 000000ac 9A04          MOVB      AL,#4                 ; [CPU_] |97| 
     648              $C$DW$59        .dwtag  DW_TAG_TI_branch
     649                      .dwattr $C$DW$59, DW_AT_low_pc(0x00)
     650                      .dwattr $C$DW$59, DW_AT_name("_setStatusConvertor")
     651                      .dwattr $C$DW$59, DW_AT_TI_call
     652 000000ad 7640!         LCR       #_setStatusConvertor  ; [CPU_] |97| 
         000000ae 0000 
     653                      ; call occurs [#_setStatusConvertor] ; [] |97| 
     654                      .dwpsn  file "../interface/StartStopCntrl.c",line 99,column 4,is_stmt
     655 000000af 6F0B          B         $C$L21,UNC            ; [CPU_] |99| 
     656                      ; branch occurs ; [] |99| 
     657 000000b0       $C$L20:    
     658                      .dwpsn  file "../interface/StartStopCntrl.c",line 64,column 2,is_stmt
     659 000000b0 9A3B          MOVB      AL,#59                ; [CPU_] |64| 
     660              $C$DW$60        .dwtag  DW_TAG_TI_branch
     661                      .dwattr $C$DW$60, DW_AT_low_pc(0x00)
     662                      .dwattr $C$DW$60, DW_AT_name("_getRegister")
     663                      .dwattr $C$DW$60, DW_AT_TI_call
     664 000000b1 7640!         LCR       #_getRegister         ; [CPU_] |64| 
         000000b2 0000 
     665                      ; call occurs [#_getRegister] ; [] |64| 
     666 000000b3 5200          CMPB      AL,#0                 ; [CPU_] |64| 
     667 000000b4 ECBB          BF        $C$L12,EQ             ; [CPU_] |64| 
     668                      ; branchcc occurs ; [] |64| 
     669 000000b5 5201          CMPB      AL,#1                 ; [CPU_] |64| 
     670 000000b6 ECD7          BF        $C$L16,EQ             ; [CPU_] |64| 
TMS320C2000 Assembler PC v6.2.7 Thu Jul 02 08:31:00 2015

Tools Copyright (c) 1996-2014 Texas Instruments Incorporated
C:\Users\Tester\AppData\Local\Temp\0496410                           PAGE   14

     671                      ; branchcc occurs ; [] |64| 
     672 000000b7 5202          CMPB      AL,#2                 ; [CPU_] |64| 
     673 000000b8 ECD8          BF        $C$L17,EQ             ; [CPU_] |64| 
     674                      ; branchcc occurs ; [] |64| 
     675 000000b9 6FB6          B         $C$L12,UNC            ; [CPU_] |64| 
     676                      ; branch occurs ; [] |64| 
     677              $C$L21:    
     678              $C$DW$61        .dwtag  DW_TAG_TI_branch
     679                      .dwattr $C$DW$61, DW_AT_low_pc(0x00)
     680                      .dwattr $C$DW$61, DW_AT_TI_return
     681 000000ba 0006          LRETR     ; [CPU_] 
     682                      ; return occurs ; [] 
     683                      .dwattr $C$DW$44, DW_AT_TI_end_file("../interface/StartStopCntrl.c")
     684                      .dwattr $C$DW$44, DW_AT_TI_end_line(0x66)
     685                      .dwattr $C$DW$44, DW_AT_TI_end_column(0x01)
     686                      .dwendentry
     687                      .dwendtag $C$DW$44
     688              
     689              ;**************************************************************
     690              ;* UNDEFINED EXTERNAL REFERENCES                              *
     691              ;**************************************************************
     692                      .global _testDiscretInp
     693                      .global _clrStatusConvertor
     694                      .global _setStatusConvertor
     695                      .global _SetRegister
     696                      .global _getRegister
     697                      .global _getCoil
     698              
     699              ;***************************************************************
     700              ;* TYPE INFORMATION                                            *
     701              ;***************************************************************
     702              $C$DW$T$4       .dwtag  DW_TAG_base_type
     703                      .dwattr $C$DW$T$4, DW_AT_encoding(DW_ATE_boolean)
     704                      .dwattr $C$DW$T$4, DW_AT_name("bool")
     705                      .dwattr $C$DW$T$4, DW_AT_byte_size(0x01)
     706              $C$DW$T$5       .dwtag  DW_TAG_base_type
     707                      .dwattr $C$DW$T$5, DW_AT_encoding(DW_ATE_signed_char)
     708                      .dwattr $C$DW$T$5, DW_AT_name("signed char")
     709                      .dwattr $C$DW$T$5, DW_AT_byte_size(0x01)
     710              $C$DW$T$6       .dwtag  DW_TAG_base_type
     711                      .dwattr $C$DW$T$6, DW_AT_encoding(DW_ATE_unsigned_char)
     712                      .dwattr $C$DW$T$6, DW_AT_name("unsigned char")
     713                      .dwattr $C$DW$T$6, DW_AT_byte_size(0x01)
     714              $C$DW$T$21      .dwtag  DW_TAG_typedef, DW_AT_name("ACK")
     715                      .dwattr $C$DW$T$21, DW_AT_type(*$C$DW$T$6)
     716                      .dwattr $C$DW$T$21, DW_AT_language(DW_LANG_C)
     717              $C$DW$T$7       .dwtag  DW_TAG_base_type
     718                      .dwattr $C$DW$T$7, DW_AT_encoding(DW_ATE_signed_char)
     719                      .dwattr $C$DW$T$7, DW_AT_name("wchar_t")
     720                      .dwattr $C$DW$T$7, DW_AT_byte_size(0x01)
     721              $C$DW$T$8       .dwtag  DW_TAG_base_type
     722                      .dwattr $C$DW$T$8, DW_AT_encoding(DW_ATE_signed)
     723                      .dwattr $C$DW$T$8, DW_AT_name("short")
     724                      .dwattr $C$DW$T$8, DW_AT_byte_size(0x01)
     725              $C$DW$T$9       .dwtag  DW_TAG_base_type
TMS320C2000 Assembler PC v6.2.7 Thu Jul 02 08:31:00 2015

Tools Copyright (c) 1996-2014 Texas Instruments Incorporated
C:\Users\Tester\AppData\Local\Temp\0496410                           PAGE   15

     726                      .dwattr $C$DW$T$9, DW_AT_encoding(DW_ATE_unsigned)
     727                      .dwattr $C$DW$T$9, DW_AT_name("unsigned short")
     728                      .dwattr $C$DW$T$9, DW_AT_byte_size(0x01)
     729              $C$DW$T$10      .dwtag  DW_TAG_base_type
     730                      .dwattr $C$DW$T$10, DW_AT_encoding(DW_ATE_signed)
     731                      .dwattr $C$DW$T$10, DW_AT_name("int")
     732                      .dwattr $C$DW$T$10, DW_AT_byte_size(0x01)
     733              $C$DW$T$11      .dwtag  DW_TAG_base_type
     734                      .dwattr $C$DW$T$11, DW_AT_encoding(DW_ATE_unsigned)
     735                      .dwattr $C$DW$T$11, DW_AT_name("unsigned int")
     736                      .dwattr $C$DW$T$11, DW_AT_byte_size(0x01)
     737              $C$DW$T$27      .dwtag  DW_TAG_typedef, DW_AT_name("UINT16")
     738                      .dwattr $C$DW$T$27, DW_AT_type(*$C$DW$T$11)
     739                      .dwattr $C$DW$T$27, DW_AT_language(DW_LANG_C)
     740              $C$DW$T$12      .dwtag  DW_TAG_base_type
     741                      .dwattr $C$DW$T$12, DW_AT_encoding(DW_ATE_signed)
     742                      .dwattr $C$DW$T$12, DW_AT_name("long")
     743                      .dwattr $C$DW$T$12, DW_AT_byte_size(0x02)
     744              $C$DW$T$13      .dwtag  DW_TAG_base_type
     745                      .dwattr $C$DW$T$13, DW_AT_encoding(DW_ATE_unsigned)
     746                      .dwattr $C$DW$T$13, DW_AT_name("unsigned long")
     747                      .dwattr $C$DW$T$13, DW_AT_byte_size(0x02)
     748              $C$DW$T$30      .dwtag  DW_TAG_typedef, DW_AT_name("UINT32")
     749                      .dwattr $C$DW$T$30, DW_AT_type(*$C$DW$T$13)
     750                      .dwattr $C$DW$T$30, DW_AT_language(DW_LANG_C)
     751              $C$DW$T$14      .dwtag  DW_TAG_base_type
     752                      .dwattr $C$DW$T$14, DW_AT_encoding(DW_ATE_signed)
     753                      .dwattr $C$DW$T$14, DW_AT_name("long long")
     754                      .dwattr $C$DW$T$14, DW_AT_byte_size(0x04)
     755              $C$DW$T$15      .dwtag  DW_TAG_base_type
     756                      .dwattr $C$DW$T$15, DW_AT_encoding(DW_ATE_unsigned)
     757                      .dwattr $C$DW$T$15, DW_AT_name("unsigned long long")
     758                      .dwattr $C$DW$T$15, DW_AT_byte_size(0x04)
     759              $C$DW$T$16      .dwtag  DW_TAG_base_type
     760                      .dwattr $C$DW$T$16, DW_AT_encoding(DW_ATE_float)
     761                      .dwattr $C$DW$T$16, DW_AT_name("float")
     762                      .dwattr $C$DW$T$16, DW_AT_byte_size(0x02)
     763              $C$DW$T$17      .dwtag  DW_TAG_base_type
     764                      .dwattr $C$DW$T$17, DW_AT_encoding(DW_ATE_float)
     765                      .dwattr $C$DW$T$17, DW_AT_name("double")
     766                      .dwattr $C$DW$T$17, DW_AT_byte_size(0x02)
     767              $C$DW$T$18      .dwtag  DW_TAG_base_type
     768                      .dwattr $C$DW$T$18, DW_AT_encoding(DW_ATE_float)
     769                      .dwattr $C$DW$T$18, DW_AT_name("long double")
     770                      .dwattr $C$DW$T$18, DW_AT_byte_size(0x04)
     771                      .dwattr $C$DW$CU, DW_AT_language(DW_LANG_C)
     772              
     773              ;***************************************************************
     774              ;* DWARF CIE ENTRIES                                           *
     775              ;***************************************************************
     776              
     777              $C$DW$CIE       .dwcie 78
     778                      .dwcfi  cfa_register, 20
     779                      .dwcfi  cfa_offset, 0
     780                      .dwcfi  undefined, 0
TMS320C2000 Assembler PC v6.2.7 Thu Jul 02 08:31:00 2015

Tools Copyright (c) 1996-2014 Texas Instruments Incorporated
C:\Users\Tester\AppData\Local\Temp\0496410                           PAGE   16

     781                      .dwcfi  undefined, 1
     782                      .dwcfi  undefined, 2
     783                      .dwcfi  undefined, 3
     784                      .dwcfi  undefined, 20
     785                      .dwcfi  undefined, 21
     786                      .dwcfi  undefined, 22
     787                      .dwcfi  undefined, 23
     788                      .dwcfi  undefined, 24
     789                      .dwcfi  undefined, 25
     790                      .dwcfi  undefined, 26
     791                      .dwcfi  same_value, 28
     792                      .dwcfi  undefined, 29
     793                      .dwcfi  undefined, 30
     794                      .dwcfi  undefined, 31
     795                      .dwcfi  undefined, 32
     796                      .dwcfi  undefined, 33
     797                      .dwcfi  undefined, 34
     798                      .dwcfi  undefined, 35
     799                      .dwcfi  undefined, 36
     800                      .dwcfi  undefined, 37
     801                      .dwcfi  undefined, 38
     802                      .dwcfi  undefined, 75
     803                      .dwcfi  undefined, 76
     804                      .dwcfi  undefined, 77
     805                      .dwcfi  undefined, 4
     806                      .dwcfi  same_value, 6
     807                      .dwcfi  same_value, 8
     808                      .dwcfi  same_value, 10
     809                      .dwcfi  undefined, 12
     810                      .dwcfi  undefined, 14
     811                      .dwcfi  undefined, 16
     812                      .dwcfi  undefined, 17
     813                      .dwcfi  undefined, 18
     814                      .dwcfi  undefined, 19
     815                      .dwcfi  undefined, 5
     816                      .dwcfi  same_value, 7
     817                      .dwcfi  same_value, 9
     818                      .dwcfi  same_value, 11
     819                      .dwcfi  undefined, 13
     820                      .dwcfi  undefined, 15
     821                      .dwcfi  undefined, 43
     822                      .dwcfi  undefined, 44
     823                      .dwcfi  undefined, 47
     824                      .dwcfi  undefined, 48
     825                      .dwcfi  undefined, 51
     826                      .dwcfi  undefined, 52
     827                      .dwcfi  undefined, 55
     828                      .dwcfi  undefined, 56
     829                      .dwcfi  same_value, 59
     830                      .dwcfi  same_value, 60
     831                      .dwcfi  same_value, 63
     832                      .dwcfi  same_value, 64
     833                      .dwcfi  same_value, 67
     834                      .dwcfi  same_value, 68
     835                      .dwcfi  same_value, 71
TMS320C2000 Assembler PC v6.2.7 Thu Jul 02 08:31:00 2015

Tools Copyright (c) 1996-2014 Texas Instruments Incorporated
C:\Users\Tester\AppData\Local\Temp\0496410                           PAGE   17

     836                      .dwcfi  same_value, 72
     837                      .dwcfi  undefined, 73
     838                      .dwcfi  undefined, 74
     839                      .dwcfi  undefined, 39
     840                      .dwcfi  undefined, 40
     841                      .dwcfi  undefined, 27
     842                      .dwcfi  undefined, 78
     843                      .dwendentry
     844              
     845              ;***************************************************************
     846              ;* DWARF REGISTER MAP                                          *
     847              ;***************************************************************
     848              
     849              $C$DW$62        .dwtag  DW_TAG_TI_assign_register, DW_AT_name("AL")
     850                      .dwattr $C$DW$62, DW_AT_location[DW_OP_reg0]
     851              $C$DW$63        .dwtag  DW_TAG_TI_assign_register, DW_AT_name("AH")
     852                      .dwattr $C$DW$63, DW_AT_location[DW_OP_reg1]
     853              $C$DW$64        .dwtag  DW_TAG_TI_assign_register, DW_AT_name("PL")
     854                      .dwattr $C$DW$64, DW_AT_location[DW_OP_reg2]
     855              $C$DW$65        .dwtag  DW_TAG_TI_assign_register, DW_AT_name("PH")
     856                      .dwattr $C$DW$65, DW_AT_location[DW_OP_reg3]
     857              $C$DW$66        .dwtag  DW_TAG_TI_assign_register, DW_AT_name("SP")
     858                      .dwattr $C$DW$66, DW_AT_location[DW_OP_reg20]
     859              $C$DW$67        .dwtag  DW_TAG_TI_assign_register, DW_AT_name("XT")
     860                      .dwattr $C$DW$67, DW_AT_location[DW_OP_reg21]
     861              $C$DW$68        .dwtag  DW_TAG_TI_assign_register, DW_AT_name("T")
     862                      .dwattr $C$DW$68, DW_AT_location[DW_OP_reg22]
     863              $C$DW$69        .dwtag  DW_TAG_TI_assign_register, DW_AT_name("ST0")
     864                      .dwattr $C$DW$69, DW_AT_location[DW_OP_reg23]
     865              $C$DW$70        .dwtag  DW_TAG_TI_assign_register, DW_AT_name("ST1")
     866                      .dwattr $C$DW$70, DW_AT_location[DW_OP_reg24]
     867              $C$DW$71        .dwtag  DW_TAG_TI_assign_register, DW_AT_name("PC")
     868                      .dwattr $C$DW$71, DW_AT_location[DW_OP_reg25]
     869              $C$DW$72        .dwtag  DW_TAG_TI_assign_register, DW_AT_name("RPC")
     870                      .dwattr $C$DW$72, DW_AT_location[DW_OP_reg26]
     871              $C$DW$73        .dwtag  DW_TAG_TI_assign_register, DW_AT_name("FP")
     872                      .dwattr $C$DW$73, DW_AT_location[DW_OP_reg28]
     873              $C$DW$74        .dwtag  DW_TAG_TI_assign_register, DW_AT_name("DP")
     874                      .dwattr $C$DW$74, DW_AT_location[DW_OP_reg29]
     875              $C$DW$75        .dwtag  DW_TAG_TI_assign_register, DW_AT_name("SXM")
     876                      .dwattr $C$DW$75, DW_AT_location[DW_OP_reg30]
     877              $C$DW$76        .dwtag  DW_TAG_TI_assign_register, DW_AT_name("PM")
     878                      .dwattr $C$DW$76, DW_AT_location[DW_OP_reg31]
     879              $C$DW$77        .dwtag  DW_TAG_TI_assign_register, DW_AT_name("OVM")
     880                      .dwattr $C$DW$77, DW_AT_location[DW_OP_regx 0x20]
     881              $C$DW$78        .dwtag  DW_TAG_TI_assign_register, DW_AT_name("PAGE0")
     882                      .dwattr $C$DW$78, DW_AT_location[DW_OP_regx 0x21]
     883              $C$DW$79        .dwtag  DW_TAG_TI_assign_register, DW_AT_name("AMODE")
     884                      .dwattr $C$DW$79, DW_AT_location[DW_OP_regx 0x22]
     885              $C$DW$80        .dwtag  DW_TAG_TI_assign_register, DW_AT_name("INTM")
     886                      .dwattr $C$DW$80, DW_AT_location[DW_OP_regx 0x23]
     887              $C$DW$81        .dwtag  DW_TAG_TI_assign_register, DW_AT_name("IFR")
     888                      .dwattr $C$DW$81, DW_AT_location[DW_OP_regx 0x24]
     889              $C$DW$82        .dwtag  DW_TAG_TI_assign_register, DW_AT_name("IER")
     890                      .dwattr $C$DW$82, DW_AT_location[DW_OP_regx 0x25]
TMS320C2000 Assembler PC v6.2.7 Thu Jul 02 08:31:00 2015

Tools Copyright (c) 1996-2014 Texas Instruments Incorporated
C:\Users\Tester\AppData\Local\Temp\0496410                           PAGE   18

     891              $C$DW$83        .dwtag  DW_TAG_TI_assign_register, DW_AT_name("V")
     892                      .dwattr $C$DW$83, DW_AT_location[DW_OP_regx 0x26]
     893              $C$DW$84        .dwtag  DW_TAG_TI_assign_register, DW_AT_name("PSEUDOH")
     894                      .dwattr $C$DW$84, DW_AT_location[DW_OP_regx 0x4c]
     895              $C$DW$85        .dwtag  DW_TAG_TI_assign_register, DW_AT_name("VOL")
     896                      .dwattr $C$DW$85, DW_AT_location[DW_OP_regx 0x4d]
     897              $C$DW$86        .dwtag  DW_TAG_TI_assign_register, DW_AT_name("AR0")
     898                      .dwattr $C$DW$86, DW_AT_location[DW_OP_reg4]
     899              $C$DW$87        .dwtag  DW_TAG_TI_assign_register, DW_AT_name("AR1")
     900                      .dwattr $C$DW$87, DW_AT_location[DW_OP_reg6]
     901              $C$DW$88        .dwtag  DW_TAG_TI_assign_register, DW_AT_name("AR2")
     902                      .dwattr $C$DW$88, DW_AT_location[DW_OP_reg8]
     903              $C$DW$89        .dwtag  DW_TAG_TI_assign_register, DW_AT_name("AR3")
     904                      .dwattr $C$DW$89, DW_AT_location[DW_OP_reg10]
     905              $C$DW$90        .dwtag  DW_TAG_TI_assign_register, DW_AT_name("AR4")
     906                      .dwattr $C$DW$90, DW_AT_location[DW_OP_reg12]
     907              $C$DW$91        .dwtag  DW_TAG_TI_assign_register, DW_AT_name("AR5")
     908                      .dwattr $C$DW$91, DW_AT_location[DW_OP_reg14]
     909              $C$DW$92        .dwtag  DW_TAG_TI_assign_register, DW_AT_name("AR6")
     910                      .dwattr $C$DW$92, DW_AT_location[DW_OP_reg16]
     911              $C$DW$93        .dwtag  DW_TAG_TI_assign_register, DW_AT_name("XAR6")
     912                      .dwattr $C$DW$93, DW_AT_location[DW_OP_reg17]
     913              $C$DW$94        .dwtag  DW_TAG_TI_assign_register, DW_AT_name("AR7")
     914                      .dwattr $C$DW$94, DW_AT_location[DW_OP_reg18]
     915              $C$DW$95        .dwtag  DW_TAG_TI_assign_register, DW_AT_name("XAR7")
     916                      .dwattr $C$DW$95, DW_AT_location[DW_OP_reg19]
     917              $C$DW$96        .dwtag  DW_TAG_TI_assign_register, DW_AT_name("XAR0")
     918                      .dwattr $C$DW$96, DW_AT_location[DW_OP_reg5]
     919              $C$DW$97        .dwtag  DW_TAG_TI_assign_register, DW_AT_name("XAR1")
     920                      .dwattr $C$DW$97, DW_AT_location[DW_OP_reg7]
     921              $C$DW$98        .dwtag  DW_TAG_TI_assign_register, DW_AT_name("XAR2")
     922                      .dwattr $C$DW$98, DW_AT_location[DW_OP_reg9]
     923              $C$DW$99        .dwtag  DW_TAG_TI_assign_register, DW_AT_name("XAR3")
     924                      .dwattr $C$DW$99, DW_AT_location[DW_OP_reg11]
     925              $C$DW$100       .dwtag  DW_TAG_TI_assign_register, DW_AT_name("XAR4")
     926                      .dwattr $C$DW$100, DW_AT_location[DW_OP_reg13]
     927              $C$DW$101       .dwtag  DW_TAG_TI_assign_register, DW_AT_name("XAR5")
     928                      .dwattr $C$DW$101, DW_AT_location[DW_OP_reg15]
     929              $C$DW$102       .dwtag  DW_TAG_TI_assign_register, DW_AT_name("R0HL")
     930                      .dwattr $C$DW$102, DW_AT_location[DW_OP_regx 0x2b]
     931              $C$DW$103       .dwtag  DW_TAG_TI_assign_register, DW_AT_name("R0H")
     932                      .dwattr $C$DW$103, DW_AT_location[DW_OP_regx 0x2c]
     933              $C$DW$104       .dwtag  DW_TAG_TI_assign_register, DW_AT_name("R1HL")
     934                      .dwattr $C$DW$104, DW_AT_location[DW_OP_regx 0x2f]
     935              $C$DW$105       .dwtag  DW_TAG_TI_assign_register, DW_AT_name("R1H")
     936                      .dwattr $C$DW$105, DW_AT_location[DW_OP_regx 0x30]
     937              $C$DW$106       .dwtag  DW_TAG_TI_assign_register, DW_AT_name("R2HL")
     938                      .dwattr $C$DW$106, DW_AT_location[DW_OP_regx 0x33]
     939              $C$DW$107       .dwtag  DW_TAG_TI_assign_register, DW_AT_name("R2H")
     940                      .dwattr $C$DW$107, DW_AT_location[DW_OP_regx 0x34]
     941              $C$DW$108       .dwtag  DW_TAG_TI_assign_register, DW_AT_name("R3HL")
     942                      .dwattr $C$DW$108, DW_AT_location[DW_OP_regx 0x37]
     943              $C$DW$109       .dwtag  DW_TAG_TI_assign_register, DW_AT_name("R3H")
     944                      .dwattr $C$DW$109, DW_AT_location[DW_OP_regx 0x38]
     945              $C$DW$110       .dwtag  DW_TAG_TI_assign_register, DW_AT_name("R4HL")
TMS320C2000 Assembler PC v6.2.7 Thu Jul 02 08:31:00 2015

Tools Copyright (c) 1996-2014 Texas Instruments Incorporated
C:\Users\Tester\AppData\Local\Temp\0496410                           PAGE   19

     946                      .dwattr $C$DW$110, DW_AT_location[DW_OP_regx 0x3b]
     947              $C$DW$111       .dwtag  DW_TAG_TI_assign_register, DW_AT_name("R4H")
     948                      .dwattr $C$DW$111, DW_AT_location[DW_OP_regx 0x3c]
     949              $C$DW$112       .dwtag  DW_TAG_TI_assign_register, DW_AT_name("R5HL")
     950                      .dwattr $C$DW$112, DW_AT_location[DW_OP_regx 0x3f]
     951              $C$DW$113       .dwtag  DW_TAG_TI_assign_register, DW_AT_name("R5H")
     952                      .dwattr $C$DW$113, DW_AT_location[DW_OP_regx 0x40]
     953              $C$DW$114       .dwtag  DW_TAG_TI_assign_register, DW_AT_name("R6HL")
     954                      .dwattr $C$DW$114, DW_AT_location[DW_OP_regx 0x43]
     955              $C$DW$115       .dwtag  DW_TAG_TI_assign_register, DW_AT_name("R6H")
     956                      .dwattr $C$DW$115, DW_AT_location[DW_OP_regx 0x44]
     957              $C$DW$116       .dwtag  DW_TAG_TI_assign_register, DW_AT_name("R7HL")
     958                      .dwattr $C$DW$116, DW_AT_location[DW_OP_regx 0x47]
     959              $C$DW$117       .dwtag  DW_TAG_TI_assign_register, DW_AT_name("R7H")
     960                      .dwattr $C$DW$117, DW_AT_location[DW_OP_regx 0x48]
     961              $C$DW$118       .dwtag  DW_TAG_TI_assign_register, DW_AT_name("RBL")
     962                      .dwattr $C$DW$118, DW_AT_location[DW_OP_regx 0x49]
     963              $C$DW$119       .dwtag  DW_TAG_TI_assign_register, DW_AT_name("RB")
     964                      .dwattr $C$DW$119, DW_AT_location[DW_OP_regx 0x4a]
     965              $C$DW$120       .dwtag  DW_TAG_TI_assign_register, DW_AT_name("STFL")
     966                      .dwattr $C$DW$120, DW_AT_location[DW_OP_regx 0x27]
     967              $C$DW$121       .dwtag  DW_TAG_TI_assign_register, DW_AT_name("STF")
     968                      .dwattr $C$DW$121, DW_AT_location[DW_OP_regx 0x28]
     969              $C$DW$122       .dwtag  DW_TAG_TI_assign_register, DW_AT_name("FPUHAZ")
     970                      .dwattr $C$DW$122, DW_AT_location[DW_OP_reg27]
     971              $C$DW$123       .dwtag  DW_TAG_TI_assign_register, DW_AT_name("CIE_RETA")
     972                      .dwattr $C$DW$123, DW_AT_location[DW_OP_regx 0x4e]
     973                      .dwendtag $C$DW$CU
     974              

No Assembly Errors, No Assembly Warnings
