TMS320C2000 Assembler PC v6.2.7 Thu Jul 02 08:31:02 2015

Tools Copyright (c) 1996-2014 Texas Instruments Incorporated
C:\Users\Tester\AppData\Local\Temp\0338411                           PAGE    1

       1              ;***************************************************************
       2              ;* TMS320C2000 C/C++ Codegen                         PC v6.2.7 *
       3              ;* Date/Time created: Thu Jul 02 08:31:01 2015                 *
       4              ;***************************************************************
       5                      .compiler_opts --diag_wrap=off --float_support=fpu32 --hll_source=on --mem_model:code=flat --mem_mode
       6        0002  FP      .set    XAR2
       7              
       8              $C$DW$CU        .dwtag  DW_TAG_compile_unit
       9                      .dwattr $C$DW$CU, DW_AT_name("../interface/taskCntrl.c")
      10                      .dwattr $C$DW$CU, DW_AT_producer("TMS320C2000 C/C++ Codegen PC v6.2.7 Copyright (c) 1996-2014 Texas I
      11                      .dwattr $C$DW$CU, DW_AT_TI_version(0x01)
      12                      .dwattr $C$DW$CU, DW_AT_comp_dir("D:\ActiveProject\EKT5\PKMT_NONBIOS\InvertorCntrl\ISPprg")
      13              ;**************************************************************
      14              ;* CINIT RECORDS                                              *
      15              ;**************************************************************
      16 00000000               .sect   ".cinit"
      17                      .align  1
      18 00000000 FFFE          .field          -2,16
      19 00000001 0002-         .field          _TaskAct+0,32
         00000002 0000 
      20 00000003 0000          .xfloat $strtod("0x0p+0")               ; _TaskAct @ 0
         00000004 0000 
      21              
      22              
      23              $C$DW$1 .dwtag  DW_TAG_subprogram, DW_AT_name("testStatusConvertor")
      24                      .dwattr $C$DW$1, DW_AT_TI_symbol_name("_testStatusConvertor")
      25                      .dwattr $C$DW$1, DW_AT_type(*$C$DW$T$28)
      26                      .dwattr $C$DW$1, DW_AT_declaration
      27                      .dwattr $C$DW$1, DW_AT_external
      28              $C$DW$2 .dwtag  DW_TAG_formal_parameter
      29                      .dwattr $C$DW$2, DW_AT_type(*$C$DW$T$27)
      30                      .dwendtag $C$DW$1
      31              
      32                      .global _ModeTaskMain
      33 00000000       _ModeTaskMain:  .usect  ".ebss",1,1,0
      34              $C$DW$3 .dwtag  DW_TAG_variable, DW_AT_name("ModeTaskMain")
      35                      .dwattr $C$DW$3, DW_AT_TI_symbol_name("_ModeTaskMain")
      36                      .dwattr $C$DW$3, DW_AT_location[DW_OP_addr _ModeTaskMain]
      37                      .dwattr $C$DW$3, DW_AT_type(*$C$DW$T$27)
      38                      .dwattr $C$DW$3, DW_AT_external
      39              
      40              $C$DW$4 .dwtag  DW_TAG_subprogram, DW_AT_name("SetInpReg")
      41                      .dwattr $C$DW$4, DW_AT_TI_symbol_name("_SetInpReg")
      42                      .dwattr $C$DW$4, DW_AT_type(*$C$DW$T$20)
      43                      .dwattr $C$DW$4, DW_AT_declaration
      44                      .dwattr $C$DW$4, DW_AT_external
      45              $C$DW$5 .dwtag  DW_TAG_formal_parameter
      46                      .dwattr $C$DW$5, DW_AT_type(*$C$DW$T$5)
      47              $C$DW$6 .dwtag  DW_TAG_formal_parameter
      48                      .dwattr $C$DW$6, DW_AT_type(*$C$DW$T$10)
      49                      .dwendtag $C$DW$4
      50              
      51              
      52              $C$DW$7 .dwtag  DW_TAG_subprogram, DW_AT_name("testDiscretInp")
      53                      .dwattr $C$DW$7, DW_AT_TI_symbol_name("_testDiscretInp")
TMS320C2000 Assembler PC v6.2.7 Thu Jul 02 08:31:02 2015

Tools Copyright (c) 1996-2014 Texas Instruments Incorporated
C:\Users\Tester\AppData\Local\Temp\0338411                           PAGE    2

      54                      .dwattr $C$DW$7, DW_AT_type(*$C$DW$T$5)
      55                      .dwattr $C$DW$7, DW_AT_declaration
      56                      .dwattr $C$DW$7, DW_AT_external
      57              $C$DW$8 .dwtag  DW_TAG_formal_parameter
      58                      .dwattr $C$DW$8, DW_AT_type(*$C$DW$T$31)
      59                      .dwendtag $C$DW$7
      60              
      61              
      62              $C$DW$9 .dwtag  DW_TAG_subprogram, DW_AT_name("getRegister")
      63                      .dwattr $C$DW$9, DW_AT_TI_symbol_name("_getRegister")
      64                      .dwattr $C$DW$9, DW_AT_type(*$C$DW$T$10)
      65                      .dwattr $C$DW$9, DW_AT_declaration
      66                      .dwattr $C$DW$9, DW_AT_external
      67              $C$DW$10        .dwtag  DW_TAG_formal_parameter
      68                      .dwattr $C$DW$10, DW_AT_type(*$C$DW$T$5)
      69                      .dwendtag $C$DW$9
      70              
      71                      .global _TaskAct
      72 00000002       _TaskAct:       .usect  ".ebss",2,1,1
      73              $C$DW$11        .dwtag  DW_TAG_variable, DW_AT_name("TaskAct")
      74                      .dwattr $C$DW$11, DW_AT_TI_symbol_name("_TaskAct")
      75                      .dwattr $C$DW$11, DW_AT_location[DW_OP_addr _TaskAct]
      76                      .dwattr $C$DW$11, DW_AT_type(*$C$DW$T$16)
      77                      .dwattr $C$DW$11, DW_AT_external
      78              
      79              $C$DW$12        .dwtag  DW_TAG_subprogram, DW_AT_name("getFtaskOs")
      80                      .dwattr $C$DW$12, DW_AT_TI_symbol_name("_getFtaskOs")
      81                      .dwattr $C$DW$12, DW_AT_type(*$C$DW$T$16)
      82                      .dwattr $C$DW$12, DW_AT_declaration
      83                      .dwattr $C$DW$12, DW_AT_external
      84              
      85              $C$DW$13        .dwtag  DW_TAG_subprogram, DW_AT_name("getAnalogTask")
      86                      .dwattr $C$DW$13, DW_AT_TI_symbol_name("_getAnalogTask")
      87                      .dwattr $C$DW$13, DW_AT_type(*$C$DW$T$16)
      88                      .dwattr $C$DW$13, DW_AT_declaration
      89                      .dwattr $C$DW$13, DW_AT_external
      90              ;       C:\ti\ccsv6\tools\compiler\c2000_6.2.7\bin\ac2000.exe -@C:\\Users\\Tester\\AppData\\Local\\Temp\\0338
      91 00000000               .sect   ".text"
      92                      .clink
      93                      .global _getTaskAct
      94              
      95              $C$DW$14        .dwtag  DW_TAG_subprogram, DW_AT_name("getTaskAct")
      96                      .dwattr $C$DW$14, DW_AT_low_pc(_getTaskAct)
      97                      .dwattr $C$DW$14, DW_AT_high_pc(0x00)
      98                      .dwattr $C$DW$14, DW_AT_TI_symbol_name("_getTaskAct")
      99                      .dwattr $C$DW$14, DW_AT_external
     100                      .dwattr $C$DW$14, DW_AT_type(*$C$DW$T$16)
     101                      .dwattr $C$DW$14, DW_AT_TI_begin_file("../interface/taskCntrl.c")
     102                      .dwattr $C$DW$14, DW_AT_TI_begin_line(0x14)
     103                      .dwattr $C$DW$14, DW_AT_TI_begin_column(0x07)
     104                      .dwattr $C$DW$14, DW_AT_TI_max_frame_size(-2)
     105                      .dwpsn  file "../interface/taskCntrl.c",line 20,column 23,is_stmt,address _getTaskAct
     106              
     107                      .dwfde $C$DW$CIE, _getTaskAct
     108              
TMS320C2000 Assembler PC v6.2.7 Thu Jul 02 08:31:02 2015

Tools Copyright (c) 1996-2014 Texas Instruments Incorporated
C:\Users\Tester\AppData\Local\Temp\0338411                           PAGE    3

     109              ;***************************************************************
     110              ;* FNAME: _getTaskAct                   FR SIZE:   0           *
     111              ;*                                                             *
     112              ;* FUNCTION ENVIRONMENT                                        *
     113              ;*                                                             *
     114              ;* FUNCTION PROPERTIES                                         *
     115              ;*                            0 Parameter,  0 Auto,  0 SOE     *
     116              ;***************************************************************
     117              
     118 00000000       _getTaskAct:
     119                      .dwcfi  cfa_offset, -2
     120                      .dwcfi  save_reg_to_mem, 26, 0
     121                      .dwcfi  save_reg_to_reg, 78, 26
     122                      .dwpsn  file "../interface/taskCntrl.c",line 21,column 2,is_stmt
     123 00000000 761F-         MOVW      DP,#_TaskAct          ; [CPU_U] 
         00000001 0000 
     124 00000002 E2AF-         MOV32     R0H,@_TaskAct         ; [CPU_] |21| 
         00000003 0002 
     125                      .dwpsn  file "../interface/taskCntrl.c",line 22,column 1,is_stmt
     126              $C$DW$15        .dwtag  DW_TAG_TI_branch
     127                      .dwattr $C$DW$15, DW_AT_low_pc(0x00)
     128                      .dwattr $C$DW$15, DW_AT_TI_return
     129 00000004 0006          LRETR     ; [CPU_] 
     130                      ; return occurs ; [] 
     131                      .dwattr $C$DW$14, DW_AT_TI_end_file("../interface/taskCntrl.c")
     132                      .dwattr $C$DW$14, DW_AT_TI_end_line(0x16)
     133                      .dwattr $C$DW$14, DW_AT_TI_end_column(0x01)
     134                      .dwendentry
     135                      .dwendtag $C$DW$14
     136              
     137 00000005               .sect   ".text"
     138                      .clink
     139                      .global _getDiscrTask
     140              
     141              $C$DW$16        .dwtag  DW_TAG_subprogram, DW_AT_name("getDiscrTask")
     142                      .dwattr $C$DW$16, DW_AT_low_pc(_getDiscrTask)
     143                      .dwattr $C$DW$16, DW_AT_high_pc(0x00)
     144                      .dwattr $C$DW$16, DW_AT_TI_symbol_name("_getDiscrTask")
     145                      .dwattr $C$DW$16, DW_AT_external
     146                      .dwattr $C$DW$16, DW_AT_type(*$C$DW$T$16)
     147                      .dwattr $C$DW$16, DW_AT_TI_begin_file("../interface/taskCntrl.c")
     148                      .dwattr $C$DW$16, DW_AT_TI_begin_line(0x19)
     149                      .dwattr $C$DW$16, DW_AT_TI_begin_column(0x07)
     150                      .dwattr $C$DW$16, DW_AT_TI_max_frame_size(-6)
     151                      .dwpsn  file "../interface/taskCntrl.c",line 25,column 25,is_stmt,address _getDiscrTask
     152              
     153                      .dwfde $C$DW$CIE, _getDiscrTask
     154              
     155              ;***************************************************************
     156              ;* FNAME: _getDiscrTask                 FR SIZE:   4           *
     157              ;*                                                             *
     158              ;* FUNCTION ENVIRONMENT                                        *
     159              ;*                                                             *
     160              ;* FUNCTION PROPERTIES                                         *
     161              ;*                            0 Parameter,  3 Auto,  0 SOE     *
TMS320C2000 Assembler PC v6.2.7 Thu Jul 02 08:31:02 2015

Tools Copyright (c) 1996-2014 Texas Instruments Incorporated
C:\Users\Tester\AppData\Local\Temp\0338411                           PAGE    4

     162              ;***************************************************************
     163              
     164 00000005       _getDiscrTask:
     165                      .dwcfi  cfa_offset, -2
     166                      .dwcfi  save_reg_to_mem, 26, 0
     167                      .dwcfi  save_reg_to_reg, 78, 26
     168 00000005 FE04          ADDB      SP,#4                 ; [CPU_U] 
     169                      .dwcfi  cfa_offset, -6
     170              $C$DW$17        .dwtag  DW_TAG_variable, DW_AT_name("tmp")
     171                      .dwattr $C$DW$17, DW_AT_TI_symbol_name("_tmp")
     172                      .dwattr $C$DW$17, DW_AT_type(*$C$DW$T$16)
     173                      .dwattr $C$DW$17, DW_AT_location[DW_OP_breg20 -2]
     174              $C$DW$18        .dwtag  DW_TAG_variable, DW_AT_name("pin")
     175                      .dwattr $C$DW$18, DW_AT_TI_symbol_name("_pin")
     176                      .dwattr $C$DW$18, DW_AT_type(*$C$DW$T$5)
     177                      .dwattr $C$DW$18, DW_AT_location[DW_OP_breg20 -3]
     178                      .dwpsn  file "../interface/taskCntrl.c",line 29,column 2,is_stmt
     179 00000006 FFEF          B         $C$L17,UNC            ; [CPU_] |29| 
         00000007 0137 
     180                      ; branch occurs ; [] |29| 
     181 00000008       $C$L1:    
     182                      .dwpsn  file "../interface/taskCntrl.c",line 33,column 4,is_stmt
     183 00000008 8F10          MOVL      XAR4,#1048576         ; [CPU_U] |33| 
         00000009 0000 
     184 0000000a A8A9          MOVL      ACC,XAR4              ; [CPU_] |33| 
     185              $C$DW$19        .dwtag  DW_TAG_TI_branch
     186                      .dwattr $C$DW$19, DW_AT_low_pc(0x00)
     187                      .dwattr $C$DW$19, DW_AT_name("_testDiscretInp")
     188                      .dwattr $C$DW$19, DW_AT_TI_call
     189 0000000b 7640!         LCR       #_testDiscretInp      ; [CPU_] |33| 
         0000000c 0000 
     190                      ; call occurs [#_testDiscretInp] ; [] |33| 
     191 0000000d 5200          CMPB      AL,#0                 ; [CPU_] |33| 
     192 0000000e EC19          BF        $C$L2,EQ              ; [CPU_] |33| 
     193                      ; branchcc occurs ; [] |33| 
     194                      .dwpsn  file "../interface/taskCntrl.c",line 34,column 5,is_stmt
     195 0000000f 9A31          MOVB      AL,#49                ; [CPU_] |34| 
     196              $C$DW$20        .dwtag  DW_TAG_TI_branch
     197                      .dwattr $C$DW$20, DW_AT_low_pc(0x00)
     198                      .dwattr $C$DW$20, DW_AT_name("_getRegister")
     199                      .dwattr $C$DW$20, DW_AT_TI_call
     200 00000010 7640!         LCR       #_getRegister         ; [CPU_] |34| 
         00000011 0000 
     201                      ; call occurs [#_getRegister] ; [] |34| 
     202 00000012 3B01          SETC      SXM                   ; [CPU_] 
     203 00000013 85A9          MOV       ACC,AL                ; [CPU_] |34| 
     204 00000014 BDA9          MOV32     R0H,ACC               ; [CPU_] |34| 
         00000015 0F12 
     205 00000016 7700          NOP       ; [CPU_] 
     206 00000017 7700          NOP       ; [CPU_] 
     207 00000018 7700          NOP       ; [CPU_] 
     208 00000019 7700          NOP       ; [CPU_] 
     209 0000001a E689          I32TOF32  R0H,R0H               ; [CPU_] |34| 
         0000001b 0000 
     210 0000001c 7700          NOP       ; [CPU_] 
TMS320C2000 Assembler PC v6.2.7 Thu Jul 02 08:31:02 2015

Tools Copyright (c) 1996-2014 Texas Instruments Incorporated
C:\Users\Tester\AppData\Local\Temp\0338411                           PAGE    5

     211 0000001d E203          MOV32     *-SP[2],R0H           ; [CPU_] |34| 
         0000001e 0042 
     212                      .dwpsn  file "../interface/taskCntrl.c",line 35,column 5,is_stmt
     213 0000001f E802          MOVIZ     R1H,#17096            ; [CPU_] |35| 
         00000020 1641 
     214              $C$DW$21        .dwtag  DW_TAG_TI_branch
     215                      .dwattr $C$DW$21, DW_AT_low_pc(0x00)
     216                      .dwattr $C$DW$21, DW_AT_name("FS$$DIV")
     217                      .dwattr $C$DW$21, DW_AT_TI_call
     218 00000021 7640!         LCR       #FS$$DIV              ; [CPU_] |35| 
         00000022 0000 
     219                      ; call occurs [#FS$$DIV] ; [] |35| 
     220 00000023 E203          MOV32     *-SP[2],R0H           ; [CPU_] |35| 
         00000024 0042 
     221                      .dwpsn  file "../interface/taskCntrl.c",line 36,column 5,is_stmt
     222 00000025 FFEF          B         $C$L18,UNC            ; [CPU_] |36| 
         00000026 0123 
     223                      ; branch occurs ; [] |36| 
     224 00000027       $C$L2:    
     225                      .dwpsn  file "../interface/taskCntrl.c",line 38,column 4,is_stmt
     226 00000027 8F20          MOVL      XAR4,#2097152         ; [CPU_U] |38| 
         00000028 0000 
     227 00000029 A8A9          MOVL      ACC,XAR4              ; [CPU_] |38| 
     228              $C$DW$22        .dwtag  DW_TAG_TI_branch
     229                      .dwattr $C$DW$22, DW_AT_low_pc(0x00)
     230                      .dwattr $C$DW$22, DW_AT_name("_testDiscretInp")
     231                      .dwattr $C$DW$22, DW_AT_TI_call
     232 0000002a 7640!         LCR       #_testDiscretInp      ; [CPU_] |38| 
         0000002b 0000 
     233                      ; call occurs [#_testDiscretInp] ; [] |38| 
     234 0000002c 5200          CMPB      AL,#0                 ; [CPU_] |38| 
     235 0000002d EC19          BF        $C$L3,EQ              ; [CPU_] |38| 
     236                      ; branchcc occurs ; [] |38| 
     237                      .dwpsn  file "../interface/taskCntrl.c",line 39,column 5,is_stmt
     238 0000002e 9A32          MOVB      AL,#50                ; [CPU_] |39| 
     239              $C$DW$23        .dwtag  DW_TAG_TI_branch
     240                      .dwattr $C$DW$23, DW_AT_low_pc(0x00)
     241                      .dwattr $C$DW$23, DW_AT_name("_getRegister")
     242                      .dwattr $C$DW$23, DW_AT_TI_call
     243 0000002f 7640!         LCR       #_getRegister         ; [CPU_] |39| 
         00000030 0000 
     244                      ; call occurs [#_getRegister] ; [] |39| 
     245 00000031 3B01          SETC      SXM                   ; [CPU_] 
     246 00000032 85A9          MOV       ACC,AL                ; [CPU_] |39| 
     247 00000033 BDA9          MOV32     R0H,ACC               ; [CPU_] |39| 
         00000034 0F12 
     248 00000035 7700          NOP       ; [CPU_] 
     249 00000036 7700          NOP       ; [CPU_] 
     250 00000037 7700          NOP       ; [CPU_] 
     251 00000038 7700          NOP       ; [CPU_] 
     252 00000039 E689          I32TOF32  R0H,R0H               ; [CPU_] |39| 
         0000003a 0000 
     253 0000003b 7700          NOP       ; [CPU_] 
     254 0000003c E203          MOV32     *-SP[2],R0H           ; [CPU_] |39| 
         0000003d 0042 
TMS320C2000 Assembler PC v6.2.7 Thu Jul 02 08:31:02 2015

Tools Copyright (c) 1996-2014 Texas Instruments Incorporated
C:\Users\Tester\AppData\Local\Temp\0338411                           PAGE    6

     255                      .dwpsn  file "../interface/taskCntrl.c",line 40,column 5,is_stmt
     256 0000003e E802          MOVIZ     R1H,#17096            ; [CPU_] |40| 
         0000003f 1641 
     257              $C$DW$24        .dwtag  DW_TAG_TI_branch
     258                      .dwattr $C$DW$24, DW_AT_low_pc(0x00)
     259                      .dwattr $C$DW$24, DW_AT_name("FS$$DIV")
     260                      .dwattr $C$DW$24, DW_AT_TI_call
     261 00000040 7640!         LCR       #FS$$DIV              ; [CPU_] |40| 
         00000041 0000 
     262                      ; call occurs [#FS$$DIV] ; [] |40| 
     263 00000042 E203          MOV32     *-SP[2],R0H           ; [CPU_] |40| 
         00000043 0042 
     264                      .dwpsn  file "../interface/taskCntrl.c",line 41,column 5,is_stmt
     265 00000044 FFEF          B         $C$L18,UNC            ; [CPU_] |41| 
         00000045 0104 
     266                      ; branch occurs ; [] |41| 
     267 00000046       $C$L3:    
     268                      .dwpsn  file "../interface/taskCntrl.c",line 43,column 4,is_stmt
     269 00000046 9A00          MOV       AL,#0                 ; [CPU_] |43| 
     270 00000047 9B40          MOV       AH,#64                ; [CPU_] |43| 
     271              $C$DW$25        .dwtag  DW_TAG_TI_branch
     272                      .dwattr $C$DW$25, DW_AT_low_pc(0x00)
     273                      .dwattr $C$DW$25, DW_AT_name("_testDiscretInp")
     274                      .dwattr $C$DW$25, DW_AT_TI_call
     275 00000048 7640!         LCR       #_testDiscretInp      ; [CPU_] |43| 
         00000049 0000 
     276                      ; call occurs [#_testDiscretInp] ; [] |43| 
     277 0000004a 5200          CMPB      AL,#0                 ; [CPU_] |43| 
     278 0000004b EC19          BF        $C$L4,EQ              ; [CPU_] |43| 
     279                      ; branchcc occurs ; [] |43| 
     280                      .dwpsn  file "../interface/taskCntrl.c",line 44,column 5,is_stmt
     281 0000004c 9A33          MOVB      AL,#51                ; [CPU_] |44| 
     282              $C$DW$26        .dwtag  DW_TAG_TI_branch
     283                      .dwattr $C$DW$26, DW_AT_low_pc(0x00)
     284                      .dwattr $C$DW$26, DW_AT_name("_getRegister")
     285                      .dwattr $C$DW$26, DW_AT_TI_call
     286 0000004d 7640!         LCR       #_getRegister         ; [CPU_] |44| 
         0000004e 0000 
     287                      ; call occurs [#_getRegister] ; [] |44| 
     288 0000004f 3B01          SETC      SXM                   ; [CPU_] 
     289 00000050 85A9          MOV       ACC,AL                ; [CPU_] |44| 
     290 00000051 BDA9          MOV32     R0H,ACC               ; [CPU_] |44| 
         00000052 0F12 
     291 00000053 7700          NOP       ; [CPU_] 
     292 00000054 7700          NOP       ; [CPU_] 
     293 00000055 7700          NOP       ; [CPU_] 
     294 00000056 7700          NOP       ; [CPU_] 
     295 00000057 E689          I32TOF32  R0H,R0H               ; [CPU_] |44| 
         00000058 0000 
     296 00000059 7700          NOP       ; [CPU_] 
     297 0000005a E203          MOV32     *-SP[2],R0H           ; [CPU_] |44| 
         0000005b 0042 
     298                      .dwpsn  file "../interface/taskCntrl.c",line 45,column 5,is_stmt
     299 0000005c E802          MOVIZ     R1H,#17096            ; [CPU_] |45| 
         0000005d 1641 
TMS320C2000 Assembler PC v6.2.7 Thu Jul 02 08:31:02 2015

Tools Copyright (c) 1996-2014 Texas Instruments Incorporated
C:\Users\Tester\AppData\Local\Temp\0338411                           PAGE    7

     300              $C$DW$27        .dwtag  DW_TAG_TI_branch
     301                      .dwattr $C$DW$27, DW_AT_low_pc(0x00)
     302                      .dwattr $C$DW$27, DW_AT_name("FS$$DIV")
     303                      .dwattr $C$DW$27, DW_AT_TI_call
     304 0000005e 7640!         LCR       #FS$$DIV              ; [CPU_] |45| 
         0000005f 0000 
     305                      ; call occurs [#FS$$DIV] ; [] |45| 
     306 00000060 E203          MOV32     *-SP[2],R0H           ; [CPU_] |45| 
         00000061 0042 
     307                      .dwpsn  file "../interface/taskCntrl.c",line 46,column 5,is_stmt
     308 00000062 FFEF          B         $C$L18,UNC            ; [CPU_] |46| 
         00000063 00E6 
     309                      ; branch occurs ; [] |46| 
     310 00000064       $C$L4:    
     311                      .dwpsn  file "../interface/taskCntrl.c",line 48,column 4,is_stmt
     312 00000064 9A30          MOVB      AL,#48                ; [CPU_] |48| 
     313              $C$DW$28        .dwtag  DW_TAG_TI_branch
     314                      .dwattr $C$DW$28, DW_AT_low_pc(0x00)
     315                      .dwattr $C$DW$28, DW_AT_name("_getRegister")
     316                      .dwattr $C$DW$28, DW_AT_TI_call
     317 00000065 7640!         LCR       #_getRegister         ; [CPU_] |48| 
         00000066 0000 
     318                      ; call occurs [#_getRegister] ; [] |48| 
     319 00000067 3B01          SETC      SXM                   ; [CPU_] 
     320 00000068 85A9          MOV       ACC,AL                ; [CPU_] |48| 
     321 00000069 BDA9          MOV32     R0H,ACC               ; [CPU_] |48| 
         0000006a 0F12 
     322 0000006b 7700          NOP       ; [CPU_] 
     323 0000006c 7700          NOP       ; [CPU_] 
     324 0000006d 7700          NOP       ; [CPU_] 
     325 0000006e 7700          NOP       ; [CPU_] 
     326 0000006f E689          I32TOF32  R0H,R0H               ; [CPU_] |48| 
         00000070 0000 
     327 00000071 7700          NOP       ; [CPU_] 
     328 00000072 E203          MOV32     *-SP[2],R0H           ; [CPU_] |48| 
         00000073 0042 
     329                      .dwpsn  file "../interface/taskCntrl.c",line 49,column 4,is_stmt
     330 00000074 E802          MOVIZ     R1H,#17096            ; [CPU_] |49| 
         00000075 1641 
     331              $C$DW$29        .dwtag  DW_TAG_TI_branch
     332                      .dwattr $C$DW$29, DW_AT_low_pc(0x00)
     333                      .dwattr $C$DW$29, DW_AT_name("FS$$DIV")
     334                      .dwattr $C$DW$29, DW_AT_TI_call
     335 00000076 7640!         LCR       #FS$$DIV              ; [CPU_] |49| 
         00000077 0000 
     336                      ; call occurs [#FS$$DIV] ; [] |49| 
     337 00000078 E203          MOV32     *-SP[2],R0H           ; [CPU_] |49| 
         00000079 0042 
     338                      .dwpsn  file "../interface/taskCntrl.c",line 50,column 4,is_stmt
     339 0000007a FFEF          B         $C$L18,UNC            ; [CPU_] |50| 
         0000007b 00CE 
     340                      ; branch occurs ; [] |50| 
     341 0000007c       $C$L5:    
     342                      .dwpsn  file "../interface/taskCntrl.c",line 53,column 4,is_stmt
     343 0000007c 9A00          MOV       AL,#0                 ; [CPU_] |53| 
TMS320C2000 Assembler PC v6.2.7 Thu Jul 02 08:31:02 2015

Tools Copyright (c) 1996-2014 Texas Instruments Incorporated
C:\Users\Tester\AppData\Local\Temp\0338411                           PAGE    8

     344 0000007d 9B40          MOV       AH,#64                ; [CPU_] |53| 
     345              $C$DW$30        .dwtag  DW_TAG_TI_branch
     346                      .dwattr $C$DW$30, DW_AT_low_pc(0x00)
     347                      .dwattr $C$DW$30, DW_AT_name("_testDiscretInp")
     348                      .dwattr $C$DW$30, DW_AT_TI_call
     349 0000007e 7640!         LCR       #_testDiscretInp      ; [CPU_] |53| 
         0000007f 0000 
     350                      ; call occurs [#_testDiscretInp] ; [] |53| 
     351 00000080 9643          MOV       *-SP[3],AL            ; [CPU_] |53| 
     352                      .dwpsn  file "../interface/taskCntrl.c",line 54,column 4,is_stmt
     353 00000081 5603          MOV       ACC,*-SP[3] << #1     ; [CPU_] |54| 
         00000082 0143 
     354 00000083 9643          MOV       *-SP[3],AL            ; [CPU_] |54| 
     355                      .dwpsn  file "../interface/taskCntrl.c",line 55,column 4,is_stmt
     356 00000084 8F20          MOVL      XAR4,#2097152         ; [CPU_U] |55| 
         00000085 0000 
     357 00000086 A8A9          MOVL      ACC,XAR4              ; [CPU_] |55| 
     358              $C$DW$31        .dwtag  DW_TAG_TI_branch
     359                      .dwattr $C$DW$31, DW_AT_low_pc(0x00)
     360                      .dwattr $C$DW$31, DW_AT_name("_testDiscretInp")
     361                      .dwattr $C$DW$31, DW_AT_TI_call
     362 00000087 7640!         LCR       #_testDiscretInp      ; [CPU_] |55| 
         00000088 0000 
     363                      ; call occurs [#_testDiscretInp] ; [] |55| 
     364 00000089 9843          OR        *-SP[3],AL            ; [CPU_] |55| 
     365                      .dwpsn  file "../interface/taskCntrl.c",line 56,column 4,is_stmt
     366 0000008a 5603          MOV       ACC,*-SP[3] << #1     ; [CPU_] |56| 
         0000008b 0143 
     367 0000008c 9643          MOV       *-SP[3],AL            ; [CPU_] |56| 
     368                      .dwpsn  file "../interface/taskCntrl.c",line 57,column 4,is_stmt
     369 0000008d 8F10          MOVL      XAR4,#1048576         ; [CPU_U] |57| 
         0000008e 0000 
     370 0000008f A8A9          MOVL      ACC,XAR4              ; [CPU_] |57| 
     371              $C$DW$32        .dwtag  DW_TAG_TI_branch
     372                      .dwattr $C$DW$32, DW_AT_low_pc(0x00)
     373                      .dwattr $C$DW$32, DW_AT_name("_testDiscretInp")
     374                      .dwattr $C$DW$32, DW_AT_TI_call
     375 00000090 7640!         LCR       #_testDiscretInp      ; [CPU_] |57| 
         00000091 0000 
     376                      ; call occurs [#_testDiscretInp] ; [] |57| 
     377 00000092 9843          OR        *-SP[3],AL            ; [CPU_] |57| 
     378                      .dwpsn  file "../interface/taskCntrl.c",line 59,column 4,is_stmt
     379 00000093 FFEF          B         $C$L14,UNC            ; [CPU_] |59| 
         00000094 008B 
     380                      ; branch occurs ; [] |59| 
     381 00000095       $C$L6:    
     382                      .dwpsn  file "../interface/taskCntrl.c",line 63,column 6,is_stmt
     383 00000095 9A30          MOVB      AL,#48                ; [CPU_] |63| 
     384              $C$DW$33        .dwtag  DW_TAG_TI_branch
     385                      .dwattr $C$DW$33, DW_AT_low_pc(0x00)
     386                      .dwattr $C$DW$33, DW_AT_name("_getRegister")
     387                      .dwattr $C$DW$33, DW_AT_TI_call
     388 00000096 7640!         LCR       #_getRegister         ; [CPU_] |63| 
         00000097 0000 
     389                      ; call occurs [#_getRegister] ; [] |63| 
TMS320C2000 Assembler PC v6.2.7 Thu Jul 02 08:31:02 2015

Tools Copyright (c) 1996-2014 Texas Instruments Incorporated
C:\Users\Tester\AppData\Local\Temp\0338411                           PAGE    9

     390 00000098 3B01          SETC      SXM                   ; [CPU_] 
     391 00000099 85A9          MOV       ACC,AL                ; [CPU_] |63| 
     392 0000009a BDA9          MOV32     R0H,ACC               ; [CPU_] |63| 
         0000009b 0F12 
     393 0000009c 7700          NOP       ; [CPU_] 
     394 0000009d 7700          NOP       ; [CPU_] 
     395 0000009e 7700          NOP       ; [CPU_] 
     396 0000009f 7700          NOP       ; [CPU_] 
     397 000000a0 E689          I32TOF32  R0H,R0H               ; [CPU_] |63| 
         000000a1 0000 
     398 000000a2 7700          NOP       ; [CPU_] 
     399 000000a3 E203          MOV32     *-SP[2],R0H           ; [CPU_] |63| 
         000000a4 0042 
     400                      .dwpsn  file "../interface/taskCntrl.c",line 64,column 6,is_stmt
     401 000000a5 FFEF          B         $C$L16,UNC            ; [CPU_] |64| 
         000000a6 0091 
     402                      ; branch occurs ; [] |64| 
     403 000000a7       $C$L7:    
     404                      .dwpsn  file "../interface/taskCntrl.c",line 66,column 6,is_stmt
     405 000000a7 9A31          MOVB      AL,#49                ; [CPU_] |66| 
     406              $C$DW$34        .dwtag  DW_TAG_TI_branch
     407                      .dwattr $C$DW$34, DW_AT_low_pc(0x00)
     408                      .dwattr $C$DW$34, DW_AT_name("_getRegister")
     409                      .dwattr $C$DW$34, DW_AT_TI_call
     410 000000a8 7640!         LCR       #_getRegister         ; [CPU_] |66| 
         000000a9 0000 
     411                      ; call occurs [#_getRegister] ; [] |66| 
     412 000000aa 3B01          SETC      SXM                   ; [CPU_] 
     413 000000ab 85A9          MOV       ACC,AL                ; [CPU_] |66| 
     414 000000ac BDA9          MOV32     R0H,ACC               ; [CPU_] |66| 
         000000ad 0F12 
     415 000000ae 7700          NOP       ; [CPU_] 
     416 000000af 7700          NOP       ; [CPU_] 
     417 000000b0 7700          NOP       ; [CPU_] 
     418 000000b1 7700          NOP       ; [CPU_] 
     419 000000b2 E689          I32TOF32  R0H,R0H               ; [CPU_] |66| 
         000000b3 0000 
     420 000000b4 7700          NOP       ; [CPU_] 
     421 000000b5 E203          MOV32     *-SP[2],R0H           ; [CPU_] |66| 
         000000b6 0042 
     422                      .dwpsn  file "../interface/taskCntrl.c",line 67,column 6,is_stmt
     423 000000b7 6F7F          B         $C$L16,UNC            ; [CPU_] |67| 
     424                      ; branch occurs ; [] |67| 
     425 000000b8       $C$L8:    
     426                      .dwpsn  file "../interface/taskCntrl.c",line 69,column 6,is_stmt
     427 000000b8 9A32          MOVB      AL,#50                ; [CPU_] |69| 
     428              $C$DW$35        .dwtag  DW_TAG_TI_branch
     429                      .dwattr $C$DW$35, DW_AT_low_pc(0x00)
     430                      .dwattr $C$DW$35, DW_AT_name("_getRegister")
     431                      .dwattr $C$DW$35, DW_AT_TI_call
     432 000000b9 7640!         LCR       #_getRegister         ; [CPU_] |69| 
         000000ba 0000 
     433                      ; call occurs [#_getRegister] ; [] |69| 
     434 000000bb 3B01          SETC      SXM                   ; [CPU_] 
     435 000000bc 85A9          MOV       ACC,AL                ; [CPU_] |69| 
TMS320C2000 Assembler PC v6.2.7 Thu Jul 02 08:31:02 2015

Tools Copyright (c) 1996-2014 Texas Instruments Incorporated
C:\Users\Tester\AppData\Local\Temp\0338411                           PAGE   10

     436 000000bd BDA9          MOV32     R0H,ACC               ; [CPU_] |69| 
         000000be 0F12 
     437 000000bf 7700          NOP       ; [CPU_] 
     438 000000c0 7700          NOP       ; [CPU_] 
     439 000000c1 7700          NOP       ; [CPU_] 
     440 000000c2 7700          NOP       ; [CPU_] 
     441 000000c3 E689          I32TOF32  R0H,R0H               ; [CPU_] |69| 
         000000c4 0000 
     442 000000c5 7700          NOP       ; [CPU_] 
     443 000000c6 E203          MOV32     *-SP[2],R0H           ; [CPU_] |69| 
         000000c7 0042 
     444                      .dwpsn  file "../interface/taskCntrl.c",line 70,column 6,is_stmt
     445 000000c8 6F6E          B         $C$L16,UNC            ; [CPU_] |70| 
     446                      ; branch occurs ; [] |70| 
     447 000000c9       $C$L9:    
     448                      .dwpsn  file "../interface/taskCntrl.c",line 72,column 6,is_stmt
     449 000000c9 9A33          MOVB      AL,#51                ; [CPU_] |72| 
     450              $C$DW$36        .dwtag  DW_TAG_TI_branch
     451                      .dwattr $C$DW$36, DW_AT_low_pc(0x00)
     452                      .dwattr $C$DW$36, DW_AT_name("_getRegister")
     453                      .dwattr $C$DW$36, DW_AT_TI_call
     454 000000ca 7640!         LCR       #_getRegister         ; [CPU_] |72| 
         000000cb 0000 
     455                      ; call occurs [#_getRegister] ; [] |72| 
     456 000000cc 3B01          SETC      SXM                   ; [CPU_] 
     457 000000cd 85A9          MOV       ACC,AL                ; [CPU_] |72| 
     458 000000ce BDA9          MOV32     R0H,ACC               ; [CPU_] |72| 
         000000cf 0F12 
     459 000000d0 7700          NOP       ; [CPU_] 
     460 000000d1 7700          NOP       ; [CPU_] 
     461 000000d2 7700          NOP       ; [CPU_] 
     462 000000d3 7700          NOP       ; [CPU_] 
     463 000000d4 E689          I32TOF32  R0H,R0H               ; [CPU_] |72| 
         000000d5 0000 
     464 000000d6 7700          NOP       ; [CPU_] 
     465 000000d7 E203          MOV32     *-SP[2],R0H           ; [CPU_] |72| 
         000000d8 0042 
     466                      .dwpsn  file "../interface/taskCntrl.c",line 73,column 6,is_stmt
     467 000000d9 6F5D          B         $C$L16,UNC            ; [CPU_] |73| 
     468                      ; branch occurs ; [] |73| 
     469 000000da       $C$L10:    
     470                      .dwpsn  file "../interface/taskCntrl.c",line 75,column 6,is_stmt
     471 000000da 9A34          MOVB      AL,#52                ; [CPU_] |75| 
     472              $C$DW$37        .dwtag  DW_TAG_TI_branch
     473                      .dwattr $C$DW$37, DW_AT_low_pc(0x00)
     474                      .dwattr $C$DW$37, DW_AT_name("_getRegister")
     475                      .dwattr $C$DW$37, DW_AT_TI_call
     476 000000db 7640!         LCR       #_getRegister         ; [CPU_] |75| 
         000000dc 0000 
     477                      ; call occurs [#_getRegister] ; [] |75| 
     478 000000dd 3B01          SETC      SXM                   ; [CPU_] 
     479 000000de 85A9          MOV       ACC,AL                ; [CPU_] |75| 
     480 000000df BDA9          MOV32     R0H,ACC               ; [CPU_] |75| 
         000000e0 0F12 
     481 000000e1 7700          NOP       ; [CPU_] 
TMS320C2000 Assembler PC v6.2.7 Thu Jul 02 08:31:02 2015

Tools Copyright (c) 1996-2014 Texas Instruments Incorporated
C:\Users\Tester\AppData\Local\Temp\0338411                           PAGE   11

     482 000000e2 7700          NOP       ; [CPU_] 
     483 000000e3 7700          NOP       ; [CPU_] 
     484 000000e4 7700          NOP       ; [CPU_] 
     485 000000e5 E689          I32TOF32  R0H,R0H               ; [CPU_] |75| 
         000000e6 0000 
     486 000000e7 7700          NOP       ; [CPU_] 
     487 000000e8 E203          MOV32     *-SP[2],R0H           ; [CPU_] |75| 
         000000e9 0042 
     488                      .dwpsn  file "../interface/taskCntrl.c",line 76,column 6,is_stmt
     489 000000ea 6F4C          B         $C$L16,UNC            ; [CPU_] |76| 
     490                      ; branch occurs ; [] |76| 
     491 000000eb       $C$L11:    
     492                      .dwpsn  file "../interface/taskCntrl.c",line 78,column 6,is_stmt
     493 000000eb 9A35          MOVB      AL,#53                ; [CPU_] |78| 
     494              $C$DW$38        .dwtag  DW_TAG_TI_branch
     495                      .dwattr $C$DW$38, DW_AT_low_pc(0x00)
     496                      .dwattr $C$DW$38, DW_AT_name("_getRegister")
     497                      .dwattr $C$DW$38, DW_AT_TI_call
     498 000000ec 7640!         LCR       #_getRegister         ; [CPU_] |78| 
         000000ed 0000 
     499                      ; call occurs [#_getRegister] ; [] |78| 
     500 000000ee 3B01          SETC      SXM                   ; [CPU_] 
     501 000000ef 85A9          MOV       ACC,AL                ; [CPU_] |78| 
     502 000000f0 BDA9          MOV32     R0H,ACC               ; [CPU_] |78| 
         000000f1 0F12 
     503 000000f2 7700          NOP       ; [CPU_] 
     504 000000f3 7700          NOP       ; [CPU_] 
     505 000000f4 7700          NOP       ; [CPU_] 
     506 000000f5 7700          NOP       ; [CPU_] 
     507 000000f6 E689          I32TOF32  R0H,R0H               ; [CPU_] |78| 
         000000f7 0000 
     508 000000f8 7700          NOP       ; [CPU_] 
     509 000000f9 E203          MOV32     *-SP[2],R0H           ; [CPU_] |78| 
         000000fa 0042 
     510                      .dwpsn  file "../interface/taskCntrl.c",line 79,column 6,is_stmt
     511 000000fb 6F3B          B         $C$L16,UNC            ; [CPU_] |79| 
     512                      ; branch occurs ; [] |79| 
     513 000000fc       $C$L12:    
     514                      .dwpsn  file "../interface/taskCntrl.c",line 81,column 6,is_stmt
     515 000000fc 9A36          MOVB      AL,#54                ; [CPU_] |81| 
     516              $C$DW$39        .dwtag  DW_TAG_TI_branch
     517                      .dwattr $C$DW$39, DW_AT_low_pc(0x00)
     518                      .dwattr $C$DW$39, DW_AT_name("_getRegister")
     519                      .dwattr $C$DW$39, DW_AT_TI_call
     520 000000fd 7640!         LCR       #_getRegister         ; [CPU_] |81| 
         000000fe 0000 
     521                      ; call occurs [#_getRegister] ; [] |81| 
     522 000000ff 3B01          SETC      SXM                   ; [CPU_] 
     523 00000100 85A9          MOV       ACC,AL                ; [CPU_] |81| 
     524 00000101 BDA9          MOV32     R0H,ACC               ; [CPU_] |81| 
         00000102 0F12 
     525 00000103 7700          NOP       ; [CPU_] 
     526 00000104 7700          NOP       ; [CPU_] 
     527 00000105 7700          NOP       ; [CPU_] 
     528 00000106 7700          NOP       ; [CPU_] 
TMS320C2000 Assembler PC v6.2.7 Thu Jul 02 08:31:02 2015

Tools Copyright (c) 1996-2014 Texas Instruments Incorporated
C:\Users\Tester\AppData\Local\Temp\0338411                           PAGE   12

     529 00000107 E689          I32TOF32  R0H,R0H               ; [CPU_] |81| 
         00000108 0000 
     530 00000109 7700          NOP       ; [CPU_] 
     531 0000010a E203          MOV32     *-SP[2],R0H           ; [CPU_] |81| 
         0000010b 0042 
     532                      .dwpsn  file "../interface/taskCntrl.c",line 82,column 6,is_stmt
     533 0000010c 6F2A          B         $C$L16,UNC            ; [CPU_] |82| 
     534                      ; branch occurs ; [] |82| 
     535 0000010d       $C$L13:    
     536                      .dwpsn  file "../interface/taskCntrl.c",line 84,column 6,is_stmt
     537 0000010d 9A37          MOVB      AL,#55                ; [CPU_] |84| 
     538              $C$DW$40        .dwtag  DW_TAG_TI_branch
     539                      .dwattr $C$DW$40, DW_AT_low_pc(0x00)
     540                      .dwattr $C$DW$40, DW_AT_name("_getRegister")
     541                      .dwattr $C$DW$40, DW_AT_TI_call
     542 0000010e 7640!         LCR       #_getRegister         ; [CPU_] |84| 
         0000010f 0000 
     543                      ; call occurs [#_getRegister] ; [] |84| 
     544 00000110 3B01          SETC      SXM                   ; [CPU_] 
     545 00000111 85A9          MOV       ACC,AL                ; [CPU_] |84| 
     546 00000112 BDA9          MOV32     R0H,ACC               ; [CPU_] |84| 
         00000113 0F12 
     547 00000114 7700          NOP       ; [CPU_] 
     548 00000115 7700          NOP       ; [CPU_] 
     549 00000116 7700          NOP       ; [CPU_] 
     550 00000117 7700          NOP       ; [CPU_] 
     551 00000118 E689          I32TOF32  R0H,R0H               ; [CPU_] |84| 
         00000119 0000 
     552 0000011a 7700          NOP       ; [CPU_] 
     553 0000011b E203          MOV32     *-SP[2],R0H           ; [CPU_] |84| 
         0000011c 0042 
     554                      .dwpsn  file "../interface/taskCntrl.c",line 85,column 6,is_stmt
     555 0000011d 6F19          B         $C$L16,UNC            ; [CPU_] |85| 
     556                      ; branch occurs ; [] |85| 
     557 0000011e       $C$L14:    
     558                      .dwpsn  file "../interface/taskCntrl.c",line 59,column 4,is_stmt
     559 0000011e 9243          MOV       AL,*-SP[3]            ; [CPU_] |59| 
     560 0000011f 5204          CMPB      AL,#4                 ; [CPU_] |59| 
     561 00000120 620E          B         $C$L15,GT             ; [CPU_] |59| 
     562                      ; branchcc occurs ; [] |59| 
     563 00000121 5204          CMPB      AL,#4                 ; [CPU_] |59| 
     564 00000122 ECB8          BF        $C$L10,EQ             ; [CPU_] |59| 
     565                      ; branchcc occurs ; [] |59| 
     566 00000123 5200          CMPB      AL,#0                 ; [CPU_] |59| 
     567 00000124 56C1          BF        $C$L6,EQ              ; [CPU_] |59| 
         00000125 FF71 
     568                      ; branchcc occurs ; [] |59| 
     569 00000126 5201          CMPB      AL,#1                 ; [CPU_] |59| 
     570 00000127 EC80          BF        $C$L7,EQ              ; [CPU_] |59| 
     571                      ; branchcc occurs ; [] |59| 
     572 00000128 5202          CMPB      AL,#2                 ; [CPU_] |59| 
     573 00000129 EC8F          BF        $C$L8,EQ              ; [CPU_] |59| 
     574                      ; branchcc occurs ; [] |59| 
     575 0000012a 5203          CMPB      AL,#3                 ; [CPU_] |59| 
     576 0000012b EC9E          BF        $C$L9,EQ              ; [CPU_] |59| 
TMS320C2000 Assembler PC v6.2.7 Thu Jul 02 08:31:02 2015

Tools Copyright (c) 1996-2014 Texas Instruments Incorporated
C:\Users\Tester\AppData\Local\Temp\0338411                           PAGE   13

     577                      ; branchcc occurs ; [] |59| 
     578 0000012c FFEF          B         $C$L6,UNC             ; [CPU_] |59| 
         0000012d FF69 
     579                      ; branch occurs ; [] |59| 
     580 0000012e       $C$L15:    
     581 0000012e 5205          CMPB      AL,#5                 ; [CPU_] |59| 
     582 0000012f ECBC          BF        $C$L11,EQ             ; [CPU_] |59| 
     583                      ; branchcc occurs ; [] |59| 
     584 00000130 5206          CMPB      AL,#6                 ; [CPU_] |59| 
     585 00000131 ECCB          BF        $C$L12,EQ             ; [CPU_] |59| 
     586                      ; branchcc occurs ; [] |59| 
     587 00000132 5207          CMPB      AL,#7                 ; [CPU_] |59| 
     588 00000133 ECDA          BF        $C$L13,EQ             ; [CPU_] |59| 
     589                      ; branchcc occurs ; [] |59| 
     590 00000134 FFEF          B         $C$L6,UNC             ; [CPU_] |59| 
         00000135 FF61 
     591                      ; branch occurs ; [] |59| 
     592 00000136       $C$L16:    
     593                      .dwpsn  file "../interface/taskCntrl.c",line 87,column 4,is_stmt
     594 00000136 E802          MOVIZ     R1H,#17096            ; [CPU_] |87| 
         00000137 1641 
     595              $C$DW$41        .dwtag  DW_TAG_TI_branch
     596                      .dwattr $C$DW$41, DW_AT_low_pc(0x00)
     597                      .dwattr $C$DW$41, DW_AT_name("FS$$DIV")
     598                      .dwattr $C$DW$41, DW_AT_TI_call
     599 00000138 7640!         LCR       #FS$$DIV              ; [CPU_] |87| 
         00000139 0000 
     600                      ; call occurs [#FS$$DIV] ; [] |87| 
     601 0000013a E203          MOV32     *-SP[2],R0H           ; [CPU_] |87| 
         0000013b 0042 
     602                      .dwpsn  file "../interface/taskCntrl.c",line 89,column 4,is_stmt
     603 0000013c 6F0C          B         $C$L18,UNC            ; [CPU_] |89| 
     604                      ; branch occurs ; [] |89| 
     605 0000013d       $C$L17:    
     606                      .dwpsn  file "../interface/taskCntrl.c",line 29,column 2,is_stmt
     607 0000013d 9A45          MOVB      AL,#69                ; [CPU_] |29| 
     608              $C$DW$42        .dwtag  DW_TAG_TI_branch
     609                      .dwattr $C$DW$42, DW_AT_low_pc(0x00)
     610                      .dwattr $C$DW$42, DW_AT_name("_getRegister")
     611                      .dwattr $C$DW$42, DW_AT_TI_call
     612 0000013e 7640!         LCR       #_getRegister         ; [CPU_] |29| 
         0000013f 0000 
     613                      ; call occurs [#_getRegister] ; [] |29| 
     614 00000140 5200          CMPB      AL,#0                 ; [CPU_] |29| 
     615 00000141 56C1          BF        $C$L1,EQ              ; [CPU_] |29| 
         00000142 FEC7 
     616                      ; branchcc occurs ; [] |29| 
     617 00000143 5201          CMPB      AL,#1                 ; [CPU_] |29| 
     618 00000144 56C1          BF        $C$L5,EQ              ; [CPU_] |29| 
         00000145 FF38 
     619                      ; branchcc occurs ; [] |29| 
     620 00000146 FFEF          B         $C$L1,UNC             ; [CPU_] |29| 
         00000147 FEC2 
     621                      ; branch occurs ; [] |29| 
     622 00000148       $C$L18:    
TMS320C2000 Assembler PC v6.2.7 Thu Jul 02 08:31:02 2015

Tools Copyright (c) 1996-2014 Texas Instruments Incorporated
C:\Users\Tester\AppData\Local\Temp\0338411                           PAGE   14

     623                      .dwpsn  file "../interface/taskCntrl.c",line 92,column 2,is_stmt
     624 00000148 9A01          MOVB      AL,#1                 ; [CPU_] |92| 
     625              $C$DW$43        .dwtag  DW_TAG_TI_branch
     626                      .dwattr $C$DW$43, DW_AT_low_pc(0x00)
     627                      .dwattr $C$DW$43, DW_AT_name("_testStatusConvertor")
     628                      .dwattr $C$DW$43, DW_AT_TI_call
     629 00000149 7640!         LCR       #_testStatusConvertor ; [CPU_] |92| 
         0000014a 0000 
     630                      ; call occurs [#_testStatusConvertor] ; [] |92| 
     631 0000014b 5200          CMPB      AL,#0                 ; [CPU_] |92| 
     632 0000014c EC07          BF        $C$L19,EQ             ; [CPU_] |92| 
     633                      ; branchcc occurs ; [] |92| 
     634                      .dwpsn  file "../interface/taskCntrl.c",line 93,column 3,is_stmt
     635 0000014d E2AF          MOV32     R0H,*-SP[2]           ; [CPU_] |93| 
         0000014e 0042 
     636 0000014f E6AF          NEGF32    R0H,R0H               ; [CPU_] |93| 
         00000150 0000 
     637 00000151 E203          MOV32     *-SP[2],R0H           ; [CPU_] |93| 
         00000152 0042 
     638 00000153       $C$L19:    
     639                      .dwpsn  file "../interface/taskCntrl.c",line 94,column 2,is_stmt
     640 00000153 E2AF          MOV32     R0H,*-SP[2]           ; [CPU_] |94| 
         00000154 0042 
     641                      .dwpsn  file "../interface/taskCntrl.c",line 95,column 1,is_stmt
     642 00000155 FE84          SUBB      SP,#4                 ; [CPU_U] 
     643                      .dwcfi  cfa_offset, -2
     644              $C$DW$44        .dwtag  DW_TAG_TI_branch
     645                      .dwattr $C$DW$44, DW_AT_low_pc(0x00)
     646                      .dwattr $C$DW$44, DW_AT_TI_return
     647 00000156 0006          LRETR     ; [CPU_] 
     648                      ; return occurs ; [] 
     649                      .dwattr $C$DW$16, DW_AT_TI_end_file("../interface/taskCntrl.c")
     650                      .dwattr $C$DW$16, DW_AT_TI_end_line(0x5f)
     651                      .dwattr $C$DW$16, DW_AT_TI_end_column(0x01)
     652                      .dwendentry
     653                      .dwendtag $C$DW$16
     654              
     655 00000157               .sect   ".text"
     656                      .clink
     657                      .global _getMainTask
     658              
     659              $C$DW$45        .dwtag  DW_TAG_subprogram, DW_AT_name("getMainTask")
     660                      .dwattr $C$DW$45, DW_AT_low_pc(_getMainTask)
     661                      .dwattr $C$DW$45, DW_AT_high_pc(0x00)
     662                      .dwattr $C$DW$45, DW_AT_TI_symbol_name("_getMainTask")
     663                      .dwattr $C$DW$45, DW_AT_external
     664                      .dwattr $C$DW$45, DW_AT_type(*$C$DW$T$16)
     665                      .dwattr $C$DW$45, DW_AT_TI_begin_file("../interface/taskCntrl.c")
     666                      .dwattr $C$DW$45, DW_AT_TI_begin_line(0x61)
     667                      .dwattr $C$DW$45, DW_AT_TI_begin_column(0x07)
     668                      .dwattr $C$DW$45, DW_AT_TI_max_frame_size(-4)
     669                      .dwpsn  file "../interface/taskCntrl.c",line 97,column 29,is_stmt,address _getMainTask
     670              
     671                      .dwfde $C$DW$CIE, _getMainTask
     672              $C$DW$46        .dwtag  DW_TAG_formal_parameter, DW_AT_name("mode")
TMS320C2000 Assembler PC v6.2.7 Thu Jul 02 08:31:02 2015

Tools Copyright (c) 1996-2014 Texas Instruments Incorporated
C:\Users\Tester\AppData\Local\Temp\0338411                           PAGE   15

     673                      .dwattr $C$DW$46, DW_AT_TI_symbol_name("_mode")
     674                      .dwattr $C$DW$46, DW_AT_type(*$C$DW$T$5)
     675                      .dwattr $C$DW$46, DW_AT_location[DW_OP_reg0]
     676              
     677              ;***************************************************************
     678              ;* FNAME: _getMainTask                  FR SIZE:   2           *
     679              ;*                                                             *
     680              ;* FUNCTION ENVIRONMENT                                        *
     681              ;*                                                             *
     682              ;* FUNCTION PROPERTIES                                         *
     683              ;*                            0 Parameter,  1 Auto,  0 SOE     *
     684              ;***************************************************************
     685              
     686 00000157       _getMainTask:
     687                      .dwcfi  cfa_offset, -2
     688                      .dwcfi  save_reg_to_mem, 26, 0
     689                      .dwcfi  save_reg_to_reg, 78, 26
     690 00000157 FE02          ADDB      SP,#2                 ; [CPU_U] 
     691                      .dwcfi  cfa_offset, -4
     692              $C$DW$47        .dwtag  DW_TAG_variable, DW_AT_name("mode")
     693                      .dwattr $C$DW$47, DW_AT_TI_symbol_name("_mode")
     694                      .dwattr $C$DW$47, DW_AT_type(*$C$DW$T$5)
     695                      .dwattr $C$DW$47, DW_AT_location[DW_OP_breg20 -1]
     696 00000158 9641          MOV       *-SP[1],AL            ; [CPU_] |97| 
     697                      .dwpsn  file "../interface/taskCntrl.c",line 98,column 2,is_stmt
     698 00000159 5200          CMPB      AL,#0                 ; [CPU_] |98| 
     699 0000015a EC5B          BF        $C$L26,EQ             ; [CPU_] |98| 
     700                      ; branchcc occurs ; [] |98| 
     701                      .dwpsn  file "../interface/taskCntrl.c",line 99,column 3,is_stmt
     702 0000015b 6F3D          B         $C$L24,UNC            ; [CPU_] |99| 
     703                      ; branch occurs ; [] |99| 
     704 0000015c       $C$L20:    
     705                      .dwpsn  file "../interface/taskCntrl.c",line 102,column 5,is_stmt
     706 0000015c 9A18          MOVB      AL,#24                ; [CPU_] |102| 
     707              $C$DW$48        .dwtag  DW_TAG_TI_branch
     708                      .dwattr $C$DW$48, DW_AT_low_pc(0x00)
     709                      .dwattr $C$DW$48, DW_AT_name("_getRegister")
     710                      .dwattr $C$DW$48, DW_AT_TI_call
     711 0000015d 7640!         LCR       #_getRegister         ; [CPU_] |102| 
         0000015e 0000 
     712                      ; call occurs [#_getRegister] ; [] |102| 
     713 0000015f 3B01          SETC      SXM                   ; [CPU_] 
     714 00000160 85A9          MOV       ACC,AL                ; [CPU_] |102| 
     715 00000161 BDA9          MOV32     R0H,ACC               ; [CPU_] |102| 
         00000162 0F12 
     716 00000163 7700          NOP       ; [CPU_] 
     717 00000164 7700          NOP       ; [CPU_] 
     718 00000165 7700          NOP       ; [CPU_] 
     719 00000166 7700          NOP       ; [CPU_] 
     720 00000167 E689          I32TOF32  R0H,R0H               ; [CPU_] |102| 
         00000168 0000 
     721 00000169 761F-         MOVW      DP,#_TaskAct          ; [CPU_U] 
         0000016a 0000 
     722 0000016b E203-         MOV32     @_TaskAct,R0H         ; [CPU_] |102| 
         0000016c 0002 
TMS320C2000 Assembler PC v6.2.7 Thu Jul 02 08:31:02 2015

Tools Copyright (c) 1996-2014 Texas Instruments Incorporated
C:\Users\Tester\AppData\Local\Temp\0338411                           PAGE   16

     723                      .dwpsn  file "../interface/taskCntrl.c",line 103,column 5,is_stmt
     724 0000016d E802          MOVIZ     R1H,#17096            ; [CPU_] |103| 
         0000016e 1641 
     725              $C$DW$49        .dwtag  DW_TAG_TI_branch
     726                      .dwattr $C$DW$49, DW_AT_low_pc(0x00)
     727                      .dwattr $C$DW$49, DW_AT_name("FS$$DIV")
     728                      .dwattr $C$DW$49, DW_AT_TI_call
     729 0000016f 7640!         LCR       #FS$$DIV              ; [CPU_] |103| 
         00000170 0000 
     730                      ; call occurs [#FS$$DIV] ; [] |103| 
     731 00000171 761F-         MOVW      DP,#_TaskAct          ; [CPU_U] 
         00000172 0000 
     732 00000173 E203-         MOV32     @_TaskAct,R0H         ; [CPU_] |103| 
         00000174 0002 
     733                      .dwpsn  file "../interface/taskCntrl.c",line 104,column 5,is_stmt
     734 00000175 9A01          MOVB      AL,#1                 ; [CPU_] |104| 
     735              $C$DW$50        .dwtag  DW_TAG_TI_branch
     736                      .dwattr $C$DW$50, DW_AT_low_pc(0x00)
     737                      .dwattr $C$DW$50, DW_AT_name("_testStatusConvertor")
     738                      .dwattr $C$DW$50, DW_AT_TI_call
     739 00000176 7640!         LCR       #_testStatusConvertor ; [CPU_] |104| 
         00000177 0000 
     740                      ; call occurs [#_testStatusConvertor] ; [] |104| 
     741 00000178 5200          CMPB      AL,#0                 ; [CPU_] |104| 
     742 00000179 EC2A          BF        $C$L25,EQ             ; [CPU_] |104| 
     743                      ; branchcc occurs ; [] |104| 
     744                      .dwpsn  file "../interface/taskCntrl.c",line 105,column 6,is_stmt
     745 0000017a 761F-         MOVW      DP,#_TaskAct          ; [CPU_U] 
         0000017b 0000 
     746 0000017c E2AF-         MOV32     R0H,@_TaskAct         ; [CPU_] |105| 
         0000017d 0002 
     747 0000017e E6AF          NEGF32    R0H,R0H               ; [CPU_] |105| 
         0000017f 0000 
     748 00000180 E203-         MOV32     @_TaskAct,R0H         ; [CPU_] |105| 
         00000181 0002 
     749                      .dwpsn  file "../interface/taskCntrl.c",line 106,column 5,is_stmt
     750 00000182 6F21          B         $C$L25,UNC            ; [CPU_] |106| 
     751                      ; branch occurs ; [] |106| 
     752 00000183       $C$L21:    
     753                      .dwpsn  file "../interface/taskCntrl.c",line 109,column 5,is_stmt
     754              $C$DW$51        .dwtag  DW_TAG_TI_branch
     755                      .dwattr $C$DW$51, DW_AT_low_pc(0x00)
     756                      .dwattr $C$DW$51, DW_AT_name("_getAnalogTask")
     757                      .dwattr $C$DW$51, DW_AT_TI_call
     758 00000183 7640!         LCR       #_getAnalogTask       ; [CPU_] |109| 
         00000184 0000 
     759                      ; call occurs [#_getAnalogTask] ; [] |109| 
     760 00000185 761F-         MOVW      DP,#_TaskAct          ; [CPU_U] 
         00000186 0000 
     761 00000187 E203-         MOV32     @_TaskAct,R0H         ; [CPU_] |109| 
         00000188 0002 
     762                      .dwpsn  file "../interface/taskCntrl.c",line 110,column 5,is_stmt
     763 00000189 6F1A          B         $C$L25,UNC            ; [CPU_] |110| 
     764                      ; branch occurs ; [] |110| 
     765 0000018a       $C$L22:    
TMS320C2000 Assembler PC v6.2.7 Thu Jul 02 08:31:02 2015

Tools Copyright (c) 1996-2014 Texas Instruments Incorporated
C:\Users\Tester\AppData\Local\Temp\0338411                           PAGE   17

     766                      .dwpsn  file "../interface/taskCntrl.c",line 113,column 5,is_stmt
     767              $C$DW$52        .dwtag  DW_TAG_TI_branch
     768                      .dwattr $C$DW$52, DW_AT_low_pc(0x00)
     769                      .dwattr $C$DW$52, DW_AT_name("_getDiscrTask")
     770                      .dwattr $C$DW$52, DW_AT_TI_call
     771 0000018a 7640'         LCR       #_getDiscrTask        ; [CPU_] |113| 
         0000018b 0005 
     772                      ; call occurs [#_getDiscrTask] ; [] |113| 
     773 0000018c 761F-         MOVW      DP,#_TaskAct          ; [CPU_U] 
         0000018d 0000 
     774 0000018e E203-         MOV32     @_TaskAct,R0H         ; [CPU_] |113| 
         0000018f 0002 
     775                      .dwpsn  file "../interface/taskCntrl.c",line 114,column 5,is_stmt
     776 00000190 6F13          B         $C$L25,UNC            ; [CPU_] |114| 
     777                      ; branch occurs ; [] |114| 
     778 00000191       $C$L23:    
     779                      .dwpsn  file "../interface/taskCntrl.c",line 117,column 5,is_stmt
     780              $C$DW$53        .dwtag  DW_TAG_TI_branch
     781                      .dwattr $C$DW$53, DW_AT_low_pc(0x00)
     782                      .dwattr $C$DW$53, DW_AT_name("_getFtaskOs")
     783                      .dwattr $C$DW$53, DW_AT_TI_call
     784 00000191 7640!         LCR       #_getFtaskOs          ; [CPU_] |117| 
         00000192 0000 
     785                      ; call occurs [#_getFtaskOs] ; [] |117| 
     786 00000193 761F-         MOVW      DP,#_TaskAct          ; [CPU_U] 
         00000194 0000 
     787 00000195 E203-         MOV32     @_TaskAct,R0H         ; [CPU_] |117| 
         00000196 0002 
     788                      .dwpsn  file "../interface/taskCntrl.c",line 118,column 5,is_stmt
     789 00000197 6F0C          B         $C$L25,UNC            ; [CPU_] |118| 
     790                      ; branch occurs ; [] |118| 
     791 00000198       $C$L24:    
     792                      .dwpsn  file "../interface/taskCntrl.c",line 99,column 3,is_stmt
     793 00000198 761F-         MOVW      DP,#_ModeTaskMain     ; [CPU_U] 
         00000199 0000 
     794 0000019a 9200-         MOV       AL,@_ModeTaskMain     ; [CPU_] |99| 
     795 0000019b ECC1          BF        $C$L20,EQ             ; [CPU_] |99| 
     796                      ; branchcc occurs ; [] |99| 
     797 0000019c 5201          CMPB      AL,#1                 ; [CPU_] |99| 
     798 0000019d ECE6          BF        $C$L21,EQ             ; [CPU_] |99| 
     799                      ; branchcc occurs ; [] |99| 
     800 0000019e 5202          CMPB      AL,#2                 ; [CPU_] |99| 
     801 0000019f ECEB          BF        $C$L22,EQ             ; [CPU_] |99| 
     802                      ; branchcc occurs ; [] |99| 
     803 000001a0 5203          CMPB      AL,#3                 ; [CPU_] |99| 
     804 000001a1 ECF0          BF        $C$L23,EQ             ; [CPU_] |99| 
     805                      ; branchcc occurs ; [] |99| 
     806 000001a2 6FBA          B         $C$L20,UNC            ; [CPU_] |99| 
     807                      ; branch occurs ; [] |99| 
     808 000001a3       $C$L25:    
     809                      .dwpsn  file "../interface/taskCntrl.c",line 121,column 3,is_stmt
     810 000001a3 761F-         MOVW      DP,#_TaskAct          ; [CPU_U] 
         000001a4 0000 
     811 000001a5 E2AF-         MOV32     R0H,@_TaskAct         ; [CPU_] |121| 
         000001a6 0002 
TMS320C2000 Assembler PC v6.2.7 Thu Jul 02 08:31:02 2015

Tools Copyright (c) 1996-2014 Texas Instruments Incorporated
C:\Users\Tester\AppData\Local\Temp\0338411                           PAGE   18

     812 000001a7 E850          MPYF32    R0H,R0H,#17096        ; [CPU_] |121| 
         000001a8 B200 
     813 000001a9 7700          NOP       ; [CPU_] 
     814 000001aa E68C          F32TOI16  R0H,R0H               ; [CPU_] |121| 
         000001ab 0000 
     815 000001ac 7700          NOP       ; [CPU_] 
     816 000001ad 7700          NOP       ; [CPU_] 
     817 000001ae BFA9          MOV32     ACC,R0H               ; [CPU_] |121| 
         000001af 0F12 
     818 000001b0 93A9          MOV       AH,AL                 ; [CPU_] |121| 
     819 000001b1 9A09          MOVB      AL,#9                 ; [CPU_] |121| 
     820              $C$DW$54        .dwtag  DW_TAG_TI_branch
     821                      .dwattr $C$DW$54, DW_AT_low_pc(0x00)
     822                      .dwattr $C$DW$54, DW_AT_name("_SetInpReg")
     823                      .dwattr $C$DW$54, DW_AT_TI_call
     824 000001b2 7640!         LCR       #_SetInpReg           ; [CPU_] |121| 
         000001b3 0000 
     825                      ; call occurs [#_SetInpReg] ; [] |121| 
     826                      .dwpsn  file "../interface/taskCntrl.c",line 122,column 2,is_stmt
     827 000001b4 6F10          B         $C$L28,UNC            ; [CPU_] |122| 
     828                      ; branch occurs ; [] |122| 
     829 000001b5       $C$L26:    
     830                      .dwpsn  file "../interface/taskCntrl.c",line 123,column 3,is_stmt
     831 000001b5 761F-         MOVW      DP,#_ModeTaskMain     ; [CPU_U] 
         000001b6 0000 
     832 000001b7 9200-         MOV       AL,@_ModeTaskMain     ; [CPU_] |123| 
     833 000001b8 5203          CMPB      AL,#3                 ; [CPU_] |123| 
     834 000001b9 ED08          BF        $C$L27,NEQ            ; [CPU_] |123| 
     835                      ; branchcc occurs ; [] |123| 
     836                      .dwpsn  file "../interface/taskCntrl.c",line 124,column 4,is_stmt
     837              $C$DW$55        .dwtag  DW_TAG_TI_branch
     838                      .dwattr $C$DW$55, DW_AT_low_pc(0x00)
     839                      .dwattr $C$DW$55, DW_AT_name("_getFtaskOs")
     840                      .dwattr $C$DW$55, DW_AT_TI_call
     841 000001ba 7640!         LCR       #_getFtaskOs          ; [CPU_] |124| 
         000001bb 0000 
     842                      ; call occurs [#_getFtaskOs] ; [] |124| 
     843 000001bc 761F-         MOVW      DP,#_TaskAct          ; [CPU_U] 
         000001bd 0000 
     844 000001be E203-         MOV32     @_TaskAct,R0H         ; [CPU_] |124| 
         000001bf 0002 
     845 000001c0 6F04          B         $C$L28,UNC            ; [CPU_] |124| 
     846                      ; branch occurs ; [] |124| 
     847 000001c1       $C$L27:    
     848                      .dwpsn  file "../interface/taskCntrl.c",line 126,column 4,is_stmt
     849 000001c1 E590          ZERO      R0H                   ; [CPU_] |126| 
     850 000001c2 E203-         MOV32     @_TaskAct,R0H         ; [CPU_] |126| 
         000001c3 0002 
     851 000001c4       $C$L28:    
     852                      .dwpsn  file "../interface/taskCntrl.c",line 129,column 2,is_stmt
     853 000001c4 761F-         MOVW      DP,#_TaskAct          ; [CPU_U] 
         000001c5 0000 
     854 000001c6 E2AF-         MOV32     R0H,@_TaskAct         ; [CPU_] |129| 
         000001c7 0002 
     855                      .dwpsn  file "../interface/taskCntrl.c",line 130,column 1,is_stmt
TMS320C2000 Assembler PC v6.2.7 Thu Jul 02 08:31:02 2015

Tools Copyright (c) 1996-2014 Texas Instruments Incorporated
C:\Users\Tester\AppData\Local\Temp\0338411                           PAGE   19

     856 000001c8 FE82          SUBB      SP,#2                 ; [CPU_U] 
     857                      .dwcfi  cfa_offset, -2
     858              $C$DW$56        .dwtag  DW_TAG_TI_branch
     859                      .dwattr $C$DW$56, DW_AT_low_pc(0x00)
     860                      .dwattr $C$DW$56, DW_AT_TI_return
     861 000001c9 0006          LRETR     ; [CPU_] 
     862                      ; return occurs ; [] 
     863                      .dwattr $C$DW$45, DW_AT_TI_end_file("../interface/taskCntrl.c")
     864                      .dwattr $C$DW$45, DW_AT_TI_end_line(0x82)
     865                      .dwattr $C$DW$45, DW_AT_TI_end_column(0x01)
     866                      .dwendentry
     867                      .dwendtag $C$DW$45
     868              
     869 000001ca               .sect   ".text"
     870                      .clink
     871                      .global _initTaskMain
     872              
     873              $C$DW$57        .dwtag  DW_TAG_subprogram, DW_AT_name("initTaskMain")
     874                      .dwattr $C$DW$57, DW_AT_low_pc(_initTaskMain)
     875                      .dwattr $C$DW$57, DW_AT_high_pc(0x00)
     876                      .dwattr $C$DW$57, DW_AT_TI_symbol_name("_initTaskMain")
     877                      .dwattr $C$DW$57, DW_AT_external
     878                      .dwattr $C$DW$57, DW_AT_TI_begin_file("../interface/taskCntrl.c")
     879                      .dwattr $C$DW$57, DW_AT_TI_begin_line(0x84)
     880                      .dwattr $C$DW$57, DW_AT_TI_begin_column(0x06)
     881                      .dwattr $C$DW$57, DW_AT_TI_max_frame_size(-2)
     882                      .dwpsn  file "../interface/taskCntrl.c",line 132,column 24,is_stmt,address _initTaskMain
     883              
     884                      .dwfde $C$DW$CIE, _initTaskMain
     885              
     886              ;***************************************************************
     887              ;* FNAME: _initTaskMain                 FR SIZE:   0           *
     888              ;*                                                             *
     889              ;* FUNCTION ENVIRONMENT                                        *
     890              ;*                                                             *
     891              ;* FUNCTION PROPERTIES                                         *
     892              ;*                            0 Parameter,  0 Auto,  0 SOE     *
     893              ;***************************************************************
     894              
     895 000001ca       _initTaskMain:
     896                      .dwcfi  cfa_offset, -2
     897                      .dwcfi  save_reg_to_mem, 26, 0
     898                      .dwcfi  save_reg_to_reg, 78, 26
     899                      .dwpsn  file "../interface/taskCntrl.c",line 133,column 2,is_stmt
     900 000001ca 9A19          MOVB      AL,#25                ; [CPU_] |133| 
     901              $C$DW$58        .dwtag  DW_TAG_TI_branch
     902                      .dwattr $C$DW$58, DW_AT_low_pc(0x00)
     903                      .dwattr $C$DW$58, DW_AT_name("_getRegister")
     904                      .dwattr $C$DW$58, DW_AT_TI_call
     905 000001cb 7640!         LCR       #_getRegister         ; [CPU_] |133| 
         000001cc 0000 
     906                      ; call occurs [#_getRegister] ; [] |133| 
     907 000001cd 761F-         MOVW      DP,#_ModeTaskMain     ; [CPU_U] 
         000001ce 0000 
     908 000001cf 9600-         MOV       @_ModeTaskMain,AL     ; [CPU_] |133| 
TMS320C2000 Assembler PC v6.2.7 Thu Jul 02 08:31:02 2015

Tools Copyright (c) 1996-2014 Texas Instruments Incorporated
C:\Users\Tester\AppData\Local\Temp\0338411                           PAGE   20

     909                      .dwpsn  file "../interface/taskCntrl.c",line 134,column 2,is_stmt
     910 000001d0 9A3F          MOVB      AL,#63                ; [CPU_] |134| 
     911              $C$DW$59        .dwtag  DW_TAG_TI_branch
     912                      .dwattr $C$DW$59, DW_AT_low_pc(0x00)
     913                      .dwattr $C$DW$59, DW_AT_name("_getRegister")
     914                      .dwattr $C$DW$59, DW_AT_TI_call
     915 000001d1 7640!         LCR       #_getRegister         ; [CPU_] |134| 
         000001d2 0000 
     916                      ; call occurs [#_getRegister] ; [] |134| 
     917 000001d3 5200          CMPB      AL,#0                 ; [CPU_] |134| 
     918 000001d4 EC05          BF        $C$L29,EQ             ; [CPU_] |134| 
     919                      ; branchcc occurs ; [] |134| 
     920                      .dwpsn  file "../interface/taskCntrl.c",line 135,column 3,is_stmt
     921 000001d5 761F-         MOVW      DP,#_ModeTaskMain     ; [CPU_U] 
         000001d6 0000 
     922 000001d7 56BF-         MOVB      @_ModeTaskMain,#3,UNC ; [CPU_] |135| 
         000001d8 0300 
     923                      .dwpsn  file "../interface/taskCntrl.c",line 137,column 1,is_stmt
     924              $C$L29:    
     925              $C$DW$60        .dwtag  DW_TAG_TI_branch
     926                      .dwattr $C$DW$60, DW_AT_low_pc(0x00)
     927                      .dwattr $C$DW$60, DW_AT_TI_return
     928 000001d9 0006          LRETR     ; [CPU_] 
     929                      ; return occurs ; [] 
     930                      .dwattr $C$DW$57, DW_AT_TI_end_file("../interface/taskCntrl.c")
     931                      .dwattr $C$DW$57, DW_AT_TI_end_line(0x89)
     932                      .dwattr $C$DW$57, DW_AT_TI_end_column(0x01)
     933                      .dwendentry
     934                      .dwendtag $C$DW$57
     935              
     936              ;**************************************************************
     937              ;* UNDEFINED EXTERNAL REFERENCES                              *
     938              ;**************************************************************
     939                      .global _testStatusConvertor
     940                      .global _SetInpReg
     941                      .global _testDiscretInp
     942                      .global _getRegister
     943                      .global _getFtaskOs
     944                      .global _getAnalogTask
     945                      .global FS$$DIV
     946              
     947              ;***************************************************************
     948              ;* TYPE INFORMATION                                            *
     949              ;***************************************************************
     950              $C$DW$T$4       .dwtag  DW_TAG_base_type
     951                      .dwattr $C$DW$T$4, DW_AT_encoding(DW_ATE_boolean)
     952                      .dwattr $C$DW$T$4, DW_AT_name("bool")
     953                      .dwattr $C$DW$T$4, DW_AT_byte_size(0x01)
     954              $C$DW$T$5       .dwtag  DW_TAG_base_type
     955                      .dwattr $C$DW$T$5, DW_AT_encoding(DW_ATE_signed_char)
     956                      .dwattr $C$DW$T$5, DW_AT_name("signed char")
     957                      .dwattr $C$DW$T$5, DW_AT_byte_size(0x01)
     958              $C$DW$T$6       .dwtag  DW_TAG_base_type
     959                      .dwattr $C$DW$T$6, DW_AT_encoding(DW_ATE_unsigned_char)
     960                      .dwattr $C$DW$T$6, DW_AT_name("unsigned char")
TMS320C2000 Assembler PC v6.2.7 Thu Jul 02 08:31:02 2015

Tools Copyright (c) 1996-2014 Texas Instruments Incorporated
C:\Users\Tester\AppData\Local\Temp\0338411                           PAGE   21

     961                      .dwattr $C$DW$T$6, DW_AT_byte_size(0x01)
     962              $C$DW$T$20      .dwtag  DW_TAG_typedef, DW_AT_name("ACK")
     963                      .dwattr $C$DW$T$20, DW_AT_type(*$C$DW$T$6)
     964                      .dwattr $C$DW$T$20, DW_AT_language(DW_LANG_C)
     965              $C$DW$T$7       .dwtag  DW_TAG_base_type
     966                      .dwattr $C$DW$T$7, DW_AT_encoding(DW_ATE_signed_char)
     967                      .dwattr $C$DW$T$7, DW_AT_name("wchar_t")
     968                      .dwattr $C$DW$T$7, DW_AT_byte_size(0x01)
     969              $C$DW$T$8       .dwtag  DW_TAG_base_type
     970                      .dwattr $C$DW$T$8, DW_AT_encoding(DW_ATE_signed)
     971                      .dwattr $C$DW$T$8, DW_AT_name("short")
     972                      .dwattr $C$DW$T$8, DW_AT_byte_size(0x01)
     973              $C$DW$T$9       .dwtag  DW_TAG_base_type
     974                      .dwattr $C$DW$T$9, DW_AT_encoding(DW_ATE_unsigned)
     975                      .dwattr $C$DW$T$9, DW_AT_name("unsigned short")
     976                      .dwattr $C$DW$T$9, DW_AT_byte_size(0x01)
     977              $C$DW$T$10      .dwtag  DW_TAG_base_type
     978                      .dwattr $C$DW$T$10, DW_AT_encoding(DW_ATE_signed)
     979                      .dwattr $C$DW$T$10, DW_AT_name("int")
     980                      .dwattr $C$DW$T$10, DW_AT_byte_size(0x01)
     981              $C$DW$T$24      .dwtag  DW_TAG_typedef, DW_AT_name("INT16")
     982                      .dwattr $C$DW$T$24, DW_AT_type(*$C$DW$T$10)
     983                      .dwattr $C$DW$T$24, DW_AT_language(DW_LANG_C)
     984              $C$DW$T$11      .dwtag  DW_TAG_base_type
     985                      .dwattr $C$DW$T$11, DW_AT_encoding(DW_ATE_unsigned)
     986                      .dwattr $C$DW$T$11, DW_AT_name("unsigned int")
     987                      .dwattr $C$DW$T$11, DW_AT_byte_size(0x01)
     988              $C$DW$T$27      .dwtag  DW_TAG_typedef, DW_AT_name("UINT16")
     989                      .dwattr $C$DW$T$27, DW_AT_type(*$C$DW$T$11)
     990                      .dwattr $C$DW$T$27, DW_AT_language(DW_LANG_C)
     991              $C$DW$T$28      .dwtag  DW_TAG_typedef, DW_AT_name("UINT8")
     992                      .dwattr $C$DW$T$28, DW_AT_type(*$C$DW$T$11)
     993                      .dwattr $C$DW$T$28, DW_AT_language(DW_LANG_C)
     994              $C$DW$T$12      .dwtag  DW_TAG_base_type
     995                      .dwattr $C$DW$T$12, DW_AT_encoding(DW_ATE_signed)
     996                      .dwattr $C$DW$T$12, DW_AT_name("long")
     997                      .dwattr $C$DW$T$12, DW_AT_byte_size(0x02)
     998              $C$DW$T$13      .dwtag  DW_TAG_base_type
     999                      .dwattr $C$DW$T$13, DW_AT_encoding(DW_ATE_unsigned)
    1000                      .dwattr $C$DW$T$13, DW_AT_name("unsigned long")
    1001                      .dwattr $C$DW$T$13, DW_AT_byte_size(0x02)
    1002              $C$DW$T$31      .dwtag  DW_TAG_typedef, DW_AT_name("UINT32")
    1003                      .dwattr $C$DW$T$31, DW_AT_type(*$C$DW$T$13)
    1004                      .dwattr $C$DW$T$31, DW_AT_language(DW_LANG_C)
    1005              $C$DW$T$14      .dwtag  DW_TAG_base_type
    1006                      .dwattr $C$DW$T$14, DW_AT_encoding(DW_ATE_signed)
    1007                      .dwattr $C$DW$T$14, DW_AT_name("long long")
    1008                      .dwattr $C$DW$T$14, DW_AT_byte_size(0x04)
    1009              $C$DW$T$15      .dwtag  DW_TAG_base_type
    1010                      .dwattr $C$DW$T$15, DW_AT_encoding(DW_ATE_unsigned)
    1011                      .dwattr $C$DW$T$15, DW_AT_name("unsigned long long")
    1012                      .dwattr $C$DW$T$15, DW_AT_byte_size(0x04)
    1013              $C$DW$T$16      .dwtag  DW_TAG_base_type
    1014                      .dwattr $C$DW$T$16, DW_AT_encoding(DW_ATE_float)
    1015                      .dwattr $C$DW$T$16, DW_AT_name("float")
TMS320C2000 Assembler PC v6.2.7 Thu Jul 02 08:31:02 2015

Tools Copyright (c) 1996-2014 Texas Instruments Incorporated
C:\Users\Tester\AppData\Local\Temp\0338411                           PAGE   22

    1016                      .dwattr $C$DW$T$16, DW_AT_byte_size(0x02)
    1017              $C$DW$T$17      .dwtag  DW_TAG_base_type
    1018                      .dwattr $C$DW$T$17, DW_AT_encoding(DW_ATE_float)
    1019                      .dwattr $C$DW$T$17, DW_AT_name("double")
    1020                      .dwattr $C$DW$T$17, DW_AT_byte_size(0x02)
    1021              $C$DW$T$18      .dwtag  DW_TAG_base_type
    1022                      .dwattr $C$DW$T$18, DW_AT_encoding(DW_ATE_float)
    1023                      .dwattr $C$DW$T$18, DW_AT_name("long double")
    1024                      .dwattr $C$DW$T$18, DW_AT_byte_size(0x04)
    1025                      .dwattr $C$DW$CU, DW_AT_language(DW_LANG_C)
    1026              
    1027              ;***************************************************************
    1028              ;* DWARF CIE ENTRIES                                           *
    1029              ;***************************************************************
    1030              
    1031              $C$DW$CIE       .dwcie 78
    1032                      .dwcfi  cfa_register, 20
    1033                      .dwcfi  cfa_offset, 0
    1034                      .dwcfi  undefined, 0
    1035                      .dwcfi  undefined, 1
    1036                      .dwcfi  undefined, 2
    1037                      .dwcfi  undefined, 3
    1038                      .dwcfi  undefined, 20
    1039                      .dwcfi  undefined, 21
    1040                      .dwcfi  undefined, 22
    1041                      .dwcfi  undefined, 23
    1042                      .dwcfi  undefined, 24
    1043                      .dwcfi  undefined, 25
    1044                      .dwcfi  undefined, 26
    1045                      .dwcfi  same_value, 28
    1046                      .dwcfi  undefined, 29
    1047                      .dwcfi  undefined, 30
    1048                      .dwcfi  undefined, 31
    1049                      .dwcfi  undefined, 32
    1050                      .dwcfi  undefined, 33
    1051                      .dwcfi  undefined, 34
    1052                      .dwcfi  undefined, 35
    1053                      .dwcfi  undefined, 36
    1054                      .dwcfi  undefined, 37
    1055                      .dwcfi  undefined, 38
    1056                      .dwcfi  undefined, 75
    1057                      .dwcfi  undefined, 76
    1058                      .dwcfi  undefined, 77
    1059                      .dwcfi  undefined, 4
    1060                      .dwcfi  same_value, 6
    1061                      .dwcfi  same_value, 8
    1062                      .dwcfi  same_value, 10
    1063                      .dwcfi  undefined, 12
    1064                      .dwcfi  undefined, 14
    1065                      .dwcfi  undefined, 16
    1066                      .dwcfi  undefined, 17
    1067                      .dwcfi  undefined, 18
    1068                      .dwcfi  undefined, 19
    1069                      .dwcfi  undefined, 5
    1070                      .dwcfi  same_value, 7
TMS320C2000 Assembler PC v6.2.7 Thu Jul 02 08:31:02 2015

Tools Copyright (c) 1996-2014 Texas Instruments Incorporated
C:\Users\Tester\AppData\Local\Temp\0338411                           PAGE   23

    1071                      .dwcfi  same_value, 9
    1072                      .dwcfi  same_value, 11
    1073                      .dwcfi  undefined, 13
    1074                      .dwcfi  undefined, 15
    1075                      .dwcfi  undefined, 43
    1076                      .dwcfi  undefined, 44
    1077                      .dwcfi  undefined, 47
    1078                      .dwcfi  undefined, 48
    1079                      .dwcfi  undefined, 51
    1080                      .dwcfi  undefined, 52
    1081                      .dwcfi  undefined, 55
    1082                      .dwcfi  undefined, 56
    1083                      .dwcfi  same_value, 59
    1084                      .dwcfi  same_value, 60
    1085                      .dwcfi  same_value, 63
    1086                      .dwcfi  same_value, 64
    1087                      .dwcfi  same_value, 67
    1088                      .dwcfi  same_value, 68
    1089                      .dwcfi  same_value, 71
    1090                      .dwcfi  same_value, 72
    1091                      .dwcfi  undefined, 73
    1092                      .dwcfi  undefined, 74
    1093                      .dwcfi  undefined, 39
    1094                      .dwcfi  undefined, 40
    1095                      .dwcfi  undefined, 27
    1096                      .dwcfi  undefined, 78
    1097                      .dwendentry
    1098              
    1099              ;***************************************************************
    1100              ;* DWARF REGISTER MAP                                          *
    1101              ;***************************************************************
    1102              
    1103              $C$DW$61        .dwtag  DW_TAG_TI_assign_register, DW_AT_name("AL")
    1104                      .dwattr $C$DW$61, DW_AT_location[DW_OP_reg0]
    1105              $C$DW$62        .dwtag  DW_TAG_TI_assign_register, DW_AT_name("AH")
    1106                      .dwattr $C$DW$62, DW_AT_location[DW_OP_reg1]
    1107              $C$DW$63        .dwtag  DW_TAG_TI_assign_register, DW_AT_name("PL")
    1108                      .dwattr $C$DW$63, DW_AT_location[DW_OP_reg2]
    1109              $C$DW$64        .dwtag  DW_TAG_TI_assign_register, DW_AT_name("PH")
    1110                      .dwattr $C$DW$64, DW_AT_location[DW_OP_reg3]
    1111              $C$DW$65        .dwtag  DW_TAG_TI_assign_register, DW_AT_name("SP")
    1112                      .dwattr $C$DW$65, DW_AT_location[DW_OP_reg20]
    1113              $C$DW$66        .dwtag  DW_TAG_TI_assign_register, DW_AT_name("XT")
    1114                      .dwattr $C$DW$66, DW_AT_location[DW_OP_reg21]
    1115              $C$DW$67        .dwtag  DW_TAG_TI_assign_register, DW_AT_name("T")
    1116                      .dwattr $C$DW$67, DW_AT_location[DW_OP_reg22]
    1117              $C$DW$68        .dwtag  DW_TAG_TI_assign_register, DW_AT_name("ST0")
    1118                      .dwattr $C$DW$68, DW_AT_location[DW_OP_reg23]
    1119              $C$DW$69        .dwtag  DW_TAG_TI_assign_register, DW_AT_name("ST1")
    1120                      .dwattr $C$DW$69, DW_AT_location[DW_OP_reg24]
    1121              $C$DW$70        .dwtag  DW_TAG_TI_assign_register, DW_AT_name("PC")
    1122                      .dwattr $C$DW$70, DW_AT_location[DW_OP_reg25]
    1123              $C$DW$71        .dwtag  DW_TAG_TI_assign_register, DW_AT_name("RPC")
    1124                      .dwattr $C$DW$71, DW_AT_location[DW_OP_reg26]
    1125              $C$DW$72        .dwtag  DW_TAG_TI_assign_register, DW_AT_name("FP")
TMS320C2000 Assembler PC v6.2.7 Thu Jul 02 08:31:02 2015

Tools Copyright (c) 1996-2014 Texas Instruments Incorporated
C:\Users\Tester\AppData\Local\Temp\0338411                           PAGE   24

    1126                      .dwattr $C$DW$72, DW_AT_location[DW_OP_reg28]
    1127              $C$DW$73        .dwtag  DW_TAG_TI_assign_register, DW_AT_name("DP")
    1128                      .dwattr $C$DW$73, DW_AT_location[DW_OP_reg29]
    1129              $C$DW$74        .dwtag  DW_TAG_TI_assign_register, DW_AT_name("SXM")
    1130                      .dwattr $C$DW$74, DW_AT_location[DW_OP_reg30]
    1131              $C$DW$75        .dwtag  DW_TAG_TI_assign_register, DW_AT_name("PM")
    1132                      .dwattr $C$DW$75, DW_AT_location[DW_OP_reg31]
    1133              $C$DW$76        .dwtag  DW_TAG_TI_assign_register, DW_AT_name("OVM")
    1134                      .dwattr $C$DW$76, DW_AT_location[DW_OP_regx 0x20]
    1135              $C$DW$77        .dwtag  DW_TAG_TI_assign_register, DW_AT_name("PAGE0")
    1136                      .dwattr $C$DW$77, DW_AT_location[DW_OP_regx 0x21]
    1137              $C$DW$78        .dwtag  DW_TAG_TI_assign_register, DW_AT_name("AMODE")
    1138                      .dwattr $C$DW$78, DW_AT_location[DW_OP_regx 0x22]
    1139              $C$DW$79        .dwtag  DW_TAG_TI_assign_register, DW_AT_name("INTM")
    1140                      .dwattr $C$DW$79, DW_AT_location[DW_OP_regx 0x23]
    1141              $C$DW$80        .dwtag  DW_TAG_TI_assign_register, DW_AT_name("IFR")
    1142                      .dwattr $C$DW$80, DW_AT_location[DW_OP_regx 0x24]
    1143              $C$DW$81        .dwtag  DW_TAG_TI_assign_register, DW_AT_name("IER")
    1144                      .dwattr $C$DW$81, DW_AT_location[DW_OP_regx 0x25]
    1145              $C$DW$82        .dwtag  DW_TAG_TI_assign_register, DW_AT_name("V")
    1146                      .dwattr $C$DW$82, DW_AT_location[DW_OP_regx 0x26]
    1147              $C$DW$83        .dwtag  DW_TAG_TI_assign_register, DW_AT_name("PSEUDOH")
    1148                      .dwattr $C$DW$83, DW_AT_location[DW_OP_regx 0x4c]
    1149              $C$DW$84        .dwtag  DW_TAG_TI_assign_register, DW_AT_name("VOL")
    1150                      .dwattr $C$DW$84, DW_AT_location[DW_OP_regx 0x4d]
    1151              $C$DW$85        .dwtag  DW_TAG_TI_assign_register, DW_AT_name("AR0")
    1152                      .dwattr $C$DW$85, DW_AT_location[DW_OP_reg4]
    1153              $C$DW$86        .dwtag  DW_TAG_TI_assign_register, DW_AT_name("AR1")
    1154                      .dwattr $C$DW$86, DW_AT_location[DW_OP_reg6]
    1155              $C$DW$87        .dwtag  DW_TAG_TI_assign_register, DW_AT_name("AR2")
    1156                      .dwattr $C$DW$87, DW_AT_location[DW_OP_reg8]
    1157              $C$DW$88        .dwtag  DW_TAG_TI_assign_register, DW_AT_name("AR3")
    1158                      .dwattr $C$DW$88, DW_AT_location[DW_OP_reg10]
    1159              $C$DW$89        .dwtag  DW_TAG_TI_assign_register, DW_AT_name("AR4")
    1160                      .dwattr $C$DW$89, DW_AT_location[DW_OP_reg12]
    1161              $C$DW$90        .dwtag  DW_TAG_TI_assign_register, DW_AT_name("AR5")
    1162                      .dwattr $C$DW$90, DW_AT_location[DW_OP_reg14]
    1163              $C$DW$91        .dwtag  DW_TAG_TI_assign_register, DW_AT_name("AR6")
    1164                      .dwattr $C$DW$91, DW_AT_location[DW_OP_reg16]
    1165              $C$DW$92        .dwtag  DW_TAG_TI_assign_register, DW_AT_name("XAR6")
    1166                      .dwattr $C$DW$92, DW_AT_location[DW_OP_reg17]
    1167              $C$DW$93        .dwtag  DW_TAG_TI_assign_register, DW_AT_name("AR7")
    1168                      .dwattr $C$DW$93, DW_AT_location[DW_OP_reg18]
    1169              $C$DW$94        .dwtag  DW_TAG_TI_assign_register, DW_AT_name("XAR7")
    1170                      .dwattr $C$DW$94, DW_AT_location[DW_OP_reg19]
    1171              $C$DW$95        .dwtag  DW_TAG_TI_assign_register, DW_AT_name("XAR0")
    1172                      .dwattr $C$DW$95, DW_AT_location[DW_OP_reg5]
    1173              $C$DW$96        .dwtag  DW_TAG_TI_assign_register, DW_AT_name("XAR1")
    1174                      .dwattr $C$DW$96, DW_AT_location[DW_OP_reg7]
    1175              $C$DW$97        .dwtag  DW_TAG_TI_assign_register, DW_AT_name("XAR2")
    1176                      .dwattr $C$DW$97, DW_AT_location[DW_OP_reg9]
    1177              $C$DW$98        .dwtag  DW_TAG_TI_assign_register, DW_AT_name("XAR3")
    1178                      .dwattr $C$DW$98, DW_AT_location[DW_OP_reg11]
    1179              $C$DW$99        .dwtag  DW_TAG_TI_assign_register, DW_AT_name("XAR4")
    1180                      .dwattr $C$DW$99, DW_AT_location[DW_OP_reg13]
TMS320C2000 Assembler PC v6.2.7 Thu Jul 02 08:31:02 2015

Tools Copyright (c) 1996-2014 Texas Instruments Incorporated
C:\Users\Tester\AppData\Local\Temp\0338411                           PAGE   25

    1181              $C$DW$100       .dwtag  DW_TAG_TI_assign_register, DW_AT_name("XAR5")
    1182                      .dwattr $C$DW$100, DW_AT_location[DW_OP_reg15]
    1183              $C$DW$101       .dwtag  DW_TAG_TI_assign_register, DW_AT_name("R0HL")
    1184                      .dwattr $C$DW$101, DW_AT_location[DW_OP_regx 0x2b]
    1185              $C$DW$102       .dwtag  DW_TAG_TI_assign_register, DW_AT_name("R0H")
    1186                      .dwattr $C$DW$102, DW_AT_location[DW_OP_regx 0x2c]
    1187              $C$DW$103       .dwtag  DW_TAG_TI_assign_register, DW_AT_name("R1HL")
    1188                      .dwattr $C$DW$103, DW_AT_location[DW_OP_regx 0x2f]
    1189              $C$DW$104       .dwtag  DW_TAG_TI_assign_register, DW_AT_name("R1H")
    1190                      .dwattr $C$DW$104, DW_AT_location[DW_OP_regx 0x30]
    1191              $C$DW$105       .dwtag  DW_TAG_TI_assign_register, DW_AT_name("R2HL")
    1192                      .dwattr $C$DW$105, DW_AT_location[DW_OP_regx 0x33]
    1193              $C$DW$106       .dwtag  DW_TAG_TI_assign_register, DW_AT_name("R2H")
    1194                      .dwattr $C$DW$106, DW_AT_location[DW_OP_regx 0x34]
    1195              $C$DW$107       .dwtag  DW_TAG_TI_assign_register, DW_AT_name("R3HL")
    1196                      .dwattr $C$DW$107, DW_AT_location[DW_OP_regx 0x37]
    1197              $C$DW$108       .dwtag  DW_TAG_TI_assign_register, DW_AT_name("R3H")
    1198                      .dwattr $C$DW$108, DW_AT_location[DW_OP_regx 0x38]
    1199              $C$DW$109       .dwtag  DW_TAG_TI_assign_register, DW_AT_name("R4HL")
    1200                      .dwattr $C$DW$109, DW_AT_location[DW_OP_regx 0x3b]
    1201              $C$DW$110       .dwtag  DW_TAG_TI_assign_register, DW_AT_name("R4H")
    1202                      .dwattr $C$DW$110, DW_AT_location[DW_OP_regx 0x3c]
    1203              $C$DW$111       .dwtag  DW_TAG_TI_assign_register, DW_AT_name("R5HL")
    1204                      .dwattr $C$DW$111, DW_AT_location[DW_OP_regx 0x3f]
    1205              $C$DW$112       .dwtag  DW_TAG_TI_assign_register, DW_AT_name("R5H")
    1206                      .dwattr $C$DW$112, DW_AT_location[DW_OP_regx 0x40]
    1207              $C$DW$113       .dwtag  DW_TAG_TI_assign_register, DW_AT_name("R6HL")
    1208                      .dwattr $C$DW$113, DW_AT_location[DW_OP_regx 0x43]
    1209              $C$DW$114       .dwtag  DW_TAG_TI_assign_register, DW_AT_name("R6H")
    1210                      .dwattr $C$DW$114, DW_AT_location[DW_OP_regx 0x44]
    1211              $C$DW$115       .dwtag  DW_TAG_TI_assign_register, DW_AT_name("R7HL")
    1212                      .dwattr $C$DW$115, DW_AT_location[DW_OP_regx 0x47]
    1213              $C$DW$116       .dwtag  DW_TAG_TI_assign_register, DW_AT_name("R7H")
    1214                      .dwattr $C$DW$116, DW_AT_location[DW_OP_regx 0x48]
    1215              $C$DW$117       .dwtag  DW_TAG_TI_assign_register, DW_AT_name("RBL")
    1216                      .dwattr $C$DW$117, DW_AT_location[DW_OP_regx 0x49]
    1217              $C$DW$118       .dwtag  DW_TAG_TI_assign_register, DW_AT_name("RB")
    1218                      .dwattr $C$DW$118, DW_AT_location[DW_OP_regx 0x4a]
    1219              $C$DW$119       .dwtag  DW_TAG_TI_assign_register, DW_AT_name("STFL")
    1220                      .dwattr $C$DW$119, DW_AT_location[DW_OP_regx 0x27]
    1221              $C$DW$120       .dwtag  DW_TAG_TI_assign_register, DW_AT_name("STF")
    1222                      .dwattr $C$DW$120, DW_AT_location[DW_OP_regx 0x28]
    1223              $C$DW$121       .dwtag  DW_TAG_TI_assign_register, DW_AT_name("FPUHAZ")
    1224                      .dwattr $C$DW$121, DW_AT_location[DW_OP_reg27]
    1225              $C$DW$122       .dwtag  DW_TAG_TI_assign_register, DW_AT_name("CIE_RETA")
    1226                      .dwattr $C$DW$122, DW_AT_location[DW_OP_regx 0x4e]
    1227                      .dwendtag $C$DW$CU
    1228              

No Assembly Errors, No Assembly Warnings
